[0.046s] Invoking command in '/home/hermes/Hermes/hermes_ws/build/ldlidar_node': CMAKE_PREFIX_PATH=/home/hermes/Hermes/hermes_ws/install/ldlidar_component:/home/hermes/Hermes/hermes_ws/install/imu_tools:/home/hermes/Hermes/hermes_ws/install/rlnav2:/home/hermes/Hermes/hermes_ws/install/rlbd_gazebo:/home/hermes/Hermes/hermes_ws/install/rlbd_description:/home/hermes/Hermes/hermes_ws/install/ldlidar:/home/hermes/Hermes/hermes_ws/install/ldlidar_node:/home/hermes/Hermes/hermes_ws/install/hermes_urdf:/home/hermes/Hermes/hermes_ws/install/hermes_navigation:/home/hermes/Hermes/hermes_ws/install/hermes_interfaces:/home/hermes/Hermes/hermes_ws/src/install/icm20948_publisher:/home/hermes/Hermes/hermes_ws/install/tof_publisher:/home/hermes/Hermes/hermes_ws/install/teleop_control:/home/hermes/Hermes/hermes_ws/install/odometry:/home/hermes/Hermes/hermes_ws/install/nav2_gps_waypoint_follower_demo:/home/hermes/Hermes/hermes_ws/install/imu_publisher:/home/hermes/Hermes/hermes_ws/install/icm20948_publisher:/home/hermes/Hermes/hermes_ws/install/hermes_nav:/home/hermes/Hermes/hermes_ws/install/gps_publisher:/home/hermes/Hermes/hermes_ws/install/cmd_vel:/home/hermes/Hermes/hermes_ws/install/cameras:/opt/ros/humble LD_LIBRARY_PATH=/home/hermes/Hermes/hermes_ws/install/ldlidar_component/lib:/home/hermes/Hermes/hermes_ws/install/hermes_interfaces/lib:/opt/ros/humble/opt/rviz_ogre_vendor/lib:/opt/ros/humble/lib/aarch64-linux-gnu:/opt/ros/humble/lib:/usr/local/cuda-12.2/lib64 /usr/bin/cmake /home/hermes/Hermes/hermes_ws/src/lidar_publisher/ldlidar_node -DCMAKE_INSTALL_PREFIX=/home/hermes/Hermes/hermes_ws/install/ldlidar_node
[0.423s] -- The C compiler identification is GNU 11.4.0
[0.616s] -- The CXX compiler identification is GNU 11.4.0
[0.644s] -- Detecting C compiler ABI info
[0.880s] -- Detecting C compiler ABI info - done
[0.895s] -- Check for working C compiler: /usr/bin/cc - skipped
[0.903s] -- Detecting C compile features
[0.905s] -- Detecting C compile features - done
[0.914s] -- Detecting CXX compiler ABI info
[1.163s] -- Detecting CXX compiler ABI info - done
[1.194s] -- Check for working CXX compiler: /usr/bin/c++ - skipped
[1.194s] -- Detecting CXX compile features
[1.196s] -- Detecting CXX compile features - done
[1.197s] --  * Release Mode
[1.197s] -- * Found ROS2 humble
[1.197s] -- * ROS2 humble is officially supported by this package.
[1.221s] -- Found ament_cmake: 1.3.9 (/opt/ros/humble/share/ament_cmake/cmake)
[1.832s] -- Found Python3: /usr/bin/python3 (found version "3.10.12") found components: Interpreter 
[2.138s] -- Found rclcpp: 16.0.9 (/opt/ros/humble/share/rclcpp/cmake)
[2.288s] -- Found rosidl_generator_c: 3.1.5 (/opt/ros/humble/share/rosidl_generator_c/cmake)
[2.305s] -- Found rosidl_adapter: 3.1.5 (/opt/ros/humble/share/rosidl_adapter/cmake)
[2.336s] -- Found rosidl_generator_cpp: 3.1.5 (/opt/ros/humble/share/rosidl_generator_cpp/cmake)
[2.402s] -- Using all available rosidl_typesupport_c: rosidl_typesupport_fastrtps_c;rosidl_typesupport_introspection_c
[2.555s] -- Using all available rosidl_typesupport_cpp: rosidl_typesupport_fastrtps_cpp;rosidl_typesupport_introspection_cpp
[2.772s] -- Found rmw_implementation_cmake: 6.1.2 (/opt/ros/humble/share/rmw_implementation_cmake/cmake)
[2.784s] -- Found rmw_fastrtps_cpp: 6.2.6 (/opt/ros/humble/share/rmw_fastrtps_cpp/cmake)
[3.099s] -- Found OpenSSL: /usr/lib/aarch64-linux-gnu/libcrypto.so (found version "3.0.2")  
[3.197s] -- Found FastRTPS: /opt/ros/humble/include  
[3.351s] -- Using RMW implementation 'rmw_fastrtps_cpp' as default
[3.394s] -- Looking for pthread.h
[3.639s] -- Looking for pthread.h - found
[3.640s] -- Performing Test CMAKE_HAVE_LIBC_PTHREAD
[3.845s] -- Performing Test CMAKE_HAVE_LIBC_PTHREAD - Success
[3.852s] -- Found Threads: TRUE  
[4.372s] -- Found rclcpp_components: 16.0.9 (/opt/ros/humble/share/rclcpp_components/cmake)
[4.583s] -- Found rclcpp_lifecycle: 16.0.9 (/opt/ros/humble/share/rclcpp_lifecycle/cmake)
[4.712s] -- Found ldlidar_component: 0.2.0 (/home/hermes/Hermes/hermes_ws/install/ldlidar_component/share/ldlidar_component/cmake)
[6.408s] -- Found eigen3_cmake_module: 0.1.1 (/opt/ros/humble/share/eigen3_cmake_module/cmake)
[6.411s] -- Found Eigen3: TRUE (found version "3.4.0") 
[6.412s] -- Ensuring Eigen3 include directory is part of orocos-kdl CMake target
[8.422s] -- Found ament_lint_auto: 0.12.11 (/opt/ros/humble/share/ament_lint_auto/cmake)
[8.743s] -- Found python_cmake_module: 0.10.0 (/opt/ros/humble/share/python_cmake_module/cmake)
[8.808s] -- Found PythonInterp: /usr/bin/python3 (found suitable version "3.10.12", minimum required is "3.6") 
[8.831s] -- Found PythonLibs: /usr/lib/aarch64-linux-gnu/libpython3.10.so (found suitable version "3.10.12", minimum required is "3.5") 
[8.831s] -- Using PYTHON_EXECUTABLE: /usr/bin/python3
[8.831s] -- Using PYTHON_INCLUDE_DIRS: /usr/include/python3.10
[8.831s] -- Using PYTHON_LIBRARIES: /usr/lib/aarch64-linux-gnu/libpython3.10.so
[8.890s] -- Found PythonExtra: .so  
[8.898s] -- Added test 'copyright' to check source files copyright and LICENSE
[8.903s] -- Added test 'cppcheck' to perform static code analysis on C / C++ code
[8.903s] -- Configured cppcheck include dirs: 
[8.903s] -- Configured cppcheck exclude dirs and/or files: 
[8.910s] -- Added test 'cpplint' to check C / C++ code against the Google style
[8.910s] -- Configured cpplint exclude dirs and/or files: 
[8.912s] -- Added test 'flake8' to check Python code syntax and style conventions
[8.914s] -- Added test 'lint_cmake' to check CMake code style
[8.916s] -- Added test 'pep257' to check Python code against some of the docstring style conventions in PEP 257
[8.919s] -- Added test 'uncrustify' to check C / C++ code style
[8.919s] -- Configured uncrustify additional arguments: 
[8.921s] -- Added test 'xmllint' to check XML markup files
[8.926s] -- Configuring done
[8.997s] -- Generating done
[9.001s] -- Build files have been written to: /home/hermes/Hermes/hermes_ws/build/ldlidar_node
[9.040s] Invoked command in '/home/hermes/Hermes/hermes_ws/build/ldlidar_node' returned '0': CMAKE_PREFIX_PATH=/home/hermes/Hermes/hermes_ws/install/ldlidar_component:/home/hermes/Hermes/hermes_ws/install/imu_tools:/home/hermes/Hermes/hermes_ws/install/rlnav2:/home/hermes/Hermes/hermes_ws/install/rlbd_gazebo:/home/hermes/Hermes/hermes_ws/install/rlbd_description:/home/hermes/Hermes/hermes_ws/install/ldlidar:/home/hermes/Hermes/hermes_ws/install/ldlidar_node:/home/hermes/Hermes/hermes_ws/install/hermes_urdf:/home/hermes/Hermes/hermes_ws/install/hermes_navigation:/home/hermes/Hermes/hermes_ws/install/hermes_interfaces:/home/hermes/Hermes/hermes_ws/src/install/icm20948_publisher:/home/hermes/Hermes/hermes_ws/install/tof_publisher:/home/hermes/Hermes/hermes_ws/install/teleop_control:/home/hermes/Hermes/hermes_ws/install/odometry:/home/hermes/Hermes/hermes_ws/install/nav2_gps_waypoint_follower_demo:/home/hermes/Hermes/hermes_ws/install/imu_publisher:/home/hermes/Hermes/hermes_ws/install/icm20948_publisher:/home/hermes/Hermes/hermes_ws/install/hermes_nav:/home/hermes/Hermes/hermes_ws/install/gps_publisher:/home/hermes/Hermes/hermes_ws/install/cmd_vel:/home/hermes/Hermes/hermes_ws/install/cameras:/opt/ros/humble LD_LIBRARY_PATH=/home/hermes/Hermes/hermes_ws/install/ldlidar_component/lib:/home/hermes/Hermes/hermes_ws/install/hermes_interfaces/lib:/opt/ros/humble/opt/rviz_ogre_vendor/lib:/opt/ros/humble/lib/aarch64-linux-gnu:/opt/ros/humble/lib:/usr/local/cuda-12.2/lib64 /usr/bin/cmake /home/hermes/Hermes/hermes_ws/src/lidar_publisher/ldlidar_node -DCMAKE_INSTALL_PREFIX=/home/hermes/Hermes/hermes_ws/install/ldlidar_node
[9.042s] Invoking command in '/home/hermes/Hermes/hermes_ws/build/ldlidar_node': CMAKE_PREFIX_PATH=/home/hermes/Hermes/hermes_ws/install/ldlidar_component:/home/hermes/Hermes/hermes_ws/install/imu_tools:/home/hermes/Hermes/hermes_ws/install/rlnav2:/home/hermes/Hermes/hermes_ws/install/rlbd_gazebo:/home/hermes/Hermes/hermes_ws/install/rlbd_description:/home/hermes/Hermes/hermes_ws/install/ldlidar:/home/hermes/Hermes/hermes_ws/install/ldlidar_node:/home/hermes/Hermes/hermes_ws/install/hermes_urdf:/home/hermes/Hermes/hermes_ws/install/hermes_navigation:/home/hermes/Hermes/hermes_ws/install/hermes_interfaces:/home/hermes/Hermes/hermes_ws/src/install/icm20948_publisher:/home/hermes/Hermes/hermes_ws/install/tof_publisher:/home/hermes/Hermes/hermes_ws/install/teleop_control:/home/hermes/Hermes/hermes_ws/install/odometry:/home/hermes/Hermes/hermes_ws/install/nav2_gps_waypoint_follower_demo:/home/hermes/Hermes/hermes_ws/install/imu_publisher:/home/hermes/Hermes/hermes_ws/install/icm20948_publisher:/home/hermes/Hermes/hermes_ws/install/hermes_nav:/home/hermes/Hermes/hermes_ws/install/gps_publisher:/home/hermes/Hermes/hermes_ws/install/cmd_vel:/home/hermes/Hermes/hermes_ws/install/cameras:/opt/ros/humble LD_LIBRARY_PATH=/home/hermes/Hermes/hermes_ws/install/ldlidar_component/lib:/home/hermes/Hermes/hermes_ws/install/hermes_interfaces/lib:/opt/ros/humble/opt/rviz_ogre_vendor/lib:/opt/ros/humble/lib/aarch64-linux-gnu:/opt/ros/humble/lib:/usr/local/cuda-12.2/lib64 /usr/bin/cmake --build /home/hermes/Hermes/hermes_ws/build/ldlidar_node -- -j6 -l6
[9.157s] [ 50%] [32mBuilding CXX object CMakeFiles/ldlidar_node.dir/src/ldlidar_container_node.cpp.o[0m
[19.299s] [100%] [32m[1mLinking CXX executable ldlidar_node[0m
[19.738s] [100%] Built target ldlidar_node
[19.765s] Invoked command in '/home/hermes/Hermes/hermes_ws/build/ldlidar_node' returned '0': CMAKE_PREFIX_PATH=/home/hermes/Hermes/hermes_ws/install/ldlidar_component:/home/hermes/Hermes/hermes_ws/install/imu_tools:/home/hermes/Hermes/hermes_ws/install/rlnav2:/home/hermes/Hermes/hermes_ws/install/rlbd_gazebo:/home/hermes/Hermes/hermes_ws/install/rlbd_description:/home/hermes/Hermes/hermes_ws/install/ldlidar:/home/hermes/Hermes/hermes_ws/install/ldlidar_node:/home/hermes/Hermes/hermes_ws/install/hermes_urdf:/home/hermes/Hermes/hermes_ws/install/hermes_navigation:/home/hermes/Hermes/hermes_ws/install/hermes_interfaces:/home/hermes/Hermes/hermes_ws/src/install/icm20948_publisher:/home/hermes/Hermes/hermes_ws/install/tof_publisher:/home/hermes/Hermes/hermes_ws/install/teleop_control:/home/hermes/Hermes/hermes_ws/install/odometry:/home/hermes/Hermes/hermes_ws/install/nav2_gps_waypoint_follower_demo:/home/hermes/Hermes/hermes_ws/install/imu_publisher:/home/hermes/Hermes/hermes_ws/install/icm20948_publisher:/home/hermes/Hermes/hermes_ws/install/hermes_nav:/home/hermes/Hermes/hermes_ws/install/gps_publisher:/home/hermes/Hermes/hermes_ws/install/cmd_vel:/home/hermes/Hermes/hermes_ws/install/cameras:/opt/ros/humble LD_LIBRARY_PATH=/home/hermes/Hermes/hermes_ws/install/ldlidar_component/lib:/home/hermes/Hermes/hermes_ws/install/hermes_interfaces/lib:/opt/ros/humble/opt/rviz_ogre_vendor/lib:/opt/ros/humble/lib/aarch64-linux-gnu:/opt/ros/humble/lib:/usr/local/cuda-12.2/lib64 /usr/bin/cmake --build /home/hermes/Hermes/hermes_ws/build/ldlidar_node -- -j6 -l6
[19.817s] Invoking command in '/home/hermes/Hermes/hermes_ws/build/ldlidar_node': CMAKE_PREFIX_PATH=/home/hermes/Hermes/hermes_ws/install/ldlidar_component:/home/hermes/Hermes/hermes_ws/install/imu_tools:/home/hermes/Hermes/hermes_ws/install/rlnav2:/home/hermes/Hermes/hermes_ws/install/rlbd_gazebo:/home/hermes/Hermes/hermes_ws/install/rlbd_description:/home/hermes/Hermes/hermes_ws/install/ldlidar:/home/hermes/Hermes/hermes_ws/install/ldlidar_node:/home/hermes/Hermes/hermes_ws/install/hermes_urdf:/home/hermes/Hermes/hermes_ws/install/hermes_navigation:/home/hermes/Hermes/hermes_ws/install/hermes_interfaces:/home/hermes/Hermes/hermes_ws/src/install/icm20948_publisher:/home/hermes/Hermes/hermes_ws/install/tof_publisher:/home/hermes/Hermes/hermes_ws/install/teleop_control:/home/hermes/Hermes/hermes_ws/install/odometry:/home/hermes/Hermes/hermes_ws/install/nav2_gps_waypoint_follower_demo:/home/hermes/Hermes/hermes_ws/install/imu_publisher:/home/hermes/Hermes/hermes_ws/install/icm20948_publisher:/home/hermes/Hermes/hermes_ws/install/hermes_nav:/home/hermes/Hermes/hermes_ws/install/gps_publisher:/home/hermes/Hermes/hermes_ws/install/cmd_vel:/home/hermes/Hermes/hermes_ws/install/cameras:/opt/ros/humble LD_LIBRARY_PATH=/home/hermes/Hermes/hermes_ws/install/ldlidar_component/lib:/home/hermes/Hermes/hermes_ws/install/hermes_interfaces/lib:/opt/ros/humble/opt/rviz_ogre_vendor/lib:/opt/ros/humble/lib/aarch64-linux-gnu:/opt/ros/humble/lib:/usr/local/cuda-12.2/lib64 /usr/bin/cmake --install /home/hermes/Hermes/hermes_ws/build/ldlidar_node
[19.837s] -- Install configuration: "Release"
[19.838s] -- Installing: /home/hermes/Hermes/hermes_ws/install/ldlidar_node/lib/ldlidar_node/ldlidar_node
[19.839s] -- Set runtime path of "/home/hermes/Hermes/hermes_ws/install/ldlidar_node/lib/ldlidar_node/ldlidar_node" to ""
[19.839s] -- Installing: /home/hermes/Hermes/hermes_ws/install/ldlidar_node/share/ldlidar_node/params
[19.840s] -- Installing: /home/hermes/Hermes/hermes_ws/install/ldlidar_node/share/ldlidar_node/params/ldlidar.yaml
[19.840s] -- Installing: /home/hermes/Hermes/hermes_ws/install/ldlidar_node/share/ldlidar_node/params/lifecycle_mgr_slam.yaml
[19.841s] -- Installing: /home/hermes/Hermes/hermes_ws/install/ldlidar_node/share/ldlidar_node/params/slam_toolbox.yaml
[19.842s] -- Installing: /home/hermes/Hermes/hermes_ws/install/ldlidar_node/share/ldlidar_node/params/lifecycle_mgr.yaml
[19.842s] -- Installing: /home/hermes/Hermes/hermes_ws/install/ldlidar_node/share/ldlidar_node/config
[19.843s] -- Installing: /home/hermes/Hermes/hermes_ws/install/ldlidar_node/share/ldlidar_node/config/ldlidar_slam.rviz
[19.844s] -- Installing: /home/hermes/Hermes/hermes_ws/install/ldlidar_node/share/ldlidar_node/config/ldlidar.rviz
[19.844s] -- Installing: /home/hermes/Hermes/hermes_ws/install/ldlidar_node/share/ldlidar_node/urdf
[19.844s] -- Installing: /home/hermes/Hermes/hermes_ws/install/ldlidar_node/share/ldlidar_node/urdf/ldlidar_descr.urdf.xml
[19.845s] -- Installing: /home/hermes/Hermes/hermes_ws/install/ldlidar_node/share/ldlidar_node/urdf/model
[19.845s] -- Installing: /home/hermes/Hermes/hermes_ws/install/ldlidar_node/share/ldlidar_node/urdf/model/LD19.stl
[19.853s] -- Installing: /home/hermes/Hermes/hermes_ws/install/ldlidar_node/share/ldlidar_node/launch
[19.853s] -- Installing: /home/hermes/Hermes/hermes_ws/install/ldlidar_node/share/ldlidar_node/launch/ldlidar.launch.py
[19.853s] -- Installing: /home/hermes/Hermes/hermes_ws/install/ldlidar_node/share/ldlidar_node/launch/ldlidar_rviz2.launch.py
[19.854s] -- Installing: /home/hermes/Hermes/hermes_ws/install/ldlidar_node/share/ldlidar_node/launch/ldlidar_slam.launch.py
[19.854s] -- Installing: /home/hermes/Hermes/hermes_ws/install/ldlidar_node/share/ldlidar_node/launch/ldlidar_with_mgr.launch.py
[19.855s] -- Installing: /home/hermes/Hermes/hermes_ws/install/ldlidar_node/share/ament_index/resource_index/package_run_dependencies/ldlidar_node
[19.856s] -- Installing: /home/hermes/Hermes/hermes_ws/install/ldlidar_node/share/ament_index/resource_index/parent_prefix_path/ldlidar_node
[19.856s] -- Installing: /home/hermes/Hermes/hermes_ws/install/ldlidar_node/share/ldlidar_node/environment/ament_prefix_path.sh
[19.857s] -- Installing: /home/hermes/Hermes/hermes_ws/install/ldlidar_node/share/ldlidar_node/environment/ament_prefix_path.dsv
[19.857s] -- Installing: /home/hermes/Hermes/hermes_ws/install/ldlidar_node/share/ldlidar_node/environment/path.sh
[19.857s] -- Installing: /home/hermes/Hermes/hermes_ws/install/ldlidar_node/share/ldlidar_node/environment/path.dsv
[19.857s] -- Installing: /home/hermes/Hermes/hermes_ws/install/ldlidar_node/share/ldlidar_node/local_setup.bash
[19.858s] -- Installing: /home/hermes/Hermes/hermes_ws/install/ldlidar_node/share/ldlidar_node/local_setup.sh
[19.858s] -- Installing: /home/hermes/Hermes/hermes_ws/install/ldlidar_node/share/ldlidar_node/local_setup.zsh
[19.858s] -- Installing: /home/hermes/Hermes/hermes_ws/install/ldlidar_node/share/ldlidar_node/local_setup.dsv
[19.859s] -- Installing: /home/hermes/Hermes/hermes_ws/install/ldlidar_node/share/ldlidar_node/package.dsv
[19.859s] -- Installing: /home/hermes/Hermes/hermes_ws/install/ldlidar_node/share/ament_index/resource_index/packages/ldlidar_node
[19.859s] -- Installing: /home/hermes/Hermes/hermes_ws/install/ldlidar_node/share/ldlidar_node/cmake/ldlidar_nodeConfig.cmake
[19.860s] -- Installing: /home/hermes/Hermes/hermes_ws/install/ldlidar_node/share/ldlidar_node/cmake/ldlidar_nodeConfig-version.cmake
[19.860s] -- Installing: /home/hermes/Hermes/hermes_ws/install/ldlidar_node/share/ldlidar_node/package.xml
[19.870s] Invoked command in '/home/hermes/Hermes/hermes_ws/build/ldlidar_node' returned '0': CMAKE_PREFIX_PATH=/home/hermes/Hermes/hermes_ws/install/ldlidar_component:/home/hermes/Hermes/hermes_ws/install/imu_tools:/home/hermes/Hermes/hermes_ws/install/rlnav2:/home/hermes/Hermes/hermes_ws/install/rlbd_gazebo:/home/hermes/Hermes/hermes_ws/install/rlbd_description:/home/hermes/Hermes/hermes_ws/install/ldlidar:/home/hermes/Hermes/hermes_ws/install/ldlidar_node:/home/hermes/Hermes/hermes_ws/install/hermes_urdf:/home/hermes/Hermes/hermes_ws/install/hermes_navigation:/home/hermes/Hermes/hermes_ws/install/hermes_interfaces:/home/hermes/Hermes/hermes_ws/src/install/icm20948_publisher:/home/hermes/Hermes/hermes_ws/install/tof_publisher:/home/hermes/Hermes/hermes_ws/install/teleop_control:/home/hermes/Hermes/hermes_ws/install/odometry:/home/hermes/Hermes/hermes_ws/install/nav2_gps_waypoint_follower_demo:/home/hermes/Hermes/hermes_ws/install/imu_publisher:/home/hermes/Hermes/hermes_ws/install/icm20948_publisher:/home/hermes/Hermes/hermes_ws/install/hermes_nav:/home/hermes/Hermes/hermes_ws/install/gps_publisher:/home/hermes/Hermes/hermes_ws/install/cmd_vel:/home/hermes/Hermes/hermes_ws/install/cameras:/opt/ros/humble LD_LIBRARY_PATH=/home/hermes/Hermes/hermes_ws/install/ldlidar_component/lib:/home/hermes/Hermes/hermes_ws/install/hermes_interfaces/lib:/opt/ros/humble/opt/rviz_ogre_vendor/lib:/opt/ros/humble/lib/aarch64-linux-gnu:/opt/ros/humble/lib:/usr/local/cuda-12.2/lib64 /usr/bin/cmake --install /home/hermes/Hermes/hermes_ws/build/ldlidar_node
