running egg_info
creating ../build/gps_publisher/gps_publisher.egg-info
writing ../build/gps_publisher/gps_publisher.egg-info/PKG-INFO
writing dependency_links to ../build/gps_publisher/gps_publisher.egg-info/dependency_links.txt
writing entry points to ../build/gps_publisher/gps_publisher.egg-info/entry_points.txt
writing requirements to ../build/gps_publisher/gps_publisher.egg-info/requires.txt
writing top-level names to ../build/gps_publisher/gps_publisher.egg-info/top_level.txt
writing manifest file '../build/gps_publisher/gps_publisher.egg-info/SOURCES.txt'
reading manifest file '../build/gps_publisher/gps_publisher.egg-info/SOURCES.txt'
writing manifest file '../build/gps_publisher/gps_publisher.egg-info/SOURCES.txt'
running build
running build_py
creating /home/raivo/Hermes/hermes_ws/src/build/gps_publisher/build
creating /home/raivo/Hermes/hermes_ws/src/build/gps_publisher/build/lib
creating /home/raivo/Hermes/hermes_ws/src/build/gps_publisher/build/lib/gps_publisher
copying gps_publisher/gps_publisher_node.py -> /home/raivo/Hermes/hermes_ws/src/build/gps_publisher/build/lib/gps_publisher
copying gps_publisher/__init__.py -> /home/raivo/Hermes/hermes_ws/src/build/gps_publisher/build/lib/gps_publisher
running install
running install_lib
creating /home/raivo/Hermes/hermes_ws/src/install/gps_publisher/lib/python3.8/site-packages/gps_publisher
copying /home/raivo/Hermes/hermes_ws/src/build/gps_publisher/build/lib/gps_publisher/gps_publisher_node.py -> /home/raivo/Hermes/hermes_ws/src/install/gps_publisher/lib/python3.8/site-packages/gps_publisher
copying /home/raivo/Hermes/hermes_ws/src/build/gps_publisher/build/lib/gps_publisher/__init__.py -> /home/raivo/Hermes/hermes_ws/src/install/gps_publisher/lib/python3.8/site-packages/gps_publisher
byte-compiling /home/raivo/Hermes/hermes_ws/src/install/gps_publisher/lib/python3.8/site-packages/gps_publisher/gps_publisher_node.py to gps_publisher_node.cpython-38.pyc
byte-compiling /home/raivo/Hermes/hermes_ws/src/install/gps_publisher/lib/python3.8/site-packages/gps_publisher/__init__.py to __init__.cpython-38.pyc
running install_data
creating /home/raivo/Hermes/hermes_ws/src/install/gps_publisher/share/ament_index
creating /home/raivo/Hermes/hermes_ws/src/install/gps_publisher/share/ament_index/resource_index
creating /home/raivo/Hermes/hermes_ws/src/install/gps_publisher/share/ament_index/resource_index/packages
copying resource/gps_publisher -> /home/raivo/Hermes/hermes_ws/src/install/gps_publisher/share/ament_index/resource_index/packages
copying package.xml -> /home/raivo/Hermes/hermes_ws/src/install/gps_publisher/share/gps_publisher
running install_egg_info
Copying ../build/gps_publisher/gps_publisher.egg-info to /home/raivo/Hermes/hermes_ws/src/install/gps_publisher/lib/python3.8/site-packages/gps_publisher-0.0.0-py3.8.egg-info
running install_scripts
Installing gps_publisher_node script to /home/raivo/Hermes/hermes_ws/src/install/gps_publisher/lib/gps_publisher
writing list of installed files to '/home/raivo/Hermes/hermes_ws/src/build/gps_publisher/install.log'
