[5.679s] Invoking command in '/home/raivo/Hermes/hermes_ws/src/gps_publisher': PYTHONPATH=/home/raivo/Hermes/hermes_ws/src/build/gps_publisher/prefix_override:/home/raivo/Hermes/hermes_ws/src/install/gps_publisher/lib/python3.8/site-packages:${PYTHONPATH} /usr/bin/python3 setup.py egg_info --egg-base ../build/gps_publisher build --build-base /home/raivo/Hermes/hermes_ws/src/build/gps_publisher/build install --record /home/raivo/Hermes/hermes_ws/src/build/gps_publisher/install.log --single-version-externally-managed
[6.403s] running egg_info
[6.404s] creating ../build/gps_publisher/gps_publisher.egg-info
[6.404s] writing ../build/gps_publisher/gps_publisher.egg-info/PKG-INFO
[6.404s] writing dependency_links to ../build/gps_publisher/gps_publisher.egg-info/dependency_links.txt
[6.405s] writing entry points to ../build/gps_publisher/gps_publisher.egg-info/entry_points.txt
[6.405s] writing requirements to ../build/gps_publisher/gps_publisher.egg-info/requires.txt
[6.406s] writing top-level names to ../build/gps_publisher/gps_publisher.egg-info/top_level.txt
[6.406s] writing manifest file '../build/gps_publisher/gps_publisher.egg-info/SOURCES.txt'
[6.428s] reading manifest file '../build/gps_publisher/gps_publisher.egg-info/SOURCES.txt'
[6.428s] writing manifest file '../build/gps_publisher/gps_publisher.egg-info/SOURCES.txt'
[6.428s] running build
[6.429s] running build_py
[6.429s] creating /home/raivo/Hermes/hermes_ws/src/build/gps_publisher/build
[6.429s] creating /home/raivo/Hermes/hermes_ws/src/build/gps_publisher/build/lib
[6.429s] creating /home/raivo/Hermes/hermes_ws/src/build/gps_publisher/build/lib/gps_publisher
[6.429s] copying gps_publisher/gps_publisher_node.py -> /home/raivo/Hermes/hermes_ws/src/build/gps_publisher/build/lib/gps_publisher
[6.429s] copying gps_publisher/__init__.py -> /home/raivo/Hermes/hermes_ws/src/build/gps_publisher/build/lib/gps_publisher
[6.429s] running install
[6.430s] running install_lib
[6.430s] creating /home/raivo/Hermes/hermes_ws/src/install/gps_publisher/lib/python3.8/site-packages/gps_publisher
[6.430s] copying /home/raivo/Hermes/hermes_ws/src/build/gps_publisher/build/lib/gps_publisher/gps_publisher_node.py -> /home/raivo/Hermes/hermes_ws/src/install/gps_publisher/lib/python3.8/site-packages/gps_publisher
[6.430s] copying /home/raivo/Hermes/hermes_ws/src/build/gps_publisher/build/lib/gps_publisher/__init__.py -> /home/raivo/Hermes/hermes_ws/src/install/gps_publisher/lib/python3.8/site-packages/gps_publisher
[6.431s] byte-compiling /home/raivo/Hermes/hermes_ws/src/install/gps_publisher/lib/python3.8/site-packages/gps_publisher/gps_publisher_node.py to gps_publisher_node.cpython-38.pyc
[6.432s] byte-compiling /home/raivo/Hermes/hermes_ws/src/install/gps_publisher/lib/python3.8/site-packages/gps_publisher/__init__.py to __init__.cpython-38.pyc
[6.432s] running install_data
[6.432s] creating /home/raivo/Hermes/hermes_ws/src/install/gps_publisher/share/ament_index
[6.432s] creating /home/raivo/Hermes/hermes_ws/src/install/gps_publisher/share/ament_index/resource_index
[6.432s] creating /home/raivo/Hermes/hermes_ws/src/install/gps_publisher/share/ament_index/resource_index/packages
[6.432s] copying resource/gps_publisher -> /home/raivo/Hermes/hermes_ws/src/install/gps_publisher/share/ament_index/resource_index/packages
[6.432s] copying package.xml -> /home/raivo/Hermes/hermes_ws/src/install/gps_publisher/share/gps_publisher
[6.433s] running install_egg_info
[6.435s] Copying ../build/gps_publisher/gps_publisher.egg-info to /home/raivo/Hermes/hermes_ws/src/install/gps_publisher/lib/python3.8/site-packages/gps_publisher-0.0.0-py3.8.egg-info
[6.435s] running install_scripts
[6.453s] Installing gps_publisher_node script to /home/raivo/Hermes/hermes_ws/src/install/gps_publisher/lib/gps_publisher
[6.453s] writing list of installed files to '/home/raivo/Hermes/hermes_ws/src/build/gps_publisher/install.log'
[6.687s] Invoked command in '/home/raivo/Hermes/hermes_ws/src/gps_publisher' returned '0': PYTHONPATH=/home/raivo/Hermes/hermes_ws/src/build/gps_publisher/prefix_override:/home/raivo/Hermes/hermes_ws/src/install/gps_publisher/lib/python3.8/site-packages:${PYTHONPATH} /usr/bin/python3 setup.py egg_info --egg-base ../build/gps_publisher build --build-base /home/raivo/Hermes/hermes_ws/src/build/gps_publisher/build install --record /home/raivo/Hermes/hermes_ws/src/build/gps_publisher/install.log --single-version-externally-managed
