[0.007s] Invoking command in '/home/raivo/Hermes/hermes_ws/build/ldlidar': AMENT_PREFIX_PATH=/home/raivo/Hermes_Latest_version/hermes_ws/install/ldlidar_node:/home/raivo/Hermes_Latest_version/hermes_ws/install/ldlidar_component:${AMENT_PREFIX_PATH} CMAKE_PREFIX_PATH=/home/raivo/Hermes/hermes_ws/install/ldlidar_node:/home/raivo/Hermes/hermes_ws/install/ldlidar_component:/opt/ros/humble LD_LIBRARY_PATH=/home/raivo/Hermes_Latest_version/hermes_ws/install/ldlidar_component/lib:/home/raivo/Hermes/hermes_ws/install/ldlidar_component/lib:${LD_LIBRARY_PATH} /usr/bin/cmake --build /home/raivo/Hermes/hermes_ws/build/ldlidar -- -j12 -l12
[0.013s] [0mCMake Error: The current CMakeCache.txt directory /home/raivo/Hermes/hermes_ws/build/ldlidar/CMakeCache.txt is different than the directory /home/raivo/Hermes_Latest_version/hermes_ws/build/ldlidar where CMakeCache.txt was created. This may result in binaries being created in the wrong place. If you are not sure, reedit the CMakeCache.txt[0m
[0.039s] Invoked command in '/home/raivo/Hermes/hermes_ws/build/ldlidar' returned '0': AMENT_PREFIX_PATH=/home/raivo/Hermes_Latest_version/hermes_ws/install/ldlidar_node:/home/raivo/Hermes_Latest_version/hermes_ws/install/ldlidar_component:${AMENT_PREFIX_PATH} CMAKE_PREFIX_PATH=/home/raivo/Hermes/hermes_ws/install/ldlidar_node:/home/raivo/Hermes/hermes_ws/install/ldlidar_component:/opt/ros/humble LD_LIBRARY_PATH=/home/raivo/Hermes_Latest_version/hermes_ws/install/ldlidar_component/lib:/home/raivo/Hermes/hermes_ws/install/ldlidar_component/lib:${LD_LIBRARY_PATH} /usr/bin/cmake --build /home/raivo/Hermes/hermes_ws/build/ldlidar -- -j12 -l12
[0.057s] Invoking command in '/home/raivo/Hermes/hermes_ws/build/ldlidar': AMENT_PREFIX_PATH=/home/raivo/Hermes_Latest_version/hermes_ws/install/ldlidar_node:/home/raivo/Hermes_Latest_version/hermes_ws/install/ldlidar_component:${AMENT_PREFIX_PATH} CMAKE_PREFIX_PATH=/home/raivo/Hermes/hermes_ws/install/ldlidar_node:/home/raivo/Hermes/hermes_ws/install/ldlidar_component:/opt/ros/humble LD_LIBRARY_PATH=/home/raivo/Hermes_Latest_version/hermes_ws/install/ldlidar_component/lib:/home/raivo/Hermes/hermes_ws/install/ldlidar_component/lib:${LD_LIBRARY_PATH} /usr/bin/cmake --install /home/raivo/Hermes/hermes_ws/build/ldlidar
[0.064s] -- Install configuration: ""
[0.064s] -- Up-to-date: /home/raivo/Hermes_Latest_version/hermes_ws/install/ldlidar/share/ament_index/resource_index/package_run_dependencies/ldlidar
[0.064s] -- Up-to-date: /home/raivo/Hermes_Latest_version/hermes_ws/install/ldlidar/share/ament_index/resource_index/parent_prefix_path/ldlidar
[0.064s] -- Up-to-date: /home/raivo/Hermes_Latest_version/hermes_ws/install/ldlidar/share/ldlidar/environment/ament_prefix_path.sh
[0.064s] -- Up-to-date: /home/raivo/Hermes_Latest_version/hermes_ws/install/ldlidar/share/ldlidar/environment/ament_prefix_path.dsv
[0.064s] -- Up-to-date: /home/raivo/Hermes_Latest_version/hermes_ws/install/ldlidar/share/ldlidar/environment/path.sh
[0.064s] -- Up-to-date: /home/raivo/Hermes_Latest_version/hermes_ws/install/ldlidar/share/ldlidar/environment/path.dsv
[0.065s] -- Up-to-date: /home/raivo/Hermes_Latest_version/hermes_ws/install/ldlidar/share/ldlidar/local_setup.bash
[0.065s] -- Up-to-date: /home/raivo/Hermes_Latest_version/hermes_ws/install/ldlidar/share/ldlidar/local_setup.sh
[0.065s] -- Up-to-date: /home/raivo/Hermes_Latest_version/hermes_ws/install/ldlidar/share/ldlidar/local_setup.zsh
[0.065s] -- Up-to-date: /home/raivo/Hermes_Latest_version/hermes_ws/install/ldlidar/share/ldlidar/local_setup.dsv
[0.065s] -- Up-to-date: /home/raivo/Hermes_Latest_version/hermes_ws/install/ldlidar/share/ldlidar/package.dsv
[0.065s] -- Up-to-date: /home/raivo/Hermes_Latest_version/hermes_ws/install/ldlidar/share/ament_index/resource_index/packages/ldlidar
[0.065s] -- Up-to-date: /home/raivo/Hermes_Latest_version/hermes_ws/install/ldlidar/share/ldlidar/cmake/ldlidarConfig.cmake
[0.065s] -- Up-to-date: /home/raivo/Hermes_Latest_version/hermes_ws/install/ldlidar/share/ldlidar/cmake/ldlidarConfig-version.cmake
[0.065s] -- Up-to-date: /home/raivo/Hermes_Latest_version/hermes_ws/install/ldlidar/share/ldlidar/package.xml
[0.066s] Invoked command in '/home/raivo/Hermes/hermes_ws/build/ldlidar' returned '0': AMENT_PREFIX_PATH=/home/raivo/Hermes_Latest_version/hermes_ws/install/ldlidar_node:/home/raivo/Hermes_Latest_version/hermes_ws/install/ldlidar_component:${AMENT_PREFIX_PATH} CMAKE_PREFIX_PATH=/home/raivo/Hermes/hermes_ws/install/ldlidar_node:/home/raivo/Hermes/hermes_ws/install/ldlidar_component:/opt/ros/humble LD_LIBRARY_PATH=/home/raivo/Hermes_Latest_version/hermes_ws/install/ldlidar_component/lib:/home/raivo/Hermes/hermes_ws/install/ldlidar_component/lib:${LD_LIBRARY_PATH} /usr/bin/cmake --install /home/raivo/Hermes/hermes_ws/build/ldlidar
