[4.218s] Invoking command in '/home/hermes/Hermes/hermes_ws/src/hermes_nav': PYTHONPATH=/home/hermes/Hermes/hermes_ws/build/hermes_nav/prefix_override:/usr/lib/python3/dist-packages/colcon_core/task/python/colcon_distutils_commands:/home/hermes/Hermes/hermes_ws/install/hermes_nav/lib/python3.10/site-packages:${PYTHONPATH} /usr/bin/python3 -W ignore:setup.py install is deprecated setup.py egg_info --egg-base ../../build/hermes_nav build --build-base /home/hermes/Hermes/hermes_ws/build/hermes_nav/build install --record /home/hermes/Hermes/hermes_ws/build/hermes_nav/install.log --single-version-externally-managed install_data
[4.741s] /home/hermes/.local/lib/python3.10/site-packages/setuptools/_distutils/dist.py:261: UserWarning: Unknown distribution option: 'tests_require'
[4.741s]   warnings.warn(msg)
[5.338s] running egg_info
[5.424s] writing ../../build/hermes_nav/hermes_nav.egg-info/PKG-INFO
[5.425s] writing dependency_links to ../../build/hermes_nav/hermes_nav.egg-info/dependency_links.txt
[5.426s] writing entry points to ../../build/hermes_nav/hermes_nav.egg-info/entry_points.txt
[5.426s] writing requirements to ../../build/hermes_nav/hermes_nav.egg-info/requires.txt
[5.426s] writing top-level names to ../../build/hermes_nav/hermes_nav.egg-info/top_level.txt
[5.650s] reading manifest file '../../build/hermes_nav/hermes_nav.egg-info/SOURCES.txt'
[5.656s] writing manifest file '../../build/hermes_nav/hermes_nav.egg-info/SOURCES.txt'
[5.656s] running build
[5.656s] running build_py
[5.663s] copying hermes_nav/interactive_waypoint_follower.py -> /home/hermes/Hermes/hermes_ws/build/hermes_nav/build/lib/hermes_nav
[5.666s] copying hermes_nav/gps_converter_node.py -> /home/hermes/Hermes/hermes_ws/build/hermes_nav/build/lib/hermes_nav
[5.667s] copying hermes_nav/__init__.py -> /home/hermes/Hermes/hermes_ws/build/hermes_nav/build/lib/hermes_nav
[5.668s] copying hermes_nav/logged_waypoint_follower.py -> /home/hermes/Hermes/hermes_ws/build/hermes_nav/build/lib/hermes_nav
[5.672s] copying hermes_nav/gps_waypoint_logger.py -> /home/hermes/Hermes/hermes_ws/build/hermes_nav/build/lib/hermes_nav
[5.673s] running install
[5.705s] running install_lib
[5.799s] copying /home/hermes/Hermes/hermes_ws/build/hermes_nav/build/lib/hermes_nav/interactive_waypoint_follower.py -> /home/hermes/Hermes/hermes_ws/install/hermes_nav/lib/python3.10/site-packages/hermes_nav
[5.800s] copying /home/hermes/Hermes/hermes_ws/build/hermes_nav/build/lib/hermes_nav/gps_converter_node.py -> /home/hermes/Hermes/hermes_ws/install/hermes_nav/lib/python3.10/site-packages/hermes_nav
[5.800s] copying /home/hermes/Hermes/hermes_ws/build/hermes_nav/build/lib/hermes_nav/__init__.py -> /home/hermes/Hermes/hermes_ws/install/hermes_nav/lib/python3.10/site-packages/hermes_nav
[5.800s] copying /home/hermes/Hermes/hermes_ws/build/hermes_nav/build/lib/hermes_nav/logged_waypoint_follower.py -> /home/hermes/Hermes/hermes_ws/install/hermes_nav/lib/python3.10/site-packages/hermes_nav
[5.800s] copying /home/hermes/Hermes/hermes_ws/build/hermes_nav/build/lib/hermes_nav/gps_waypoint_logger.py -> /home/hermes/Hermes/hermes_ws/install/hermes_nav/lib/python3.10/site-packages/hermes_nav
[5.812s] byte-compiling /home/hermes/Hermes/hermes_ws/install/hermes_nav/lib/python3.10/site-packages/hermes_nav/interactive_waypoint_follower.py to interactive_waypoint_follower.cpython-310.pyc
[5.814s] byte-compiling /home/hermes/Hermes/hermes_ws/install/hermes_nav/lib/python3.10/site-packages/hermes_nav/gps_converter_node.py to gps_converter_node.cpython-310.pyc
[5.818s] byte-compiling /home/hermes/Hermes/hermes_ws/install/hermes_nav/lib/python3.10/site-packages/hermes_nav/__init__.py to __init__.cpython-310.pyc
[5.818s] byte-compiling /home/hermes/Hermes/hermes_ws/install/hermes_nav/lib/python3.10/site-packages/hermes_nav/logged_waypoint_follower.py to logged_waypoint_follower.cpython-310.pyc
[5.818s] byte-compiling /home/hermes/Hermes/hermes_ws/install/hermes_nav/lib/python3.10/site-packages/hermes_nav/gps_waypoint_logger.py to gps_waypoint_logger.cpython-310.pyc
[5.823s] running install_data
[5.823s] copying resource/hermes_nav -> /home/hermes/Hermes/hermes_ws/install/hermes_nav/share/ament_index/resource_index/packages
[5.823s] copying package.xml -> /home/hermes/Hermes/hermes_ws/install/hermes_nav/share/hermes_nav
[5.823s] copying launch/launch_sim.launch.py -> /home/hermes/Hermes/hermes_ws/install/hermes_nav/share/hermes_nav/launch
[5.824s] copying launch/dual_ekf_navsat.launch.py -> /home/hermes/Hermes/hermes_ws/install/hermes_nav/share/hermes_nav/launch
[5.824s] copying launch/gps_waypoint_follower.launch.py -> /home/hermes/Hermes/hermes_ws/install/hermes_nav/share/hermes_nav/launch
[5.824s] copying launch/mapviz.launch.py -> /home/hermes/Hermes/hermes_ws/install/hermes_nav/share/hermes_nav/launch
[5.824s] copying launch/gazebo_gps_world_hermes.launch.py -> /home/hermes/Hermes/hermes_ws/install/hermes_nav/share/hermes_nav/launch
[5.824s] copying launch/rsp.launch.py -> /home/hermes/Hermes/hermes_ws/install/hermes_nav/share/hermes_nav/launch
[5.835s] running install_egg_info
[5.885s] removing '/home/hermes/Hermes/hermes_ws/install/hermes_nav/lib/python3.10/site-packages/hermes_nav-0.0.0-py3.10.egg-info' (and everything under it)
[5.892s] Copying ../../build/hermes_nav/hermes_nav.egg-info to /home/hermes/Hermes/hermes_ws/install/hermes_nav/lib/python3.10/site-packages/hermes_nav-0.0.0-py3.10.egg-info
[5.914s] running install_scripts
[6.689s] Installing gps_converter_node script to /home/hermes/Hermes/hermes_ws/install/hermes_nav/lib/hermes_nav
[6.690s] Installing gps_waypoint_logger script to /home/hermes/Hermes/hermes_ws/install/hermes_nav/lib/hermes_nav
[6.692s] Installing interactive_waypoint_follower script to /home/hermes/Hermes/hermes_ws/install/hermes_nav/lib/hermes_nav
[6.692s] Installing logged_waypoint_follower script to /home/hermes/Hermes/hermes_ws/install/hermes_nav/lib/hermes_nav
[6.693s] writing list of installed files to '/home/hermes/Hermes/hermes_ws/build/hermes_nav/install.log'
[7.696s] Invoked command in '/home/hermes/Hermes/hermes_ws/src/hermes_nav' returned '0': PYTHONPATH=/home/hermes/Hermes/hermes_ws/build/hermes_nav/prefix_override:/usr/lib/python3/dist-packages/colcon_core/task/python/colcon_distutils_commands:/home/hermes/Hermes/hermes_ws/install/hermes_nav/lib/python3.10/site-packages:${PYTHONPATH} /usr/bin/python3 -W ignore:setup.py install is deprecated setup.py egg_info --egg-base ../../build/hermes_nav build --build-base /home/hermes/Hermes/hermes_ws/build/hermes_nav/build install --record /home/hermes/Hermes/hermes_ws/build/hermes_nav/install.log --single-version-externally-managed install_data
