[0.090s] Invoking command in '/home/aleksmalm/Hermes/hermes_ws/build/ldlidar_component': CMAKE_PREFIX_PATH=${CMAKE_PREFIX_PATH}:/home/aleksmalm/Hermes/hermes_ws/install/tof_publisher:/home/aleksmalm/Hermes/hermes_ws/install/teleop_control:/home/aleksmalm/Hermes/hermes_ws/install/robot_localization_pkg:/home/aleksmalm/Hermes/hermes_ws/install/path_creator:/home/aleksmalm/Hermes/hermes_ws/install/my_tf2_broadcaster:/home/aleksmalm/Hermes/hermes_ws/install/icm20948_publisher:/home/aleksmalm/Hermes/hermes_ws/install/hermes_nav:/home/aleksmalm/Hermes/hermes_ws/install/gps_publisher:/home/aleksmalm/Hermes/hermes_ws/install/cmd_vel:/home/aleksmalm/Hermes/hermes_ws/install/cameras:/opt/ros/humble /usr/bin/cmake --build /home/aleksmalm/Hermes/hermes_ws/build/ldlidar_component -- -j12 -l12
[3.069s] [ 70%] Built target ldlidar
[3.070s] [100%] Built target ldlidar_component
[3.439s] Invoked command in '/home/aleksmalm/Hermes/hermes_ws/build/ldlidar_component' returned '0': CMAKE_PREFIX_PATH=${CMAKE_PREFIX_PATH}:/home/aleksmalm/Hermes/hermes_ws/install/tof_publisher:/home/aleksmalm/Hermes/hermes_ws/install/teleop_control:/home/aleksmalm/Hermes/hermes_ws/install/robot_localization_pkg:/home/aleksmalm/Hermes/hermes_ws/install/path_creator:/home/aleksmalm/Hermes/hermes_ws/install/my_tf2_broadcaster:/home/aleksmalm/Hermes/hermes_ws/install/icm20948_publisher:/home/aleksmalm/Hermes/hermes_ws/install/hermes_nav:/home/aleksmalm/Hermes/hermes_ws/install/gps_publisher:/home/aleksmalm/Hermes/hermes_ws/install/cmd_vel:/home/aleksmalm/Hermes/hermes_ws/install/cameras:/opt/ros/humble /usr/bin/cmake --build /home/aleksmalm/Hermes/hermes_ws/build/ldlidar_component -- -j12 -l12
[3.539s] Invoking command in '/home/aleksmalm/Hermes/hermes_ws/build/ldlidar_component': CMAKE_PREFIX_PATH=${CMAKE_PREFIX_PATH}:/home/aleksmalm/Hermes/hermes_ws/install/tof_publisher:/home/aleksmalm/Hermes/hermes_ws/install/teleop_control:/home/aleksmalm/Hermes/hermes_ws/install/robot_localization_pkg:/home/aleksmalm/Hermes/hermes_ws/install/path_creator:/home/aleksmalm/Hermes/hermes_ws/install/my_tf2_broadcaster:/home/aleksmalm/Hermes/hermes_ws/install/icm20948_publisher:/home/aleksmalm/Hermes/hermes_ws/install/hermes_nav:/home/aleksmalm/Hermes/hermes_ws/install/gps_publisher:/home/aleksmalm/Hermes/hermes_ws/install/cmd_vel:/home/aleksmalm/Hermes/hermes_ws/install/cameras:/opt/ros/humble /usr/bin/cmake --install /home/aleksmalm/Hermes/hermes_ws/build/ldlidar_component
[3.568s] -- Install configuration: "Release"
[3.568s] -- Up-to-date: /home/aleksmalm/Hermes/hermes_ws/install/ldlidar_component/lib/libldlidar_component.so
[3.569s] -- Up-to-date: /home/aleksmalm/Hermes/hermes_ws/install/ldlidar_component/include/ldlidar_component/
[3.569s] -- Up-to-date: /home/aleksmalm/Hermes/hermes_ws/install/ldlidar_component/include/ldlidar_component//ldlidar_component.hpp
[3.569s] -- Up-to-date: /home/aleksmalm/Hermes/hermes_ws/install/ldlidar_component/include/ldlidar_component//defines.hpp
[3.569s] -- Up-to-date: /home/aleksmalm/Hermes/hermes_ws/install/ldlidar_component/include/ldlidar_component/
[3.575s] -- Up-to-date: /home/aleksmalm/Hermes/hermes_ws/install/ldlidar_component/include/ldlidar_component//ldlidar_tools.hpp
[3.577s] -- Up-to-date: /home/aleksmalm/Hermes/hermes_ws/install/ldlidar_component/include/ldlidar_component/
[3.578s] -- Up-to-date: /home/aleksmalm/Hermes/hermes_ws/install/ldlidar_component/include/ldlidar_component//visibility_control.hpp
[3.578s] -- Up-to-date: /home/aleksmalm/Hermes/hermes_ws/install/ldlidar_component/include/ldlidar_component/
[3.578s] -- Up-to-date: /home/aleksmalm/Hermes/hermes_ws/install/ldlidar_component/include/ldlidar_component//ldlidar_datatype.h
[3.578s] -- Up-to-date: /home/aleksmalm/Hermes/hermes_ws/install/ldlidar_component/include/ldlidar_component//ldlidar_driver.h
[3.579s] -- Up-to-date: /home/aleksmalm/Hermes/hermes_ws/install/ldlidar_component/include/ldlidar_component/
[3.579s] -- Up-to-date: /home/aleksmalm/Hermes/hermes_ws/install/ldlidar_component/include/ldlidar_component//lipkg.h
[3.579s] -- Up-to-date: /home/aleksmalm/Hermes/hermes_ws/install/ldlidar_component/include/ldlidar_component/
[3.579s] -- Up-to-date: /home/aleksmalm/Hermes/hermes_ws/install/ldlidar_component/include/ldlidar_component//tofbf.h
[3.579s] -- Up-to-date: /home/aleksmalm/Hermes/hermes_ws/install/ldlidar_component/include/ldlidar_component/
[3.580s] -- Up-to-date: /home/aleksmalm/Hermes/hermes_ws/install/ldlidar_component/include/ldlidar_component//log_module.h
[3.580s] -- Up-to-date: /home/aleksmalm/Hermes/hermes_ws/install/ldlidar_component/include/ldlidar_component/
[3.580s] -- Up-to-date: /home/aleksmalm/Hermes/hermes_ws/install/ldlidar_component/include/ldlidar_component//network_socket_interface_linux.h
[3.581s] -- Up-to-date: /home/aleksmalm/Hermes/hermes_ws/install/ldlidar_component/include/ldlidar_component/
[3.581s] -- Up-to-date: /home/aleksmalm/Hermes/hermes_ws/install/ldlidar_component/include/ldlidar_component//serial_interface_linux.h
[3.581s] -- Up-to-date: /home/aleksmalm/Hermes/hermes_ws/install/ldlidar_component/share/ldlidar_component/environment/library_path.sh
[3.581s] -- Up-to-date: /home/aleksmalm/Hermes/hermes_ws/install/ldlidar_component/share/ldlidar_component/environment/library_path.dsv
[3.581s] -- Up-to-date: /home/aleksmalm/Hermes/hermes_ws/install/ldlidar_component/share/ament_index/resource_index/package_run_dependencies/ldlidar_component
[3.582s] -- Up-to-date: /home/aleksmalm/Hermes/hermes_ws/install/ldlidar_component/share/ament_index/resource_index/parent_prefix_path/ldlidar_component
[3.582s] -- Up-to-date: /home/aleksmalm/Hermes/hermes_ws/install/ldlidar_component/share/ldlidar_component/environment/ament_prefix_path.sh
[3.583s] -- Up-to-date: /home/aleksmalm/Hermes/hermes_ws/install/ldlidar_component/share/ldlidar_component/environment/ament_prefix_path.dsv
[3.583s] -- Up-to-date: /home/aleksmalm/Hermes/hermes_ws/install/ldlidar_component/share/ldlidar_component/environment/path.sh
[3.584s] -- Up-to-date: /home/aleksmalm/Hermes/hermes_ws/install/ldlidar_component/share/ldlidar_component/environment/path.dsv
[3.584s] -- Up-to-date: /home/aleksmalm/Hermes/hermes_ws/install/ldlidar_component/share/ldlidar_component/local_setup.bash
[3.584s] -- Up-to-date: /home/aleksmalm/Hermes/hermes_ws/install/ldlidar_component/share/ldlidar_component/local_setup.sh
[3.584s] -- Up-to-date: /home/aleksmalm/Hermes/hermes_ws/install/ldlidar_component/share/ldlidar_component/local_setup.zsh
[3.586s] -- Up-to-date: /home/aleksmalm/Hermes/hermes_ws/install/ldlidar_component/share/ldlidar_component/local_setup.dsv
[3.586s] -- Installing: /home/aleksmalm/Hermes/hermes_ws/install/ldlidar_component/share/ldlidar_component/package.dsv
[3.586s] -- Up-to-date: /home/aleksmalm/Hermes/hermes_ws/install/ldlidar_component/share/ament_index/resource_index/packages/ldlidar_component
[3.587s] -- Up-to-date: /home/aleksmalm/Hermes/hermes_ws/install/ldlidar_component/share/ament_index/resource_index/rclcpp_components/ldlidar_component
[3.587s] -- Up-to-date: /home/aleksmalm/Hermes/hermes_ws/install/ldlidar_component/share/ldlidar_component/cmake/ament_cmake_export_include_directories-extras.cmake
[3.587s] -- Up-to-date: /home/aleksmalm/Hermes/hermes_ws/install/ldlidar_component/share/ldlidar_component/cmake/ament_cmake_export_libraries-extras.cmake
[3.587s] -- Up-to-date: /home/aleksmalm/Hermes/hermes_ws/install/ldlidar_component/share/ldlidar_component/cmake/ament_cmake_export_dependencies-extras.cmake
[3.587s] -- Up-to-date: /home/aleksmalm/Hermes/hermes_ws/install/ldlidar_component/share/ldlidar_component/cmake/ldlidar_componentConfig.cmake
[3.588s] -- Up-to-date: /home/aleksmalm/Hermes/hermes_ws/install/ldlidar_component/share/ldlidar_component/cmake/ldlidar_componentConfig-version.cmake
[3.588s] -- Up-to-date: /home/aleksmalm/Hermes/hermes_ws/install/ldlidar_component/share/ldlidar_component/package.xml
[3.617s] Invoked command in '/home/aleksmalm/Hermes/hermes_ws/build/ldlidar_component' returned '0': CMAKE_PREFIX_PATH=${CMAKE_PREFIX_PATH}:/home/aleksmalm/Hermes/hermes_ws/install/tof_publisher:/home/aleksmalm/Hermes/hermes_ws/install/teleop_control:/home/aleksmalm/Hermes/hermes_ws/install/robot_localization_pkg:/home/aleksmalm/Hermes/hermes_ws/install/path_creator:/home/aleksmalm/Hermes/hermes_ws/install/my_tf2_broadcaster:/home/aleksmalm/Hermes/hermes_ws/install/icm20948_publisher:/home/aleksmalm/Hermes/hermes_ws/install/hermes_nav:/home/aleksmalm/Hermes/hermes_ws/install/gps_publisher:/home/aleksmalm/Hermes/hermes_ws/install/cmd_vel:/home/aleksmalm/Hermes/hermes_ws/install/cameras:/opt/ros/humble /usr/bin/cmake --install /home/aleksmalm/Hermes/hermes_ws/build/ldlidar_component
