[0.011s] Invoking command in '/home/raivo/Hermes/hermes_ws/build/ldlidar': CMAKE_PREFIX_PATH=/home/raivo/Hermes/hermes_ws/install/ldlidar_node:/home/raivo/Hermes/hermes_ws/install/ldlidar_component:/home/raivo/Hermes/hermes_ws/install/ldlidar:/home/raivo/Hermes/hermes_ws/install/imu_filter_madgwick:/home/raivo/Hermes/hermes_ws/install/hermes_urdf:/home/raivo/Hermes/hermes_ws/install/tof_publisher:/home/raivo/Hermes/hermes_ws/install/teleop_control:/home/raivo/Hermes/hermes_ws/install/robot_localization_pkg:/home/raivo/Hermes/hermes_ws/install/path_creator:/home/raivo/Hermes/hermes_ws/install/odometry_publisher:/home/raivo/Hermes/hermes_ws/install/my_tf2_broadcaster:/home/raivo/Hermes/hermes_ws/install/multi_package_launcher:/home/raivo/Hermes/hermes_ws/install/icm20948_publisher:/home/raivo/Hermes/hermes_ws/install/hermes_nav:/home/raivo/Hermes/hermes_ws/install/gps_publisher:/home/raivo/Hermes/hermes_ws/install/cmd_vel:/home/raivo/Hermes/hermes_ws/install/cameras:/opt/ros/humble /usr/bin/cmake --build /home/raivo/Hermes/hermes_ws/build/ldlidar -- -j12 -l12
[0.042s] Invoked command in '/home/raivo/Hermes/hermes_ws/build/ldlidar' returned '0': CMAKE_PREFIX_PATH=/home/raivo/Hermes/hermes_ws/install/ldlidar_node:/home/raivo/Hermes/hermes_ws/install/ldlidar_component:/home/raivo/Hermes/hermes_ws/install/ldlidar:/home/raivo/Hermes/hermes_ws/install/imu_filter_madgwick:/home/raivo/Hermes/hermes_ws/install/hermes_urdf:/home/raivo/Hermes/hermes_ws/install/tof_publisher:/home/raivo/Hermes/hermes_ws/install/teleop_control:/home/raivo/Hermes/hermes_ws/install/robot_localization_pkg:/home/raivo/Hermes/hermes_ws/install/path_creator:/home/raivo/Hermes/hermes_ws/install/odometry_publisher:/home/raivo/Hermes/hermes_ws/install/my_tf2_broadcaster:/home/raivo/Hermes/hermes_ws/install/multi_package_launcher:/home/raivo/Hermes/hermes_ws/install/icm20948_publisher:/home/raivo/Hermes/hermes_ws/install/hermes_nav:/home/raivo/Hermes/hermes_ws/install/gps_publisher:/home/raivo/Hermes/hermes_ws/install/cmd_vel:/home/raivo/Hermes/hermes_ws/install/cameras:/opt/ros/humble /usr/bin/cmake --build /home/raivo/Hermes/hermes_ws/build/ldlidar -- -j12 -l12
[0.061s] Invoking command in '/home/raivo/Hermes/hermes_ws/build/ldlidar': CMAKE_PREFIX_PATH=/home/raivo/Hermes/hermes_ws/install/ldlidar_node:/home/raivo/Hermes/hermes_ws/install/ldlidar_component:/home/raivo/Hermes/hermes_ws/install/ldlidar:/home/raivo/Hermes/hermes_ws/install/imu_filter_madgwick:/home/raivo/Hermes/hermes_ws/install/hermes_urdf:/home/raivo/Hermes/hermes_ws/install/tof_publisher:/home/raivo/Hermes/hermes_ws/install/teleop_control:/home/raivo/Hermes/hermes_ws/install/robot_localization_pkg:/home/raivo/Hermes/hermes_ws/install/path_creator:/home/raivo/Hermes/hermes_ws/install/odometry_publisher:/home/raivo/Hermes/hermes_ws/install/my_tf2_broadcaster:/home/raivo/Hermes/hermes_ws/install/multi_package_launcher:/home/raivo/Hermes/hermes_ws/install/icm20948_publisher:/home/raivo/Hermes/hermes_ws/install/hermes_nav:/home/raivo/Hermes/hermes_ws/install/gps_publisher:/home/raivo/Hermes/hermes_ws/install/cmd_vel:/home/raivo/Hermes/hermes_ws/install/cameras:/opt/ros/humble /usr/bin/cmake --install /home/raivo/Hermes/hermes_ws/build/ldlidar
[0.067s] -- Install configuration: ""
[0.067s] -- Up-to-date: /home/raivo/Hermes/hermes_ws/install/ldlidar/share/ament_index/resource_index/package_run_dependencies/ldlidar
[0.068s] -- Up-to-date: /home/raivo/Hermes/hermes_ws/install/ldlidar/share/ament_index/resource_index/parent_prefix_path/ldlidar
[0.068s] -- Up-to-date: /home/raivo/Hermes/hermes_ws/install/ldlidar/share/ldlidar/environment/ament_prefix_path.sh
[0.068s] -- Up-to-date: /home/raivo/Hermes/hermes_ws/install/ldlidar/share/ldlidar/environment/ament_prefix_path.dsv
[0.068s] -- Up-to-date: /home/raivo/Hermes/hermes_ws/install/ldlidar/share/ldlidar/environment/path.sh
[0.068s] -- Up-to-date: /home/raivo/Hermes/hermes_ws/install/ldlidar/share/ldlidar/environment/path.dsv
[0.068s] -- Up-to-date: /home/raivo/Hermes/hermes_ws/install/ldlidar/share/ldlidar/local_setup.bash
[0.068s] -- Up-to-date: /home/raivo/Hermes/hermes_ws/install/ldlidar/share/ldlidar/local_setup.sh
[0.068s] -- Up-to-date: /home/raivo/Hermes/hermes_ws/install/ldlidar/share/ldlidar/local_setup.zsh
[0.068s] -- Up-to-date: /home/raivo/Hermes/hermes_ws/install/ldlidar/share/ldlidar/local_setup.dsv
[0.068s] -- Installing: /home/raivo/Hermes/hermes_ws/install/ldlidar/share/ldlidar/package.dsv
[0.068s] -- Up-to-date: /home/raivo/Hermes/hermes_ws/install/ldlidar/share/ament_index/resource_index/packages/ldlidar
[0.068s] -- Up-to-date: /home/raivo/Hermes/hermes_ws/install/ldlidar/share/ldlidar/cmake/ldlidarConfig.cmake
[0.068s] -- Up-to-date: /home/raivo/Hermes/hermes_ws/install/ldlidar/share/ldlidar/cmake/ldlidarConfig-version.cmake
[0.068s] -- Up-to-date: /home/raivo/Hermes/hermes_ws/install/ldlidar/share/ldlidar/package.xml
[0.070s] Invoked command in '/home/raivo/Hermes/hermes_ws/build/ldlidar' returned '0': CMAKE_PREFIX_PATH=/home/raivo/Hermes/hermes_ws/install/ldlidar_node:/home/raivo/Hermes/hermes_ws/install/ldlidar_component:/home/raivo/Hermes/hermes_ws/install/ldlidar:/home/raivo/Hermes/hermes_ws/install/imu_filter_madgwick:/home/raivo/Hermes/hermes_ws/install/hermes_urdf:/home/raivo/Hermes/hermes_ws/install/tof_publisher:/home/raivo/Hermes/hermes_ws/install/teleop_control:/home/raivo/Hermes/hermes_ws/install/robot_localization_pkg:/home/raivo/Hermes/hermes_ws/install/path_creator:/home/raivo/Hermes/hermes_ws/install/odometry_publisher:/home/raivo/Hermes/hermes_ws/install/my_tf2_broadcaster:/home/raivo/Hermes/hermes_ws/install/multi_package_launcher:/home/raivo/Hermes/hermes_ws/install/icm20948_publisher:/home/raivo/Hermes/hermes_ws/install/hermes_nav:/home/raivo/Hermes/hermes_ws/install/gps_publisher:/home/raivo/Hermes/hermes_ws/install/cmd_vel:/home/raivo/Hermes/hermes_ws/install/cameras:/opt/ros/humble /usr/bin/cmake --install /home/raivo/Hermes/hermes_ws/build/ldlidar
