[2.421s] Invoking command in '/home/hermes/Hermes/hermes_ws/src/teleop_control': PYTHONPATH=/home/hermes/Hermes/hermes_ws/build/teleop_control/prefix_override:/home/hermes/Hermes/hermes_ws/install/teleop_control/lib/python3.10/site-packages:${PYTHONPATH} /usr/bin/python3 -W ignore:setup.py install is deprecated setup.py egg_info --egg-base ../../build/teleop_control build --build-base /home/hermes/Hermes/hermes_ws/build/teleop_control/build install --record /home/hermes/Hermes/hermes_ws/build/teleop_control/install.log --single-version-externally-managed install_data
[2.976s] running egg_info
[2.977s] writing ../../build/teleop_control/teleop_control.egg-info/PKG-INFO
[2.978s] writing dependency_links to ../../build/teleop_control/teleop_control.egg-info/dependency_links.txt
[2.978s] writing entry points to ../../build/teleop_control/teleop_control.egg-info/entry_points.txt
[2.978s] writing requirements to ../../build/teleop_control/teleop_control.egg-info/requires.txt
[2.979s] writing top-level names to ../../build/teleop_control/teleop_control.egg-info/top_level.txt
[2.982s] reading manifest file '../../build/teleop_control/teleop_control.egg-info/SOURCES.txt'
[2.983s] adding license file 'LICENSE'
[2.984s] writing manifest file '../../build/teleop_control/teleop_control.egg-info/SOURCES.txt'
[2.984s] running build
[2.984s] running build_py
[2.985s] running install
[2.986s] running install_lib
[2.989s] running install_data
[2.989s] running install_egg_info
[2.993s] removing '/home/hermes/Hermes/hermes_ws/install/teleop_control/lib/python3.10/site-packages/teleop_control-0.0.0-py3.10.egg-info' (and everything under it)
[2.993s] Copying ../../build/teleop_control/teleop_control.egg-info to /home/hermes/Hermes/hermes_ws/install/teleop_control/lib/python3.10/site-packages/teleop_control-0.0.0-py3.10.egg-info
[2.995s] running install_scripts
[3.043s] Installing teleop_control_node script to /home/hermes/Hermes/hermes_ws/install/teleop_control/lib/teleop_control
[3.044s] writing list of installed files to '/home/hermes/Hermes/hermes_ws/build/teleop_control/install.log'
[3.144s] Invoked command in '/home/hermes/Hermes/hermes_ws/src/teleop_control' returned '0': PYTHONPATH=/home/hermes/Hermes/hermes_ws/build/teleop_control/prefix_override:/home/hermes/Hermes/hermes_ws/install/teleop_control/lib/python3.10/site-packages:${PYTHONPATH} /usr/bin/python3 -W ignore:setup.py install is deprecated setup.py egg_info --egg-base ../../build/teleop_control build --build-base /home/hermes/Hermes/hermes_ws/build/teleop_control/build install --record /home/hermes/Hermes/hermes_ws/build/teleop_control/install.log --single-version-externally-managed install_data
