[5.210s] Invoking command in '/home/aleksmalm/Hermes/hermes_ws/src/icm20948_publisher': PYTHONPATH=/home/aleksmalm/Hermes/hermes_ws/build/icm20948_publisher/prefix_override:/home/aleksmalm/Hermes/hermes_ws/install/icm20948_publisher/lib/python3.10/site-packages:${PYTHONPATH} /usr/bin/python3 -W ignore:setup.py install is deprecated setup.py egg_info --egg-base ../../build/icm20948_publisher build --build-base /home/aleksmalm/Hermes/hermes_ws/build/icm20948_publisher/build install --record /home/aleksmalm/Hermes/hermes_ws/build/icm20948_publisher/install.log --single-version-externally-managed install_data
[6.173s] running egg_info
[6.175s] writing ../../build/icm20948_publisher/icm20948_publisher.egg-info/PKG-INFO
[6.175s] writing dependency_links to ../../build/icm20948_publisher/icm20948_publisher.egg-info/dependency_links.txt
[6.176s] writing entry points to ../../build/icm20948_publisher/icm20948_publisher.egg-info/entry_points.txt
[6.176s] writing requirements to ../../build/icm20948_publisher/icm20948_publisher.egg-info/requires.txt
[6.176s] writing top-level names to ../../build/icm20948_publisher/icm20948_publisher.egg-info/top_level.txt
[6.181s] reading manifest file '../../build/icm20948_publisher/icm20948_publisher.egg-info/SOURCES.txt'
[6.185s] writing manifest file '../../build/icm20948_publisher/icm20948_publisher.egg-info/SOURCES.txt'
[6.185s] running build
[6.185s] running build_py
[6.187s] running install
[6.187s] running install_lib
[6.193s] running install_data
[6.194s] running install_egg_info
[6.205s] removing '/home/aleksmalm/Hermes/hermes_ws/install/icm20948_publisher/lib/python3.10/site-packages/icm20948_publisher-0.0.0-py3.10.egg-info' (and everything under it)
[6.207s] Copying ../../build/icm20948_publisher/icm20948_publisher.egg-info to /home/aleksmalm/Hermes/hermes_ws/install/icm20948_publisher/lib/python3.10/site-packages/icm20948_publisher-0.0.0-py3.10.egg-info
[6.210s] running install_scripts
[6.294s] Installing icm_imu script to /home/aleksmalm/Hermes/hermes_ws/install/icm20948_publisher/lib/icm20948_publisher
[6.295s] writing list of installed files to '/home/aleksmalm/Hermes/hermes_ws/build/icm20948_publisher/install.log'
[6.476s] Invoked command in '/home/aleksmalm/Hermes/hermes_ws/src/icm20948_publisher' returned '0': PYTHONPATH=/home/aleksmalm/Hermes/hermes_ws/build/icm20948_publisher/prefix_override:/home/aleksmalm/Hermes/hermes_ws/install/icm20948_publisher/lib/python3.10/site-packages:${PYTHONPATH} /usr/bin/python3 -W ignore:setup.py install is deprecated setup.py egg_info --egg-base ../../build/icm20948_publisher build --build-base /home/aleksmalm/Hermes/hermes_ws/build/icm20948_publisher/build install --record /home/aleksmalm/Hermes/hermes_ws/build/icm20948_publisher/install.log --single-version-externally-managed install_data
