[4.815s] Invoking command in '/home/aleksmalm/Hermes/hermes_ws/src/cmd_vel': PYTHONPATH=/home/aleksmalm/Hermes/hermes_ws/build/cmd_vel/prefix_override:/home/aleksmalm/Hermes/hermes_ws/install/cmd_vel/lib/python3.10/site-packages:${PYTHONPATH} /usr/bin/python3 -W ignore:setup.py install is deprecated setup.py egg_info --egg-base ../../build/cmd_vel build --build-base /home/aleksmalm/Hermes/hermes_ws/build/cmd_vel/build install --record /home/aleksmalm/Hermes/hermes_ws/build/cmd_vel/install.log --single-version-externally-managed install_data
[5.772s] running egg_info
[5.774s] writing ../../build/cmd_vel/cmd_vel.egg-info/PKG-INFO
[5.775s] writing dependency_links to ../../build/cmd_vel/cmd_vel.egg-info/dependency_links.txt
[5.775s] writing entry points to ../../build/cmd_vel/cmd_vel.egg-info/entry_points.txt
[5.776s] writing requirements to ../../build/cmd_vel/cmd_vel.egg-info/requires.txt
[5.777s] writing top-level names to ../../build/cmd_vel/cmd_vel.egg-info/top_level.txt
[5.783s] reading manifest file '../../build/cmd_vel/cmd_vel.egg-info/SOURCES.txt'
[5.785s] writing manifest file '../../build/cmd_vel/cmd_vel.egg-info/SOURCES.txt'
[5.786s] running build
[5.786s] running build_py
[5.787s] running install
[5.788s] running install_lib
[5.793s] running install_data
[5.793s] running install_egg_info
[5.800s] removing '/home/aleksmalm/Hermes/hermes_ws/install/cmd_vel/lib/python3.10/site-packages/cmd_vel-0.0.0-py3.10.egg-info' (and everything under it)
[5.801s] Copying ../../build/cmd_vel/cmd_vel.egg-info to /home/aleksmalm/Hermes/hermes_ws/install/cmd_vel/lib/python3.10/site-packages/cmd_vel-0.0.0-py3.10.egg-info
[5.804s] running install_scripts
[5.881s] Installing cmd_vel_controll script to /home/aleksmalm/Hermes/hermes_ws/install/cmd_vel/lib/cmd_vel
[5.883s] writing list of installed files to '/home/aleksmalm/Hermes/hermes_ws/build/cmd_vel/install.log'
[6.074s] Invoked command in '/home/aleksmalm/Hermes/hermes_ws/src/cmd_vel' returned '0': PYTHONPATH=/home/aleksmalm/Hermes/hermes_ws/build/cmd_vel/prefix_override:/home/aleksmalm/Hermes/hermes_ws/install/cmd_vel/lib/python3.10/site-packages:${PYTHONPATH} /usr/bin/python3 -W ignore:setup.py install is deprecated setup.py egg_info --egg-base ../../build/cmd_vel build --build-base /home/aleksmalm/Hermes/hermes_ws/build/cmd_vel/build install --record /home/aleksmalm/Hermes/hermes_ws/build/cmd_vel/install.log --single-version-externally-managed install_data
