-- Found ament_cmake: 1.3.8 (/opt/ros/humble/share/ament_cmake/cmake)
-- Found ament_lint_auto: 0.12.10 (/opt/ros/humble/share/ament_lint_auto/cmake)
-- Added test 'flake8' to check Python code syntax and style conventions
-- Added test 'lint_cmake' to check CMake code style
-- Added test 'pep257' to check Python code against some of the docstring style conventions in PEP 257
-- Added test 'xmllint' to check XML markup files
-- Configuring done
-- Generating done
-- Build files have been written to: /home/hermes/Hermes/hermes_ws/build/gps_publisher
-- Install configuration: ""
-- Up-to-date: /home/hermes/Hermes/hermes_ws/install/gps_publisher/share/ament_index/resource_index/package_run_dependencies/gps_publisher
-- Up-to-date: /home/hermes/Hermes/hermes_ws/install/gps_publisher/share/ament_index/resource_index/parent_prefix_path/gps_publisher
-- Up-to-date: /home/hermes/Hermes/hermes_ws/install/gps_publisher/share/gps_publisher/environment/ament_prefix_path.sh
-- Installing: /home/hermes/Hermes/hermes_ws/install/gps_publisher/share/gps_publisher/environment/ament_prefix_path.dsv
-- Up-to-date: /home/hermes/Hermes/hermes_ws/install/gps_publisher/share/gps_publisher/environment/path.sh
-- Installing: /home/hermes/Hermes/hermes_ws/install/gps_publisher/share/gps_publisher/environment/path.dsv
-- Up-to-date: /home/hermes/Hermes/hermes_ws/install/gps_publisher/share/gps_publisher/local_setup.bash
-- Up-to-date: /home/hermes/Hermes/hermes_ws/install/gps_publisher/share/gps_publisher/local_setup.sh
-- Up-to-date: /home/hermes/Hermes/hermes_ws/install/gps_publisher/share/gps_publisher/local_setup.zsh
-- Installing: /home/hermes/Hermes/hermes_ws/install/gps_publisher/share/gps_publisher/local_setup.dsv
-- Installing: /home/hermes/Hermes/hermes_ws/install/gps_publisher/share/gps_publisher/package.dsv
-- Up-to-date: /home/hermes/Hermes/hermes_ws/install/gps_publisher/share/ament_index/resource_index/packages/gps_publisher
-- Up-to-date: /home/hermes/Hermes/hermes_ws/install/gps_publisher/share/gps_publisher/cmake/gps_publisherConfig.cmake
-- Up-to-date: /home/hermes/Hermes/hermes_ws/install/gps_publisher/share/gps_publisher/cmake/gps_publisherConfig-version.cmake
-- Installing: /home/hermes/Hermes/hermes_ws/install/gps_publisher/share/gps_publisher/package.xml
