[0.035s] Invoking command in '/home/hermes/Hermes/hermes_ws/build/gps_publisher': CMAKE_PREFIX_PATH=${CMAKE_PREFIX_PATH}:/home/hermes/Hermes/hermes_ws/install/tof_publisher:/home/hermes/Hermes/hermes_ws/install/teleop_control:/home/hermes/Hermes/hermes_ws/install/robot_model:/home/hermes/Hermes/hermes_ws/install/odometry:/home/hermes/Hermes/hermes_ws/install/my_robot_description:/home/hermes/Hermes/hermes_ws/install/lidar_publisher:/home/hermes/Hermes/hermes_ws/install/launch_files:/home/hermes/Hermes/hermes_ws/install/imu_publisher:/home/hermes/Hermes/hermes_ws/install/cmd_vel:/home/hermes/Hermes/hermes_ws/install/cameras:/home/hermes/Downloads/hermes/ros2_ws/src/install/ros2_video_stream_pkg:/opt/ros/humble /usr/bin/cmake --build /home/hermes/Hermes/hermes_ws/build/gps_publisher -- -j6 -l6
[0.092s] -- Found ament_cmake: 1.3.8 (/opt/ros/humble/share/ament_cmake/cmake)
[0.432s] -- Found ament_lint_auto: 0.12.10 (/opt/ros/humble/share/ament_lint_auto/cmake)
[0.621s] -- Added test 'flake8' to check Python code syntax and style conventions
[0.623s] -- Added test 'lint_cmake' to check CMake code style
[0.624s] -- Added test 'pep257' to check Python code against some of the docstring style conventions in PEP 257
[0.626s] -- Added test 'xmllint' to check XML markup files
[0.629s] -- Configuring done
[0.645s] -- Generating done
[0.646s] -- Build files have been written to: /home/hermes/Hermes/hermes_ws/build/gps_publisher
[0.699s] Invoked command in '/home/hermes/Hermes/hermes_ws/build/gps_publisher' returned '0': CMAKE_PREFIX_PATH=${CMAKE_PREFIX_PATH}:/home/hermes/Hermes/hermes_ws/install/tof_publisher:/home/hermes/Hermes/hermes_ws/install/teleop_control:/home/hermes/Hermes/hermes_ws/install/robot_model:/home/hermes/Hermes/hermes_ws/install/odometry:/home/hermes/Hermes/hermes_ws/install/my_robot_description:/home/hermes/Hermes/hermes_ws/install/lidar_publisher:/home/hermes/Hermes/hermes_ws/install/launch_files:/home/hermes/Hermes/hermes_ws/install/imu_publisher:/home/hermes/Hermes/hermes_ws/install/cmd_vel:/home/hermes/Hermes/hermes_ws/install/cameras:/home/hermes/Downloads/hermes/ros2_ws/src/install/ros2_video_stream_pkg:/opt/ros/humble /usr/bin/cmake --build /home/hermes/Hermes/hermes_ws/build/gps_publisher -- -j6 -l6
[0.774s] Invoking command in '/home/hermes/Hermes/hermes_ws/build/gps_publisher': CMAKE_PREFIX_PATH=${CMAKE_PREFIX_PATH}:/home/hermes/Hermes/hermes_ws/install/tof_publisher:/home/hermes/Hermes/hermes_ws/install/teleop_control:/home/hermes/Hermes/hermes_ws/install/robot_model:/home/hermes/Hermes/hermes_ws/install/odometry:/home/hermes/Hermes/hermes_ws/install/my_robot_description:/home/hermes/Hermes/hermes_ws/install/lidar_publisher:/home/hermes/Hermes/hermes_ws/install/launch_files:/home/hermes/Hermes/hermes_ws/install/imu_publisher:/home/hermes/Hermes/hermes_ws/install/cmd_vel:/home/hermes/Hermes/hermes_ws/install/cameras:/home/hermes/Downloads/hermes/ros2_ws/src/install/ros2_video_stream_pkg:/opt/ros/humble /usr/bin/cmake --install /home/hermes/Hermes/hermes_ws/build/gps_publisher
[0.791s] -- Install configuration: ""
[0.791s] -- Up-to-date: /home/hermes/Hermes/hermes_ws/install/gps_publisher/share/ament_index/resource_index/package_run_dependencies/gps_publisher
[0.791s] -- Up-to-date: /home/hermes/Hermes/hermes_ws/install/gps_publisher/share/ament_index/resource_index/parent_prefix_path/gps_publisher
[0.791s] -- Up-to-date: /home/hermes/Hermes/hermes_ws/install/gps_publisher/share/gps_publisher/environment/ament_prefix_path.sh
[0.792s] -- Installing: /home/hermes/Hermes/hermes_ws/install/gps_publisher/share/gps_publisher/environment/ament_prefix_path.dsv
[0.792s] -- Up-to-date: /home/hermes/Hermes/hermes_ws/install/gps_publisher/share/gps_publisher/environment/path.sh
[0.792s] -- Installing: /home/hermes/Hermes/hermes_ws/install/gps_publisher/share/gps_publisher/environment/path.dsv
[0.792s] -- Up-to-date: /home/hermes/Hermes/hermes_ws/install/gps_publisher/share/gps_publisher/local_setup.bash
[0.792s] -- Up-to-date: /home/hermes/Hermes/hermes_ws/install/gps_publisher/share/gps_publisher/local_setup.sh
[0.792s] -- Up-to-date: /home/hermes/Hermes/hermes_ws/install/gps_publisher/share/gps_publisher/local_setup.zsh
[0.793s] -- Installing: /home/hermes/Hermes/hermes_ws/install/gps_publisher/share/gps_publisher/local_setup.dsv
[0.793s] -- Installing: /home/hermes/Hermes/hermes_ws/install/gps_publisher/share/gps_publisher/package.dsv
[0.793s] -- Up-to-date: /home/hermes/Hermes/hermes_ws/install/gps_publisher/share/ament_index/resource_index/packages/gps_publisher
[0.793s] -- Up-to-date: /home/hermes/Hermes/hermes_ws/install/gps_publisher/share/gps_publisher/cmake/gps_publisherConfig.cmake
[0.793s] -- Up-to-date: /home/hermes/Hermes/hermes_ws/install/gps_publisher/share/gps_publisher/cmake/gps_publisherConfig-version.cmake
[0.793s] -- Installing: /home/hermes/Hermes/hermes_ws/install/gps_publisher/share/gps_publisher/package.xml
[0.798s] Invoked command in '/home/hermes/Hermes/hermes_ws/build/gps_publisher' returned '0': CMAKE_PREFIX_PATH=${CMAKE_PREFIX_PATH}:/home/hermes/Hermes/hermes_ws/install/tof_publisher:/home/hermes/Hermes/hermes_ws/install/teleop_control:/home/hermes/Hermes/hermes_ws/install/robot_model:/home/hermes/Hermes/hermes_ws/install/odometry:/home/hermes/Hermes/hermes_ws/install/my_robot_description:/home/hermes/Hermes/hermes_ws/install/lidar_publisher:/home/hermes/Hermes/hermes_ws/install/launch_files:/home/hermes/Hermes/hermes_ws/install/imu_publisher:/home/hermes/Hermes/hermes_ws/install/cmd_vel:/home/hermes/Hermes/hermes_ws/install/cameras:/home/hermes/Downloads/hermes/ros2_ws/src/install/ros2_video_stream_pkg:/opt/ros/humble /usr/bin/cmake --install /home/hermes/Hermes/hermes_ws/build/gps_publisher
