[1.005s] Invoking command in '/home/raivo/Hermes/hermes_ws/src/robot_localization_pkg': PYTHONPATH=/home/raivo/Hermes/hermes_ws/build/robot_localization_pkg/prefix_override:/home/raivo/Hermes/hermes_ws/install/robot_localization_pkg/lib/python3.10/site-packages:${PYTHONPATH} /usr/bin/python3 -W ignore:setup.py install is deprecated setup.py egg_info --egg-base ../../build/robot_localization_pkg build --build-base /home/raivo/Hermes/hermes_ws/build/robot_localization_pkg/build install --record /home/raivo/Hermes/hermes_ws/build/robot_localization_pkg/install.log --single-version-externally-managed install_data
[1.210s] running egg_info
[1.211s] writing ../../build/robot_localization_pkg/robot_localization_pkg.egg-info/PKG-INFO
[1.211s] writing dependency_links to ../../build/robot_localization_pkg/robot_localization_pkg.egg-info/dependency_links.txt
[1.211s] writing entry points to ../../build/robot_localization_pkg/robot_localization_pkg.egg-info/entry_points.txt
[1.211s] writing requirements to ../../build/robot_localization_pkg/robot_localization_pkg.egg-info/requires.txt
[1.211s] writing top-level names to ../../build/robot_localization_pkg/robot_localization_pkg.egg-info/top_level.txt
[1.212s] reading manifest file '../../build/robot_localization_pkg/robot_localization_pkg.egg-info/SOURCES.txt'
[1.212s] writing manifest file '../../build/robot_localization_pkg/robot_localization_pkg.egg-info/SOURCES.txt'
[1.212s] running build
[1.213s] running build_py
[1.213s] creating /home/raivo/Hermes/hermes_ws/build/robot_localization_pkg/build
[1.213s] creating /home/raivo/Hermes/hermes_ws/build/robot_localization_pkg/build/lib
[1.213s] creating /home/raivo/Hermes/hermes_ws/build/robot_localization_pkg/build/lib/robot_localization_pkg
[1.213s] copying robot_localization_pkg/__init__.py -> /home/raivo/Hermes/hermes_ws/build/robot_localization_pkg/build/lib/robot_localization_pkg
[1.213s] running install
[1.213s] running install_lib
[1.214s] running install_data
[1.214s] running install_egg_info
[1.215s] removing '/home/raivo/Hermes/hermes_ws/install/robot_localization_pkg/lib/python3.10/site-packages/robot_localization_pkg-0.0.1-py3.10.egg-info' (and everything under it)
[1.215s] Copying ../../build/robot_localization_pkg/robot_localization_pkg.egg-info to /home/raivo/Hermes/hermes_ws/install/robot_localization_pkg/lib/python3.10/site-packages/robot_localization_pkg-0.0.1-py3.10.egg-info
[1.216s] running install_scripts
[1.229s] writing list of installed files to '/home/raivo/Hermes/hermes_ws/build/robot_localization_pkg/install.log'
[1.253s] Invoked command in '/home/raivo/Hermes/hermes_ws/src/robot_localization_pkg' returned '0': PYTHONPATH=/home/raivo/Hermes/hermes_ws/build/robot_localization_pkg/prefix_override:/home/raivo/Hermes/hermes_ws/install/robot_localization_pkg/lib/python3.10/site-packages:${PYTHONPATH} /usr/bin/python3 -W ignore:setup.py install is deprecated setup.py egg_info --egg-base ../../build/robot_localization_pkg build --build-base /home/raivo/Hermes/hermes_ws/build/robot_localization_pkg/build install --record /home/raivo/Hermes/hermes_ws/build/robot_localization_pkg/install.log --single-version-externally-managed install_data
