/home/hermes/.local/lib/python3.10/site-packages/setuptools/_distutils/dist.py:261: UserWarning: Unknown distribution option: 'tests_require'
  warnings.warn(msg)
running develop
/home/hermes/.local/lib/python3.10/site-packages/setuptools/command/develop.py:41: EasyInstallDeprecationWarning: easy_install command is deprecated.
!!

        ********************************************************************************
        Please avoid running ``setup.py`` and ``easy_install``.
        Instead, use pypa/build, pypa/installer or other
        standards-based tools.

        See https://github.com/pypa/setuptools/issues/917 for details.
        ********************************************************************************

!!
  easy_install.initialize_options(self)
Removing /home/hermes/Hermes/hermes_ws/install/gps_publisher/lib/python3.10/site-packages/gps-publisher.egg-link (link to .)
/home/hermes/.local/lib/python3.10/site-packages/setuptools/_distutils/dist.py:261: UserWarning: Unknown distribution option: 'tests_require'
  warnings.warn(msg)
running egg_info
writing ../../build/gps_publisher/gps_publisher.egg-info/PKG-INFO
writing dependency_links to ../../build/gps_publisher/gps_publisher.egg-info/dependency_links.txt
writing entry points to ../../build/gps_publisher/gps_publisher.egg-info/entry_points.txt
writing requirements to ../../build/gps_publisher/gps_publisher.egg-info/requires.txt
writing top-level names to ../../build/gps_publisher/gps_publisher.egg-info/top_level.txt
reading manifest file '../../build/gps_publisher/gps_publisher.egg-info/SOURCES.txt'
writing manifest file '../../build/gps_publisher/gps_publisher.egg-info/SOURCES.txt'
running build
running build_py
copying gps_publisher/gps_publisher_node.py -> /home/hermes/Hermes/hermes_ws/build/gps_publisher/build/lib/gps_publisher
copying gps_publisher/__init__.py -> /home/hermes/Hermes/hermes_ws/build/gps_publisher/build/lib/gps_publisher
running install
running install_lib
creating /home/hermes/Hermes/hermes_ws/install/gps_publisher/lib/python3.10/site-packages/gps_publisher
copying /home/hermes/Hermes/hermes_ws/build/gps_publisher/build/lib/gps_publisher/gps_publisher_node.py -> /home/hermes/Hermes/hermes_ws/install/gps_publisher/lib/python3.10/site-packages/gps_publisher
copying /home/hermes/Hermes/hermes_ws/build/gps_publisher/build/lib/gps_publisher/__init__.py -> /home/hermes/Hermes/hermes_ws/install/gps_publisher/lib/python3.10/site-packages/gps_publisher
byte-compiling /home/hermes/Hermes/hermes_ws/install/gps_publisher/lib/python3.10/site-packages/gps_publisher/gps_publisher_node.py to gps_publisher_node.cpython-310.pyc
byte-compiling /home/hermes/Hermes/hermes_ws/install/gps_publisher/lib/python3.10/site-packages/gps_publisher/__init__.py to __init__.cpython-310.pyc
running install_data
copying resource/gps_publisher -> /home/hermes/Hermes/hermes_ws/install/gps_publisher/share/ament_index/resource_index/packages
copying package.xml -> /home/hermes/Hermes/hermes_ws/install/gps_publisher/share/gps_publisher
running install_egg_info
Copying ../../build/gps_publisher/gps_publisher.egg-info to /home/hermes/Hermes/hermes_ws/install/gps_publisher/lib/python3.10/site-packages/gps_publisher-0.0.0-py3.10.egg-info
running install_scripts
Installing gps_publisher_node script to /home/hermes/Hermes/hermes_ws/install/gps_publisher/lib/gps_publisher
writing list of installed files to '/home/hermes/Hermes/hermes_ws/build/gps_publisher/install.log'
