[3.870s] Invoking command in '/home/hermes/Hermes/hermes_ws/build/odometry': PYTHONPATH=/home/hermes/Hermes/hermes_ws/build/odometry/prefix_override:/home/hermes/Hermes/hermes_ws/install/odometry/lib/python3.10/site-packages:${PYTHONPATH} /usr/bin/python3 -W ignore:setup.py install is deprecated setup.py develop --uninstall --editable --build-directory /home/hermes/Hermes/hermes_ws/build/odometry/build
[4.474s] running develop
[4.476s] /usr/lib/python3/dist-packages/setuptools/command/easy_install.py:158: EasyInstallDeprecationWarning: easy_install command is deprecated. Use build and pip and other standards-based tools.
[4.476s]   warnings.warn(
[4.848s] Removing /home/hermes/Hermes/hermes_ws/install/odometry/lib/python3.10/site-packages/odometry.egg-link (link to .)
[4.949s] Invoked command in '/home/hermes/Hermes/hermes_ws/build/odometry' returned '0': PYTHONPATH=/home/hermes/Hermes/hermes_ws/build/odometry/prefix_override:/home/hermes/Hermes/hermes_ws/install/odometry/lib/python3.10/site-packages:${PYTHONPATH} /usr/bin/python3 -W ignore:setup.py install is deprecated setup.py develop --uninstall --editable --build-directory /home/hermes/Hermes/hermes_ws/build/odometry/build
[4.950s] Invoking command in '/home/hermes/Hermes/hermes_ws/src/odometry': PYTHONPATH=/home/hermes/Hermes/hermes_ws/build/odometry/prefix_override:/home/hermes/Hermes/hermes_ws/install/odometry/lib/python3.10/site-packages:${PYTHONPATH} /usr/bin/python3 -W ignore:setup.py install is deprecated setup.py egg_info --egg-base ../../build/odometry build --build-base /home/hermes/Hermes/hermes_ws/build/odometry/build install --record /home/hermes/Hermes/hermes_ws/build/odometry/install.log --single-version-externally-managed install_data --force
[5.520s] running egg_info
[5.521s] writing ../../build/odometry/odometry.egg-info/PKG-INFO
[5.522s] writing dependency_links to ../../build/odometry/odometry.egg-info/dependency_links.txt
[5.522s] writing entry points to ../../build/odometry/odometry.egg-info/entry_points.txt
[5.523s] writing requirements to ../../build/odometry/odometry.egg-info/requires.txt
[5.523s] writing top-level names to ../../build/odometry/odometry.egg-info/top_level.txt
[5.527s] reading manifest file '../../build/odometry/odometry.egg-info/SOURCES.txt'
[5.528s] adding license file 'LICENSE'
[5.529s] writing manifest file '../../build/odometry/odometry.egg-info/SOURCES.txt'
[5.529s] running build
[5.529s] running build_py
[5.530s] running install
[5.531s] running install_lib
[5.532s] creating /home/hermes/Hermes/hermes_ws/install/odometry/lib/python3.10/site-packages/odometry
[5.533s] copying /home/hermes/Hermes/hermes_ws/build/odometry/build/lib/odometry/__init__.py -> /home/hermes/Hermes/hermes_ws/install/odometry/lib/python3.10/site-packages/odometry
[5.533s] copying /home/hermes/Hermes/hermes_ws/build/odometry/build/lib/odometry/odometry_node.py -> /home/hermes/Hermes/hermes_ws/install/odometry/lib/python3.10/site-packages/odometry
[5.535s] byte-compiling /home/hermes/Hermes/hermes_ws/install/odometry/lib/python3.10/site-packages/odometry/__init__.py to __init__.cpython-310.pyc
[5.536s] byte-compiling /home/hermes/Hermes/hermes_ws/install/odometry/lib/python3.10/site-packages/odometry/odometry_node.py to odometry_node.cpython-310.pyc
[5.536s] running install_data
[5.536s] copying resource/odometry -> /home/hermes/Hermes/hermes_ws/install/odometry/share/ament_index/resource_index/packages
[5.537s] copying package.xml -> /home/hermes/Hermes/hermes_ws/install/odometry/share/odometry
[5.538s] running install_egg_info
[5.541s] Copying ../../build/odometry/odometry.egg-info to /home/hermes/Hermes/hermes_ws/install/odometry/lib/python3.10/site-packages/odometry-0.0.0-py3.10.egg-info
[5.543s] running install_scripts
[5.594s] Installing odometry_node script to /home/hermes/Hermes/hermes_ws/install/odometry/lib/odometry
[5.595s] writing list of installed files to '/home/hermes/Hermes/hermes_ws/build/odometry/install.log'
[5.687s] Invoked command in '/home/hermes/Hermes/hermes_ws/src/odometry' returned '0': PYTHONPATH=/home/hermes/Hermes/hermes_ws/build/odometry/prefix_override:/home/hermes/Hermes/hermes_ws/install/odometry/lib/python3.10/site-packages:${PYTHONPATH} /usr/bin/python3 -W ignore:setup.py install is deprecated setup.py egg_info --egg-base ../../build/odometry build --build-base /home/hermes/Hermes/hermes_ws/build/odometry/build install --record /home/hermes/Hermes/hermes_ws/build/odometry/install.log --single-version-externally-managed install_data --force
