[1.297s] Invoking command in '/home/aleksmalm/Hermes/hermes_ws/src/odometry': PYTHONPATH=/home/aleksmalm/Hermes/hermes_ws/build/odometry/prefix_override:/home/aleksmalm/Hermes/hermes_ws/install/odometry/lib/python3.10/site-packages:${PYTHONPATH} /usr/bin/python3 -W ignore:setup.py install is deprecated setup.py egg_info --egg-base ../../build/odometry build --build-base /home/aleksmalm/Hermes/hermes_ws/build/odometry/build install --record /home/aleksmalm/Hermes/hermes_ws/build/odometry/install.log --single-version-externally-managed install_data
[1.549s] running egg_info
[1.550s] creating ../../build/odometry/odometry.egg-info
[1.551s] writing ../../build/odometry/odometry.egg-info/PKG-INFO
[1.551s] writing dependency_links to ../../build/odometry/odometry.egg-info/dependency_links.txt
[1.551s] writing entry points to ../../build/odometry/odometry.egg-info/entry_points.txt
[1.551s] writing requirements to ../../build/odometry/odometry.egg-info/requires.txt
[1.551s] writing top-level names to ../../build/odometry/odometry.egg-info/top_level.txt
[1.551s] writing manifest file '../../build/odometry/odometry.egg-info/SOURCES.txt'
[1.553s] reading manifest file '../../build/odometry/odometry.egg-info/SOURCES.txt'
[1.553s] adding license file 'LICENSE'
[1.553s] writing manifest file '../../build/odometry/odometry.egg-info/SOURCES.txt'
[1.554s] running build
[1.554s] running build_py
[1.554s] creating /home/aleksmalm/Hermes/hermes_ws/build/odometry/build
[1.554s] creating /home/aleksmalm/Hermes/hermes_ws/build/odometry/build/lib
[1.554s] creating /home/aleksmalm/Hermes/hermes_ws/build/odometry/build/lib/odometry
[1.554s] copying odometry/__init__.py -> /home/aleksmalm/Hermes/hermes_ws/build/odometry/build/lib/odometry
[1.554s] copying odometry/odometry_node.py -> /home/aleksmalm/Hermes/hermes_ws/build/odometry/build/lib/odometry
[1.554s] running install
[1.555s] running install_lib
[1.555s] creating /home/aleksmalm/Hermes/hermes_ws/install/odometry/lib/python3.10/site-packages/odometry
[1.555s] copying /home/aleksmalm/Hermes/hermes_ws/build/odometry/build/lib/odometry/__init__.py -> /home/aleksmalm/Hermes/hermes_ws/install/odometry/lib/python3.10/site-packages/odometry
[1.555s] copying /home/aleksmalm/Hermes/hermes_ws/build/odometry/build/lib/odometry/odometry_node.py -> /home/aleksmalm/Hermes/hermes_ws/install/odometry/lib/python3.10/site-packages/odometry
[1.556s] byte-compiling /home/aleksmalm/Hermes/hermes_ws/install/odometry/lib/python3.10/site-packages/odometry/__init__.py to __init__.cpython-310.pyc
[1.556s] byte-compiling /home/aleksmalm/Hermes/hermes_ws/install/odometry/lib/python3.10/site-packages/odometry/odometry_node.py to odometry_node.cpython-310.pyc
[1.556s] running install_data
[1.556s] creating /home/aleksmalm/Hermes/hermes_ws/install/odometry/share/ament_index
[1.556s] creating /home/aleksmalm/Hermes/hermes_ws/install/odometry/share/ament_index/resource_index
[1.556s] creating /home/aleksmalm/Hermes/hermes_ws/install/odometry/share/ament_index/resource_index/packages
[1.556s] copying resource/odometry -> /home/aleksmalm/Hermes/hermes_ws/install/odometry/share/ament_index/resource_index/packages
[1.556s] copying package.xml -> /home/aleksmalm/Hermes/hermes_ws/install/odometry/share/odometry
[1.556s] running install_egg_info
[1.558s] Copying ../../build/odometry/odometry.egg-info to /home/aleksmalm/Hermes/hermes_ws/install/odometry/lib/python3.10/site-packages/odometry-0.0.0-py3.10.egg-info
[1.559s] running install_scripts
[1.581s] Installing odometry_node script to /home/aleksmalm/Hermes/hermes_ws/install/odometry/lib/odometry
[1.581s] writing list of installed files to '/home/aleksmalm/Hermes/hermes_ws/build/odometry/install.log'
[1.613s] Invoked command in '/home/aleksmalm/Hermes/hermes_ws/src/odometry' returned '0': PYTHONPATH=/home/aleksmalm/Hermes/hermes_ws/build/odometry/prefix_override:/home/aleksmalm/Hermes/hermes_ws/install/odometry/lib/python3.10/site-packages:${PYTHONPATH} /usr/bin/python3 -W ignore:setup.py install is deprecated setup.py egg_info --egg-base ../../build/odometry build --build-base /home/aleksmalm/Hermes/hermes_ws/build/odometry/build install --record /home/aleksmalm/Hermes/hermes_ws/build/odometry/install.log --single-version-externally-managed install_data
