[4.421s] Invoking command in '/home/hermes/Hermes/hermes_ws/src/tof_publisher': PYTHONPATH=/home/hermes/Hermes/hermes_ws/build/tof_publisher/prefix_override:/home/hermes/Hermes/hermes_ws/install/tof_publisher/lib/python3.10/site-packages:${PYTHONPATH} /usr/bin/python3 -W ignore:setup.py install is deprecated setup.py egg_info --egg-base ../../build/tof_publisher build --build-base /home/hermes/Hermes/hermes_ws/build/tof_publisher/build install --record /home/hermes/Hermes/hermes_ws/build/tof_publisher/install.log --install-scripts $base/lib/tof_publisher --single-version-externally-managed install_data
[5.055s] /usr/lib/python3/dist-packages/setuptools/dist.py:723: UserWarning: Usage of dash-separated 'script-dir' will not be supported in future versions. Please use the underscore name 'script_dir' instead
[5.056s]   warnings.warn(
[5.074s] running egg_info
[5.076s] writing ../../build/tof_publisher/tof_publisher.egg-info/PKG-INFO
[5.077s] writing dependency_links to ../../build/tof_publisher/tof_publisher.egg-info/dependency_links.txt
[5.077s] writing entry points to ../../build/tof_publisher/tof_publisher.egg-info/entry_points.txt
[5.079s] writing requirements to ../../build/tof_publisher/tof_publisher.egg-info/requires.txt
[5.080s] writing top-level names to ../../build/tof_publisher/tof_publisher.egg-info/top_level.txt
[5.083s] reading manifest file '../../build/tof_publisher/tof_publisher.egg-info/SOURCES.txt'
[5.084s] writing manifest file '../../build/tof_publisher/tof_publisher.egg-info/SOURCES.txt'
[5.085s] running build
[5.085s] running build_py
[5.086s] running install
[5.087s] running install_lib
[5.090s] running install_data
[5.090s] running install_egg_info
[5.095s] removing '/home/hermes/Hermes/hermes_ws/install/tof_publisher/lib/python3.10/site-packages/tof_publisher-0.0.0-py3.10.egg-info' (and everything under it)
[5.096s] Copying ../../build/tof_publisher/tof_publisher.egg-info to /home/hermes/Hermes/hermes_ws/install/tof_publisher/lib/python3.10/site-packages/tof_publisher-0.0.0-py3.10.egg-info
[5.098s] running install_scripts
[5.171s] Installing tof_data script to /home/hermes/Hermes/hermes_ws/install/tof_publisher/lib/tof_publisher
[5.172s] writing list of installed files to '/home/hermes/Hermes/hermes_ws/build/tof_publisher/install.log'
[5.246s] Invoked command in '/home/hermes/Hermes/hermes_ws/src/tof_publisher' returned '0': PYTHONPATH=/home/hermes/Hermes/hermes_ws/build/tof_publisher/prefix_override:/home/hermes/Hermes/hermes_ws/install/tof_publisher/lib/python3.10/site-packages:${PYTHONPATH} /usr/bin/python3 -W ignore:setup.py install is deprecated setup.py egg_info --egg-base ../../build/tof_publisher build --build-base /home/hermes/Hermes/hermes_ws/build/tof_publisher/build install --record /home/hermes/Hermes/hermes_ws/build/tof_publisher/install.log --install-scripts $base/lib/tof_publisher --single-version-externally-managed install_data
