[  3%] Built target ament_cmake_python_symlink_scripts
[  5%] Built target gtest
[  6%] Built target gtest_main
[ 10%] Built target mock_robot_state_publisher
[ 15%] Built target gazebo_ros_utils
[ 20%] Built target gazebo_ros_node
[ 23%] Built target mock_gazebo_ros_factory
[ 28%] [32mBuilding CXX object CMakeFiles/gazebo_ros_init.dir/src/gazebo_ros_init.cpp.o[0m
[ 28%] [32mBuilding CXX object CMakeFiles/gazebo_ros_properties.dir/src/gazebo_ros_properties.cpp.o[0m
[ 28%] [32mBuilding CXX object CMakeFiles/gazebo_ros_factory.dir/src/gazebo_ros_factory.cpp.o[0m
[ 30%] [32mBuilding CXX object CMakeFiles/gazebo_ros_state.dir/src/gazebo_ros_state.cpp.o[0m
[ 33%] Built target gazebo_ros_force_system
[ 36%] Built target args_init
[ 40%] Built target create_node_without_init
[ 43%] Built target multiple_nodes
[ 46%] Built target ros_world_plugin
[ 50%] Built target sdf_node
running egg_info
writing scripts.egg-info/PKG-INFO
writing dependency_links to scripts.egg-info/dependency_links.txt
writing top-level names to scripts.egg-info/top_level.txt
reading manifest file 'scripts.egg-info/SOURCES.txt'
writing manifest file 'scripts.egg-info/SOURCES.txt'
[ 53%] Built target test_conversions
[ 53%] Built target ament_cmake_python_build_scripts_egg
[ 55%] [32mBuilding CXX object test/CMakeFiles/test_gazebo_ros_init.dir/test_gazebo_ros_init.cpp.o[0m
[ 58%] Built target test_gazebo_ros_factory
[ 60%] [32mBuilding CXX object test/CMakeFiles/test_gazebo_ros_joint_effort.dir/test_gazebo_ros_joint_effort.cpp.o[0m
[ 61%] [32m[1mLinking CXX shared library libgazebo_ros_state.so[0m
[ 63%] [32m[1mLinking CXX shared library libgazebo_ros_factory.so[0m
[ 63%] Built target gazebo_ros_state
[ 65%] [32mBuilding CXX object test/CMakeFiles/test_gazebo_ros_link_wrench.dir/test_gazebo_ros_link_wrench.cpp.o[0m
[ 66%] [32m[1mLinking CXX shared library libgazebo_ros_init.so[0m
[ 66%] Built target gazebo_ros_factory
[ 68%] [32mBuilding CXX object test/CMakeFiles/test_gazebo_ros_properties.dir/test_gazebo_ros_properties.cpp.o[0m
[ 68%] Built target gazebo_ros_init
[ 70%] [32mBuilding CXX object test/CMakeFiles/test_gazebo_ros_state.dir/test_gazebo_ros_state.cpp.o[0m
[ 71%] [32m[1mLinking CXX shared library libgazebo_ros_properties.so[0m
[ 71%] Built target gazebo_ros_properties
[ 73%] [32mBuilding CXX object test/CMakeFiles/test_node.dir/test_node.cpp.o[0m
[ 75%] [32m[1mLinking CXX executable test_gazebo_ros_init[0m
[ 75%] Built target test_gazebo_ros_init
[ 76%] [32m[1mLinking CXX executable test_gazebo_ros_joint_effort[0m
[ 78%] [32m[1mLinking CXX executable test_node[0m
[ 78%] Built target test_gazebo_ros_joint_effort
[ 78%] Built target test_node
[ 80%] [32mBuilding CXX object test/CMakeFiles/test_qos.dir/test_qos.cpp.o[0m
[ 81%] [32mBuilding CXX object test/CMakeFiles/test_plugins.dir/test_plugins.cpp.o[0m
[ 83%] [32mBuilding CXX object test/CMakeFiles/test_reject_duplicate_nodes.dir/test_reject_duplicate_nodes.cpp.o[0m
[ 85%] [32m[1mLinking CXX executable test_qos[0m
[ 85%] Built target test_qos
[ 86%] [32mBuilding CXX object test/CMakeFiles/test_sim_time.dir/test_sim_time.cpp.o[0m
[ 88%] [32m[1mLinking CXX executable test_reject_duplicate_nodes[0m
[ 90%] [32m[1mLinking CXX executable test_gazebo_ros_link_wrench[0m
[ 91%] [32m[1mLinking CXX executable test_plugins[0m
[ 91%] Built target test_reject_duplicate_nodes
[ 91%] Built target test_plugins
[ 91%] Built target test_gazebo_ros_link_wrench
[ 93%] [32m[1mLinking CXX executable test_gazebo_ros_properties[0m
[ 95%] [32m[1mLinking CXX executable test_sim_time[0m
[ 95%] Built target test_sim_time
[ 96%] [32mBuilding CXX object test/CMakeFiles/test_utils.dir/test_utils.cpp.o[0m
[ 96%] Built target test_gazebo_ros_properties
[ 98%] [32m[1mLinking CXX executable test_gazebo_ros_state[0m
[ 98%] Built target test_gazebo_ros_state
[100%] [32m[1mLinking CXX executable test_utils[0m
[100%] Built target test_utils
-- Install configuration: ""
-- Execute custom install script
-- Symlinking: /home/hermes/Hermes/hermes_ws/install/gazebo_ros/share/gazebo_ros/environment/pythonpath.sh
-- Symlinking: /home/hermes/Hermes/hermes_ws/install/gazebo_ros/share/gazebo_ros/environment/pythonpath.dsv
-- Symlinking: /home/hermes/Hermes/hermes_ws/install/gazebo_ros/local/lib/python3.10/dist-packages/scripts-3.7.0-py3.10.egg-info/PKG-INFO
-- Symlinking: /home/hermes/Hermes/hermes_ws/install/gazebo_ros/local/lib/python3.10/dist-packages/scripts-3.7.0-py3.10.egg-info/SOURCES.txt
-- Symlinking: /home/hermes/Hermes/hermes_ws/install/gazebo_ros/local/lib/python3.10/dist-packages/scripts-3.7.0-py3.10.egg-info/dependency_links.txt
-- Symlinking: /home/hermes/Hermes/hermes_ws/install/gazebo_ros/local/lib/python3.10/dist-packages/scripts-3.7.0-py3.10.egg-info/top_level.txt
-- Symlinking: /home/hermes/Hermes/hermes_ws/install/gazebo_ros/local/lib/python3.10/dist-packages/scripts/__init__.py
-- Symlinking: /home/hermes/Hermes/hermes_ws/install/gazebo_ros/local/lib/python3.10/dist-packages/scripts/gazebo_ros_paths.py
-- Symlinking: /home/hermes/Hermes/hermes_ws/install/gazebo_ros/local/lib/python3.10/dist-packages/scripts/spawn_entity.py
-- Symlinking: /home/hermes/Hermes/hermes_ws/install/gazebo_ros/share/gazebo_ros/environment/library_path.sh
-- Symlinking: /home/hermes/Hermes/hermes_ws/install/gazebo_ros/share/gazebo_ros/environment/library_path.dsv
-- Symlinking: /home/hermes/Hermes/hermes_ws/install/gazebo_ros/share/ament_index/resource_index/package_run_dependencies/gazebo_ros
-- Symlinking: /home/hermes/Hermes/hermes_ws/install/gazebo_ros/share/ament_index/resource_index/parent_prefix_path/gazebo_ros
-- Symlinking: /home/hermes/Hermes/hermes_ws/install/gazebo_ros/share/gazebo_ros/environment/ament_prefix_path.sh
-- Symlinking: /home/hermes/Hermes/hermes_ws/install/gazebo_ros/share/gazebo_ros/environment/ament_prefix_path.dsv
-- Symlinking: /home/hermes/Hermes/hermes_ws/install/gazebo_ros/share/gazebo_ros/environment/path.sh
-- Symlinking: /home/hermes/Hermes/hermes_ws/install/gazebo_ros/share/gazebo_ros/environment/path.dsv
-- Symlinking: /home/hermes/Hermes/hermes_ws/install/gazebo_ros/share/gazebo_ros/local_setup.bash
-- Symlinking: /home/hermes/Hermes/hermes_ws/install/gazebo_ros/share/gazebo_ros/local_setup.sh
-- Symlinking: /home/hermes/Hermes/hermes_ws/install/gazebo_ros/share/gazebo_ros/local_setup.zsh
-- Symlinking: /home/hermes/Hermes/hermes_ws/install/gazebo_ros/share/gazebo_ros/local_setup.dsv
-- Symlinking: /home/hermes/Hermes/hermes_ws/install/gazebo_ros/share/gazebo_ros/package.dsv
-- Symlinking: /home/hermes/Hermes/hermes_ws/install/gazebo_ros/share/ament_index/resource_index/packages/gazebo_ros
-- Symlinking: /home/hermes/Hermes/hermes_ws/install/gazebo_ros/share/gazebo_ros/cmake/ament_cmake_export_libraries-extras.cmake
-- Symlinking: /home/hermes/Hermes/hermes_ws/install/gazebo_ros/share/gazebo_ros/cmake/ament_cmake_export_include_directories-extras.cmake
-- Symlinking: /home/hermes/Hermes/hermes_ws/install/gazebo_ros/share/gazebo_ros/cmake/ament_cmake_export_dependencies-extras.cmake
-- Symlinking: /home/hermes/Hermes/hermes_ws/install/gazebo_ros/share/gazebo_ros/cmake/gazebo_rosConfig.cmake
-- Symlinking: /home/hermes/Hermes/hermes_ws/install/gazebo_ros/share/gazebo_ros/cmake/gazebo_rosConfig-version.cmake
-- Symlinking: /home/hermes/Hermes/hermes_ws/install/gazebo_ros/share/gazebo_ros/package.xml
-- Symlinking: /home/hermes/Hermes/hermes_ws/install/gazebo_ros/include/gazebo_ros/conversions/builtin_interfaces.hpp
-- Symlinking: /home/hermes/Hermes/hermes_ws/install/gazebo_ros/include/gazebo_ros/conversions/gazebo_msgs.hpp
-- Symlinking: /home/hermes/Hermes/hermes_ws/install/gazebo_ros/include/gazebo_ros/conversions/generic.hpp
-- Symlinking: /home/hermes/Hermes/hermes_ws/install/gazebo_ros/include/gazebo_ros/conversions/geometry_msgs.hpp
-- Symlinking: /home/hermes/Hermes/hermes_ws/install/gazebo_ros/include/gazebo_ros/conversions/sensor_msgs.hpp
-- Symlinking: /home/hermes/Hermes/hermes_ws/install/gazebo_ros/include/gazebo_ros/executor.hpp
-- Symlinking: /home/hermes/Hermes/hermes_ws/install/gazebo_ros/include/gazebo_ros/gazebo_ros_factory.hpp
-- Symlinking: /home/hermes/Hermes/hermes_ws/install/gazebo_ros/include/gazebo_ros/gazebo_ros_force_system.hpp
-- Symlinking: /home/hermes/Hermes/hermes_ws/install/gazebo_ros/include/gazebo_ros/gazebo_ros_init.hpp
-- Symlinking: /home/hermes/Hermes/hermes_ws/install/gazebo_ros/include/gazebo_ros/gazebo_ros_properties.hpp
-- Symlinking: /home/hermes/Hermes/hermes_ws/install/gazebo_ros/include/gazebo_ros/gazebo_ros_state.hpp
-- Symlinking: /home/hermes/Hermes/hermes_ws/install/gazebo_ros/include/gazebo_ros/node.hpp
-- Symlinking: /home/hermes/Hermes/hermes_ws/install/gazebo_ros/include/gazebo_ros/node_visibility_control.h
-- Symlinking: /home/hermes/Hermes/hermes_ws/install/gazebo_ros/include/gazebo_ros/qos.hpp
-- Symlinking: /home/hermes/Hermes/hermes_ws/install/gazebo_ros/include/gazebo_ros/testing_utils.hpp
-- Symlinking: /home/hermes/Hermes/hermes_ws/install/gazebo_ros/include/gazebo_ros/utils.hpp
-- Symlinking: /home/hermes/Hermes/hermes_ws/install/gazebo_ros/include/gazebo_ros/utils_visibility_control.h
-- Symlinking: /home/hermes/Hermes/hermes_ws/install/gazebo_ros/lib/gazebo_ros//gazebo_ros_paths.py
-- Symlinking: /home/hermes/Hermes/hermes_ws/install/gazebo_ros/lib/libgazebo_ros_factory.so
-- Symlinking: /home/hermes/Hermes/hermes_ws/install/gazebo_ros/lib/libgazebo_ros_force_system.so
-- Symlinking: /home/hermes/Hermes/hermes_ws/install/gazebo_ros/lib/libgazebo_ros_init.so
-- Symlinking: /home/hermes/Hermes/hermes_ws/install/gazebo_ros/lib/libgazebo_ros_node.so
-- Symlinking: /home/hermes/Hermes/hermes_ws/install/gazebo_ros/lib/libgazebo_ros_properties.so
-- Symlinking: /home/hermes/Hermes/hermes_ws/install/gazebo_ros/lib/libgazebo_ros_state.so
-- Symlinking: /home/hermes/Hermes/hermes_ws/install/gazebo_ros/lib/libgazebo_ros_utils.so
-- Symlinking: /home/hermes/Hermes/hermes_ws/install/gazebo_ros/lib/gazebo_ros//spawn_entity.py
-- Symlinking: /home/hermes/Hermes/hermes_ws/install/gazebo_ros/share/gazebo_ros//launch/gazebo.launch.py
-- Symlinking: /home/hermes/Hermes/hermes_ws/install/gazebo_ros/share/gazebo_ros//launch/gzclient.launch.py
-- Symlinking: /home/hermes/Hermes/hermes_ws/install/gazebo_ros/share/gazebo_ros//launch/gzserver.launch.py
-- Symlinking: /home/hermes/Hermes/hermes_ws/install/gazebo_ros/share/gazebo_ros//launch/spawn_entity_demo.launch.py
-- Symlinking: /home/hermes/Hermes/hermes_ws/install/gazebo_ros/share/gazebo_ros//worlds/empty.world
-- Symlinking: /home/hermes/Hermes/hermes_ws/install/gazebo_ros/share/gazebo_ros//worlds/gazebo_ros_force_system_demo.world
-- Symlinking: /home/hermes/Hermes/hermes_ws/install/gazebo_ros/share/gazebo_ros//worlds/gazebo_ros_properties_demo.world
-- Symlinking: /home/hermes/Hermes/hermes_ws/install/gazebo_ros/share/gazebo_ros//worlds/gazebo_ros_state_demo.world
Listing '/home/hermes/Hermes/hermes_ws/install/gazebo_ros/local/lib/python3.10/dist-packages/scripts'...
Compiling '/home/hermes/Hermes/hermes_ws/install/gazebo_ros/local/lib/python3.10/dist-packages/scripts/__init__.py'...
Compiling '/home/hermes/Hermes/hermes_ws/install/gazebo_ros/local/lib/python3.10/dist-packages/scripts/gazebo_ros_paths.py'...
Compiling '/home/hermes/Hermes/hermes_ws/install/gazebo_ros/local/lib/python3.10/dist-packages/scripts/spawn_entity.py'...
