[0.747s] Invoking command in '/home/raivo/Hermes_Latest_version/hermes_ws/build/imu_filter_madgwick': CMAKE_PREFIX_PATH=/opt/ros/humble /usr/bin/cmake /home/raivo/Hermes_Latest_version/hermes_ws/src/imu_filter_madgwick -DCMAKE_INSTALL_PREFIX=/home/raivo/Hermes_Latest_version/hermes_ws/install/imu_filter_madgwick
[1.409s] -- The C compiler identification is GNU 11.4.0
[1.410s] -- The CXX compiler identification is GNU 11.4.0
[1.410s] -- Detecting C compiler ABI info
[1.410s] -- Detecting C compiler ABI info - done
[1.410s] -- Check for working C compiler: /usr/bin/cc - skipped
[1.410s] -- Detecting C compile features
[1.410s] -- Detecting C compile features - done
[1.410s] -- Detecting CXX compiler ABI info
[1.410s] -- Detecting CXX compiler ABI info - done
[1.410s] -- Check for working CXX compiler: /usr/bin/c++ - skipped
[1.410s] -- Detecting CXX compile features
[1.410s] -- Detecting CXX compile features - done
[1.410s] -- Found ament_cmake: 1.3.9 (/opt/ros/humble/share/ament_cmake/cmake)
[1.410s] -- Found Python3: /usr/bin/python3 (found version "3.10.12") found components: Interpreter 
[1.410s] -- Found rclcpp: 16.0.9 (/opt/ros/humble/share/rclcpp/cmake)
[1.410s] -- Found rosidl_generator_c: 3.1.5 (/opt/ros/humble/share/rosidl_generator_c/cmake)
[1.410s] -- Found rosidl_adapter: 3.1.5 (/opt/ros/humble/share/rosidl_adapter/cmake)
[1.411s] -- Found rosidl_generator_cpp: 3.1.5 (/opt/ros/humble/share/rosidl_generator_cpp/cmake)
[1.411s] -- Using all available rosidl_typesupport_c: rosidl_typesupport_fastrtps_c;rosidl_typesupport_introspection_c
[1.411s] -- Using all available rosidl_typesupport_cpp: rosidl_typesupport_fastrtps_cpp;rosidl_typesupport_introspection_cpp
[1.411s] -- Found rmw_implementation_cmake: 6.1.2 (/opt/ros/humble/share/rmw_implementation_cmake/cmake)
[1.411s] -- Found rmw_fastrtps_cpp: 6.2.6 (/opt/ros/humble/share/rmw_fastrtps_cpp/cmake)
[1.411s] -- Found OpenSSL: /usr/lib/x86_64-linux-gnu/libcrypto.so (found version "3.0.2")  
[1.411s] -- Found FastRTPS: /opt/ros/humble/include  
[1.411s] -- Using RMW implementation 'rmw_fastrtps_cpp' as default
[1.411s] -- Looking for pthread.h
[1.466s] -- Looking for pthread.h - found
[1.466s] -- Performing Test CMAKE_HAVE_LIBC_PTHREAD
[1.562s] -- Performing Test CMAKE_HAVE_LIBC_PTHREAD - Success
[1.569s] -- Found Threads: TRUE  
[1.806s] -- Found rclcpp_components: 16.0.9 (/opt/ros/humble/share/rclcpp_components/cmake)
[1.886s] -- Found geometry_msgs: 4.2.4 (/opt/ros/humble/share/geometry_msgs/cmake)
[1.919s] -- Found tf2_geometry_msgs: 0.25.7 (/opt/ros/humble/share/tf2_geometry_msgs/cmake)
[1.938s] -- Found eigen3_cmake_module: 0.1.1 (/opt/ros/humble/share/eigen3_cmake_module/cmake)
[1.938s] -- Found Eigen3: TRUE (found version "3.4.0") 
[1.938s] -- Ensuring Eigen3 include directory is part of orocos-kdl CMake target
[2.342s] -- Found sensor_msgs: 4.2.4 (/opt/ros/humble/share/sensor_msgs/cmake)
[2.444s] -- Found ament_cmake_gtest: 1.3.9 (/opt/ros/humble/share/ament_cmake_gtest/cmake)
[2.448s] -- Found gtest sources under '/opt/ros/humble/src/gtest_vendor': C++ tests using 'Google Test' will be built
[2.515s] -- Configuring done
[2.542s] -- Generating done
[2.544s] -- Build files have been written to: /home/raivo/Hermes_Latest_version/hermes_ws/build/imu_filter_madgwick
[2.738s] Invoked command in '/home/raivo/Hermes_Latest_version/hermes_ws/build/imu_filter_madgwick' returned '0': CMAKE_PREFIX_PATH=/opt/ros/humble /usr/bin/cmake /home/raivo/Hermes_Latest_version/hermes_ws/src/imu_filter_madgwick -DCMAKE_INSTALL_PREFIX=/home/raivo/Hermes_Latest_version/hermes_ws/install/imu_filter_madgwick
[2.739s] Invoking command in '/home/raivo/Hermes_Latest_version/hermes_ws/build/imu_filter_madgwick': CMAKE_PREFIX_PATH=/opt/ros/humble /usr/bin/cmake --build /home/raivo/Hermes_Latest_version/hermes_ws/build/imu_filter_madgwick -- -j12 -l12
[2.776s] [ 14%] [32mBuilding CXX object gtest/CMakeFiles/gtest_main.dir/src/gtest_main.cc.o[0m
[2.776s] [ 14%] [32mBuilding CXX object gtest/CMakeFiles/gtest.dir/src/gtest-all.cc.o[0m
[2.778s] [ 21%] [32mBuilding CXX object CMakeFiles/imu_filter_madgwick.dir/src/imu_filter.cpp.o[0m
[2.779s] [ 35%] [32mBuilding CXX object CMakeFiles/imu_filter_madgwick.dir/src/imu_filter_ros.cpp.o[0m
[2.779s] [ 35%] [32mBuilding CXX object CMakeFiles/imu_filter_madgwick.dir/src/stateless_orientation.cpp.o[0m
[3.686s] [ 42%] [32m[1mLinking CXX static library libgtest_main.a[0m
[3.715s] [ 42%] Built target gtest_main
[5.264s] [ 50%] [32m[1mLinking CXX static library libgtest.a[0m
[5.311s] [ 50%] Built target gtest
[14.130s] [ 57%] [32m[1mLinking CXX shared library libimu_filter_madgwick.so[0m
[14.763s] [ 57%] Built target imu_filter_madgwick
[14.780s] [ 64%] [32mBuilding CXX object test/CMakeFiles/madgwick_test.dir/madgwick_test.cpp.o[0m
[14.781s] [ 78%] [32mBuilding CXX object test/CMakeFiles/stateless_orientation_test.dir/stateless_orientation_test.cpp.o[0m
[14.781s] [ 78%] [32mBuilding CXX object CMakeFiles/imu_filter_madgwick_node.dir/src/imu_filter_node.cpp.o[0m
[15.626s] [ 85%] [32m[1mLinking CXX executable madgwick_test[0m
[16.023s] [ 92%] [32m[1mLinking CXX executable stateless_orientation_test[0m
[16.061s] [ 92%] Built target madgwick_test
[16.345s] [ 92%] Built target stateless_orientation_test
[16.626s] [100%] [32m[1mLinking CXX executable imu_filter_madgwick_node[0m
[16.861s] [100%] Built target imu_filter_madgwick_node
[16.869s] Invoked command in '/home/raivo/Hermes_Latest_version/hermes_ws/build/imu_filter_madgwick' returned '0': CMAKE_PREFIX_PATH=/opt/ros/humble /usr/bin/cmake --build /home/raivo/Hermes_Latest_version/hermes_ws/build/imu_filter_madgwick -- -j12 -l12
[16.896s] Invoking command in '/home/raivo/Hermes_Latest_version/hermes_ws/build/imu_filter_madgwick': CMAKE_PREFIX_PATH=/opt/ros/humble /usr/bin/cmake --install /home/raivo/Hermes_Latest_version/hermes_ws/build/imu_filter_madgwick
[16.900s] -- Install configuration: ""
[16.900s] -- Installing: /home/raivo/Hermes_Latest_version/hermes_ws/install/imu_filter_madgwick/lib/libimu_filter_madgwick.so
[16.906s] -- Set runtime path of "/home/raivo/Hermes_Latest_version/hermes_ws/install/imu_filter_madgwick/lib/libimu_filter_madgwick.so" to ""
[16.906s] -- Installing: /home/raivo/Hermes_Latest_version/hermes_ws/install/imu_filter_madgwick/include
[16.906s] -- Installing: /home/raivo/Hermes_Latest_version/hermes_ws/install/imu_filter_madgwick/include/imu_filter_madgwick
[16.906s] -- Installing: /home/raivo/Hermes_Latest_version/hermes_ws/install/imu_filter_madgwick/include/imu_filter_madgwick/imu_filter_ros.h
[16.906s] -- Installing: /home/raivo/Hermes_Latest_version/hermes_ws/install/imu_filter_madgwick/include/imu_filter_madgwick/base_node.hpp
[16.906s] -- Installing: /home/raivo/Hermes_Latest_version/hermes_ws/install/imu_filter_madgwick/include/imu_filter_madgwick/stateless_orientation.h
[16.907s] -- Installing: /home/raivo/Hermes_Latest_version/hermes_ws/install/imu_filter_madgwick/include/imu_filter_madgwick/imu_filter.h
[16.907s] -- Installing: /home/raivo/Hermes_Latest_version/hermes_ws/install/imu_filter_madgwick/include/imu_filter_madgwick/world_frame.h
[16.907s] -- Installing: /home/raivo/Hermes_Latest_version/hermes_ws/install/imu_filter_madgwick/include/imu_filter_madgwick/visibility_control.h
[16.907s] -- Installing: /home/raivo/Hermes_Latest_version/hermes_ws/install/imu_filter_madgwick/lib/imu_filter_madgwick/imu_filter_madgwick_node
[16.907s] -- Set runtime path of "/home/raivo/Hermes_Latest_version/hermes_ws/install/imu_filter_madgwick/lib/imu_filter_madgwick/imu_filter_madgwick_node" to ""
[16.907s] -- Installing: /home/raivo/Hermes_Latest_version/hermes_ws/install/imu_filter_madgwick/share/imu_filter_madgwick/launch
[16.907s] -- Installing: /home/raivo/Hermes_Latest_version/hermes_ws/install/imu_filter_madgwick/share/imu_filter_madgwick/launch/imu_filter_component.launch.py
[16.907s] -- Installing: /home/raivo/Hermes_Latest_version/hermes_ws/install/imu_filter_madgwick/share/imu_filter_madgwick/launch/imu_filter.launch.py
[16.907s] -- Installing: /home/raivo/Hermes_Latest_version/hermes_ws/install/imu_filter_madgwick/share/imu_filter_madgwick/launch/__pycache__
[16.907s] -- Installing: /home/raivo/Hermes_Latest_version/hermes_ws/install/imu_filter_madgwick/share/imu_filter_madgwick/launch/__pycache__/imu_filter.launch.cpython-310.pyc
[16.907s] -- Installing: /home/raivo/Hermes_Latest_version/hermes_ws/install/imu_filter_madgwick/share/imu_filter_madgwick/config
[16.907s] -- Installing: /home/raivo/Hermes_Latest_version/hermes_ws/install/imu_filter_madgwick/share/imu_filter_madgwick/config/imu_filter.yaml
[16.908s] -- Installing: /home/raivo/Hermes_Latest_version/hermes_ws/install/imu_filter_madgwick/share/imu_filter_madgwick/environment/library_path.sh
[16.908s] -- Installing: /home/raivo/Hermes_Latest_version/hermes_ws/install/imu_filter_madgwick/share/imu_filter_madgwick/environment/library_path.dsv
[16.908s] -- Installing: /home/raivo/Hermes_Latest_version/hermes_ws/install/imu_filter_madgwick/share/ament_index/resource_index/package_run_dependencies/imu_filter_madgwick
[16.908s] -- Installing: /home/raivo/Hermes_Latest_version/hermes_ws/install/imu_filter_madgwick/share/ament_index/resource_index/parent_prefix_path/imu_filter_madgwick
[16.908s] -- Installing: /home/raivo/Hermes_Latest_version/hermes_ws/install/imu_filter_madgwick/share/imu_filter_madgwick/environment/ament_prefix_path.sh
[16.908s] -- Installing: /home/raivo/Hermes_Latest_version/hermes_ws/install/imu_filter_madgwick/share/imu_filter_madgwick/environment/ament_prefix_path.dsv
[16.908s] -- Installing: /home/raivo/Hermes_Latest_version/hermes_ws/install/imu_filter_madgwick/share/imu_filter_madgwick/environment/path.sh
[16.908s] -- Installing: /home/raivo/Hermes_Latest_version/hermes_ws/install/imu_filter_madgwick/share/imu_filter_madgwick/environment/path.dsv
[16.908s] -- Installing: /home/raivo/Hermes_Latest_version/hermes_ws/install/imu_filter_madgwick/share/imu_filter_madgwick/local_setup.bash
[16.908s] -- Installing: /home/raivo/Hermes_Latest_version/hermes_ws/install/imu_filter_madgwick/share/imu_filter_madgwick/local_setup.sh
[16.908s] -- Installing: /home/raivo/Hermes_Latest_version/hermes_ws/install/imu_filter_madgwick/share/imu_filter_madgwick/local_setup.zsh
[16.908s] -- Installing: /home/raivo/Hermes_Latest_version/hermes_ws/install/imu_filter_madgwick/share/imu_filter_madgwick/local_setup.dsv
[16.909s] -- Installing: /home/raivo/Hermes_Latest_version/hermes_ws/install/imu_filter_madgwick/share/imu_filter_madgwick/package.dsv
[16.909s] -- Installing: /home/raivo/Hermes_Latest_version/hermes_ws/install/imu_filter_madgwick/share/ament_index/resource_index/packages/imu_filter_madgwick
[16.909s] -- Installing: /home/raivo/Hermes_Latest_version/hermes_ws/install/imu_filter_madgwick/share/ament_index/resource_index/rclcpp_components/imu_filter_madgwick
[16.909s] -- Installing: /home/raivo/Hermes_Latest_version/hermes_ws/install/imu_filter_madgwick/share/imu_filter_madgwick/cmake/export_imu_filter_madgwickExport.cmake
[16.909s] -- Installing: /home/raivo/Hermes_Latest_version/hermes_ws/install/imu_filter_madgwick/share/imu_filter_madgwick/cmake/export_imu_filter_madgwickExport-noconfig.cmake
[16.909s] -- Installing: /home/raivo/Hermes_Latest_version/hermes_ws/install/imu_filter_madgwick/share/imu_filter_madgwick/cmake/ament_cmake_export_include_directories-extras.cmake
[16.909s] -- Installing: /home/raivo/Hermes_Latest_version/hermes_ws/install/imu_filter_madgwick/share/imu_filter_madgwick/cmake/ament_cmake_export_libraries-extras.cmake
[16.909s] -- Installing: /home/raivo/Hermes_Latest_version/hermes_ws/install/imu_filter_madgwick/share/imu_filter_madgwick/cmake/ament_cmake_export_targets-extras.cmake
[16.909s] -- Installing: /home/raivo/Hermes_Latest_version/hermes_ws/install/imu_filter_madgwick/share/imu_filter_madgwick/cmake/imu_filter_madgwickConfig.cmake
[16.910s] -- Installing: /home/raivo/Hermes_Latest_version/hermes_ws/install/imu_filter_madgwick/share/imu_filter_madgwick/cmake/imu_filter_madgwickConfig-version.cmake
[16.910s] -- Installing: /home/raivo/Hermes_Latest_version/hermes_ws/install/imu_filter_madgwick/share/imu_filter_madgwick/package.xml
[16.910s] Invoked command in '/home/raivo/Hermes_Latest_version/hermes_ws/build/imu_filter_madgwick' returned '0': CMAKE_PREFIX_PATH=/opt/ros/humble /usr/bin/cmake --install /home/raivo/Hermes_Latest_version/hermes_ws/build/imu_filter_madgwick
