[1.443s] Invoking command in '/home/aleksmalm/Hermes/hermes_ws/src/loc_diff/nav2_gps_waypoint_follower_demo': PYTHONPATH=/home/aleksmalm/Hermes/hermes_ws/build/nav2_gps_waypoint_follower_demo/prefix_override:/home/aleksmalm/Hermes/hermes_ws/install/nav2_gps_waypoint_follower_demo/lib/python3.10/site-packages:${PYTHONPATH} /usr/bin/python3 -W ignore:setup.py install is deprecated setup.py egg_info --egg-base ../../../build/nav2_gps_waypoint_follower_demo build --build-base /home/aleksmalm/Hermes/hermes_ws/build/nav2_gps_waypoint_follower_demo/build install --record /home/aleksmalm/Hermes/hermes_ws/build/nav2_gps_waypoint_follower_demo/install.log --single-version-externally-managed install_data
[1.698s] running egg_info
[1.699s] writing ../../../build/nav2_gps_waypoint_follower_demo/nav2_gps_waypoint_follower_demo.egg-info/PKG-INFO
[1.700s] writing dependency_links to ../../../build/nav2_gps_waypoint_follower_demo/nav2_gps_waypoint_follower_demo.egg-info/dependency_links.txt
[1.700s] writing entry points to ../../../build/nav2_gps_waypoint_follower_demo/nav2_gps_waypoint_follower_demo.egg-info/entry_points.txt
[1.700s] writing requirements to ../../../build/nav2_gps_waypoint_follower_demo/nav2_gps_waypoint_follower_demo.egg-info/requires.txt
[1.700s] writing top-level names to ../../../build/nav2_gps_waypoint_follower_demo/nav2_gps_waypoint_follower_demo.egg-info/top_level.txt
[1.702s] reading manifest file '../../../build/nav2_gps_waypoint_follower_demo/nav2_gps_waypoint_follower_demo.egg-info/SOURCES.txt'
[1.704s] writing manifest file '../../../build/nav2_gps_waypoint_follower_demo/nav2_gps_waypoint_follower_demo.egg-info/SOURCES.txt'
[1.704s] running build
[1.704s] running build_py
[1.704s] running install
[1.705s] running install_lib
[1.706s] running install_data
[1.707s] running install_egg_info
[1.709s] removing '/home/aleksmalm/Hermes/hermes_ws/install/nav2_gps_waypoint_follower_demo/lib/python3.10/site-packages/nav2_gps_waypoint_follower_demo-0.0.1-py3.10.egg-info' (and everything under it)
[1.709s] Copying ../../../build/nav2_gps_waypoint_follower_demo/nav2_gps_waypoint_follower_demo.egg-info to /home/aleksmalm/Hermes/hermes_ws/install/nav2_gps_waypoint_follower_demo/lib/python3.10/site-packages/nav2_gps_waypoint_follower_demo-0.0.1-py3.10.egg-info
[1.711s] running install_scripts
[1.736s] Installing gps_waypoint_logger script to /home/aleksmalm/Hermes/hermes_ws/install/nav2_gps_waypoint_follower_demo/lib/nav2_gps_waypoint_follower_demo
[1.737s] Installing interactive_waypoint_follower script to /home/aleksmalm/Hermes/hermes_ws/install/nav2_gps_waypoint_follower_demo/lib/nav2_gps_waypoint_follower_demo
[1.737s] Installing logged_waypoint_follower script to /home/aleksmalm/Hermes/hermes_ws/install/nav2_gps_waypoint_follower_demo/lib/nav2_gps_waypoint_follower_demo
[1.737s] writing list of installed files to '/home/aleksmalm/Hermes/hermes_ws/build/nav2_gps_waypoint_follower_demo/install.log'
[1.774s] Invoked command in '/home/aleksmalm/Hermes/hermes_ws/src/loc_diff/nav2_gps_waypoint_follower_demo' returned '0': PYTHONPATH=/home/aleksmalm/Hermes/hermes_ws/build/nav2_gps_waypoint_follower_demo/prefix_override:/home/aleksmalm/Hermes/hermes_ws/install/nav2_gps_waypoint_follower_demo/lib/python3.10/site-packages:${PYTHONPATH} /usr/bin/python3 -W ignore:setup.py install is deprecated setup.py egg_info --egg-base ../../../build/nav2_gps_waypoint_follower_demo build --build-base /home/aleksmalm/Hermes/hermes_ws/build/nav2_gps_waypoint_follower_demo/build install --record /home/aleksmalm/Hermes/hermes_ws/build/nav2_gps_waypoint_follower_demo/install.log --single-version-externally-managed install_data
