[4.230s] Invoking command in '/home/hermes/Hermes/hermes_ws/src/cmd_vel': PYTHONPATH=/home/hermes/Hermes/hermes_ws/build/cmd_vel/prefix_override:/home/hermes/Hermes/hermes_ws/install/cmd_vel/lib/python3.10/site-packages:${PYTHONPATH} /usr/bin/python3 -W ignore:setup.py install is deprecated setup.py egg_info --egg-base ../../build/cmd_vel build --build-base /home/hermes/Hermes/hermes_ws/build/cmd_vel/build install --record /home/hermes/Hermes/hermes_ws/build/cmd_vel/install.log --single-version-externally-managed install_data
[4.845s] running egg_info
[4.847s] writing ../../build/cmd_vel/cmd_vel.egg-info/PKG-INFO
[4.848s] writing dependency_links to ../../build/cmd_vel/cmd_vel.egg-info/dependency_links.txt
[4.849s] writing entry points to ../../build/cmd_vel/cmd_vel.egg-info/entry_points.txt
[4.849s] writing requirements to ../../build/cmd_vel/cmd_vel.egg-info/requires.txt
[4.849s] writing top-level names to ../../build/cmd_vel/cmd_vel.egg-info/top_level.txt
[4.854s] reading manifest file '../../build/cmd_vel/cmd_vel.egg-info/SOURCES.txt'
[4.856s] writing manifest file '../../build/cmd_vel/cmd_vel.egg-info/SOURCES.txt'
[4.857s] running build
[4.857s] running build_py
[4.858s] running install
[4.859s] running install_lib
[4.863s] running install_data
[4.863s] running install_egg_info
[4.872s] removing '/home/hermes/Hermes/hermes_ws/install/cmd_vel/lib/python3.10/site-packages/cmd_vel-0.0.0-py3.10.egg-info' (and everything under it)
[4.873s] Copying ../../build/cmd_vel/cmd_vel.egg-info to /home/hermes/Hermes/hermes_ws/install/cmd_vel/lib/python3.10/site-packages/cmd_vel-0.0.0-py3.10.egg-info
[4.875s] running install_scripts
[4.934s] Installing cmd_vel_controll script to /home/hermes/Hermes/hermes_ws/install/cmd_vel/lib/cmd_vel
[4.935s] writing list of installed files to '/home/hermes/Hermes/hermes_ws/build/cmd_vel/install.log'
[5.480s] Invoked command in '/home/hermes/Hermes/hermes_ws/src/cmd_vel' returned '0': PYTHONPATH=/home/hermes/Hermes/hermes_ws/build/cmd_vel/prefix_override:/home/hermes/Hermes/hermes_ws/install/cmd_vel/lib/python3.10/site-packages:${PYTHONPATH} /usr/bin/python3 -W ignore:setup.py install is deprecated setup.py egg_info --egg-base ../../build/cmd_vel build --build-base /home/hermes/Hermes/hermes_ws/build/cmd_vel/build install --record /home/hermes/Hermes/hermes_ws/build/cmd_vel/install.log --single-version-externally-managed install_data
