[0.223s] DEBUG:colcon:Command line arguments: ['/usr/bin/colcon', 'build', '--packages-select', 'icm20948_publisher']
[0.223s] DEBUG:colcon:Parsed command line arguments: Namespace(log_base=None, log_level=None, verb_name='build', build_base='build', install_base='install', merge_install=False, symlink_install=False, test_result_base=None, continue_on_error=False, executor='parallel', parallel_workers=6, event_handlers=None, ignore_user_meta=False, metas=['./colcon.meta'], base_paths=['.'], packages_ignore=None, packages_ignore_regex=None, paths=None, packages_up_to=None, packages_up_to_regex=None, packages_above=None, packages_above_and_dependencies=None, packages_above_depth=None, packages_select_by_dep=None, packages_skip_by_dep=None, packages_skip_up_to=None, packages_select_build_failed=False, packages_skip_build_finished=False, packages_select_test_failures=False, packages_skip_test_passed=False, packages_select=['icm20948_publisher'], packages_skip=None, packages_select_regex=None, packages_skip_regex=None, packages_start=None, packages_end=None, allow_overriding=[], cmake_args=None, cmake_target=None, cmake_target_skip_unavailable=False, cmake_clean_cache=False, cmake_clean_first=False, cmake_force_configure=False, ament_cmake_args=None, catkin_cmake_args=None, catkin_skip_building_tests=False, verb_parser=<colcon_defaults.argument_parser.defaults.DefaultArgumentsDecorator object at 0xffff94575180>, verb_extension=<colcon_core.verb.build.BuildVerb object at 0xffff94695db0>, main=<bound method BuildVerb.main of <colcon_core.verb.build.BuildVerb object at 0xffff94695db0>>)
[0.581s] Level 1:colcon.colcon_core.package_discovery:discover_packages(colcon_meta) check parameters
[0.582s] Level 1:colcon.colcon_core.package_discovery:discover_packages(recursive) check parameters
[0.582s] Level 1:colcon.colcon_core.package_discovery:discover_packages(ignore) check parameters
[0.582s] Level 1:colcon.colcon_core.package_discovery:discover_packages(path) check parameters
[0.582s] Level 1:colcon.colcon_core.package_discovery:discover_packages(colcon_meta) discover
[0.582s] Level 1:colcon.colcon_core.package_discovery:discover_packages(recursive) discover
[0.582s] INFO:colcon.colcon_core.package_discovery:Crawling recursively for packages in '/home/hermes/Hermes/hermes_ws/src'
[0.582s] Level 1:colcon.colcon_core.package_identification:_identify(.) by extensions ['ignore', 'ignore_ament_install']
[0.583s] Level 1:colcon.colcon_core.package_identification:_identify(.) by extension 'ignore'
[0.583s] Level 1:colcon.colcon_core.package_identification:_identify(.) by extension 'ignore_ament_install'
[0.583s] Level 1:colcon.colcon_core.package_identification:_identify(.) by extensions ['colcon_pkg']
[0.583s] Level 1:colcon.colcon_core.package_identification:_identify(.) by extension 'colcon_pkg'
[0.583s] Level 1:colcon.colcon_core.package_identification:_identify(.) by extensions ['colcon_meta']
[0.583s] Level 1:colcon.colcon_core.package_identification:_identify(.) by extension 'colcon_meta'
[0.583s] Level 1:colcon.colcon_core.package_identification:_identify(.) by extensions ['ros']
[0.583s] Level 1:colcon.colcon_core.package_identification:_identify(.) by extension 'ros'
[0.606s] Level 1:colcon.colcon_core.package_identification:_identify(.) by extensions ['cmake', 'python']
[0.606s] Level 1:colcon.colcon_core.package_identification:_identify(.) by extension 'cmake'
[0.607s] Level 1:colcon.colcon_core.package_identification:_identify(.) by extension 'python'
[0.607s] Level 1:colcon.colcon_core.package_identification:_identify(.) by extensions ['python_setup_py']
[0.607s] Level 1:colcon.colcon_core.package_identification:_identify(.) by extension 'python_setup_py'
[0.607s] Level 1:colcon.colcon_core.package_identification:_identify(build) by extensions ['ignore', 'ignore_ament_install']
[0.607s] Level 1:colcon.colcon_core.package_identification:_identify(build) by extension 'ignore'
[0.607s] Level 1:colcon.colcon_core.package_identification:_identify(build) ignored
[0.608s] Level 1:colcon.colcon_core.package_identification:_identify(cameras) by extensions ['ignore', 'ignore_ament_install']
[0.608s] Level 1:colcon.colcon_core.package_identification:_identify(cameras) by extension 'ignore'
[0.608s] Level 1:colcon.colcon_core.package_identification:_identify(cameras) by extension 'ignore_ament_install'
[0.608s] Level 1:colcon.colcon_core.package_identification:_identify(cameras) by extensions ['colcon_pkg']
[0.608s] Level 1:colcon.colcon_core.package_identification:_identify(cameras) by extension 'colcon_pkg'
[0.608s] Level 1:colcon.colcon_core.package_identification:_identify(cameras) by extensions ['colcon_meta']
[0.608s] Level 1:colcon.colcon_core.package_identification:_identify(cameras) by extension 'colcon_meta'
[0.609s] Level 1:colcon.colcon_core.package_identification:_identify(cameras) by extensions ['ros']
[0.609s] Level 1:colcon.colcon_core.package_identification:_identify(cameras) by extension 'ros'
[0.613s] DEBUG:colcon.colcon_core.package_identification:Package 'cameras' with type 'ros.ament_python' and name 'cameras'
[0.613s] Level 1:colcon.colcon_core.package_identification:_identify(cmd_vel) by extensions ['ignore', 'ignore_ament_install']
[0.614s] Level 1:colcon.colcon_core.package_identification:_identify(cmd_vel) by extension 'ignore'
[0.614s] Level 1:colcon.colcon_core.package_identification:_identify(cmd_vel) by extension 'ignore_ament_install'
[0.614s] Level 1:colcon.colcon_core.package_identification:_identify(cmd_vel) by extensions ['colcon_pkg']
[0.614s] Level 1:colcon.colcon_core.package_identification:_identify(cmd_vel) by extension 'colcon_pkg'
[0.614s] Level 1:colcon.colcon_core.package_identification:_identify(cmd_vel) by extensions ['colcon_meta']
[0.614s] Level 1:colcon.colcon_core.package_identification:_identify(cmd_vel) by extension 'colcon_meta'
[0.614s] Level 1:colcon.colcon_core.package_identification:_identify(cmd_vel) by extensions ['ros']
[0.614s] Level 1:colcon.colcon_core.package_identification:_identify(cmd_vel) by extension 'ros'
[0.615s] DEBUG:colcon.colcon_core.package_identification:Package 'cmd_vel' with type 'ros.ament_python' and name 'cmd_vel'
[0.615s] Level 1:colcon.colcon_core.package_identification:_identify(diff_drive_controller) by extensions ['ignore', 'ignore_ament_install']
[0.615s] Level 1:colcon.colcon_core.package_identification:_identify(diff_drive_controller) by extension 'ignore'
[0.616s] Level 1:colcon.colcon_core.package_identification:_identify(diff_drive_controller) by extension 'ignore_ament_install'
[0.616s] Level 1:colcon.colcon_core.package_identification:_identify(diff_drive_controller) by extensions ['colcon_pkg']
[0.616s] Level 1:colcon.colcon_core.package_identification:_identify(diff_drive_controller) by extension 'colcon_pkg'
[0.616s] Level 1:colcon.colcon_core.package_identification:_identify(diff_drive_controller) by extensions ['colcon_meta']
[0.616s] Level 1:colcon.colcon_core.package_identification:_identify(diff_drive_controller) by extension 'colcon_meta'
[0.616s] Level 1:colcon.colcon_core.package_identification:_identify(diff_drive_controller) by extensions ['ros']
[0.616s] Level 1:colcon.colcon_core.package_identification:_identify(diff_drive_controller) by extension 'ros'
[0.616s] Level 1:colcon.colcon_core.package_identification:_identify(diff_drive_controller) by extensions ['cmake', 'python']
[0.616s] Level 1:colcon.colcon_core.package_identification:_identify(diff_drive_controller) by extension 'cmake'
[0.616s] Level 1:colcon.colcon_core.package_identification:_identify(diff_drive_controller) by extension 'python'
[0.617s] Level 1:colcon.colcon_core.package_identification:_identify(diff_drive_controller) by extensions ['python_setup_py']
[0.617s] Level 1:colcon.colcon_core.package_identification:_identify(diff_drive_controller) by extension 'python_setup_py'
[0.617s] Level 1:colcon.colcon_core.package_identification:_identify(gps_publisher) by extensions ['ignore', 'ignore_ament_install']
[0.617s] Level 1:colcon.colcon_core.package_identification:_identify(gps_publisher) by extension 'ignore'
[0.617s] Level 1:colcon.colcon_core.package_identification:_identify(gps_publisher) by extension 'ignore_ament_install'
[0.617s] Level 1:colcon.colcon_core.package_identification:_identify(gps_publisher) by extensions ['colcon_pkg']
[0.617s] Level 1:colcon.colcon_core.package_identification:_identify(gps_publisher) by extension 'colcon_pkg'
[0.617s] Level 1:colcon.colcon_core.package_identification:_identify(gps_publisher) by extensions ['colcon_meta']
[0.617s] Level 1:colcon.colcon_core.package_identification:_identify(gps_publisher) by extension 'colcon_meta'
[0.618s] Level 1:colcon.colcon_core.package_identification:_identify(gps_publisher) by extensions ['ros']
[0.618s] Level 1:colcon.colcon_core.package_identification:_identify(gps_publisher) by extension 'ros'
[0.619s] DEBUG:colcon.colcon_core.package_identification:Package 'gps_publisher' with type 'ros.ament_python' and name 'gps_publisher'
[0.619s] Level 1:colcon.colcon_core.package_identification:_identify(hermes_interfaces) by extensions ['ignore', 'ignore_ament_install']
[0.619s] Level 1:colcon.colcon_core.package_identification:_identify(hermes_interfaces) by extension 'ignore'
[0.619s] Level 1:colcon.colcon_core.package_identification:_identify(hermes_interfaces) by extension 'ignore_ament_install'
[0.619s] Level 1:colcon.colcon_core.package_identification:_identify(hermes_interfaces) by extensions ['colcon_pkg']
[0.619s] Level 1:colcon.colcon_core.package_identification:_identify(hermes_interfaces) by extension 'colcon_pkg'
[0.620s] Level 1:colcon.colcon_core.package_identification:_identify(hermes_interfaces) by extensions ['colcon_meta']
[0.620s] Level 1:colcon.colcon_core.package_identification:_identify(hermes_interfaces) by extension 'colcon_meta'
[0.620s] Level 1:colcon.colcon_core.package_identification:_identify(hermes_interfaces) by extensions ['ros']
[0.620s] Level 1:colcon.colcon_core.package_identification:_identify(hermes_interfaces) by extension 'ros'
[0.621s] DEBUG:colcon.colcon_core.package_identification:Package 'hermes_interfaces' with type 'ros.ament_cmake' and name 'hermes_interfaces'
[0.621s] Level 1:colcon.colcon_core.package_identification:_identify(hermes_navigation) by extensions ['ignore', 'ignore_ament_install']
[0.621s] Level 1:colcon.colcon_core.package_identification:_identify(hermes_navigation) by extension 'ignore'
[0.621s] Level 1:colcon.colcon_core.package_identification:_identify(hermes_navigation) by extension 'ignore_ament_install'
[0.621s] Level 1:colcon.colcon_core.package_identification:_identify(hermes_navigation) by extensions ['colcon_pkg']
[0.621s] Level 1:colcon.colcon_core.package_identification:_identify(hermes_navigation) by extension 'colcon_pkg'
[0.621s] Level 1:colcon.colcon_core.package_identification:_identify(hermes_navigation) by extensions ['colcon_meta']
[0.621s] Level 1:colcon.colcon_core.package_identification:_identify(hermes_navigation) by extension 'colcon_meta'
[0.622s] Level 1:colcon.colcon_core.package_identification:_identify(hermes_navigation) by extensions ['ros']
[0.622s] Level 1:colcon.colcon_core.package_identification:_identify(hermes_navigation) by extension 'ros'
[0.622s] DEBUG:colcon.colcon_core.package_identification:Package 'hermes_navigation' with type 'ros.ament_cmake' and name 'hermes_navigation'
[0.623s] Level 1:colcon.colcon_core.package_identification:_identify(hermes_urdf) by extensions ['ignore', 'ignore_ament_install']
[0.623s] Level 1:colcon.colcon_core.package_identification:_identify(hermes_urdf) by extension 'ignore'
[0.623s] Level 1:colcon.colcon_core.package_identification:_identify(hermes_urdf) by extension 'ignore_ament_install'
[0.623s] Level 1:colcon.colcon_core.package_identification:_identify(hermes_urdf) by extensions ['colcon_pkg']
[0.623s] Level 1:colcon.colcon_core.package_identification:_identify(hermes_urdf) by extension 'colcon_pkg'
[0.623s] Level 1:colcon.colcon_core.package_identification:_identify(hermes_urdf) by extensions ['colcon_meta']
[0.623s] Level 1:colcon.colcon_core.package_identification:_identify(hermes_urdf) by extension 'colcon_meta'
[0.623s] Level 1:colcon.colcon_core.package_identification:_identify(hermes_urdf) by extensions ['ros']
[0.623s] Level 1:colcon.colcon_core.package_identification:_identify(hermes_urdf) by extension 'ros'
[0.624s] DEBUG:colcon.colcon_core.package_identification:Package 'hermes_urdf' with type 'ros.ament_cmake' and name 'hermes_urdf'
[0.625s] Level 1:colcon.colcon_core.package_identification:_identify(icm20948_publisher) by extensions ['ignore', 'ignore_ament_install']
[0.625s] Level 1:colcon.colcon_core.package_identification:_identify(icm20948_publisher) by extension 'ignore'
[0.625s] Level 1:colcon.colcon_core.package_identification:_identify(icm20948_publisher) by extension 'ignore_ament_install'
[0.625s] Level 1:colcon.colcon_core.package_identification:_identify(icm20948_publisher) by extensions ['colcon_pkg']
[0.625s] Level 1:colcon.colcon_core.package_identification:_identify(icm20948_publisher) by extension 'colcon_pkg'
[0.625s] Level 1:colcon.colcon_core.package_identification:_identify(icm20948_publisher) by extensions ['colcon_meta']
[0.625s] Level 1:colcon.colcon_core.package_identification:_identify(icm20948_publisher) by extension 'colcon_meta'
[0.625s] Level 1:colcon.colcon_core.package_identification:_identify(icm20948_publisher) by extensions ['ros']
[0.625s] Level 1:colcon.colcon_core.package_identification:_identify(icm20948_publisher) by extension 'ros'
[0.626s] DEBUG:colcon.colcon_core.package_identification:Package 'icm20948_publisher' with type 'ros.ament_python' and name 'icm20948_publisher'
[0.627s] Level 1:colcon.colcon_core.package_identification:_identify(imu_publisher) by extensions ['ignore', 'ignore_ament_install']
[0.627s] Level 1:colcon.colcon_core.package_identification:_identify(imu_publisher) by extension 'ignore'
[0.627s] Level 1:colcon.colcon_core.package_identification:_identify(imu_publisher) by extension 'ignore_ament_install'
[0.627s] Level 1:colcon.colcon_core.package_identification:_identify(imu_publisher) by extensions ['colcon_pkg']
[0.627s] Level 1:colcon.colcon_core.package_identification:_identify(imu_publisher) by extension 'colcon_pkg'
[0.627s] Level 1:colcon.colcon_core.package_identification:_identify(imu_publisher) by extensions ['colcon_meta']
[0.627s] Level 1:colcon.colcon_core.package_identification:_identify(imu_publisher) by extension 'colcon_meta'
[0.627s] Level 1:colcon.colcon_core.package_identification:_identify(imu_publisher) by extensions ['ros']
[0.628s] Level 1:colcon.colcon_core.package_identification:_identify(imu_publisher) by extension 'ros'
[0.628s] DEBUG:colcon.colcon_core.package_identification:Package 'imu_publisher' with type 'ros.ament_python' and name 'imu_publisher'
[0.629s] Level 1:colcon.colcon_core.package_identification:_identify(install) by extensions ['ignore', 'ignore_ament_install']
[0.629s] Level 1:colcon.colcon_core.package_identification:_identify(install) by extension 'ignore'
[0.629s] Level 1:colcon.colcon_core.package_identification:_identify(install) ignored
[0.629s] Level 1:colcon.colcon_core.package_identification:_identify(lidar_publisher) by extensions ['ignore', 'ignore_ament_install']
[0.629s] Level 1:colcon.colcon_core.package_identification:_identify(lidar_publisher) by extension 'ignore'
[0.629s] Level 1:colcon.colcon_core.package_identification:_identify(lidar_publisher) by extension 'ignore_ament_install'
[0.629s] Level 1:colcon.colcon_core.package_identification:_identify(lidar_publisher) by extensions ['colcon_pkg']
[0.629s] Level 1:colcon.colcon_core.package_identification:_identify(lidar_publisher) by extension 'colcon_pkg'
[0.630s] Level 1:colcon.colcon_core.package_identification:_identify(lidar_publisher) by extensions ['colcon_meta']
[0.630s] Level 1:colcon.colcon_core.package_identification:_identify(lidar_publisher) by extension 'colcon_meta'
[0.630s] Level 1:colcon.colcon_core.package_identification:_identify(lidar_publisher) by extensions ['ros']
[0.630s] Level 1:colcon.colcon_core.package_identification:_identify(lidar_publisher) by extension 'ros'
[0.630s] Level 1:colcon.colcon_core.package_identification:_identify(lidar_publisher) by extensions ['cmake', 'python']
[0.630s] Level 1:colcon.colcon_core.package_identification:_identify(lidar_publisher) by extension 'cmake'
[0.630s] Level 1:colcon.colcon_core.package_identification:_identify(lidar_publisher) by extension 'python'
[0.630s] Level 1:colcon.colcon_core.package_identification:_identify(lidar_publisher) by extensions ['python_setup_py']
[0.630s] Level 1:colcon.colcon_core.package_identification:_identify(lidar_publisher) by extension 'python_setup_py'
[0.630s] Level 1:colcon.colcon_core.package_identification:_identify(lidar_publisher/3d_model) by extensions ['ignore', 'ignore_ament_install']
[0.631s] Level 1:colcon.colcon_core.package_identification:_identify(lidar_publisher/3d_model) by extension 'ignore'
[0.631s] Level 1:colcon.colcon_core.package_identification:_identify(lidar_publisher/3d_model) by extension 'ignore_ament_install'
[0.631s] Level 1:colcon.colcon_core.package_identification:_identify(lidar_publisher/3d_model) by extensions ['colcon_pkg']
[0.631s] Level 1:colcon.colcon_core.package_identification:_identify(lidar_publisher/3d_model) by extension 'colcon_pkg'
[0.631s] Level 1:colcon.colcon_core.package_identification:_identify(lidar_publisher/3d_model) by extensions ['colcon_meta']
[0.631s] Level 1:colcon.colcon_core.package_identification:_identify(lidar_publisher/3d_model) by extension 'colcon_meta'
[0.631s] Level 1:colcon.colcon_core.package_identification:_identify(lidar_publisher/3d_model) by extensions ['ros']
[0.631s] Level 1:colcon.colcon_core.package_identification:_identify(lidar_publisher/3d_model) by extension 'ros'
[0.631s] Level 1:colcon.colcon_core.package_identification:_identify(lidar_publisher/3d_model) by extensions ['cmake', 'python']
[0.631s] Level 1:colcon.colcon_core.package_identification:_identify(lidar_publisher/3d_model) by extension 'cmake'
[0.632s] Level 1:colcon.colcon_core.package_identification:_identify(lidar_publisher/3d_model) by extension 'python'
[0.632s] Level 1:colcon.colcon_core.package_identification:_identify(lidar_publisher/3d_model) by extensions ['python_setup_py']
[0.632s] Level 1:colcon.colcon_core.package_identification:_identify(lidar_publisher/3d_model) by extension 'python_setup_py'
[0.632s] Level 1:colcon.colcon_core.package_identification:_identify(lidar_publisher/docs) by extensions ['ignore', 'ignore_ament_install']
[0.632s] Level 1:colcon.colcon_core.package_identification:_identify(lidar_publisher/docs) by extension 'ignore'
[0.632s] Level 1:colcon.colcon_core.package_identification:_identify(lidar_publisher/docs) by extension 'ignore_ament_install'
[0.632s] Level 1:colcon.colcon_core.package_identification:_identify(lidar_publisher/docs) by extensions ['colcon_pkg']
[0.632s] Level 1:colcon.colcon_core.package_identification:_identify(lidar_publisher/docs) by extension 'colcon_pkg'
[0.632s] Level 1:colcon.colcon_core.package_identification:_identify(lidar_publisher/docs) by extensions ['colcon_meta']
[0.632s] Level 1:colcon.colcon_core.package_identification:_identify(lidar_publisher/docs) by extension 'colcon_meta'
[0.633s] Level 1:colcon.colcon_core.package_identification:_identify(lidar_publisher/docs) by extensions ['ros']
[0.633s] Level 1:colcon.colcon_core.package_identification:_identify(lidar_publisher/docs) by extension 'ros'
[0.633s] Level 1:colcon.colcon_core.package_identification:_identify(lidar_publisher/docs) by extensions ['cmake', 'python']
[0.633s] Level 1:colcon.colcon_core.package_identification:_identify(lidar_publisher/docs) by extension 'cmake'
[0.633s] Level 1:colcon.colcon_core.package_identification:_identify(lidar_publisher/docs) by extension 'python'
[0.633s] Level 1:colcon.colcon_core.package_identification:_identify(lidar_publisher/docs) by extensions ['python_setup_py']
[0.633s] Level 1:colcon.colcon_core.package_identification:_identify(lidar_publisher/docs) by extension 'python_setup_py'
[0.633s] Level 1:colcon.colcon_core.package_identification:_identify(lidar_publisher/images) by extensions ['ignore', 'ignore_ament_install']
[0.633s] Level 1:colcon.colcon_core.package_identification:_identify(lidar_publisher/images) by extension 'ignore'
[0.634s] Level 1:colcon.colcon_core.package_identification:_identify(lidar_publisher/images) by extension 'ignore_ament_install'
[0.634s] Level 1:colcon.colcon_core.package_identification:_identify(lidar_publisher/images) by extensions ['colcon_pkg']
[0.634s] Level 1:colcon.colcon_core.package_identification:_identify(lidar_publisher/images) by extension 'colcon_pkg'
[0.634s] Level 1:colcon.colcon_core.package_identification:_identify(lidar_publisher/images) by extensions ['colcon_meta']
[0.634s] Level 1:colcon.colcon_core.package_identification:_identify(lidar_publisher/images) by extension 'colcon_meta'
[0.634s] Level 1:colcon.colcon_core.package_identification:_identify(lidar_publisher/images) by extensions ['ros']
[0.634s] Level 1:colcon.colcon_core.package_identification:_identify(lidar_publisher/images) by extension 'ros'
[0.634s] Level 1:colcon.colcon_core.package_identification:_identify(lidar_publisher/images) by extensions ['cmake', 'python']
[0.634s] Level 1:colcon.colcon_core.package_identification:_identify(lidar_publisher/images) by extension 'cmake'
[0.634s] Level 1:colcon.colcon_core.package_identification:_identify(lidar_publisher/images) by extension 'python'
[0.634s] Level 1:colcon.colcon_core.package_identification:_identify(lidar_publisher/images) by extensions ['python_setup_py']
[0.634s] Level 1:colcon.colcon_core.package_identification:_identify(lidar_publisher/images) by extension 'python_setup_py'
[0.635s] Level 1:colcon.colcon_core.package_identification:_identify(lidar_publisher/ldlidar) by extensions ['ignore', 'ignore_ament_install']
[0.635s] Level 1:colcon.colcon_core.package_identification:_identify(lidar_publisher/ldlidar) by extension 'ignore'
[0.635s] Level 1:colcon.colcon_core.package_identification:_identify(lidar_publisher/ldlidar) by extension 'ignore_ament_install'
[0.635s] Level 1:colcon.colcon_core.package_identification:_identify(lidar_publisher/ldlidar) by extensions ['colcon_pkg']
[0.635s] Level 1:colcon.colcon_core.package_identification:_identify(lidar_publisher/ldlidar) by extension 'colcon_pkg'
[0.635s] Level 1:colcon.colcon_core.package_identification:_identify(lidar_publisher/ldlidar) by extensions ['colcon_meta']
[0.635s] Level 1:colcon.colcon_core.package_identification:_identify(lidar_publisher/ldlidar) by extension 'colcon_meta'
[0.635s] Level 1:colcon.colcon_core.package_identification:_identify(lidar_publisher/ldlidar) by extensions ['ros']
[0.635s] Level 1:colcon.colcon_core.package_identification:_identify(lidar_publisher/ldlidar) by extension 'ros'
[0.636s] DEBUG:colcon.colcon_core.package_identification:Package 'lidar_publisher/ldlidar' with type 'ros.ament_cmake' and name 'ldlidar'
[0.637s] Level 1:colcon.colcon_core.package_identification:_identify(lidar_publisher/ldlidar_component) by extensions ['ignore', 'ignore_ament_install']
[0.637s] Level 1:colcon.colcon_core.package_identification:_identify(lidar_publisher/ldlidar_component) by extension 'ignore'
[0.637s] Level 1:colcon.colcon_core.package_identification:_identify(lidar_publisher/ldlidar_component) by extension 'ignore_ament_install'
[0.637s] Level 1:colcon.colcon_core.package_identification:_identify(lidar_publisher/ldlidar_component) by extensions ['colcon_pkg']
[0.637s] Level 1:colcon.colcon_core.package_identification:_identify(lidar_publisher/ldlidar_component) by extension 'colcon_pkg'
[0.637s] Level 1:colcon.colcon_core.package_identification:_identify(lidar_publisher/ldlidar_component) by extensions ['colcon_meta']
[0.637s] Level 1:colcon.colcon_core.package_identification:_identify(lidar_publisher/ldlidar_component) by extension 'colcon_meta'
[0.637s] Level 1:colcon.colcon_core.package_identification:_identify(lidar_publisher/ldlidar_component) by extensions ['ros']
[0.637s] Level 1:colcon.colcon_core.package_identification:_identify(lidar_publisher/ldlidar_component) by extension 'ros'
[0.640s] DEBUG:colcon.colcon_core.package_identification:Package 'lidar_publisher/ldlidar_component' with type 'ros.ament_cmake' and name 'ldlidar_component'
[0.640s] Level 1:colcon.colcon_core.package_identification:_identify(lidar_publisher/ldlidar_node) by extensions ['ignore', 'ignore_ament_install']
[0.640s] Level 1:colcon.colcon_core.package_identification:_identify(lidar_publisher/ldlidar_node) by extension 'ignore'
[0.640s] Level 1:colcon.colcon_core.package_identification:_identify(lidar_publisher/ldlidar_node) by extension 'ignore_ament_install'
[0.640s] Level 1:colcon.colcon_core.package_identification:_identify(lidar_publisher/ldlidar_node) by extensions ['colcon_pkg']
[0.640s] Level 1:colcon.colcon_core.package_identification:_identify(lidar_publisher/ldlidar_node) by extension 'colcon_pkg'
[0.640s] Level 1:colcon.colcon_core.package_identification:_identify(lidar_publisher/ldlidar_node) by extensions ['colcon_meta']
[0.640s] Level 1:colcon.colcon_core.package_identification:_identify(lidar_publisher/ldlidar_node) by extension 'colcon_meta'
[0.641s] Level 1:colcon.colcon_core.package_identification:_identify(lidar_publisher/ldlidar_node) by extensions ['ros']
[0.641s] Level 1:colcon.colcon_core.package_identification:_identify(lidar_publisher/ldlidar_node) by extension 'ros'
[0.642s] DEBUG:colcon.colcon_core.package_identification:Package 'lidar_publisher/ldlidar_node' with type 'ros.ament_cmake' and name 'ldlidar_node'
[0.642s] Level 1:colcon.colcon_core.package_identification:_identify(lidar_publisher/rules) by extensions ['ignore', 'ignore_ament_install']
[0.642s] Level 1:colcon.colcon_core.package_identification:_identify(lidar_publisher/rules) by extension 'ignore'
[0.642s] Level 1:colcon.colcon_core.package_identification:_identify(lidar_publisher/rules) by extension 'ignore_ament_install'
[0.642s] Level 1:colcon.colcon_core.package_identification:_identify(lidar_publisher/rules) by extensions ['colcon_pkg']
[0.642s] Level 1:colcon.colcon_core.package_identification:_identify(lidar_publisher/rules) by extension 'colcon_pkg'
[0.643s] Level 1:colcon.colcon_core.package_identification:_identify(lidar_publisher/rules) by extensions ['colcon_meta']
[0.643s] Level 1:colcon.colcon_core.package_identification:_identify(lidar_publisher/rules) by extension 'colcon_meta'
[0.643s] Level 1:colcon.colcon_core.package_identification:_identify(lidar_publisher/rules) by extensions ['ros']
[0.643s] Level 1:colcon.colcon_core.package_identification:_identify(lidar_publisher/rules) by extension 'ros'
[0.643s] Level 1:colcon.colcon_core.package_identification:_identify(lidar_publisher/rules) by extensions ['cmake', 'python']
[0.643s] Level 1:colcon.colcon_core.package_identification:_identify(lidar_publisher/rules) by extension 'cmake'
[0.643s] Level 1:colcon.colcon_core.package_identification:_identify(lidar_publisher/rules) by extension 'python'
[0.643s] Level 1:colcon.colcon_core.package_identification:_identify(lidar_publisher/rules) by extensions ['python_setup_py']
[0.643s] Level 1:colcon.colcon_core.package_identification:_identify(lidar_publisher/rules) by extension 'python_setup_py'
[0.643s] Level 1:colcon.colcon_core.package_identification:_identify(lidar_publisher/scripts) by extensions ['ignore', 'ignore_ament_install']
[0.644s] Level 1:colcon.colcon_core.package_identification:_identify(lidar_publisher/scripts) by extension 'ignore'
[0.644s] Level 1:colcon.colcon_core.package_identification:_identify(lidar_publisher/scripts) by extension 'ignore_ament_install'
[0.644s] Level 1:colcon.colcon_core.package_identification:_identify(lidar_publisher/scripts) by extensions ['colcon_pkg']
[0.644s] Level 1:colcon.colcon_core.package_identification:_identify(lidar_publisher/scripts) by extension 'colcon_pkg'
[0.644s] Level 1:colcon.colcon_core.package_identification:_identify(lidar_publisher/scripts) by extensions ['colcon_meta']
[0.644s] Level 1:colcon.colcon_core.package_identification:_identify(lidar_publisher/scripts) by extension 'colcon_meta'
[0.644s] Level 1:colcon.colcon_core.package_identification:_identify(lidar_publisher/scripts) by extensions ['ros']
[0.644s] Level 1:colcon.colcon_core.package_identification:_identify(lidar_publisher/scripts) by extension 'ros'
[0.644s] Level 1:colcon.colcon_core.package_identification:_identify(lidar_publisher/scripts) by extensions ['cmake', 'python']
[0.644s] Level 1:colcon.colcon_core.package_identification:_identify(lidar_publisher/scripts) by extension 'cmake'
[0.645s] Level 1:colcon.colcon_core.package_identification:_identify(lidar_publisher/scripts) by extension 'python'
[0.645s] Level 1:colcon.colcon_core.package_identification:_identify(lidar_publisher/scripts) by extensions ['python_setup_py']
[0.645s] Level 1:colcon.colcon_core.package_identification:_identify(lidar_publisher/scripts) by extension 'python_setup_py'
[0.645s] Level 1:colcon.colcon_core.package_identification:_identify(log) by extensions ['ignore', 'ignore_ament_install']
[0.645s] Level 1:colcon.colcon_core.package_identification:_identify(log) by extension 'ignore'
[0.645s] Level 1:colcon.colcon_core.package_identification:_identify(log) ignored
[0.645s] Level 1:colcon.colcon_core.package_identification:_identify(odometry) by extensions ['ignore', 'ignore_ament_install']
[0.645s] Level 1:colcon.colcon_core.package_identification:_identify(odometry) by extension 'ignore'
[0.646s] Level 1:colcon.colcon_core.package_identification:_identify(odometry) by extension 'ignore_ament_install'
[0.646s] Level 1:colcon.colcon_core.package_identification:_identify(odometry) by extensions ['colcon_pkg']
[0.646s] Level 1:colcon.colcon_core.package_identification:_identify(odometry) by extension 'colcon_pkg'
[0.646s] Level 1:colcon.colcon_core.package_identification:_identify(odometry) by extensions ['colcon_meta']
[0.646s] Level 1:colcon.colcon_core.package_identification:_identify(odometry) by extension 'colcon_meta'
[0.646s] Level 1:colcon.colcon_core.package_identification:_identify(odometry) by extensions ['ros']
[0.646s] Level 1:colcon.colcon_core.package_identification:_identify(odometry) by extension 'ros'
[0.647s] DEBUG:colcon.colcon_core.package_identification:Package 'odometry' with type 'ros.ament_python' and name 'odometry'
[0.647s] Level 1:colcon.colcon_core.package_identification:_identify(teleop_control) by extensions ['ignore', 'ignore_ament_install']
[0.647s] Level 1:colcon.colcon_core.package_identification:_identify(teleop_control) by extension 'ignore'
[0.647s] Level 1:colcon.colcon_core.package_identification:_identify(teleop_control) by extension 'ignore_ament_install'
[0.647s] Level 1:colcon.colcon_core.package_identification:_identify(teleop_control) by extensions ['colcon_pkg']
[0.648s] Level 1:colcon.colcon_core.package_identification:_identify(teleop_control) by extension 'colcon_pkg'
[0.648s] Level 1:colcon.colcon_core.package_identification:_identify(teleop_control) by extensions ['colcon_meta']
[0.648s] Level 1:colcon.colcon_core.package_identification:_identify(teleop_control) by extension 'colcon_meta'
[0.648s] Level 1:colcon.colcon_core.package_identification:_identify(teleop_control) by extensions ['ros']
[0.648s] Level 1:colcon.colcon_core.package_identification:_identify(teleop_control) by extension 'ros'
[0.649s] DEBUG:colcon.colcon_core.package_identification:Package 'teleop_control' with type 'ros.ament_python' and name 'teleop_control'
[0.649s] Level 1:colcon.colcon_core.package_identification:_identify(tof_publisher) by extensions ['ignore', 'ignore_ament_install']
[0.649s] Level 1:colcon.colcon_core.package_identification:_identify(tof_publisher) by extension 'ignore'
[0.649s] Level 1:colcon.colcon_core.package_identification:_identify(tof_publisher) by extension 'ignore_ament_install'
[0.649s] Level 1:colcon.colcon_core.package_identification:_identify(tof_publisher) by extensions ['colcon_pkg']
[0.649s] Level 1:colcon.colcon_core.package_identification:_identify(tof_publisher) by extension 'colcon_pkg'
[0.649s] Level 1:colcon.colcon_core.package_identification:_identify(tof_publisher) by extensions ['colcon_meta']
[0.649s] Level 1:colcon.colcon_core.package_identification:_identify(tof_publisher) by extension 'colcon_meta'
[0.649s] Level 1:colcon.colcon_core.package_identification:_identify(tof_publisher) by extensions ['ros']
[0.650s] Level 1:colcon.colcon_core.package_identification:_identify(tof_publisher) by extension 'ros'
[0.651s] DEBUG:colcon.colcon_core.package_identification:Package 'tof_publisher' with type 'ros.ament_python' and name 'tof_publisher'
[0.651s] Level 1:colcon.colcon_core.package_identification:_identify(vision_opencv) by extensions ['ignore', 'ignore_ament_install']
[0.651s] Level 1:colcon.colcon_core.package_identification:_identify(vision_opencv) by extension 'ignore'
[0.651s] Level 1:colcon.colcon_core.package_identification:_identify(vision_opencv) by extension 'ignore_ament_install'
[0.651s] Level 1:colcon.colcon_core.package_identification:_identify(vision_opencv) by extensions ['colcon_pkg']
[0.651s] Level 1:colcon.colcon_core.package_identification:_identify(vision_opencv) by extension 'colcon_pkg'
[0.651s] Level 1:colcon.colcon_core.package_identification:_identify(vision_opencv) by extensions ['colcon_meta']
[0.651s] Level 1:colcon.colcon_core.package_identification:_identify(vision_opencv) by extension 'colcon_meta'
[0.651s] Level 1:colcon.colcon_core.package_identification:_identify(vision_opencv) by extensions ['ros']
[0.652s] Level 1:colcon.colcon_core.package_identification:_identify(vision_opencv) by extension 'ros'
[0.652s] Level 1:colcon.colcon_core.package_identification:_identify(vision_opencv) by extensions ['cmake', 'python']
[0.652s] Level 1:colcon.colcon_core.package_identification:_identify(vision_opencv) by extension 'cmake'
[0.652s] Level 1:colcon.colcon_core.package_identification:_identify(vision_opencv) by extension 'python'
[0.652s] Level 1:colcon.colcon_core.package_identification:_identify(vision_opencv) by extensions ['python_setup_py']
[0.652s] Level 1:colcon.colcon_core.package_identification:_identify(vision_opencv) by extension 'python_setup_py'
[0.652s] Level 1:colcon.colcon_core.package_discovery:discover_packages(recursive) using defaults
[0.652s] Level 1:colcon.colcon_core.package_discovery:discover_packages(ignore) discover
[0.652s] Level 1:colcon.colcon_core.package_discovery:discover_packages(ignore) using defaults
[0.652s] Level 1:colcon.colcon_core.package_discovery:discover_packages(path) discover
[0.652s] Level 1:colcon.colcon_core.package_discovery:discover_packages(path) using defaults
[0.724s] INFO:colcon.colcon_core.package_selection:Skipping not selected package 'cameras' in 'cameras'
[0.724s] INFO:colcon.colcon_core.package_selection:Skipping not selected package 'cmd_vel' in 'cmd_vel'
[0.724s] INFO:colcon.colcon_core.package_selection:Skipping not selected package 'gps_publisher' in 'gps_publisher'
[0.725s] INFO:colcon.colcon_core.package_selection:Skipping not selected package 'hermes_interfaces' in 'hermes_interfaces'
[0.725s] INFO:colcon.colcon_core.package_selection:Skipping not selected package 'hermes_navigation' in 'hermes_navigation'
[0.725s] INFO:colcon.colcon_core.package_selection:Skipping not selected package 'hermes_urdf' in 'hermes_urdf'
[0.725s] INFO:colcon.colcon_core.package_selection:Skipping not selected package 'imu_publisher' in 'imu_publisher'
[0.725s] INFO:colcon.colcon_core.package_selection:Skipping not selected package 'ldlidar_component' in 'lidar_publisher/ldlidar_component'
[0.725s] INFO:colcon.colcon_core.package_selection:Skipping not selected package 'odometry' in 'odometry'
[0.725s] INFO:colcon.colcon_core.package_selection:Skipping not selected package 'teleop_control' in 'teleop_control'
[0.725s] INFO:colcon.colcon_core.package_selection:Skipping not selected package 'tof_publisher' in 'tof_publisher'
[0.725s] INFO:colcon.colcon_core.package_selection:Skipping not selected package 'ldlidar_node' in 'lidar_publisher/ldlidar_node'
[0.725s] INFO:colcon.colcon_core.package_selection:Skipping not selected package 'ldlidar' in 'lidar_publisher/ldlidar'
[0.726s] Level 1:colcon.colcon_core.package_discovery:discover_packages(prefix_path) check parameters
[0.726s] Level 1:colcon.colcon_core.package_discovery:discover_packages(prefix_path) discover
[0.731s] DEBUG:colcon.colcon_installed_package_information.package_discovery:Found 13 installed packages in /home/hermes/Hermes/hermes_ws/install
[0.734s] DEBUG:colcon.colcon_installed_package_information.package_discovery:Found 336 installed packages in /opt/ros/humble
[0.737s] Level 1:colcon.colcon_core.package_discovery:discover_packages(prefix_path) using defaults
[0.826s] Level 5:colcon.colcon_core.verb:set package 'icm20948_publisher' build argument 'cmake_args' from command line to 'None'
[0.827s] Level 5:colcon.colcon_core.verb:set package 'icm20948_publisher' build argument 'cmake_target' from command line to 'None'
[0.827s] Level 5:colcon.colcon_core.verb:set package 'icm20948_publisher' build argument 'cmake_target_skip_unavailable' from command line to 'False'
[0.827s] Level 5:colcon.colcon_core.verb:set package 'icm20948_publisher' build argument 'cmake_clean_cache' from command line to 'False'
[0.827s] Level 5:colcon.colcon_core.verb:set package 'icm20948_publisher' build argument 'cmake_clean_first' from command line to 'False'
[0.827s] Level 5:colcon.colcon_core.verb:set package 'icm20948_publisher' build argument 'cmake_force_configure' from command line to 'False'
[0.827s] Level 5:colcon.colcon_core.verb:set package 'icm20948_publisher' build argument 'ament_cmake_args' from command line to 'None'
[0.827s] Level 5:colcon.colcon_core.verb:set package 'icm20948_publisher' build argument 'catkin_cmake_args' from command line to 'None'
[0.827s] Level 5:colcon.colcon_core.verb:set package 'icm20948_publisher' build argument 'catkin_skip_building_tests' from command line to 'False'
[0.827s] DEBUG:colcon.colcon_core.verb:Building package 'icm20948_publisher' with the following arguments: {'ament_cmake_args': None, 'build_base': '/home/hermes/Hermes/hermes_ws/src/build/icm20948_publisher', 'catkin_cmake_args': None, 'catkin_skip_building_tests': False, 'cmake_args': None, 'cmake_clean_cache': False, 'cmake_clean_first': False, 'cmake_force_configure': False, 'cmake_target': None, 'cmake_target_skip_unavailable': False, 'install_base': '/home/hermes/Hermes/hermes_ws/src/install/icm20948_publisher', 'merge_install': False, 'path': '/home/hermes/Hermes/hermes_ws/src/icm20948_publisher', 'symlink_install': False, 'test_result_base': None}
[0.827s] INFO:colcon.colcon_core.executor:Executing jobs using 'parallel' executor
[0.830s] DEBUG:colcon.colcon_parallel_executor.executor.parallel:run_until_complete
[0.830s] INFO:colcon.colcon_ros.task.ament_python.build:Building ROS package in '/home/hermes/Hermes/hermes_ws/src/icm20948_publisher' with build type 'ament_python'
[0.831s] Level 1:colcon.colcon_core.shell:create_environment_hook('icm20948_publisher', 'ament_prefix_path')
[0.835s] INFO:colcon.colcon_core.plugin_system:Skipping extension 'colcon_core.shell.bat': Not used on non-Windows systems
[0.836s] INFO:colcon.colcon_core.shell:Creating environment hook '/home/hermes/Hermes/hermes_ws/src/install/icm20948_publisher/share/icm20948_publisher/hook/ament_prefix_path.ps1'
[0.837s] INFO:colcon.colcon_core.shell:Creating environment descriptor '/home/hermes/Hermes/hermes_ws/src/install/icm20948_publisher/share/icm20948_publisher/hook/ament_prefix_path.dsv'
[0.838s] INFO:colcon.colcon_core.shell:Creating environment hook '/home/hermes/Hermes/hermes_ws/src/install/icm20948_publisher/share/icm20948_publisher/hook/ament_prefix_path.sh'
[0.839s] INFO:colcon.colcon_core.shell:Skip shell extension 'powershell' for command environment: Not usable outside of PowerShell
[0.839s] DEBUG:colcon.colcon_core.shell:Skip shell extension 'dsv' for command environment
[1.480s] DEBUG:colcon.colcon_parallel_executor.executor.parallel:closing loop
[1.480s] DEBUG:colcon.colcon_parallel_executor.executor.parallel:loop closed
[1.481s] DEBUG:colcon.colcon_parallel_executor.executor.parallel:run_until_complete finished with 'Command '['/usr/bin/python3', '-c', 'import sys;from contextlib import suppress;exec("with suppress(ImportError):    from setuptools.extern.packaging.specifiers    import SpecifierSet");exec("with suppress(ImportError):    from packaging.specifiers import SpecifierSet");from distutils.core import run_setup;dist = run_setup(    \'setup.py\', script_args=(\'--dry-run\',), stop_after=\'config\');skip_keys = (\'cmdclass\', \'distclass\', \'ext_modules\', \'metadata\');data = {    key: value for key, value in dist.__dict__.items()     if (        not key.startswith(\'_\') and         not callable(value) and         key not in skip_keys and         key not in dist.display_option_names    )};data[\'metadata\'] = {    k: v for k, v in dist.metadata.__dict__.items()     if k not in (\'license_files\', \'provides_extras\')};sys.stdout.buffer.write(repr(data).encode(\'utf-8\'))']' returned non-zero exit status 1.'
[1.481s] DEBUG:colcon.colcon_core.event_reactor:joining thread
[1.495s] INFO:colcon.colcon_core.plugin_system:Skipping extension 'colcon_notification.desktop_notification.terminal_notifier': Not used on non-Darwin systems
[1.496s] INFO:colcon.colcon_core.plugin_system:Skipping extension 'colcon_notification.desktop_notification.win32': Not used on non-Windows systems
[1.496s] INFO:colcon.colcon_notification.desktop_notification:Sending desktop notification using 'notify2'
[1.537s] DEBUG:colcon.colcon_core.event_reactor:joined thread
[1.539s] INFO:colcon.colcon_core.shell:Creating prefix script '/home/hermes/Hermes/hermes_ws/src/install/local_setup.ps1'
[1.541s] INFO:colcon.colcon_core.shell:Creating prefix util module '/home/hermes/Hermes/hermes_ws/src/install/_local_setup_util_ps1.py'
[1.545s] INFO:colcon.colcon_core.shell:Creating prefix chain script '/home/hermes/Hermes/hermes_ws/src/install/setup.ps1'
[1.549s] INFO:colcon.colcon_core.shell:Creating prefix script '/home/hermes/Hermes/hermes_ws/src/install/local_setup.sh'
[1.550s] INFO:colcon.colcon_core.shell:Creating prefix util module '/home/hermes/Hermes/hermes_ws/src/install/_local_setup_util_sh.py'
[1.551s] INFO:colcon.colcon_core.shell:Creating prefix chain script '/home/hermes/Hermes/hermes_ws/src/install/setup.sh'
[1.555s] INFO:colcon.colcon_core.shell:Creating prefix script '/home/hermes/Hermes/hermes_ws/src/install/local_setup.bash'
[1.556s] INFO:colcon.colcon_core.shell:Creating prefix chain script '/home/hermes/Hermes/hermes_ws/src/install/setup.bash'
[1.560s] INFO:colcon.colcon_core.shell:Creating prefix script '/home/hermes/Hermes/hermes_ws/src/install/local_setup.zsh'
[1.561s] INFO:colcon.colcon_core.shell:Creating prefix chain script '/home/hermes/Hermes/hermes_ws/src/install/setup.zsh'
