[4.179s] Invoking command in '/home/hermes/Hermes/hermes_ws/src/odometry': PYTHONPATH=/home/hermes/Hermes/hermes_ws/build/odometry/prefix_override:/home/hermes/Hermes/hermes_ws/install/odometry/lib/python3.10/site-packages:${PYTHONPATH} /usr/bin/python3 -W ignore:setup.py install is deprecated setup.py egg_info --egg-base ../../build/odometry build --build-base /home/hermes/Hermes/hermes_ws/build/odometry/build install --record /home/hermes/Hermes/hermes_ws/build/odometry/install.log --single-version-externally-managed install_data
[4.725s] running egg_info
[4.727s] writing ../../build/odometry/odometry.egg-info/PKG-INFO
[4.728s] writing dependency_links to ../../build/odometry/odometry.egg-info/dependency_links.txt
[4.729s] writing entry points to ../../build/odometry/odometry.egg-info/entry_points.txt
[4.729s] writing requirements to ../../build/odometry/odometry.egg-info/requires.txt
[4.729s] writing top-level names to ../../build/odometry/odometry.egg-info/top_level.txt
[4.733s] reading manifest file '../../build/odometry/odometry.egg-info/SOURCES.txt'
[4.733s] adding license file 'LICENSE'
[4.741s] writing manifest file '../../build/odometry/odometry.egg-info/SOURCES.txt'
[4.741s] running build
[4.742s] running build_py
[4.742s] running install
[4.742s] running install_lib
[4.742s] running install_data
[4.742s] running install_egg_info
[4.745s] removing '/home/hermes/Hermes/hermes_ws/install/odometry/lib/python3.10/site-packages/odometry-0.0.0-py3.10.egg-info' (and everything under it)
[4.745s] Copying ../../build/odometry/odometry.egg-info to /home/hermes/Hermes/hermes_ws/install/odometry/lib/python3.10/site-packages/odometry-0.0.0-py3.10.egg-info
[4.748s] running install_scripts
[4.798s] Installing odometry_node script to /home/hermes/Hermes/hermes_ws/install/odometry/lib/odometry
[4.799s] writing list of installed files to '/home/hermes/Hermes/hermes_ws/build/odometry/install.log'
[4.946s] Invoked command in '/home/hermes/Hermes/hermes_ws/src/odometry' returned '0': PYTHONPATH=/home/hermes/Hermes/hermes_ws/build/odometry/prefix_override:/home/hermes/Hermes/hermes_ws/install/odometry/lib/python3.10/site-packages:${PYTHONPATH} /usr/bin/python3 -W ignore:setup.py install is deprecated setup.py egg_info --egg-base ../../build/odometry build --build-base /home/hermes/Hermes/hermes_ws/build/odometry/build install --record /home/hermes/Hermes/hermes_ws/build/odometry/install.log --single-version-externally-managed install_data
