[0.307s] Invoking command in '/home/aleksmalm/Hermes/hermes_ws/build/hermes_interfaces': CMAKE_PREFIX_PATH=${CMAKE_PREFIX_PATH}:/home/aleksmalm/Hermes/hermes_ws/install/tof_publisher:/home/aleksmalm/Hermes/hermes_ws/install/teleop_control:/home/aleksmalm/Hermes/hermes_ws/install/opencv_tests:/home/aleksmalm/Hermes/hermes_ws/install/odometry:/home/aleksmalm/Hermes/hermes_ws/install/imu_publisher:/home/aleksmalm/Hermes/hermes_ws/install/cmd_vel:/home/aleksmalm/Hermes/hermes_ws/install/cameras:/opt/ros/humble /usr/bin/cmake --build /home/aleksmalm/Hermes/hermes_ws/build/hermes_interfaces -- -j12 -l12
[0.934s] [  9%] Built target hermes_interfaces__rosidl_generator_c
[0.934s] [ 12%] Built target hermes_interfaces__cpp
[0.934s] [ 12%] Built target ament_cmake_python_copy_hermes_interfaces
[0.935s] [ 22%] Built target hermes_interfaces__rosidl_typesupport_c
[0.935s] [ 32%] Built target hermes_interfaces__rosidl_typesupport_fastrtps_c
[0.936s] [ 41%] Built target hermes_interfaces__rosidl_typesupport_introspection_c
[0.936s] [ 51%] Built target hermes_interfaces__rosidl_typesupport_fastrtps_cpp
[0.936s] [ 67%] Built target hermes_interfaces__rosidl_typesupport_introspection_cpp
[0.936s] [ 70%] Built target hermes_interfaces__rosidl_typesupport_cpp
[0.936s] [ 70%] Built target hermes_interfaces
[0.937s] [ 74%] Built target hermes_interfaces__py
[0.937s] [ 80%] Built target hermes_interfaces__rosidl_generator_py
[0.937s] [ 87%] Built target hermes_interfaces__rosidl_typesupport_fastrtps_c__pyext
[0.937s] [100%] Built target hermes_interfaces__rosidl_typesupport_c__pyext
[0.938s] [ 96%] Built target hermes_interfaces__rosidl_typesupport_introspection_c__pyext
[0.938s] running egg_info
[0.938s] writing hermes_interfaces.egg-info/PKG-INFO
[0.939s] writing dependency_links to hermes_interfaces.egg-info/dependency_links.txt
[0.939s] writing top-level names to hermes_interfaces.egg-info/top_level.txt
[0.939s] reading manifest file 'hermes_interfaces.egg-info/SOURCES.txt'
[0.940s] writing manifest file 'hermes_interfaces.egg-info/SOURCES.txt'
[0.940s] [100%] Built target ament_cmake_python_build_hermes_interfaces_egg
[0.943s] Invoked command in '/home/aleksmalm/Hermes/hermes_ws/build/hermes_interfaces' returned '0': CMAKE_PREFIX_PATH=${CMAKE_PREFIX_PATH}:/home/aleksmalm/Hermes/hermes_ws/install/tof_publisher:/home/aleksmalm/Hermes/hermes_ws/install/teleop_control:/home/aleksmalm/Hermes/hermes_ws/install/opencv_tests:/home/aleksmalm/Hermes/hermes_ws/install/odometry:/home/aleksmalm/Hermes/hermes_ws/install/imu_publisher:/home/aleksmalm/Hermes/hermes_ws/install/cmd_vel:/home/aleksmalm/Hermes/hermes_ws/install/cameras:/opt/ros/humble /usr/bin/cmake --build /home/aleksmalm/Hermes/hermes_ws/build/hermes_interfaces -- -j12 -l12
[1.030s] Invoking command in '/home/aleksmalm/Hermes/hermes_ws/build/hermes_interfaces': CMAKE_PREFIX_PATH=${CMAKE_PREFIX_PATH}:/home/aleksmalm/Hermes/hermes_ws/install/tof_publisher:/home/aleksmalm/Hermes/hermes_ws/install/teleop_control:/home/aleksmalm/Hermes/hermes_ws/install/opencv_tests:/home/aleksmalm/Hermes/hermes_ws/install/odometry:/home/aleksmalm/Hermes/hermes_ws/install/imu_publisher:/home/aleksmalm/Hermes/hermes_ws/install/cmd_vel:/home/aleksmalm/Hermes/hermes_ws/install/cameras:/opt/ros/humble /usr/bin/cmake --install /home/aleksmalm/Hermes/hermes_ws/build/hermes_interfaces
[1.039s] -- Install configuration: ""
[1.040s] -- Up-to-date: /home/aleksmalm/Hermes/hermes_ws/install/hermes_interfaces/share/ament_index/resource_index/rosidl_interfaces/hermes_interfaces
[1.040s] -- Up-to-date: /home/aleksmalm/Hermes/hermes_ws/install/hermes_interfaces/include/hermes_interfaces/hermes_interfaces
[1.040s] -- Up-to-date: /home/aleksmalm/Hermes/hermes_ws/install/hermes_interfaces/include/hermes_interfaces/hermes_interfaces/msg
[1.040s] -- Up-to-date: /home/aleksmalm/Hermes/hermes_ws/install/hermes_interfaces/include/hermes_interfaces/hermes_interfaces/msg/rosidl_generator_c__visibility_control.h
[1.040s] -- Up-to-date: /home/aleksmalm/Hermes/hermes_ws/install/hermes_interfaces/include/hermes_interfaces/hermes_interfaces/msg/detail
[1.040s] -- Up-to-date: /home/aleksmalm/Hermes/hermes_ws/install/hermes_interfaces/include/hermes_interfaces/hermes_interfaces/msg/detail/gps_fixed__functions.c
[1.041s] -- Up-to-date: /home/aleksmalm/Hermes/hermes_ws/install/hermes_interfaces/include/hermes_interfaces/hermes_interfaces/msg/detail/gps_fixed__type_support.h
[1.042s] -- Up-to-date: /home/aleksmalm/Hermes/hermes_ws/install/hermes_interfaces/include/hermes_interfaces/hermes_interfaces/msg/detail/gps_fixed__struct.h
[1.042s] -- Up-to-date: /home/aleksmalm/Hermes/hermes_ws/install/hermes_interfaces/include/hermes_interfaces/hermes_interfaces/msg/detail/gps_fixed__functions.h
[1.042s] -- Up-to-date: /home/aleksmalm/Hermes/hermes_ws/install/hermes_interfaces/include/hermes_interfaces/hermes_interfaces/msg/gps_fixed.h
[1.042s] -- Up-to-date: /home/aleksmalm/Hermes/hermes_ws/install/hermes_interfaces/share/hermes_interfaces/environment/library_path.sh
[1.042s] -- Up-to-date: /home/aleksmalm/Hermes/hermes_ws/install/hermes_interfaces/share/hermes_interfaces/environment/library_path.dsv
[1.043s] -- Up-to-date: /home/aleksmalm/Hermes/hermes_ws/install/hermes_interfaces/lib/libhermes_interfaces__rosidl_generator_c.so
[1.043s] -- Up-to-date: /home/aleksmalm/Hermes/hermes_ws/install/hermes_interfaces/include/hermes_interfaces/hermes_interfaces
[1.044s] -- Up-to-date: /home/aleksmalm/Hermes/hermes_ws/install/hermes_interfaces/include/hermes_interfaces/hermes_interfaces/msg
[1.044s] -- Up-to-date: /home/aleksmalm/Hermes/hermes_ws/install/hermes_interfaces/include/hermes_interfaces/hermes_interfaces/msg/detail
[1.044s] -- Up-to-date: /home/aleksmalm/Hermes/hermes_ws/install/hermes_interfaces/include/hermes_interfaces/hermes_interfaces/msg/detail/gps_fixed__rosidl_typesupport_fastrtps_c.h
[1.044s] -- Up-to-date: /home/aleksmalm/Hermes/hermes_ws/install/hermes_interfaces/include/hermes_interfaces/hermes_interfaces/msg/rosidl_typesupport_fastrtps_c__visibility_control.h
[1.044s] -- Up-to-date: /home/aleksmalm/Hermes/hermes_ws/install/hermes_interfaces/lib/libhermes_interfaces__rosidl_typesupport_fastrtps_c.so
[1.045s] -- Up-to-date: /home/aleksmalm/Hermes/hermes_ws/install/hermes_interfaces/include/hermes_interfaces/hermes_interfaces
[1.046s] -- Up-to-date: /home/aleksmalm/Hermes/hermes_ws/install/hermes_interfaces/include/hermes_interfaces/hermes_interfaces/msg
[1.047s] -- Up-to-date: /home/aleksmalm/Hermes/hermes_ws/install/hermes_interfaces/include/hermes_interfaces/hermes_interfaces/msg/detail
[1.047s] -- Up-to-date: /home/aleksmalm/Hermes/hermes_ws/install/hermes_interfaces/include/hermes_interfaces/hermes_interfaces/msg/detail/gps_fixed__rosidl_typesupport_introspection_c.h
[1.047s] -- Up-to-date: /home/aleksmalm/Hermes/hermes_ws/install/hermes_interfaces/include/hermes_interfaces/hermes_interfaces/msg/detail/gps_fixed__type_support.c
[1.047s] -- Up-to-date: /home/aleksmalm/Hermes/hermes_ws/install/hermes_interfaces/include/hermes_interfaces/hermes_interfaces/msg/rosidl_typesupport_introspection_c__visibility_control.h
[1.047s] -- Up-to-date: /home/aleksmalm/Hermes/hermes_ws/install/hermes_interfaces/lib/libhermes_interfaces__rosidl_typesupport_introspection_c.so
[1.047s] -- Up-to-date: /home/aleksmalm/Hermes/hermes_ws/install/hermes_interfaces/lib/libhermes_interfaces__rosidl_typesupport_c.so
[1.047s] -- Up-to-date: /home/aleksmalm/Hermes/hermes_ws/install/hermes_interfaces/include/hermes_interfaces/hermes_interfaces
[1.048s] -- Up-to-date: /home/aleksmalm/Hermes/hermes_ws/install/hermes_interfaces/include/hermes_interfaces/hermes_interfaces/msg
[1.048s] -- Up-to-date: /home/aleksmalm/Hermes/hermes_ws/install/hermes_interfaces/include/hermes_interfaces/hermes_interfaces/msg/gps_fixed.hpp
[1.048s] -- Up-to-date: /home/aleksmalm/Hermes/hermes_ws/install/hermes_interfaces/include/hermes_interfaces/hermes_interfaces/msg/detail
[1.048s] -- Up-to-date: /home/aleksmalm/Hermes/hermes_ws/install/hermes_interfaces/include/hermes_interfaces/hermes_interfaces/msg/detail/gps_fixed__struct.hpp
[1.048s] -- Up-to-date: /home/aleksmalm/Hermes/hermes_ws/install/hermes_interfaces/include/hermes_interfaces/hermes_interfaces/msg/detail/gps_fixed__traits.hpp
[1.048s] -- Up-to-date: /home/aleksmalm/Hermes/hermes_ws/install/hermes_interfaces/include/hermes_interfaces/hermes_interfaces/msg/detail/gps_fixed__builder.hpp
[1.048s] -- Up-to-date: /home/aleksmalm/Hermes/hermes_ws/install/hermes_interfaces/include/hermes_interfaces/hermes_interfaces
[1.048s] -- Up-to-date: /home/aleksmalm/Hermes/hermes_ws/install/hermes_interfaces/include/hermes_interfaces/hermes_interfaces/msg
[1.049s] -- Up-to-date: /home/aleksmalm/Hermes/hermes_ws/install/hermes_interfaces/include/hermes_interfaces/hermes_interfaces/msg/detail
[1.049s] -- Up-to-date: /home/aleksmalm/Hermes/hermes_ws/install/hermes_interfaces/include/hermes_interfaces/hermes_interfaces/msg/detail/dds_fastrtps
[1.049s] -- Up-to-date: /home/aleksmalm/Hermes/hermes_ws/install/hermes_interfaces/include/hermes_interfaces/hermes_interfaces/msg/detail/gps_fixed__rosidl_typesupport_fastrtps_cpp.hpp
[1.049s] -- Up-to-date: /home/aleksmalm/Hermes/hermes_ws/install/hermes_interfaces/include/hermes_interfaces/hermes_interfaces/msg/rosidl_typesupport_fastrtps_cpp__visibility_control.h
[1.049s] -- Up-to-date: /home/aleksmalm/Hermes/hermes_ws/install/hermes_interfaces/lib/libhermes_interfaces__rosidl_typesupport_fastrtps_cpp.so
[1.050s] -- Up-to-date: /home/aleksmalm/Hermes/hermes_ws/install/hermes_interfaces/include/hermes_interfaces/hermes_interfaces
[1.050s] -- Up-to-date: /home/aleksmalm/Hermes/hermes_ws/install/hermes_interfaces/include/hermes_interfaces/hermes_interfaces/msg
[1.050s] -- Up-to-date: /home/aleksmalm/Hermes/hermes_ws/install/hermes_interfaces/include/hermes_interfaces/hermes_interfaces/msg/detail
[1.050s] -- Up-to-date: /home/aleksmalm/Hermes/hermes_ws/install/hermes_interfaces/include/hermes_interfaces/hermes_interfaces/msg/detail/gps_fixed__rosidl_typesupport_introspection_cpp.hpp
[1.050s] -- Up-to-date: /home/aleksmalm/Hermes/hermes_ws/install/hermes_interfaces/include/hermes_interfaces/hermes_interfaces/msg/detail/gps_fixed__type_support.cpp
[1.050s] -- Up-to-date: /home/aleksmalm/Hermes/hermes_ws/install/hermes_interfaces/lib/libhermes_interfaces__rosidl_typesupport_introspection_cpp.so
[1.050s] -- Up-to-date: /home/aleksmalm/Hermes/hermes_ws/install/hermes_interfaces/lib/libhermes_interfaces__rosidl_typesupport_cpp.so
[1.050s] -- Up-to-date: /home/aleksmalm/Hermes/hermes_ws/install/hermes_interfaces/share/hermes_interfaces/environment/pythonpath.sh
[1.054s] -- Up-to-date: /home/aleksmalm/Hermes/hermes_ws/install/hermes_interfaces/share/hermes_interfaces/environment/pythonpath.dsv
[1.055s] -- Up-to-date: /home/aleksmalm/Hermes/hermes_ws/install/hermes_interfaces/local/lib/python3.10/dist-packages/hermes_interfaces-0.0.0-py3.10.egg-info
[1.055s] -- Installing: /home/aleksmalm/Hermes/hermes_ws/install/hermes_interfaces/local/lib/python3.10/dist-packages/hermes_interfaces-0.0.0-py3.10.egg-info/dependency_links.txt
[1.055s] -- Installing: /home/aleksmalm/Hermes/hermes_ws/install/hermes_interfaces/local/lib/python3.10/dist-packages/hermes_interfaces-0.0.0-py3.10.egg-info/PKG-INFO
[1.055s] -- Installing: /home/aleksmalm/Hermes/hermes_ws/install/hermes_interfaces/local/lib/python3.10/dist-packages/hermes_interfaces-0.0.0-py3.10.egg-info/top_level.txt
[1.055s] -- Installing: /home/aleksmalm/Hermes/hermes_ws/install/hermes_interfaces/local/lib/python3.10/dist-packages/hermes_interfaces-0.0.0-py3.10.egg-info/SOURCES.txt
[1.056s] -- Up-to-date: /home/aleksmalm/Hermes/hermes_ws/install/hermes_interfaces/local/lib/python3.10/dist-packages/hermes_interfaces
[1.056s] -- Up-to-date: /home/aleksmalm/Hermes/hermes_ws/install/hermes_interfaces/local/lib/python3.10/dist-packages/hermes_interfaces/_hermes_interfaces_s.ep.rosidl_typesupport_introspection_c.c
[1.056s] -- Up-to-date: /home/aleksmalm/Hermes/hermes_ws/install/hermes_interfaces/local/lib/python3.10/dist-packages/hermes_interfaces/hermes_interfaces_s__rosidl_typesupport_introspection_c.cpython-310-x86_64-linux-gnu.so
[1.056s] -- Up-to-date: /home/aleksmalm/Hermes/hermes_ws/install/hermes_interfaces/local/lib/python3.10/dist-packages/hermes_interfaces/libhermes_interfaces__rosidl_generator_py.so
[1.056s] -- Up-to-date: /home/aleksmalm/Hermes/hermes_ws/install/hermes_interfaces/local/lib/python3.10/dist-packages/hermes_interfaces/hermes_interfaces_s__rosidl_typesupport_fastrtps_c.cpython-310-x86_64-linux-gnu.so
[1.057s] -- Up-to-date: /home/aleksmalm/Hermes/hermes_ws/install/hermes_interfaces/local/lib/python3.10/dist-packages/hermes_interfaces/_hermes_interfaces_s.ep.rosidl_typesupport_fastrtps_c.c
[1.057s] -- Up-to-date: /home/aleksmalm/Hermes/hermes_ws/install/hermes_interfaces/local/lib/python3.10/dist-packages/hermes_interfaces/msg
[1.057s] -- Up-to-date: /home/aleksmalm/Hermes/hermes_ws/install/hermes_interfaces/local/lib/python3.10/dist-packages/hermes_interfaces/msg/_gps_fixed_s.c
[1.057s] -- Up-to-date: /home/aleksmalm/Hermes/hermes_ws/install/hermes_interfaces/local/lib/python3.10/dist-packages/hermes_interfaces/msg/_gps_fixed.py
[1.057s] -- Up-to-date: /home/aleksmalm/Hermes/hermes_ws/install/hermes_interfaces/local/lib/python3.10/dist-packages/hermes_interfaces/msg/__init__.py
[1.057s] -- Up-to-date: /home/aleksmalm/Hermes/hermes_ws/install/hermes_interfaces/local/lib/python3.10/dist-packages/hermes_interfaces/__init__.py
[1.058s] -- Up-to-date: /home/aleksmalm/Hermes/hermes_ws/install/hermes_interfaces/local/lib/python3.10/dist-packages/hermes_interfaces/_hermes_interfaces_s.ep.rosidl_typesupport_c.c
[1.058s] -- Up-to-date: /home/aleksmalm/Hermes/hermes_ws/install/hermes_interfaces/local/lib/python3.10/dist-packages/hermes_interfaces/hermes_interfaces_s__rosidl_typesupport_c.cpython-310-x86_64-linux-gnu.so
[1.076s] Listing '/home/aleksmalm/Hermes/hermes_ws/install/hermes_interfaces/local/lib/python3.10/dist-packages/hermes_interfaces'...
[1.076s] Listing '/home/aleksmalm/Hermes/hermes_ws/install/hermes_interfaces/local/lib/python3.10/dist-packages/hermes_interfaces/msg'...
[1.079s] -- Up-to-date: /home/aleksmalm/Hermes/hermes_ws/install/hermes_interfaces/local/lib/python3.10/dist-packages/hermes_interfaces/hermes_interfaces_s__rosidl_typesupport_fastrtps_c.cpython-310-x86_64-linux-gnu.so
[1.079s] -- Up-to-date: /home/aleksmalm/Hermes/hermes_ws/install/hermes_interfaces/local/lib/python3.10/dist-packages/hermes_interfaces/hermes_interfaces_s__rosidl_typesupport_introspection_c.cpython-310-x86_64-linux-gnu.so
[1.080s] -- Up-to-date: /home/aleksmalm/Hermes/hermes_ws/install/hermes_interfaces/local/lib/python3.10/dist-packages/hermes_interfaces/hermes_interfaces_s__rosidl_typesupport_c.cpython-310-x86_64-linux-gnu.so
[1.080s] -- Up-to-date: /home/aleksmalm/Hermes/hermes_ws/install/hermes_interfaces/lib/libhermes_interfaces__rosidl_generator_py.so
[1.080s] -- Up-to-date: /home/aleksmalm/Hermes/hermes_ws/install/hermes_interfaces/share/hermes_interfaces/msg/GpsFixed.idl
[1.081s] -- Up-to-date: /home/aleksmalm/Hermes/hermes_ws/install/hermes_interfaces/share/hermes_interfaces/msg/GpsFixed.msg
[1.081s] -- Up-to-date: /home/aleksmalm/Hermes/hermes_ws/install/hermes_interfaces/share/ament_index/resource_index/package_run_dependencies/hermes_interfaces
[1.081s] -- Up-to-date: /home/aleksmalm/Hermes/hermes_ws/install/hermes_interfaces/share/ament_index/resource_index/parent_prefix_path/hermes_interfaces
[1.082s] -- Up-to-date: /home/aleksmalm/Hermes/hermes_ws/install/hermes_interfaces/share/hermes_interfaces/environment/ament_prefix_path.sh
[1.082s] -- Up-to-date: /home/aleksmalm/Hermes/hermes_ws/install/hermes_interfaces/share/hermes_interfaces/environment/ament_prefix_path.dsv
[1.082s] -- Up-to-date: /home/aleksmalm/Hermes/hermes_ws/install/hermes_interfaces/share/hermes_interfaces/environment/path.sh
[1.083s] -- Up-to-date: /home/aleksmalm/Hermes/hermes_ws/install/hermes_interfaces/share/hermes_interfaces/environment/path.dsv
[1.083s] -- Up-to-date: /home/aleksmalm/Hermes/hermes_ws/install/hermes_interfaces/share/hermes_interfaces/local_setup.bash
[1.083s] -- Up-to-date: /home/aleksmalm/Hermes/hermes_ws/install/hermes_interfaces/share/hermes_interfaces/local_setup.sh
[1.083s] -- Up-to-date: /home/aleksmalm/Hermes/hermes_ws/install/hermes_interfaces/share/hermes_interfaces/local_setup.zsh
[1.084s] -- Up-to-date: /home/aleksmalm/Hermes/hermes_ws/install/hermes_interfaces/share/hermes_interfaces/local_setup.dsv
[1.084s] -- Installing: /home/aleksmalm/Hermes/hermes_ws/install/hermes_interfaces/share/hermes_interfaces/package.dsv
[1.084s] -- Up-to-date: /home/aleksmalm/Hermes/hermes_ws/install/hermes_interfaces/share/ament_index/resource_index/packages/hermes_interfaces
[1.084s] -- Up-to-date: /home/aleksmalm/Hermes/hermes_ws/install/hermes_interfaces/share/hermes_interfaces/cmake/export_hermes_interfaces__rosidl_generator_cExport.cmake
[1.084s] -- Up-to-date: /home/aleksmalm/Hermes/hermes_ws/install/hermes_interfaces/share/hermes_interfaces/cmake/export_hermes_interfaces__rosidl_generator_cExport-noconfig.cmake
[1.084s] -- Up-to-date: /home/aleksmalm/Hermes/hermes_ws/install/hermes_interfaces/share/hermes_interfaces/cmake/export_hermes_interfaces__rosidl_typesupport_fastrtps_cExport.cmake
[1.084s] -- Up-to-date: /home/aleksmalm/Hermes/hermes_ws/install/hermes_interfaces/share/hermes_interfaces/cmake/export_hermes_interfaces__rosidl_typesupport_fastrtps_cExport-noconfig.cmake
[1.084s] -- Up-to-date: /home/aleksmalm/Hermes/hermes_ws/install/hermes_interfaces/share/hermes_interfaces/cmake/hermes_interfaces__rosidl_typesupport_introspection_cExport.cmake
[1.084s] -- Up-to-date: /home/aleksmalm/Hermes/hermes_ws/install/hermes_interfaces/share/hermes_interfaces/cmake/hermes_interfaces__rosidl_typesupport_introspection_cExport-noconfig.cmake
[1.084s] -- Up-to-date: /home/aleksmalm/Hermes/hermes_ws/install/hermes_interfaces/share/hermes_interfaces/cmake/hermes_interfaces__rosidl_typesupport_cExport.cmake
[1.084s] -- Up-to-date: /home/aleksmalm/Hermes/hermes_ws/install/hermes_interfaces/share/hermes_interfaces/cmake/hermes_interfaces__rosidl_typesupport_cExport-noconfig.cmake
[1.084s] -- Up-to-date: /home/aleksmalm/Hermes/hermes_ws/install/hermes_interfaces/share/hermes_interfaces/cmake/export_hermes_interfaces__rosidl_generator_cppExport.cmake
[1.084s] -- Up-to-date: /home/aleksmalm/Hermes/hermes_ws/install/hermes_interfaces/share/hermes_interfaces/cmake/export_hermes_interfaces__rosidl_typesupport_fastrtps_cppExport.cmake
[1.084s] -- Up-to-date: /home/aleksmalm/Hermes/hermes_ws/install/hermes_interfaces/share/hermes_interfaces/cmake/export_hermes_interfaces__rosidl_typesupport_fastrtps_cppExport-noconfig.cmake
[1.085s] -- Up-to-date: /home/aleksmalm/Hermes/hermes_ws/install/hermes_interfaces/share/hermes_interfaces/cmake/hermes_interfaces__rosidl_typesupport_introspection_cppExport.cmake
[1.085s] -- Up-to-date: /home/aleksmalm/Hermes/hermes_ws/install/hermes_interfaces/share/hermes_interfaces/cmake/hermes_interfaces__rosidl_typesupport_introspection_cppExport-noconfig.cmake
[1.085s] -- Up-to-date: /home/aleksmalm/Hermes/hermes_ws/install/hermes_interfaces/share/hermes_interfaces/cmake/hermes_interfaces__rosidl_typesupport_cppExport.cmake
[1.085s] -- Up-to-date: /home/aleksmalm/Hermes/hermes_ws/install/hermes_interfaces/share/hermes_interfaces/cmake/hermes_interfaces__rosidl_typesupport_cppExport-noconfig.cmake
[1.085s] -- Up-to-date: /home/aleksmalm/Hermes/hermes_ws/install/hermes_interfaces/share/hermes_interfaces/cmake/export_hermes_interfaces__rosidl_generator_pyExport.cmake
[1.085s] -- Up-to-date: /home/aleksmalm/Hermes/hermes_ws/install/hermes_interfaces/share/hermes_interfaces/cmake/export_hermes_interfaces__rosidl_generator_pyExport-noconfig.cmake
[1.085s] -- Up-to-date: /home/aleksmalm/Hermes/hermes_ws/install/hermes_interfaces/share/hermes_interfaces/cmake/rosidl_cmake-extras.cmake
[1.085s] -- Up-to-date: /home/aleksmalm/Hermes/hermes_ws/install/hermes_interfaces/share/hermes_interfaces/cmake/ament_cmake_export_include_directories-extras.cmake
[1.086s] -- Up-to-date: /home/aleksmalm/Hermes/hermes_ws/install/hermes_interfaces/share/hermes_interfaces/cmake/ament_cmake_export_libraries-extras.cmake
[1.086s] -- Up-to-date: /home/aleksmalm/Hermes/hermes_ws/install/hermes_interfaces/share/hermes_interfaces/cmake/ament_cmake_export_targets-extras.cmake
[1.086s] -- Up-to-date: /home/aleksmalm/Hermes/hermes_ws/install/hermes_interfaces/share/hermes_interfaces/cmake/rosidl_cmake_export_typesupport_targets-extras.cmake
[1.086s] -- Up-to-date: /home/aleksmalm/Hermes/hermes_ws/install/hermes_interfaces/share/hermes_interfaces/cmake/ament_cmake_export_dependencies-extras.cmake
[1.086s] -- Up-to-date: /home/aleksmalm/Hermes/hermes_ws/install/hermes_interfaces/share/hermes_interfaces/cmake/rosidl_cmake_export_typesupport_libraries-extras.cmake
[1.086s] -- Up-to-date: /home/aleksmalm/Hermes/hermes_ws/install/hermes_interfaces/share/hermes_interfaces/cmake/hermes_interfacesConfig.cmake
[1.086s] -- Up-to-date: /home/aleksmalm/Hermes/hermes_ws/install/hermes_interfaces/share/hermes_interfaces/cmake/hermes_interfacesConfig-version.cmake
[1.086s] -- Up-to-date: /home/aleksmalm/Hermes/hermes_ws/install/hermes_interfaces/share/hermes_interfaces/package.xml
[1.086s] Invoked command in '/home/aleksmalm/Hermes/hermes_ws/build/hermes_interfaces' returned '0': CMAKE_PREFIX_PATH=${CMAKE_PREFIX_PATH}:/home/aleksmalm/Hermes/hermes_ws/install/tof_publisher:/home/aleksmalm/Hermes/hermes_ws/install/teleop_control:/home/aleksmalm/Hermes/hermes_ws/install/opencv_tests:/home/aleksmalm/Hermes/hermes_ws/install/odometry:/home/aleksmalm/Hermes/hermes_ws/install/imu_publisher:/home/aleksmalm/Hermes/hermes_ws/install/cmd_vel:/home/aleksmalm/Hermes/hermes_ws/install/cameras:/opt/ros/humble /usr/bin/cmake --install /home/aleksmalm/Hermes/hermes_ws/build/hermes_interfaces
