[2.824s] Invoking command in '/home/hermes/Hermes/hermes_ws/src/odometry_publisher': PYTHONPATH=/home/hermes/Hermes/hermes_ws/build/odometry_publisher/prefix_override:/usr/lib/python3/dist-packages/colcon_core/task/python/colcon_distutils_commands:/home/hermes/Hermes/hermes_ws/install/odometry_publisher/lib/python3.10/site-packages:${PYTHONPATH} /usr/bin/python3 -W ignore:setup.py install is deprecated setup.py egg_info --egg-base ../../build/odometry_publisher build --build-base /home/hermes/Hermes/hermes_ws/build/odometry_publisher/build install --record /home/hermes/Hermes/hermes_ws/build/odometry_publisher/install.log --single-version-externally-managed install_data
[3.540s] running egg_info
[3.582s] writing ../../build/odometry_publisher/odometry_publisher.egg-info/PKG-INFO
[3.584s] writing dependency_links to ../../build/odometry_publisher/odometry_publisher.egg-info/dependency_links.txt
[3.584s] writing entry points to ../../build/odometry_publisher/odometry_publisher.egg-info/entry_points.txt
[3.585s] writing requirements to ../../build/odometry_publisher/odometry_publisher.egg-info/requires.txt
[3.585s] writing top-level names to ../../build/odometry_publisher/odometry_publisher.egg-info/top_level.txt
[3.676s] reading manifest file '../../build/odometry_publisher/odometry_publisher.egg-info/SOURCES.txt'
[3.679s] writing manifest file '../../build/odometry_publisher/odometry_publisher.egg-info/SOURCES.txt'
[3.679s] running build
[3.680s] running build_py
[3.680s] copying odometry_publisher/odometry_publisher_node.py -> /home/hermes/Hermes/hermes_ws/build/odometry_publisher/build/lib/odometry_publisher
[3.680s] copying odometry_publisher/__init__.py -> /home/hermes/Hermes/hermes_ws/build/odometry_publisher/build/lib/odometry_publisher
[3.681s] running install
[3.691s] running install_lib
[3.734s] running install_data
[3.734s] copying resource/odometry_publisher -> /home/hermes/Hermes/hermes_ws/install/odometry_publisher/share/ament_index/resource_index/packages
[3.735s] copying package.xml -> /home/hermes/Hermes/hermes_ws/install/odometry_publisher/share/odometry_publisher
[3.735s] running install_egg_info
[3.782s] removing '/home/hermes/Hermes/hermes_ws/install/odometry_publisher/lib/python3.10/site-packages/odometry_publisher-0.0.0-py3.10.egg-info' (and everything under it)
[3.782s] Copying ../../build/odometry_publisher/odometry_publisher.egg-info to /home/hermes/Hermes/hermes_ws/install/odometry_publisher/lib/python3.10/site-packages/odometry_publisher-0.0.0-py3.10.egg-info
[3.785s] running install_scripts
[4.123s] Installing odometry_publisher script to /home/hermes/Hermes/hermes_ws/install/odometry_publisher/lib/odometry_publisher
[4.127s] writing list of installed files to '/home/hermes/Hermes/hermes_ws/build/odometry_publisher/install.log'
[4.204s] Invoked command in '/home/hermes/Hermes/hermes_ws/src/odometry_publisher' returned '0': PYTHONPATH=/home/hermes/Hermes/hermes_ws/build/odometry_publisher/prefix_override:/usr/lib/python3/dist-packages/colcon_core/task/python/colcon_distutils_commands:/home/hermes/Hermes/hermes_ws/install/odometry_publisher/lib/python3.10/site-packages:${PYTHONPATH} /usr/bin/python3 -W ignore:setup.py install is deprecated setup.py egg_info --egg-base ../../build/odometry_publisher build --build-base /home/hermes/Hermes/hermes_ws/build/odometry_publisher/build install --record /home/hermes/Hermes/hermes_ws/build/odometry_publisher/install.log --single-version-externally-managed install_data
