[ 11%] [32mBuilding CXX object gtest/CMakeFiles/gtest.dir/src/gtest-all.cc.o[0m
[ 22%] [32mBuilding CXX object CMakeFiles/image_geometry.dir/src/stereo_camera_model.cpp.o[0m
[ 33%] [32mBuilding CXX object CMakeFiles/image_geometry.dir/src/pinhole_camera_model.cpp.o[0m
[ 44%] [32mBuilding CXX object gtest/CMakeFiles/gtest_main.dir/src/gtest_main.cc.o[0m
[ 44%] Built target ament_cmake_python_copy_image_geometry
running egg_info
creating image_geometry.egg-info
writing image_geometry.egg-info/PKG-INFO
writing dependency_links to image_geometry.egg-info/dependency_links.txt
writing top-level names to image_geometry.egg-info/top_level.txt
writing manifest file 'image_geometry.egg-info/SOURCES.txt'
reading manifest file 'image_geometry.egg-info/SOURCES.txt'
writing manifest file 'image_geometry.egg-info/SOURCES.txt'
[ 44%] Built target ament_cmake_python_build_image_geometry_egg
[ 55%] [32m[1mLinking CXX static library libgtest_main.a[0m
[ 55%] Built target gtest_main
[ 66%] [32m[1mLinking CXX shared library libimage_geometry.so[0m
[ 66%] Built target image_geometry
[ 77%] [32m[1mLinking CXX static library libgtest.a[0m
[ 77%] Built target gtest
[ 88%] [32mBuilding CXX object CMakeFiles/image_geometry-utest.dir/test/utest.cpp.o[0m
[100%] [32m[1mLinking CXX executable image_geometry-utest[0m
[100%] Built target image_geometry-utest
