[2.082s] Invoking command in '/home/aleksmalm/Hermes/hermes_ws/src/cmd_vel': PYTHONPATH=/home/aleksmalm/Hermes/hermes_ws/build/cmd_vel/prefix_override:/home/aleksmalm/Hermes/hermes_ws/install/cmd_vel/lib/python3.10/site-packages:${PYTHONPATH} /usr/bin/python3 -W ignore:setup.py install is deprecated setup.py egg_info --egg-base ../../build/cmd_vel build --build-base /home/aleksmalm/Hermes/hermes_ws/build/cmd_vel/build install --record /home/aleksmalm/Hermes/hermes_ws/build/cmd_vel/install.log --single-version-externally-managed install_data
[2.397s] running egg_info
[2.397s] writing ../../build/cmd_vel/cmd_vel.egg-info/PKG-INFO
[2.397s] writing dependency_links to ../../build/cmd_vel/cmd_vel.egg-info/dependency_links.txt
[2.397s] writing entry points to ../../build/cmd_vel/cmd_vel.egg-info/entry_points.txt
[2.401s] writing requirements to ../../build/cmd_vel/cmd_vel.egg-info/requires.txt
[2.401s] writing top-level names to ../../build/cmd_vel/cmd_vel.egg-info/top_level.txt
[2.402s] reading manifest file '../../build/cmd_vel/cmd_vel.egg-info/SOURCES.txt'
[2.403s] writing manifest file '../../build/cmd_vel/cmd_vel.egg-info/SOURCES.txt'
[2.403s] running build
[2.403s] running build_py
[2.403s] running install
[2.403s] running install_lib
[2.403s] running install_data
[2.403s] running install_egg_info
[2.405s] removing '/home/aleksmalm/Hermes/hermes_ws/install/cmd_vel/lib/python3.10/site-packages/cmd_vel-0.0.0-py3.10.egg-info' (and everything under it)
[2.405s] Copying ../../build/cmd_vel/cmd_vel.egg-info to /home/aleksmalm/Hermes/hermes_ws/install/cmd_vel/lib/python3.10/site-packages/cmd_vel-0.0.0-py3.10.egg-info
[2.405s] running install_scripts
[2.432s] Installing cmd_vel_controll script to /home/aleksmalm/Hermes/hermes_ws/install/cmd_vel/lib/cmd_vel
[2.432s] writing list of installed files to '/home/aleksmalm/Hermes/hermes_ws/build/cmd_vel/install.log'
[2.482s] Invoked command in '/home/aleksmalm/Hermes/hermes_ws/src/cmd_vel' returned '0': PYTHONPATH=/home/aleksmalm/Hermes/hermes_ws/build/cmd_vel/prefix_override:/home/aleksmalm/Hermes/hermes_ws/install/cmd_vel/lib/python3.10/site-packages:${PYTHONPATH} /usr/bin/python3 -W ignore:setup.py install is deprecated setup.py egg_info --egg-base ../../build/cmd_vel build --build-base /home/aleksmalm/Hermes/hermes_ws/build/cmd_vel/build install --record /home/aleksmalm/Hermes/hermes_ws/build/cmd_vel/install.log --single-version-externally-managed install_data
