[1.948s] Invoking command in '/home/raivo/Hermes/hermes_ws/src/imu_raw_publisher': PYTHONPATH=/home/raivo/Hermes/hermes_ws/build/icm20948_publisher/prefix_override:/home/raivo/Hermes/hermes_ws/install/icm20948_publisher/lib/python3.10/site-packages:${PYTHONPATH} /usr/bin/python3 -W ignore:setup.py install is deprecated setup.py egg_info --egg-base ../../build/icm20948_publisher build --build-base /home/raivo/Hermes/hermes_ws/build/icm20948_publisher/build install --record /home/raivo/Hermes/hermes_ws/build/icm20948_publisher/install.log --single-version-externally-managed install_data
[2.260s] running egg_info
[2.261s] writing ../../build/icm20948_publisher/icm20948_publisher.egg-info/PKG-INFO
[2.261s] writing dependency_links to ../../build/icm20948_publisher/icm20948_publisher.egg-info/dependency_links.txt
[2.261s] writing entry points to ../../build/icm20948_publisher/icm20948_publisher.egg-info/entry_points.txt
[2.261s] writing requirements to ../../build/icm20948_publisher/icm20948_publisher.egg-info/requires.txt
[2.261s] writing top-level names to ../../build/icm20948_publisher/icm20948_publisher.egg-info/top_level.txt
[2.264s] reading manifest file '../../build/icm20948_publisher/icm20948_publisher.egg-info/SOURCES.txt'
[2.265s] writing manifest file '../../build/icm20948_publisher/icm20948_publisher.egg-info/SOURCES.txt'
[2.265s] running build
[2.265s] running build_py
[2.265s] creating /home/raivo/Hermes/hermes_ws/build/icm20948_publisher/build
[2.265s] creating /home/raivo/Hermes/hermes_ws/build/icm20948_publisher/build/lib
[2.265s] creating /home/raivo/Hermes/hermes_ws/build/icm20948_publisher/build/lib/icm20948_publisher
[2.265s] copying icm20948_publisher/icm_imu.py -> /home/raivo/Hermes/hermes_ws/build/icm20948_publisher/build/lib/icm20948_publisher
[2.265s] copying icm20948_publisher/__init__.py -> /home/raivo/Hermes/hermes_ws/build/icm20948_publisher/build/lib/icm20948_publisher
[2.266s] running install
[2.266s] running install_lib
[2.268s] running install_data
[2.268s] running install_egg_info
[2.271s] removing '/home/raivo/Hermes/hermes_ws/install/icm20948_publisher/lib/python3.10/site-packages/icm20948_publisher-0.0.0-py3.10.egg-info' (and everything under it)
[2.271s] Copying ../../build/icm20948_publisher/icm20948_publisher.egg-info to /home/raivo/Hermes/hermes_ws/install/icm20948_publisher/lib/python3.10/site-packages/icm20948_publisher-0.0.0-py3.10.egg-info
[2.272s] running install_scripts
[2.296s] Installing icm_imu script to /home/raivo/Hermes/hermes_ws/install/icm20948_publisher/lib/icm20948_publisher
[2.296s] writing list of installed files to '/home/raivo/Hermes/hermes_ws/build/icm20948_publisher/install.log'
[2.370s] Invoked command in '/home/raivo/Hermes/hermes_ws/src/imu_raw_publisher' returned '0': PYTHONPATH=/home/raivo/Hermes/hermes_ws/build/icm20948_publisher/prefix_override:/home/raivo/Hermes/hermes_ws/install/icm20948_publisher/lib/python3.10/site-packages:${PYTHONPATH} /usr/bin/python3 -W ignore:setup.py install is deprecated setup.py egg_info --egg-base ../../build/icm20948_publisher build --build-base /home/raivo/Hermes/hermes_ws/build/icm20948_publisher/build install --record /home/raivo/Hermes/hermes_ws/build/icm20948_publisher/install.log --single-version-externally-managed install_data
