[0.090s] Invoking command in '/home/hermes/Hermes/hermes_ws/build/ldlidar_component': CMAKE_PREFIX_PATH=${CMAKE_PREFIX_PATH}:/home/hermes/turtlebot3_ws/install/turtlebot3_teleop:/home/hermes/turtlebot3_ws/install/turtlebot3_example:/home/hermes/Hermes/hermes_ws/install/tof_publisher:/home/hermes/Hermes/hermes_ws/install/teleop_control:/home/hermes/Hermes/hermes_ws/install/opencv_tests:/home/hermes/Hermes/hermes_ws/install/odometry:/home/hermes/Hermes/hermes_ws/install/imu_publisher:/home/hermes/Hermes/hermes_ws/install/cmd_vel:/home/hermes/Hermes/hermes_ws/install/cameras:/home/hermes/Downloads/hermes/Hermes/install/tof_publisher:/home/hermes/Downloads/hermes/Hermes/install/teleop_control:/home/hermes/Downloads/hermes/Hermes/install/odometry:/home/hermes/Downloads/hermes/Hermes/install/imu_publisher:/home/hermes/Downloads/hermes/Hermes/install/gps_publisher:/home/hermes/Downloads/hermes/Hermes/install/cmd_vel:/home/hermes/Downloads/hermes/Hermes/install/cameras:/home/hermes/Downloads/hermes/ros2_ws/src/install/ros2_video_stream_pkg:/opt/ros/humble /usr/bin/cmake --build /home/hermes/Hermes/hermes_ws/build/ldlidar_component -- -j6 -l6
[1.445s] --  * Release Mode
[1.446s] -- * Found ROS2 humble
[1.446s] -- * ROS2 humble is officially supported by this package.
[1.446s] -- Found ament_cmake: 1.3.8 (/opt/ros/humble/share/ament_cmake/cmake)
[1.448s] -- Found rclcpp_lifecycle: 16.0.8 (/opt/ros/humble/share/rclcpp_lifecycle/cmake)
[1.448s] -- Found rosidl_generator_c: 3.1.5 (/opt/ros/humble/share/rosidl_generator_c/cmake)
[1.449s] -- Found rosidl_adapter: 3.1.5 (/opt/ros/humble/share/rosidl_adapter/cmake)
[1.450s] -- Found rosidl_generator_cpp: 3.1.5 (/opt/ros/humble/share/rosidl_generator_cpp/cmake)
[1.451s] -- Using all available rosidl_typesupport_c: rosidl_typesupport_fastrtps_c;rosidl_typesupport_introspection_c
[1.452s] -- Using all available rosidl_typesupport_cpp: rosidl_typesupport_fastrtps_cpp;rosidl_typesupport_introspection_cpp
[1.452s] -- Found rmw_implementation_cmake: 6.1.1 (/opt/ros/humble/share/rmw_implementation_cmake/cmake)
[1.453s] -- Found rmw_cyclonedds_cpp: 1.3.4 (/opt/ros/humble/share/rmw_cyclonedds_cpp/cmake)
[1.453s] -- Using RMW implementation 'rmw_cyclonedds_cpp' as default
[1.454s] -- Found rclcpp_components: 16.0.8 (/opt/ros/humble/share/rclcpp_components/cmake)
[1.455s] -- Configuring incomplete, errors occurred!
[1.455s] See also "/home/hermes/Hermes/hermes_ws/build/ldlidar_component/CMakeFiles/CMakeOutput.log".
[1.457s] [31mCMake Error at CMakeLists.txt:99 (find_package):
[1.457s]   By not providing "Findnav2_util.cmake" in CMAKE_MODULE_PATH this project
[1.457s]   has asked CMake to find a package configuration file provided by
[1.457s]   "nav2_util", but CMake did not find one.
[1.457s] 
[1.458s]   Could not find a package configuration file provided by "nav2_util" with
[1.458s]   any of the following names:
[1.458s] 
[1.458s]     nav2_utilConfig.cmake
[1.458s]     nav2_util-config.cmake
[1.458s] 
[1.458s]   Add the installation prefix of "nav2_util" to CMAKE_PREFIX_PATH or set
[1.458s]   "nav2_util_DIR" to a directory containing one of the above files.  If
[1.458s]   "nav2_util" provides a separate development package or SDK, be sure it has
[1.459s]   been installed.
[1.459s] 
[1.459s] [0m
[1.459s] gmake: *** [Makefile:322: cmake_check_build_system] Error 1
[1.464s] Invoked command in '/home/hermes/Hermes/hermes_ws/build/ldlidar_component' returned '2': CMAKE_PREFIX_PATH=${CMAKE_PREFIX_PATH}:/home/hermes/turtlebot3_ws/install/turtlebot3_teleop:/home/hermes/turtlebot3_ws/install/turtlebot3_example:/home/hermes/Hermes/hermes_ws/install/tof_publisher:/home/hermes/Hermes/hermes_ws/install/teleop_control:/home/hermes/Hermes/hermes_ws/install/opencv_tests:/home/hermes/Hermes/hermes_ws/install/odometry:/home/hermes/Hermes/hermes_ws/install/imu_publisher:/home/hermes/Hermes/hermes_ws/install/cmd_vel:/home/hermes/Hermes/hermes_ws/install/cameras:/home/hermes/Downloads/hermes/Hermes/install/tof_publisher:/home/hermes/Downloads/hermes/Hermes/install/teleop_control:/home/hermes/Downloads/hermes/Hermes/install/odometry:/home/hermes/Downloads/hermes/Hermes/install/imu_publisher:/home/hermes/Downloads/hermes/Hermes/install/gps_publisher:/home/hermes/Downloads/hermes/Hermes/install/cmd_vel:/home/hermes/Downloads/hermes/Hermes/install/cameras:/home/hermes/Downloads/hermes/ros2_ws/src/install/ros2_video_stream_pkg:/opt/ros/humble /usr/bin/cmake --build /home/hermes/Hermes/hermes_ws/build/ldlidar_component -- -j6 -l6
