[3.924s] Invoking command in '/home/hermes/Hermes/hermes_ws/build/imu_publisher': PYTHONPATH=/home/hermes/Hermes/hermes_ws/build/imu_publisher/prefix_override:/home/hermes/Hermes/hermes_ws/install/imu_publisher/lib/python3.10/site-packages:${PYTHONPATH} /usr/bin/python3 -W ignore:setup.py install is deprecated setup.py develop --uninstall --editable --build-directory /home/hermes/Hermes/hermes_ws/build/imu_publisher/build
[4.559s] running develop
[4.559s] /usr/lib/python3/dist-packages/setuptools/command/easy_install.py:158: EasyInstallDeprecationWarning: easy_install command is deprecated. Use build and pip and other standards-based tools.
[4.560s]   warnings.warn(
[4.938s] Removing /home/hermes/Hermes/hermes_ws/install/imu_publisher/lib/python3.10/site-packages/imu-publisher.egg-link (link to .)
[5.065s] Invoked command in '/home/hermes/Hermes/hermes_ws/build/imu_publisher' returned '0': PYTHONPATH=/home/hermes/Hermes/hermes_ws/build/imu_publisher/prefix_override:/home/hermes/Hermes/hermes_ws/install/imu_publisher/lib/python3.10/site-packages:${PYTHONPATH} /usr/bin/python3 -W ignore:setup.py install is deprecated setup.py develop --uninstall --editable --build-directory /home/hermes/Hermes/hermes_ws/build/imu_publisher/build
[5.066s] Invoking command in '/home/hermes/Hermes/hermes_ws/src/imu_publisher': PYTHONPATH=/home/hermes/Hermes/hermes_ws/build/imu_publisher/prefix_override:/home/hermes/Hermes/hermes_ws/install/imu_publisher/lib/python3.10/site-packages:${PYTHONPATH} /usr/bin/python3 -W ignore:setup.py install is deprecated setup.py egg_info --egg-base ../../build/imu_publisher build --build-base /home/hermes/Hermes/hermes_ws/build/imu_publisher/build install --record /home/hermes/Hermes/hermes_ws/build/imu_publisher/install.log --single-version-externally-managed install_data --force
[5.679s] running egg_info
[5.681s] writing ../../build/imu_publisher/imu_publisher.egg-info/PKG-INFO
[5.681s] writing dependency_links to ../../build/imu_publisher/imu_publisher.egg-info/dependency_links.txt
[5.682s] writing entry points to ../../build/imu_publisher/imu_publisher.egg-info/entry_points.txt
[5.683s] writing requirements to ../../build/imu_publisher/imu_publisher.egg-info/requires.txt
[5.683s] writing top-level names to ../../build/imu_publisher/imu_publisher.egg-info/top_level.txt
[5.688s] reading manifest file '../../build/imu_publisher/imu_publisher.egg-info/SOURCES.txt'
[5.689s] adding license file 'LICENSE'
[5.690s] writing manifest file '../../build/imu_publisher/imu_publisher.egg-info/SOURCES.txt'
[5.691s] running build
[5.691s] running build_py
[5.692s] running install
[5.698s] running install_lib
[5.699s] creating /home/hermes/Hermes/hermes_ws/install/imu_publisher/lib/python3.10/site-packages/imu_publisher
[5.700s] copying /home/hermes/Hermes/hermes_ws/build/imu_publisher/build/lib/imu_publisher/imu_publisher_node.py -> /home/hermes/Hermes/hermes_ws/install/imu_publisher/lib/python3.10/site-packages/imu_publisher
[5.700s] copying /home/hermes/Hermes/hermes_ws/build/imu_publisher/build/lib/imu_publisher/__init__.py -> /home/hermes/Hermes/hermes_ws/install/imu_publisher/lib/python3.10/site-packages/imu_publisher
[5.700s] byte-compiling /home/hermes/Hermes/hermes_ws/install/imu_publisher/lib/python3.10/site-packages/imu_publisher/imu_publisher_node.py to imu_publisher_node.cpython-310.pyc
[5.700s] byte-compiling /home/hermes/Hermes/hermes_ws/install/imu_publisher/lib/python3.10/site-packages/imu_publisher/__init__.py to __init__.cpython-310.pyc
[5.700s] running install_data
[5.700s] copying resource/imu_publisher -> /home/hermes/Hermes/hermes_ws/install/imu_publisher/share/ament_index/resource_index/packages
[5.701s] copying package.xml -> /home/hermes/Hermes/hermes_ws/install/imu_publisher/share/imu_publisher
[5.701s] running install_egg_info
[5.705s] Copying ../../build/imu_publisher/imu_publisher.egg-info to /home/hermes/Hermes/hermes_ws/install/imu_publisher/lib/python3.10/site-packages/imu_publisher-0.0.0-py3.10.egg-info
[5.706s] running install_scripts
[5.766s] Installing imu_publisher_node script to /home/hermes/Hermes/hermes_ws/install/imu_publisher/lib/imu_publisher
[5.767s] writing list of installed files to '/home/hermes/Hermes/hermes_ws/build/imu_publisher/install.log'
[6.973s] Invoked command in '/home/hermes/Hermes/hermes_ws/src/imu_publisher' returned '0': PYTHONPATH=/home/hermes/Hermes/hermes_ws/build/imu_publisher/prefix_override:/home/hermes/Hermes/hermes_ws/install/imu_publisher/lib/python3.10/site-packages:${PYTHONPATH} /usr/bin/python3 -W ignore:setup.py install is deprecated setup.py egg_info --egg-base ../../build/imu_publisher build --build-base /home/hermes/Hermes/hermes_ws/build/imu_publisher/build install --record /home/hermes/Hermes/hermes_ws/build/imu_publisher/install.log --single-version-externally-managed install_data --force
