running egg_info
writing ../../build/odometry_publisher/odometry_publisher.egg-info/PKG-INFO
writing dependency_links to ../../build/odometry_publisher/odometry_publisher.egg-info/dependency_links.txt
writing entry points to ../../build/odometry_publisher/odometry_publisher.egg-info/entry_points.txt
writing requirements to ../../build/odometry_publisher/odometry_publisher.egg-info/requires.txt
writing top-level names to ../../build/odometry_publisher/odometry_publisher.egg-info/top_level.txt
reading manifest file '../../build/odometry_publisher/odometry_publisher.egg-info/SOURCES.txt'
writing manifest file '../../build/odometry_publisher/odometry_publisher.egg-info/SOURCES.txt'
running build
running build_py
copying odometry_publisher/odometry_publisher_node.py -> /home/hermes/Hermes/hermes_ws/build/odometry_publisher/build/lib/odometry_publisher
copying odometry_publisher/__init__.py -> /home/hermes/Hermes/hermes_ws/build/odometry_publisher/build/lib/odometry_publisher
running install
running install_lib
copying /home/hermes/Hermes/hermes_ws/build/odometry_publisher/build/lib/odometry_publisher/odometry_publisher_node.py -> /home/hermes/Hermes/hermes_ws/install/odometry_publisher/lib/python3.10/site-packages/odometry_publisher
byte-compiling /home/hermes/Hermes/hermes_ws/install/odometry_publisher/lib/python3.10/site-packages/odometry_publisher/odometry_publisher_node.py to odometry_publisher_node.cpython-310.pyc
running install_data
copying resource/odometry_publisher -> /home/hermes/Hermes/hermes_ws/install/odometry_publisher/share/ament_index/resource_index/packages
copying package.xml -> /home/hermes/Hermes/hermes_ws/install/odometry_publisher/share/odometry_publisher
running install_egg_info
removing '/home/hermes/Hermes/hermes_ws/install/odometry_publisher/lib/python3.10/site-packages/odometry_publisher-0.0.0-py3.10.egg-info' (and everything under it)
Copying ../../build/odometry_publisher/odometry_publisher.egg-info to /home/hermes/Hermes/hermes_ws/install/odometry_publisher/lib/python3.10/site-packages/odometry_publisher-0.0.0-py3.10.egg-info
running install_scripts
Installing odometry_publisher_node script to /home/hermes/Hermes/hermes_ws/install/odometry_publisher/lib/odometry_publisher
writing list of installed files to '/home/hermes/Hermes/hermes_ws/build/odometry_publisher/install.log'
