[4.870s] Invoking command in '/home/raivo/Hermes/hermes_ws/src/lidar_publisher': PYTHONPATH=/home/raivo/Hermes/hermes_ws/build/lidar_publisher/prefix_override:/home/raivo/Hermes/hermes_ws/install/lidar_publisher/lib/python3.8/site-packages:${PYTHONPATH} /usr/bin/python3 setup.py egg_info --egg-base ../../build/lidar_publisher build --build-base /home/raivo/Hermes/hermes_ws/build/lidar_publisher/build install --record /home/raivo/Hermes/hermes_ws/build/lidar_publisher/install.log --single-version-externally-managed
[5.352s] running egg_info
[5.353s] creating ../../build/lidar_publisher/lidar_publisher.egg-info
[5.353s] writing ../../build/lidar_publisher/lidar_publisher.egg-info/PKG-INFO
[5.353s] writing dependency_links to ../../build/lidar_publisher/lidar_publisher.egg-info/dependency_links.txt
[5.353s] writing entry points to ../../build/lidar_publisher/lidar_publisher.egg-info/entry_points.txt
[5.353s] writing requirements to ../../build/lidar_publisher/lidar_publisher.egg-info/requires.txt
[5.353s] writing top-level names to ../../build/lidar_publisher/lidar_publisher.egg-info/top_level.txt
[5.354s] writing manifest file '../../build/lidar_publisher/lidar_publisher.egg-info/SOURCES.txt'
[5.398s] reading manifest file '../../build/lidar_publisher/lidar_publisher.egg-info/SOURCES.txt'
[5.399s] writing manifest file '../../build/lidar_publisher/lidar_publisher.egg-info/SOURCES.txt'
[5.399s] running build
[5.399s] running build_py
[5.399s] creating /home/raivo/Hermes/hermes_ws/build/lidar_publisher/build
[5.399s] creating /home/raivo/Hermes/hermes_ws/build/lidar_publisher/build/lib
[5.399s] creating /home/raivo/Hermes/hermes_ws/build/lidar_publisher/build/lib/lidar_publisher
[5.399s] copying lidar_publisher/__init__.py -> /home/raivo/Hermes/hermes_ws/build/lidar_publisher/build/lib/lidar_publisher
[5.399s] copying lidar_publisher/lidar_publisher_node.py -> /home/raivo/Hermes/hermes_ws/build/lidar_publisher/build/lib/lidar_publisher
[5.399s] running install
[5.402s] running install_lib
[5.403s] creating /home/raivo/Hermes/hermes_ws/install/lidar_publisher/lib/python3.8/site-packages/lidar_publisher
[5.403s] copying /home/raivo/Hermes/hermes_ws/build/lidar_publisher/build/lib/lidar_publisher/__init__.py -> /home/raivo/Hermes/hermes_ws/install/lidar_publisher/lib/python3.8/site-packages/lidar_publisher
[5.403s] copying /home/raivo/Hermes/hermes_ws/build/lidar_publisher/build/lib/lidar_publisher/lidar_publisher_node.py -> /home/raivo/Hermes/hermes_ws/install/lidar_publisher/lib/python3.8/site-packages/lidar_publisher
[5.405s] byte-compiling /home/raivo/Hermes/hermes_ws/install/lidar_publisher/lib/python3.8/site-packages/lidar_publisher/__init__.py to __init__.cpython-38.pyc
[5.407s] byte-compiling /home/raivo/Hermes/hermes_ws/install/lidar_publisher/lib/python3.8/site-packages/lidar_publisher/lidar_publisher_node.py to lidar_publisher_node.cpython-38.pyc
[5.407s] running install_data
[5.408s] creating /home/raivo/Hermes/hermes_ws/install/lidar_publisher/share/ament_index
[5.408s] creating /home/raivo/Hermes/hermes_ws/install/lidar_publisher/share/ament_index/resource_index
[5.408s] creating /home/raivo/Hermes/hermes_ws/install/lidar_publisher/share/ament_index/resource_index/packages
[5.408s] copying resource/lidar_publisher -> /home/raivo/Hermes/hermes_ws/install/lidar_publisher/share/ament_index/resource_index/packages
[5.408s] copying package.xml -> /home/raivo/Hermes/hermes_ws/install/lidar_publisher/share/lidar_publisher
[5.408s] running install_egg_info
[5.412s] Copying ../../build/lidar_publisher/lidar_publisher.egg-info to /home/raivo/Hermes/hermes_ws/install/lidar_publisher/lib/python3.8/site-packages/lidar_publisher-0.0.0-py3.8.egg-info
[5.413s] running install_scripts
[5.443s] Installing lidar_publisher_node script to /home/raivo/Hermes/hermes_ws/install/lidar_publisher/lib/lidar_publisher
[5.443s] writing list of installed files to '/home/raivo/Hermes/hermes_ws/build/lidar_publisher/install.log'
[6.152s] Invoked command in '/home/raivo/Hermes/hermes_ws/src/lidar_publisher' returned '0': PYTHONPATH=/home/raivo/Hermes/hermes_ws/build/lidar_publisher/prefix_override:/home/raivo/Hermes/hermes_ws/install/lidar_publisher/lib/python3.8/site-packages:${PYTHONPATH} /usr/bin/python3 setup.py egg_info --egg-base ../../build/lidar_publisher build --build-base /home/raivo/Hermes/hermes_ws/build/lidar_publisher/build install --record /home/raivo/Hermes/hermes_ws/build/lidar_publisher/install.log --single-version-externally-managed
