[2.902s] Invoking command in '/home/hermes/Hermes/hermes_ws/src/teleop_control': PYTHONPATH=/home/hermes/Hermes/hermes_ws/build/teleop_control/prefix_override:/home/hermes/Hermes/hermes_ws/install/teleop_control/lib/python3.10/site-packages:${PYTHONPATH} /usr/bin/python3 -W ignore:setup.py install is deprecated setup.py egg_info --egg-base ../../build/teleop_control build --build-base /home/hermes/Hermes/hermes_ws/build/teleop_control/build install --record /home/hermes/Hermes/hermes_ws/build/teleop_control/install.log --single-version-externally-managed install_data
[3.438s] running egg_info
[3.440s] writing ../../build/teleop_control/teleop_control.egg-info/PKG-INFO
[3.440s] writing dependency_links to ../../build/teleop_control/teleop_control.egg-info/dependency_links.txt
[3.441s] writing entry points to ../../build/teleop_control/teleop_control.egg-info/entry_points.txt
[3.441s] writing requirements to ../../build/teleop_control/teleop_control.egg-info/requires.txt
[3.441s] writing top-level names to ../../build/teleop_control/teleop_control.egg-info/top_level.txt
[3.445s] reading manifest file '../../build/teleop_control/teleop_control.egg-info/SOURCES.txt'
[3.445s] adding license file 'LICENSE'
[3.447s] writing manifest file '../../build/teleop_control/teleop_control.egg-info/SOURCES.txt'
[3.447s] running build
[3.447s] running build_py
[3.448s] running install
[3.449s] running install_lib
[3.452s] running install_data
[3.452s] running install_egg_info
[3.456s] removing '/home/hermes/Hermes/hermes_ws/install/teleop_control/lib/python3.10/site-packages/teleop_control-0.0.0-py3.10.egg-info' (and everything under it)
[3.457s] Copying ../../build/teleop_control/teleop_control.egg-info to /home/hermes/Hermes/hermes_ws/install/teleop_control/lib/python3.10/site-packages/teleop_control-0.0.0-py3.10.egg-info
[3.459s] running install_scripts
[3.505s] Installing teleop_control_node script to /home/hermes/Hermes/hermes_ws/install/teleop_control/lib/teleop_control
[3.506s] writing list of installed files to '/home/hermes/Hermes/hermes_ws/build/teleop_control/install.log'
[3.581s] Invoked command in '/home/hermes/Hermes/hermes_ws/src/teleop_control' returned '0': PYTHONPATH=/home/hermes/Hermes/hermes_ws/build/teleop_control/prefix_override:/home/hermes/Hermes/hermes_ws/install/teleop_control/lib/python3.10/site-packages:${PYTHONPATH} /usr/bin/python3 -W ignore:setup.py install is deprecated setup.py egg_info --egg-base ../../build/teleop_control build --build-base /home/hermes/Hermes/hermes_ws/build/teleop_control/build install --record /home/hermes/Hermes/hermes_ws/build/teleop_control/install.log --single-version-externally-managed install_data
