[1.833s] Invoking command in '/home/hermes/Hermes/hermes_ws/src/gps_publisher': PYTHONPATH=/home/hermes/Hermes/hermes_ws/build/gps_publisher/prefix_override:/home/hermes/Hermes/hermes_ws/install/gps_publisher/lib/python3.10/site-packages:${PYTHONPATH} /usr/bin/python3 -W ignore:setup.py install is deprecated setup.py egg_info --egg-base ../../build/gps_publisher build --build-base /home/hermes/Hermes/hermes_ws/build/gps_publisher/build install --record /home/hermes/Hermes/hermes_ws/build/gps_publisher/install.log --single-version-externally-managed install_data
[2.492s] running egg_info
[2.494s] writing ../../build/gps_publisher/gps_publisher.egg-info/PKG-INFO
[2.495s] writing dependency_links to ../../build/gps_publisher/gps_publisher.egg-info/dependency_links.txt
[2.495s] writing entry points to ../../build/gps_publisher/gps_publisher.egg-info/entry_points.txt
[2.495s] writing requirements to ../../build/gps_publisher/gps_publisher.egg-info/requires.txt
[2.496s] writing top-level names to ../../build/gps_publisher/gps_publisher.egg-info/top_level.txt
[2.501s] reading manifest file '../../build/gps_publisher/gps_publisher.egg-info/SOURCES.txt'
[2.502s] writing manifest file '../../build/gps_publisher/gps_publisher.egg-info/SOURCES.txt'
[2.503s] running build
[2.503s] running build_py
[2.504s] running install
[2.504s] running install_lib
[2.508s] running install_data
[2.508s] running install_egg_info
[2.515s] removing '/home/hermes/Hermes/hermes_ws/install/gps_publisher/lib/python3.10/site-packages/gps_publisher-0.0.0-py3.10.egg-info' (and everything under it)
[2.516s] Copying ../../build/gps_publisher/gps_publisher.egg-info to /home/hermes/Hermes/hermes_ws/install/gps_publisher/lib/python3.10/site-packages/gps_publisher-0.0.0-py3.10.egg-info
[2.518s] running install_scripts
[2.566s] Installing gps_publisher_node script to /home/hermes/Hermes/hermes_ws/install/gps_publisher/lib/gps_publisher
[2.567s] writing list of installed files to '/home/hermes/Hermes/hermes_ws/build/gps_publisher/install.log'
[3.391s] Invoked command in '/home/hermes/Hermes/hermes_ws/src/gps_publisher' returned '0': PYTHONPATH=/home/hermes/Hermes/hermes_ws/build/gps_publisher/prefix_override:/home/hermes/Hermes/hermes_ws/install/gps_publisher/lib/python3.10/site-packages:${PYTHONPATH} /usr/bin/python3 -W ignore:setup.py install is deprecated setup.py egg_info --egg-base ../../build/gps_publisher build --build-base /home/hermes/Hermes/hermes_ws/build/gps_publisher/build install --record /home/hermes/Hermes/hermes_ws/build/gps_publisher/install.log --single-version-externally-managed install_data
