[2.996s] Invoking command in '/home/hermes/Hermes/hermes_ws/src/path_creator': PYTHONPATH=/home/hermes/Hermes/hermes_ws/build/path_creator/prefix_override:/home/hermes/Hermes/hermes_ws/install/path_creator/lib/python3.10/site-packages:${PYTHONPATH} /usr/bin/python3 -W ignore:setup.py install is deprecated setup.py egg_info --egg-base ../../build/path_creator build --build-base /home/hermes/Hermes/hermes_ws/build/path_creator/build install --record /home/hermes/Hermes/hermes_ws/build/path_creator/install.log --single-version-externally-managed install_data
[3.621s] running egg_info
[3.623s] writing ../../build/path_creator/path_creator.egg-info/PKG-INFO
[3.625s] writing dependency_links to ../../build/path_creator/path_creator.egg-info/dependency_links.txt
[3.625s] writing entry points to ../../build/path_creator/path_creator.egg-info/entry_points.txt
[3.626s] writing requirements to ../../build/path_creator/path_creator.egg-info/requires.txt
[3.626s] writing top-level names to ../../build/path_creator/path_creator.egg-info/top_level.txt
[3.631s] reading manifest file '../../build/path_creator/path_creator.egg-info/SOURCES.txt'
[3.633s] writing manifest file '../../build/path_creator/path_creator.egg-info/SOURCES.txt'
[3.633s] running build
[3.633s] running build_py
[3.634s] running install
[3.635s] running install_lib
[3.638s] running install_data
[3.639s] running install_egg_info
[3.647s] removing '/home/hermes/Hermes/hermes_ws/install/path_creator/lib/python3.10/site-packages/path_creator-0.0.0-py3.10.egg-info' (and everything under it)
[3.647s] Copying ../../build/path_creator/path_creator.egg-info to /home/hermes/Hermes/hermes_ws/install/path_creator/lib/python3.10/site-packages/path_creator-0.0.0-py3.10.egg-info
[3.654s] running install_scripts
[3.705s] Installing path_creator_node script to /home/hermes/Hermes/hermes_ws/install/path_creator/lib/path_creator
[3.707s] writing list of installed files to '/home/hermes/Hermes/hermes_ws/build/path_creator/install.log'
[3.799s] Invoked command in '/home/hermes/Hermes/hermes_ws/src/path_creator' returned '0': PYTHONPATH=/home/hermes/Hermes/hermes_ws/build/path_creator/prefix_override:/home/hermes/Hermes/hermes_ws/install/path_creator/lib/python3.10/site-packages:${PYTHONPATH} /usr/bin/python3 -W ignore:setup.py install is deprecated setup.py egg_info --egg-base ../../build/path_creator build --build-base /home/hermes/Hermes/hermes_ws/build/path_creator/build install --record /home/hermes/Hermes/hermes_ws/build/path_creator/install.log --single-version-externally-managed install_data
