[2.271s] Invoking command in '/home/hermes/Hermes/hermes_ws/build/hermes_urdf': CMAKE_PREFIX_PATH=${CMAKE_PREFIX_PATH}:/home/hermes/Hermes/hermes_ws/install/tof_publisher:/home/hermes/Hermes/hermes_ws/install/teleop_control:/home/hermes/Hermes/hermes_ws/install/robot_localization_pkg:/home/hermes/Hermes/hermes_ws/install/path_creator:/home/hermes/Hermes/hermes_ws/install/odometry_publisher:/home/hermes/Hermes/hermes_ws/install/object_detection:/home/hermes/Hermes/hermes_ws/install/my_tf2_broadcaster:/home/hermes/Hermes/hermes_ws/install/multi_package_launcher:/home/hermes/Hermes/hermes_ws/install/icm20948_publisher:/home/hermes/Hermes/hermes_ws/install/hermes_nav:/home/hermes/Hermes/hermes_ws/install/gps_publisher:/home/hermes/Hermes/hermes_ws/install/cmd_vel:/home/hermes/Hermes/hermes_ws/install/cameras:/opt/ros/humble /usr/bin/cmake --build /home/hermes/Hermes/hermes_ws/build/hermes_urdf -- -j6 -l6
[2.372s] Invoked command in '/home/hermes/Hermes/hermes_ws/build/hermes_urdf' returned '0': CMAKE_PREFIX_PATH=${CMAKE_PREFIX_PATH}:/home/hermes/Hermes/hermes_ws/install/tof_publisher:/home/hermes/Hermes/hermes_ws/install/teleop_control:/home/hermes/Hermes/hermes_ws/install/robot_localization_pkg:/home/hermes/Hermes/hermes_ws/install/path_creator:/home/hermes/Hermes/hermes_ws/install/odometry_publisher:/home/hermes/Hermes/hermes_ws/install/object_detection:/home/hermes/Hermes/hermes_ws/install/my_tf2_broadcaster:/home/hermes/Hermes/hermes_ws/install/multi_package_launcher:/home/hermes/Hermes/hermes_ws/install/icm20948_publisher:/home/hermes/Hermes/hermes_ws/install/hermes_nav:/home/hermes/Hermes/hermes_ws/install/gps_publisher:/home/hermes/Hermes/hermes_ws/install/cmd_vel:/home/hermes/Hermes/hermes_ws/install/cameras:/opt/ros/humble /usr/bin/cmake --build /home/hermes/Hermes/hermes_ws/build/hermes_urdf -- -j6 -l6
[2.477s] Invoking command in '/home/hermes/Hermes/hermes_ws/build/hermes_urdf': CMAKE_PREFIX_PATH=${CMAKE_PREFIX_PATH}:/home/hermes/Hermes/hermes_ws/install/tof_publisher:/home/hermes/Hermes/hermes_ws/install/teleop_control:/home/hermes/Hermes/hermes_ws/install/robot_localization_pkg:/home/hermes/Hermes/hermes_ws/install/path_creator:/home/hermes/Hermes/hermes_ws/install/odometry_publisher:/home/hermes/Hermes/hermes_ws/install/object_detection:/home/hermes/Hermes/hermes_ws/install/my_tf2_broadcaster:/home/hermes/Hermes/hermes_ws/install/multi_package_launcher:/home/hermes/Hermes/hermes_ws/install/icm20948_publisher:/home/hermes/Hermes/hermes_ws/install/hermes_nav:/home/hermes/Hermes/hermes_ws/install/gps_publisher:/home/hermes/Hermes/hermes_ws/install/cmd_vel:/home/hermes/Hermes/hermes_ws/install/cameras:/opt/ros/humble /usr/bin/cmake --install /home/hermes/Hermes/hermes_ws/build/hermes_urdf
[2.498s] -- Install configuration: ""
[2.499s] -- Up-to-date: /home/hermes/Hermes/hermes_ws/install/hermes_urdf/share/hermes_urdf/launch
[2.499s] -- Up-to-date: /home/hermes/Hermes/hermes_ws/install/hermes_urdf/share/hermes_urdf/launch/gps_waypoint_logger.py
[2.499s] -- Up-to-date: /home/hermes/Hermes/hermes_ws/install/hermes_urdf/share/hermes_urdf/launch/launch_sim.launch.py
[2.501s] -- Up-to-date: /home/hermes/Hermes/hermes_ws/install/hermes_urdf/share/hermes_urdf/launch/dual_ekf_navsat.launch.py
[2.501s] -- Up-to-date: /home/hermes/Hermes/hermes_ws/install/hermes_urdf/share/hermes_urdf/launch/interactive_waypoint_follower.py
[2.501s] -- Up-to-date: /home/hermes/Hermes/hermes_ws/install/hermes_urdf/share/hermes_urdf/launch/logged_waypoint_follower.py
[2.502s] -- Up-to-date: /home/hermes/Hermes/hermes_ws/install/hermes_urdf/share/hermes_urdf/launch/gps_waypoint_follower.launch.py
[2.502s] -- Up-to-date: /home/hermes/Hermes/hermes_ws/install/hermes_urdf/share/hermes_urdf/launch/gazebo_gps_world_hermes.launch.py
[2.502s] -- Up-to-date: /home/hermes/Hermes/hermes_ws/install/hermes_urdf/share/hermes_urdf/launch/rsp.launch.py
[2.502s] -- Up-to-date: /home/hermes/Hermes/hermes_ws/install/hermes_urdf/share/hermes_urdf/launch/mapviz.launch.py
[2.502s] -- Up-to-date: /home/hermes/Hermes/hermes_ws/install/hermes_urdf/share/hermes_urdf/urdf
[2.502s] -- Up-to-date: /home/hermes/Hermes/hermes_ws/install/hermes_urdf/share/hermes_urdf/urdf/liigend.part
[2.502s] -- Up-to-date: /home/hermes/Hermes/hermes_ws/install/hermes_urdf/share/hermes_urdf/urdf/my_world.sdf
[2.503s] -- Up-to-date: /home/hermes/Hermes/hermes_ws/install/hermes_urdf/share/hermes_urdf/urdf/ld19.part
[2.503s] -- Up-to-date: /home/hermes/Hermes/hermes_ws/install/hermes_urdf/share/hermes_urdf/urdf/hermes_model.urdf
[2.503s] -- Up-to-date: /home/hermes/Hermes/hermes_ws/install/hermes_urdf/share/hermes_urdf/urdf/rehv.part
[2.503s] -- Up-to-date: /home/hermes/Hermes/hermes_ws/install/hermes_urdf/share/hermes_urdf/urdf/__init__.py
[2.504s] -- Up-to-date: /home/hermes/Hermes/hermes_ws/install/hermes_urdf/share/hermes_urdf/urdf/rehv.stl
[2.504s] -- Up-to-date: /home/hermes/Hermes/hermes_ws/install/hermes_urdf/share/hermes_urdf/urdf/ld19.stl
[2.504s] -- Up-to-date: /home/hermes/Hermes/hermes_ws/install/hermes_urdf/share/hermes_urdf/urdf/hermes_model.sdf
[2.504s] -- Up-to-date: /home/hermes/Hermes/hermes_ws/install/hermes_urdf/share/hermes_urdf/urdf/kere.stl
[2.504s] -- Up-to-date: /home/hermes/Hermes/hermes_ws/install/hermes_urdf/share/hermes_urdf/urdf/.robot.urdf.swp
[2.505s] -- Up-to-date: /home/hermes/Hermes/hermes_ws/install/hermes_urdf/share/hermes_urdf/urdf/rehv_tagumine.stl
[2.505s] -- Up-to-date: /home/hermes/Hermes/hermes_ws/install/hermes_urdf/share/hermes_urdf/urdf/rehv_tagumine.part
[2.505s] -- Up-to-date: /home/hermes/Hermes/hermes_ws/install/hermes_urdf/share/hermes_urdf/urdf/config.json
[2.505s] -- Up-to-date: /home/hermes/Hermes/hermes_ws/install/hermes_urdf/share/hermes_urdf/urdf/kere.part
[2.505s] -- Up-to-date: /home/hermes/Hermes/hermes_ws/install/hermes_urdf/share/hermes_urdf/urdf/gazebo.material
[2.505s] -- Up-to-date: /home/hermes/Hermes/hermes_ws/install/hermes_urdf/share/hermes_urdf/urdf/config.rviz
[2.505s] -- Up-to-date: /home/hermes/Hermes/hermes_ws/install/hermes_urdf/share/hermes_urdf/urdf/hermes.urdf
[2.506s] -- Up-to-date: /home/hermes/Hermes/hermes_ws/install/hermes_urdf/share/hermes_urdf/urdf/liigend.stl
[2.506s] -- Up-to-date: /home/hermes/Hermes/hermes_ws/install/hermes_urdf/share/hermes_urdf/custom_ground_plane
[2.506s] -- Up-to-date: /home/hermes/Hermes/hermes_ws/install/hermes_urdf/share/hermes_urdf/custom_ground_plane/my_world.sdf
[2.506s] -- Up-to-date: /home/hermes/Hermes/hermes_ws/install/hermes_urdf/share/hermes_urdf/custom_ground_plane/image_png.sdf
[2.506s] -- Up-to-date: /home/hermes/Hermes/hermes_ws/install/hermes_urdf/share/hermes_urdf/custom_ground_plane/image_png.config
[2.506s] -- Up-to-date: /home/hermes/Hermes/hermes_ws/install/hermes_urdf/share/hermes_urdf/custom_ground_plane/my_world.config
[2.506s] -- Up-to-date: /home/hermes/Hermes/hermes_ws/install/hermes_urdf/share/hermes_urdf/custom_ground_plane/materials
[2.506s] -- Up-to-date: /home/hermes/Hermes/hermes_ws/install/hermes_urdf/share/hermes_urdf/custom_ground_plane/materials/scripts
[2.507s] -- Up-to-date: /home/hermes/Hermes/hermes_ws/install/hermes_urdf/share/hermes_urdf/custom_ground_plane/materials/scripts/ground.material
[2.507s] -- Up-to-date: /home/hermes/Hermes/hermes_ws/install/hermes_urdf/share/hermes_urdf/custom_ground_plane/materials/textures
[2.507s] -- Up-to-date: /home/hermes/Hermes/hermes_ws/install/hermes_urdf/share/hermes_urdf/custom_ground_plane/materials/textures/image.png
[2.507s] -- Up-to-date: /home/hermes/Hermes/hermes_ws/install/hermes_urdf/share/hermes_urdf/historical_launch_files
[2.507s] -- Up-to-date: /home/hermes/Hermes/hermes_ws/install/hermes_urdf/share/hermes_urdf/historical_launch_files/gazebo_model.launch.py
[2.507s] -- Up-to-date: /home/hermes/Hermes/hermes_ws/install/hermes_urdf/share/hermes_urdf/historical_launch_files/gazebo_world.launch.py
[2.507s] -- Up-to-date: /home/hermes/Hermes/hermes_ws/install/hermes_urdf/share/hermes_urdf/historical_launch_files/hermes_launch.py
[2.508s] -- Up-to-date: /home/hermes/Hermes/hermes_ws/install/hermes_urdf/share/ament_index/resource_index/package_run_dependencies/hermes_urdf
[2.508s] -- Up-to-date: /home/hermes/Hermes/hermes_ws/install/hermes_urdf/share/ament_index/resource_index/parent_prefix_path/hermes_urdf
[2.508s] -- Up-to-date: /home/hermes/Hermes/hermes_ws/install/hermes_urdf/share/hermes_urdf/environment/ament_prefix_path.sh
[2.508s] -- Up-to-date: /home/hermes/Hermes/hermes_ws/install/hermes_urdf/share/hermes_urdf/environment/ament_prefix_path.dsv
[2.509s] -- Up-to-date: /home/hermes/Hermes/hermes_ws/install/hermes_urdf/share/hermes_urdf/environment/path.sh
[2.509s] -- Up-to-date: /home/hermes/Hermes/hermes_ws/install/hermes_urdf/share/hermes_urdf/environment/path.dsv
[2.509s] -- Up-to-date: /home/hermes/Hermes/hermes_ws/install/hermes_urdf/share/hermes_urdf/local_setup.bash
[2.509s] -- Up-to-date: /home/hermes/Hermes/hermes_ws/install/hermes_urdf/share/hermes_urdf/local_setup.sh
[2.510s] -- Up-to-date: /home/hermes/Hermes/hermes_ws/install/hermes_urdf/share/hermes_urdf/local_setup.zsh
[2.510s] -- Up-to-date: /home/hermes/Hermes/hermes_ws/install/hermes_urdf/share/hermes_urdf/local_setup.dsv
[2.510s] -- Installing: /home/hermes/Hermes/hermes_ws/install/hermes_urdf/share/hermes_urdf/package.dsv
[2.510s] -- Up-to-date: /home/hermes/Hermes/hermes_ws/install/hermes_urdf/share/ament_index/resource_index/packages/hermes_urdf
[2.510s] -- Up-to-date: /home/hermes/Hermes/hermes_ws/install/hermes_urdf/share/hermes_urdf/cmake/hermes_urdfConfig.cmake
[2.510s] -- Up-to-date: /home/hermes/Hermes/hermes_ws/install/hermes_urdf/share/hermes_urdf/cmake/hermes_urdfConfig-version.cmake
[2.510s] -- Up-to-date: /home/hermes/Hermes/hermes_ws/install/hermes_urdf/share/hermes_urdf/package.xml
[2.527s] Invoked command in '/home/hermes/Hermes/hermes_ws/build/hermes_urdf' returned '0': CMAKE_PREFIX_PATH=${CMAKE_PREFIX_PATH}:/home/hermes/Hermes/hermes_ws/install/tof_publisher:/home/hermes/Hermes/hermes_ws/install/teleop_control:/home/hermes/Hermes/hermes_ws/install/robot_localization_pkg:/home/hermes/Hermes/hermes_ws/install/path_creator:/home/hermes/Hermes/hermes_ws/install/odometry_publisher:/home/hermes/Hermes/hermes_ws/install/object_detection:/home/hermes/Hermes/hermes_ws/install/my_tf2_broadcaster:/home/hermes/Hermes/hermes_ws/install/multi_package_launcher:/home/hermes/Hermes/hermes_ws/install/icm20948_publisher:/home/hermes/Hermes/hermes_ws/install/hermes_nav:/home/hermes/Hermes/hermes_ws/install/gps_publisher:/home/hermes/Hermes/hermes_ws/install/cmd_vel:/home/hermes/Hermes/hermes_ws/install/cameras:/opt/ros/humble /usr/bin/cmake --install /home/hermes/Hermes/hermes_ws/build/hermes_urdf
