[1.866s] Invoking command in '/home/hermes/Hermes/hermes_ws/build/hermes_urdf': CONDA_PROMPT_MODIFIER=(base) /usr/bin/cmake /home/hermes/Hermes/hermes_ws/src/hermes_urdf -DCMAKE_INSTALL_PREFIX=/home/hermes/Hermes/hermes_ws/install/hermes_urdf
[1.992s] -- The C compiler identification is GNU 11.4.0
[2.133s] -- The CXX compiler identification is GNU 11.4.0
[2.156s] -- Detecting C compiler ABI info
[2.343s] -- Detecting C compiler ABI info - done
[2.352s] -- Check for working C compiler: /usr/bin/cc - skipped
[2.352s] -- Detecting C compile features
[2.353s] -- Detecting C compile features - done
[2.359s] -- Detecting CXX compiler ABI info
[2.543s] -- Detecting CXX compiler ABI info - done
[2.558s] -- Check for working CXX compiler: /usr/bin/c++ - skipped
[2.558s] -- Detecting CXX compile features
[2.559s] -- Detecting CXX compile features - done
[2.601s] [31mCMake Error at CMakeLists.txt:9 (find_package):
[2.601s]   By not providing "Findament_cmake.cmake" in CMAKE_MODULE_PATH this project
[2.601s]   has asked CMake to find a package configuration file provided by
[2.601s]   "ament_cmake", but CMake did not find one.
[2.601s] 
[2.601s]   Could not find a package configuration file provided by "ament_cmake" with
[2.601s]   any of the following names:
[2.602s] 
[2.602s]     ament_cmakeConfig.cmake
[2.602s]     ament_cmake-config.cmake
[2.602s] 
[2.602s]   Add the installation prefix of "ament_cmake" to CMAKE_PREFIX_PATH or set
[2.602s]   "ament_cmake_DIR" to a directory containing one of the above files.  If
[2.602s]   "ament_cmake" provides a separate development package or SDK, be sure it
[2.602s]   has been installed.
[2.603s] 
[2.603s] -- Configuring incomplete, errors occurred!
[2.603s] See also "/home/hermes/Hermes/hermes_ws/build/hermes_urdf/CMakeFiles/CMakeOutput.log".
[2.603s] [0m
