[3.371s] Invoking command in '/home/hermes/Hermes/hermes_ws/src/tof_publisher': PYTHONPATH=/home/hermes/Hermes/hermes_ws/build/tof_publisher/prefix_override:/home/hermes/Hermes/hermes_ws/install/tof_publisher/lib/python3.10/site-packages:${PYTHONPATH} /usr/bin/python3 -W ignore:setup.py install is deprecated setup.py egg_info --egg-base ../../build/tof_publisher build --build-base /home/hermes/Hermes/hermes_ws/build/tof_publisher/build install --record /home/hermes/Hermes/hermes_ws/build/tof_publisher/install.log --install-scripts $base/lib/tof_publisher --single-version-externally-managed install_data
[3.917s] /usr/lib/python3/dist-packages/setuptools/dist.py:723: UserWarning: Usage of dash-separated 'script-dir' will not be supported in future versions. Please use the underscore name 'script_dir' instead
[3.917s]   warnings.warn(
[3.934s] running egg_info
[3.936s] writing ../../build/tof_publisher/tof_publisher.egg-info/PKG-INFO
[3.936s] writing dependency_links to ../../build/tof_publisher/tof_publisher.egg-info/dependency_links.txt
[3.937s] writing entry points to ../../build/tof_publisher/tof_publisher.egg-info/entry_points.txt
[3.937s] writing requirements to ../../build/tof_publisher/tof_publisher.egg-info/requires.txt
[3.937s] writing top-level names to ../../build/tof_publisher/tof_publisher.egg-info/top_level.txt
[3.941s] reading manifest file '../../build/tof_publisher/tof_publisher.egg-info/SOURCES.txt'
[3.942s] writing manifest file '../../build/tof_publisher/tof_publisher.egg-info/SOURCES.txt'
[3.943s] running build
[3.943s] running build_py
[3.943s] running install
[3.944s] running install_lib
[3.947s] running install_data
[3.947s] running install_egg_info
[3.951s] removing '/home/hermes/Hermes/hermes_ws/install/tof_publisher/lib/python3.10/site-packages/tof_publisher-0.0.0-py3.10.egg-info' (and everything under it)
[3.951s] Copying ../../build/tof_publisher/tof_publisher.egg-info to /home/hermes/Hermes/hermes_ws/install/tof_publisher/lib/python3.10/site-packages/tof_publisher-0.0.0-py3.10.egg-info
[3.954s] running install_scripts
[4.001s] Installing tof_data script to /home/hermes/Hermes/hermes_ws/install/tof_publisher/lib/tof_publisher
[4.002s] writing list of installed files to '/home/hermes/Hermes/hermes_ws/build/tof_publisher/install.log'
[4.072s] Invoked command in '/home/hermes/Hermes/hermes_ws/src/tof_publisher' returned '0': PYTHONPATH=/home/hermes/Hermes/hermes_ws/build/tof_publisher/prefix_override:/home/hermes/Hermes/hermes_ws/install/tof_publisher/lib/python3.10/site-packages:${PYTHONPATH} /usr/bin/python3 -W ignore:setup.py install is deprecated setup.py egg_info --egg-base ../../build/tof_publisher build --build-base /home/hermes/Hermes/hermes_ws/build/tof_publisher/build install --record /home/hermes/Hermes/hermes_ws/build/tof_publisher/install.log --install-scripts $base/lib/tof_publisher --single-version-externally-managed install_data
