[3.510s] Invoking command in '/home/hermes/Hermes/hermes_ws/src/cameras': PYTHONPATH=/home/hermes/Hermes/hermes_ws/build/cameras/prefix_override:/home/hermes/Hermes/hermes_ws/install/cameras/lib/python3.10/site-packages:${PYTHONPATH} /usr/bin/python3 -W ignore:setup.py install is deprecated setup.py egg_info --egg-base ../../build/cameras build --build-base /home/hermes/Hermes/hermes_ws/build/cameras/build install --record /home/hermes/Hermes/hermes_ws/build/cameras/install.log --single-version-externally-managed install_data
[4.156s] running egg_info
[4.158s] writing ../../build/cameras/cameras.egg-info/PKG-INFO
[4.159s] writing dependency_links to ../../build/cameras/cameras.egg-info/dependency_links.txt
[4.160s] writing entry points to ../../build/cameras/cameras.egg-info/entry_points.txt
[4.160s] writing requirements to ../../build/cameras/cameras.egg-info/requires.txt
[4.160s] writing top-level names to ../../build/cameras/cameras.egg-info/top_level.txt
[4.166s] reading manifest file '../../build/cameras/cameras.egg-info/SOURCES.txt'
[4.167s] adding license file 'LICENSE'
[4.169s] writing manifest file '../../build/cameras/cameras.egg-info/SOURCES.txt'
[4.169s] running build
[4.169s] running build_py
[4.170s] running install
[4.171s] running install_lib
[4.175s] running install_data
[4.176s] running install_egg_info
[4.180s] removing '/home/hermes/Hermes/hermes_ws/install/cameras/lib/python3.10/site-packages/cameras-0.0.0-py3.10.egg-info' (and everything under it)
[4.180s] Copying ../../build/cameras/cameras.egg-info to /home/hermes/Hermes/hermes_ws/install/cameras/lib/python3.10/site-packages/cameras-0.0.0-py3.10.egg-info
[4.183s] running install_scripts
[4.239s] Installing cameras_node script to /home/hermes/Hermes/hermes_ws/install/cameras/lib/cameras
[4.240s] writing list of installed files to '/home/hermes/Hermes/hermes_ws/build/cameras/install.log'
[4.621s] Invoked command in '/home/hermes/Hermes/hermes_ws/src/cameras' returned '0': PYTHONPATH=/home/hermes/Hermes/hermes_ws/build/cameras/prefix_override:/home/hermes/Hermes/hermes_ws/install/cameras/lib/python3.10/site-packages:${PYTHONPATH} /usr/bin/python3 -W ignore:setup.py install is deprecated setup.py egg_info --egg-base ../../build/cameras build --build-base /home/hermes/Hermes/hermes_ws/build/cameras/build install --record /home/hermes/Hermes/hermes_ws/build/cameras/install.log --single-version-externally-managed install_data
