[2.350s] Invoking command in '/home/hermes/Hermes/hermes_ws/src/teleop_control': PYTHONPATH=/home/hermes/Hermes/hermes_ws/build/teleop_control/prefix_override:/home/hermes/Hermes/hermes_ws/install/teleop_control/lib/python3.10/site-packages:${PYTHONPATH} /usr/bin/python3 -W ignore:setup.py install is deprecated setup.py egg_info --egg-base ../../build/teleop_control build --build-base /home/hermes/Hermes/hermes_ws/build/teleop_control/build install --record /home/hermes/Hermes/hermes_ws/build/teleop_control/install.log --single-version-externally-managed install_data
[2.910s] running egg_info
[2.911s] writing ../../build/teleop_control/teleop_control.egg-info/PKG-INFO
[2.911s] writing dependency_links to ../../build/teleop_control/teleop_control.egg-info/dependency_links.txt
[2.912s] writing entry points to ../../build/teleop_control/teleop_control.egg-info/entry_points.txt
[2.912s] writing requirements to ../../build/teleop_control/teleop_control.egg-info/requires.txt
[2.912s] writing top-level names to ../../build/teleop_control/teleop_control.egg-info/top_level.txt
[2.917s] reading manifest file '../../build/teleop_control/teleop_control.egg-info/SOURCES.txt'
[2.917s] adding license file 'LICENSE'
[2.918s] writing manifest file '../../build/teleop_control/teleop_control.egg-info/SOURCES.txt'
[2.919s] running build
[2.919s] running build_py
[2.920s] running install
[2.921s] running install_lib
[2.924s] running install_data
[2.924s] running install_egg_info
[2.928s] removing '/home/hermes/Hermes/hermes_ws/install/teleop_control/lib/python3.10/site-packages/teleop_control-0.0.0-py3.10.egg-info' (and everything under it)
[2.929s] Copying ../../build/teleop_control/teleop_control.egg-info to /home/hermes/Hermes/hermes_ws/install/teleop_control/lib/python3.10/site-packages/teleop_control-0.0.0-py3.10.egg-info
[2.931s] running install_scripts
[2.981s] Installing teleop_control_node script to /home/hermes/Hermes/hermes_ws/install/teleop_control/lib/teleop_control
[2.982s] writing list of installed files to '/home/hermes/Hermes/hermes_ws/build/teleop_control/install.log'
[3.061s] Invoked command in '/home/hermes/Hermes/hermes_ws/src/teleop_control' returned '0': PYTHONPATH=/home/hermes/Hermes/hermes_ws/build/teleop_control/prefix_override:/home/hermes/Hermes/hermes_ws/install/teleop_control/lib/python3.10/site-packages:${PYTHONPATH} /usr/bin/python3 -W ignore:setup.py install is deprecated setup.py egg_info --egg-base ../../build/teleop_control build --build-base /home/hermes/Hermes/hermes_ws/build/teleop_control/build install --record /home/hermes/Hermes/hermes_ws/build/teleop_control/install.log --single-version-externally-managed install_data
