[1.312s] Invoking command in '/home/hermes/Hermes/hermes_ws/src/icm20948_publisher': PYTHONPATH=/home/hermes/Hermes/hermes_ws/src/build/icm20948_publisher/prefix_override:/home/hermes/Hermes/hermes_ws/src/install/icm20948_publisher/lib/python3.10/site-packages:${PYTHONPATH} /usr/bin/python3 -W ignore:setup.py install is deprecated setup.py egg_info --egg-base ../build/icm20948_publisher build --build-base /home/hermes/Hermes/hermes_ws/src/build/icm20948_publisher/build install --record /home/hermes/Hermes/hermes_ws/src/build/icm20948_publisher/install.log --single-version-externally-managed install_data
[1.827s] running egg_info
[1.828s] writing ../build/icm20948_publisher/icm20948_publisher.egg-info/PKG-INFO
[1.829s] writing dependency_links to ../build/icm20948_publisher/icm20948_publisher.egg-info/dependency_links.txt
[1.829s] writing entry points to ../build/icm20948_publisher/icm20948_publisher.egg-info/entry_points.txt
[1.829s] writing requirements to ../build/icm20948_publisher/icm20948_publisher.egg-info/requires.txt
[1.830s] writing top-level names to ../build/icm20948_publisher/icm20948_publisher.egg-info/top_level.txt
[1.833s] reading manifest file '../build/icm20948_publisher/icm20948_publisher.egg-info/SOURCES.txt'
[1.835s] writing manifest file '../build/icm20948_publisher/icm20948_publisher.egg-info/SOURCES.txt'
[1.835s] running build
[1.835s] running build_py
[1.835s] copying icm20948_publisher/icm_imu.py -> /home/hermes/Hermes/hermes_ws/src/build/icm20948_publisher/build/lib/icm20948_publisher
[1.836s] running install
[1.837s] running install_lib
[1.838s] copying /home/hermes/Hermes/hermes_ws/src/build/icm20948_publisher/build/lib/icm20948_publisher/icm_imu.py -> /home/hermes/Hermes/hermes_ws/src/install/icm20948_publisher/lib/python3.10/site-packages/icm20948_publisher
[1.840s] byte-compiling /home/hermes/Hermes/hermes_ws/src/install/icm20948_publisher/lib/python3.10/site-packages/icm20948_publisher/icm_imu.py to icm_imu.cpython-310.pyc
[1.842s] running install_data
[1.842s] running install_egg_info
[1.846s] removing '/home/hermes/Hermes/hermes_ws/src/install/icm20948_publisher/lib/python3.10/site-packages/icm20948_publisher-0.0.0-py3.10.egg-info' (and everything under it)
[1.846s] Copying ../build/icm20948_publisher/icm20948_publisher.egg-info to /home/hermes/Hermes/hermes_ws/src/install/icm20948_publisher/lib/python3.10/site-packages/icm20948_publisher-0.0.0-py3.10.egg-info
[1.848s] running install_scripts
[1.892s] Installing icm_imu script to /home/hermes/Hermes/hermes_ws/src/install/icm20948_publisher/lib/icm20948_publisher
[1.892s] writing list of installed files to '/home/hermes/Hermes/hermes_ws/src/build/icm20948_publisher/install.log'
[1.956s] Invoked command in '/home/hermes/Hermes/hermes_ws/src/icm20948_publisher' returned '0': PYTHONPATH=/home/hermes/Hermes/hermes_ws/src/build/icm20948_publisher/prefix_override:/home/hermes/Hermes/hermes_ws/src/install/icm20948_publisher/lib/python3.10/site-packages:${PYTHONPATH} /usr/bin/python3 -W ignore:setup.py install is deprecated setup.py egg_info --egg-base ../build/icm20948_publisher build --build-base /home/hermes/Hermes/hermes_ws/src/build/icm20948_publisher/build install --record /home/hermes/Hermes/hermes_ws/src/build/icm20948_publisher/install.log --single-version-externally-managed install_data
