/home/hermes/Hermes/hermes_ws/install/hermes_nav/lib/python3.10/site-packages/nav2_gps_waypoint_follower_demo/gps_waypoint_logger.py
/home/hermes/Hermes/hermes_ws/install/hermes_nav/lib/python3.10/site-packages/nav2_gps_waypoint_follower_demo/interactive_waypoint_follower.py
/home/hermes/Hermes/hermes_ws/install/hermes_nav/lib/python3.10/site-packages/nav2_gps_waypoint_follower_demo/logged_waypoint_follower.py
/home/hermes/Hermes/hermes_ws/install/hermes_nav/lib/python3.10/site-packages/nav2_gps_waypoint_follower_demo/__init__.py
/home/hermes/Hermes/hermes_ws/install/hermes_nav/lib/python3.10/site-packages/hermes_nav/gps_waypoint_logger.py
/home/hermes/Hermes/hermes_ws/install/hermes_nav/lib/python3.10/site-packages/hermes_nav/interactive_waypoint_follower.py
/home/hermes/Hermes/hermes_ws/install/hermes_nav/lib/python3.10/site-packages/hermes_nav/logged_waypoint_follower.py
/home/hermes/Hermes/hermes_ws/install/hermes_nav/lib/python3.10/site-packages/hermes_nav/__init__.py
/home/hermes/Hermes/hermes_ws/install/hermes_nav/lib/python3.10/site-packages/hermes_nav/gps_converter_node.py
/home/hermes/Hermes/hermes_ws/install/hermes_nav/lib/python3.10/site-packages/nav2_gps_waypoint_follower_demo/utils/__init__.py
/home/hermes/Hermes/hermes_ws/install/hermes_nav/lib/python3.10/site-packages/nav2_gps_waypoint_follower_demo/utils/gps_utils.py
/home/hermes/Hermes/hermes_ws/install/hermes_nav/lib/python3.10/site-packages/nav2_gps_waypoint_follower_demo/__pycache__/gps_waypoint_logger.cpython-310.pyc
/home/hermes/Hermes/hermes_ws/install/hermes_nav/lib/python3.10/site-packages/nav2_gps_waypoint_follower_demo/__pycache__/interactive_waypoint_follower.cpython-310.pyc
/home/hermes/Hermes/hermes_ws/install/hermes_nav/lib/python3.10/site-packages/nav2_gps_waypoint_follower_demo/__pycache__/logged_waypoint_follower.cpython-310.pyc
/home/hermes/Hermes/hermes_ws/install/hermes_nav/lib/python3.10/site-packages/nav2_gps_waypoint_follower_demo/__pycache__/__init__.cpython-310.pyc
/home/hermes/Hermes/hermes_ws/install/hermes_nav/lib/python3.10/site-packages/hermes_nav/__pycache__/gps_waypoint_logger.cpython-310.pyc
/home/hermes/Hermes/hermes_ws/install/hermes_nav/lib/python3.10/site-packages/hermes_nav/__pycache__/interactive_waypoint_follower.cpython-310.pyc
/home/hermes/Hermes/hermes_ws/install/hermes_nav/lib/python3.10/site-packages/hermes_nav/__pycache__/logged_waypoint_follower.cpython-310.pyc
/home/hermes/Hermes/hermes_ws/install/hermes_nav/lib/python3.10/site-packages/hermes_nav/__pycache__/__init__.cpython-310.pyc
/home/hermes/Hermes/hermes_ws/install/hermes_nav/lib/python3.10/site-packages/hermes_nav/__pycache__/gps_converter_node.cpython-310.pyc
/home/hermes/Hermes/hermes_ws/install/hermes_nav/lib/python3.10/site-packages/nav2_gps_waypoint_follower_demo/utils/__pycache__/__init__.cpython-310.pyc
/home/hermes/Hermes/hermes_ws/install/hermes_nav/lib/python3.10/site-packages/nav2_gps_waypoint_follower_demo/utils/__pycache__/gps_utils.cpython-310.pyc
/home/hermes/Hermes/hermes_ws/install/hermes_nav/share/ament_index/resource_index/packages/hermes_nav
/home/hermes/Hermes/hermes_ws/install/hermes_nav/share/hermes_nav/package.xml
/home/hermes/Hermes/hermes_ws/install/hermes_nav/share/hermes_nav/launch/display.launch.py
/home/hermes/Hermes/hermes_ws/install/hermes_nav/share/hermes_nav/launch/launch_sim.launch.py
/home/hermes/Hermes/hermes_ws/install/hermes_nav/share/hermes_nav/launch/dual_ekf_navsat.launch.py
/home/hermes/Hermes/hermes_ws/install/hermes_nav/share/hermes_nav/launch/gps_waypoint_follower.launch.py
/home/hermes/Hermes/hermes_ws/install/hermes_nav/share/hermes_nav/launch/gazebo_gps_world_hermes.launch.py
/home/hermes/Hermes/hermes_ws/install/hermes_nav/share/hermes_nav/launch/rsp.launch.py
/home/hermes/Hermes/hermes_ws/install/hermes_nav/share/hermes_nav/launch/mapviz.launch.py
/home/hermes/Hermes/hermes_ws/install/hermes_nav/share/hermes_nav/params/demo_waypoints.yaml
/home/hermes/Hermes/hermes_ws/install/hermes_nav/share/hermes_nav/params/dual_ekf_navsat_params.yaml
/home/hermes/Hermes/hermes_ws/install/hermes_nav/share/hermes_nav/params/nav2_no_map_params.yaml
/home/hermes/Hermes/hermes_ws/install/hermes_nav/share/hermes_nav/nav2_gps_waypoint_follower_demo/gps_waypoint_logger.py
/home/hermes/Hermes/hermes_ws/install/hermes_nav/share/hermes_nav/nav2_gps_waypoint_follower_demo/interactive_waypoint_follower.py
/home/hermes/Hermes/hermes_ws/install/hermes_nav/share/hermes_nav/nav2_gps_waypoint_follower_demo/logged_waypoint_follower.py
/home/hermes/Hermes/hermes_ws/install/hermes_nav/share/hermes_nav/nav2_gps_waypoint_follower_demo/__init__.py
/home/hermes/Hermes/hermes_ws/install/hermes_nav/lib/python3.10/site-packages/hermes_nav-0.0.0-py3.10.egg-info/top_level.txt
/home/hermes/Hermes/hermes_ws/install/hermes_nav/lib/python3.10/site-packages/hermes_nav-0.0.0-py3.10.egg-info/zip-safe
/home/hermes/Hermes/hermes_ws/install/hermes_nav/lib/python3.10/site-packages/hermes_nav-0.0.0-py3.10.egg-info/PKG-INFO
/home/hermes/Hermes/hermes_ws/install/hermes_nav/lib/python3.10/site-packages/hermes_nav-0.0.0-py3.10.egg-info/entry_points.txt
/home/hermes/Hermes/hermes_ws/install/hermes_nav/lib/python3.10/site-packages/hermes_nav-0.0.0-py3.10.egg-info/SOURCES.txt
/home/hermes/Hermes/hermes_ws/install/hermes_nav/lib/python3.10/site-packages/hermes_nav-0.0.0-py3.10.egg-info/dependency_links.txt
/home/hermes/Hermes/hermes_ws/install/hermes_nav/lib/python3.10/site-packages/hermes_nav-0.0.0-py3.10.egg-info/requires.txt
/home/hermes/Hermes/hermes_ws/install/hermes_nav/lib/hermes_nav/display
/home/hermes/Hermes/hermes_ws/install/hermes_nav/lib/hermes_nav/gps_converter_node
/home/hermes/Hermes/hermes_ws/install/hermes_nav/lib/hermes_nav/gps_waypoint_follower
/home/hermes/Hermes/hermes_ws/install/hermes_nav/lib/hermes_nav/gps_waypoint_logger
/home/hermes/Hermes/hermes_ws/install/hermes_nav/lib/hermes_nav/interactive_waypoint_follower
/home/hermes/Hermes/hermes_ws/install/hermes_nav/lib/hermes_nav/logged_waypoint_follower
