[0.761s] Invoking command in '/home/aleksmalm/Hermes/hermes_ws/build/ldlidar_node': CMAKE_PREFIX_PATH=/home/aleksmalm/Hermes/hermes_ws/install/ldlidar_component:/home/aleksmalm/Hermes/hermes_ws/install/ldlidar:/home/aleksmalm/Hermes/hermes_ws/install/ldlidar_node:/home/aleksmalm/Hermes/hermes_ws/install/hermes_urdf:/home/aleksmalm/Hermes/hermes_ws/install/hermes_interfaces:/home/aleksmalm/Hermes/hermes_ws/install/tof_publisher:/home/aleksmalm/Hermes/hermes_ws/install/teleop_control:/home/aleksmalm/Hermes/hermes_ws/install/robot_localization_pkg:/home/aleksmalm/Hermes/hermes_ws/install/path_creator:/home/aleksmalm/Hermes/hermes_ws/install/my_tf2_broadcaster:/home/aleksmalm/Hermes/hermes_ws/install/icm20948_publisher:/home/aleksmalm/Hermes/hermes_ws/install/hermes_nav:/home/aleksmalm/Hermes/hermes_ws/install/gps_publisher:/home/aleksmalm/Hermes/hermes_ws/install/cmd_vel:/home/aleksmalm/Hermes/hermes_ws/install/cameras:/opt/ros/humble /usr/bin/cmake --build /home/aleksmalm/Hermes/hermes_ws/build/ldlidar_node -- -j12 -l12
[0.972s] [100%] Built target ldlidar_node
[1.596s] Invoked command in '/home/aleksmalm/Hermes/hermes_ws/build/ldlidar_node' returned '0': CMAKE_PREFIX_PATH=/home/aleksmalm/Hermes/hermes_ws/install/ldlidar_component:/home/aleksmalm/Hermes/hermes_ws/install/ldlidar:/home/aleksmalm/Hermes/hermes_ws/install/ldlidar_node:/home/aleksmalm/Hermes/hermes_ws/install/hermes_urdf:/home/aleksmalm/Hermes/hermes_ws/install/hermes_interfaces:/home/aleksmalm/Hermes/hermes_ws/install/tof_publisher:/home/aleksmalm/Hermes/hermes_ws/install/teleop_control:/home/aleksmalm/Hermes/hermes_ws/install/robot_localization_pkg:/home/aleksmalm/Hermes/hermes_ws/install/path_creator:/home/aleksmalm/Hermes/hermes_ws/install/my_tf2_broadcaster:/home/aleksmalm/Hermes/hermes_ws/install/icm20948_publisher:/home/aleksmalm/Hermes/hermes_ws/install/hermes_nav:/home/aleksmalm/Hermes/hermes_ws/install/gps_publisher:/home/aleksmalm/Hermes/hermes_ws/install/cmd_vel:/home/aleksmalm/Hermes/hermes_ws/install/cameras:/opt/ros/humble /usr/bin/cmake --build /home/aleksmalm/Hermes/hermes_ws/build/ldlidar_node -- -j12 -l12
[1.682s] Invoking command in '/home/aleksmalm/Hermes/hermes_ws/build/ldlidar_node': CMAKE_PREFIX_PATH=/home/aleksmalm/Hermes/hermes_ws/install/ldlidar_component:/home/aleksmalm/Hermes/hermes_ws/install/ldlidar:/home/aleksmalm/Hermes/hermes_ws/install/ldlidar_node:/home/aleksmalm/Hermes/hermes_ws/install/hermes_urdf:/home/aleksmalm/Hermes/hermes_ws/install/hermes_interfaces:/home/aleksmalm/Hermes/hermes_ws/install/tof_publisher:/home/aleksmalm/Hermes/hermes_ws/install/teleop_control:/home/aleksmalm/Hermes/hermes_ws/install/robot_localization_pkg:/home/aleksmalm/Hermes/hermes_ws/install/path_creator:/home/aleksmalm/Hermes/hermes_ws/install/my_tf2_broadcaster:/home/aleksmalm/Hermes/hermes_ws/install/icm20948_publisher:/home/aleksmalm/Hermes/hermes_ws/install/hermes_nav:/home/aleksmalm/Hermes/hermes_ws/install/gps_publisher:/home/aleksmalm/Hermes/hermes_ws/install/cmd_vel:/home/aleksmalm/Hermes/hermes_ws/install/cameras:/opt/ros/humble /usr/bin/cmake --install /home/aleksmalm/Hermes/hermes_ws/build/ldlidar_node
[2.328s] -- Install configuration: "Release"
[2.328s] -- Up-to-date: /home/aleksmalm/Hermes/hermes_ws/install/ldlidar_node/lib/ldlidar_node/ldlidar_node
[2.329s] -- Up-to-date: /home/aleksmalm/Hermes/hermes_ws/install/ldlidar_node/share/ldlidar_node/params
[2.329s] -- Up-to-date: /home/aleksmalm/Hermes/hermes_ws/install/ldlidar_node/share/ldlidar_node/params/lifecycle_mgr_slam.yaml
[2.330s] -- Up-to-date: /home/aleksmalm/Hermes/hermes_ws/install/ldlidar_node/share/ldlidar_node/params/slam_toolbox.yaml
[2.330s] -- Up-to-date: /home/aleksmalm/Hermes/hermes_ws/install/ldlidar_node/share/ldlidar_node/params/ldlidar.yaml
[2.331s] -- Up-to-date: /home/aleksmalm/Hermes/hermes_ws/install/ldlidar_node/share/ldlidar_node/params/lifecycle_mgr.yaml
[2.331s] -- Up-to-date: /home/aleksmalm/Hermes/hermes_ws/install/ldlidar_node/share/ldlidar_node/config
[2.332s] -- Up-to-date: /home/aleksmalm/Hermes/hermes_ws/install/ldlidar_node/share/ldlidar_node/config/ldlidar.rviz
[2.332s] -- Up-to-date: /home/aleksmalm/Hermes/hermes_ws/install/ldlidar_node/share/ldlidar_node/config/ldlidar_slam.rviz
[2.332s] -- Up-to-date: /home/aleksmalm/Hermes/hermes_ws/install/ldlidar_node/share/ldlidar_node/urdf
[2.333s] -- Up-to-date: /home/aleksmalm/Hermes/hermes_ws/install/ldlidar_node/share/ldlidar_node/urdf/model
[2.333s] -- Up-to-date: /home/aleksmalm/Hermes/hermes_ws/install/ldlidar_node/share/ldlidar_node/urdf/model/LD19.stl
[2.333s] -- Up-to-date: /home/aleksmalm/Hermes/hermes_ws/install/ldlidar_node/share/ldlidar_node/urdf/ldlidar_descr.urdf.xml
[2.334s] -- Up-to-date: /home/aleksmalm/Hermes/hermes_ws/install/ldlidar_node/share/ldlidar_node/launch
[2.334s] -- Up-to-date: /home/aleksmalm/Hermes/hermes_ws/install/ldlidar_node/share/ldlidar_node/launch/ldlidar_slam.launch.py
[2.334s] -- Up-to-date: /home/aleksmalm/Hermes/hermes_ws/install/ldlidar_node/share/ldlidar_node/launch/ldlidar.launch.py
[2.335s] -- Up-to-date: /home/aleksmalm/Hermes/hermes_ws/install/ldlidar_node/share/ldlidar_node/launch/ldlidar_with_mgr.launch.py
[2.335s] -- Up-to-date: /home/aleksmalm/Hermes/hermes_ws/install/ldlidar_node/share/ldlidar_node/launch/ldlidar_rviz2.launch.py
[2.335s] -- Up-to-date: /home/aleksmalm/Hermes/hermes_ws/install/ldlidar_node/share/ament_index/resource_index/package_run_dependencies/ldlidar_node
[2.337s] -- Up-to-date: /home/aleksmalm/Hermes/hermes_ws/install/ldlidar_node/share/ament_index/resource_index/parent_prefix_path/ldlidar_node
[2.340s] -- Up-to-date: /home/aleksmalm/Hermes/hermes_ws/install/ldlidar_node/share/ldlidar_node/environment/ament_prefix_path.sh
[2.342s] -- Up-to-date: /home/aleksmalm/Hermes/hermes_ws/install/ldlidar_node/share/ldlidar_node/environment/ament_prefix_path.dsv
[2.345s] -- Up-to-date: /home/aleksmalm/Hermes/hermes_ws/install/ldlidar_node/share/ldlidar_node/environment/path.sh
[2.346s] -- Up-to-date: /home/aleksmalm/Hermes/hermes_ws/install/ldlidar_node/share/ldlidar_node/environment/path.dsv
[2.346s] -- Up-to-date: /home/aleksmalm/Hermes/hermes_ws/install/ldlidar_node/share/ldlidar_node/local_setup.bash
[2.347s] -- Up-to-date: /home/aleksmalm/Hermes/hermes_ws/install/ldlidar_node/share/ldlidar_node/local_setup.sh
[2.349s] -- Up-to-date: /home/aleksmalm/Hermes/hermes_ws/install/ldlidar_node/share/ldlidar_node/local_setup.zsh
[2.349s] -- Up-to-date: /home/aleksmalm/Hermes/hermes_ws/install/ldlidar_node/share/ldlidar_node/local_setup.dsv
[2.350s] -- Installing: /home/aleksmalm/Hermes/hermes_ws/install/ldlidar_node/share/ldlidar_node/package.dsv
[2.351s] -- Up-to-date: /home/aleksmalm/Hermes/hermes_ws/install/ldlidar_node/share/ament_index/resource_index/packages/ldlidar_node
[2.351s] -- Up-to-date: /home/aleksmalm/Hermes/hermes_ws/install/ldlidar_node/share/ldlidar_node/cmake/ldlidar_nodeConfig.cmake
[2.352s] -- Up-to-date: /home/aleksmalm/Hermes/hermes_ws/install/ldlidar_node/share/ldlidar_node/cmake/ldlidar_nodeConfig-version.cmake
[2.352s] -- Up-to-date: /home/aleksmalm/Hermes/hermes_ws/install/ldlidar_node/share/ldlidar_node/package.xml
[2.359s] Invoked command in '/home/aleksmalm/Hermes/hermes_ws/build/ldlidar_node' returned '0': CMAKE_PREFIX_PATH=/home/aleksmalm/Hermes/hermes_ws/install/ldlidar_component:/home/aleksmalm/Hermes/hermes_ws/install/ldlidar:/home/aleksmalm/Hermes/hermes_ws/install/ldlidar_node:/home/aleksmalm/Hermes/hermes_ws/install/hermes_urdf:/home/aleksmalm/Hermes/hermes_ws/install/hermes_interfaces:/home/aleksmalm/Hermes/hermes_ws/install/tof_publisher:/home/aleksmalm/Hermes/hermes_ws/install/teleop_control:/home/aleksmalm/Hermes/hermes_ws/install/robot_localization_pkg:/home/aleksmalm/Hermes/hermes_ws/install/path_creator:/home/aleksmalm/Hermes/hermes_ws/install/my_tf2_broadcaster:/home/aleksmalm/Hermes/hermes_ws/install/icm20948_publisher:/home/aleksmalm/Hermes/hermes_ws/install/hermes_nav:/home/aleksmalm/Hermes/hermes_ws/install/gps_publisher:/home/aleksmalm/Hermes/hermes_ws/install/cmd_vel:/home/aleksmalm/Hermes/hermes_ws/install/cameras:/opt/ros/humble /usr/bin/cmake --install /home/aleksmalm/Hermes/hermes_ws/build/ldlidar_node
