[3.557s] Invoking command in '/home/hermes/Hermes/hermes_ws/src/odometry_publisher': PYTHONPATH=/home/hermes/Hermes/hermes_ws/build/odometry_publisher/prefix_override:/usr/lib/python3/dist-packages/colcon_core/task/python/colcon_distutils_commands:/home/hermes/Hermes/hermes_ws/install/odometry_publisher/lib/python3.10/site-packages:${PYTHONPATH} /usr/bin/python3 -W ignore:setup.py install is deprecated setup.py egg_info --egg-base ../../build/odometry_publisher build --build-base /home/hermes/Hermes/hermes_ws/build/odometry_publisher/build install --record /home/hermes/Hermes/hermes_ws/build/odometry_publisher/install.log --single-version-externally-managed install_data
[4.405s] running egg_info
[4.408s] writing ../../build/odometry_publisher/odometry_publisher.egg-info/PKG-INFO
[4.409s] writing dependency_links to ../../build/odometry_publisher/odometry_publisher.egg-info/dependency_links.txt
[4.410s] writing entry points to ../../build/odometry_publisher/odometry_publisher.egg-info/entry_points.txt
[4.410s] writing requirements to ../../build/odometry_publisher/odometry_publisher.egg-info/requires.txt
[4.410s] writing top-level names to ../../build/odometry_publisher/odometry_publisher.egg-info/top_level.txt
[4.413s] reading manifest file '../../build/odometry_publisher/odometry_publisher.egg-info/SOURCES.txt'
[4.418s] writing manifest file '../../build/odometry_publisher/odometry_publisher.egg-info/SOURCES.txt'
[4.419s] running build
[4.419s] running build_py
[4.419s] running install
[4.420s] running install_lib
[4.424s] running install_data
[4.424s] running install_egg_info
[4.431s] removing '/home/hermes/Hermes/hermes_ws/install/odometry_publisher/lib/python3.10/site-packages/odometry_publisher-0.0.0-py3.10.egg-info' (and everything under it)
[4.433s] Copying ../../build/odometry_publisher/odometry_publisher.egg-info to /home/hermes/Hermes/hermes_ws/install/odometry_publisher/lib/python3.10/site-packages/odometry_publisher-0.0.0-py3.10.egg-info
[4.436s] running install_scripts
[4.502s] Installing odometry_publisher_node script to /home/hermes/Hermes/hermes_ws/install/odometry_publisher/lib/odometry_publisher
[4.503s] writing list of installed files to '/home/hermes/Hermes/hermes_ws/build/odometry_publisher/install.log'
[5.744s] Invoked command in '/home/hermes/Hermes/hermes_ws/src/odometry_publisher' returned '0': PYTHONPATH=/home/hermes/Hermes/hermes_ws/build/odometry_publisher/prefix_override:/usr/lib/python3/dist-packages/colcon_core/task/python/colcon_distutils_commands:/home/hermes/Hermes/hermes_ws/install/odometry_publisher/lib/python3.10/site-packages:${PYTHONPATH} /usr/bin/python3 -W ignore:setup.py install is deprecated setup.py egg_info --egg-base ../../build/odometry_publisher build --build-base /home/hermes/Hermes/hermes_ws/build/odometry_publisher/build install --record /home/hermes/Hermes/hermes_ws/build/odometry_publisher/install.log --single-version-externally-managed install_data
