[0.243s] DEBUG:colcon:Command line arguments: ['/usr/bin/colcon', 'build', '--packages-select', 'hermes_navigation']
[0.243s] DEBUG:colcon:Parsed command line arguments: Namespace(log_base=None, log_level=None, verb_name='build', build_base='build', install_base='install', merge_install=False, symlink_install=False, test_result_base=None, continue_on_error=False, executor='parallel', parallel_workers=6, event_handlers=None, ignore_user_meta=False, metas=['./colcon.meta'], base_paths=['.'], packages_ignore=None, packages_ignore_regex=None, paths=None, packages_up_to=None, packages_up_to_regex=None, packages_above=None, packages_above_and_dependencies=None, packages_above_depth=None, packages_select_by_dep=None, packages_skip_by_dep=None, packages_skip_up_to=None, packages_select_build_failed=False, packages_skip_build_finished=False, packages_select_test_failures=False, packages_skip_test_passed=False, packages_select=['hermes_navigation'], packages_skip=None, packages_select_regex=None, packages_skip_regex=None, packages_start=None, packages_end=None, allow_overriding=[], cmake_args=None, cmake_target=None, cmake_target_skip_unavailable=False, cmake_clean_cache=False, cmake_clean_first=False, cmake_force_configure=False, ament_cmake_args=None, catkin_cmake_args=None, catkin_skip_building_tests=False, mixin_files=None, mixin=None, verb_parser=<colcon_mixin.mixin.mixin_argument.MixinArgumentDecorator object at 0xffff84814100>, verb_extension=<colcon_core.verb.build.BuildVerb object at 0xffff8493c880>, main=<bound method BuildVerb.main of <colcon_core.verb.build.BuildVerb object at 0xffff8493c880>>, mixin_verb=('build',))
[0.615s] Level 1:colcon.colcon_core.package_discovery:discover_packages(colcon_meta) check parameters
[0.616s] Level 1:colcon.colcon_core.package_discovery:discover_packages(recursive) check parameters
[0.616s] Level 1:colcon.colcon_core.package_discovery:discover_packages(ignore) check parameters
[0.616s] Level 1:colcon.colcon_core.package_discovery:discover_packages(path) check parameters
[0.616s] Level 1:colcon.colcon_core.package_discovery:discover_packages(colcon_meta) discover
[0.616s] Level 1:colcon.colcon_core.package_discovery:discover_packages(recursive) discover
[0.616s] INFO:colcon.colcon_core.package_discovery:Crawling recursively for packages in '/home/hermes/Hermes/hermes_ws'
[0.616s] Level 1:colcon.colcon_core.package_identification:_identify(.) by extensions ['ignore', 'ignore_ament_install']
[0.617s] Level 1:colcon.colcon_core.package_identification:_identify(.) by extension 'ignore'
[0.617s] Level 1:colcon.colcon_core.package_identification:_identify(.) by extension 'ignore_ament_install'
[0.617s] Level 1:colcon.colcon_core.package_identification:_identify(.) by extensions ['colcon_pkg']
[0.617s] Level 1:colcon.colcon_core.package_identification:_identify(.) by extension 'colcon_pkg'
[0.617s] Level 1:colcon.colcon_core.package_identification:_identify(.) by extensions ['colcon_meta']
[0.617s] Level 1:colcon.colcon_core.package_identification:_identify(.) by extension 'colcon_meta'
[0.617s] Level 1:colcon.colcon_core.package_identification:_identify(.) by extensions ['ros']
[0.617s] Level 1:colcon.colcon_core.package_identification:_identify(.) by extension 'ros'
[0.639s] Level 1:colcon.colcon_core.package_identification:_identify(.) by extensions ['cmake', 'python']
[0.639s] Level 1:colcon.colcon_core.package_identification:_identify(.) by extension 'cmake'
[0.639s] Level 1:colcon.colcon_core.package_identification:_identify(.) by extension 'python'
[0.639s] Level 1:colcon.colcon_core.package_identification:_identify(.) by extensions ['python_setup_py']
[0.640s] Level 1:colcon.colcon_core.package_identification:_identify(.) by extension 'python_setup_py'
[0.640s] Level 1:colcon.colcon_core.package_identification:_identify(build) by extensions ['ignore', 'ignore_ament_install']
[0.640s] Level 1:colcon.colcon_core.package_identification:_identify(build) by extension 'ignore'
[0.640s] Level 1:colcon.colcon_core.package_identification:_identify(build) ignored
[0.640s] Level 1:colcon.colcon_core.package_identification:_identify(install) by extensions ['ignore', 'ignore_ament_install']
[0.641s] Level 1:colcon.colcon_core.package_identification:_identify(install) by extension 'ignore'
[0.641s] Level 1:colcon.colcon_core.package_identification:_identify(install) ignored
[0.641s] Level 1:colcon.colcon_core.package_identification:_identify(log) by extensions ['ignore', 'ignore_ament_install']
[0.641s] Level 1:colcon.colcon_core.package_identification:_identify(log) by extension 'ignore'
[0.642s] Level 1:colcon.colcon_core.package_identification:_identify(log) ignored
[0.642s] Level 1:colcon.colcon_core.package_identification:_identify(src) by extensions ['ignore', 'ignore_ament_install']
[0.642s] Level 1:colcon.colcon_core.package_identification:_identify(src) by extension 'ignore'
[0.642s] Level 1:colcon.colcon_core.package_identification:_identify(src) by extension 'ignore_ament_install'
[0.642s] Level 1:colcon.colcon_core.package_identification:_identify(src) by extensions ['colcon_pkg']
[0.642s] Level 1:colcon.colcon_core.package_identification:_identify(src) by extension 'colcon_pkg'
[0.642s] Level 1:colcon.colcon_core.package_identification:_identify(src) by extensions ['colcon_meta']
[0.642s] Level 1:colcon.colcon_core.package_identification:_identify(src) by extension 'colcon_meta'
[0.642s] Level 1:colcon.colcon_core.package_identification:_identify(src) by extensions ['ros']
[0.642s] Level 1:colcon.colcon_core.package_identification:_identify(src) by extension 'ros'
[0.643s] Level 1:colcon.colcon_core.package_identification:_identify(src) by extensions ['cmake', 'python']
[0.643s] Level 1:colcon.colcon_core.package_identification:_identify(src) by extension 'cmake'
[0.643s] Level 1:colcon.colcon_core.package_identification:_identify(src) by extension 'python'
[0.643s] Level 1:colcon.colcon_core.package_identification:_identify(src) by extensions ['python_setup_py']
[0.643s] Level 1:colcon.colcon_core.package_identification:_identify(src) by extension 'python_setup_py'
[0.643s] Level 1:colcon.colcon_core.package_identification:_identify(src/cameras) by extensions ['ignore', 'ignore_ament_install']
[0.643s] Level 1:colcon.colcon_core.package_identification:_identify(src/cameras) by extension 'ignore'
[0.643s] Level 1:colcon.colcon_core.package_identification:_identify(src/cameras) by extension 'ignore_ament_install'
[0.643s] Level 1:colcon.colcon_core.package_identification:_identify(src/cameras) by extensions ['colcon_pkg']
[0.644s] Level 1:colcon.colcon_core.package_identification:_identify(src/cameras) by extension 'colcon_pkg'
[0.644s] Level 1:colcon.colcon_core.package_identification:_identify(src/cameras) by extensions ['colcon_meta']
[0.644s] Level 1:colcon.colcon_core.package_identification:_identify(src/cameras) by extension 'colcon_meta'
[0.644s] Level 1:colcon.colcon_core.package_identification:_identify(src/cameras) by extensions ['ros']
[0.644s] Level 1:colcon.colcon_core.package_identification:_identify(src/cameras) by extension 'ros'
[0.649s] DEBUG:colcon.colcon_core.package_identification:Package 'src/cameras' with type 'ros.ament_python' and name 'cameras'
[0.649s] Level 1:colcon.colcon_core.package_identification:_identify(src/cmd_vel) by extensions ['ignore', 'ignore_ament_install']
[0.649s] Level 1:colcon.colcon_core.package_identification:_identify(src/cmd_vel) by extension 'ignore'
[0.649s] Level 1:colcon.colcon_core.package_identification:_identify(src/cmd_vel) by extension 'ignore_ament_install'
[0.649s] Level 1:colcon.colcon_core.package_identification:_identify(src/cmd_vel) by extensions ['colcon_pkg']
[0.650s] Level 1:colcon.colcon_core.package_identification:_identify(src/cmd_vel) by extension 'colcon_pkg'
[0.650s] Level 1:colcon.colcon_core.package_identification:_identify(src/cmd_vel) by extensions ['colcon_meta']
[0.650s] Level 1:colcon.colcon_core.package_identification:_identify(src/cmd_vel) by extension 'colcon_meta'
[0.650s] Level 1:colcon.colcon_core.package_identification:_identify(src/cmd_vel) by extensions ['ros']
[0.650s] Level 1:colcon.colcon_core.package_identification:_identify(src/cmd_vel) by extension 'ros'
[0.651s] DEBUG:colcon.colcon_core.package_identification:Package 'src/cmd_vel' with type 'ros.ament_python' and name 'cmd_vel'
[0.651s] Level 1:colcon.colcon_core.package_identification:_identify(src/gps_publisher) by extensions ['ignore', 'ignore_ament_install']
[0.651s] Level 1:colcon.colcon_core.package_identification:_identify(src/gps_publisher) by extension 'ignore'
[0.651s] Level 1:colcon.colcon_core.package_identification:_identify(src/gps_publisher) by extension 'ignore_ament_install'
[0.651s] Level 1:colcon.colcon_core.package_identification:_identify(src/gps_publisher) by extensions ['colcon_pkg']
[0.652s] Level 1:colcon.colcon_core.package_identification:_identify(src/gps_publisher) by extension 'colcon_pkg'
[0.652s] Level 1:colcon.colcon_core.package_identification:_identify(src/gps_publisher) by extensions ['colcon_meta']
[0.652s] Level 1:colcon.colcon_core.package_identification:_identify(src/gps_publisher) by extension 'colcon_meta'
[0.652s] Level 1:colcon.colcon_core.package_identification:_identify(src/gps_publisher) by extensions ['ros']
[0.652s] Level 1:colcon.colcon_core.package_identification:_identify(src/gps_publisher) by extension 'ros'
[0.653s] DEBUG:colcon.colcon_core.package_identification:Package 'src/gps_publisher' with type 'ros.ament_cmake' and name 'gps_publisher'
[0.653s] Level 1:colcon.colcon_core.package_identification:_identify(src/hermes_interfaces) by extensions ['ignore', 'ignore_ament_install']
[0.653s] Level 1:colcon.colcon_core.package_identification:_identify(src/hermes_interfaces) by extension 'ignore'
[0.653s] Level 1:colcon.colcon_core.package_identification:_identify(src/hermes_interfaces) by extension 'ignore_ament_install'
[0.653s] Level 1:colcon.colcon_core.package_identification:_identify(src/hermes_interfaces) by extensions ['colcon_pkg']
[0.653s] Level 1:colcon.colcon_core.package_identification:_identify(src/hermes_interfaces) by extension 'colcon_pkg'
[0.653s] Level 1:colcon.colcon_core.package_identification:_identify(src/hermes_interfaces) by extensions ['colcon_meta']
[0.654s] Level 1:colcon.colcon_core.package_identification:_identify(src/hermes_interfaces) by extension 'colcon_meta'
[0.654s] Level 1:colcon.colcon_core.package_identification:_identify(src/hermes_interfaces) by extensions ['ros']
[0.654s] Level 1:colcon.colcon_core.package_identification:_identify(src/hermes_interfaces) by extension 'ros'
[0.655s] DEBUG:colcon.colcon_core.package_identification:Package 'src/hermes_interfaces' with type 'ros.ament_cmake' and name 'hermes_interfaces'
[0.655s] Level 1:colcon.colcon_core.package_identification:_identify(src/hermes_navigation) by extensions ['ignore', 'ignore_ament_install']
[0.655s] Level 1:colcon.colcon_core.package_identification:_identify(src/hermes_navigation) by extension 'ignore'
[0.655s] Level 1:colcon.colcon_core.package_identification:_identify(src/hermes_navigation) by extension 'ignore_ament_install'
[0.655s] Level 1:colcon.colcon_core.package_identification:_identify(src/hermes_navigation) by extensions ['colcon_pkg']
[0.655s] Level 1:colcon.colcon_core.package_identification:_identify(src/hermes_navigation) by extension 'colcon_pkg'
[0.656s] Level 1:colcon.colcon_core.package_identification:_identify(src/hermes_navigation) by extensions ['colcon_meta']
[0.656s] Level 1:colcon.colcon_core.package_identification:_identify(src/hermes_navigation) by extension 'colcon_meta'
[0.656s] Level 1:colcon.colcon_core.package_identification:_identify(src/hermes_navigation) by extensions ['ros']
[0.656s] Level 1:colcon.colcon_core.package_identification:_identify(src/hermes_navigation) by extension 'ros'
[0.656s] DEBUG:colcon.colcon_core.package_identification:Package 'src/hermes_navigation' with type 'ros.ament_cmake' and name 'hermes_navigation'
[0.657s] Level 1:colcon.colcon_core.package_identification:_identify(src/hermes_urdf) by extensions ['ignore', 'ignore_ament_install']
[0.657s] Level 1:colcon.colcon_core.package_identification:_identify(src/hermes_urdf) by extension 'ignore'
[0.657s] Level 1:colcon.colcon_core.package_identification:_identify(src/hermes_urdf) by extension 'ignore_ament_install'
[0.657s] Level 1:colcon.colcon_core.package_identification:_identify(src/hermes_urdf) by extensions ['colcon_pkg']
[0.657s] Level 1:colcon.colcon_core.package_identification:_identify(src/hermes_urdf) by extension 'colcon_pkg'
[0.657s] Level 1:colcon.colcon_core.package_identification:_identify(src/hermes_urdf) by extensions ['colcon_meta']
[0.657s] Level 1:colcon.colcon_core.package_identification:_identify(src/hermes_urdf) by extension 'colcon_meta'
[0.657s] Level 1:colcon.colcon_core.package_identification:_identify(src/hermes_urdf) by extensions ['ros']
[0.658s] Level 1:colcon.colcon_core.package_identification:_identify(src/hermes_urdf) by extension 'ros'
[0.658s] DEBUG:colcon.colcon_core.package_identification:Package 'src/hermes_urdf' with type 'ros.ament_cmake' and name 'hermes_urdf'
[0.659s] Level 1:colcon.colcon_core.package_identification:_identify(src/imu_publisher) by extensions ['ignore', 'ignore_ament_install']
[0.659s] Level 1:colcon.colcon_core.package_identification:_identify(src/imu_publisher) by extension 'ignore'
[0.659s] Level 1:colcon.colcon_core.package_identification:_identify(src/imu_publisher) by extension 'ignore_ament_install'
[0.659s] Level 1:colcon.colcon_core.package_identification:_identify(src/imu_publisher) by extensions ['colcon_pkg']
[0.659s] Level 1:colcon.colcon_core.package_identification:_identify(src/imu_publisher) by extension 'colcon_pkg'
[0.659s] Level 1:colcon.colcon_core.package_identification:_identify(src/imu_publisher) by extensions ['colcon_meta']
[0.659s] Level 1:colcon.colcon_core.package_identification:_identify(src/imu_publisher) by extension 'colcon_meta'
[0.659s] Level 1:colcon.colcon_core.package_identification:_identify(src/imu_publisher) by extensions ['ros']
[0.659s] Level 1:colcon.colcon_core.package_identification:_identify(src/imu_publisher) by extension 'ros'
[0.660s] DEBUG:colcon.colcon_core.package_identification:Package 'src/imu_publisher' with type 'ros.ament_python' and name 'imu_publisher'
[0.660s] Level 1:colcon.colcon_core.package_identification:_identify(src/lidar_publisher) by extensions ['ignore', 'ignore_ament_install']
[0.660s] Level 1:colcon.colcon_core.package_identification:_identify(src/lidar_publisher) by extension 'ignore'
[0.661s] Level 1:colcon.colcon_core.package_identification:_identify(src/lidar_publisher) by extension 'ignore_ament_install'
[0.661s] Level 1:colcon.colcon_core.package_identification:_identify(src/lidar_publisher) by extensions ['colcon_pkg']
[0.661s] Level 1:colcon.colcon_core.package_identification:_identify(src/lidar_publisher) by extension 'colcon_pkg'
[0.661s] Level 1:colcon.colcon_core.package_identification:_identify(src/lidar_publisher) by extensions ['colcon_meta']
[0.661s] Level 1:colcon.colcon_core.package_identification:_identify(src/lidar_publisher) by extension 'colcon_meta'
[0.661s] Level 1:colcon.colcon_core.package_identification:_identify(src/lidar_publisher) by extensions ['ros']
[0.661s] Level 1:colcon.colcon_core.package_identification:_identify(src/lidar_publisher) by extension 'ros'
[0.661s] Level 1:colcon.colcon_core.package_identification:_identify(src/lidar_publisher) by extensions ['cmake', 'python']
[0.661s] Level 1:colcon.colcon_core.package_identification:_identify(src/lidar_publisher) by extension 'cmake'
[0.661s] Level 1:colcon.colcon_core.package_identification:_identify(src/lidar_publisher) by extension 'python'
[0.661s] Level 1:colcon.colcon_core.package_identification:_identify(src/lidar_publisher) by extensions ['python_setup_py']
[0.662s] Level 1:colcon.colcon_core.package_identification:_identify(src/lidar_publisher) by extension 'python_setup_py'
[0.662s] Level 1:colcon.colcon_core.package_identification:_identify(src/lidar_publisher/3d_model) by extensions ['ignore', 'ignore_ament_install']
[0.662s] Level 1:colcon.colcon_core.package_identification:_identify(src/lidar_publisher/3d_model) by extension 'ignore'
[0.662s] Level 1:colcon.colcon_core.package_identification:_identify(src/lidar_publisher/3d_model) by extension 'ignore_ament_install'
[0.662s] Level 1:colcon.colcon_core.package_identification:_identify(src/lidar_publisher/3d_model) by extensions ['colcon_pkg']
[0.662s] Level 1:colcon.colcon_core.package_identification:_identify(src/lidar_publisher/3d_model) by extension 'colcon_pkg'
[0.662s] Level 1:colcon.colcon_core.package_identification:_identify(src/lidar_publisher/3d_model) by extensions ['colcon_meta']
[0.662s] Level 1:colcon.colcon_core.package_identification:_identify(src/lidar_publisher/3d_model) by extension 'colcon_meta'
[0.663s] Level 1:colcon.colcon_core.package_identification:_identify(src/lidar_publisher/3d_model) by extensions ['ros']
[0.663s] Level 1:colcon.colcon_core.package_identification:_identify(src/lidar_publisher/3d_model) by extension 'ros'
[0.663s] Level 1:colcon.colcon_core.package_identification:_identify(src/lidar_publisher/3d_model) by extensions ['cmake', 'python']
[0.663s] Level 1:colcon.colcon_core.package_identification:_identify(src/lidar_publisher/3d_model) by extension 'cmake'
[0.663s] Level 1:colcon.colcon_core.package_identification:_identify(src/lidar_publisher/3d_model) by extension 'python'
[0.663s] Level 1:colcon.colcon_core.package_identification:_identify(src/lidar_publisher/3d_model) by extensions ['python_setup_py']
[0.663s] Level 1:colcon.colcon_core.package_identification:_identify(src/lidar_publisher/3d_model) by extension 'python_setup_py'
[0.663s] Level 1:colcon.colcon_core.package_identification:_identify(src/lidar_publisher/docs) by extensions ['ignore', 'ignore_ament_install']
[0.663s] Level 1:colcon.colcon_core.package_identification:_identify(src/lidar_publisher/docs) by extension 'ignore'
[0.664s] Level 1:colcon.colcon_core.package_identification:_identify(src/lidar_publisher/docs) by extension 'ignore_ament_install'
[0.664s] Level 1:colcon.colcon_core.package_identification:_identify(src/lidar_publisher/docs) by extensions ['colcon_pkg']
[0.664s] Level 1:colcon.colcon_core.package_identification:_identify(src/lidar_publisher/docs) by extension 'colcon_pkg'
[0.664s] Level 1:colcon.colcon_core.package_identification:_identify(src/lidar_publisher/docs) by extensions ['colcon_meta']
[0.664s] Level 1:colcon.colcon_core.package_identification:_identify(src/lidar_publisher/docs) by extension 'colcon_meta'
[0.664s] Level 1:colcon.colcon_core.package_identification:_identify(src/lidar_publisher/docs) by extensions ['ros']
[0.664s] Level 1:colcon.colcon_core.package_identification:_identify(src/lidar_publisher/docs) by extension 'ros'
[0.664s] Level 1:colcon.colcon_core.package_identification:_identify(src/lidar_publisher/docs) by extensions ['cmake', 'python']
[0.664s] Level 1:colcon.colcon_core.package_identification:_identify(src/lidar_publisher/docs) by extension 'cmake'
[0.664s] Level 1:colcon.colcon_core.package_identification:_identify(src/lidar_publisher/docs) by extension 'python'
[0.664s] Level 1:colcon.colcon_core.package_identification:_identify(src/lidar_publisher/docs) by extensions ['python_setup_py']
[0.664s] Level 1:colcon.colcon_core.package_identification:_identify(src/lidar_publisher/docs) by extension 'python_setup_py'
[0.665s] Level 1:colcon.colcon_core.package_identification:_identify(src/lidar_publisher/images) by extensions ['ignore', 'ignore_ament_install']
[0.665s] Level 1:colcon.colcon_core.package_identification:_identify(src/lidar_publisher/images) by extension 'ignore'
[0.665s] Level 1:colcon.colcon_core.package_identification:_identify(src/lidar_publisher/images) by extension 'ignore_ament_install'
[0.665s] Level 1:colcon.colcon_core.package_identification:_identify(src/lidar_publisher/images) by extensions ['colcon_pkg']
[0.665s] Level 1:colcon.colcon_core.package_identification:_identify(src/lidar_publisher/images) by extension 'colcon_pkg'
[0.665s] Level 1:colcon.colcon_core.package_identification:_identify(src/lidar_publisher/images) by extensions ['colcon_meta']
[0.665s] Level 1:colcon.colcon_core.package_identification:_identify(src/lidar_publisher/images) by extension 'colcon_meta'
[0.665s] Level 1:colcon.colcon_core.package_identification:_identify(src/lidar_publisher/images) by extensions ['ros']
[0.665s] Level 1:colcon.colcon_core.package_identification:_identify(src/lidar_publisher/images) by extension 'ros'
[0.666s] Level 1:colcon.colcon_core.package_identification:_identify(src/lidar_publisher/images) by extensions ['cmake', 'python']
[0.666s] Level 1:colcon.colcon_core.package_identification:_identify(src/lidar_publisher/images) by extension 'cmake'
[0.666s] Level 1:colcon.colcon_core.package_identification:_identify(src/lidar_publisher/images) by extension 'python'
[0.666s] Level 1:colcon.colcon_core.package_identification:_identify(src/lidar_publisher/images) by extensions ['python_setup_py']
[0.666s] Level 1:colcon.colcon_core.package_identification:_identify(src/lidar_publisher/images) by extension 'python_setup_py'
[0.666s] Level 1:colcon.colcon_core.package_identification:_identify(src/lidar_publisher/ldlidar) by extensions ['ignore', 'ignore_ament_install']
[0.666s] Level 1:colcon.colcon_core.package_identification:_identify(src/lidar_publisher/ldlidar) by extension 'ignore'
[0.666s] Level 1:colcon.colcon_core.package_identification:_identify(src/lidar_publisher/ldlidar) by extension 'ignore_ament_install'
[0.666s] Level 1:colcon.colcon_core.package_identification:_identify(src/lidar_publisher/ldlidar) by extensions ['colcon_pkg']
[0.666s] Level 1:colcon.colcon_core.package_identification:_identify(src/lidar_publisher/ldlidar) by extension 'colcon_pkg'
[0.666s] Level 1:colcon.colcon_core.package_identification:_identify(src/lidar_publisher/ldlidar) by extensions ['colcon_meta']
[0.667s] Level 1:colcon.colcon_core.package_identification:_identify(src/lidar_publisher/ldlidar) by extension 'colcon_meta'
[0.667s] Level 1:colcon.colcon_core.package_identification:_identify(src/lidar_publisher/ldlidar) by extensions ['ros']
[0.667s] Level 1:colcon.colcon_core.package_identification:_identify(src/lidar_publisher/ldlidar) by extension 'ros'
[0.668s] DEBUG:colcon.colcon_core.package_identification:Package 'src/lidar_publisher/ldlidar' with type 'ros.ament_cmake' and name 'ldlidar'
[0.668s] Level 1:colcon.colcon_core.package_identification:_identify(src/lidar_publisher/ldlidar_component) by extensions ['ignore', 'ignore_ament_install']
[0.668s] Level 1:colcon.colcon_core.package_identification:_identify(src/lidar_publisher/ldlidar_component) by extension 'ignore'
[0.668s] Level 1:colcon.colcon_core.package_identification:_identify(src/lidar_publisher/ldlidar_component) by extension 'ignore_ament_install'
[0.668s] Level 1:colcon.colcon_core.package_identification:_identify(src/lidar_publisher/ldlidar_component) by extensions ['colcon_pkg']
[0.668s] Level 1:colcon.colcon_core.package_identification:_identify(src/lidar_publisher/ldlidar_component) by extension 'colcon_pkg'
[0.669s] Level 1:colcon.colcon_core.package_identification:_identify(src/lidar_publisher/ldlidar_component) by extensions ['colcon_meta']
[0.669s] Level 1:colcon.colcon_core.package_identification:_identify(src/lidar_publisher/ldlidar_component) by extension 'colcon_meta'
[0.669s] Level 1:colcon.colcon_core.package_identification:_identify(src/lidar_publisher/ldlidar_component) by extensions ['ros']
[0.669s] Level 1:colcon.colcon_core.package_identification:_identify(src/lidar_publisher/ldlidar_component) by extension 'ros'
[0.671s] DEBUG:colcon.colcon_core.package_identification:Package 'src/lidar_publisher/ldlidar_component' with type 'ros.ament_cmake' and name 'ldlidar_component'
[0.671s] Level 1:colcon.colcon_core.package_identification:_identify(src/lidar_publisher/ldlidar_node) by extensions ['ignore', 'ignore_ament_install']
[0.671s] Level 1:colcon.colcon_core.package_identification:_identify(src/lidar_publisher/ldlidar_node) by extension 'ignore'
[0.671s] Level 1:colcon.colcon_core.package_identification:_identify(src/lidar_publisher/ldlidar_node) by extension 'ignore_ament_install'
[0.672s] Level 1:colcon.colcon_core.package_identification:_identify(src/lidar_publisher/ldlidar_node) by extensions ['colcon_pkg']
[0.672s] Level 1:colcon.colcon_core.package_identification:_identify(src/lidar_publisher/ldlidar_node) by extension 'colcon_pkg'
[0.672s] Level 1:colcon.colcon_core.package_identification:_identify(src/lidar_publisher/ldlidar_node) by extensions ['colcon_meta']
[0.672s] Level 1:colcon.colcon_core.package_identification:_identify(src/lidar_publisher/ldlidar_node) by extension 'colcon_meta'
[0.672s] Level 1:colcon.colcon_core.package_identification:_identify(src/lidar_publisher/ldlidar_node) by extensions ['ros']
[0.672s] Level 1:colcon.colcon_core.package_identification:_identify(src/lidar_publisher/ldlidar_node) by extension 'ros'
[0.673s] DEBUG:colcon.colcon_core.package_identification:Package 'src/lidar_publisher/ldlidar_node' with type 'ros.ament_cmake' and name 'ldlidar_node'
[0.674s] Level 1:colcon.colcon_core.package_identification:_identify(src/lidar_publisher/rules) by extensions ['ignore', 'ignore_ament_install']
[0.674s] Level 1:colcon.colcon_core.package_identification:_identify(src/lidar_publisher/rules) by extension 'ignore'
[0.674s] Level 1:colcon.colcon_core.package_identification:_identify(src/lidar_publisher/rules) by extension 'ignore_ament_install'
[0.674s] Level 1:colcon.colcon_core.package_identification:_identify(src/lidar_publisher/rules) by extensions ['colcon_pkg']
[0.674s] Level 1:colcon.colcon_core.package_identification:_identify(src/lidar_publisher/rules) by extension 'colcon_pkg'
[0.674s] Level 1:colcon.colcon_core.package_identification:_identify(src/lidar_publisher/rules) by extensions ['colcon_meta']
[0.674s] Level 1:colcon.colcon_core.package_identification:_identify(src/lidar_publisher/rules) by extension 'colcon_meta'
[0.674s] Level 1:colcon.colcon_core.package_identification:_identify(src/lidar_publisher/rules) by extensions ['ros']
[0.675s] Level 1:colcon.colcon_core.package_identification:_identify(src/lidar_publisher/rules) by extension 'ros'
[0.675s] Level 1:colcon.colcon_core.package_identification:_identify(src/lidar_publisher/rules) by extensions ['cmake', 'python']
[0.675s] Level 1:colcon.colcon_core.package_identification:_identify(src/lidar_publisher/rules) by extension 'cmake'
[0.675s] Level 1:colcon.colcon_core.package_identification:_identify(src/lidar_publisher/rules) by extension 'python'
[0.675s] Level 1:colcon.colcon_core.package_identification:_identify(src/lidar_publisher/rules) by extensions ['python_setup_py']
[0.675s] Level 1:colcon.colcon_core.package_identification:_identify(src/lidar_publisher/rules) by extension 'python_setup_py'
[0.675s] Level 1:colcon.colcon_core.package_identification:_identify(src/lidar_publisher/scripts) by extensions ['ignore', 'ignore_ament_install']
[0.675s] Level 1:colcon.colcon_core.package_identification:_identify(src/lidar_publisher/scripts) by extension 'ignore'
[0.675s] Level 1:colcon.colcon_core.package_identification:_identify(src/lidar_publisher/scripts) by extension 'ignore_ament_install'
[0.676s] Level 1:colcon.colcon_core.package_identification:_identify(src/lidar_publisher/scripts) by extensions ['colcon_pkg']
[0.676s] Level 1:colcon.colcon_core.package_identification:_identify(src/lidar_publisher/scripts) by extension 'colcon_pkg'
[0.676s] Level 1:colcon.colcon_core.package_identification:_identify(src/lidar_publisher/scripts) by extensions ['colcon_meta']
[0.676s] Level 1:colcon.colcon_core.package_identification:_identify(src/lidar_publisher/scripts) by extension 'colcon_meta'
[0.676s] Level 1:colcon.colcon_core.package_identification:_identify(src/lidar_publisher/scripts) by extensions ['ros']
[0.676s] Level 1:colcon.colcon_core.package_identification:_identify(src/lidar_publisher/scripts) by extension 'ros'
[0.676s] Level 1:colcon.colcon_core.package_identification:_identify(src/lidar_publisher/scripts) by extensions ['cmake', 'python']
[0.676s] Level 1:colcon.colcon_core.package_identification:_identify(src/lidar_publisher/scripts) by extension 'cmake'
[0.676s] Level 1:colcon.colcon_core.package_identification:_identify(src/lidar_publisher/scripts) by extension 'python'
[0.676s] Level 1:colcon.colcon_core.package_identification:_identify(src/lidar_publisher/scripts) by extensions ['python_setup_py']
[0.676s] Level 1:colcon.colcon_core.package_identification:_identify(src/lidar_publisher/scripts) by extension 'python_setup_py'
[0.677s] Level 1:colcon.colcon_core.package_identification:_identify(src/odometry) by extensions ['ignore', 'ignore_ament_install']
[0.677s] Level 1:colcon.colcon_core.package_identification:_identify(src/odometry) by extension 'ignore'
[0.677s] Level 1:colcon.colcon_core.package_identification:_identify(src/odometry) by extension 'ignore_ament_install'
[0.677s] Level 1:colcon.colcon_core.package_identification:_identify(src/odometry) by extensions ['colcon_pkg']
[0.677s] Level 1:colcon.colcon_core.package_identification:_identify(src/odometry) by extension 'colcon_pkg'
[0.677s] Level 1:colcon.colcon_core.package_identification:_identify(src/odometry) by extensions ['colcon_meta']
[0.677s] Level 1:colcon.colcon_core.package_identification:_identify(src/odometry) by extension 'colcon_meta'
[0.677s] Level 1:colcon.colcon_core.package_identification:_identify(src/odometry) by extensions ['ros']
[0.677s] Level 1:colcon.colcon_core.package_identification:_identify(src/odometry) by extension 'ros'
[0.678s] DEBUG:colcon.colcon_core.package_identification:Package 'src/odometry' with type 'ros.ament_python' and name 'odometry'
[0.678s] Level 1:colcon.colcon_core.package_identification:_identify(src/teleop_control) by extensions ['ignore', 'ignore_ament_install']
[0.678s] Level 1:colcon.colcon_core.package_identification:_identify(src/teleop_control) by extension 'ignore'
[0.679s] Level 1:colcon.colcon_core.package_identification:_identify(src/teleop_control) by extension 'ignore_ament_install'
[0.679s] Level 1:colcon.colcon_core.package_identification:_identify(src/teleop_control) by extensions ['colcon_pkg']
[0.679s] Level 1:colcon.colcon_core.package_identification:_identify(src/teleop_control) by extension 'colcon_pkg'
[0.679s] Level 1:colcon.colcon_core.package_identification:_identify(src/teleop_control) by extensions ['colcon_meta']
[0.679s] Level 1:colcon.colcon_core.package_identification:_identify(src/teleop_control) by extension 'colcon_meta'
[0.679s] Level 1:colcon.colcon_core.package_identification:_identify(src/teleop_control) by extensions ['ros']
[0.679s] Level 1:colcon.colcon_core.package_identification:_identify(src/teleop_control) by extension 'ros'
[0.680s] DEBUG:colcon.colcon_core.package_identification:Package 'src/teleop_control' with type 'ros.ament_python' and name 'teleop_control'
[0.680s] Level 1:colcon.colcon_core.package_identification:_identify(src/tof_publisher) by extensions ['ignore', 'ignore_ament_install']
[0.680s] Level 1:colcon.colcon_core.package_identification:_identify(src/tof_publisher) by extension 'ignore'
[0.680s] Level 1:colcon.colcon_core.package_identification:_identify(src/tof_publisher) by extension 'ignore_ament_install'
[0.680s] Level 1:colcon.colcon_core.package_identification:_identify(src/tof_publisher) by extensions ['colcon_pkg']
[0.681s] Level 1:colcon.colcon_core.package_identification:_identify(src/tof_publisher) by extension 'colcon_pkg'
[0.681s] Level 1:colcon.colcon_core.package_identification:_identify(src/tof_publisher) by extensions ['colcon_meta']
[0.681s] Level 1:colcon.colcon_core.package_identification:_identify(src/tof_publisher) by extension 'colcon_meta'
[0.681s] Level 1:colcon.colcon_core.package_identification:_identify(src/tof_publisher) by extensions ['ros']
[0.681s] Level 1:colcon.colcon_core.package_identification:_identify(src/tof_publisher) by extension 'ros'
[0.682s] DEBUG:colcon.colcon_core.package_identification:Package 'src/tof_publisher' with type 'ros.ament_python' and name 'tof_publisher'
[0.682s] Level 1:colcon.colcon_core.package_discovery:discover_packages(recursive) using defaults
[0.682s] Level 1:colcon.colcon_core.package_discovery:discover_packages(ignore) discover
[0.682s] Level 1:colcon.colcon_core.package_discovery:discover_packages(ignore) using defaults
[0.682s] Level 1:colcon.colcon_core.package_discovery:discover_packages(path) discover
[0.682s] Level 1:colcon.colcon_core.package_discovery:discover_packages(path) using defaults
[0.757s] INFO:colcon.colcon_core.package_selection:Skipping not selected package 'cameras' in 'src/cameras'
[0.757s] INFO:colcon.colcon_core.package_selection:Skipping not selected package 'cmd_vel' in 'src/cmd_vel'
[0.757s] INFO:colcon.colcon_core.package_selection:Skipping not selected package 'gps_publisher' in 'src/gps_publisher'
[0.757s] INFO:colcon.colcon_core.package_selection:Skipping not selected package 'hermes_interfaces' in 'src/hermes_interfaces'
[0.757s] INFO:colcon.colcon_core.package_selection:Skipping not selected package 'hermes_urdf' in 'src/hermes_urdf'
[0.757s] INFO:colcon.colcon_core.package_selection:Skipping not selected package 'imu_publisher' in 'src/imu_publisher'
[0.757s] INFO:colcon.colcon_core.package_selection:Skipping not selected package 'ldlidar_component' in 'src/lidar_publisher/ldlidar_component'
[0.757s] INFO:colcon.colcon_core.package_selection:Skipping not selected package 'odometry' in 'src/odometry'
[0.757s] INFO:colcon.colcon_core.package_selection:Skipping not selected package 'teleop_control' in 'src/teleop_control'
[0.757s] INFO:colcon.colcon_core.package_selection:Skipping not selected package 'tof_publisher' in 'src/tof_publisher'
[0.757s] INFO:colcon.colcon_core.package_selection:Skipping not selected package 'ldlidar_node' in 'src/lidar_publisher/ldlidar_node'
[0.757s] INFO:colcon.colcon_core.package_selection:Skipping not selected package 'ldlidar' in 'src/lidar_publisher/ldlidar'
[0.758s] Level 1:colcon.colcon_core.package_discovery:discover_packages(prefix_path) check parameters
[0.758s] Level 1:colcon.colcon_core.package_discovery:discover_packages(prefix_path) discover
[0.764s] DEBUG:colcon.colcon_installed_package_information.package_discovery:Found 18 installed packages in /home/hermes/Hermes/hermes_ws/install
[0.766s] DEBUG:colcon.colcon_installed_package_information.package_discovery:Found 6 installed packages in /home/hermes/Downloads/hermes/ros2_ws/src/install
[0.769s] DEBUG:colcon.colcon_installed_package_information.package_discovery:Found 356 installed packages in /opt/ros/humble
[0.772s] Level 1:colcon.colcon_core.package_discovery:discover_packages(prefix_path) using defaults
[0.868s] Level 5:colcon.colcon_core.verb:set package 'hermes_navigation' build argument 'cmake_args' from command line to 'None'
[0.868s] Level 5:colcon.colcon_core.verb:set package 'hermes_navigation' build argument 'cmake_target' from command line to 'None'
[0.868s] Level 5:colcon.colcon_core.verb:set package 'hermes_navigation' build argument 'cmake_target_skip_unavailable' from command line to 'False'
[0.868s] Level 5:colcon.colcon_core.verb:set package 'hermes_navigation' build argument 'cmake_clean_cache' from command line to 'False'
[0.869s] Level 5:colcon.colcon_core.verb:set package 'hermes_navigation' build argument 'cmake_clean_first' from command line to 'False'
[0.869s] Level 5:colcon.colcon_core.verb:set package 'hermes_navigation' build argument 'cmake_force_configure' from command line to 'False'
[0.869s] Level 5:colcon.colcon_core.verb:set package 'hermes_navigation' build argument 'ament_cmake_args' from command line to 'None'
[0.869s] Level 5:colcon.colcon_core.verb:set package 'hermes_navigation' build argument 'catkin_cmake_args' from command line to 'None'
[0.869s] Level 5:colcon.colcon_core.verb:set package 'hermes_navigation' build argument 'catkin_skip_building_tests' from command line to 'False'
[0.869s] DEBUG:colcon.colcon_core.verb:Building package 'hermes_navigation' with the following arguments: {'ament_cmake_args': None, 'build_base': '/home/hermes/Hermes/hermes_ws/build/hermes_navigation', 'catkin_cmake_args': None, 'catkin_skip_building_tests': False, 'cmake_args': None, 'cmake_clean_cache': False, 'cmake_clean_first': False, 'cmake_force_configure': False, 'cmake_target': None, 'cmake_target_skip_unavailable': False, 'install_base': '/home/hermes/Hermes/hermes_ws/install/hermes_navigation', 'merge_install': False, 'path': '/home/hermes/Hermes/hermes_ws/src/hermes_navigation', 'symlink_install': False, 'test_result_base': None}
[0.869s] INFO:colcon.colcon_core.executor:Executing jobs using 'parallel' executor
[0.871s] DEBUG:colcon.colcon_parallel_executor.executor.parallel:run_until_complete
[0.872s] INFO:colcon.colcon_ros.task.ament_cmake.build:Building ROS package in '/home/hermes/Hermes/hermes_ws/src/hermes_navigation' with build type 'ament_cmake'
[0.872s] INFO:colcon.colcon_cmake.task.cmake.build:Building CMake package in '/home/hermes/Hermes/hermes_ws/src/hermes_navigation'
[0.878s] INFO:colcon.colcon_core.plugin_system:Skipping extension 'colcon_core.shell.bat': Not used on non-Windows systems
[0.879s] INFO:colcon.colcon_core.shell:Skip shell extension 'powershell' for command environment: Not usable outside of PowerShell
[0.879s] DEBUG:colcon.colcon_core.shell:Skip shell extension 'dsv' for command environment
[0.909s] DEBUG:colcon.colcon_core.event_handler.log_command:Invoking command in '/home/hermes/Hermes/hermes_ws/build/hermes_navigation': CMAKE_PREFIX_PATH=${CMAKE_PREFIX_PATH}:/home/hermes/Hermes/hermes_ws/install/tof_publisher:/home/hermes/Hermes/hermes_ws/install/teleop_control:/home/hermes/Hermes/hermes_ws/install/robot_model:/home/hermes/Hermes/hermes_ws/install/odometry:/home/hermes/Hermes/hermes_ws/install/my_robot_description:/home/hermes/Hermes/hermes_ws/install/lidar_publisher:/home/hermes/Hermes/hermes_ws/install/launch_files:/home/hermes/Hermes/hermes_ws/install/imu_publisher:/home/hermes/Hermes/hermes_ws/install/cmd_vel:/home/hermes/Hermes/hermes_ws/install/cameras:/home/hermes/Downloads/hermes/ros2_ws/src/install/ros2_video_stream_pkg:/opt/ros/humble /usr/bin/cmake --build /home/hermes/Hermes/hermes_ws/build/hermes_navigation -- -j6 -l6
[1.031s] DEBUG:colcon.colcon_core.event_handler.log_command:Invoked command in '/home/hermes/Hermes/hermes_ws/build/hermes_navigation' returned '0': CMAKE_PREFIX_PATH=${CMAKE_PREFIX_PATH}:/home/hermes/Hermes/hermes_ws/install/tof_publisher:/home/hermes/Hermes/hermes_ws/install/teleop_control:/home/hermes/Hermes/hermes_ws/install/robot_model:/home/hermes/Hermes/hermes_ws/install/odometry:/home/hermes/Hermes/hermes_ws/install/my_robot_description:/home/hermes/Hermes/hermes_ws/install/lidar_publisher:/home/hermes/Hermes/hermes_ws/install/launch_files:/home/hermes/Hermes/hermes_ws/install/imu_publisher:/home/hermes/Hermes/hermes_ws/install/cmd_vel:/home/hermes/Hermes/hermes_ws/install/cameras:/home/hermes/Downloads/hermes/ros2_ws/src/install/ros2_video_stream_pkg:/opt/ros/humble /usr/bin/cmake --build /home/hermes/Hermes/hermes_ws/build/hermes_navigation -- -j6 -l6
[1.097s] DEBUG:colcon.colcon_core.event_handler.log_command:Invoking command in '/home/hermes/Hermes/hermes_ws/build/hermes_navigation': CMAKE_PREFIX_PATH=${CMAKE_PREFIX_PATH}:/home/hermes/Hermes/hermes_ws/install/tof_publisher:/home/hermes/Hermes/hermes_ws/install/teleop_control:/home/hermes/Hermes/hermes_ws/install/robot_model:/home/hermes/Hermes/hermes_ws/install/odometry:/home/hermes/Hermes/hermes_ws/install/my_robot_description:/home/hermes/Hermes/hermes_ws/install/lidar_publisher:/home/hermes/Hermes/hermes_ws/install/launch_files:/home/hermes/Hermes/hermes_ws/install/imu_publisher:/home/hermes/Hermes/hermes_ws/install/cmd_vel:/home/hermes/Hermes/hermes_ws/install/cameras:/home/hermes/Downloads/hermes/ros2_ws/src/install/ros2_video_stream_pkg:/opt/ros/humble /usr/bin/cmake --install /home/hermes/Hermes/hermes_ws/build/hermes_navigation
[1.121s] Level 1:colcon.colcon_core.environment:create_environment_scripts_only(hermes_navigation)
[1.123s] DEBUG:colcon.colcon_core.event_handler.log_command:Invoked command in '/home/hermes/Hermes/hermes_ws/build/hermes_navigation' returned '0': CMAKE_PREFIX_PATH=${CMAKE_PREFIX_PATH}:/home/hermes/Hermes/hermes_ws/install/tof_publisher:/home/hermes/Hermes/hermes_ws/install/teleop_control:/home/hermes/Hermes/hermes_ws/install/robot_model:/home/hermes/Hermes/hermes_ws/install/odometry:/home/hermes/Hermes/hermes_ws/install/my_robot_description:/home/hermes/Hermes/hermes_ws/install/lidar_publisher:/home/hermes/Hermes/hermes_ws/install/launch_files:/home/hermes/Hermes/hermes_ws/install/imu_publisher:/home/hermes/Hermes/hermes_ws/install/cmd_vel:/home/hermes/Hermes/hermes_ws/install/cameras:/home/hermes/Downloads/hermes/ros2_ws/src/install/ros2_video_stream_pkg:/opt/ros/humble /usr/bin/cmake --install /home/hermes/Hermes/hermes_ws/build/hermes_navigation
[1.128s] Level 1:colcon.colcon_core.environment:checking '/home/hermes/Hermes/hermes_ws/install/hermes_navigation' for CMake module files
[1.129s] Level 1:colcon.colcon_core.environment:checking '/home/hermes/Hermes/hermes_ws/install/hermes_navigation' for CMake config files
[1.130s] Level 1:colcon.colcon_core.shell:create_environment_hook('hermes_navigation', 'cmake_prefix_path')
[1.130s] INFO:colcon.colcon_core.shell:Creating environment hook '/home/hermes/Hermes/hermes_ws/install/hermes_navigation/share/hermes_navigation/hook/cmake_prefix_path.ps1'
[1.132s] INFO:colcon.colcon_core.shell:Creating environment descriptor '/home/hermes/Hermes/hermes_ws/install/hermes_navigation/share/hermes_navigation/hook/cmake_prefix_path.dsv'
[1.133s] INFO:colcon.colcon_core.shell:Creating environment hook '/home/hermes/Hermes/hermes_ws/install/hermes_navigation/share/hermes_navigation/hook/cmake_prefix_path.sh'
[1.134s] Level 1:colcon.colcon_core.environment:checking '/home/hermes/Hermes/hermes_ws/install/hermes_navigation/bin'
[1.135s] Level 1:colcon.colcon_core.environment:checking '/home/hermes/Hermes/hermes_ws/install/hermes_navigation/lib/pkgconfig/hermes_navigation.pc'
[1.135s] Level 1:colcon.colcon_core.environment:checking '/home/hermes/Hermes/hermes_ws/install/hermes_navigation/lib/python3.10/site-packages'
[1.136s] Level 1:colcon.colcon_core.environment:checking '/home/hermes/Hermes/hermes_ws/install/hermes_navigation/bin'
[1.137s] INFO:colcon.colcon_core.shell:Creating package script '/home/hermes/Hermes/hermes_ws/install/hermes_navigation/share/hermes_navigation/package.ps1'
[1.138s] INFO:colcon.colcon_core.shell:Creating package descriptor '/home/hermes/Hermes/hermes_ws/install/hermes_navigation/share/hermes_navigation/package.dsv'
[1.140s] INFO:colcon.colcon_core.shell:Creating package script '/home/hermes/Hermes/hermes_ws/install/hermes_navigation/share/hermes_navigation/package.sh'
[1.141s] INFO:colcon.colcon_core.shell:Creating package script '/home/hermes/Hermes/hermes_ws/install/hermes_navigation/share/hermes_navigation/package.bash'
[1.143s] INFO:colcon.colcon_core.shell:Creating package script '/home/hermes/Hermes/hermes_ws/install/hermes_navigation/share/hermes_navigation/package.zsh'
[1.145s] Level 1:colcon.colcon_core.environment:create_file_with_runtime_dependencies(/home/hermes/Hermes/hermes_ws/install/hermes_navigation/share/colcon-core/packages/hermes_navigation)
[1.193s] Level 1:colcon.colcon_core.environment:create_environment_scripts_only(hermes_navigation)
[1.194s] Level 1:colcon.colcon_core.environment:checking '/home/hermes/Hermes/hermes_ws/install/hermes_navigation' for CMake module files
[1.196s] Level 1:colcon.colcon_core.environment:checking '/home/hermes/Hermes/hermes_ws/install/hermes_navigation' for CMake config files
[1.197s] Level 1:colcon.colcon_core.shell:create_environment_hook('hermes_navigation', 'cmake_prefix_path')
[1.197s] INFO:colcon.colcon_core.shell:Creating environment hook '/home/hermes/Hermes/hermes_ws/install/hermes_navigation/share/hermes_navigation/hook/cmake_prefix_path.ps1'
[1.199s] INFO:colcon.colcon_core.shell:Creating environment descriptor '/home/hermes/Hermes/hermes_ws/install/hermes_navigation/share/hermes_navigation/hook/cmake_prefix_path.dsv'
[1.199s] INFO:colcon.colcon_core.shell:Creating environment hook '/home/hermes/Hermes/hermes_ws/install/hermes_navigation/share/hermes_navigation/hook/cmake_prefix_path.sh'
[1.202s] Level 1:colcon.colcon_core.environment:checking '/home/hermes/Hermes/hermes_ws/install/hermes_navigation/bin'
[1.202s] Level 1:colcon.colcon_core.environment:checking '/home/hermes/Hermes/hermes_ws/install/hermes_navigation/lib/pkgconfig/hermes_navigation.pc'
[1.203s] Level 1:colcon.colcon_core.environment:checking '/home/hermes/Hermes/hermes_ws/install/hermes_navigation/lib/python3.10/site-packages'
[1.203s] Level 1:colcon.colcon_core.environment:checking '/home/hermes/Hermes/hermes_ws/install/hermes_navigation/bin'
[1.204s] INFO:colcon.colcon_core.shell:Creating package script '/home/hermes/Hermes/hermes_ws/install/hermes_navigation/share/hermes_navigation/package.ps1'
[1.205s] INFO:colcon.colcon_core.shell:Creating package descriptor '/home/hermes/Hermes/hermes_ws/install/hermes_navigation/share/hermes_navigation/package.dsv'
[1.207s] INFO:colcon.colcon_core.shell:Creating package script '/home/hermes/Hermes/hermes_ws/install/hermes_navigation/share/hermes_navigation/package.sh'
[1.208s] INFO:colcon.colcon_core.shell:Creating package script '/home/hermes/Hermes/hermes_ws/install/hermes_navigation/share/hermes_navigation/package.bash'
[1.210s] INFO:colcon.colcon_core.shell:Creating package script '/home/hermes/Hermes/hermes_ws/install/hermes_navigation/share/hermes_navigation/package.zsh'
[1.211s] Level 1:colcon.colcon_core.environment:create_file_with_runtime_dependencies(/home/hermes/Hermes/hermes_ws/install/hermes_navigation/share/colcon-core/packages/hermes_navigation)
[1.213s] DEBUG:colcon.colcon_parallel_executor.executor.parallel:closing loop
[1.213s] DEBUG:colcon.colcon_parallel_executor.executor.parallel:loop closed
[1.213s] DEBUG:colcon.colcon_parallel_executor.executor.parallel:run_until_complete finished with '0'
[1.214s] DEBUG:colcon.colcon_core.event_reactor:joining thread
[1.233s] INFO:colcon.colcon_core.plugin_system:Skipping extension 'colcon_notification.desktop_notification.terminal_notifier': Not used on non-Darwin systems
[1.233s] INFO:colcon.colcon_core.plugin_system:Skipping extension 'colcon_notification.desktop_notification.win32': Not used on non-Windows systems
[1.233s] INFO:colcon.colcon_notification.desktop_notification:Sending desktop notification using 'notify2'
[1.265s] DEBUG:colcon.colcon_core.event_reactor:joined thread
[1.266s] INFO:colcon.colcon_core.shell:Creating prefix script '/home/hermes/Hermes/hermes_ws/install/local_setup.ps1'
[1.269s] INFO:colcon.colcon_core.shell:Creating prefix util module '/home/hermes/Hermes/hermes_ws/install/_local_setup_util_ps1.py'
[1.273s] INFO:colcon.colcon_core.shell:Creating prefix chain script '/home/hermes/Hermes/hermes_ws/install/setup.ps1'
[1.277s] INFO:colcon.colcon_core.shell:Creating prefix script '/home/hermes/Hermes/hermes_ws/install/local_setup.sh'
[1.279s] INFO:colcon.colcon_core.shell:Creating prefix util module '/home/hermes/Hermes/hermes_ws/install/_local_setup_util_sh.py'
[1.280s] INFO:colcon.colcon_core.shell:Creating prefix chain script '/home/hermes/Hermes/hermes_ws/install/setup.sh'
[1.287s] INFO:colcon.colcon_core.shell:Creating prefix script '/home/hermes/Hermes/hermes_ws/install/local_setup.bash'
[1.289s] INFO:colcon.colcon_core.shell:Creating prefix chain script '/home/hermes/Hermes/hermes_ws/install/setup.bash'
[1.300s] INFO:colcon.colcon_core.shell:Creating prefix script '/home/hermes/Hermes/hermes_ws/install/local_setup.zsh'
[1.301s] INFO:colcon.colcon_core.shell:Creating prefix chain script '/home/hermes/Hermes/hermes_ws/install/setup.zsh'
