running egg_info
creating ../../build/multi_package_launcher/multi_package_launcher.egg-info
writing ../../build/multi_package_launcher/multi_package_launcher.egg-info/PKG-INFO
writing dependency_links to ../../build/multi_package_launcher/multi_package_launcher.egg-info/dependency_links.txt
writing entry points to ../../build/multi_package_launcher/multi_package_launcher.egg-info/entry_points.txt
writing requirements to ../../build/multi_package_launcher/multi_package_launcher.egg-info/requires.txt
writing top-level names to ../../build/multi_package_launcher/multi_package_launcher.egg-info/top_level.txt
writing manifest file '../../build/multi_package_launcher/multi_package_launcher.egg-info/SOURCES.txt'
reading manifest file '../../build/multi_package_launcher/multi_package_launcher.egg-info/SOURCES.txt'
writing manifest file '../../build/multi_package_launcher/multi_package_launcher.egg-info/SOURCES.txt'
running build
running build_py
creating /home/hermes/Hermes/hermes_ws/build/multi_package_launcher/build
creating /home/hermes/Hermes/hermes_ws/build/multi_package_launcher/build/lib
creating /home/hermes/Hermes/hermes_ws/build/multi_package_launcher/build/lib/multi_package_launcher
copying multi_package_launcher/__init__.py -> /home/hermes/Hermes/hermes_ws/build/multi_package_launcher/build/lib/multi_package_launcher
running install
running install_lib
copying /home/hermes/Hermes/hermes_ws/build/multi_package_launcher/build/lib/multi_package_launcher/__init__.py -> /home/hermes/Hermes/hermes_ws/install/multi_package_launcher/lib/python3.10/site-packages/multi_package_launcher
byte-compiling /home/hermes/Hermes/hermes_ws/install/multi_package_launcher/lib/python3.10/site-packages/multi_package_launcher/__init__.py to __init__.cpython-310.pyc
running install_data
copying resource/multi_package_launcher -> /home/hermes/Hermes/hermes_ws/install/multi_package_launcher/share/ament_index/resource_index/packages
copying package.xml -> /home/hermes/Hermes/hermes_ws/install/multi_package_launcher/share/multi_package_launcher
copying launch/launch_all_packages.launch.py -> /home/hermes/Hermes/hermes_ws/install/multi_package_launcher/share/multi_package_launcher/launch
running install_egg_info
removing '/home/hermes/Hermes/hermes_ws/install/multi_package_launcher/lib/python3.10/site-packages/multi_package_launcher-0.0.0-py3.10.egg-info' (and everything under it)
Copying ../../build/multi_package_launcher/multi_package_launcher.egg-info to /home/hermes/Hermes/hermes_ws/install/multi_package_launcher/lib/python3.10/site-packages/multi_package_launcher-0.0.0-py3.10.egg-info
running install_scripts
writing list of installed files to '/home/hermes/Hermes/hermes_ws/build/multi_package_launcher/install.log'
