[3.974s] Invoking command in '/home/hermes/Hermes/hermes_ws/src/multi_package_launcher': PYTHONPATH=/home/hermes/Hermes/hermes_ws/build/multi_package_launcher/prefix_override:/usr/lib/python3/dist-packages/colcon_core/task/python/colcon_distutils_commands:/home/hermes/Hermes/hermes_ws/install/multi_package_launcher/lib/python3.10/site-packages:${PYTHONPATH} /usr/bin/python3 -W ignore:setup.py install is deprecated setup.py egg_info --egg-base ../../build/multi_package_launcher build --build-base /home/hermes/Hermes/hermes_ws/build/multi_package_launcher/build install --record /home/hermes/Hermes/hermes_ws/build/multi_package_launcher/install.log --single-version-externally-managed install_data
[4.809s] running egg_info
[4.810s] creating ../../build/multi_package_launcher/multi_package_launcher.egg-info
[4.811s] writing ../../build/multi_package_launcher/multi_package_launcher.egg-info/PKG-INFO
[4.812s] writing dependency_links to ../../build/multi_package_launcher/multi_package_launcher.egg-info/dependency_links.txt
[4.812s] writing entry points to ../../build/multi_package_launcher/multi_package_launcher.egg-info/entry_points.txt
[4.812s] writing requirements to ../../build/multi_package_launcher/multi_package_launcher.egg-info/requires.txt
[4.813s] writing top-level names to ../../build/multi_package_launcher/multi_package_launcher.egg-info/top_level.txt
[4.813s] writing manifest file '../../build/multi_package_launcher/multi_package_launcher.egg-info/SOURCES.txt'
[4.819s] reading manifest file '../../build/multi_package_launcher/multi_package_launcher.egg-info/SOURCES.txt'
[4.821s] writing manifest file '../../build/multi_package_launcher/multi_package_launcher.egg-info/SOURCES.txt'
[4.821s] running build
[4.821s] running build_py
[4.821s] creating /home/hermes/Hermes/hermes_ws/build/multi_package_launcher/build
[4.822s] creating /home/hermes/Hermes/hermes_ws/build/multi_package_launcher/build/lib
[4.822s] creating /home/hermes/Hermes/hermes_ws/build/multi_package_launcher/build/lib/multi_package_launcher
[4.822s] copying multi_package_launcher/__init__.py -> /home/hermes/Hermes/hermes_ws/build/multi_package_launcher/build/lib/multi_package_launcher
[4.823s] running install
[4.824s] running install_lib
[4.826s] copying /home/hermes/Hermes/hermes_ws/build/multi_package_launcher/build/lib/multi_package_launcher/__init__.py -> /home/hermes/Hermes/hermes_ws/install/multi_package_launcher/lib/python3.10/site-packages/multi_package_launcher
[4.829s] byte-compiling /home/hermes/Hermes/hermes_ws/install/multi_package_launcher/lib/python3.10/site-packages/multi_package_launcher/__init__.py to __init__.cpython-310.pyc
[4.830s] running install_data
[4.830s] copying resource/multi_package_launcher -> /home/hermes/Hermes/hermes_ws/install/multi_package_launcher/share/ament_index/resource_index/packages
[4.831s] copying package.xml -> /home/hermes/Hermes/hermes_ws/install/multi_package_launcher/share/multi_package_launcher
[4.832s] copying launch/launch_all_packages.launch.py -> /home/hermes/Hermes/hermes_ws/install/multi_package_launcher/share/multi_package_launcher/launch
[4.832s] running install_egg_info
[4.838s] removing '/home/hermes/Hermes/hermes_ws/install/multi_package_launcher/lib/python3.10/site-packages/multi_package_launcher-0.0.0-py3.10.egg-info' (and everything under it)
[4.838s] Copying ../../build/multi_package_launcher/multi_package_launcher.egg-info to /home/hermes/Hermes/hermes_ws/install/multi_package_launcher/lib/python3.10/site-packages/multi_package_launcher-0.0.0-py3.10.egg-info
[4.841s] running install_scripts
[4.898s] writing list of installed files to '/home/hermes/Hermes/hermes_ws/build/multi_package_launcher/install.log'
[5.000s] Invoked command in '/home/hermes/Hermes/hermes_ws/src/multi_package_launcher' returned '0': PYTHONPATH=/home/hermes/Hermes/hermes_ws/build/multi_package_launcher/prefix_override:/usr/lib/python3/dist-packages/colcon_core/task/python/colcon_distutils_commands:/home/hermes/Hermes/hermes_ws/install/multi_package_launcher/lib/python3.10/site-packages:${PYTHONPATH} /usr/bin/python3 -W ignore:setup.py install is deprecated setup.py egg_info --egg-base ../../build/multi_package_launcher build --build-base /home/hermes/Hermes/hermes_ws/build/multi_package_launcher/build install --record /home/hermes/Hermes/hermes_ws/build/multi_package_launcher/install.log --single-version-externally-managed install_data
