/home/hermes/.local/lib/python3.10/site-packages/setuptools/_distutils/dist.py:261: UserWarning: Unknown distribution option: 'tests_require'
  warnings.warn(msg)
running develop
/home/hermes/.local/lib/python3.10/site-packages/setuptools/command/develop.py:41: EasyInstallDeprecationWarning: easy_install command is deprecated.
!!

        ********************************************************************************
        Please avoid running ``setup.py`` and ``easy_install``.
        Instead, use pypa/build, pypa/installer or other
        standards-based tools.

        See https://github.com/pypa/setuptools/issues/917 for details.
        ********************************************************************************

!!
  easy_install.initialize_options(self)
running egg_info
writing multi_package_launcher.egg-info/PKG-INFO
writing dependency_links to multi_package_launcher.egg-info/dependency_links.txt
writing requirements to multi_package_launcher.egg-info/requires.txt
writing top-level names to multi_package_launcher.egg-info/top_level.txt
reading manifest file 'multi_package_launcher.egg-info/SOURCES.txt'
writing manifest file 'multi_package_launcher.egg-info/SOURCES.txt'
running build_ext
Creating /home/hermes/Hermes/hermes_ws/install/multi_package_launcher/lib/python3.10/site-packages/multi-package-launcher.egg-link (link to .)

Installed /home/hermes/Hermes/hermes_ws/build/multi_package_launcher
running symlink_data
symbolically linking /home/hermes/Hermes/hermes_ws/build/multi_package_launcher/resource/multi_package_launcher -> /home/hermes/Hermes/hermes_ws/install/multi_package_launcher/share/ament_index/resource_index/packages
symbolically linking /home/hermes/Hermes/hermes_ws/build/multi_package_launcher/package.xml -> /home/hermes/Hermes/hermes_ws/install/multi_package_launcher/share/multi_package_launcher
symbolically linking /home/hermes/Hermes/hermes_ws/build/multi_package_launcher/launch/launch_all_packages.launch.py -> /home/hermes/Hermes/hermes_ws/install/multi_package_launcher/share/multi_package_launcher/launch
