[0.597s] Invoking command in '/home/aleksmalm/Hermes/hermes_ws/src/tof_publisher': PYTHONPATH=/home/aleksmalm/Hermes/hermes_ws/build/tof_publisher/prefix_override:/home/aleksmalm/Hermes/hermes_ws/install/tof_publisher/lib/python3.10/site-packages:${PYTHONPATH} /usr/bin/python3 -W ignore:setup.py install is deprecated setup.py egg_info --egg-base ../../build/tof_publisher build --build-base /home/aleksmalm/Hermes/hermes_ws/build/tof_publisher/build install --record /home/aleksmalm/Hermes/hermes_ws/build/tof_publisher/install.log --install-scripts $base/lib/tof_publisher --single-version-externally-managed install_data
[0.762s] /usr/lib/python3/dist-packages/setuptools/dist.py:723: UserWarning: Usage of dash-separated 'script-dir' will not be supported in future versions. Please use the underscore name 'script_dir' instead
[0.762s]   warnings.warn(
[0.767s] running egg_info
[0.768s] writing ../../build/tof_publisher/tof_publisher.egg-info/PKG-INFO
[0.768s] writing dependency_links to ../../build/tof_publisher/tof_publisher.egg-info/dependency_links.txt
[0.768s] writing entry points to ../../build/tof_publisher/tof_publisher.egg-info/entry_points.txt
[0.768s] writing requirements to ../../build/tof_publisher/tof_publisher.egg-info/requires.txt
[0.768s] writing top-level names to ../../build/tof_publisher/tof_publisher.egg-info/top_level.txt
[0.769s] reading manifest file '../../build/tof_publisher/tof_publisher.egg-info/SOURCES.txt'
[0.770s] writing manifest file '../../build/tof_publisher/tof_publisher.egg-info/SOURCES.txt'
[0.770s] running build
[0.770s] running build_py
[0.770s] running install
[0.770s] running install_lib
[0.771s] running install_data
[0.772s] running install_egg_info
[0.773s] removing '/home/aleksmalm/Hermes/hermes_ws/install/tof_publisher/lib/python3.10/site-packages/tof_publisher-0.0.0-py3.10.egg-info' (and everything under it)
[0.773s] Copying ../../build/tof_publisher/tof_publisher.egg-info to /home/aleksmalm/Hermes/hermes_ws/install/tof_publisher/lib/python3.10/site-packages/tof_publisher-0.0.0-py3.10.egg-info
[0.774s] running install_scripts
[0.788s] Installing tof_data = tof_publisher.tof_data:maininteractive_waypoint_follower script to /home/aleksmalm/Hermes/hermes_ws/install/tof_publisher/lib/tof_publisher
[0.789s] writing list of installed files to '/home/aleksmalm/Hermes/hermes_ws/build/tof_publisher/install.log'
[0.815s] Invoked command in '/home/aleksmalm/Hermes/hermes_ws/src/tof_publisher' returned '0': PYTHONPATH=/home/aleksmalm/Hermes/hermes_ws/build/tof_publisher/prefix_override:/home/aleksmalm/Hermes/hermes_ws/install/tof_publisher/lib/python3.10/site-packages:${PYTHONPATH} /usr/bin/python3 -W ignore:setup.py install is deprecated setup.py egg_info --egg-base ../../build/tof_publisher build --build-base /home/aleksmalm/Hermes/hermes_ws/build/tof_publisher/build install --record /home/aleksmalm/Hermes/hermes_ws/build/tof_publisher/install.log --install-scripts $base/lib/tof_publisher --single-version-externally-managed install_data
