[2.062s] Invoking command in '/home/aleksmalm/Hermes/hermes_ws/src/path_creator': PYTHONPATH=/home/aleksmalm/Hermes/hermes_ws/build/path_creator/prefix_override:/home/aleksmalm/Hermes/hermes_ws/install/path_creator/lib/python3.10/site-packages:${PYTHONPATH} /usr/bin/python3 -W ignore:setup.py install is deprecated setup.py egg_info --egg-base ../../build/path_creator build --build-base /home/aleksmalm/Hermes/hermes_ws/build/path_creator/build install --record /home/aleksmalm/Hermes/hermes_ws/build/path_creator/install.log --single-version-externally-managed install_data
[2.415s] running egg_info
[2.416s] writing ../../build/path_creator/path_creator.egg-info/PKG-INFO
[2.416s] writing dependency_links to ../../build/path_creator/path_creator.egg-info/dependency_links.txt
[2.416s] writing entry points to ../../build/path_creator/path_creator.egg-info/entry_points.txt
[2.417s] writing requirements to ../../build/path_creator/path_creator.egg-info/requires.txt
[2.417s] writing top-level names to ../../build/path_creator/path_creator.egg-info/top_level.txt
[2.420s] reading manifest file '../../build/path_creator/path_creator.egg-info/SOURCES.txt'
[2.422s] writing manifest file '../../build/path_creator/path_creator.egg-info/SOURCES.txt'
[2.422s] running build
[2.422s] running build_py
[2.422s] running install
[2.424s] running install_lib
[2.426s] running install_data
[2.426s] running install_egg_info
[2.428s] removing '/home/aleksmalm/Hermes/hermes_ws/install/path_creator/lib/python3.10/site-packages/path_creator-0.0.0-py3.10.egg-info' (and everything under it)
[2.428s] Copying ../../build/path_creator/path_creator.egg-info to /home/aleksmalm/Hermes/hermes_ws/install/path_creator/lib/python3.10/site-packages/path_creator-0.0.0-py3.10.egg-info
[2.430s] running install_scripts
[2.461s] Installing path_creator_node script to /home/aleksmalm/Hermes/hermes_ws/install/path_creator/lib/path_creator
[2.461s] writing list of installed files to '/home/aleksmalm/Hermes/hermes_ws/build/path_creator/install.log'
[2.495s] Invoked command in '/home/aleksmalm/Hermes/hermes_ws/src/path_creator' returned '0': PYTHONPATH=/home/aleksmalm/Hermes/hermes_ws/build/path_creator/prefix_override:/home/aleksmalm/Hermes/hermes_ws/install/path_creator/lib/python3.10/site-packages:${PYTHONPATH} /usr/bin/python3 -W ignore:setup.py install is deprecated setup.py egg_info --egg-base ../../build/path_creator build --build-base /home/aleksmalm/Hermes/hermes_ws/build/path_creator/build install --record /home/aleksmalm/Hermes/hermes_ws/build/path_creator/install.log --single-version-externally-managed install_data
