[4.192s] Invoking command in '/home/hermes/Hermes/hermes_ws/src/cameras': PYTHONPATH=/home/hermes/Hermes/hermes_ws/build/cameras/prefix_override:/home/hermes/Hermes/hermes_ws/install/cameras/lib/python3.10/site-packages:${PYTHONPATH} /usr/bin/python3 -W ignore:setup.py install is deprecated setup.py egg_info --egg-base ../../build/cameras build --build-base /home/hermes/Hermes/hermes_ws/build/cameras/build install --record /home/hermes/Hermes/hermes_ws/build/cameras/install.log --single-version-externally-managed install_data
[4.962s] running egg_info
[4.965s] writing ../../build/cameras/cameras.egg-info/PKG-INFO
[4.966s] writing dependency_links to ../../build/cameras/cameras.egg-info/dependency_links.txt
[4.966s] writing entry points to ../../build/cameras/cameras.egg-info/entry_points.txt
[4.967s] writing requirements to ../../build/cameras/cameras.egg-info/requires.txt
[4.967s] writing top-level names to ../../build/cameras/cameras.egg-info/top_level.txt
[4.971s] reading manifest file '../../build/cameras/cameras.egg-info/SOURCES.txt'
[4.972s] adding license file 'LICENSE'
[4.973s] writing manifest file '../../build/cameras/cameras.egg-info/SOURCES.txt'
[4.974s] running build
[4.974s] running build_py
[4.975s] running install
[4.976s] running install_lib
[4.983s] running install_data
[4.983s] running install_egg_info
[4.988s] removing '/home/hermes/Hermes/hermes_ws/install/cameras/lib/python3.10/site-packages/cameras-0.0.0-py3.10.egg-info' (and everything under it)
[4.989s] Copying ../../build/cameras/cameras.egg-info to /home/hermes/Hermes/hermes_ws/install/cameras/lib/python3.10/site-packages/cameras-0.0.0-py3.10.egg-info
[4.992s] running install_scripts
[5.077s] Installing cameras_node script to /home/hermes/Hermes/hermes_ws/install/cameras/lib/cameras
[5.078s] writing list of installed files to '/home/hermes/Hermes/hermes_ws/build/cameras/install.log'
[5.265s] Invoked command in '/home/hermes/Hermes/hermes_ws/src/cameras' returned '0': PYTHONPATH=/home/hermes/Hermes/hermes_ws/build/cameras/prefix_override:/home/hermes/Hermes/hermes_ws/install/cameras/lib/python3.10/site-packages:${PYTHONPATH} /usr/bin/python3 -W ignore:setup.py install is deprecated setup.py egg_info --egg-base ../../build/cameras build --build-base /home/hermes/Hermes/hermes_ws/build/cameras/build install --record /home/hermes/Hermes/hermes_ws/build/cameras/install.log --single-version-externally-managed install_data
