running egg_info
creating ../../build/odometry/odometry.egg-info
writing ../../build/odometry/odometry.egg-info/PKG-INFO
writing dependency_links to ../../build/odometry/odometry.egg-info/dependency_links.txt
writing entry points to ../../build/odometry/odometry.egg-info/entry_points.txt
writing requirements to ../../build/odometry/odometry.egg-info/requires.txt
writing top-level names to ../../build/odometry/odometry.egg-info/top_level.txt
writing manifest file '../../build/odometry/odometry.egg-info/SOURCES.txt'
reading manifest file '../../build/odometry/odometry.egg-info/SOURCES.txt'
writing manifest file '../../build/odometry/odometry.egg-info/SOURCES.txt'
running build
running build_py
creating /home/raivo/Hermes/hermes_ws/build/odometry/build
creating /home/raivo/Hermes/hermes_ws/build/odometry/build/lib
creating /home/raivo/Hermes/hermes_ws/build/odometry/build/lib/odometry
copying odometry/odometry_node.py -> /home/raivo/Hermes/hermes_ws/build/odometry/build/lib/odometry
copying odometry/__init__.py -> /home/raivo/Hermes/hermes_ws/build/odometry/build/lib/odometry
running install
running install_lib
running install_data
running install_egg_info
removing '/home/raivo/Hermes/hermes_ws/install/odometry/lib/python3.8/site-packages/odometry-0.0.0-py3.8.egg-info' (and everything under it)
Copying ../../build/odometry/odometry.egg-info to /home/raivo/Hermes/hermes_ws/install/odometry/lib/python3.8/site-packages/odometry-0.0.0-py3.8.egg-info
running install_scripts
Installing odometry_node script to /home/raivo/Hermes/hermes_ws/install/odometry/lib/odometry
writing list of installed files to '/home/raivo/Hermes/hermes_ws/build/odometry/install.log'
