[3.709s] Invoking command in '/home/hermes/Hermes/hermes_ws/src/multi_package_launcher': PYTHONPATH=/home/hermes/Hermes/hermes_ws/build/multi_package_launcher/prefix_override:/home/hermes/Hermes/hermes_ws/install/multi_package_launcher/lib/python3.10/site-packages:${PYTHONPATH} /usr/bin/python3 -W ignore:setup.py install is deprecated setup.py egg_info --egg-base ../../build/multi_package_launcher build --build-base /home/hermes/Hermes/hermes_ws/build/multi_package_launcher/build install --record /home/hermes/Hermes/hermes_ws/build/multi_package_launcher/install.log --single-version-externally-managed install_data
[4.364s] running egg_info
[4.367s] writing ../../build/multi_package_launcher/multi_package_launcher.egg-info/PKG-INFO
[4.368s] writing dependency_links to ../../build/multi_package_launcher/multi_package_launcher.egg-info/dependency_links.txt
[4.368s] writing entry points to ../../build/multi_package_launcher/multi_package_launcher.egg-info/entry_points.txt
[4.369s] writing requirements to ../../build/multi_package_launcher/multi_package_launcher.egg-info/requires.txt
[4.369s] writing top-level names to ../../build/multi_package_launcher/multi_package_launcher.egg-info/top_level.txt
[4.374s] reading manifest file '../../build/multi_package_launcher/multi_package_launcher.egg-info/SOURCES.txt'
[4.376s] writing manifest file '../../build/multi_package_launcher/multi_package_launcher.egg-info/SOURCES.txt'
[4.377s] running build
[4.377s] running build_py
[4.378s] running install
[4.379s] running install_lib
[4.382s] running install_data
[4.383s] running install_egg_info
[4.390s] removing '/home/hermes/Hermes/hermes_ws/install/multi_package_launcher/lib/python3.10/site-packages/multi_package_launcher-0.0.0-py3.10.egg-info' (and everything under it)
[4.391s] Copying ../../build/multi_package_launcher/multi_package_launcher.egg-info to /home/hermes/Hermes/hermes_ws/install/multi_package_launcher/lib/python3.10/site-packages/multi_package_launcher-0.0.0-py3.10.egg-info
[4.396s] running install_scripts
[4.446s] writing list of installed files to '/home/hermes/Hermes/hermes_ws/build/multi_package_launcher/install.log'
[4.552s] Invoked command in '/home/hermes/Hermes/hermes_ws/src/multi_package_launcher' returned '0': PYTHONPATH=/home/hermes/Hermes/hermes_ws/build/multi_package_launcher/prefix_override:/home/hermes/Hermes/hermes_ws/install/multi_package_launcher/lib/python3.10/site-packages:${PYTHONPATH} /usr/bin/python3 -W ignore:setup.py install is deprecated setup.py egg_info --egg-base ../../build/multi_package_launcher build --build-base /home/hermes/Hermes/hermes_ws/build/multi_package_launcher/build install --record /home/hermes/Hermes/hermes_ws/build/multi_package_launcher/install.log --single-version-externally-managed install_data
