[2.773s] Invoking command in '/home/aleksmalm/Hermes/hermes_ws/src/robot_localization_pkg': PYTHONPATH=/home/aleksmalm/Hermes/hermes_ws/build/robot_localization_pkg/prefix_override:/home/aleksmalm/Hermes/hermes_ws/install/robot_localization_pkg/lib/python3.10/site-packages:${PYTHONPATH} /usr/bin/python3 -W ignore:setup.py install is deprecated setup.py egg_info --egg-base ../../build/robot_localization_pkg build --build-base /home/aleksmalm/Hermes/hermes_ws/build/robot_localization_pkg/build install --record /home/aleksmalm/Hermes/hermes_ws/build/robot_localization_pkg/install.log --single-version-externally-managed install_data
[3.185s] running egg_info
[3.185s] writing ../../build/robot_localization_pkg/robot_localization_pkg.egg-info/PKG-INFO
[3.185s] writing dependency_links to ../../build/robot_localization_pkg/robot_localization_pkg.egg-info/dependency_links.txt
[3.185s] writing entry points to ../../build/robot_localization_pkg/robot_localization_pkg.egg-info/entry_points.txt
[3.185s] writing requirements to ../../build/robot_localization_pkg/robot_localization_pkg.egg-info/requires.txt
[3.186s] writing top-level names to ../../build/robot_localization_pkg/robot_localization_pkg.egg-info/top_level.txt
[3.186s] reading manifest file '../../build/robot_localization_pkg/robot_localization_pkg.egg-info/SOURCES.txt'
[3.186s] writing manifest file '../../build/robot_localization_pkg/robot_localization_pkg.egg-info/SOURCES.txt'
[3.186s] running build
[3.186s] running build_py
[3.188s] running install
[3.189s] running install_lib
[3.189s] running install_data
[3.189s] running install_egg_info
[3.189s] removing '/home/aleksmalm/Hermes/hermes_ws/install/robot_localization_pkg/lib/python3.10/site-packages/robot_localization_pkg-0.0.1-py3.10.egg-info' (and everything under it)
[3.190s] Copying ../../build/robot_localization_pkg/robot_localization_pkg.egg-info to /home/aleksmalm/Hermes/hermes_ws/install/robot_localization_pkg/lib/python3.10/site-packages/robot_localization_pkg-0.0.1-py3.10.egg-info
[3.190s] running install_scripts
[3.190s] writing list of installed files to '/home/aleksmalm/Hermes/hermes_ws/build/robot_localization_pkg/install.log'
[3.256s] Invoked command in '/home/aleksmalm/Hermes/hermes_ws/src/robot_localization_pkg' returned '0': PYTHONPATH=/home/aleksmalm/Hermes/hermes_ws/build/robot_localization_pkg/prefix_override:/home/aleksmalm/Hermes/hermes_ws/install/robot_localization_pkg/lib/python3.10/site-packages:${PYTHONPATH} /usr/bin/python3 -W ignore:setup.py install is deprecated setup.py egg_info --egg-base ../../build/robot_localization_pkg build --build-base /home/aleksmalm/Hermes/hermes_ws/build/robot_localization_pkg/build install --record /home/aleksmalm/Hermes/hermes_ws/build/robot_localization_pkg/install.log --single-version-externally-managed install_data
