[2.287s] Invoking command in '/home/hermes/Hermes/hermes_ws/src/cameras': PYTHONPATH=/home/hermes/Hermes/hermes_ws/build/cameras/prefix_override:/home/hermes/Hermes/hermes_ws/install/cameras/lib/python3.10/site-packages:${PYTHONPATH} /usr/bin/python3 -W ignore:setup.py install is deprecated setup.py egg_info --egg-base ../../build/cameras build --build-base /home/hermes/Hermes/hermes_ws/build/cameras/build install --record /home/hermes/Hermes/hermes_ws/build/cameras/install.log --single-version-externally-managed install_data
[3.126s] running egg_info
[3.126s] creating ../../build/cameras/cameras.egg-info
[3.126s] writing ../../build/cameras/cameras.egg-info/PKG-INFO
[3.126s] writing dependency_links to ../../build/cameras/cameras.egg-info/dependency_links.txt
[3.127s] writing entry points to ../../build/cameras/cameras.egg-info/entry_points.txt
[3.127s] writing requirements to ../../build/cameras/cameras.egg-info/requires.txt
[3.127s] writing top-level names to ../../build/cameras/cameras.egg-info/top_level.txt
[3.127s] writing manifest file '../../build/cameras/cameras.egg-info/SOURCES.txt'
[3.127s] reading manifest file '../../build/cameras/cameras.egg-info/SOURCES.txt'
[3.127s] adding license file 'LICENSE'
[3.127s] writing manifest file '../../build/cameras/cameras.egg-info/SOURCES.txt'
[3.127s] running build
[3.128s] running build_py
[3.128s] creating /home/hermes/Hermes/hermes_ws/build/cameras/build
[3.128s] creating /home/hermes/Hermes/hermes_ws/build/cameras/build/lib
[3.128s] creating /home/hermes/Hermes/hermes_ws/build/cameras/build/lib/cameras
[3.128s] copying cameras/cam2.py -> /home/hermes/Hermes/hermes_ws/build/cameras/build/lib/cameras
[3.128s] copying cameras/realsense.py -> /home/hermes/Hermes/hermes_ws/build/cameras/build/lib/cameras
[3.128s] copying cameras/cameras_node.py -> /home/hermes/Hermes/hermes_ws/build/cameras/build/lib/cameras
[3.129s] copying cameras/__init__.py -> /home/hermes/Hermes/hermes_ws/build/cameras/build/lib/cameras
[3.129s] running install
[3.129s] running install_lib
[3.130s] creating /home/hermes/Hermes/hermes_ws/install/cameras/lib/python3.10/site-packages/cameras
[3.131s] copying /home/hermes/Hermes/hermes_ws/build/cameras/build/lib/cameras/cam2.py -> /home/hermes/Hermes/hermes_ws/install/cameras/lib/python3.10/site-packages/cameras
[3.132s] copying /home/hermes/Hermes/hermes_ws/build/cameras/build/lib/cameras/realsense.py -> /home/hermes/Hermes/hermes_ws/install/cameras/lib/python3.10/site-packages/cameras
[3.132s] copying /home/hermes/Hermes/hermes_ws/build/cameras/build/lib/cameras/cameras_node.py -> /home/hermes/Hermes/hermes_ws/install/cameras/lib/python3.10/site-packages/cameras
[3.133s] copying /home/hermes/Hermes/hermes_ws/build/cameras/build/lib/cameras/__init__.py -> /home/hermes/Hermes/hermes_ws/install/cameras/lib/python3.10/site-packages/cameras
[3.133s] byte-compiling /home/hermes/Hermes/hermes_ws/install/cameras/lib/python3.10/site-packages/cameras/cam2.py to cam2.cpython-310.pyc
[3.133s] byte-compiling /home/hermes/Hermes/hermes_ws/install/cameras/lib/python3.10/site-packages/cameras/realsense.py to realsense.cpython-310.pyc
[3.133s] byte-compiling /home/hermes/Hermes/hermes_ws/install/cameras/lib/python3.10/site-packages/cameras/cameras_node.py to cameras_node.cpython-310.pyc
[3.134s] byte-compiling /home/hermes/Hermes/hermes_ws/install/cameras/lib/python3.10/site-packages/cameras/__init__.py to __init__.cpython-310.pyc
[3.134s] running install_data
[3.134s] creating /home/hermes/Hermes/hermes_ws/install/cameras/share/ament_index
[3.134s] creating /home/hermes/Hermes/hermes_ws/install/cameras/share/ament_index/resource_index
[3.134s] creating /home/hermes/Hermes/hermes_ws/install/cameras/share/ament_index/resource_index/packages
[3.135s] copying resource/cameras -> /home/hermes/Hermes/hermes_ws/install/cameras/share/ament_index/resource_index/packages
[3.135s] copying package.xml -> /home/hermes/Hermes/hermes_ws/install/cameras/share/cameras
[3.135s] running install_egg_info
[3.135s] Copying ../../build/cameras/cameras.egg-info to /home/hermes/Hermes/hermes_ws/install/cameras/lib/python3.10/site-packages/cameras-0.0.0-py3.10.egg-info
[3.135s] running install_scripts
[3.135s] Installing cameras_node script to /home/hermes/Hermes/hermes_ws/install/cameras/lib/cameras
[3.136s] writing list of installed files to '/home/hermes/Hermes/hermes_ws/build/cameras/install.log'
[3.201s] Invoked command in '/home/hermes/Hermes/hermes_ws/src/cameras' returned '0': PYTHONPATH=/home/hermes/Hermes/hermes_ws/build/cameras/prefix_override:/home/hermes/Hermes/hermes_ws/install/cameras/lib/python3.10/site-packages:${PYTHONPATH} /usr/bin/python3 -W ignore:setup.py install is deprecated setup.py egg_info --egg-base ../../build/cameras build --build-base /home/hermes/Hermes/hermes_ws/build/cameras/build install --record /home/hermes/Hermes/hermes_ws/build/cameras/install.log --single-version-externally-managed install_data
