[0.007s] Invoking command in '/home/raivo/Hermes/hermes_ws/build/ldlidar_component': CMAKE_PREFIX_PATH=${CMAKE_PREFIX_PATH}:/home/raivo/Hermes/hermes_ws/install/tof_publisher:/home/raivo/Hermes/hermes_ws/install/teleop_control:/home/raivo/Hermes/hermes_ws/install/robot_localization_pkg:/home/raivo/Hermes/hermes_ws/install/path_creator:/home/raivo/Hermes/hermes_ws/install/odometry_publisher:/home/raivo/Hermes/hermes_ws/install/my_tf2_broadcaster:/home/raivo/Hermes/hermes_ws/install/multi_package_launcher:/home/raivo/Hermes/hermes_ws/install/icm20948_publisher:/home/raivo/Hermes/hermes_ws/install/hermes_nav:/home/raivo/Hermes/hermes_ws/install/gps_publisher:/home/raivo/Hermes/hermes_ws/install/cmd_vel:/home/raivo/Hermes/hermes_ws/install/cameras:/opt/ros/humble /usr/bin/cmake /home/raivo/Hermes/hermes_ws/src/lidar_publisher/ldlidar_component -DCMAKE_INSTALL_PREFIX=/home/raivo/Hermes/hermes_ws/install/ldlidar_component
[0.053s] -- The C compiler identification is GNU 11.4.0
[0.089s] -- The CXX compiler identification is GNU 11.4.0
[0.095s] -- Detecting C compiler ABI info
[0.147s] -- Detecting C compiler ABI info - done
[0.154s] -- Check for working C compiler: /usr/bin/cc - skipped
[0.154s] -- Detecting C compile features
[0.154s] -- Detecting C compile features - done
[0.156s] -- Detecting CXX compiler ABI info
[0.210s] -- Detecting CXX compiler ABI info - done
[0.217s] -- Check for working CXX compiler: /usr/bin/c++ - skipped
[0.217s] -- Detecting CXX compile features
[0.218s] -- Detecting CXX compile features - done
[0.218s] --  * Release Mode
[0.218s] -- * Found ROS2 humble
[0.218s] -- * ROS2 humble is officially supported by this package.
[0.221s] -- Found ament_cmake: 1.3.9 (/opt/ros/humble/share/ament_cmake/cmake)
[0.472s] -- Found Python3: /usr/bin/python3 (found version "3.10.12") found components: Interpreter 
[0.545s] -- Found rclcpp_lifecycle: 16.0.9 (/opt/ros/humble/share/rclcpp_lifecycle/cmake)
[0.577s] -- Found rosidl_generator_c: 3.1.5 (/opt/ros/humble/share/rosidl_generator_c/cmake)
[0.581s] -- Found rosidl_adapter: 3.1.5 (/opt/ros/humble/share/rosidl_adapter/cmake)
[0.587s] -- Found rosidl_generator_cpp: 3.1.5 (/opt/ros/humble/share/rosidl_generator_cpp/cmake)
[0.596s] -- Using all available rosidl_typesupport_c: rosidl_typesupport_fastrtps_c;rosidl_typesupport_introspection_c
[0.609s] -- Using all available rosidl_typesupport_cpp: rosidl_typesupport_fastrtps_cpp;rosidl_typesupport_introspection_cpp
[0.655s] -- Found rmw_implementation_cmake: 6.1.2 (/opt/ros/humble/share/rmw_implementation_cmake/cmake)
[0.657s] -- Found rmw_fastrtps_cpp: 6.2.6 (/opt/ros/humble/share/rmw_fastrtps_cpp/cmake)
[0.733s] -- Found OpenSSL: /usr/lib/x86_64-linux-gnu/libcrypto.so (found version "3.0.2")  
[0.757s] -- Found FastRTPS: /opt/ros/humble/include  
[0.794s] -- Using RMW implementation 'rmw_fastrtps_cpp' as default
[0.801s] -- Looking for pthread.h
[0.857s] -- Looking for pthread.h - found
[0.857s] -- Performing Test CMAKE_HAVE_LIBC_PTHREAD
[0.916s] -- Performing Test CMAKE_HAVE_LIBC_PTHREAD - Success
[0.917s] -- Found Threads: TRUE  
[1.041s] -- Found rclcpp_components: 16.0.9 (/opt/ros/humble/share/rclcpp_components/cmake)
[1.083s] -- Found nav2_util: 1.1.15 (/opt/ros/humble/share/nav2_util/cmake)
[1.452s] -- Found eigen3_cmake_module: 0.1.1 (/opt/ros/humble/share/eigen3_cmake_module/cmake)
[1.453s] -- Found Eigen3: TRUE (found version "3.4.0") 
[1.453s] -- Ensuring Eigen3 include directory is part of orocos-kdl CMake target
[1.565s] -- Found sensor_msgs: 4.2.4 (/opt/ros/humble/share/sensor_msgs/cmake)
[1.613s] -- Found diagnostic_msgs: 4.2.4 (/opt/ros/humble/share/diagnostic_msgs/cmake)
[1.639s] -- Found diagnostic_updater: 3.1.2 (/opt/ros/humble/share/diagnostic_updater/cmake)
[1.938s] -- Found ament_lint_auto: 0.12.11 (/opt/ros/humble/share/ament_lint_auto/cmake)
[1.999s] -- Added test 'copyright' to check source files copyright and LICENSE
[2.001s] -- Added test 'cppcheck' to perform static code analysis on C / C++ code
[2.001s] -- Configured cppcheck include dirs: /home/raivo/Hermes/hermes_ws/src/lidar_publisher/ldlidar_component/include;/home/raivo/Hermes/hermes_ws/src/lidar_publisher/ldlidar_component/tools/include;/home/raivo/Hermes/hermes_ws/src/lidar_publisher/ldlidar_component/component/include;/home/raivo/Hermes/hermes_ws/src/lidar_publisher/ldlidar_component/ldlidar_driver/include/core;/home/raivo/Hermes/hermes_ws/src/lidar_publisher/ldlidar_component/ldlidar_driver/include/dataprocess;/home/raivo/Hermes/hermes_ws/src/lidar_publisher/ldlidar_component/ldlidar_driver/include/filter;/home/raivo/Hermes/hermes_ws/src/lidar_publisher/ldlidar_component/ldlidar_driver/include/logger;/home/raivo/Hermes/hermes_ws/src/lidar_publisher/ldlidar_component/ldlidar_driver/include/networkcom;/home/raivo/Hermes/hermes_ws/src/lidar_publisher/ldlidar_component/ldlidar_driver/include/serialcom
[2.001s] -- Configured cppcheck exclude dirs and/or files: 
[2.003s] -- Added test 'cpplint' to check C / C++ code against the Google style
[2.003s] -- Configured cpplint exclude dirs and/or files: 
[2.003s] -- Added test 'lint_cmake' to check CMake code style
[2.005s] -- Added test 'uncrustify' to check C / C++ code style
[2.005s] -- Configured uncrustify additional arguments: 
[2.005s] -- Added test 'xmllint' to check XML markup files
[2.006s] -- Configuring done
[2.022s] -- Generating done
[2.023s] -- Build files have been written to: /home/raivo/Hermes/hermes_ws/build/ldlidar_component
[2.030s] Invoked command in '/home/raivo/Hermes/hermes_ws/build/ldlidar_component' returned '0': CMAKE_PREFIX_PATH=${CMAKE_PREFIX_PATH}:/home/raivo/Hermes/hermes_ws/install/tof_publisher:/home/raivo/Hermes/hermes_ws/install/teleop_control:/home/raivo/Hermes/hermes_ws/install/robot_localization_pkg:/home/raivo/Hermes/hermes_ws/install/path_creator:/home/raivo/Hermes/hermes_ws/install/odometry_publisher:/home/raivo/Hermes/hermes_ws/install/my_tf2_broadcaster:/home/raivo/Hermes/hermes_ws/install/multi_package_launcher:/home/raivo/Hermes/hermes_ws/install/icm20948_publisher:/home/raivo/Hermes/hermes_ws/install/hermes_nav:/home/raivo/Hermes/hermes_ws/install/gps_publisher:/home/raivo/Hermes/hermes_ws/install/cmd_vel:/home/raivo/Hermes/hermes_ws/install/cameras:/opt/ros/humble /usr/bin/cmake /home/raivo/Hermes/hermes_ws/src/lidar_publisher/ldlidar_component -DCMAKE_INSTALL_PREFIX=/home/raivo/Hermes/hermes_ws/install/ldlidar_component
[2.033s] Invoking command in '/home/raivo/Hermes/hermes_ws/build/ldlidar_component': CMAKE_PREFIX_PATH=${CMAKE_PREFIX_PATH}:/home/raivo/Hermes/hermes_ws/install/tof_publisher:/home/raivo/Hermes/hermes_ws/install/teleop_control:/home/raivo/Hermes/hermes_ws/install/robot_localization_pkg:/home/raivo/Hermes/hermes_ws/install/path_creator:/home/raivo/Hermes/hermes_ws/install/odometry_publisher:/home/raivo/Hermes/hermes_ws/install/my_tf2_broadcaster:/home/raivo/Hermes/hermes_ws/install/multi_package_launcher:/home/raivo/Hermes/hermes_ws/install/icm20948_publisher:/home/raivo/Hermes/hermes_ws/install/hermes_nav:/home/raivo/Hermes/hermes_ws/install/gps_publisher:/home/raivo/Hermes/hermes_ws/install/cmd_vel:/home/raivo/Hermes/hermes_ws/install/cameras:/opt/ros/humble /usr/bin/cmake --build /home/raivo/Hermes/hermes_ws/build/ldlidar_component -- -j12 -l12
[2.068s] [ 10%] [32mBuilding CXX object ldlidar_driver/CMakeFiles/ldlidar.dir/src/dataprocess/lipkg.cpp.o[0m
[2.070s] [ 20%] [32mBuilding CXX object ldlidar_driver/CMakeFiles/ldlidar.dir/src/core/ldlidar_driver.cpp.o[0m
[2.071s] [ 30%] [32mBuilding CXX object ldlidar_driver/CMakeFiles/ldlidar.dir/src/filter/tofbf.cpp.o[0m
[2.071s] [ 40%] [32mBuilding CXX object ldlidar_driver/CMakeFiles/ldlidar.dir/src/logger/log_module.cpp.o[0m
[2.071s] [ 50%] [32mBuilding CXX object ldlidar_driver/CMakeFiles/ldlidar.dir/src/networkcom/network_socket_interface_linux.cpp.o[0m
[2.071s] [ 60%] [32mBuilding CXX object ldlidar_driver/CMakeFiles/ldlidar.dir/src/serialcom/serial_interface_linux.cpp.o[0m
[2.684s] [ 70%] [32m[1mLinking CXX static library libldlidar.a[0m
[2.709s] [ 70%] Built target ldlidar
[2.727s] [ 80%] [32mBuilding CXX object CMakeFiles/ldlidar_component.dir/tools/src/ldlidar_tools.cpp.o[0m
[2.728s] [ 90%] [32mBuilding CXX object CMakeFiles/ldlidar_component.dir/component/src/ldlidar_component.cpp.o[0m
[7.873s] [100%] [32m[1mLinking CXX shared library libldlidar_component.so[0m
[7.995s] [100%] Built target ldlidar_component
[8.003s] Invoked command in '/home/raivo/Hermes/hermes_ws/build/ldlidar_component' returned '0': CMAKE_PREFIX_PATH=${CMAKE_PREFIX_PATH}:/home/raivo/Hermes/hermes_ws/install/tof_publisher:/home/raivo/Hermes/hermes_ws/install/teleop_control:/home/raivo/Hermes/hermes_ws/install/robot_localization_pkg:/home/raivo/Hermes/hermes_ws/install/path_creator:/home/raivo/Hermes/hermes_ws/install/odometry_publisher:/home/raivo/Hermes/hermes_ws/install/my_tf2_broadcaster:/home/raivo/Hermes/hermes_ws/install/multi_package_launcher:/home/raivo/Hermes/hermes_ws/install/icm20948_publisher:/home/raivo/Hermes/hermes_ws/install/hermes_nav:/home/raivo/Hermes/hermes_ws/install/gps_publisher:/home/raivo/Hermes/hermes_ws/install/cmd_vel:/home/raivo/Hermes/hermes_ws/install/cameras:/opt/ros/humble /usr/bin/cmake --build /home/raivo/Hermes/hermes_ws/build/ldlidar_component -- -j12 -l12
[8.032s] Invoking command in '/home/raivo/Hermes/hermes_ws/build/ldlidar_component': CMAKE_PREFIX_PATH=${CMAKE_PREFIX_PATH}:/home/raivo/Hermes/hermes_ws/install/tof_publisher:/home/raivo/Hermes/hermes_ws/install/teleop_control:/home/raivo/Hermes/hermes_ws/install/robot_localization_pkg:/home/raivo/Hermes/hermes_ws/install/path_creator:/home/raivo/Hermes/hermes_ws/install/odometry_publisher:/home/raivo/Hermes/hermes_ws/install/my_tf2_broadcaster:/home/raivo/Hermes/hermes_ws/install/multi_package_launcher:/home/raivo/Hermes/hermes_ws/install/icm20948_publisher:/home/raivo/Hermes/hermes_ws/install/hermes_nav:/home/raivo/Hermes/hermes_ws/install/gps_publisher:/home/raivo/Hermes/hermes_ws/install/cmd_vel:/home/raivo/Hermes/hermes_ws/install/cameras:/opt/ros/humble /usr/bin/cmake --install /home/raivo/Hermes/hermes_ws/build/ldlidar_component
[8.036s] -- Install configuration: "Release"
[8.036s] -- Installing: /home/raivo/Hermes/hermes_ws/install/ldlidar_component/lib/libldlidar_component.so
[8.037s] -- Set runtime path of "/home/raivo/Hermes/hermes_ws/install/ldlidar_component/lib/libldlidar_component.so" to ""
[8.037s] -- Up-to-date: /home/raivo/Hermes/hermes_ws/install/ldlidar_component/include/ldlidar_component/
[8.037s] -- Up-to-date: /home/raivo/Hermes/hermes_ws/install/ldlidar_component/include/ldlidar_component//defines.hpp
[8.037s] -- Up-to-date: /home/raivo/Hermes/hermes_ws/install/ldlidar_component/include/ldlidar_component//ldlidar_component.hpp
[8.037s] -- Up-to-date: /home/raivo/Hermes/hermes_ws/install/ldlidar_component/include/ldlidar_component/
[8.037s] -- Up-to-date: /home/raivo/Hermes/hermes_ws/install/ldlidar_component/include/ldlidar_component//ldlidar_tools.hpp
[8.037s] -- Up-to-date: /home/raivo/Hermes/hermes_ws/install/ldlidar_component/include/ldlidar_component/
[8.037s] -- Up-to-date: /home/raivo/Hermes/hermes_ws/install/ldlidar_component/include/ldlidar_component//visibility_control.hpp
[8.037s] -- Up-to-date: /home/raivo/Hermes/hermes_ws/install/ldlidar_component/include/ldlidar_component/
[8.037s] -- Up-to-date: /home/raivo/Hermes/hermes_ws/install/ldlidar_component/include/ldlidar_component//ldlidar_driver.h
[8.038s] -- Up-to-date: /home/raivo/Hermes/hermes_ws/install/ldlidar_component/include/ldlidar_component//ldlidar_datatype.h
[8.038s] -- Up-to-date: /home/raivo/Hermes/hermes_ws/install/ldlidar_component/include/ldlidar_component/
[8.038s] -- Up-to-date: /home/raivo/Hermes/hermes_ws/install/ldlidar_component/include/ldlidar_component//lipkg.h
[8.038s] -- Up-to-date: /home/raivo/Hermes/hermes_ws/install/ldlidar_component/include/ldlidar_component/
[8.038s] -- Up-to-date: /home/raivo/Hermes/hermes_ws/install/ldlidar_component/include/ldlidar_component//tofbf.h
[8.038s] -- Up-to-date: /home/raivo/Hermes/hermes_ws/install/ldlidar_component/include/ldlidar_component/
[8.038s] -- Up-to-date: /home/raivo/Hermes/hermes_ws/install/ldlidar_component/include/ldlidar_component//log_module.h
[8.038s] -- Up-to-date: /home/raivo/Hermes/hermes_ws/install/ldlidar_component/include/ldlidar_component/
[8.038s] -- Up-to-date: /home/raivo/Hermes/hermes_ws/install/ldlidar_component/include/ldlidar_component//network_socket_interface_linux.h
[8.038s] -- Up-to-date: /home/raivo/Hermes/hermes_ws/install/ldlidar_component/include/ldlidar_component/
[8.038s] -- Up-to-date: /home/raivo/Hermes/hermes_ws/install/ldlidar_component/include/ldlidar_component//serial_interface_linux.h
[8.038s] -- Installing: /home/raivo/Hermes/hermes_ws/install/ldlidar_component/share/ldlidar_component/environment/library_path.sh
[8.038s] -- Installing: /home/raivo/Hermes/hermes_ws/install/ldlidar_component/share/ldlidar_component/environment/library_path.dsv
[8.038s] -- Installing: /home/raivo/Hermes/hermes_ws/install/ldlidar_component/share/ament_index/resource_index/package_run_dependencies/ldlidar_component
[8.038s] -- Installing: /home/raivo/Hermes/hermes_ws/install/ldlidar_component/share/ament_index/resource_index/parent_prefix_path/ldlidar_component
[8.038s] -- Installing: /home/raivo/Hermes/hermes_ws/install/ldlidar_component/share/ldlidar_component/environment/ament_prefix_path.sh
[8.038s] -- Installing: /home/raivo/Hermes/hermes_ws/install/ldlidar_component/share/ldlidar_component/environment/ament_prefix_path.dsv
[8.038s] -- Installing: /home/raivo/Hermes/hermes_ws/install/ldlidar_component/share/ldlidar_component/environment/path.sh
[8.039s] -- Installing: /home/raivo/Hermes/hermes_ws/install/ldlidar_component/share/ldlidar_component/environment/path.dsv
[8.039s] -- Installing: /home/raivo/Hermes/hermes_ws/install/ldlidar_component/share/ldlidar_component/local_setup.bash
[8.039s] -- Installing: /home/raivo/Hermes/hermes_ws/install/ldlidar_component/share/ldlidar_component/local_setup.sh
[8.039s] -- Installing: /home/raivo/Hermes/hermes_ws/install/ldlidar_component/share/ldlidar_component/local_setup.zsh
[8.039s] -- Installing: /home/raivo/Hermes/hermes_ws/install/ldlidar_component/share/ldlidar_component/local_setup.dsv
[8.039s] -- Installing: /home/raivo/Hermes/hermes_ws/install/ldlidar_component/share/ldlidar_component/package.dsv
[8.039s] -- Installing: /home/raivo/Hermes/hermes_ws/install/ldlidar_component/share/ament_index/resource_index/packages/ldlidar_component
[8.039s] -- Installing: /home/raivo/Hermes/hermes_ws/install/ldlidar_component/share/ament_index/resource_index/rclcpp_components/ldlidar_component
[8.039s] -- Installing: /home/raivo/Hermes/hermes_ws/install/ldlidar_component/share/ldlidar_component/cmake/ament_cmake_export_include_directories-extras.cmake
[8.039s] -- Installing: /home/raivo/Hermes/hermes_ws/install/ldlidar_component/share/ldlidar_component/cmake/ament_cmake_export_libraries-extras.cmake
[8.039s] -- Installing: /home/raivo/Hermes/hermes_ws/install/ldlidar_component/share/ldlidar_component/cmake/ament_cmake_export_dependencies-extras.cmake
[8.039s] -- Installing: /home/raivo/Hermes/hermes_ws/install/ldlidar_component/share/ldlidar_component/cmake/ldlidar_componentConfig.cmake
[8.039s] -- Installing: /home/raivo/Hermes/hermes_ws/install/ldlidar_component/share/ldlidar_component/cmake/ldlidar_componentConfig-version.cmake
[8.039s] -- Up-to-date: /home/raivo/Hermes/hermes_ws/install/ldlidar_component/share/ldlidar_component/package.xml
[8.040s] Invoked command in '/home/raivo/Hermes/hermes_ws/build/ldlidar_component' returned '0': CMAKE_PREFIX_PATH=${CMAKE_PREFIX_PATH}:/home/raivo/Hermes/hermes_ws/install/tof_publisher:/home/raivo/Hermes/hermes_ws/install/teleop_control:/home/raivo/Hermes/hermes_ws/install/robot_localization_pkg:/home/raivo/Hermes/hermes_ws/install/path_creator:/home/raivo/Hermes/hermes_ws/install/odometry_publisher:/home/raivo/Hermes/hermes_ws/install/my_tf2_broadcaster:/home/raivo/Hermes/hermes_ws/install/multi_package_launcher:/home/raivo/Hermes/hermes_ws/install/icm20948_publisher:/home/raivo/Hermes/hermes_ws/install/hermes_nav:/home/raivo/Hermes/hermes_ws/install/gps_publisher:/home/raivo/Hermes/hermes_ws/install/cmd_vel:/home/raivo/Hermes/hermes_ws/install/cameras:/opt/ros/humble /usr/bin/cmake --install /home/raivo/Hermes/hermes_ws/build/ldlidar_component
