[3.877s] Invoking command in '/home/hermes/Hermes/hermes_ws/build/gps_publisher': PYTHONPATH=/home/hermes/Hermes/hermes_ws/build/gps_publisher/prefix_override:/home/hermes/Hermes/hermes_ws/install/gps_publisher/lib/python3.10/site-packages:${PYTHONPATH} /usr/bin/python3 -W ignore:setup.py install is deprecated setup.py develop --uninstall --editable --build-directory /home/hermes/Hermes/hermes_ws/build/gps_publisher/build
[4.498s] running develop
[4.498s] /usr/lib/python3/dist-packages/setuptools/command/easy_install.py:158: EasyInstallDeprecationWarning: easy_install command is deprecated. Use build and pip and other standards-based tools.
[4.499s]   warnings.warn(
[4.872s] Removing /home/hermes/Hermes/hermes_ws/install/gps_publisher/lib/python3.10/site-packages/gps-publisher.egg-link (link to .)
[4.982s] Invoked command in '/home/hermes/Hermes/hermes_ws/build/gps_publisher' returned '0': PYTHONPATH=/home/hermes/Hermes/hermes_ws/build/gps_publisher/prefix_override:/home/hermes/Hermes/hermes_ws/install/gps_publisher/lib/python3.10/site-packages:${PYTHONPATH} /usr/bin/python3 -W ignore:setup.py install is deprecated setup.py develop --uninstall --editable --build-directory /home/hermes/Hermes/hermes_ws/build/gps_publisher/build
[4.982s] Invoking command in '/home/hermes/Hermes/hermes_ws/src/gps_publisher': PYTHONPATH=/home/hermes/Hermes/hermes_ws/build/gps_publisher/prefix_override:/home/hermes/Hermes/hermes_ws/install/gps_publisher/lib/python3.10/site-packages:${PYTHONPATH} /usr/bin/python3 -W ignore:setup.py install is deprecated setup.py egg_info --egg-base ../../build/gps_publisher build --build-base /home/hermes/Hermes/hermes_ws/build/gps_publisher/build install --record /home/hermes/Hermes/hermes_ws/build/gps_publisher/install.log --single-version-externally-managed install_data --force
[5.558s] running egg_info
[5.559s] writing ../../build/gps_publisher/gps_publisher.egg-info/PKG-INFO
[5.560s] writing dependency_links to ../../build/gps_publisher/gps_publisher.egg-info/dependency_links.txt
[5.561s] writing entry points to ../../build/gps_publisher/gps_publisher.egg-info/entry_points.txt
[5.561s] writing requirements to ../../build/gps_publisher/gps_publisher.egg-info/requires.txt
[5.561s] writing top-level names to ../../build/gps_publisher/gps_publisher.egg-info/top_level.txt
[5.565s] reading manifest file '../../build/gps_publisher/gps_publisher.egg-info/SOURCES.txt'
[5.565s] adding license file 'LICENSE'
[5.567s] writing manifest file '../../build/gps_publisher/gps_publisher.egg-info/SOURCES.txt'
[5.567s] running build
[5.567s] running build_py
[5.568s] running install
[5.568s] running install_lib
[5.571s] creating /home/hermes/Hermes/hermes_ws/install/gps_publisher/lib/python3.10/site-packages/gps_publisher
[5.571s] copying /home/hermes/Hermes/hermes_ws/build/gps_publisher/build/lib/gps_publisher/__init__.py -> /home/hermes/Hermes/hermes_ws/install/gps_publisher/lib/python3.10/site-packages/gps_publisher
[5.571s] copying /home/hermes/Hermes/hermes_ws/build/gps_publisher/build/lib/gps_publisher/gps_publisher_node.py -> /home/hermes/Hermes/hermes_ws/install/gps_publisher/lib/python3.10/site-packages/gps_publisher
[5.573s] byte-compiling /home/hermes/Hermes/hermes_ws/install/gps_publisher/lib/python3.10/site-packages/gps_publisher/__init__.py to __init__.cpython-310.pyc
[5.573s] byte-compiling /home/hermes/Hermes/hermes_ws/install/gps_publisher/lib/python3.10/site-packages/gps_publisher/gps_publisher_node.py to gps_publisher_node.cpython-310.pyc
[5.574s] running install_data
[5.574s] copying resource/gps_publisher -> /home/hermes/Hermes/hermes_ws/install/gps_publisher/share/ament_index/resource_index/packages
[5.574s] copying package.xml -> /home/hermes/Hermes/hermes_ws/install/gps_publisher/share/gps_publisher
[5.574s] running install_egg_info
[5.579s] Copying ../../build/gps_publisher/gps_publisher.egg-info to /home/hermes/Hermes/hermes_ws/install/gps_publisher/lib/python3.10/site-packages/gps_publisher-0.0.0-py3.10.egg-info
[5.581s] running install_scripts
[5.632s] Installing gps_publisher_node script to /home/hermes/Hermes/hermes_ws/install/gps_publisher/lib/gps_publisher
[5.633s] writing list of installed files to '/home/hermes/Hermes/hermes_ws/build/gps_publisher/install.log'
[5.745s] Invoked command in '/home/hermes/Hermes/hermes_ws/src/gps_publisher' returned '0': PYTHONPATH=/home/hermes/Hermes/hermes_ws/build/gps_publisher/prefix_override:/home/hermes/Hermes/hermes_ws/install/gps_publisher/lib/python3.10/site-packages:${PYTHONPATH} /usr/bin/python3 -W ignore:setup.py install is deprecated setup.py egg_info --egg-base ../../build/gps_publisher build --build-base /home/hermes/Hermes/hermes_ws/build/gps_publisher/build install --record /home/hermes/Hermes/hermes_ws/build/gps_publisher/install.log --single-version-externally-managed install_data --force
