[1.667s] Invoking command in '/home/aleksmalm/Hermes/hermes_ws/build/hermes_urdf': CMAKE_PREFIX_PATH=${CMAKE_PREFIX_PATH}:/home/aleksmalm/Hermes/hermes_ws/install/tof_publisher:/home/aleksmalm/Hermes/hermes_ws/install/teleop_control:/home/aleksmalm/Hermes/hermes_ws/install/robot_localization_pkg:/home/aleksmalm/Hermes/hermes_ws/install/path_creator:/home/aleksmalm/Hermes/hermes_ws/install/my_tf2_broadcaster:/home/aleksmalm/Hermes/hermes_ws/install/icm20948_publisher:/home/aleksmalm/Hermes/hermes_ws/install/hermes_nav:/home/aleksmalm/Hermes/hermes_ws/install/gps_publisher:/home/aleksmalm/Hermes/hermes_ws/install/cmd_vel:/home/aleksmalm/Hermes/hermes_ws/install/cameras:/opt/ros/humble /usr/bin/cmake --build /home/aleksmalm/Hermes/hermes_ws/build/hermes_urdf -- -j12 -l12
[3.435s] Invoked command in '/home/aleksmalm/Hermes/hermes_ws/build/hermes_urdf' returned '0': CMAKE_PREFIX_PATH=${CMAKE_PREFIX_PATH}:/home/aleksmalm/Hermes/hermes_ws/install/tof_publisher:/home/aleksmalm/Hermes/hermes_ws/install/teleop_control:/home/aleksmalm/Hermes/hermes_ws/install/robot_localization_pkg:/home/aleksmalm/Hermes/hermes_ws/install/path_creator:/home/aleksmalm/Hermes/hermes_ws/install/my_tf2_broadcaster:/home/aleksmalm/Hermes/hermes_ws/install/icm20948_publisher:/home/aleksmalm/Hermes/hermes_ws/install/hermes_nav:/home/aleksmalm/Hermes/hermes_ws/install/gps_publisher:/home/aleksmalm/Hermes/hermes_ws/install/cmd_vel:/home/aleksmalm/Hermes/hermes_ws/install/cameras:/opt/ros/humble /usr/bin/cmake --build /home/aleksmalm/Hermes/hermes_ws/build/hermes_urdf -- -j12 -l12
[3.517s] Invoking command in '/home/aleksmalm/Hermes/hermes_ws/build/hermes_urdf': CMAKE_PREFIX_PATH=${CMAKE_PREFIX_PATH}:/home/aleksmalm/Hermes/hermes_ws/install/tof_publisher:/home/aleksmalm/Hermes/hermes_ws/install/teleop_control:/home/aleksmalm/Hermes/hermes_ws/install/robot_localization_pkg:/home/aleksmalm/Hermes/hermes_ws/install/path_creator:/home/aleksmalm/Hermes/hermes_ws/install/my_tf2_broadcaster:/home/aleksmalm/Hermes/hermes_ws/install/icm20948_publisher:/home/aleksmalm/Hermes/hermes_ws/install/hermes_nav:/home/aleksmalm/Hermes/hermes_ws/install/gps_publisher:/home/aleksmalm/Hermes/hermes_ws/install/cmd_vel:/home/aleksmalm/Hermes/hermes_ws/install/cameras:/opt/ros/humble /usr/bin/cmake --install /home/aleksmalm/Hermes/hermes_ws/build/hermes_urdf
[3.539s] -- Install configuration: ""
[3.540s] -- Up-to-date: /home/aleksmalm/Hermes/hermes_ws/install/hermes_urdf/share/hermes_urdf/launch
[3.540s] -- Up-to-date: /home/aleksmalm/Hermes/hermes_ws/install/hermes_urdf/share/hermes_urdf/launch/launch_sim.launch.py
[3.540s] -- Up-to-date: /home/aleksmalm/Hermes/hermes_ws/install/hermes_urdf/share/hermes_urdf/launch/logged_waypoint_follower.py
[3.540s] -- Up-to-date: /home/aleksmalm/Hermes/hermes_ws/install/hermes_urdf/share/hermes_urdf/launch/interactive_waypoint_follower.py
[3.540s] -- Up-to-date: /home/aleksmalm/Hermes/hermes_ws/install/hermes_urdf/share/hermes_urdf/launch/mapviz.launch.py
[3.543s] -- Up-to-date: /home/aleksmalm/Hermes/hermes_ws/install/hermes_urdf/share/hermes_urdf/launch/rsp.launch.py
[3.547s] -- Up-to-date: /home/aleksmalm/Hermes/hermes_ws/install/hermes_urdf/share/hermes_urdf/launch/gazebo_gps_world_hermes.launch.py
[3.548s] -- Up-to-date: /home/aleksmalm/Hermes/hermes_ws/install/hermes_urdf/share/hermes_urdf/launch/dual_ekf_navsat.launch.py
[3.548s] -- Up-to-date: /home/aleksmalm/Hermes/hermes_ws/install/hermes_urdf/share/hermes_urdf/launch/gps_waypoint_logger.py
[3.548s] -- Up-to-date: /home/aleksmalm/Hermes/hermes_ws/install/hermes_urdf/share/hermes_urdf/launch/gps_waypoint_follower.launch.py
[3.549s] -- Up-to-date: /home/aleksmalm/Hermes/hermes_ws/install/hermes_urdf/share/hermes_urdf/urdf
[3.549s] -- Up-to-date: /home/aleksmalm/Hermes/hermes_ws/install/hermes_urdf/share/hermes_urdf/urdf/gazebo.material
[3.549s] -- Up-to-date: /home/aleksmalm/Hermes/hermes_ws/install/hermes_urdf/share/hermes_urdf/urdf/__init__.py
[3.549s] -- Up-to-date: /home/aleksmalm/Hermes/hermes_ws/install/hermes_urdf/share/hermes_urdf/urdf/ld19.stl
[3.549s] -- Up-to-date: /home/aleksmalm/Hermes/hermes_ws/install/hermes_urdf/share/hermes_urdf/urdf/config.rviz
[3.550s] -- Up-to-date: /home/aleksmalm/Hermes/hermes_ws/install/hermes_urdf/share/hermes_urdf/urdf/rehv_tagumine.part
[3.550s] -- Up-to-date: /home/aleksmalm/Hermes/hermes_ws/install/hermes_urdf/share/hermes_urdf/urdf/liigend.part
[3.550s] -- Up-to-date: /home/aleksmalm/Hermes/hermes_ws/install/hermes_urdf/share/hermes_urdf/urdf/ld19.part
[3.550s] -- Up-to-date: /home/aleksmalm/Hermes/hermes_ws/install/hermes_urdf/share/hermes_urdf/urdf/my_world.sdf
[3.550s] -- Up-to-date: /home/aleksmalm/Hermes/hermes_ws/install/hermes_urdf/share/hermes_urdf/urdf/rehv.part
[3.550s] -- Up-to-date: /home/aleksmalm/Hermes/hermes_ws/install/hermes_urdf/share/hermes_urdf/urdf/rehv.stl
[3.551s] -- Up-to-date: /home/aleksmalm/Hermes/hermes_ws/install/hermes_urdf/share/hermes_urdf/urdf/rehv_tagumine.stl
[3.551s] -- Up-to-date: /home/aleksmalm/Hermes/hermes_ws/install/hermes_urdf/share/hermes_urdf/urdf/config.json
[3.554s] -- Up-to-date: /home/aleksmalm/Hermes/hermes_ws/install/hermes_urdf/share/hermes_urdf/urdf/kere.stl
[3.559s] -- Up-to-date: /home/aleksmalm/Hermes/hermes_ws/install/hermes_urdf/share/hermes_urdf/urdf/kere.part
[3.559s] -- Installing: /home/aleksmalm/Hermes/hermes_ws/install/hermes_urdf/share/hermes_urdf/urdf/hermes_model.urdf
[3.559s] -- Up-to-date: /home/aleksmalm/Hermes/hermes_ws/install/hermes_urdf/share/hermes_urdf/urdf/liigend.stl
[3.560s] -- Up-to-date: /home/aleksmalm/Hermes/hermes_ws/install/hermes_urdf/share/hermes_urdf/urdf/hermes.urdf
[3.560s] -- Up-to-date: /home/aleksmalm/Hermes/hermes_ws/install/hermes_urdf/share/hermes_urdf/urdf/.robot.urdf.swp
[3.560s] -- Up-to-date: /home/aleksmalm/Hermes/hermes_ws/install/hermes_urdf/share/hermes_urdf/urdf/hermes_model.sdf
[3.560s] -- Up-to-date: /home/aleksmalm/Hermes/hermes_ws/install/hermes_urdf/share/hermes_urdf/custom_ground_plane
[3.561s] -- Up-to-date: /home/aleksmalm/Hermes/hermes_ws/install/hermes_urdf/share/hermes_urdf/custom_ground_plane/materials
[3.561s] -- Up-to-date: /home/aleksmalm/Hermes/hermes_ws/install/hermes_urdf/share/hermes_urdf/custom_ground_plane/materials/scripts
[3.561s] -- Up-to-date: /home/aleksmalm/Hermes/hermes_ws/install/hermes_urdf/share/hermes_urdf/custom_ground_plane/materials/scripts/ground.material
[3.561s] -- Up-to-date: /home/aleksmalm/Hermes/hermes_ws/install/hermes_urdf/share/hermes_urdf/custom_ground_plane/materials/textures
[3.561s] -- Up-to-date: /home/aleksmalm/Hermes/hermes_ws/install/hermes_urdf/share/hermes_urdf/custom_ground_plane/materials/textures/image.png
[3.562s] -- Up-to-date: /home/aleksmalm/Hermes/hermes_ws/install/hermes_urdf/share/hermes_urdf/custom_ground_plane/my_world.sdf
[3.562s] -- Up-to-date: /home/aleksmalm/Hermes/hermes_ws/install/hermes_urdf/share/hermes_urdf/custom_ground_plane/image_png.config
[3.562s] -- Up-to-date: /home/aleksmalm/Hermes/hermes_ws/install/hermes_urdf/share/hermes_urdf/custom_ground_plane/image_png.sdf
[3.562s] -- Up-to-date: /home/aleksmalm/Hermes/hermes_ws/install/hermes_urdf/share/hermes_urdf/custom_ground_plane/my_world.config
[3.562s] -- Up-to-date: /home/aleksmalm/Hermes/hermes_ws/install/hermes_urdf/share/hermes_urdf/historical_launch_files
[3.563s] -- Up-to-date: /home/aleksmalm/Hermes/hermes_ws/install/hermes_urdf/share/hermes_urdf/historical_launch_files/gazebo_world.launch.py
[3.563s] -- Up-to-date: /home/aleksmalm/Hermes/hermes_ws/install/hermes_urdf/share/hermes_urdf/historical_launch_files/hermes_launch.py
[3.563s] -- Up-to-date: /home/aleksmalm/Hermes/hermes_ws/install/hermes_urdf/share/hermes_urdf/historical_launch_files/gazebo_model.launch.py
[3.563s] -- Up-to-date: /home/aleksmalm/Hermes/hermes_ws/install/hermes_urdf/share/ament_index/resource_index/package_run_dependencies/hermes_urdf
[3.563s] -- Up-to-date: /home/aleksmalm/Hermes/hermes_ws/install/hermes_urdf/share/ament_index/resource_index/parent_prefix_path/hermes_urdf
[3.563s] -- Up-to-date: /home/aleksmalm/Hermes/hermes_ws/install/hermes_urdf/share/hermes_urdf/environment/ament_prefix_path.sh
[3.564s] -- Up-to-date: /home/aleksmalm/Hermes/hermes_ws/install/hermes_urdf/share/hermes_urdf/environment/ament_prefix_path.dsv
[3.565s] -- Up-to-date: /home/aleksmalm/Hermes/hermes_ws/install/hermes_urdf/share/hermes_urdf/environment/path.sh
[3.565s] -- Up-to-date: /home/aleksmalm/Hermes/hermes_ws/install/hermes_urdf/share/hermes_urdf/environment/path.dsv
[3.565s] -- Up-to-date: /home/aleksmalm/Hermes/hermes_ws/install/hermes_urdf/share/hermes_urdf/local_setup.bash
[3.565s] -- Up-to-date: /home/aleksmalm/Hermes/hermes_ws/install/hermes_urdf/share/hermes_urdf/local_setup.sh
[3.565s] -- Up-to-date: /home/aleksmalm/Hermes/hermes_ws/install/hermes_urdf/share/hermes_urdf/local_setup.zsh
[3.570s] -- Up-to-date: /home/aleksmalm/Hermes/hermes_ws/install/hermes_urdf/share/hermes_urdf/local_setup.dsv
[3.573s] -- Installing: /home/aleksmalm/Hermes/hermes_ws/install/hermes_urdf/share/hermes_urdf/package.dsv
[3.573s] -- Up-to-date: /home/aleksmalm/Hermes/hermes_ws/install/hermes_urdf/share/ament_index/resource_index/packages/hermes_urdf
[3.573s] -- Up-to-date: /home/aleksmalm/Hermes/hermes_ws/install/hermes_urdf/share/hermes_urdf/cmake/hermes_urdfConfig.cmake
[3.574s] -- Up-to-date: /home/aleksmalm/Hermes/hermes_ws/install/hermes_urdf/share/hermes_urdf/cmake/hermes_urdfConfig-version.cmake
[3.574s] -- Up-to-date: /home/aleksmalm/Hermes/hermes_ws/install/hermes_urdf/share/hermes_urdf/package.xml
[3.587s] Invoked command in '/home/aleksmalm/Hermes/hermes_ws/build/hermes_urdf' returned '0': CMAKE_PREFIX_PATH=${CMAKE_PREFIX_PATH}:/home/aleksmalm/Hermes/hermes_ws/install/tof_publisher:/home/aleksmalm/Hermes/hermes_ws/install/teleop_control:/home/aleksmalm/Hermes/hermes_ws/install/robot_localization_pkg:/home/aleksmalm/Hermes/hermes_ws/install/path_creator:/home/aleksmalm/Hermes/hermes_ws/install/my_tf2_broadcaster:/home/aleksmalm/Hermes/hermes_ws/install/icm20948_publisher:/home/aleksmalm/Hermes/hermes_ws/install/hermes_nav:/home/aleksmalm/Hermes/hermes_ws/install/gps_publisher:/home/aleksmalm/Hermes/hermes_ws/install/cmd_vel:/home/aleksmalm/Hermes/hermes_ws/install/cameras:/opt/ros/humble /usr/bin/cmake --install /home/aleksmalm/Hermes/hermes_ws/build/hermes_urdf
