[0.309s] Invoking command in '/home/raivo/Hermes/hermes_ws/build/ldlidar_node': CMAKE_PREFIX_PATH=/home/raivo/Hermes/hermes_ws/install/ldlidar_component:/home/raivo/Hermes/hermes_ws/install/ldlidar:/home/raivo/Hermes/hermes_ws/install/ldlidar_node:/home/raivo/Hermes/hermes_ws/install/imu_filter_madgwick:/home/raivo/Hermes/hermes_ws/install/hermes_urdf:/home/raivo/Hermes/hermes_ws/install/tof_publisher:/home/raivo/Hermes/hermes_ws/install/teleop_control:/home/raivo/Hermes/hermes_ws/install/robot_localization_pkg:/home/raivo/Hermes/hermes_ws/install/path_creator:/home/raivo/Hermes/hermes_ws/install/odometry_publisher:/home/raivo/Hermes/hermes_ws/install/my_tf2_broadcaster:/home/raivo/Hermes/hermes_ws/install/multi_package_launcher:/home/raivo/Hermes/hermes_ws/install/icm20948_publisher:/home/raivo/Hermes/hermes_ws/install/hermes_nav:/home/raivo/Hermes/hermes_ws/install/gps_publisher:/home/raivo/Hermes/hermes_ws/install/cmd_vel:/home/raivo/Hermes/hermes_ws/install/cameras:/opt/ros/humble /usr/bin/cmake /home/raivo/Hermes/hermes_ws/src/lidar_publisher/ldlidar_node -DCMAKE_INSTALL_PREFIX=/home/raivo/Hermes/hermes_ws/install/ldlidar_node
[0.365s] -- The C compiler identification is GNU 11.4.0
[0.427s] -- The CXX compiler identification is GNU 11.4.0
[0.437s] -- Detecting C compiler ABI info
[0.531s] -- Detecting C compiler ABI info - done
[0.540s] -- Check for working C compiler: /usr/bin/cc - skipped
[0.541s] -- Detecting C compile features
[0.542s] -- Detecting C compile features - done
[0.546s] -- Detecting CXX compiler ABI info
[0.623s] -- Detecting CXX compiler ABI info - done
[0.631s] -- Check for working CXX compiler: /usr/bin/c++ - skipped
[0.632s] -- Detecting CXX compile features
[0.632s] -- Detecting CXX compile features - done
[0.633s] --  * Release Mode
[0.633s] -- * Found ROS2 humble
[0.633s] -- * ROS2 humble is officially supported by this package.
[0.642s] -- Found ament_cmake: 1.3.9 (/opt/ros/humble/share/ament_cmake/cmake)
[1.013s] -- Found Python3: /usr/bin/python3 (found version "3.10.12") found components: Interpreter 
[1.098s] -- Found rclcpp: 16.0.9 (/opt/ros/humble/share/rclcpp/cmake)
[1.134s] -- Found rosidl_generator_c: 3.1.5 (/opt/ros/humble/share/rosidl_generator_c/cmake)
[1.139s] -- Found rosidl_adapter: 3.1.5 (/opt/ros/humble/share/rosidl_adapter/cmake)
[1.145s] -- Found rosidl_generator_cpp: 3.1.5 (/opt/ros/humble/share/rosidl_generator_cpp/cmake)
[1.154s] -- Using all available rosidl_typesupport_c: rosidl_typesupport_fastrtps_c;rosidl_typesupport_introspection_c
[1.167s] -- Using all available rosidl_typesupport_cpp: rosidl_typesupport_fastrtps_cpp;rosidl_typesupport_introspection_cpp
[1.212s] -- Found rmw_implementation_cmake: 6.1.2 (/opt/ros/humble/share/rmw_implementation_cmake/cmake)
[1.214s] -- Found rmw_fastrtps_cpp: 6.2.6 (/opt/ros/humble/share/rmw_fastrtps_cpp/cmake)
[1.296s] -- Found OpenSSL: /usr/lib/x86_64-linux-gnu/libcrypto.so (found version "3.0.2")  
[1.313s] -- Found FastRTPS: /opt/ros/humble/include  
[1.350s] -- Using RMW implementation 'rmw_fastrtps_cpp' as default
[1.359s] -- Looking for pthread.h
[1.412s] -- Looking for pthread.h - found
[1.412s] -- Performing Test CMAKE_HAVE_LIBC_PTHREAD
[1.477s] -- Performing Test CMAKE_HAVE_LIBC_PTHREAD - Success
[1.477s] -- Found Threads: TRUE  
[1.571s] -- Found rclcpp_components: 16.0.9 (/opt/ros/humble/share/rclcpp_components/cmake)
[1.612s] -- Found rclcpp_lifecycle: 16.0.9 (/opt/ros/humble/share/rclcpp_lifecycle/cmake)
[1.636s] -- Found ldlidar_component: 0.2.0 (/home/raivo/Hermes/hermes_ws/install/ldlidar_component/share/ldlidar_component/cmake)
[2.111s] -- Found eigen3_cmake_module: 0.1.1 (/opt/ros/humble/share/eigen3_cmake_module/cmake)
[2.111s] -- Found Eigen3: TRUE (found version "3.4.0") 
[2.111s] -- Ensuring Eigen3 include directory is part of orocos-kdl CMake target
[2.696s] -- Found ament_lint_auto: 0.12.11 (/opt/ros/humble/share/ament_lint_auto/cmake)
[2.774s] -- Found python_cmake_module: 0.10.0 (/opt/ros/humble/share/python_cmake_module/cmake)
[2.791s] -- Found PythonInterp: /usr/bin/python3 (found suitable version "3.10.12", minimum required is "3.6") 
[2.799s] -- Found PythonLibs: /usr/lib/x86_64-linux-gnu/libpython3.10.so (found suitable version "3.10.12", minimum required is "3.5") 
[2.799s] -- Using PYTHON_EXECUTABLE: /usr/bin/python3
[2.799s] -- Using PYTHON_INCLUDE_DIRS: /usr/include/python3.10
[2.799s] -- Using PYTHON_LIBRARIES: /usr/lib/x86_64-linux-gnu/libpython3.10.so
[2.815s] -- Found PythonExtra: .so  
[2.819s] -- Added test 'copyright' to check source files copyright and LICENSE
[2.820s] -- Added test 'cppcheck' to perform static code analysis on C / C++ code
[2.820s] -- Configured cppcheck include dirs: 
[2.820s] -- Configured cppcheck exclude dirs and/or files: 
[2.822s] -- Added test 'cpplint' to check C / C++ code against the Google style
[2.822s] -- Configured cpplint exclude dirs and/or files: 
[2.823s] -- Added test 'flake8' to check Python code syntax and style conventions
[2.823s] -- Added test 'lint_cmake' to check CMake code style
[2.824s] -- Added test 'pep257' to check Python code against some of the docstring style conventions in PEP 257
[2.825s] -- Added test 'uncrustify' to check C / C++ code style
[2.825s] -- Configured uncrustify additional arguments: 
[2.826s] -- Added test 'xmllint' to check XML markup files
[2.827s] -- Configuring done
[2.843s] -- Generating done
[2.844s] -- Build files have been written to: /home/raivo/Hermes/hermes_ws/build/ldlidar_node
