[1.620s] Invoking command in '/home/hermes/Hermes/hermes_ws/src/object_detection': PYTHONPATH=/home/hermes/Hermes/hermes_ws/build/object_detection/prefix_override:/usr/lib/python3/dist-packages/colcon_core/task/python/colcon_distutils_commands:/home/hermes/Hermes/hermes_ws/install/object_detection/lib/python3.10/site-packages:${PYTHONPATH} /usr/bin/python3 -W ignore:setup.py install is deprecated setup.py egg_info --egg-base ../../build/object_detection build --build-base /home/hermes/Hermes/hermes_ws/build/object_detection/build install --record /home/hermes/Hermes/hermes_ws/build/object_detection/install.log --single-version-externally-managed install_data
[2.248s] running egg_info
[2.251s] writing ../../build/object_detection/object_detection.egg-info/PKG-INFO
[2.252s] writing dependency_links to ../../build/object_detection/object_detection.egg-info/dependency_links.txt
[2.253s] writing entry points to ../../build/object_detection/object_detection.egg-info/entry_points.txt
[2.253s] writing requirements to ../../build/object_detection/object_detection.egg-info/requires.txt
[2.253s] writing top-level names to ../../build/object_detection/object_detection.egg-info/top_level.txt
[2.257s] reading manifest file '../../build/object_detection/object_detection.egg-info/SOURCES.txt'
[2.259s] writing manifest file '../../build/object_detection/object_detection.egg-info/SOURCES.txt'
[2.260s] running build
[2.260s] running build_py
[2.260s] running install
[2.261s] running install_lib
[2.270s] running install_data
[2.270s] running install_egg_info
[2.275s] removing '/home/hermes/Hermes/hermes_ws/install/object_detection/lib/python3.10/site-packages/object_detection-0.0.0-py3.10.egg-info' (and everything under it)
[2.276s] Copying ../../build/object_detection/object_detection.egg-info to /home/hermes/Hermes/hermes_ws/install/object_detection/lib/python3.10/site-packages/object_detection-0.0.0-py3.10.egg-info
[2.280s] running install_scripts
[2.332s] Installing object_detection_node script to /home/hermes/Hermes/hermes_ws/install/object_detection/lib/object_detection
[2.333s] writing list of installed files to '/home/hermes/Hermes/hermes_ws/build/object_detection/install.log'
[2.411s] Invoked command in '/home/hermes/Hermes/hermes_ws/src/object_detection' returned '0': PYTHONPATH=/home/hermes/Hermes/hermes_ws/build/object_detection/prefix_override:/usr/lib/python3/dist-packages/colcon_core/task/python/colcon_distutils_commands:/home/hermes/Hermes/hermes_ws/install/object_detection/lib/python3.10/site-packages:${PYTHONPATH} /usr/bin/python3 -W ignore:setup.py install is deprecated setup.py egg_info --egg-base ../../build/object_detection build --build-base /home/hermes/Hermes/hermes_ws/build/object_detection/build install --record /home/hermes/Hermes/hermes_ws/build/object_detection/install.log --single-version-externally-managed install_data
