[3.110s] Invoking command in '/home/hermes/Hermes/hermes_ws/src/odometry': PYTHONPATH=/home/hermes/Hermes/hermes_ws/build/odometry/prefix_override:/home/hermes/Hermes/hermes_ws/install/odometry/lib/python3.10/site-packages:${PYTHONPATH} /usr/bin/python3 -W ignore:setup.py install is deprecated setup.py egg_info --egg-base ../../build/odometry build --build-base /home/hermes/Hermes/hermes_ws/build/odometry/build install --record /home/hermes/Hermes/hermes_ws/build/odometry/install.log --single-version-externally-managed install_data
[3.819s] running egg_info
[3.820s] writing ../../build/odometry/odometry.egg-info/PKG-INFO
[3.821s] writing dependency_links to ../../build/odometry/odometry.egg-info/dependency_links.txt
[3.821s] writing entry points to ../../build/odometry/odometry.egg-info/entry_points.txt
[3.822s] writing requirements to ../../build/odometry/odometry.egg-info/requires.txt
[3.822s] writing top-level names to ../../build/odometry/odometry.egg-info/top_level.txt
[3.826s] reading manifest file '../../build/odometry/odometry.egg-info/SOURCES.txt'
[3.827s] adding license file 'LICENSE'
[3.828s] writing manifest file '../../build/odometry/odometry.egg-info/SOURCES.txt'
[3.828s] running build
[3.828s] running build_py
[3.829s] running install
[3.830s] running install_lib
[3.833s] running install_data
[3.833s] running install_egg_info
[3.837s] removing '/home/hermes/Hermes/hermes_ws/install/odometry/lib/python3.10/site-packages/odometry-0.0.0-py3.10.egg-info' (and everything under it)
[3.838s] Copying ../../build/odometry/odometry.egg-info to /home/hermes/Hermes/hermes_ws/install/odometry/lib/python3.10/site-packages/odometry-0.0.0-py3.10.egg-info
[3.840s] running install_scripts
[3.892s] Installing odometry_node script to /home/hermes/Hermes/hermes_ws/install/odometry/lib/odometry
[3.893s] writing list of installed files to '/home/hermes/Hermes/hermes_ws/build/odometry/install.log'
[4.069s] Invoked command in '/home/hermes/Hermes/hermes_ws/src/odometry' returned '0': PYTHONPATH=/home/hermes/Hermes/hermes_ws/build/odometry/prefix_override:/home/hermes/Hermes/hermes_ws/install/odometry/lib/python3.10/site-packages:${PYTHONPATH} /usr/bin/python3 -W ignore:setup.py install is deprecated setup.py egg_info --egg-base ../../build/odometry build --build-base /home/hermes/Hermes/hermes_ws/build/odometry/build install --record /home/hermes/Hermes/hermes_ws/build/odometry/install.log --single-version-externally-managed install_data
