[0.248s] DEBUG:colcon:Command line arguments: ['/usr/bin/colcon', 'build', '--packages-select', 'msg']
[0.248s] DEBUG:colcon:Parsed command line arguments: Namespace(log_base=None, log_level=None, verb_name='build', build_base='build', install_base='install', merge_install=False, symlink_install=False, test_result_base=None, continue_on_error=False, executor='parallel', parallel_workers=6, event_handlers=None, ignore_user_meta=False, metas=['./colcon.meta'], base_paths=['.'], packages_ignore=None, packages_ignore_regex=None, paths=None, packages_up_to=None, packages_up_to_regex=None, packages_above=None, packages_above_and_dependencies=None, packages_above_depth=None, packages_select_by_dep=None, packages_skip_by_dep=None, packages_skip_up_to=None, packages_select_build_failed=False, packages_skip_build_finished=False, packages_select_test_failures=False, packages_skip_test_passed=False, packages_select=['msg'], packages_skip=None, packages_select_regex=None, packages_skip_regex=None, packages_start=None, packages_end=None, allow_overriding=[], cmake_args=None, cmake_target=None, cmake_target_skip_unavailable=False, cmake_clean_cache=False, cmake_clean_first=False, cmake_force_configure=False, ament_cmake_args=None, catkin_cmake_args=None, catkin_skip_building_tests=False, verb_parser=<colcon_defaults.argument_parser.defaults.DefaultArgumentsDecorator object at 0xffff9c0526e0>, verb_extension=<colcon_core.verb.build.BuildVerb object at 0xffff9c15f130>, main=<bound method BuildVerb.main of <colcon_core.verb.build.BuildVerb object at 0xffff9c15f130>>)
[0.659s] Level 1:colcon.colcon_core.package_discovery:discover_packages(colcon_meta) check parameters
[0.659s] Level 1:colcon.colcon_core.package_discovery:discover_packages(recursive) check parameters
[0.660s] Level 1:colcon.colcon_core.package_discovery:discover_packages(ignore) check parameters
[0.660s] Level 1:colcon.colcon_core.package_discovery:discover_packages(path) check parameters
[0.660s] Level 1:colcon.colcon_core.package_discovery:discover_packages(colcon_meta) discover
[0.660s] Level 1:colcon.colcon_core.package_discovery:discover_packages(recursive) discover
[0.660s] INFO:colcon.colcon_core.package_discovery:Crawling recursively for packages in '/home/hermes/Hermes/hermes_ws'
[0.660s] Level 1:colcon.colcon_core.package_identification:_identify(.) by extensions ['ignore', 'ignore_ament_install']
[0.660s] Level 1:colcon.colcon_core.package_identification:_identify(.) by extension 'ignore'
[0.661s] Level 1:colcon.colcon_core.package_identification:_identify(.) by extension 'ignore_ament_install'
[0.661s] Level 1:colcon.colcon_core.package_identification:_identify(.) by extensions ['colcon_pkg']
[0.661s] Level 1:colcon.colcon_core.package_identification:_identify(.) by extension 'colcon_pkg'
[0.661s] Level 1:colcon.colcon_core.package_identification:_identify(.) by extensions ['colcon_meta']
[0.661s] Level 1:colcon.colcon_core.package_identification:_identify(.) by extension 'colcon_meta'
[0.661s] Level 1:colcon.colcon_core.package_identification:_identify(.) by extensions ['ros']
[0.661s] Level 1:colcon.colcon_core.package_identification:_identify(.) by extension 'ros'
[0.686s] Level 1:colcon.colcon_core.package_identification:_identify(.) by extensions ['cmake', 'python']
[0.686s] Level 1:colcon.colcon_core.package_identification:_identify(.) by extension 'cmake'
[0.686s] Level 1:colcon.colcon_core.package_identification:_identify(.) by extension 'python'
[0.686s] Level 1:colcon.colcon_core.package_identification:_identify(.) by extensions ['python_setup_py']
[0.687s] Level 1:colcon.colcon_core.package_identification:_identify(.) by extension 'python_setup_py'
[0.687s] Level 1:colcon.colcon_core.package_identification:_identify(build) by extensions ['ignore', 'ignore_ament_install']
[0.687s] Level 1:colcon.colcon_core.package_identification:_identify(build) by extension 'ignore'
[0.687s] Level 1:colcon.colcon_core.package_identification:_identify(build) ignored
[0.688s] Level 1:colcon.colcon_core.package_identification:_identify(install) by extensions ['ignore', 'ignore_ament_install']
[0.688s] Level 1:colcon.colcon_core.package_identification:_identify(install) by extension 'ignore'
[0.688s] Level 1:colcon.colcon_core.package_identification:_identify(install) ignored
[0.688s] Level 1:colcon.colcon_core.package_identification:_identify(log) by extensions ['ignore', 'ignore_ament_install']
[0.689s] Level 1:colcon.colcon_core.package_identification:_identify(log) by extension 'ignore'
[0.689s] Level 1:colcon.colcon_core.package_identification:_identify(log) ignored
[0.689s] Level 1:colcon.colcon_core.package_identification:_identify(src) by extensions ['ignore', 'ignore_ament_install']
[0.689s] Level 1:colcon.colcon_core.package_identification:_identify(src) by extension 'ignore'
[0.689s] Level 1:colcon.colcon_core.package_identification:_identify(src) by extension 'ignore_ament_install'
[0.689s] Level 1:colcon.colcon_core.package_identification:_identify(src) by extensions ['colcon_pkg']
[0.689s] Level 1:colcon.colcon_core.package_identification:_identify(src) by extension 'colcon_pkg'
[0.689s] Level 1:colcon.colcon_core.package_identification:_identify(src) by extensions ['colcon_meta']
[0.690s] Level 1:colcon.colcon_core.package_identification:_identify(src) by extension 'colcon_meta'
[0.690s] Level 1:colcon.colcon_core.package_identification:_identify(src) by extensions ['ros']
[0.690s] Level 1:colcon.colcon_core.package_identification:_identify(src) by extension 'ros'
[0.690s] Level 1:colcon.colcon_core.package_identification:_identify(src) by extensions ['cmake', 'python']
[0.690s] Level 1:colcon.colcon_core.package_identification:_identify(src) by extension 'cmake'
[0.690s] Level 1:colcon.colcon_core.package_identification:_identify(src) by extension 'python'
[0.690s] Level 1:colcon.colcon_core.package_identification:_identify(src) by extensions ['python_setup_py']
[0.690s] Level 1:colcon.colcon_core.package_identification:_identify(src) by extension 'python_setup_py'
[0.691s] Level 1:colcon.colcon_core.package_identification:_identify(src/cameras) by extensions ['ignore', 'ignore_ament_install']
[0.691s] Level 1:colcon.colcon_core.package_identification:_identify(src/cameras) by extension 'ignore'
[0.691s] Level 1:colcon.colcon_core.package_identification:_identify(src/cameras) by extension 'ignore_ament_install'
[0.691s] Level 1:colcon.colcon_core.package_identification:_identify(src/cameras) by extensions ['colcon_pkg']
[0.691s] Level 1:colcon.colcon_core.package_identification:_identify(src/cameras) by extension 'colcon_pkg'
[0.691s] Level 1:colcon.colcon_core.package_identification:_identify(src/cameras) by extensions ['colcon_meta']
[0.691s] Level 1:colcon.colcon_core.package_identification:_identify(src/cameras) by extension 'colcon_meta'
[0.691s] Level 1:colcon.colcon_core.package_identification:_identify(src/cameras) by extensions ['ros']
[0.691s] Level 1:colcon.colcon_core.package_identification:_identify(src/cameras) by extension 'ros'
[0.696s] DEBUG:colcon.colcon_core.package_identification:Package 'src/cameras' with type 'ros.ament_python' and name 'cameras'
[0.697s] Level 1:colcon.colcon_core.package_identification:_identify(src/cmd_vel) by extensions ['ignore', 'ignore_ament_install']
[0.697s] Level 1:colcon.colcon_core.package_identification:_identify(src/cmd_vel) by extension 'ignore'
[0.697s] Level 1:colcon.colcon_core.package_identification:_identify(src/cmd_vel) by extension 'ignore_ament_install'
[0.697s] Level 1:colcon.colcon_core.package_identification:_identify(src/cmd_vel) by extensions ['colcon_pkg']
[0.697s] Level 1:colcon.colcon_core.package_identification:_identify(src/cmd_vel) by extension 'colcon_pkg'
[0.697s] Level 1:colcon.colcon_core.package_identification:_identify(src/cmd_vel) by extensions ['colcon_meta']
[0.697s] Level 1:colcon.colcon_core.package_identification:_identify(src/cmd_vel) by extension 'colcon_meta'
[0.698s] Level 1:colcon.colcon_core.package_identification:_identify(src/cmd_vel) by extensions ['ros']
[0.698s] Level 1:colcon.colcon_core.package_identification:_identify(src/cmd_vel) by extension 'ros'
[0.699s] DEBUG:colcon.colcon_core.package_identification:Package 'src/cmd_vel' with type 'ros.ament_python' and name 'cmd_vel'
[0.699s] Level 1:colcon.colcon_core.package_identification:_identify(src/gps_publisher) by extensions ['ignore', 'ignore_ament_install']
[0.699s] Level 1:colcon.colcon_core.package_identification:_identify(src/gps_publisher) by extension 'ignore'
[0.699s] Level 1:colcon.colcon_core.package_identification:_identify(src/gps_publisher) by extension 'ignore_ament_install'
[0.699s] Level 1:colcon.colcon_core.package_identification:_identify(src/gps_publisher) by extensions ['colcon_pkg']
[0.699s] Level 1:colcon.colcon_core.package_identification:_identify(src/gps_publisher) by extension 'colcon_pkg'
[0.700s] Level 1:colcon.colcon_core.package_identification:_identify(src/gps_publisher) by extensions ['colcon_meta']
[0.700s] Level 1:colcon.colcon_core.package_identification:_identify(src/gps_publisher) by extension 'colcon_meta'
[0.700s] Level 1:colcon.colcon_core.package_identification:_identify(src/gps_publisher) by extensions ['ros']
[0.700s] Level 1:colcon.colcon_core.package_identification:_identify(src/gps_publisher) by extension 'ros'
[0.701s] DEBUG:colcon.colcon_core.package_identification:Package 'src/gps_publisher' with type 'ros.ament_cmake' and name 'gps_publisher'
[0.701s] Level 1:colcon.colcon_core.package_identification:_identify(src/hermes_urdf) by extensions ['ignore', 'ignore_ament_install']
[0.701s] Level 1:colcon.colcon_core.package_identification:_identify(src/hermes_urdf) by extension 'ignore'
[0.701s] Level 1:colcon.colcon_core.package_identification:_identify(src/hermes_urdf) by extension 'ignore_ament_install'
[0.701s] Level 1:colcon.colcon_core.package_identification:_identify(src/hermes_urdf) by extensions ['colcon_pkg']
[0.701s] Level 1:colcon.colcon_core.package_identification:_identify(src/hermes_urdf) by extension 'colcon_pkg'
[0.701s] Level 1:colcon.colcon_core.package_identification:_identify(src/hermes_urdf) by extensions ['colcon_meta']
[0.702s] Level 1:colcon.colcon_core.package_identification:_identify(src/hermes_urdf) by extension 'colcon_meta'
[0.702s] Level 1:colcon.colcon_core.package_identification:_identify(src/hermes_urdf) by extensions ['ros']
[0.702s] Level 1:colcon.colcon_core.package_identification:_identify(src/hermes_urdf) by extension 'ros'
[0.703s] DEBUG:colcon.colcon_core.package_identification:Package 'src/hermes_urdf' with type 'ros.ament_cmake' and name 'hermes_urdf'
[0.703s] Level 1:colcon.colcon_core.package_identification:_identify(src/imu_publisher) by extensions ['ignore', 'ignore_ament_install']
[0.703s] Level 1:colcon.colcon_core.package_identification:_identify(src/imu_publisher) by extension 'ignore'
[0.703s] Level 1:colcon.colcon_core.package_identification:_identify(src/imu_publisher) by extension 'ignore_ament_install'
[0.703s] Level 1:colcon.colcon_core.package_identification:_identify(src/imu_publisher) by extensions ['colcon_pkg']
[0.703s] Level 1:colcon.colcon_core.package_identification:_identify(src/imu_publisher) by extension 'colcon_pkg'
[0.703s] Level 1:colcon.colcon_core.package_identification:_identify(src/imu_publisher) by extensions ['colcon_meta']
[0.704s] Level 1:colcon.colcon_core.package_identification:_identify(src/imu_publisher) by extension 'colcon_meta'
[0.704s] Level 1:colcon.colcon_core.package_identification:_identify(src/imu_publisher) by extensions ['ros']
[0.704s] Level 1:colcon.colcon_core.package_identification:_identify(src/imu_publisher) by extension 'ros'
[0.705s] DEBUG:colcon.colcon_core.package_identification:Package 'src/imu_publisher' with type 'ros.ament_python' and name 'imu_publisher'
[0.705s] Level 1:colcon.colcon_core.package_identification:_identify(src/lidar_publisher) by extensions ['ignore', 'ignore_ament_install']
[0.705s] Level 1:colcon.colcon_core.package_identification:_identify(src/lidar_publisher) by extension 'ignore'
[0.705s] Level 1:colcon.colcon_core.package_identification:_identify(src/lidar_publisher) by extension 'ignore_ament_install'
[0.705s] Level 1:colcon.colcon_core.package_identification:_identify(src/lidar_publisher) by extensions ['colcon_pkg']
[0.705s] Level 1:colcon.colcon_core.package_identification:_identify(src/lidar_publisher) by extension 'colcon_pkg'
[0.706s] Level 1:colcon.colcon_core.package_identification:_identify(src/lidar_publisher) by extensions ['colcon_meta']
[0.706s] Level 1:colcon.colcon_core.package_identification:_identify(src/lidar_publisher) by extension 'colcon_meta'
[0.706s] Level 1:colcon.colcon_core.package_identification:_identify(src/lidar_publisher) by extensions ['ros']
[0.706s] Level 1:colcon.colcon_core.package_identification:_identify(src/lidar_publisher) by extension 'ros'
[0.706s] Level 1:colcon.colcon_core.package_identification:_identify(src/lidar_publisher) by extensions ['cmake', 'python']
[0.706s] Level 1:colcon.colcon_core.package_identification:_identify(src/lidar_publisher) by extension 'cmake'
[0.706s] Level 1:colcon.colcon_core.package_identification:_identify(src/lidar_publisher) by extension 'python'
[0.706s] Level 1:colcon.colcon_core.package_identification:_identify(src/lidar_publisher) by extensions ['python_setup_py']
[0.706s] Level 1:colcon.colcon_core.package_identification:_identify(src/lidar_publisher) by extension 'python_setup_py'
[0.707s] Level 1:colcon.colcon_core.package_identification:_identify(src/lidar_publisher/3d_model) by extensions ['ignore', 'ignore_ament_install']
[0.707s] Level 1:colcon.colcon_core.package_identification:_identify(src/lidar_publisher/3d_model) by extension 'ignore'
[0.707s] Level 1:colcon.colcon_core.package_identification:_identify(src/lidar_publisher/3d_model) by extension 'ignore_ament_install'
[0.707s] Level 1:colcon.colcon_core.package_identification:_identify(src/lidar_publisher/3d_model) by extensions ['colcon_pkg']
[0.707s] Level 1:colcon.colcon_core.package_identification:_identify(src/lidar_publisher/3d_model) by extension 'colcon_pkg'
[0.707s] Level 1:colcon.colcon_core.package_identification:_identify(src/lidar_publisher/3d_model) by extensions ['colcon_meta']
[0.707s] Level 1:colcon.colcon_core.package_identification:_identify(src/lidar_publisher/3d_model) by extension 'colcon_meta'
[0.707s] Level 1:colcon.colcon_core.package_identification:_identify(src/lidar_publisher/3d_model) by extensions ['ros']
[0.707s] Level 1:colcon.colcon_core.package_identification:_identify(src/lidar_publisher/3d_model) by extension 'ros'
[0.708s] Level 1:colcon.colcon_core.package_identification:_identify(src/lidar_publisher/3d_model) by extensions ['cmake', 'python']
[0.708s] Level 1:colcon.colcon_core.package_identification:_identify(src/lidar_publisher/3d_model) by extension 'cmake'
[0.708s] Level 1:colcon.colcon_core.package_identification:_identify(src/lidar_publisher/3d_model) by extension 'python'
[0.708s] Level 1:colcon.colcon_core.package_identification:_identify(src/lidar_publisher/3d_model) by extensions ['python_setup_py']
[0.708s] Level 1:colcon.colcon_core.package_identification:_identify(src/lidar_publisher/3d_model) by extension 'python_setup_py'
[0.708s] Level 1:colcon.colcon_core.package_identification:_identify(src/lidar_publisher/docs) by extensions ['ignore', 'ignore_ament_install']
[0.708s] Level 1:colcon.colcon_core.package_identification:_identify(src/lidar_publisher/docs) by extension 'ignore'
[0.708s] Level 1:colcon.colcon_core.package_identification:_identify(src/lidar_publisher/docs) by extension 'ignore_ament_install'
[0.708s] Level 1:colcon.colcon_core.package_identification:_identify(src/lidar_publisher/docs) by extensions ['colcon_pkg']
[0.709s] Level 1:colcon.colcon_core.package_identification:_identify(src/lidar_publisher/docs) by extension 'colcon_pkg'
[0.709s] Level 1:colcon.colcon_core.package_identification:_identify(src/lidar_publisher/docs) by extensions ['colcon_meta']
[0.709s] Level 1:colcon.colcon_core.package_identification:_identify(src/lidar_publisher/docs) by extension 'colcon_meta'
[0.709s] Level 1:colcon.colcon_core.package_identification:_identify(src/lidar_publisher/docs) by extensions ['ros']
[0.709s] Level 1:colcon.colcon_core.package_identification:_identify(src/lidar_publisher/docs) by extension 'ros'
[0.709s] Level 1:colcon.colcon_core.package_identification:_identify(src/lidar_publisher/docs) by extensions ['cmake', 'python']
[0.709s] Level 1:colcon.colcon_core.package_identification:_identify(src/lidar_publisher/docs) by extension 'cmake'
[0.709s] Level 1:colcon.colcon_core.package_identification:_identify(src/lidar_publisher/docs) by extension 'python'
[0.709s] Level 1:colcon.colcon_core.package_identification:_identify(src/lidar_publisher/docs) by extensions ['python_setup_py']
[0.709s] Level 1:colcon.colcon_core.package_identification:_identify(src/lidar_publisher/docs) by extension 'python_setup_py'
[0.710s] Level 1:colcon.colcon_core.package_identification:_identify(src/lidar_publisher/images) by extensions ['ignore', 'ignore_ament_install']
[0.710s] Level 1:colcon.colcon_core.package_identification:_identify(src/lidar_publisher/images) by extension 'ignore'
[0.710s] Level 1:colcon.colcon_core.package_identification:_identify(src/lidar_publisher/images) by extension 'ignore_ament_install'
[0.710s] Level 1:colcon.colcon_core.package_identification:_identify(src/lidar_publisher/images) by extensions ['colcon_pkg']
[0.710s] Level 1:colcon.colcon_core.package_identification:_identify(src/lidar_publisher/images) by extension 'colcon_pkg'
[0.710s] Level 1:colcon.colcon_core.package_identification:_identify(src/lidar_publisher/images) by extensions ['colcon_meta']
[0.710s] Level 1:colcon.colcon_core.package_identification:_identify(src/lidar_publisher/images) by extension 'colcon_meta'
[0.710s] Level 1:colcon.colcon_core.package_identification:_identify(src/lidar_publisher/images) by extensions ['ros']
[0.710s] Level 1:colcon.colcon_core.package_identification:_identify(src/lidar_publisher/images) by extension 'ros'
[0.711s] Level 1:colcon.colcon_core.package_identification:_identify(src/lidar_publisher/images) by extensions ['cmake', 'python']
[0.711s] Level 1:colcon.colcon_core.package_identification:_identify(src/lidar_publisher/images) by extension 'cmake'
[0.711s] Level 1:colcon.colcon_core.package_identification:_identify(src/lidar_publisher/images) by extension 'python'
[0.711s] Level 1:colcon.colcon_core.package_identification:_identify(src/lidar_publisher/images) by extensions ['python_setup_py']
[0.711s] Level 1:colcon.colcon_core.package_identification:_identify(src/lidar_publisher/images) by extension 'python_setup_py'
[0.711s] Level 1:colcon.colcon_core.package_identification:_identify(src/lidar_publisher/ldlidar) by extensions ['ignore', 'ignore_ament_install']
[0.711s] Level 1:colcon.colcon_core.package_identification:_identify(src/lidar_publisher/ldlidar) by extension 'ignore'
[0.711s] Level 1:colcon.colcon_core.package_identification:_identify(src/lidar_publisher/ldlidar) by extension 'ignore_ament_install'
[0.711s] Level 1:colcon.colcon_core.package_identification:_identify(src/lidar_publisher/ldlidar) by extensions ['colcon_pkg']
[0.712s] Level 1:colcon.colcon_core.package_identification:_identify(src/lidar_publisher/ldlidar) by extension 'colcon_pkg'
[0.712s] Level 1:colcon.colcon_core.package_identification:_identify(src/lidar_publisher/ldlidar) by extensions ['colcon_meta']
[0.712s] Level 1:colcon.colcon_core.package_identification:_identify(src/lidar_publisher/ldlidar) by extension 'colcon_meta'
[0.712s] Level 1:colcon.colcon_core.package_identification:_identify(src/lidar_publisher/ldlidar) by extensions ['ros']
[0.712s] Level 1:colcon.colcon_core.package_identification:_identify(src/lidar_publisher/ldlidar) by extension 'ros'
[0.713s] DEBUG:colcon.colcon_core.package_identification:Package 'src/lidar_publisher/ldlidar' with type 'ros.ament_cmake' and name 'ldlidar'
[0.713s] Level 1:colcon.colcon_core.package_identification:_identify(src/lidar_publisher/ldlidar_component) by extensions ['ignore', 'ignore_ament_install']
[0.713s] Level 1:colcon.colcon_core.package_identification:_identify(src/lidar_publisher/ldlidar_component) by extension 'ignore'
[0.713s] Level 1:colcon.colcon_core.package_identification:_identify(src/lidar_publisher/ldlidar_component) by extension 'ignore_ament_install'
[0.714s] Level 1:colcon.colcon_core.package_identification:_identify(src/lidar_publisher/ldlidar_component) by extensions ['colcon_pkg']
[0.714s] Level 1:colcon.colcon_core.package_identification:_identify(src/lidar_publisher/ldlidar_component) by extension 'colcon_pkg'
[0.714s] Level 1:colcon.colcon_core.package_identification:_identify(src/lidar_publisher/ldlidar_component) by extensions ['colcon_meta']
[0.714s] Level 1:colcon.colcon_core.package_identification:_identify(src/lidar_publisher/ldlidar_component) by extension 'colcon_meta'
[0.714s] Level 1:colcon.colcon_core.package_identification:_identify(src/lidar_publisher/ldlidar_component) by extensions ['ros']
[0.714s] Level 1:colcon.colcon_core.package_identification:_identify(src/lidar_publisher/ldlidar_component) by extension 'ros'
[0.716s] DEBUG:colcon.colcon_core.package_identification:Package 'src/lidar_publisher/ldlidar_component' with type 'ros.ament_cmake' and name 'ldlidar_component'
[0.717s] Level 1:colcon.colcon_core.package_identification:_identify(src/lidar_publisher/ldlidar_node) by extensions ['ignore', 'ignore_ament_install']
[0.717s] Level 1:colcon.colcon_core.package_identification:_identify(src/lidar_publisher/ldlidar_node) by extension 'ignore'
[0.717s] Level 1:colcon.colcon_core.package_identification:_identify(src/lidar_publisher/ldlidar_node) by extension 'ignore_ament_install'
[0.717s] Level 1:colcon.colcon_core.package_identification:_identify(src/lidar_publisher/ldlidar_node) by extensions ['colcon_pkg']
[0.717s] Level 1:colcon.colcon_core.package_identification:_identify(src/lidar_publisher/ldlidar_node) by extension 'colcon_pkg'
[0.717s] Level 1:colcon.colcon_core.package_identification:_identify(src/lidar_publisher/ldlidar_node) by extensions ['colcon_meta']
[0.717s] Level 1:colcon.colcon_core.package_identification:_identify(src/lidar_publisher/ldlidar_node) by extension 'colcon_meta'
[0.717s] Level 1:colcon.colcon_core.package_identification:_identify(src/lidar_publisher/ldlidar_node) by extensions ['ros']
[0.717s] Level 1:colcon.colcon_core.package_identification:_identify(src/lidar_publisher/ldlidar_node) by extension 'ros'
[0.719s] DEBUG:colcon.colcon_core.package_identification:Package 'src/lidar_publisher/ldlidar_node' with type 'ros.ament_cmake' and name 'ldlidar_node'
[0.719s] Level 1:colcon.colcon_core.package_identification:_identify(src/lidar_publisher/rules) by extensions ['ignore', 'ignore_ament_install']
[0.719s] Level 1:colcon.colcon_core.package_identification:_identify(src/lidar_publisher/rules) by extension 'ignore'
[0.719s] Level 1:colcon.colcon_core.package_identification:_identify(src/lidar_publisher/rules) by extension 'ignore_ament_install'
[0.719s] Level 1:colcon.colcon_core.package_identification:_identify(src/lidar_publisher/rules) by extensions ['colcon_pkg']
[0.719s] Level 1:colcon.colcon_core.package_identification:_identify(src/lidar_publisher/rules) by extension 'colcon_pkg'
[0.720s] Level 1:colcon.colcon_core.package_identification:_identify(src/lidar_publisher/rules) by extensions ['colcon_meta']
[0.720s] Level 1:colcon.colcon_core.package_identification:_identify(src/lidar_publisher/rules) by extension 'colcon_meta'
[0.720s] Level 1:colcon.colcon_core.package_identification:_identify(src/lidar_publisher/rules) by extensions ['ros']
[0.720s] Level 1:colcon.colcon_core.package_identification:_identify(src/lidar_publisher/rules) by extension 'ros'
[0.720s] Level 1:colcon.colcon_core.package_identification:_identify(src/lidar_publisher/rules) by extensions ['cmake', 'python']
[0.720s] Level 1:colcon.colcon_core.package_identification:_identify(src/lidar_publisher/rules) by extension 'cmake'
[0.720s] Level 1:colcon.colcon_core.package_identification:_identify(src/lidar_publisher/rules) by extension 'python'
[0.720s] Level 1:colcon.colcon_core.package_identification:_identify(src/lidar_publisher/rules) by extensions ['python_setup_py']
[0.720s] Level 1:colcon.colcon_core.package_identification:_identify(src/lidar_publisher/rules) by extension 'python_setup_py'
[0.720s] Level 1:colcon.colcon_core.package_identification:_identify(src/lidar_publisher/scripts) by extensions ['ignore', 'ignore_ament_install']
[0.721s] Level 1:colcon.colcon_core.package_identification:_identify(src/lidar_publisher/scripts) by extension 'ignore'
[0.721s] Level 1:colcon.colcon_core.package_identification:_identify(src/lidar_publisher/scripts) by extension 'ignore_ament_install'
[0.721s] Level 1:colcon.colcon_core.package_identification:_identify(src/lidar_publisher/scripts) by extensions ['colcon_pkg']
[0.721s] Level 1:colcon.colcon_core.package_identification:_identify(src/lidar_publisher/scripts) by extension 'colcon_pkg'
[0.721s] Level 1:colcon.colcon_core.package_identification:_identify(src/lidar_publisher/scripts) by extensions ['colcon_meta']
[0.721s] Level 1:colcon.colcon_core.package_identification:_identify(src/lidar_publisher/scripts) by extension 'colcon_meta'
[0.721s] Level 1:colcon.colcon_core.package_identification:_identify(src/lidar_publisher/scripts) by extensions ['ros']
[0.721s] Level 1:colcon.colcon_core.package_identification:_identify(src/lidar_publisher/scripts) by extension 'ros'
[0.721s] Level 1:colcon.colcon_core.package_identification:_identify(src/lidar_publisher/scripts) by extensions ['cmake', 'python']
[0.722s] Level 1:colcon.colcon_core.package_identification:_identify(src/lidar_publisher/scripts) by extension 'cmake'
[0.722s] Level 1:colcon.colcon_core.package_identification:_identify(src/lidar_publisher/scripts) by extension 'python'
[0.722s] Level 1:colcon.colcon_core.package_identification:_identify(src/lidar_publisher/scripts) by extensions ['python_setup_py']
[0.722s] Level 1:colcon.colcon_core.package_identification:_identify(src/lidar_publisher/scripts) by extension 'python_setup_py'
[0.722s] Level 1:colcon.colcon_core.package_identification:_identify(src/odometry) by extensions ['ignore', 'ignore_ament_install']
[0.722s] Level 1:colcon.colcon_core.package_identification:_identify(src/odometry) by extension 'ignore'
[0.722s] Level 1:colcon.colcon_core.package_identification:_identify(src/odometry) by extension 'ignore_ament_install'
[0.722s] Level 1:colcon.colcon_core.package_identification:_identify(src/odometry) by extensions ['colcon_pkg']
[0.722s] Level 1:colcon.colcon_core.package_identification:_identify(src/odometry) by extension 'colcon_pkg'
[0.723s] Level 1:colcon.colcon_core.package_identification:_identify(src/odometry) by extensions ['colcon_meta']
[0.723s] Level 1:colcon.colcon_core.package_identification:_identify(src/odometry) by extension 'colcon_meta'
[0.723s] Level 1:colcon.colcon_core.package_identification:_identify(src/odometry) by extensions ['ros']
[0.723s] Level 1:colcon.colcon_core.package_identification:_identify(src/odometry) by extension 'ros'
[0.724s] DEBUG:colcon.colcon_core.package_identification:Package 'src/odometry' with type 'ros.ament_python' and name 'odometry'
[0.724s] Level 1:colcon.colcon_core.package_identification:_identify(src/teleop_control) by extensions ['ignore', 'ignore_ament_install']
[0.724s] Level 1:colcon.colcon_core.package_identification:_identify(src/teleop_control) by extension 'ignore'
[0.724s] Level 1:colcon.colcon_core.package_identification:_identify(src/teleop_control) by extension 'ignore_ament_install'
[0.724s] Level 1:colcon.colcon_core.package_identification:_identify(src/teleop_control) by extensions ['colcon_pkg']
[0.724s] Level 1:colcon.colcon_core.package_identification:_identify(src/teleop_control) by extension 'colcon_pkg'
[0.724s] Level 1:colcon.colcon_core.package_identification:_identify(src/teleop_control) by extensions ['colcon_meta']
[0.724s] Level 1:colcon.colcon_core.package_identification:_identify(src/teleop_control) by extension 'colcon_meta'
[0.725s] Level 1:colcon.colcon_core.package_identification:_identify(src/teleop_control) by extensions ['ros']
[0.725s] Level 1:colcon.colcon_core.package_identification:_identify(src/teleop_control) by extension 'ros'
[0.726s] DEBUG:colcon.colcon_core.package_identification:Package 'src/teleop_control' with type 'ros.ament_python' and name 'teleop_control'
[0.726s] Level 1:colcon.colcon_core.package_identification:_identify(src/tof_publisher) by extensions ['ignore', 'ignore_ament_install']
[0.726s] Level 1:colcon.colcon_core.package_identification:_identify(src/tof_publisher) by extension 'ignore'
[0.726s] Level 1:colcon.colcon_core.package_identification:_identify(src/tof_publisher) by extension 'ignore_ament_install'
[0.726s] Level 1:colcon.colcon_core.package_identification:_identify(src/tof_publisher) by extensions ['colcon_pkg']
[0.726s] Level 1:colcon.colcon_core.package_identification:_identify(src/tof_publisher) by extension 'colcon_pkg'
[0.727s] Level 1:colcon.colcon_core.package_identification:_identify(src/tof_publisher) by extensions ['colcon_meta']
[0.727s] Level 1:colcon.colcon_core.package_identification:_identify(src/tof_publisher) by extension 'colcon_meta'
[0.727s] Level 1:colcon.colcon_core.package_identification:_identify(src/tof_publisher) by extensions ['ros']
[0.727s] Level 1:colcon.colcon_core.package_identification:_identify(src/tof_publisher) by extension 'ros'
[0.728s] DEBUG:colcon.colcon_core.package_identification:Package 'src/tof_publisher' with type 'ros.ament_python' and name 'tof_publisher'
[0.728s] Level 1:colcon.colcon_core.package_discovery:discover_packages(recursive) using defaults
[0.729s] Level 1:colcon.colcon_core.package_discovery:discover_packages(ignore) discover
[0.729s] Level 1:colcon.colcon_core.package_discovery:discover_packages(ignore) using defaults
[0.729s] Level 1:colcon.colcon_core.package_discovery:discover_packages(path) discover
[0.729s] Level 1:colcon.colcon_core.package_discovery:discover_packages(path) using defaults
[0.730s] WARNING:colcon.colcon_core.package_selection:ignoring unknown package 'msg' in --packages-select
[0.817s] INFO:colcon.colcon_core.package_selection:Skipping not selected package 'cameras' in 'src/cameras'
[0.817s] INFO:colcon.colcon_core.package_selection:Skipping not selected package 'cmd_vel' in 'src/cmd_vel'
[0.818s] INFO:colcon.colcon_core.package_selection:Skipping not selected package 'gps_publisher' in 'src/gps_publisher'
[0.818s] INFO:colcon.colcon_core.package_selection:Skipping not selected package 'hermes_urdf' in 'src/hermes_urdf'
[0.818s] INFO:colcon.colcon_core.package_selection:Skipping not selected package 'imu_publisher' in 'src/imu_publisher'
[0.818s] INFO:colcon.colcon_core.package_selection:Skipping not selected package 'ldlidar_component' in 'src/lidar_publisher/ldlidar_component'
[0.818s] INFO:colcon.colcon_core.package_selection:Skipping not selected package 'odometry' in 'src/odometry'
[0.818s] INFO:colcon.colcon_core.package_selection:Skipping not selected package 'teleop_control' in 'src/teleop_control'
[0.818s] INFO:colcon.colcon_core.package_selection:Skipping not selected package 'tof_publisher' in 'src/tof_publisher'
[0.818s] INFO:colcon.colcon_core.package_selection:Skipping not selected package 'ldlidar_node' in 'src/lidar_publisher/ldlidar_node'
[0.818s] INFO:colcon.colcon_core.package_selection:Skipping not selected package 'ldlidar' in 'src/lidar_publisher/ldlidar'
[0.819s] Level 1:colcon.colcon_core.package_discovery:discover_packages(prefix_path) check parameters
[0.819s] Level 1:colcon.colcon_core.package_discovery:discover_packages(prefix_path) discover
[0.826s] DEBUG:colcon.colcon_installed_package_information.package_discovery:Found 16 installed packages in /home/hermes/Hermes/hermes_ws/install
[0.829s] DEBUG:colcon.colcon_installed_package_information.package_discovery:Found 6 installed packages in /home/hermes/Downloads/hermes/ros2_ws/src/install
[0.832s] DEBUG:colcon.colcon_installed_package_information.package_discovery:Found 321 installed packages in /opt/ros/humble
[0.835s] Level 1:colcon.colcon_core.package_discovery:discover_packages(prefix_path) using defaults
[0.937s] INFO:colcon.colcon_core.executor:Executing jobs using 'parallel' executor
[0.940s] DEBUG:colcon.colcon_parallel_executor.executor.parallel:run_until_complete
[0.941s] DEBUG:colcon.colcon_parallel_executor.executor.parallel:closing loop
[0.941s] DEBUG:colcon.colcon_parallel_executor.executor.parallel:loop closed
[0.941s] DEBUG:colcon.colcon_parallel_executor.executor.parallel:run_until_complete finished with '0'
[0.941s] DEBUG:colcon.colcon_core.event_reactor:joining thread
[0.954s] INFO:colcon.colcon_core.plugin_system:Skipping extension 'colcon_notification.desktop_notification.terminal_notifier': Not used on non-Darwin systems
[0.954s] INFO:colcon.colcon_core.plugin_system:Skipping extension 'colcon_notification.desktop_notification.win32': Not used on non-Windows systems
[0.954s] INFO:colcon.colcon_notification.desktop_notification:Sending desktop notification using 'notify2'
[0.988s] DEBUG:colcon.colcon_core.event_reactor:joined thread
[0.995s] INFO:colcon.colcon_core.plugin_system:Skipping extension 'colcon_core.shell.bat': Not used on non-Windows systems
[0.995s] INFO:colcon.colcon_core.shell:Creating prefix script '/home/hermes/Hermes/hermes_ws/install/local_setup.ps1'
[0.998s] INFO:colcon.colcon_core.shell:Creating prefix util module '/home/hermes/Hermes/hermes_ws/install/_local_setup_util_ps1.py'
[1.000s] INFO:colcon.colcon_core.shell:Creating prefix chain script '/home/hermes/Hermes/hermes_ws/install/setup.ps1'
[1.007s] INFO:colcon.colcon_core.shell:Creating prefix script '/home/hermes/Hermes/hermes_ws/install/local_setup.sh'
[1.008s] INFO:colcon.colcon_core.shell:Creating prefix util module '/home/hermes/Hermes/hermes_ws/install/_local_setup_util_sh.py'
[1.011s] INFO:colcon.colcon_core.shell:Creating prefix chain script '/home/hermes/Hermes/hermes_ws/install/setup.sh'
[1.018s] INFO:colcon.colcon_core.shell:Creating prefix script '/home/hermes/Hermes/hermes_ws/install/local_setup.bash'
[1.019s] INFO:colcon.colcon_core.shell:Creating prefix chain script '/home/hermes/Hermes/hermes_ws/install/setup.bash'
[1.024s] INFO:colcon.colcon_core.shell:Creating prefix script '/home/hermes/Hermes/hermes_ws/install/local_setup.zsh'
[1.025s] INFO:colcon.colcon_core.shell:Creating prefix chain script '/home/hermes/Hermes/hermes_ws/install/setup.zsh'
