[ 35%] [32mBuilding CXX object gtest/CMakeFiles/gtest_main.dir/src/gtest_main.cc.o[0m
[ 35%] [32mBuilding CXX object CMakeFiles/imu_filter_madgwick.dir/src/imu_filter_ros.cpp.o[0m
[ 35%] [32mBuilding CXX object gtest/CMakeFiles/gtest.dir/src/gtest-all.cc.o[0m
[ 35%] [32mBuilding CXX object CMakeFiles/imu_filter_madgwick.dir/src/imu_filter.cpp.o[0m
[ 35%] [32mBuilding CXX object CMakeFiles/imu_filter_madgwick.dir/src/stateless_orientation.cpp.o[0m
[ 42%] [32m[1mLinking CXX static library libgtest_main.a[0m
[ 42%] Built target gtest_main
[ 50%] [32m[1mLinking CXX static library libgtest.a[0m
[ 50%] Built target gtest
[ 57%] [32m[1mLinking CXX shared library libimu_filter_madgwick.so[0m
[ 57%] Built target imu_filter_madgwick
[ 64%] [32mBuilding CXX object test/CMakeFiles/stateless_orientation_test.dir/stateless_orientation_test.cpp.o[0m
[ 78%] [32mBuilding CXX object CMakeFiles/imu_filter_madgwick_node.dir/src/imu_filter_node.cpp.o[0m
[ 78%] [32mBuilding CXX object test/CMakeFiles/madgwick_test.dir/madgwick_test.cpp.o[0m
[ 85%] [32m[1mLinking CXX executable stateless_orientation_test[0m
[ 92%] [32m[1mLinking CXX executable madgwick_test[0m
[ 92%] Built target stateless_orientation_test
[ 92%] Built target madgwick_test
[100%] [32m[1mLinking CXX executable imu_filter_madgwick_node[0m
[100%] Built target imu_filter_madgwick_node
