[0.033s] Invoking command in '/home/aleksmalm/Hermes/hermes_ws/build/ldlidar_component': CMAKE_PREFIX_PATH=${CMAKE_PREFIX_PATH}:/home/aleksmalm/Hermes/hermes_ws/install/tof_publisher:/home/aleksmalm/Hermes/hermes_ws/install/teleop_control:/home/aleksmalm/Hermes/hermes_ws/install/opencv_tests:/home/aleksmalm/Hermes/hermes_ws/install/odometry:/home/aleksmalm/Hermes/hermes_ws/install/imu_publisher:/home/aleksmalm/Hermes/hermes_ws/install/cmd_vel:/home/aleksmalm/Hermes/hermes_ws/install/cameras:/opt/ros/humble /usr/bin/cmake /home/aleksmalm/Hermes/hermes_ws/src/lidar_publisher/ldlidar_component -DCMAKE_INSTALL_PREFIX=/home/aleksmalm/Hermes/hermes_ws/install/ldlidar_component
[1.011s] --  * Release Mode
[1.011s] -- * Found ROS2 humble
[1.011s] -- * ROS2 humble is officially supported by this package.
[1.012s] -- Found ament_cmake: 1.3.8 (/opt/ros/humble/share/ament_cmake/cmake)
[1.012s] -- Found rclcpp_lifecycle: 16.0.8 (/opt/ros/humble/share/rclcpp_lifecycle/cmake)
[1.012s] -- Found rosidl_generator_c: 3.1.5 (/opt/ros/humble/share/rosidl_generator_c/cmake)
[1.012s] -- Found rosidl_adapter: 3.1.5 (/opt/ros/humble/share/rosidl_adapter/cmake)
[1.013s] -- Found rosidl_generator_cpp: 3.1.5 (/opt/ros/humble/share/rosidl_generator_cpp/cmake)
[1.013s] -- Using all available rosidl_typesupport_c: rosidl_typesupport_fastrtps_c;rosidl_typesupport_introspection_c
[1.014s] -- Using all available rosidl_typesupport_cpp: rosidl_typesupport_fastrtps_cpp;rosidl_typesupport_introspection_cpp
[1.014s] -- Found rmw_implementation_cmake: 6.1.1 (/opt/ros/humble/share/rmw_implementation_cmake/cmake)
[1.015s] -- Found rmw_fastrtps_cpp: 6.2.6 (/opt/ros/humble/share/rmw_fastrtps_cpp/cmake)
[1.015s] -- Using RMW implementation 'rmw_fastrtps_cpp' as default
[1.015s] -- Found rclcpp_components: 16.0.8 (/opt/ros/humble/share/rclcpp_components/cmake)
[1.015s] -- Found nav2_util: 1.1.14 (/opt/ros/humble/share/nav2_util/cmake)
[1.015s] -- Found eigen3_cmake_module: 0.1.1 (/opt/ros/humble/share/eigen3_cmake_module/cmake)
[1.015s] -- Ensuring Eigen3 include directory is part of orocos-kdl CMake target
[1.015s] -- Found sensor_msgs: 4.2.3 (/opt/ros/humble/share/sensor_msgs/cmake)
[1.015s] -- Found diagnostic_msgs: 4.2.3 (/opt/ros/humble/share/diagnostic_msgs/cmake)
[1.015s] -- Found diagnostic_updater: 3.1.2 (/opt/ros/humble/share/diagnostic_updater/cmake)
[1.350s] -- Found ament_lint_auto: 0.12.10 (/opt/ros/humble/share/ament_lint_auto/cmake)
[1.435s] -- Added test 'copyright' to check source files copyright and LICENSE
[1.436s] -- Added test 'cppcheck' to perform static code analysis on C / C++ code
[1.437s] -- Configured cppcheck include dirs: /home/aleksmalm/Hermes/hermes_ws/src/lidar_publisher/ldlidar_component/include;/home/aleksmalm/Hermes/hermes_ws/src/lidar_publisher/ldlidar_component/tools/include;/home/aleksmalm/Hermes/hermes_ws/src/lidar_publisher/ldlidar_component/component/include;/home/aleksmalm/Hermes/hermes_ws/src/lidar_publisher/ldlidar_component/ldlidar_driver/include/core;/home/aleksmalm/Hermes/hermes_ws/src/lidar_publisher/ldlidar_component/ldlidar_driver/include/dataprocess;/home/aleksmalm/Hermes/hermes_ws/src/lidar_publisher/ldlidar_component/ldlidar_driver/include/filter;/home/aleksmalm/Hermes/hermes_ws/src/lidar_publisher/ldlidar_component/ldlidar_driver/include/logger;/home/aleksmalm/Hermes/hermes_ws/src/lidar_publisher/ldlidar_component/ldlidar_driver/include/networkcom;/home/aleksmalm/Hermes/hermes_ws/src/lidar_publisher/ldlidar_component/ldlidar_driver/include/serialcom
[1.437s] -- Configured cppcheck exclude dirs and/or files: 
[1.439s] -- Added test 'cpplint' to check C / C++ code against the Google style
[1.439s] -- Configured cpplint exclude dirs and/or files: 
[1.440s] -- Added test 'lint_cmake' to check CMake code style
[1.442s] -- Added test 'uncrustify' to check C / C++ code style
[1.442s] -- Configured uncrustify additional arguments: 
[1.442s] -- Added test 'xmllint' to check XML markup files
[1.444s] -- Configuring done
[1.475s] -- Generating done
[1.477s] -- Build files have been written to: /home/aleksmalm/Hermes/hermes_ws/build/ldlidar_component
[1.486s] Invoked command in '/home/aleksmalm/Hermes/hermes_ws/build/ldlidar_component' returned '0': CMAKE_PREFIX_PATH=${CMAKE_PREFIX_PATH}:/home/aleksmalm/Hermes/hermes_ws/install/tof_publisher:/home/aleksmalm/Hermes/hermes_ws/install/teleop_control:/home/aleksmalm/Hermes/hermes_ws/install/opencv_tests:/home/aleksmalm/Hermes/hermes_ws/install/odometry:/home/aleksmalm/Hermes/hermes_ws/install/imu_publisher:/home/aleksmalm/Hermes/hermes_ws/install/cmd_vel:/home/aleksmalm/Hermes/hermes_ws/install/cameras:/opt/ros/humble /usr/bin/cmake /home/aleksmalm/Hermes/hermes_ws/src/lidar_publisher/ldlidar_component -DCMAKE_INSTALL_PREFIX=/home/aleksmalm/Hermes/hermes_ws/install/ldlidar_component
[1.487s] Invoking command in '/home/aleksmalm/Hermes/hermes_ws/build/ldlidar_component': CMAKE_PREFIX_PATH=${CMAKE_PREFIX_PATH}:/home/aleksmalm/Hermes/hermes_ws/install/tof_publisher:/home/aleksmalm/Hermes/hermes_ws/install/teleop_control:/home/aleksmalm/Hermes/hermes_ws/install/opencv_tests:/home/aleksmalm/Hermes/hermes_ws/install/odometry:/home/aleksmalm/Hermes/hermes_ws/install/imu_publisher:/home/aleksmalm/Hermes/hermes_ws/install/cmd_vel:/home/aleksmalm/Hermes/hermes_ws/install/cameras:/opt/ros/humble /usr/bin/cmake --build /home/aleksmalm/Hermes/hermes_ws/build/ldlidar_component -- -j12 -l12
[1.534s] [ 20%] [32mBuilding CXX object ldlidar_driver/CMakeFiles/ldlidar.dir/src/filter/tofbf.cpp.o[0m
[1.534s] [ 20%] [32mBuilding CXX object ldlidar_driver/CMakeFiles/ldlidar.dir/src/logger/log_module.cpp.o[0m
[1.534s] [ 30%] [32mBuilding CXX object ldlidar_driver/CMakeFiles/ldlidar.dir/src/core/ldlidar_driver.cpp.o[0m
[1.534s] [ 40%] [32mBuilding CXX object ldlidar_driver/CMakeFiles/ldlidar.dir/src/serialcom/serial_interface_linux.cpp.o[0m
[1.535s] [ 50%] [32mBuilding CXX object ldlidar_driver/CMakeFiles/ldlidar.dir/src/networkcom/network_socket_interface_linux.cpp.o[0m
[1.537s] [ 60%] [32mBuilding CXX object ldlidar_driver/CMakeFiles/ldlidar.dir/src/dataprocess/lipkg.cpp.o[0m
[2.136s] [ 70%] [32m[1mLinking CXX static library libldlidar.a[0m
[2.159s] [ 70%] Built target ldlidar
[2.172s] [ 90%] [32mBuilding CXX object CMakeFiles/ldlidar_component.dir/tools/src/ldlidar_tools.cpp.o[0m
[2.172s] [ 90%] [32mBuilding CXX object CMakeFiles/ldlidar_component.dir/component/src/ldlidar_component.cpp.o[0m
[7.336s] [100%] [32m[1mLinking CXX shared library libldlidar_component.so[0m
[7.462s] [100%] Built target ldlidar_component
[7.469s] Invoked command in '/home/aleksmalm/Hermes/hermes_ws/build/ldlidar_component' returned '0': CMAKE_PREFIX_PATH=${CMAKE_PREFIX_PATH}:/home/aleksmalm/Hermes/hermes_ws/install/tof_publisher:/home/aleksmalm/Hermes/hermes_ws/install/teleop_control:/home/aleksmalm/Hermes/hermes_ws/install/opencv_tests:/home/aleksmalm/Hermes/hermes_ws/install/odometry:/home/aleksmalm/Hermes/hermes_ws/install/imu_publisher:/home/aleksmalm/Hermes/hermes_ws/install/cmd_vel:/home/aleksmalm/Hermes/hermes_ws/install/cameras:/opt/ros/humble /usr/bin/cmake --build /home/aleksmalm/Hermes/hermes_ws/build/ldlidar_component -- -j12 -l12
[7.486s] Invoking command in '/home/aleksmalm/Hermes/hermes_ws/build/ldlidar_component': CMAKE_PREFIX_PATH=${CMAKE_PREFIX_PATH}:/home/aleksmalm/Hermes/hermes_ws/install/tof_publisher:/home/aleksmalm/Hermes/hermes_ws/install/teleop_control:/home/aleksmalm/Hermes/hermes_ws/install/opencv_tests:/home/aleksmalm/Hermes/hermes_ws/install/odometry:/home/aleksmalm/Hermes/hermes_ws/install/imu_publisher:/home/aleksmalm/Hermes/hermes_ws/install/cmd_vel:/home/aleksmalm/Hermes/hermes_ws/install/cameras:/opt/ros/humble /usr/bin/cmake --install /home/aleksmalm/Hermes/hermes_ws/build/ldlidar_component
[7.491s] -- Install configuration: "Release"
[7.491s] -- Installing: /home/aleksmalm/Hermes/hermes_ws/install/ldlidar_component/lib/libldlidar_component.so
[7.492s] -- Set runtime path of "/home/aleksmalm/Hermes/hermes_ws/install/ldlidar_component/lib/libldlidar_component.so" to ""
[7.492s] -- Installing: /home/aleksmalm/Hermes/hermes_ws/install/ldlidar_component/include/ldlidar_component/
[7.492s] -- Installing: /home/aleksmalm/Hermes/hermes_ws/install/ldlidar_component/include/ldlidar_component//defines.hpp
[7.492s] -- Installing: /home/aleksmalm/Hermes/hermes_ws/install/ldlidar_component/include/ldlidar_component//ldlidar_component.hpp
[7.492s] -- Up-to-date: /home/aleksmalm/Hermes/hermes_ws/install/ldlidar_component/include/ldlidar_component/
[7.492s] -- Installing: /home/aleksmalm/Hermes/hermes_ws/install/ldlidar_component/include/ldlidar_component//ldlidar_tools.hpp
[7.492s] -- Up-to-date: /home/aleksmalm/Hermes/hermes_ws/install/ldlidar_component/include/ldlidar_component/
[7.492s] -- Installing: /home/aleksmalm/Hermes/hermes_ws/install/ldlidar_component/include/ldlidar_component//visibility_control.hpp
[7.492s] -- Up-to-date: /home/aleksmalm/Hermes/hermes_ws/install/ldlidar_component/include/ldlidar_component/
[7.492s] -- Installing: /home/aleksmalm/Hermes/hermes_ws/install/ldlidar_component/include/ldlidar_component//ldlidar_driver.h
[7.492s] -- Installing: /home/aleksmalm/Hermes/hermes_ws/install/ldlidar_component/include/ldlidar_component//ldlidar_datatype.h
[7.492s] -- Up-to-date: /home/aleksmalm/Hermes/hermes_ws/install/ldlidar_component/include/ldlidar_component/
[7.492s] -- Installing: /home/aleksmalm/Hermes/hermes_ws/install/ldlidar_component/include/ldlidar_component//lipkg.h
[7.492s] -- Up-to-date: /home/aleksmalm/Hermes/hermes_ws/install/ldlidar_component/include/ldlidar_component/
[7.492s] -- Installing: /home/aleksmalm/Hermes/hermes_ws/install/ldlidar_component/include/ldlidar_component//tofbf.h
[7.492s] -- Up-to-date: /home/aleksmalm/Hermes/hermes_ws/install/ldlidar_component/include/ldlidar_component/
[7.492s] -- Installing: /home/aleksmalm/Hermes/hermes_ws/install/ldlidar_component/include/ldlidar_component//log_module.h
[7.493s] -- Up-to-date: /home/aleksmalm/Hermes/hermes_ws/install/ldlidar_component/include/ldlidar_component/
[7.493s] -- Installing: /home/aleksmalm/Hermes/hermes_ws/install/ldlidar_component/include/ldlidar_component//network_socket_interface_linux.h
[7.493s] -- Up-to-date: /home/aleksmalm/Hermes/hermes_ws/install/ldlidar_component/include/ldlidar_component/
[7.493s] -- Installing: /home/aleksmalm/Hermes/hermes_ws/install/ldlidar_component/include/ldlidar_component//serial_interface_linux.h
[7.493s] -- Installing: /home/aleksmalm/Hermes/hermes_ws/install/ldlidar_component/share/ldlidar_component/environment/library_path.sh
[7.493s] -- Installing: /home/aleksmalm/Hermes/hermes_ws/install/ldlidar_component/share/ldlidar_component/environment/library_path.dsv
[7.493s] -- Installing: /home/aleksmalm/Hermes/hermes_ws/install/ldlidar_component/share/ament_index/resource_index/package_run_dependencies/ldlidar_component
[7.493s] -- Installing: /home/aleksmalm/Hermes/hermes_ws/install/ldlidar_component/share/ament_index/resource_index/parent_prefix_path/ldlidar_component
[7.493s] -- Installing: /home/aleksmalm/Hermes/hermes_ws/install/ldlidar_component/share/ldlidar_component/environment/ament_prefix_path.sh
[7.493s] -- Installing: /home/aleksmalm/Hermes/hermes_ws/install/ldlidar_component/share/ldlidar_component/environment/ament_prefix_path.dsv
[7.493s] -- Installing: /home/aleksmalm/Hermes/hermes_ws/install/ldlidar_component/share/ldlidar_component/environment/path.sh
[7.493s] -- Installing: /home/aleksmalm/Hermes/hermes_ws/install/ldlidar_component/share/ldlidar_component/environment/path.dsv
[7.493s] -- Installing: /home/aleksmalm/Hermes/hermes_ws/install/ldlidar_component/share/ldlidar_component/local_setup.bash
[7.493s] -- Installing: /home/aleksmalm/Hermes/hermes_ws/install/ldlidar_component/share/ldlidar_component/local_setup.sh
[7.493s] -- Installing: /home/aleksmalm/Hermes/hermes_ws/install/ldlidar_component/share/ldlidar_component/local_setup.zsh
[7.493s] -- Installing: /home/aleksmalm/Hermes/hermes_ws/install/ldlidar_component/share/ldlidar_component/local_setup.dsv
[7.493s] -- Installing: /home/aleksmalm/Hermes/hermes_ws/install/ldlidar_component/share/ldlidar_component/package.dsv
[7.493s] -- Installing: /home/aleksmalm/Hermes/hermes_ws/install/ldlidar_component/share/ament_index/resource_index/packages/ldlidar_component
[7.493s] -- Installing: /home/aleksmalm/Hermes/hermes_ws/install/ldlidar_component/share/ament_index/resource_index/rclcpp_components/ldlidar_component
[7.493s] -- Installing: /home/aleksmalm/Hermes/hermes_ws/install/ldlidar_component/share/ldlidar_component/cmake/ament_cmake_export_include_directories-extras.cmake
[7.493s] -- Installing: /home/aleksmalm/Hermes/hermes_ws/install/ldlidar_component/share/ldlidar_component/cmake/ament_cmake_export_libraries-extras.cmake
[7.493s] -- Installing: /home/aleksmalm/Hermes/hermes_ws/install/ldlidar_component/share/ldlidar_component/cmake/ament_cmake_export_dependencies-extras.cmake
[7.493s] -- Installing: /home/aleksmalm/Hermes/hermes_ws/install/ldlidar_component/share/ldlidar_component/cmake/ldlidar_componentConfig.cmake
[7.493s] -- Installing: /home/aleksmalm/Hermes/hermes_ws/install/ldlidar_component/share/ldlidar_component/cmake/ldlidar_componentConfig-version.cmake
[7.493s] -- Installing: /home/aleksmalm/Hermes/hermes_ws/install/ldlidar_component/share/ldlidar_component/package.xml
[7.495s] Invoked command in '/home/aleksmalm/Hermes/hermes_ws/build/ldlidar_component' returned '0': CMAKE_PREFIX_PATH=${CMAKE_PREFIX_PATH}:/home/aleksmalm/Hermes/hermes_ws/install/tof_publisher:/home/aleksmalm/Hermes/hermes_ws/install/teleop_control:/home/aleksmalm/Hermes/hermes_ws/install/opencv_tests:/home/aleksmalm/Hermes/hermes_ws/install/odometry:/home/aleksmalm/Hermes/hermes_ws/install/imu_publisher:/home/aleksmalm/Hermes/hermes_ws/install/cmd_vel:/home/aleksmalm/Hermes/hermes_ws/install/cameras:/opt/ros/humble /usr/bin/cmake --install /home/aleksmalm/Hermes/hermes_ws/build/ldlidar_component
