[5.052s] Invoking command in '/home/hermes/Hermes/hermes_ws/src/odometry': PYTHONPATH=/home/hermes/Hermes/hermes_ws/build/odometry/prefix_override:/home/hermes/Hermes/hermes_ws/install/odometry/lib/python3.10/site-packages:${PYTHONPATH} /usr/bin/python3 -W ignore:setup.py install is deprecated setup.py egg_info --egg-base ../../build/odometry build --build-base /home/hermes/Hermes/hermes_ws/build/odometry/build install --record /home/hermes/Hermes/hermes_ws/build/odometry/install.log --single-version-externally-managed install_data
[6.007s] running egg_info
[6.008s] writing ../../build/odometry/odometry.egg-info/PKG-INFO
[6.008s] writing dependency_links to ../../build/odometry/odometry.egg-info/dependency_links.txt
[6.009s] writing entry points to ../../build/odometry/odometry.egg-info/entry_points.txt
[6.009s] writing requirements to ../../build/odometry/odometry.egg-info/requires.txt
[6.009s] writing top-level names to ../../build/odometry/odometry.egg-info/top_level.txt
[6.014s] reading manifest file '../../build/odometry/odometry.egg-info/SOURCES.txt'
[6.015s] adding license file 'LICENSE'
[6.017s] writing manifest file '../../build/odometry/odometry.egg-info/SOURCES.txt'
[6.019s] running build
[6.019s] running build_py
[6.035s] running install
[6.035s] running install_lib
[6.055s] running install_data
[6.065s] running install_egg_info
[6.083s] removing '/home/hermes/Hermes/hermes_ws/install/odometry/lib/python3.10/site-packages/odometry-0.0.0-py3.10.egg-info' (and everything under it)
[6.091s] Copying ../../build/odometry/odometry.egg-info to /home/hermes/Hermes/hermes_ws/install/odometry/lib/python3.10/site-packages/odometry-0.0.0-py3.10.egg-info
[6.120s] running install_scripts
[6.211s] Installing odometry_node script to /home/hermes/Hermes/hermes_ws/install/odometry/lib/odometry
[6.211s] writing list of installed files to '/home/hermes/Hermes/hermes_ws/build/odometry/install.log'
[6.358s] Invoked command in '/home/hermes/Hermes/hermes_ws/src/odometry' returned '0': PYTHONPATH=/home/hermes/Hermes/hermes_ws/build/odometry/prefix_override:/home/hermes/Hermes/hermes_ws/install/odometry/lib/python3.10/site-packages:${PYTHONPATH} /usr/bin/python3 -W ignore:setup.py install is deprecated setup.py egg_info --egg-base ../../build/odometry build --build-base /home/hermes/Hermes/hermes_ws/build/odometry/build install --record /home/hermes/Hermes/hermes_ws/build/odometry/install.log --single-version-externally-managed install_data
