[3.717s] Invoking command in '/home/hermes/Hermes/hermes_ws/src/my_robot_description': PYTHONPATH=/home/hermes/Hermes/hermes_ws/build/my_robot_description/prefix_override:/home/hermes/Hermes/hermes_ws/install/my_robot_description/lib/python3.10/site-packages:${PYTHONPATH} /usr/bin/python3 -W ignore:setup.py install is deprecated setup.py egg_info --egg-base ../../build/my_robot_description build --build-base /home/hermes/Hermes/hermes_ws/build/my_robot_description/build install --record /home/hermes/Hermes/hermes_ws/build/my_robot_description/install.log --single-version-externally-managed install_data
[4.352s] running egg_info
[4.352s] creating ../../build/my_robot_description/my_robot_description.egg-info
[4.353s] writing ../../build/my_robot_description/my_robot_description.egg-info/PKG-INFO
[4.353s] writing dependency_links to ../../build/my_robot_description/my_robot_description.egg-info/dependency_links.txt
[4.354s] writing entry points to ../../build/my_robot_description/my_robot_description.egg-info/entry_points.txt
[4.354s] writing requirements to ../../build/my_robot_description/my_robot_description.egg-info/requires.txt
[4.355s] writing top-level names to ../../build/my_robot_description/my_robot_description.egg-info/top_level.txt
[4.355s] writing manifest file '../../build/my_robot_description/my_robot_description.egg-info/SOURCES.txt'
[4.356s] reading manifest file '../../build/my_robot_description/my_robot_description.egg-info/SOURCES.txt'
[4.356s] writing manifest file '../../build/my_robot_description/my_robot_description.egg-info/SOURCES.txt'
[4.357s] running build
[4.357s] running build_py
[4.357s] creating /home/hermes/Hermes/hermes_ws/build/my_robot_description/build
[4.358s] creating /home/hermes/Hermes/hermes_ws/build/my_robot_description/build/lib
[4.358s] creating /home/hermes/Hermes/hermes_ws/build/my_robot_description/build/lib/my_robot_description
[4.358s] copying my_robot_description/__init__.py -> /home/hermes/Hermes/hermes_ws/build/my_robot_description/build/lib/my_robot_description
[4.358s] running install
[4.358s] running install_lib
[4.359s] creating /home/hermes/Hermes/hermes_ws/install/my_robot_description/lib/python3.10/site-packages/my_robot_description
[4.359s] copying /home/hermes/Hermes/hermes_ws/build/my_robot_description/build/lib/my_robot_description/__init__.py -> /home/hermes/Hermes/hermes_ws/install/my_robot_description/lib/python3.10/site-packages/my_robot_description
[4.359s] byte-compiling /home/hermes/Hermes/hermes_ws/install/my_robot_description/lib/python3.10/site-packages/my_robot_description/__init__.py to __init__.cpython-310.pyc
[4.360s] running install_data
[4.360s] creating /home/hermes/Hermes/hermes_ws/install/my_robot_description/share/ament_index
[4.361s] creating /home/hermes/Hermes/hermes_ws/install/my_robot_description/share/ament_index/resource_index
[4.361s] creating /home/hermes/Hermes/hermes_ws/install/my_robot_description/share/ament_index/resource_index/packages
[4.361s] copying resource/my_robot_description -> /home/hermes/Hermes/hermes_ws/install/my_robot_description/share/ament_index/resource_index/packages
[4.361s] copying package.xml -> /home/hermes/Hermes/hermes_ws/install/my_robot_description/share/my_robot_description
[4.362s] running install_egg_info
[4.362s] Copying ../../build/my_robot_description/my_robot_description.egg-info to /home/hermes/Hermes/hermes_ws/install/my_robot_description/lib/python3.10/site-packages/my_robot_description-0.0.0-py3.10.egg-info
[4.362s] running install_scripts
[4.366s] writing list of installed files to '/home/hermes/Hermes/hermes_ws/build/my_robot_description/install.log'
[5.120s] Invoked command in '/home/hermes/Hermes/hermes_ws/src/my_robot_description' returned '0': PYTHONPATH=/home/hermes/Hermes/hermes_ws/build/my_robot_description/prefix_override:/home/hermes/Hermes/hermes_ws/install/my_robot_description/lib/python3.10/site-packages:${PYTHONPATH} /usr/bin/python3 -W ignore:setup.py install is deprecated setup.py egg_info --egg-base ../../build/my_robot_description build --build-base /home/hermes/Hermes/hermes_ws/build/my_robot_description/build install --record /home/hermes/Hermes/hermes_ws/build/my_robot_description/install.log --single-version-externally-managed install_data
