[1.964s] Invoking command in '/home/raivo/Hermes/hermes_ws/src/cameras': PYTHONPATH=/home/raivo/Hermes/hermes_ws/build/cameras/prefix_override:/home/raivo/Hermes/hermes_ws/install/cameras/lib/python3.10/site-packages:${PYTHONPATH} /usr/bin/python3 -W ignore:setup.py install is deprecated setup.py egg_info --egg-base ../../build/cameras build --build-base /home/raivo/Hermes/hermes_ws/build/cameras/build install --record /home/raivo/Hermes/hermes_ws/build/cameras/install.log --single-version-externally-managed install_data
[2.314s] running egg_info
[2.315s] writing ../../build/cameras/cameras.egg-info/PKG-INFO
[2.315s] writing dependency_links to ../../build/cameras/cameras.egg-info/dependency_links.txt
[2.315s] writing entry points to ../../build/cameras/cameras.egg-info/entry_points.txt
[2.315s] writing requirements to ../../build/cameras/cameras.egg-info/requires.txt
[2.315s] writing top-level names to ../../build/cameras/cameras.egg-info/top_level.txt
[2.320s] reading manifest file '../../build/cameras/cameras.egg-info/SOURCES.txt'
[2.320s] adding license file 'LICENSE'
[2.321s] Traceback (most recent call last):
[2.321s]   File "/home/raivo/Hermes/hermes_ws/src/cameras/setup.py", line 5, in <module>
[2.321s]     setup(
[2.321s]   File "/home/raivo/.local/lib/python3.10/site-packages/setuptools/__init__.py", line 117, in setup
[2.321s]     return distutils.core.setup(**attrs)
[2.321s]   File "/home/raivo/.local/lib/python3.10/site-packages/setuptools/_distutils/core.py", line 183, in setup
[2.321s]     return run_commands(dist)
[2.321s]   File "/home/raivo/.local/lib/python3.10/site-packages/setuptools/_distutils/core.py", line 199, in run_commands
[2.321s]     dist.run_commands()
[2.321s]   File "/home/raivo/.local/lib/python3.10/site-packages/setuptools/_distutils/dist.py", line 954, in run_commands
[2.321s]     self.run_command(cmd)
[2.321s]   File "/home/raivo/.local/lib/python3.10/site-packages/setuptools/dist.py", line 950, in run_command
[2.322s]     super().run_command(command)
[2.322s]   File "/home/raivo/.local/lib/python3.10/site-packages/setuptools/_distutils/dist.py", line 973, in run_command
[2.322s]     cmd_obj.run()
[2.322s]   File "/home/raivo/.local/lib/python3.10/site-packages/setuptools/command/egg_info.py", line 311, in run
[2.322s]     self.find_sources()
[2.322s]   File "/home/raivo/.local/lib/python3.10/site-packages/setuptools/command/egg_info.py", line 319, in find_sources
[2.322s]     mm.run()
[2.322s]   File "/home/raivo/.local/lib/python3.10/site-packages/setuptools/command/egg_info.py", line 545, in run
[2.322s]     self.prune_file_list()
[2.322s]   File "/home/raivo/.local/lib/python3.10/site-packages/setuptools/command/sdist.py", line 161, in prune_file_list
[2.322s]     super().prune_file_list()
[2.322s]   File "/home/raivo/.local/lib/python3.10/site-packages/setuptools/_distutils/command/sdist.py", line 380, in prune_file_list
[2.322s]     base_dir = self.distribution.get_fullname()
[2.322s]   File "/home/raivo/.local/lib/python3.10/site-packages/setuptools/_core_metadata.py", line 267, in get_fullname
[2.322s]     return _distribution_fullname(self.get_name(), self.get_version())
[2.322s]   File "/home/raivo/.local/lib/python3.10/site-packages/setuptools/_core_metadata.py", line 285, in _distribution_fullname
[2.322s]     canonicalize_version(version, strip_trailing_zero=False),
[2.322s] TypeError: canonicalize_version() got an unexpected keyword argument 'strip_trailing_zero'
