[0.911s] Invoking command in '/home/aleksmalm/Hermes/hermes_ws/src/teleop_control': PYTHONPATH=/home/aleksmalm/Hermes/hermes_ws/build/teleop_control/prefix_override:/home/aleksmalm/Hermes/hermes_ws/install/teleop_control/lib/python3.10/site-packages:${PYTHONPATH} /usr/bin/python3 -W ignore:setup.py install is deprecated setup.py egg_info --egg-base ../../build/teleop_control build --build-base /home/aleksmalm/Hermes/hermes_ws/build/teleop_control/build install --record /home/aleksmalm/Hermes/hermes_ws/build/teleop_control/install.log --single-version-externally-managed install_data
[1.049s] running egg_info
[1.049s] creating ../../build/teleop_control/teleop_control.egg-info
[1.050s] writing ../../build/teleop_control/teleop_control.egg-info/PKG-INFO
[1.050s] writing dependency_links to ../../build/teleop_control/teleop_control.egg-info/dependency_links.txt
[1.050s] writing entry points to ../../build/teleop_control/teleop_control.egg-info/entry_points.txt
[1.050s] writing requirements to ../../build/teleop_control/teleop_control.egg-info/requires.txt
[1.050s] writing top-level names to ../../build/teleop_control/teleop_control.egg-info/top_level.txt
[1.050s] writing manifest file '../../build/teleop_control/teleop_control.egg-info/SOURCES.txt'
[1.051s] reading manifest file '../../build/teleop_control/teleop_control.egg-info/SOURCES.txt'
[1.051s] adding license file 'LICENSE'
[1.051s] writing manifest file '../../build/teleop_control/teleop_control.egg-info/SOURCES.txt'
[1.051s] running build
[1.051s] running build_py
[1.052s] creating /home/aleksmalm/Hermes/hermes_ws/build/teleop_control/build
[1.052s] creating /home/aleksmalm/Hermes/hermes_ws/build/teleop_control/build/lib
[1.052s] creating /home/aleksmalm/Hermes/hermes_ws/build/teleop_control/build/lib/teleop_control
[1.052s] copying teleop_control/__init__.py -> /home/aleksmalm/Hermes/hermes_ws/build/teleop_control/build/lib/teleop_control
[1.052s] copying teleop_control/joytorec.py -> /home/aleksmalm/Hermes/hermes_ws/build/teleop_control/build/lib/teleop_control
[1.052s] copying teleop_control/teleop_control_node.py -> /home/aleksmalm/Hermes/hermes_ws/build/teleop_control/build/lib/teleop_control
[1.052s] copying teleop_control/keyboard_teleop.py -> /home/aleksmalm/Hermes/hermes_ws/build/teleop_control/build/lib/teleop_control
[1.052s] copying teleop_control/joytopub.py -> /home/aleksmalm/Hermes/hermes_ws/build/teleop_control/build/lib/teleop_control
[1.052s] running install
[1.053s] running install_lib
[1.053s] creating /home/aleksmalm/Hermes/hermes_ws/install/teleop_control/lib/python3.10/site-packages/teleop_control
[1.053s] copying /home/aleksmalm/Hermes/hermes_ws/build/teleop_control/build/lib/teleop_control/__init__.py -> /home/aleksmalm/Hermes/hermes_ws/install/teleop_control/lib/python3.10/site-packages/teleop_control
[1.053s] copying /home/aleksmalm/Hermes/hermes_ws/build/teleop_control/build/lib/teleop_control/joytorec.py -> /home/aleksmalm/Hermes/hermes_ws/install/teleop_control/lib/python3.10/site-packages/teleop_control
[1.053s] copying /home/aleksmalm/Hermes/hermes_ws/build/teleop_control/build/lib/teleop_control/teleop_control_node.py -> /home/aleksmalm/Hermes/hermes_ws/install/teleop_control/lib/python3.10/site-packages/teleop_control
[1.053s] copying /home/aleksmalm/Hermes/hermes_ws/build/teleop_control/build/lib/teleop_control/keyboard_teleop.py -> /home/aleksmalm/Hermes/hermes_ws/install/teleop_control/lib/python3.10/site-packages/teleop_control
[1.053s] copying /home/aleksmalm/Hermes/hermes_ws/build/teleop_control/build/lib/teleop_control/joytopub.py -> /home/aleksmalm/Hermes/hermes_ws/install/teleop_control/lib/python3.10/site-packages/teleop_control
[1.053s] byte-compiling /home/aleksmalm/Hermes/hermes_ws/install/teleop_control/lib/python3.10/site-packages/teleop_control/__init__.py to __init__.cpython-310.pyc
[1.054s] byte-compiling /home/aleksmalm/Hermes/hermes_ws/install/teleop_control/lib/python3.10/site-packages/teleop_control/joytorec.py to joytorec.cpython-310.pyc
[1.054s] byte-compiling /home/aleksmalm/Hermes/hermes_ws/install/teleop_control/lib/python3.10/site-packages/teleop_control/teleop_control_node.py to teleop_control_node.cpython-310.pyc
[1.054s] byte-compiling /home/aleksmalm/Hermes/hermes_ws/install/teleop_control/lib/python3.10/site-packages/teleop_control/keyboard_teleop.py to keyboard_teleop.cpython-310.pyc
[1.054s] byte-compiling /home/aleksmalm/Hermes/hermes_ws/install/teleop_control/lib/python3.10/site-packages/teleop_control/joytopub.py to joytopub.cpython-310.pyc
[1.055s] running install_data
[1.055s] creating /home/aleksmalm/Hermes/hermes_ws/install/teleop_control/share/ament_index
[1.055s] creating /home/aleksmalm/Hermes/hermes_ws/install/teleop_control/share/ament_index/resource_index
[1.055s] creating /home/aleksmalm/Hermes/hermes_ws/install/teleop_control/share/ament_index/resource_index/packages
[1.055s] copying resource/teleop_control -> /home/aleksmalm/Hermes/hermes_ws/install/teleop_control/share/ament_index/resource_index/packages
[1.055s] copying package.xml -> /home/aleksmalm/Hermes/hermes_ws/install/teleop_control/share/teleop_control
[1.055s] running install_egg_info
[1.056s] Copying ../../build/teleop_control/teleop_control.egg-info to /home/aleksmalm/Hermes/hermes_ws/install/teleop_control/lib/python3.10/site-packages/teleop_control-0.0.0-py3.10.egg-info
[1.056s] running install_scripts
[1.070s] Installing teleop_control_node script to /home/aleksmalm/Hermes/hermes_ws/install/teleop_control/lib/teleop_control
[1.070s] writing list of installed files to '/home/aleksmalm/Hermes/hermes_ws/build/teleop_control/install.log'
[1.086s] Invoked command in '/home/aleksmalm/Hermes/hermes_ws/src/teleop_control' returned '0': PYTHONPATH=/home/aleksmalm/Hermes/hermes_ws/build/teleop_control/prefix_override:/home/aleksmalm/Hermes/hermes_ws/install/teleop_control/lib/python3.10/site-packages:${PYTHONPATH} /usr/bin/python3 -W ignore:setup.py install is deprecated setup.py egg_info --egg-base ../../build/teleop_control build --build-base /home/aleksmalm/Hermes/hermes_ws/build/teleop_control/build install --record /home/aleksmalm/Hermes/hermes_ws/build/teleop_control/install.log --single-version-externally-managed install_data
