[1.333s] Invoking command in '/home/hermes/Hermes/hermes_ws/src/icm20948_publisher': PYTHONPATH=/home/hermes/Hermes/hermes_ws/src/build/icm20948_publisher/prefix_override:/home/hermes/Hermes/hermes_ws/src/install/icm20948_publisher/lib/python3.10/site-packages:${PYTHONPATH} /usr/bin/python3 -W ignore:setup.py install is deprecated setup.py egg_info --egg-base ../build/icm20948_publisher build --build-base /home/hermes/Hermes/hermes_ws/src/build/icm20948_publisher/build install --record /home/hermes/Hermes/hermes_ws/src/build/icm20948_publisher/install.log --single-version-externally-managed install_data
[1.855s] running egg_info
[1.856s] writing ../build/icm20948_publisher/icm20948_publisher.egg-info/PKG-INFO
[1.856s] writing dependency_links to ../build/icm20948_publisher/icm20948_publisher.egg-info/dependency_links.txt
[1.857s] writing entry points to ../build/icm20948_publisher/icm20948_publisher.egg-info/entry_points.txt
[1.857s] writing requirements to ../build/icm20948_publisher/icm20948_publisher.egg-info/requires.txt
[1.857s] writing top-level names to ../build/icm20948_publisher/icm20948_publisher.egg-info/top_level.txt
[1.861s] reading manifest file '../build/icm20948_publisher/icm20948_publisher.egg-info/SOURCES.txt'
[1.862s] writing manifest file '../build/icm20948_publisher/icm20948_publisher.egg-info/SOURCES.txt'
[1.863s] running build
[1.863s] running build_py
[1.863s] copying icm20948_publisher/icm_imu.py -> /home/hermes/Hermes/hermes_ws/src/build/icm20948_publisher/build/lib/icm20948_publisher
[1.864s] running install
[1.864s] running install_lib
[1.866s] copying /home/hermes/Hermes/hermes_ws/src/build/icm20948_publisher/build/lib/icm20948_publisher/icm_imu.py -> /home/hermes/Hermes/hermes_ws/src/install/icm20948_publisher/lib/python3.10/site-packages/icm20948_publisher
[1.867s] byte-compiling /home/hermes/Hermes/hermes_ws/src/install/icm20948_publisher/lib/python3.10/site-packages/icm20948_publisher/icm_imu.py to icm_imu.cpython-310.pyc
[1.868s] running install_data
[1.869s] running install_egg_info
[1.872s] removing '/home/hermes/Hermes/hermes_ws/src/install/icm20948_publisher/lib/python3.10/site-packages/icm20948_publisher-0.0.0-py3.10.egg-info' (and everything under it)
[1.873s] Copying ../build/icm20948_publisher/icm20948_publisher.egg-info to /home/hermes/Hermes/hermes_ws/src/install/icm20948_publisher/lib/python3.10/site-packages/icm20948_publisher-0.0.0-py3.10.egg-info
[1.875s] running install_scripts
[1.918s] Installing icm_imu script to /home/hermes/Hermes/hermes_ws/src/install/icm20948_publisher/lib/icm20948_publisher
[1.919s] writing list of installed files to '/home/hermes/Hermes/hermes_ws/src/build/icm20948_publisher/install.log'
[1.984s] Invoked command in '/home/hermes/Hermes/hermes_ws/src/icm20948_publisher' returned '0': PYTHONPATH=/home/hermes/Hermes/hermes_ws/src/build/icm20948_publisher/prefix_override:/home/hermes/Hermes/hermes_ws/src/install/icm20948_publisher/lib/python3.10/site-packages:${PYTHONPATH} /usr/bin/python3 -W ignore:setup.py install is deprecated setup.py egg_info --egg-base ../build/icm20948_publisher build --build-base /home/hermes/Hermes/hermes_ws/src/build/icm20948_publisher/build install --record /home/hermes/Hermes/hermes_ws/src/build/icm20948_publisher/install.log --single-version-externally-managed install_data
