running egg_info
creating ../build/launch_files/launch_files.egg-info
writing ../build/launch_files/launch_files.egg-info/PKG-INFO
writing dependency_links to ../build/launch_files/launch_files.egg-info/dependency_links.txt
writing entry points to ../build/launch_files/launch_files.egg-info/entry_points.txt
writing requirements to ../build/launch_files/launch_files.egg-info/requires.txt
writing top-level names to ../build/launch_files/launch_files.egg-info/top_level.txt
writing manifest file '../build/launch_files/launch_files.egg-info/SOURCES.txt'
reading manifest file '../build/launch_files/launch_files.egg-info/SOURCES.txt'
writing manifest file '../build/launch_files/launch_files.egg-info/SOURCES.txt'
running build
running build_py
creating /home/hermes/Hermes/hermes_ws/build/launch_files/build
creating /home/hermes/Hermes/hermes_ws/build/launch_files/build/lib
creating /home/hermes/Hermes/hermes_ws/build/launch_files/build/lib/launch_files
copying launch_files/__init__.py -> /home/hermes/Hermes/hermes_ws/build/launch_files/build/lib/launch_files
running install
running install_lib
creating /home/hermes/Hermes/hermes_ws/install/launch_files/lib/python3.10/site-packages/launch_files
copying /home/hermes/Hermes/hermes_ws/build/launch_files/build/lib/launch_files/__init__.py -> /home/hermes/Hermes/hermes_ws/install/launch_files/lib/python3.10/site-packages/launch_files
byte-compiling /home/hermes/Hermes/hermes_ws/install/launch_files/lib/python3.10/site-packages/launch_files/__init__.py to __init__.cpython-310.pyc
running install_data
creating /home/hermes/Hermes/hermes_ws/install/launch_files/share/ament_index
creating /home/hermes/Hermes/hermes_ws/install/launch_files/share/ament_index/resource_index
creating /home/hermes/Hermes/hermes_ws/install/launch_files/share/ament_index/resource_index/packages
copying resource/launch_files -> /home/hermes/Hermes/hermes_ws/install/launch_files/share/ament_index/resource_index/packages
copying package.xml -> /home/hermes/Hermes/hermes_ws/install/launch_files/share/launch_files
running install_egg_info
Copying ../build/launch_files/launch_files.egg-info to /home/hermes/Hermes/hermes_ws/install/launch_files/lib/python3.10/site-packages/launch_files-0.0.0-py3.10.egg-info
running install_scripts
writing list of installed files to '/home/hermes/Hermes/hermes_ws/build/launch_files/install.log'
