[4.747s] Invoking command in '/home/aleksmalm/Hermes/hermes_ws/src/robot_localization_pkg': PYTHONPATH=/home/aleksmalm/Hermes/hermes_ws/build/robot_localization_pkg/prefix_override:/home/aleksmalm/Hermes/hermes_ws/install/robot_localization_pkg/lib/python3.10/site-packages:${PYTHONPATH} /usr/bin/python3 -W ignore:setup.py install is deprecated setup.py egg_info --egg-base ../../build/robot_localization_pkg build --build-base /home/aleksmalm/Hermes/hermes_ws/build/robot_localization_pkg/build install --record /home/aleksmalm/Hermes/hermes_ws/build/robot_localization_pkg/install.log --single-version-externally-managed install_data
[5.442s] running egg_info
[5.444s] writing ../../build/robot_localization_pkg/robot_localization_pkg.egg-info/PKG-INFO
[5.445s] writing dependency_links to ../../build/robot_localization_pkg/robot_localization_pkg.egg-info/dependency_links.txt
[5.445s] writing entry points to ../../build/robot_localization_pkg/robot_localization_pkg.egg-info/entry_points.txt
[5.445s] writing requirements to ../../build/robot_localization_pkg/robot_localization_pkg.egg-info/requires.txt
[5.446s] writing top-level names to ../../build/robot_localization_pkg/robot_localization_pkg.egg-info/top_level.txt
[5.450s] reading manifest file '../../build/robot_localization_pkg/robot_localization_pkg.egg-info/SOURCES.txt'
[5.452s] writing manifest file '../../build/robot_localization_pkg/robot_localization_pkg.egg-info/SOURCES.txt'
[5.452s] running build
[5.453s] running build_py
[5.453s] running install
[5.454s] running install_lib
[5.457s] running install_data
[5.457s] running install_egg_info
[5.461s] removing '/home/aleksmalm/Hermes/hermes_ws/install/robot_localization_pkg/lib/python3.10/site-packages/robot_localization_pkg-0.0.1-py3.10.egg-info' (and everything under it)
[5.462s] Copying ../../build/robot_localization_pkg/robot_localization_pkg.egg-info to /home/aleksmalm/Hermes/hermes_ws/install/robot_localization_pkg/lib/python3.10/site-packages/robot_localization_pkg-0.0.1-py3.10.egg-info
[5.464s] running install_scripts
[5.517s] writing list of installed files to '/home/aleksmalm/Hermes/hermes_ws/build/robot_localization_pkg/install.log'
[6.056s] Invoked command in '/home/aleksmalm/Hermes/hermes_ws/src/robot_localization_pkg' returned '0': PYTHONPATH=/home/aleksmalm/Hermes/hermes_ws/build/robot_localization_pkg/prefix_override:/home/aleksmalm/Hermes/hermes_ws/install/robot_localization_pkg/lib/python3.10/site-packages:${PYTHONPATH} /usr/bin/python3 -W ignore:setup.py install is deprecated setup.py egg_info --egg-base ../../build/robot_localization_pkg build --build-base /home/aleksmalm/Hermes/hermes_ws/build/robot_localization_pkg/build install --record /home/aleksmalm/Hermes/hermes_ws/build/robot_localization_pkg/install.log --single-version-externally-managed install_data
