[0.245s] DEBUG:colcon:Command line arguments: ['/usr/bin/colcon', 'build', '--packages-select', 'object_detection']
[0.246s] DEBUG:colcon:Parsed command line arguments: Namespace(log_base=None, log_level=None, verb_name='build', build_base='build', install_base='install', merge_install=False, symlink_install=False, test_result_base=None, continue_on_error=False, executor='parallel', parallel_workers=6, event_handlers=None, ignore_user_meta=False, metas=['./colcon.meta'], base_paths=['.'], packages_ignore=None, packages_ignore_regex=None, paths=None, packages_up_to=None, packages_up_to_regex=None, packages_above=None, packages_above_and_dependencies=None, packages_above_depth=None, packages_select_by_dep=None, packages_skip_by_dep=None, packages_skip_up_to=None, packages_select_build_failed=False, packages_skip_build_finished=False, packages_select_test_failures=False, packages_skip_test_passed=False, packages_select=['object_detection'], packages_skip=None, packages_select_regex=None, packages_skip_regex=None, packages_start=None, packages_end=None, allow_overriding=[], cmake_args=None, cmake_target=None, cmake_target_skip_unavailable=False, cmake_clean_cache=False, cmake_clean_first=False, cmake_force_configure=False, ament_cmake_args=None, catkin_cmake_args=None, catkin_skip_building_tests=False, verb_parser=<colcon_defaults.argument_parser.defaults.DefaultArgumentsDecorator object at 0xffffb1526aa0>, verb_extension=<colcon_core.verb.build.BuildVerb object at 0xffffb15264d0>, main=<bound method BuildVerb.main of <colcon_core.verb.build.BuildVerb object at 0xffffb15264d0>>)
[0.652s] Level 1:colcon.colcon_core.package_discovery:discover_packages(colcon_meta) check parameters
[0.653s] Level 1:colcon.colcon_core.package_discovery:discover_packages(recursive) check parameters
[0.653s] Level 1:colcon.colcon_core.package_discovery:discover_packages(ignore) check parameters
[0.653s] Level 1:colcon.colcon_core.package_discovery:discover_packages(path) check parameters
[0.653s] Level 1:colcon.colcon_core.package_discovery:discover_packages(colcon_meta) discover
[0.653s] Level 1:colcon.colcon_core.package_discovery:discover_packages(recursive) discover
[0.653s] INFO:colcon.colcon_core.package_discovery:Crawling recursively for packages in '/home/hermes/Hermes/hermes_ws'
[0.653s] Level 1:colcon.colcon_core.package_identification:_identify(.) by extensions ['ignore', 'ignore_ament_install']
[0.654s] Level 1:colcon.colcon_core.package_identification:_identify(.) by extension 'ignore'
[0.654s] Level 1:colcon.colcon_core.package_identification:_identify(.) by extension 'ignore_ament_install'
[0.654s] Level 1:colcon.colcon_core.package_identification:_identify(.) by extensions ['colcon_pkg']
[0.654s] Level 1:colcon.colcon_core.package_identification:_identify(.) by extension 'colcon_pkg'
[0.654s] Level 1:colcon.colcon_core.package_identification:_identify(.) by extensions ['colcon_meta']
[0.654s] Level 1:colcon.colcon_core.package_identification:_identify(.) by extension 'colcon_meta'
[0.654s] Level 1:colcon.colcon_core.package_identification:_identify(.) by extensions ['ros']
[0.654s] Level 1:colcon.colcon_core.package_identification:_identify(.) by extension 'ros'
[0.705s] Level 1:colcon.colcon_core.package_identification:_identify(.) by extensions ['cmake', 'python']
[0.706s] Level 1:colcon.colcon_core.package_identification:_identify(.) by extension 'cmake'
[0.706s] Level 1:colcon.colcon_core.package_identification:_identify(.) by extension 'python'
[0.706s] Level 1:colcon.colcon_core.package_identification:_identify(.) by extensions ['python_setup_py']
[0.706s] Level 1:colcon.colcon_core.package_identification:_identify(.) by extension 'python_setup_py'
[0.706s] Level 1:colcon.colcon_core.package_identification:_identify(build) by extensions ['ignore', 'ignore_ament_install']
[0.707s] Level 1:colcon.colcon_core.package_identification:_identify(build) by extension 'ignore'
[0.707s] Level 1:colcon.colcon_core.package_identification:_identify(build) ignored
[0.707s] Level 1:colcon.colcon_core.package_identification:_identify(install) by extensions ['ignore', 'ignore_ament_install']
[0.707s] Level 1:colcon.colcon_core.package_identification:_identify(install) by extension 'ignore'
[0.707s] Level 1:colcon.colcon_core.package_identification:_identify(install) ignored
[0.708s] Level 1:colcon.colcon_core.package_identification:_identify(log) by extensions ['ignore', 'ignore_ament_install']
[0.708s] Level 1:colcon.colcon_core.package_identification:_identify(log) by extension 'ignore'
[0.708s] Level 1:colcon.colcon_core.package_identification:_identify(log) ignored
[0.708s] Level 1:colcon.colcon_core.package_identification:_identify(runs) by extensions ['ignore', 'ignore_ament_install']
[0.708s] Level 1:colcon.colcon_core.package_identification:_identify(runs) by extension 'ignore'
[0.708s] Level 1:colcon.colcon_core.package_identification:_identify(runs) by extension 'ignore_ament_install'
[0.709s] Level 1:colcon.colcon_core.package_identification:_identify(runs) by extensions ['colcon_pkg']
[0.709s] Level 1:colcon.colcon_core.package_identification:_identify(runs) by extension 'colcon_pkg'
[0.709s] Level 1:colcon.colcon_core.package_identification:_identify(runs) by extensions ['colcon_meta']
[0.709s] Level 1:colcon.colcon_core.package_identification:_identify(runs) by extension 'colcon_meta'
[0.709s] Level 1:colcon.colcon_core.package_identification:_identify(runs) by extensions ['ros']
[0.709s] Level 1:colcon.colcon_core.package_identification:_identify(runs) by extension 'ros'
[0.709s] Level 1:colcon.colcon_core.package_identification:_identify(runs) by extensions ['cmake', 'python']
[0.709s] Level 1:colcon.colcon_core.package_identification:_identify(runs) by extension 'cmake'
[0.709s] Level 1:colcon.colcon_core.package_identification:_identify(runs) by extension 'python'
[0.709s] Level 1:colcon.colcon_core.package_identification:_identify(runs) by extensions ['python_setup_py']
[0.709s] Level 1:colcon.colcon_core.package_identification:_identify(runs) by extension 'python_setup_py'
[0.710s] Level 1:colcon.colcon_core.package_identification:_identify(runs/detect) by extensions ['ignore', 'ignore_ament_install']
[0.710s] Level 1:colcon.colcon_core.package_identification:_identify(runs/detect) by extension 'ignore'
[0.710s] Level 1:colcon.colcon_core.package_identification:_identify(runs/detect) by extension 'ignore_ament_install'
[0.710s] Level 1:colcon.colcon_core.package_identification:_identify(runs/detect) by extensions ['colcon_pkg']
[0.710s] Level 1:colcon.colcon_core.package_identification:_identify(runs/detect) by extension 'colcon_pkg'
[0.710s] Level 1:colcon.colcon_core.package_identification:_identify(runs/detect) by extensions ['colcon_meta']
[0.710s] Level 1:colcon.colcon_core.package_identification:_identify(runs/detect) by extension 'colcon_meta'
[0.710s] Level 1:colcon.colcon_core.package_identification:_identify(runs/detect) by extensions ['ros']
[0.711s] Level 1:colcon.colcon_core.package_identification:_identify(runs/detect) by extension 'ros'
[0.711s] Level 1:colcon.colcon_core.package_identification:_identify(runs/detect) by extensions ['cmake', 'python']
[0.711s] Level 1:colcon.colcon_core.package_identification:_identify(runs/detect) by extension 'cmake'
[0.711s] Level 1:colcon.colcon_core.package_identification:_identify(runs/detect) by extension 'python'
[0.711s] Level 1:colcon.colcon_core.package_identification:_identify(runs/detect) by extensions ['python_setup_py']
[0.711s] Level 1:colcon.colcon_core.package_identification:_identify(runs/detect) by extension 'python_setup_py'
[0.711s] Level 1:colcon.colcon_core.package_identification:_identify(runs/detect/train) by extensions ['ignore', 'ignore_ament_install']
[0.711s] Level 1:colcon.colcon_core.package_identification:_identify(runs/detect/train) by extension 'ignore'
[0.711s] Level 1:colcon.colcon_core.package_identification:_identify(runs/detect/train) by extension 'ignore_ament_install'
[0.712s] Level 1:colcon.colcon_core.package_identification:_identify(runs/detect/train) by extensions ['colcon_pkg']
[0.712s] Level 1:colcon.colcon_core.package_identification:_identify(runs/detect/train) by extension 'colcon_pkg'
[0.712s] Level 1:colcon.colcon_core.package_identification:_identify(runs/detect/train) by extensions ['colcon_meta']
[0.712s] Level 1:colcon.colcon_core.package_identification:_identify(runs/detect/train) by extension 'colcon_meta'
[0.712s] Level 1:colcon.colcon_core.package_identification:_identify(runs/detect/train) by extensions ['ros']
[0.712s] Level 1:colcon.colcon_core.package_identification:_identify(runs/detect/train) by extension 'ros'
[0.712s] Level 1:colcon.colcon_core.package_identification:_identify(runs/detect/train) by extensions ['cmake', 'python']
[0.712s] Level 1:colcon.colcon_core.package_identification:_identify(runs/detect/train) by extension 'cmake'
[0.712s] Level 1:colcon.colcon_core.package_identification:_identify(runs/detect/train) by extension 'python'
[0.712s] Level 1:colcon.colcon_core.package_identification:_identify(runs/detect/train) by extensions ['python_setup_py']
[0.713s] Level 1:colcon.colcon_core.package_identification:_identify(runs/detect/train) by extension 'python_setup_py'
[0.713s] Level 1:colcon.colcon_core.package_identification:_identify(runs/detect/train2) by extensions ['ignore', 'ignore_ament_install']
[0.713s] Level 1:colcon.colcon_core.package_identification:_identify(runs/detect/train2) by extension 'ignore'
[0.713s] Level 1:colcon.colcon_core.package_identification:_identify(runs/detect/train2) by extension 'ignore_ament_install'
[0.713s] Level 1:colcon.colcon_core.package_identification:_identify(runs/detect/train2) by extensions ['colcon_pkg']
[0.713s] Level 1:colcon.colcon_core.package_identification:_identify(runs/detect/train2) by extension 'colcon_pkg'
[0.713s] Level 1:colcon.colcon_core.package_identification:_identify(runs/detect/train2) by extensions ['colcon_meta']
[0.713s] Level 1:colcon.colcon_core.package_identification:_identify(runs/detect/train2) by extension 'colcon_meta'
[0.713s] Level 1:colcon.colcon_core.package_identification:_identify(runs/detect/train2) by extensions ['ros']
[0.713s] Level 1:colcon.colcon_core.package_identification:_identify(runs/detect/train2) by extension 'ros'
[0.714s] Level 1:colcon.colcon_core.package_identification:_identify(runs/detect/train2) by extensions ['cmake', 'python']
[0.714s] Level 1:colcon.colcon_core.package_identification:_identify(runs/detect/train2) by extension 'cmake'
[0.714s] Level 1:colcon.colcon_core.package_identification:_identify(runs/detect/train2) by extension 'python'
[0.714s] Level 1:colcon.colcon_core.package_identification:_identify(runs/detect/train2) by extensions ['python_setup_py']
[0.714s] Level 1:colcon.colcon_core.package_identification:_identify(runs/detect/train2) by extension 'python_setup_py'
[0.714s] Level 1:colcon.colcon_core.package_identification:_identify(runs/detect/train3) by extensions ['ignore', 'ignore_ament_install']
[0.714s] Level 1:colcon.colcon_core.package_identification:_identify(runs/detect/train3) by extension 'ignore'
[0.714s] Level 1:colcon.colcon_core.package_identification:_identify(runs/detect/train3) by extension 'ignore_ament_install'
[0.715s] Level 1:colcon.colcon_core.package_identification:_identify(runs/detect/train3) by extensions ['colcon_pkg']
[0.715s] Level 1:colcon.colcon_core.package_identification:_identify(runs/detect/train3) by extension 'colcon_pkg'
[0.715s] Level 1:colcon.colcon_core.package_identification:_identify(runs/detect/train3) by extensions ['colcon_meta']
[0.715s] Level 1:colcon.colcon_core.package_identification:_identify(runs/detect/train3) by extension 'colcon_meta'
[0.715s] Level 1:colcon.colcon_core.package_identification:_identify(runs/detect/train3) by extensions ['ros']
[0.715s] Level 1:colcon.colcon_core.package_identification:_identify(runs/detect/train3) by extension 'ros'
[0.715s] Level 1:colcon.colcon_core.package_identification:_identify(runs/detect/train3) by extensions ['cmake', 'python']
[0.715s] Level 1:colcon.colcon_core.package_identification:_identify(runs/detect/train3) by extension 'cmake'
[0.715s] Level 1:colcon.colcon_core.package_identification:_identify(runs/detect/train3) by extension 'python'
[0.715s] Level 1:colcon.colcon_core.package_identification:_identify(runs/detect/train3) by extensions ['python_setup_py']
[0.715s] Level 1:colcon.colcon_core.package_identification:_identify(runs/detect/train3) by extension 'python_setup_py'
[0.716s] Level 1:colcon.colcon_core.package_identification:_identify(runs/detect/train4) by extensions ['ignore', 'ignore_ament_install']
[0.716s] Level 1:colcon.colcon_core.package_identification:_identify(runs/detect/train4) by extension 'ignore'
[0.716s] Level 1:colcon.colcon_core.package_identification:_identify(runs/detect/train4) by extension 'ignore_ament_install'
[0.716s] Level 1:colcon.colcon_core.package_identification:_identify(runs/detect/train4) by extensions ['colcon_pkg']
[0.716s] Level 1:colcon.colcon_core.package_identification:_identify(runs/detect/train4) by extension 'colcon_pkg'
[0.716s] Level 1:colcon.colcon_core.package_identification:_identify(runs/detect/train4) by extensions ['colcon_meta']
[0.716s] Level 1:colcon.colcon_core.package_identification:_identify(runs/detect/train4) by extension 'colcon_meta'
[0.716s] Level 1:colcon.colcon_core.package_identification:_identify(runs/detect/train4) by extensions ['ros']
[0.716s] Level 1:colcon.colcon_core.package_identification:_identify(runs/detect/train4) by extension 'ros'
[0.717s] Level 1:colcon.colcon_core.package_identification:_identify(runs/detect/train4) by extensions ['cmake', 'python']
[0.717s] Level 1:colcon.colcon_core.package_identification:_identify(runs/detect/train4) by extension 'cmake'
[0.717s] Level 1:colcon.colcon_core.package_identification:_identify(runs/detect/train4) by extension 'python'
[0.717s] Level 1:colcon.colcon_core.package_identification:_identify(runs/detect/train4) by extensions ['python_setup_py']
[0.717s] Level 1:colcon.colcon_core.package_identification:_identify(runs/detect/train4) by extension 'python_setup_py'
[0.717s] Level 1:colcon.colcon_core.package_identification:_identify(runs/detect/train5) by extensions ['ignore', 'ignore_ament_install']
[0.717s] Level 1:colcon.colcon_core.package_identification:_identify(runs/detect/train5) by extension 'ignore'
[0.717s] Level 1:colcon.colcon_core.package_identification:_identify(runs/detect/train5) by extension 'ignore_ament_install'
[0.717s] Level 1:colcon.colcon_core.package_identification:_identify(runs/detect/train5) by extensions ['colcon_pkg']
[0.718s] Level 1:colcon.colcon_core.package_identification:_identify(runs/detect/train5) by extension 'colcon_pkg'
[0.718s] Level 1:colcon.colcon_core.package_identification:_identify(runs/detect/train5) by extensions ['colcon_meta']
[0.718s] Level 1:colcon.colcon_core.package_identification:_identify(runs/detect/train5) by extension 'colcon_meta'
[0.718s] Level 1:colcon.colcon_core.package_identification:_identify(runs/detect/train5) by extensions ['ros']
[0.718s] Level 1:colcon.colcon_core.package_identification:_identify(runs/detect/train5) by extension 'ros'
[0.718s] Level 1:colcon.colcon_core.package_identification:_identify(runs/detect/train5) by extensions ['cmake', 'python']
[0.718s] Level 1:colcon.colcon_core.package_identification:_identify(runs/detect/train5) by extension 'cmake'
[0.718s] Level 1:colcon.colcon_core.package_identification:_identify(runs/detect/train5) by extension 'python'
[0.718s] Level 1:colcon.colcon_core.package_identification:_identify(runs/detect/train5) by extensions ['python_setup_py']
[0.718s] Level 1:colcon.colcon_core.package_identification:_identify(runs/detect/train5) by extension 'python_setup_py'
[0.719s] Level 1:colcon.colcon_core.package_identification:_identify(runs/detect/train6) by extensions ['ignore', 'ignore_ament_install']
[0.719s] Level 1:colcon.colcon_core.package_identification:_identify(runs/detect/train6) by extension 'ignore'
[0.719s] Level 1:colcon.colcon_core.package_identification:_identify(runs/detect/train6) by extension 'ignore_ament_install'
[0.719s] Level 1:colcon.colcon_core.package_identification:_identify(runs/detect/train6) by extensions ['colcon_pkg']
[0.719s] Level 1:colcon.colcon_core.package_identification:_identify(runs/detect/train6) by extension 'colcon_pkg'
[0.719s] Level 1:colcon.colcon_core.package_identification:_identify(runs/detect/train6) by extensions ['colcon_meta']
[0.719s] Level 1:colcon.colcon_core.package_identification:_identify(runs/detect/train6) by extension 'colcon_meta'
[0.719s] Level 1:colcon.colcon_core.package_identification:_identify(runs/detect/train6) by extensions ['ros']
[0.719s] Level 1:colcon.colcon_core.package_identification:_identify(runs/detect/train6) by extension 'ros'
[0.719s] Level 1:colcon.colcon_core.package_identification:_identify(runs/detect/train6) by extensions ['cmake', 'python']
[0.720s] Level 1:colcon.colcon_core.package_identification:_identify(runs/detect/train6) by extension 'cmake'
[0.720s] Level 1:colcon.colcon_core.package_identification:_identify(runs/detect/train6) by extension 'python'
[0.720s] Level 1:colcon.colcon_core.package_identification:_identify(runs/detect/train6) by extensions ['python_setup_py']
[0.720s] Level 1:colcon.colcon_core.package_identification:_identify(runs/detect/train6) by extension 'python_setup_py'
[0.720s] Level 1:colcon.colcon_core.package_identification:_identify(runs/detect/train7) by extensions ['ignore', 'ignore_ament_install']
[0.720s] Level 1:colcon.colcon_core.package_identification:_identify(runs/detect/train7) by extension 'ignore'
[0.720s] Level 1:colcon.colcon_core.package_identification:_identify(runs/detect/train7) by extension 'ignore_ament_install'
[0.720s] Level 1:colcon.colcon_core.package_identification:_identify(runs/detect/train7) by extensions ['colcon_pkg']
[0.721s] Level 1:colcon.colcon_core.package_identification:_identify(runs/detect/train7) by extension 'colcon_pkg'
[0.721s] Level 1:colcon.colcon_core.package_identification:_identify(runs/detect/train7) by extensions ['colcon_meta']
[0.721s] Level 1:colcon.colcon_core.package_identification:_identify(runs/detect/train7) by extension 'colcon_meta'
[0.721s] Level 1:colcon.colcon_core.package_identification:_identify(runs/detect/train7) by extensions ['ros']
[0.721s] Level 1:colcon.colcon_core.package_identification:_identify(runs/detect/train7) by extension 'ros'
[0.721s] Level 1:colcon.colcon_core.package_identification:_identify(runs/detect/train7) by extensions ['cmake', 'python']
[0.721s] Level 1:colcon.colcon_core.package_identification:_identify(runs/detect/train7) by extension 'cmake'
[0.721s] Level 1:colcon.colcon_core.package_identification:_identify(runs/detect/train7) by extension 'python'
[0.721s] Level 1:colcon.colcon_core.package_identification:_identify(runs/detect/train7) by extensions ['python_setup_py']
[0.721s] Level 1:colcon.colcon_core.package_identification:_identify(runs/detect/train7) by extension 'python_setup_py'
[0.722s] Level 1:colcon.colcon_core.package_identification:_identify(runs/detect/train7/weights) by extensions ['ignore', 'ignore_ament_install']
[0.722s] Level 1:colcon.colcon_core.package_identification:_identify(runs/detect/train7/weights) by extension 'ignore'
[0.722s] Level 1:colcon.colcon_core.package_identification:_identify(runs/detect/train7/weights) by extension 'ignore_ament_install'
[0.722s] Level 1:colcon.colcon_core.package_identification:_identify(runs/detect/train7/weights) by extensions ['colcon_pkg']
[0.722s] Level 1:colcon.colcon_core.package_identification:_identify(runs/detect/train7/weights) by extension 'colcon_pkg'
[0.722s] Level 1:colcon.colcon_core.package_identification:_identify(runs/detect/train7/weights) by extensions ['colcon_meta']
[0.722s] Level 1:colcon.colcon_core.package_identification:_identify(runs/detect/train7/weights) by extension 'colcon_meta'
[0.722s] Level 1:colcon.colcon_core.package_identification:_identify(runs/detect/train7/weights) by extensions ['ros']
[0.722s] Level 1:colcon.colcon_core.package_identification:_identify(runs/detect/train7/weights) by extension 'ros'
[0.722s] Level 1:colcon.colcon_core.package_identification:_identify(runs/detect/train7/weights) by extensions ['cmake', 'python']
[0.722s] Level 1:colcon.colcon_core.package_identification:_identify(runs/detect/train7/weights) by extension 'cmake'
[0.723s] Level 1:colcon.colcon_core.package_identification:_identify(runs/detect/train7/weights) by extension 'python'
[0.723s] Level 1:colcon.colcon_core.package_identification:_identify(runs/detect/train7/weights) by extensions ['python_setup_py']
[0.723s] Level 1:colcon.colcon_core.package_identification:_identify(runs/detect/train7/weights) by extension 'python_setup_py'
[0.723s] Level 1:colcon.colcon_core.package_identification:_identify(src) by extensions ['ignore', 'ignore_ament_install']
[0.723s] Level 1:colcon.colcon_core.package_identification:_identify(src) by extension 'ignore'
[0.723s] Level 1:colcon.colcon_core.package_identification:_identify(src) by extension 'ignore_ament_install'
[0.723s] Level 1:colcon.colcon_core.package_identification:_identify(src) by extensions ['colcon_pkg']
[0.723s] Level 1:colcon.colcon_core.package_identification:_identify(src) by extension 'colcon_pkg'
[0.723s] Level 1:colcon.colcon_core.package_identification:_identify(src) by extensions ['colcon_meta']
[0.724s] Level 1:colcon.colcon_core.package_identification:_identify(src) by extension 'colcon_meta'
[0.724s] Level 1:colcon.colcon_core.package_identification:_identify(src) by extensions ['ros']
[0.724s] Level 1:colcon.colcon_core.package_identification:_identify(src) by extension 'ros'
[0.728s] DEBUG:colcon.colcon_core.package_identification:Failed to parse potential ROS package manifest in'src': Error(s) in package 'src/package.xml':
Error(s):
- The generic dependency on 'rclpy' is redundant with: exec_depend
- The generic dependency on 'nav_msgs' is redundant with: exec_depend
- The generic dependency on 'geometry_msgs' is redundant with: exec_depend
- The generic dependency on 'tf2_ros' is redundant with: exec_depend
- The generic dependency on 'tf_transformations' is redundant with: exec_depend
[0.728s] Level 1:colcon.colcon_core.package_identification:_identify(src) by extensions ['cmake', 'python']
[0.728s] Level 1:colcon.colcon_core.package_identification:_identify(src) by extension 'cmake'
[0.728s] Level 1:colcon.colcon_core.package_identification:_identify(src) by extension 'python'
[0.729s] Level 1:colcon.colcon_core.package_identification:_identify(src) by extensions ['python_setup_py']
[0.729s] Level 1:colcon.colcon_core.package_identification:_identify(src) by extension 'python_setup_py'
[0.729s] Level 1:colcon.colcon_core.package_identification:_identify(src/cameras) by extensions ['ignore', 'ignore_ament_install']
[0.729s] Level 1:colcon.colcon_core.package_identification:_identify(src/cameras) by extension 'ignore'
[0.729s] Level 1:colcon.colcon_core.package_identification:_identify(src/cameras) by extension 'ignore_ament_install'
[0.729s] Level 1:colcon.colcon_core.package_identification:_identify(src/cameras) by extensions ['colcon_pkg']
[0.729s] Level 1:colcon.colcon_core.package_identification:_identify(src/cameras) by extension 'colcon_pkg'
[0.730s] Level 1:colcon.colcon_core.package_identification:_identify(src/cameras) by extensions ['colcon_meta']
[0.730s] Level 1:colcon.colcon_core.package_identification:_identify(src/cameras) by extension 'colcon_meta'
[0.730s] Level 1:colcon.colcon_core.package_identification:_identify(src/cameras) by extensions ['ros']
[0.730s] Level 1:colcon.colcon_core.package_identification:_identify(src/cameras) by extension 'ros'
[0.732s] DEBUG:colcon.colcon_core.package_identification:Package 'src/cameras' with type 'ros.ament_python' and name 'cameras'
[0.733s] Level 1:colcon.colcon_core.package_identification:_identify(src/cmd_vel) by extensions ['ignore', 'ignore_ament_install']
[0.733s] Level 1:colcon.colcon_core.package_identification:_identify(src/cmd_vel) by extension 'ignore'
[0.733s] Level 1:colcon.colcon_core.package_identification:_identify(src/cmd_vel) by extension 'ignore_ament_install'
[0.733s] Level 1:colcon.colcon_core.package_identification:_identify(src/cmd_vel) by extensions ['colcon_pkg']
[0.733s] Level 1:colcon.colcon_core.package_identification:_identify(src/cmd_vel) by extension 'colcon_pkg'
[0.733s] Level 1:colcon.colcon_core.package_identification:_identify(src/cmd_vel) by extensions ['colcon_meta']
[0.733s] Level 1:colcon.colcon_core.package_identification:_identify(src/cmd_vel) by extension 'colcon_meta'
[0.734s] Level 1:colcon.colcon_core.package_identification:_identify(src/cmd_vel) by extensions ['ros']
[0.734s] Level 1:colcon.colcon_core.package_identification:_identify(src/cmd_vel) by extension 'ros'
[0.735s] DEBUG:colcon.colcon_core.package_identification:Package 'src/cmd_vel' with type 'ros.ament_python' and name 'cmd_vel'
[0.735s] Level 1:colcon.colcon_core.package_identification:_identify(src/diff_drive_controller) by extensions ['ignore', 'ignore_ament_install']
[0.735s] Level 1:colcon.colcon_core.package_identification:_identify(src/diff_drive_controller) by extension 'ignore'
[0.735s] Level 1:colcon.colcon_core.package_identification:_identify(src/diff_drive_controller) by extension 'ignore_ament_install'
[0.735s] Level 1:colcon.colcon_core.package_identification:_identify(src/diff_drive_controller) by extensions ['colcon_pkg']
[0.735s] Level 1:colcon.colcon_core.package_identification:_identify(src/diff_drive_controller) by extension 'colcon_pkg'
[0.736s] Level 1:colcon.colcon_core.package_identification:_identify(src/diff_drive_controller) by extensions ['colcon_meta']
[0.736s] Level 1:colcon.colcon_core.package_identification:_identify(src/diff_drive_controller) by extension 'colcon_meta'
[0.736s] Level 1:colcon.colcon_core.package_identification:_identify(src/diff_drive_controller) by extensions ['ros']
[0.736s] Level 1:colcon.colcon_core.package_identification:_identify(src/diff_drive_controller) by extension 'ros'
[0.736s] Level 1:colcon.colcon_core.package_identification:_identify(src/diff_drive_controller) by extensions ['cmake', 'python']
[0.736s] Level 1:colcon.colcon_core.package_identification:_identify(src/diff_drive_controller) by extension 'cmake'
[0.736s] Level 1:colcon.colcon_core.package_identification:_identify(src/diff_drive_controller) by extension 'python'
[0.736s] Level 1:colcon.colcon_core.package_identification:_identify(src/diff_drive_controller) by extensions ['python_setup_py']
[0.736s] Level 1:colcon.colcon_core.package_identification:_identify(src/diff_drive_controller) by extension 'python_setup_py'
[0.737s] Level 1:colcon.colcon_core.package_identification:_identify(src/gps_publisher) by extensions ['ignore', 'ignore_ament_install']
[0.737s] Level 1:colcon.colcon_core.package_identification:_identify(src/gps_publisher) by extension 'ignore'
[0.737s] Level 1:colcon.colcon_core.package_identification:_identify(src/gps_publisher) by extension 'ignore_ament_install'
[0.737s] Level 1:colcon.colcon_core.package_identification:_identify(src/gps_publisher) by extensions ['colcon_pkg']
[0.737s] Level 1:colcon.colcon_core.package_identification:_identify(src/gps_publisher) by extension 'colcon_pkg'
[0.737s] Level 1:colcon.colcon_core.package_identification:_identify(src/gps_publisher) by extensions ['colcon_meta']
[0.737s] Level 1:colcon.colcon_core.package_identification:_identify(src/gps_publisher) by extension 'colcon_meta'
[0.737s] Level 1:colcon.colcon_core.package_identification:_identify(src/gps_publisher) by extensions ['ros']
[0.737s] Level 1:colcon.colcon_core.package_identification:_identify(src/gps_publisher) by extension 'ros'
[0.738s] DEBUG:colcon.colcon_core.package_identification:Package 'src/gps_publisher' with type 'ros.ament_python' and name 'gps_publisher'
[0.739s] Level 1:colcon.colcon_core.package_identification:_identify(src/hermes_nav) by extensions ['ignore', 'ignore_ament_install']
[0.739s] Level 1:colcon.colcon_core.package_identification:_identify(src/hermes_nav) by extension 'ignore'
[0.739s] Level 1:colcon.colcon_core.package_identification:_identify(src/hermes_nav) by extension 'ignore_ament_install'
[0.739s] Level 1:colcon.colcon_core.package_identification:_identify(src/hermes_nav) by extensions ['colcon_pkg']
[0.739s] Level 1:colcon.colcon_core.package_identification:_identify(src/hermes_nav) by extension 'colcon_pkg'
[0.739s] Level 1:colcon.colcon_core.package_identification:_identify(src/hermes_nav) by extensions ['colcon_meta']
[0.739s] Level 1:colcon.colcon_core.package_identification:_identify(src/hermes_nav) by extension 'colcon_meta'
[0.739s] Level 1:colcon.colcon_core.package_identification:_identify(src/hermes_nav) by extensions ['ros']
[0.739s] Level 1:colcon.colcon_core.package_identification:_identify(src/hermes_nav) by extension 'ros'
[0.741s] DEBUG:colcon.colcon_core.package_identification:Package 'src/hermes_nav' with type 'ros.ament_python' and name 'hermes_nav'
[0.741s] Level 1:colcon.colcon_core.package_identification:_identify(src/hermes_urdf) by extensions ['ignore', 'ignore_ament_install']
[0.741s] Level 1:colcon.colcon_core.package_identification:_identify(src/hermes_urdf) by extension 'ignore'
[0.741s] Level 1:colcon.colcon_core.package_identification:_identify(src/hermes_urdf) by extension 'ignore_ament_install'
[0.741s] Level 1:colcon.colcon_core.package_identification:_identify(src/hermes_urdf) by extensions ['colcon_pkg']
[0.741s] Level 1:colcon.colcon_core.package_identification:_identify(src/hermes_urdf) by extension 'colcon_pkg'
[0.741s] Level 1:colcon.colcon_core.package_identification:_identify(src/hermes_urdf) by extensions ['colcon_meta']
[0.741s] Level 1:colcon.colcon_core.package_identification:_identify(src/hermes_urdf) by extension 'colcon_meta'
[0.742s] Level 1:colcon.colcon_core.package_identification:_identify(src/hermes_urdf) by extensions ['ros']
[0.742s] Level 1:colcon.colcon_core.package_identification:_identify(src/hermes_urdf) by extension 'ros'
[0.743s] DEBUG:colcon.colcon_core.package_identification:Package 'src/hermes_urdf' with type 'ros.ament_cmake' and name 'hermes_urdf'
[0.743s] Level 1:colcon.colcon_core.package_identification:_identify(src/imu_filter_madgwick) by extensions ['ignore', 'ignore_ament_install']
[0.743s] Level 1:colcon.colcon_core.package_identification:_identify(src/imu_filter_madgwick) by extension 'ignore'
[0.743s] Level 1:colcon.colcon_core.package_identification:_identify(src/imu_filter_madgwick) by extension 'ignore_ament_install'
[0.743s] Level 1:colcon.colcon_core.package_identification:_identify(src/imu_filter_madgwick) by extensions ['colcon_pkg']
[0.743s] Level 1:colcon.colcon_core.package_identification:_identify(src/imu_filter_madgwick) by extension 'colcon_pkg'
[0.744s] Level 1:colcon.colcon_core.package_identification:_identify(src/imu_filter_madgwick) by extensions ['colcon_meta']
[0.744s] Level 1:colcon.colcon_core.package_identification:_identify(src/imu_filter_madgwick) by extension 'colcon_meta'
[0.744s] Level 1:colcon.colcon_core.package_identification:_identify(src/imu_filter_madgwick) by extensions ['ros']
[0.744s] Level 1:colcon.colcon_core.package_identification:_identify(src/imu_filter_madgwick) by extension 'ros'
[0.746s] DEBUG:colcon.colcon_core.package_identification:Package 'src/imu_filter_madgwick' with type 'ros.ament_cmake' and name 'imu_filter_madgwick'
[0.746s] Level 1:colcon.colcon_core.package_identification:_identify(src/imu_raw_publisher) by extensions ['ignore', 'ignore_ament_install']
[0.747s] Level 1:colcon.colcon_core.package_identification:_identify(src/imu_raw_publisher) by extension 'ignore'
[0.747s] Level 1:colcon.colcon_core.package_identification:_identify(src/imu_raw_publisher) by extension 'ignore_ament_install'
[0.747s] Level 1:colcon.colcon_core.package_identification:_identify(src/imu_raw_publisher) by extensions ['colcon_pkg']
[0.747s] Level 1:colcon.colcon_core.package_identification:_identify(src/imu_raw_publisher) by extension 'colcon_pkg'
[0.747s] Level 1:colcon.colcon_core.package_identification:_identify(src/imu_raw_publisher) by extensions ['colcon_meta']
[0.747s] Level 1:colcon.colcon_core.package_identification:_identify(src/imu_raw_publisher) by extension 'colcon_meta'
[0.747s] Level 1:colcon.colcon_core.package_identification:_identify(src/imu_raw_publisher) by extensions ['ros']
[0.747s] Level 1:colcon.colcon_core.package_identification:_identify(src/imu_raw_publisher) by extension 'ros'
[0.749s] DEBUG:colcon.colcon_core.package_identification:Package 'src/imu_raw_publisher' with type 'ros.ament_python' and name 'icm20948_publisher'
[0.749s] Level 1:colcon.colcon_core.package_identification:_identify(src/lidar_publisher) by extensions ['ignore', 'ignore_ament_install']
[0.749s] Level 1:colcon.colcon_core.package_identification:_identify(src/lidar_publisher) by extension 'ignore'
[0.749s] Level 1:colcon.colcon_core.package_identification:_identify(src/lidar_publisher) by extension 'ignore_ament_install'
[0.749s] Level 1:colcon.colcon_core.package_identification:_identify(src/lidar_publisher) by extensions ['colcon_pkg']
[0.749s] Level 1:colcon.colcon_core.package_identification:_identify(src/lidar_publisher) by extension 'colcon_pkg'
[0.749s] Level 1:colcon.colcon_core.package_identification:_identify(src/lidar_publisher) by extensions ['colcon_meta']
[0.749s] Level 1:colcon.colcon_core.package_identification:_identify(src/lidar_publisher) by extension 'colcon_meta'
[0.750s] Level 1:colcon.colcon_core.package_identification:_identify(src/lidar_publisher) by extensions ['ros']
[0.750s] Level 1:colcon.colcon_core.package_identification:_identify(src/lidar_publisher) by extension 'ros'
[0.750s] Level 1:colcon.colcon_core.package_identification:_identify(src/lidar_publisher) by extensions ['cmake', 'python']
[0.750s] Level 1:colcon.colcon_core.package_identification:_identify(src/lidar_publisher) by extension 'cmake'
[0.750s] Level 1:colcon.colcon_core.package_identification:_identify(src/lidar_publisher) by extension 'python'
[0.750s] Level 1:colcon.colcon_core.package_identification:_identify(src/lidar_publisher) by extensions ['python_setup_py']
[0.750s] Level 1:colcon.colcon_core.package_identification:_identify(src/lidar_publisher) by extension 'python_setup_py'
[0.750s] Level 1:colcon.colcon_core.package_identification:_identify(src/lidar_publisher/3d_model) by extensions ['ignore', 'ignore_ament_install']
[0.750s] Level 1:colcon.colcon_core.package_identification:_identify(src/lidar_publisher/3d_model) by extension 'ignore'
[0.751s] Level 1:colcon.colcon_core.package_identification:_identify(src/lidar_publisher/3d_model) by extension 'ignore_ament_install'
[0.751s] Level 1:colcon.colcon_core.package_identification:_identify(src/lidar_publisher/3d_model) by extensions ['colcon_pkg']
[0.751s] Level 1:colcon.colcon_core.package_identification:_identify(src/lidar_publisher/3d_model) by extension 'colcon_pkg'
[0.751s] Level 1:colcon.colcon_core.package_identification:_identify(src/lidar_publisher/3d_model) by extensions ['colcon_meta']
[0.751s] Level 1:colcon.colcon_core.package_identification:_identify(src/lidar_publisher/3d_model) by extension 'colcon_meta'
[0.751s] Level 1:colcon.colcon_core.package_identification:_identify(src/lidar_publisher/3d_model) by extensions ['ros']
[0.751s] Level 1:colcon.colcon_core.package_identification:_identify(src/lidar_publisher/3d_model) by extension 'ros'
[0.751s] Level 1:colcon.colcon_core.package_identification:_identify(src/lidar_publisher/3d_model) by extensions ['cmake', 'python']
[0.751s] Level 1:colcon.colcon_core.package_identification:_identify(src/lidar_publisher/3d_model) by extension 'cmake'
[0.751s] Level 1:colcon.colcon_core.package_identification:_identify(src/lidar_publisher/3d_model) by extension 'python'
[0.752s] Level 1:colcon.colcon_core.package_identification:_identify(src/lidar_publisher/3d_model) by extensions ['python_setup_py']
[0.752s] Level 1:colcon.colcon_core.package_identification:_identify(src/lidar_publisher/3d_model) by extension 'python_setup_py'
[0.752s] Level 1:colcon.colcon_core.package_identification:_identify(src/lidar_publisher/docs) by extensions ['ignore', 'ignore_ament_install']
[0.752s] Level 1:colcon.colcon_core.package_identification:_identify(src/lidar_publisher/docs) by extension 'ignore'
[0.752s] Level 1:colcon.colcon_core.package_identification:_identify(src/lidar_publisher/docs) by extension 'ignore_ament_install'
[0.752s] Level 1:colcon.colcon_core.package_identification:_identify(src/lidar_publisher/docs) by extensions ['colcon_pkg']
[0.752s] Level 1:colcon.colcon_core.package_identification:_identify(src/lidar_publisher/docs) by extension 'colcon_pkg'
[0.752s] Level 1:colcon.colcon_core.package_identification:_identify(src/lidar_publisher/docs) by extensions ['colcon_meta']
[0.752s] Level 1:colcon.colcon_core.package_identification:_identify(src/lidar_publisher/docs) by extension 'colcon_meta'
[0.753s] Level 1:colcon.colcon_core.package_identification:_identify(src/lidar_publisher/docs) by extensions ['ros']
[0.753s] Level 1:colcon.colcon_core.package_identification:_identify(src/lidar_publisher/docs) by extension 'ros'
[0.753s] Level 1:colcon.colcon_core.package_identification:_identify(src/lidar_publisher/docs) by extensions ['cmake', 'python']
[0.753s] Level 1:colcon.colcon_core.package_identification:_identify(src/lidar_publisher/docs) by extension 'cmake'
[0.753s] Level 1:colcon.colcon_core.package_identification:_identify(src/lidar_publisher/docs) by extension 'python'
[0.753s] Level 1:colcon.colcon_core.package_identification:_identify(src/lidar_publisher/docs) by extensions ['python_setup_py']
[0.753s] Level 1:colcon.colcon_core.package_identification:_identify(src/lidar_publisher/docs) by extension 'python_setup_py'
[0.753s] Level 1:colcon.colcon_core.package_identification:_identify(src/lidar_publisher/images) by extensions ['ignore', 'ignore_ament_install']
[0.753s] Level 1:colcon.colcon_core.package_identification:_identify(src/lidar_publisher/images) by extension 'ignore'
[0.754s] Level 1:colcon.colcon_core.package_identification:_identify(src/lidar_publisher/images) by extension 'ignore_ament_install'
[0.754s] Level 1:colcon.colcon_core.package_identification:_identify(src/lidar_publisher/images) by extensions ['colcon_pkg']
[0.754s] Level 1:colcon.colcon_core.package_identification:_identify(src/lidar_publisher/images) by extension 'colcon_pkg'
[0.754s] Level 1:colcon.colcon_core.package_identification:_identify(src/lidar_publisher/images) by extensions ['colcon_meta']
[0.754s] Level 1:colcon.colcon_core.package_identification:_identify(src/lidar_publisher/images) by extension 'colcon_meta'
[0.754s] Level 1:colcon.colcon_core.package_identification:_identify(src/lidar_publisher/images) by extensions ['ros']
[0.754s] Level 1:colcon.colcon_core.package_identification:_identify(src/lidar_publisher/images) by extension 'ros'
[0.754s] Level 1:colcon.colcon_core.package_identification:_identify(src/lidar_publisher/images) by extensions ['cmake', 'python']
[0.754s] Level 1:colcon.colcon_core.package_identification:_identify(src/lidar_publisher/images) by extension 'cmake'
[0.754s] Level 1:colcon.colcon_core.package_identification:_identify(src/lidar_publisher/images) by extension 'python'
[0.755s] Level 1:colcon.colcon_core.package_identification:_identify(src/lidar_publisher/images) by extensions ['python_setup_py']
[0.755s] Level 1:colcon.colcon_core.package_identification:_identify(src/lidar_publisher/images) by extension 'python_setup_py'
[0.755s] Level 1:colcon.colcon_core.package_identification:_identify(src/lidar_publisher/ldlidar) by extensions ['ignore', 'ignore_ament_install']
[0.755s] Level 1:colcon.colcon_core.package_identification:_identify(src/lidar_publisher/ldlidar) by extension 'ignore'
[0.755s] Level 1:colcon.colcon_core.package_identification:_identify(src/lidar_publisher/ldlidar) by extension 'ignore_ament_install'
[0.755s] Level 1:colcon.colcon_core.package_identification:_identify(src/lidar_publisher/ldlidar) by extensions ['colcon_pkg']
[0.755s] Level 1:colcon.colcon_core.package_identification:_identify(src/lidar_publisher/ldlidar) by extension 'colcon_pkg'
[0.755s] Level 1:colcon.colcon_core.package_identification:_identify(src/lidar_publisher/ldlidar) by extensions ['colcon_meta']
[0.755s] Level 1:colcon.colcon_core.package_identification:_identify(src/lidar_publisher/ldlidar) by extension 'colcon_meta'
[0.756s] Level 1:colcon.colcon_core.package_identification:_identify(src/lidar_publisher/ldlidar) by extensions ['ros']
[0.756s] Level 1:colcon.colcon_core.package_identification:_identify(src/lidar_publisher/ldlidar) by extension 'ros'
[0.757s] DEBUG:colcon.colcon_core.package_identification:Package 'src/lidar_publisher/ldlidar' with type 'ros.ament_cmake' and name 'ldlidar'
[0.757s] Level 1:colcon.colcon_core.package_identification:_identify(src/lidar_publisher/ldlidar_component) by extensions ['ignore', 'ignore_ament_install']
[0.757s] Level 1:colcon.colcon_core.package_identification:_identify(src/lidar_publisher/ldlidar_component) by extension 'ignore'
[0.757s] Level 1:colcon.colcon_core.package_identification:_identify(src/lidar_publisher/ldlidar_component) by extension 'ignore_ament_install'
[0.757s] Level 1:colcon.colcon_core.package_identification:_identify(src/lidar_publisher/ldlidar_component) by extensions ['colcon_pkg']
[0.757s] Level 1:colcon.colcon_core.package_identification:_identify(src/lidar_publisher/ldlidar_component) by extension 'colcon_pkg'
[0.758s] Level 1:colcon.colcon_core.package_identification:_identify(src/lidar_publisher/ldlidar_component) by extensions ['colcon_meta']
[0.758s] Level 1:colcon.colcon_core.package_identification:_identify(src/lidar_publisher/ldlidar_component) by extension 'colcon_meta'
[0.758s] Level 1:colcon.colcon_core.package_identification:_identify(src/lidar_publisher/ldlidar_component) by extensions ['ros']
[0.758s] Level 1:colcon.colcon_core.package_identification:_identify(src/lidar_publisher/ldlidar_component) by extension 'ros'
[0.760s] DEBUG:colcon.colcon_core.package_identification:Package 'src/lidar_publisher/ldlidar_component' with type 'ros.ament_cmake' and name 'ldlidar_component'
[0.760s] Level 1:colcon.colcon_core.package_identification:_identify(src/lidar_publisher/ldlidar_node) by extensions ['ignore', 'ignore_ament_install']
[0.761s] Level 1:colcon.colcon_core.package_identification:_identify(src/lidar_publisher/ldlidar_node) by extension 'ignore'
[0.761s] Level 1:colcon.colcon_core.package_identification:_identify(src/lidar_publisher/ldlidar_node) by extension 'ignore_ament_install'
[0.761s] Level 1:colcon.colcon_core.package_identification:_identify(src/lidar_publisher/ldlidar_node) by extensions ['colcon_pkg']
[0.761s] Level 1:colcon.colcon_core.package_identification:_identify(src/lidar_publisher/ldlidar_node) by extension 'colcon_pkg'
[0.761s] Level 1:colcon.colcon_core.package_identification:_identify(src/lidar_publisher/ldlidar_node) by extensions ['colcon_meta']
[0.761s] Level 1:colcon.colcon_core.package_identification:_identify(src/lidar_publisher/ldlidar_node) by extension 'colcon_meta'
[0.761s] Level 1:colcon.colcon_core.package_identification:_identify(src/lidar_publisher/ldlidar_node) by extensions ['ros']
[0.761s] Level 1:colcon.colcon_core.package_identification:_identify(src/lidar_publisher/ldlidar_node) by extension 'ros'
[0.763s] DEBUG:colcon.colcon_core.package_identification:Package 'src/lidar_publisher/ldlidar_node' with type 'ros.ament_cmake' and name 'ldlidar_node'
[0.763s] Level 1:colcon.colcon_core.package_identification:_identify(src/lidar_publisher/rules) by extensions ['ignore', 'ignore_ament_install']
[0.763s] Level 1:colcon.colcon_core.package_identification:_identify(src/lidar_publisher/rules) by extension 'ignore'
[0.763s] Level 1:colcon.colcon_core.package_identification:_identify(src/lidar_publisher/rules) by extension 'ignore_ament_install'
[0.763s] Level 1:colcon.colcon_core.package_identification:_identify(src/lidar_publisher/rules) by extensions ['colcon_pkg']
[0.764s] Level 1:colcon.colcon_core.package_identification:_identify(src/lidar_publisher/rules) by extension 'colcon_pkg'
[0.764s] Level 1:colcon.colcon_core.package_identification:_identify(src/lidar_publisher/rules) by extensions ['colcon_meta']
[0.764s] Level 1:colcon.colcon_core.package_identification:_identify(src/lidar_publisher/rules) by extension 'colcon_meta'
[0.764s] Level 1:colcon.colcon_core.package_identification:_identify(src/lidar_publisher/rules) by extensions ['ros']
[0.764s] Level 1:colcon.colcon_core.package_identification:_identify(src/lidar_publisher/rules) by extension 'ros'
[0.764s] Level 1:colcon.colcon_core.package_identification:_identify(src/lidar_publisher/rules) by extensions ['cmake', 'python']
[0.764s] Level 1:colcon.colcon_core.package_identification:_identify(src/lidar_publisher/rules) by extension 'cmake'
[0.764s] Level 1:colcon.colcon_core.package_identification:_identify(src/lidar_publisher/rules) by extension 'python'
[0.764s] Level 1:colcon.colcon_core.package_identification:_identify(src/lidar_publisher/rules) by extensions ['python_setup_py']
[0.764s] Level 1:colcon.colcon_core.package_identification:_identify(src/lidar_publisher/rules) by extension 'python_setup_py'
[0.765s] Level 1:colcon.colcon_core.package_identification:_identify(src/lidar_publisher/scripts) by extensions ['ignore', 'ignore_ament_install']
[0.765s] Level 1:colcon.colcon_core.package_identification:_identify(src/lidar_publisher/scripts) by extension 'ignore'
[0.765s] Level 1:colcon.colcon_core.package_identification:_identify(src/lidar_publisher/scripts) by extension 'ignore_ament_install'
[0.765s] Level 1:colcon.colcon_core.package_identification:_identify(src/lidar_publisher/scripts) by extensions ['colcon_pkg']
[0.765s] Level 1:colcon.colcon_core.package_identification:_identify(src/lidar_publisher/scripts) by extension 'colcon_pkg'
[0.765s] Level 1:colcon.colcon_core.package_identification:_identify(src/lidar_publisher/scripts) by extensions ['colcon_meta']
[0.765s] Level 1:colcon.colcon_core.package_identification:_identify(src/lidar_publisher/scripts) by extension 'colcon_meta'
[0.765s] Level 1:colcon.colcon_core.package_identification:_identify(src/lidar_publisher/scripts) by extensions ['ros']
[0.765s] Level 1:colcon.colcon_core.package_identification:_identify(src/lidar_publisher/scripts) by extension 'ros'
[0.766s] Level 1:colcon.colcon_core.package_identification:_identify(src/lidar_publisher/scripts) by extensions ['cmake', 'python']
[0.766s] Level 1:colcon.colcon_core.package_identification:_identify(src/lidar_publisher/scripts) by extension 'cmake'
[0.766s] Level 1:colcon.colcon_core.package_identification:_identify(src/lidar_publisher/scripts) by extension 'python'
[0.766s] Level 1:colcon.colcon_core.package_identification:_identify(src/lidar_publisher/scripts) by extensions ['python_setup_py']
[0.766s] Level 1:colcon.colcon_core.package_identification:_identify(src/lidar_publisher/scripts) by extension 'python_setup_py'
[0.766s] Level 1:colcon.colcon_core.package_identification:_identify(src/multi_package_launcher) by extensions ['ignore', 'ignore_ament_install']
[0.766s] Level 1:colcon.colcon_core.package_identification:_identify(src/multi_package_launcher) by extension 'ignore'
[0.766s] Level 1:colcon.colcon_core.package_identification:_identify(src/multi_package_launcher) by extension 'ignore_ament_install'
[0.766s] Level 1:colcon.colcon_core.package_identification:_identify(src/multi_package_launcher) by extensions ['colcon_pkg']
[0.767s] Level 1:colcon.colcon_core.package_identification:_identify(src/multi_package_launcher) by extension 'colcon_pkg'
[0.767s] Level 1:colcon.colcon_core.package_identification:_identify(src/multi_package_launcher) by extensions ['colcon_meta']
[0.767s] Level 1:colcon.colcon_core.package_identification:_identify(src/multi_package_launcher) by extension 'colcon_meta'
[0.767s] Level 1:colcon.colcon_core.package_identification:_identify(src/multi_package_launcher) by extensions ['ros']
[0.767s] Level 1:colcon.colcon_core.package_identification:_identify(src/multi_package_launcher) by extension 'ros'
[0.768s] DEBUG:colcon.colcon_core.package_identification:Package 'src/multi_package_launcher' with type 'ros.ament_python' and name 'multi_package_launcher'
[0.768s] Level 1:colcon.colcon_core.package_identification:_identify(src/my_tf2_broadcaster) by extensions ['ignore', 'ignore_ament_install']
[0.768s] Level 1:colcon.colcon_core.package_identification:_identify(src/my_tf2_broadcaster) by extension 'ignore'
[0.768s] Level 1:colcon.colcon_core.package_identification:_identify(src/my_tf2_broadcaster) by extension 'ignore_ament_install'
[0.768s] Level 1:colcon.colcon_core.package_identification:_identify(src/my_tf2_broadcaster) by extensions ['colcon_pkg']
[0.768s] Level 1:colcon.colcon_core.package_identification:_identify(src/my_tf2_broadcaster) by extension 'colcon_pkg'
[0.769s] Level 1:colcon.colcon_core.package_identification:_identify(src/my_tf2_broadcaster) by extensions ['colcon_meta']
[0.769s] Level 1:colcon.colcon_core.package_identification:_identify(src/my_tf2_broadcaster) by extension 'colcon_meta'
[0.769s] Level 1:colcon.colcon_core.package_identification:_identify(src/my_tf2_broadcaster) by extensions ['ros']
[0.769s] Level 1:colcon.colcon_core.package_identification:_identify(src/my_tf2_broadcaster) by extension 'ros'
[0.770s] DEBUG:colcon.colcon_core.package_identification:Package 'src/my_tf2_broadcaster' with type 'ros.ament_python' and name 'my_tf2_broadcaster'
[0.770s] Level 1:colcon.colcon_core.package_identification:_identify(src/object_detection) by extensions ['ignore', 'ignore_ament_install']
[0.770s] Level 1:colcon.colcon_core.package_identification:_identify(src/object_detection) by extension 'ignore'
[0.771s] Level 1:colcon.colcon_core.package_identification:_identify(src/object_detection) by extension 'ignore_ament_install'
[0.771s] Level 1:colcon.colcon_core.package_identification:_identify(src/object_detection) by extensions ['colcon_pkg']
[0.771s] Level 1:colcon.colcon_core.package_identification:_identify(src/object_detection) by extension 'colcon_pkg'
[0.771s] Level 1:colcon.colcon_core.package_identification:_identify(src/object_detection) by extensions ['colcon_meta']
[0.771s] Level 1:colcon.colcon_core.package_identification:_identify(src/object_detection) by extension 'colcon_meta'
[0.771s] Level 1:colcon.colcon_core.package_identification:_identify(src/object_detection) by extensions ['ros']
[0.771s] Level 1:colcon.colcon_core.package_identification:_identify(src/object_detection) by extension 'ros'
[0.772s] DEBUG:colcon.colcon_core.package_identification:Package 'src/object_detection' with type 'ros.ament_python' and name 'object_detection'
[0.772s] Level 1:colcon.colcon_core.package_identification:_identify(src/odometry_publisher) by extensions ['ignore', 'ignore_ament_install']
[0.772s] Level 1:colcon.colcon_core.package_identification:_identify(src/odometry_publisher) by extension 'ignore'
[0.773s] Level 1:colcon.colcon_core.package_identification:_identify(src/odometry_publisher) by extension 'ignore_ament_install'
[0.773s] Level 1:colcon.colcon_core.package_identification:_identify(src/odometry_publisher) by extensions ['colcon_pkg']
[0.773s] Level 1:colcon.colcon_core.package_identification:_identify(src/odometry_publisher) by extension 'colcon_pkg'
[0.773s] Level 1:colcon.colcon_core.package_identification:_identify(src/odometry_publisher) by extensions ['colcon_meta']
[0.773s] Level 1:colcon.colcon_core.package_identification:_identify(src/odometry_publisher) by extension 'colcon_meta'
[0.773s] Level 1:colcon.colcon_core.package_identification:_identify(src/odometry_publisher) by extensions ['ros']
[0.773s] Level 1:colcon.colcon_core.package_identification:_identify(src/odometry_publisher) by extension 'ros'
[0.775s] DEBUG:colcon.colcon_core.package_identification:Package 'src/odometry_publisher' with type 'ros.ament_python' and name 'odometry_publisher'
[0.775s] Level 1:colcon.colcon_core.package_identification:_identify(src/path_creator) by extensions ['ignore', 'ignore_ament_install']
[0.775s] Level 1:colcon.colcon_core.package_identification:_identify(src/path_creator) by extension 'ignore'
[0.775s] Level 1:colcon.colcon_core.package_identification:_identify(src/path_creator) by extension 'ignore_ament_install'
[0.775s] Level 1:colcon.colcon_core.package_identification:_identify(src/path_creator) by extensions ['colcon_pkg']
[0.776s] Level 1:colcon.colcon_core.package_identification:_identify(src/path_creator) by extension 'colcon_pkg'
[0.776s] Level 1:colcon.colcon_core.package_identification:_identify(src/path_creator) by extensions ['colcon_meta']
[0.776s] Level 1:colcon.colcon_core.package_identification:_identify(src/path_creator) by extension 'colcon_meta'
[0.776s] Level 1:colcon.colcon_core.package_identification:_identify(src/path_creator) by extensions ['ros']
[0.776s] Level 1:colcon.colcon_core.package_identification:_identify(src/path_creator) by extension 'ros'
[0.777s] DEBUG:colcon.colcon_core.package_identification:Package 'src/path_creator' with type 'ros.ament_python' and name 'path_creator'
[0.778s] Level 1:colcon.colcon_core.package_identification:_identify(src/robot_localization_pkg) by extensions ['ignore', 'ignore_ament_install']
[0.778s] Level 1:colcon.colcon_core.package_identification:_identify(src/robot_localization_pkg) by extension 'ignore'
[0.778s] Level 1:colcon.colcon_core.package_identification:_identify(src/robot_localization_pkg) by extension 'ignore_ament_install'
[0.778s] Level 1:colcon.colcon_core.package_identification:_identify(src/robot_localization_pkg) by extensions ['colcon_pkg']
[0.778s] Level 1:colcon.colcon_core.package_identification:_identify(src/robot_localization_pkg) by extension 'colcon_pkg'
[0.778s] Level 1:colcon.colcon_core.package_identification:_identify(src/robot_localization_pkg) by extensions ['colcon_meta']
[0.778s] Level 1:colcon.colcon_core.package_identification:_identify(src/robot_localization_pkg) by extension 'colcon_meta'
[0.778s] Level 1:colcon.colcon_core.package_identification:_identify(src/robot_localization_pkg) by extensions ['ros']
[0.778s] Level 1:colcon.colcon_core.package_identification:_identify(src/robot_localization_pkg) by extension 'ros'
[0.780s] DEBUG:colcon.colcon_core.package_identification:Package 'src/robot_localization_pkg' with type 'ros.ament_python' and name 'robot_localization_pkg'
[0.780s] Level 1:colcon.colcon_core.package_identification:_identify(src/teleop_control) by extensions ['ignore', 'ignore_ament_install']
[0.780s] Level 1:colcon.colcon_core.package_identification:_identify(src/teleop_control) by extension 'ignore'
[0.780s] Level 1:colcon.colcon_core.package_identification:_identify(src/teleop_control) by extension 'ignore_ament_install'
[0.781s] Level 1:colcon.colcon_core.package_identification:_identify(src/teleop_control) by extensions ['colcon_pkg']
[0.781s] Level 1:colcon.colcon_core.package_identification:_identify(src/teleop_control) by extension 'colcon_pkg'
[0.781s] Level 1:colcon.colcon_core.package_identification:_identify(src/teleop_control) by extensions ['colcon_meta']
[0.781s] Level 1:colcon.colcon_core.package_identification:_identify(src/teleop_control) by extension 'colcon_meta'
[0.781s] Level 1:colcon.colcon_core.package_identification:_identify(src/teleop_control) by extensions ['ros']
[0.781s] Level 1:colcon.colcon_core.package_identification:_identify(src/teleop_control) by extension 'ros'
[0.782s] DEBUG:colcon.colcon_core.package_identification:Package 'src/teleop_control' with type 'ros.ament_python' and name 'teleop_control'
[0.782s] Level 1:colcon.colcon_core.package_identification:_identify(src/tof_publisher) by extensions ['ignore', 'ignore_ament_install']
[0.782s] Level 1:colcon.colcon_core.package_identification:_identify(src/tof_publisher) by extension 'ignore'
[0.783s] Level 1:colcon.colcon_core.package_identification:_identify(src/tof_publisher) by extension 'ignore_ament_install'
[0.783s] Level 1:colcon.colcon_core.package_identification:_identify(src/tof_publisher) by extensions ['colcon_pkg']
[0.783s] Level 1:colcon.colcon_core.package_identification:_identify(src/tof_publisher) by extension 'colcon_pkg'
[0.783s] Level 1:colcon.colcon_core.package_identification:_identify(src/tof_publisher) by extensions ['colcon_meta']
[0.783s] Level 1:colcon.colcon_core.package_identification:_identify(src/tof_publisher) by extension 'colcon_meta'
[0.783s] Level 1:colcon.colcon_core.package_identification:_identify(src/tof_publisher) by extensions ['ros']
[0.783s] Level 1:colcon.colcon_core.package_identification:_identify(src/tof_publisher) by extension 'ros'
[0.784s] DEBUG:colcon.colcon_core.package_identification:Package 'src/tof_publisher' with type 'ros.ament_python' and name 'tof_publisher'
[0.784s] Level 1:colcon.colcon_core.package_discovery:discover_packages(recursive) using defaults
[0.784s] Level 1:colcon.colcon_core.package_discovery:discover_packages(ignore) discover
[0.784s] Level 1:colcon.colcon_core.package_discovery:discover_packages(ignore) using defaults
[0.785s] Level 1:colcon.colcon_core.package_discovery:discover_packages(path) discover
[0.785s] Level 1:colcon.colcon_core.package_discovery:discover_packages(path) using defaults
[0.836s] INFO:colcon.colcon_core.package_selection:Skipping not selected package 'cameras' in 'src/cameras'
[0.836s] INFO:colcon.colcon_core.package_selection:Skipping not selected package 'cmd_vel' in 'src/cmd_vel'
[0.836s] INFO:colcon.colcon_core.package_selection:Skipping not selected package 'gps_publisher' in 'src/gps_publisher'
[0.836s] INFO:colcon.colcon_core.package_selection:Skipping not selected package 'hermes_nav' in 'src/hermes_nav'
[0.836s] INFO:colcon.colcon_core.package_selection:Skipping not selected package 'hermes_urdf' in 'src/hermes_urdf'
[0.836s] INFO:colcon.colcon_core.package_selection:Skipping not selected package 'icm20948_publisher' in 'src/imu_raw_publisher'
[0.836s] INFO:colcon.colcon_core.package_selection:Skipping not selected package 'imu_filter_madgwick' in 'src/imu_filter_madgwick'
[0.836s] INFO:colcon.colcon_core.package_selection:Skipping not selected package 'ldlidar_component' in 'src/lidar_publisher/ldlidar_component'
[0.836s] INFO:colcon.colcon_core.package_selection:Skipping not selected package 'multi_package_launcher' in 'src/multi_package_launcher'
[0.836s] INFO:colcon.colcon_core.package_selection:Skipping not selected package 'my_tf2_broadcaster' in 'src/my_tf2_broadcaster'
[0.836s] INFO:colcon.colcon_core.package_selection:Skipping not selected package 'odometry_publisher' in 'src/odometry_publisher'
[0.837s] INFO:colcon.colcon_core.package_selection:Skipping not selected package 'path_creator' in 'src/path_creator'
[0.837s] INFO:colcon.colcon_core.package_selection:Skipping not selected package 'robot_localization_pkg' in 'src/robot_localization_pkg'
[0.837s] INFO:colcon.colcon_core.package_selection:Skipping not selected package 'teleop_control' in 'src/teleop_control'
[0.837s] INFO:colcon.colcon_core.package_selection:Skipping not selected package 'tof_publisher' in 'src/tof_publisher'
[0.837s] INFO:colcon.colcon_core.package_selection:Skipping not selected package 'ldlidar_node' in 'src/lidar_publisher/ldlidar_node'
[0.837s] INFO:colcon.colcon_core.package_selection:Skipping not selected package 'ldlidar' in 'src/lidar_publisher/ldlidar'
[0.838s] Level 1:colcon.colcon_core.package_discovery:discover_packages(prefix_path) check parameters
[0.838s] Level 1:colcon.colcon_core.package_discovery:discover_packages(prefix_path) discover
[0.844s] DEBUG:colcon.colcon_installed_package_information.package_discovery:Found 18 installed packages in /home/hermes/Hermes/hermes_ws/install
[0.847s] DEBUG:colcon.colcon_installed_package_information.package_discovery:Found 337 installed packages in /opt/ros/humble
[0.850s] Level 1:colcon.colcon_core.package_discovery:discover_packages(prefix_path) using defaults
[0.946s] Level 5:colcon.colcon_core.verb:set package 'object_detection' build argument 'cmake_args' from command line to 'None'
[0.946s] Level 5:colcon.colcon_core.verb:set package 'object_detection' build argument 'cmake_target' from command line to 'None'
[0.946s] Level 5:colcon.colcon_core.verb:set package 'object_detection' build argument 'cmake_target_skip_unavailable' from command line to 'False'
[0.946s] Level 5:colcon.colcon_core.verb:set package 'object_detection' build argument 'cmake_clean_cache' from command line to 'False'
[0.946s] Level 5:colcon.colcon_core.verb:set package 'object_detection' build argument 'cmake_clean_first' from command line to 'False'
[0.946s] Level 5:colcon.colcon_core.verb:set package 'object_detection' build argument 'cmake_force_configure' from command line to 'False'
[0.946s] Level 5:colcon.colcon_core.verb:set package 'object_detection' build argument 'ament_cmake_args' from command line to 'None'
[0.946s] Level 5:colcon.colcon_core.verb:set package 'object_detection' build argument 'catkin_cmake_args' from command line to 'None'
[0.946s] Level 5:colcon.colcon_core.verb:set package 'object_detection' build argument 'catkin_skip_building_tests' from command line to 'False'
[0.946s] DEBUG:colcon.colcon_core.verb:Building package 'object_detection' with the following arguments: {'ament_cmake_args': None, 'build_base': '/home/hermes/Hermes/hermes_ws/build/object_detection', 'catkin_cmake_args': None, 'catkin_skip_building_tests': False, 'cmake_args': None, 'cmake_clean_cache': False, 'cmake_clean_first': False, 'cmake_force_configure': False, 'cmake_target': None, 'cmake_target_skip_unavailable': False, 'install_base': '/home/hermes/Hermes/hermes_ws/install/object_detection', 'merge_install': False, 'path': '/home/hermes/Hermes/hermes_ws/src/object_detection', 'symlink_install': False, 'test_result_base': None}
[0.947s] INFO:colcon.colcon_core.executor:Executing jobs using 'parallel' executor
[0.949s] DEBUG:colcon.colcon_parallel_executor.executor.parallel:run_until_complete
[0.950s] INFO:colcon.colcon_ros.task.ament_python.build:Building ROS package in '/home/hermes/Hermes/hermes_ws/src/object_detection' with build type 'ament_python'
[0.950s] Level 1:colcon.colcon_core.shell:create_environment_hook('object_detection', 'ament_prefix_path')
[0.955s] INFO:colcon.colcon_core.plugin_system:Skipping extension 'colcon_core.shell.bat': Not used on non-Windows systems
[0.956s] INFO:colcon.colcon_core.shell:Creating environment hook '/home/hermes/Hermes/hermes_ws/install/object_detection/share/object_detection/hook/ament_prefix_path.ps1'
[0.958s] INFO:colcon.colcon_core.shell:Creating environment descriptor '/home/hermes/Hermes/hermes_ws/install/object_detection/share/object_detection/hook/ament_prefix_path.dsv'
[0.959s] INFO:colcon.colcon_core.shell:Creating environment hook '/home/hermes/Hermes/hermes_ws/install/object_detection/share/object_detection/hook/ament_prefix_path.sh'
[0.960s] INFO:colcon.colcon_core.shell:Skip shell extension 'powershell' for command environment: Not usable outside of PowerShell
[0.961s] DEBUG:colcon.colcon_core.shell:Skip shell extension 'dsv' for command environment
[1.602s] INFO:colcon.colcon_core.task.python.build:Building Python package in '/home/hermes/Hermes/hermes_ws/src/object_detection'
[1.603s] INFO:colcon.colcon_core.shell:Skip shell extension 'powershell' for command environment: Not usable outside of PowerShell
[1.603s] DEBUG:colcon.colcon_core.shell:Skip shell extension 'dsv' for command environment
[2.491s] DEBUG:colcon.colcon_core.event_handler.log_command:Invoking command in '/home/hermes/Hermes/hermes_ws/src/object_detection': PYTHONPATH=/home/hermes/Hermes/hermes_ws/build/object_detection/prefix_override:/usr/lib/python3/dist-packages/colcon_core/task/python/colcon_distutils_commands:/home/hermes/Hermes/hermes_ws/install/object_detection/lib/python3.10/site-packages:${PYTHONPATH} /usr/bin/python3 -W ignore:setup.py install is deprecated setup.py egg_info --egg-base ../../build/object_detection build --build-base /home/hermes/Hermes/hermes_ws/build/object_detection/build install --record /home/hermes/Hermes/hermes_ws/build/object_detection/install.log --single-version-externally-managed install_data
[3.238s] DEBUG:colcon.colcon_core.event_handler.log_command:Invoked command in '/home/hermes/Hermes/hermes_ws/src/object_detection' returned '0': PYTHONPATH=/home/hermes/Hermes/hermes_ws/build/object_detection/prefix_override:/usr/lib/python3/dist-packages/colcon_core/task/python/colcon_distutils_commands:/home/hermes/Hermes/hermes_ws/install/object_detection/lib/python3.10/site-packages:${PYTHONPATH} /usr/bin/python3 -W ignore:setup.py install is deprecated setup.py egg_info --egg-base ../../build/object_detection build --build-base /home/hermes/Hermes/hermes_ws/build/object_detection/build install --record /home/hermes/Hermes/hermes_ws/build/object_detection/install.log --single-version-externally-managed install_data
[3.245s] Level 1:colcon.colcon_core.environment:checking '/home/hermes/Hermes/hermes_ws/install/object_detection' for CMake module files
[3.247s] Level 1:colcon.colcon_core.environment:checking '/home/hermes/Hermes/hermes_ws/install/object_detection' for CMake config files
[3.249s] Level 1:colcon.colcon_core.environment:checking '/home/hermes/Hermes/hermes_ws/install/object_detection/lib'
[3.250s] Level 1:colcon.colcon_core.environment:checking '/home/hermes/Hermes/hermes_ws/install/object_detection/bin'
[3.250s] Level 1:colcon.colcon_core.environment:checking '/home/hermes/Hermes/hermes_ws/install/object_detection/lib/pkgconfig/object_detection.pc'
[3.251s] Level 1:colcon.colcon_core.environment:checking '/home/hermes/Hermes/hermes_ws/install/object_detection/lib/python3.10/site-packages'
[3.252s] Level 1:colcon.colcon_core.shell:create_environment_hook('object_detection', 'pythonpath')
[3.252s] INFO:colcon.colcon_core.shell:Creating environment hook '/home/hermes/Hermes/hermes_ws/install/object_detection/share/object_detection/hook/pythonpath.ps1'
[3.254s] INFO:colcon.colcon_core.shell:Creating environment descriptor '/home/hermes/Hermes/hermes_ws/install/object_detection/share/object_detection/hook/pythonpath.dsv'
[3.256s] INFO:colcon.colcon_core.shell:Creating environment hook '/home/hermes/Hermes/hermes_ws/install/object_detection/share/object_detection/hook/pythonpath.sh'
[3.258s] Level 1:colcon.colcon_core.environment:checking '/home/hermes/Hermes/hermes_ws/install/object_detection/bin'
[3.258s] Level 1:colcon.colcon_core.environment:create_environment_scripts_only(object_detection)
[3.260s] INFO:colcon.colcon_core.shell:Creating package script '/home/hermes/Hermes/hermes_ws/install/object_detection/share/object_detection/package.ps1'
[3.262s] INFO:colcon.colcon_core.shell:Creating package descriptor '/home/hermes/Hermes/hermes_ws/install/object_detection/share/object_detection/package.dsv'
[3.263s] INFO:colcon.colcon_core.shell:Creating package script '/home/hermes/Hermes/hermes_ws/install/object_detection/share/object_detection/package.sh'
[3.266s] INFO:colcon.colcon_core.shell:Creating package script '/home/hermes/Hermes/hermes_ws/install/object_detection/share/object_detection/package.bash'
[3.268s] INFO:colcon.colcon_core.shell:Creating package script '/home/hermes/Hermes/hermes_ws/install/object_detection/share/object_detection/package.zsh'
[3.271s] Level 1:colcon.colcon_core.environment:create_file_with_runtime_dependencies(/home/hermes/Hermes/hermes_ws/install/object_detection/share/colcon-core/packages/object_detection)
[3.272s] DEBUG:colcon.colcon_parallel_executor.executor.parallel:closing loop
[3.274s] DEBUG:colcon.colcon_parallel_executor.executor.parallel:loop closed
[3.277s] DEBUG:colcon.colcon_parallel_executor.executor.parallel:run_until_complete finished with '0'
[3.277s] DEBUG:colcon.colcon_core.event_reactor:joining thread
[3.294s] INFO:colcon.colcon_core.plugin_system:Skipping extension 'colcon_notification.desktop_notification.terminal_notifier': Not used on non-Darwin systems
[3.294s] INFO:colcon.colcon_core.plugin_system:Skipping extension 'colcon_notification.desktop_notification.win32': Not used on non-Windows systems
[3.295s] INFO:colcon.colcon_notification.desktop_notification:Sending desktop notification using 'notify2'
[3.336s] DEBUG:colcon.colcon_core.event_reactor:joined thread
[3.337s] INFO:colcon.colcon_core.shell:Creating prefix script '/home/hermes/Hermes/hermes_ws/install/local_setup.ps1'
[3.343s] INFO:colcon.colcon_core.shell:Creating prefix util module '/home/hermes/Hermes/hermes_ws/install/_local_setup_util_ps1.py'
[3.348s] INFO:colcon.colcon_core.shell:Creating prefix chain script '/home/hermes/Hermes/hermes_ws/install/setup.ps1'
[3.353s] INFO:colcon.colcon_core.shell:Creating prefix script '/home/hermes/Hermes/hermes_ws/install/local_setup.sh'
[3.355s] INFO:colcon.colcon_core.shell:Creating prefix util module '/home/hermes/Hermes/hermes_ws/install/_local_setup_util_sh.py'
[3.358s] INFO:colcon.colcon_core.shell:Creating prefix chain script '/home/hermes/Hermes/hermes_ws/install/setup.sh'
[3.363s] INFO:colcon.colcon_core.shell:Creating prefix script '/home/hermes/Hermes/hermes_ws/install/local_setup.bash'
[3.364s] INFO:colcon.colcon_core.shell:Creating prefix chain script '/home/hermes/Hermes/hermes_ws/install/setup.bash'
[3.368s] INFO:colcon.colcon_core.shell:Creating prefix script '/home/hermes/Hermes/hermes_ws/install/local_setup.zsh'
[3.369s] INFO:colcon.colcon_core.shell:Creating prefix chain script '/home/hermes/Hermes/hermes_ws/install/setup.zsh'
