[5.359s] Invoking command in '/home/aleksmalm/Hermes/hermes_ws/src/cmd_vel': PYTHONPATH=/home/aleksmalm/Hermes/hermes_ws/build/cmd_vel/prefix_override:/home/aleksmalm/Hermes/hermes_ws/install/cmd_vel/lib/python3.10/site-packages:${PYTHONPATH} /usr/bin/python3 -W ignore:setup.py install is deprecated setup.py egg_info --egg-base ../../build/cmd_vel build --build-base /home/aleksmalm/Hermes/hermes_ws/build/cmd_vel/build install --record /home/aleksmalm/Hermes/hermes_ws/build/cmd_vel/install.log --single-version-externally-managed install_data
[6.010s] running egg_info
[6.012s] writing ../../build/cmd_vel/cmd_vel.egg-info/PKG-INFO
[6.012s] writing dependency_links to ../../build/cmd_vel/cmd_vel.egg-info/dependency_links.txt
[6.013s] writing entry points to ../../build/cmd_vel/cmd_vel.egg-info/entry_points.txt
[6.013s] writing requirements to ../../build/cmd_vel/cmd_vel.egg-info/requires.txt
[6.013s] writing top-level names to ../../build/cmd_vel/cmd_vel.egg-info/top_level.txt
[6.017s] reading manifest file '../../build/cmd_vel/cmd_vel.egg-info/SOURCES.txt'
[6.019s] writing manifest file '../../build/cmd_vel/cmd_vel.egg-info/SOURCES.txt'
[6.020s] running build
[6.020s] running build_py
[6.020s] running install
[6.021s] running install_lib
[6.024s] running install_data
[6.025s] running install_egg_info
[6.029s] removing '/home/aleksmalm/Hermes/hermes_ws/install/cmd_vel/lib/python3.10/site-packages/cmd_vel-0.0.0-py3.10.egg-info' (and everything under it)
[6.030s] Copying ../../build/cmd_vel/cmd_vel.egg-info to /home/aleksmalm/Hermes/hermes_ws/install/cmd_vel/lib/python3.10/site-packages/cmd_vel-0.0.0-py3.10.egg-info
[6.031s] running install_scripts
[6.082s] Installing cmd_vel_controll script to /home/aleksmalm/Hermes/hermes_ws/install/cmd_vel/lib/cmd_vel
[6.084s] writing list of installed files to '/home/aleksmalm/Hermes/hermes_ws/build/cmd_vel/install.log'
[6.146s] Invoked command in '/home/aleksmalm/Hermes/hermes_ws/src/cmd_vel' returned '0': PYTHONPATH=/home/aleksmalm/Hermes/hermes_ws/build/cmd_vel/prefix_override:/home/aleksmalm/Hermes/hermes_ws/install/cmd_vel/lib/python3.10/site-packages:${PYTHONPATH} /usr/bin/python3 -W ignore:setup.py install is deprecated setup.py egg_info --egg-base ../../build/cmd_vel build --build-base /home/aleksmalm/Hermes/hermes_ws/build/cmd_vel/build install --record /home/aleksmalm/Hermes/hermes_ws/build/cmd_vel/install.log --single-version-externally-managed install_data
