[1.778s] Invoking command in '/home/hermes/Hermes/hermes_ws/src/odometry': PYTHONPATH=/home/hermes/Hermes/hermes_ws/build/odometry/prefix_override:/home/hermes/Hermes/hermes_ws/install/odometry/lib/python3.10/site-packages:${PYTHONPATH} /usr/bin/python3 -W ignore:setup.py install is deprecated setup.py egg_info --egg-base ../../build/odometry build --build-base /home/hermes/Hermes/hermes_ws/build/odometry/build install --record /home/hermes/Hermes/hermes_ws/build/odometry/install.log --single-version-externally-managed install_data
[2.319s] running egg_info
[2.321s] writing ../../build/odometry/odometry.egg-info/PKG-INFO
[2.321s] writing dependency_links to ../../build/odometry/odometry.egg-info/dependency_links.txt
[2.322s] writing entry points to ../../build/odometry/odometry.egg-info/entry_points.txt
[2.322s] writing requirements to ../../build/odometry/odometry.egg-info/requires.txt
[2.322s] writing top-level names to ../../build/odometry/odometry.egg-info/top_level.txt
[2.326s] reading manifest file '../../build/odometry/odometry.egg-info/SOURCES.txt'
[2.326s] adding license file 'LICENSE'
[2.328s] writing manifest file '../../build/odometry/odometry.egg-info/SOURCES.txt'
[2.328s] running build
[2.328s] running build_py
[2.329s] running install
[2.330s] running install_lib
[2.333s] running install_data
[2.333s] running install_egg_info
[2.336s] removing '/home/hermes/Hermes/hermes_ws/install/odometry/lib/python3.10/site-packages/odometry-0.0.0-py3.10.egg-info' (and everything under it)
[2.337s] Copying ../../build/odometry/odometry.egg-info to /home/hermes/Hermes/hermes_ws/install/odometry/lib/python3.10/site-packages/odometry-0.0.0-py3.10.egg-info
[2.339s] running install_scripts
[2.388s] Installing odometry_node script to /home/hermes/Hermes/hermes_ws/install/odometry/lib/odometry
[2.388s] writing list of installed files to '/home/hermes/Hermes/hermes_ws/build/odometry/install.log'
[2.468s] Invoked command in '/home/hermes/Hermes/hermes_ws/src/odometry' returned '0': PYTHONPATH=/home/hermes/Hermes/hermes_ws/build/odometry/prefix_override:/home/hermes/Hermes/hermes_ws/install/odometry/lib/python3.10/site-packages:${PYTHONPATH} /usr/bin/python3 -W ignore:setup.py install is deprecated setup.py egg_info --egg-base ../../build/odometry build --build-base /home/hermes/Hermes/hermes_ws/build/odometry/build install --record /home/hermes/Hermes/hermes_ws/build/odometry/install.log --single-version-externally-managed install_data
