running egg_info
creating ../../build/gps_publisher/gps_publisher.egg-info
writing ../../build/gps_publisher/gps_publisher.egg-info/PKG-INFO
writing dependency_links to ../../build/gps_publisher/gps_publisher.egg-info/dependency_links.txt
writing entry points to ../../build/gps_publisher/gps_publisher.egg-info/entry_points.txt
writing requirements to ../../build/gps_publisher/gps_publisher.egg-info/requires.txt
writing top-level names to ../../build/gps_publisher/gps_publisher.egg-info/top_level.txt
writing manifest file '../../build/gps_publisher/gps_publisher.egg-info/SOURCES.txt'
reading manifest file '../../build/gps_publisher/gps_publisher.egg-info/SOURCES.txt'
writing manifest file '../../build/gps_publisher/gps_publisher.egg-info/SOURCES.txt'
running build
running build_py
creating /home/hermes/Hermes/hermes_ws/build/gps_publisher/build
creating /home/hermes/Hermes/hermes_ws/build/gps_publisher/build/lib
creating /home/hermes/Hermes/hermes_ws/build/gps_publisher/build/lib/gps_publisher
copying gps_publisher/__init__.py -> /home/hermes/Hermes/hermes_ws/build/gps_publisher/build/lib/gps_publisher
copying gps_publisher/gps_publisher_node.py -> /home/hermes/Hermes/hermes_ws/build/gps_publisher/build/lib/gps_publisher
running install
running install_lib
running install_data
running install_egg_info
removing '/home/hermes/Hermes/hermes_ws/install/gps_publisher/lib/python3.10/site-packages/gps_publisher-0.0.0-py3.10.egg-info' (and everything under it)
Copying ../../build/gps_publisher/gps_publisher.egg-info to /home/hermes/Hermes/hermes_ws/install/gps_publisher/lib/python3.10/site-packages/gps_publisher-0.0.0-py3.10.egg-info
running install_scripts
Installing gps_publisher_node script to /home/hermes/Hermes/hermes_ws/install/gps_publisher/lib/gps_publisher
writing list of installed files to '/home/hermes/Hermes/hermes_ws/build/gps_publisher/install.log'
