[1.960s] Invoking command in '/home/raivo/Hermes/hermes_ws/src/my_tf2_broadcaster': PYTHONPATH=/home/raivo/Hermes/hermes_ws/build/my_tf2_broadcaster/prefix_override:/home/raivo/Hermes/hermes_ws/install/my_tf2_broadcaster/lib/python3.10/site-packages:${PYTHONPATH} /usr/bin/python3 -W ignore:setup.py install is deprecated setup.py egg_info --egg-base ../../build/my_tf2_broadcaster build --build-base /home/raivo/Hermes/hermes_ws/build/my_tf2_broadcaster/build install --record /home/raivo/Hermes/hermes_ws/build/my_tf2_broadcaster/install.log --single-version-externally-managed install_data
[2.173s] /home/raivo/.local/lib/python3.10/site-packages/setuptools/_distutils/dist.py:261: UserWarning: Unknown distribution option: 'tests_require'
[2.173s]   warnings.warn(msg)
[2.288s] running egg_info
[2.308s] writing ../../build/my_tf2_broadcaster/my_tf2_broadcaster.egg-info/PKG-INFO
[2.308s] writing dependency_links to ../../build/my_tf2_broadcaster/my_tf2_broadcaster.egg-info/dependency_links.txt
[2.308s] writing entry points to ../../build/my_tf2_broadcaster/my_tf2_broadcaster.egg-info/entry_points.txt
[2.309s] writing requirements to ../../build/my_tf2_broadcaster/my_tf2_broadcaster.egg-info/requires.txt
[2.309s] writing top-level names to ../../build/my_tf2_broadcaster/my_tf2_broadcaster.egg-info/top_level.txt
[2.348s] reading manifest file '../../build/my_tf2_broadcaster/my_tf2_broadcaster.egg-info/SOURCES.txt'
[2.349s] Traceback (most recent call last):
[2.349s]   File "/home/raivo/Hermes/hermes_ws/src/my_tf2_broadcaster/setup.py", line 5, in <module>
[2.349s]     setup(
[2.349s]   File "/home/raivo/.local/lib/python3.10/site-packages/setuptools/__init__.py", line 117, in setup
[2.349s]     return distutils.core.setup(**attrs)
[2.349s]   File "/home/raivo/.local/lib/python3.10/site-packages/setuptools/_distutils/core.py", line 183, in setup
[2.349s]     return run_commands(dist)
[2.349s]   File "/home/raivo/.local/lib/python3.10/site-packages/setuptools/_distutils/core.py", line 199, in run_commands
[2.349s]     dist.run_commands()
[2.349s]   File "/home/raivo/.local/lib/python3.10/site-packages/setuptools/_distutils/dist.py", line 954, in run_commands
[2.350s]     self.run_command(cmd)
[2.350s]   File "/home/raivo/.local/lib/python3.10/site-packages/setuptools/dist.py", line 950, in run_command
[2.350s]     super().run_command(command)
[2.351s]   File "/home/raivo/.local/lib/python3.10/site-packages/setuptools/_distutils/dist.py", line 973, in run_command
[2.351s]     cmd_obj.run()
[2.351s]   File "/home/raivo/.local/lib/python3.10/site-packages/setuptools/command/egg_info.py", line 311, in run
[2.351s]     self.find_sources()
[2.351s]   File "/home/raivo/.local/lib/python3.10/site-packages/setuptools/command/egg_info.py", line 319, in find_sources
[2.351s]     mm.run()
[2.351s]   File "/home/raivo/.local/lib/python3.10/site-packages/setuptools/command/egg_info.py", line 545, in run
[2.352s]     self.prune_file_list()
[2.352s]   File "/home/raivo/.local/lib/python3.10/site-packages/setuptools/command/sdist.py", line 161, in prune_file_list
[2.352s]     super().prune_file_list()
[2.352s]   File "/home/raivo/.local/lib/python3.10/site-packages/setuptools/_distutils/command/sdist.py", line 380, in prune_file_list
[2.352s]     base_dir = self.distribution.get_fullname()
[2.352s]   File "/home/raivo/.local/lib/python3.10/site-packages/setuptools/_core_metadata.py", line 267, in get_fullname
[2.352s]     return _distribution_fullname(self.get_name(), self.get_version())
[2.352s]   File "/home/raivo/.local/lib/python3.10/site-packages/setuptools/_core_metadata.py", line 285, in _distribution_fullname
[2.352s]     canonicalize_version(version, strip_trailing_zero=False),
[2.352s] TypeError: canonicalize_version() got an unexpected keyword argument 'strip_trailing_zero'
