[1.235s] Invoking command in '/home/hermes/Hermes/hermes_ws/build/hermes_navigation': CMAKE_PREFIX_PATH=${CMAKE_PREFIX_PATH}:/home/hermes/Hermes/hermes_ws/install/tof_publisher:/home/hermes/Hermes/hermes_ws/install/teleop_control:/home/hermes/Hermes/hermes_ws/install/robot_model:/home/hermes/Hermes/hermes_ws/install/odometry:/home/hermes/Hermes/hermes_ws/install/my_robot_description:/home/hermes/Hermes/hermes_ws/install/lidar_publisher:/home/hermes/Hermes/hermes_ws/install/launch_files:/home/hermes/Hermes/hermes_ws/install/imu_publisher:/home/hermes/Hermes/hermes_ws/install/cmd_vel:/home/hermes/Hermes/hermes_ws/install/cameras:/home/hermes/Downloads/hermes/ros2_ws/src/install/ros2_video_stream_pkg:/opt/ros/humble /usr/bin/cmake --build /home/hermes/Hermes/hermes_ws/build/hermes_navigation -- -j6 -l6
[1.313s] Invoked command in '/home/hermes/Hermes/hermes_ws/build/hermes_navigation' returned '0': CMAKE_PREFIX_PATH=${CMAKE_PREFIX_PATH}:/home/hermes/Hermes/hermes_ws/install/tof_publisher:/home/hermes/Hermes/hermes_ws/install/teleop_control:/home/hermes/Hermes/hermes_ws/install/robot_model:/home/hermes/Hermes/hermes_ws/install/odometry:/home/hermes/Hermes/hermes_ws/install/my_robot_description:/home/hermes/Hermes/hermes_ws/install/lidar_publisher:/home/hermes/Hermes/hermes_ws/install/launch_files:/home/hermes/Hermes/hermes_ws/install/imu_publisher:/home/hermes/Hermes/hermes_ws/install/cmd_vel:/home/hermes/Hermes/hermes_ws/install/cameras:/home/hermes/Downloads/hermes/ros2_ws/src/install/ros2_video_stream_pkg:/opt/ros/humble /usr/bin/cmake --build /home/hermes/Hermes/hermes_ws/build/hermes_navigation -- -j6 -l6
[1.437s] Invoking command in '/home/hermes/Hermes/hermes_ws/build/hermes_navigation': CMAKE_PREFIX_PATH=${CMAKE_PREFIX_PATH}:/home/hermes/Hermes/hermes_ws/install/tof_publisher:/home/hermes/Hermes/hermes_ws/install/teleop_control:/home/hermes/Hermes/hermes_ws/install/robot_model:/home/hermes/Hermes/hermes_ws/install/odometry:/home/hermes/Hermes/hermes_ws/install/my_robot_description:/home/hermes/Hermes/hermes_ws/install/lidar_publisher:/home/hermes/Hermes/hermes_ws/install/launch_files:/home/hermes/Hermes/hermes_ws/install/imu_publisher:/home/hermes/Hermes/hermes_ws/install/cmd_vel:/home/hermes/Hermes/hermes_ws/install/cameras:/home/hermes/Downloads/hermes/ros2_ws/src/install/ros2_video_stream_pkg:/opt/ros/humble /usr/bin/cmake --install /home/hermes/Hermes/hermes_ws/build/hermes_navigation
[1.462s] -- Install configuration: ""
[1.462s] -- Up-to-date: /home/hermes/Hermes/hermes_ws/install/hermes_navigation/share/ament_index/resource_index/package_run_dependencies/hermes_navigation
[1.462s] -- Up-to-date: /home/hermes/Hermes/hermes_ws/install/hermes_navigation/share/ament_index/resource_index/parent_prefix_path/hermes_navigation
[1.463s] -- Up-to-date: /home/hermes/Hermes/hermes_ws/install/hermes_navigation/share/hermes_navigation/environment/ament_prefix_path.sh
[1.463s] -- Up-to-date: /home/hermes/Hermes/hermes_ws/install/hermes_navigation/share/hermes_navigation/environment/ament_prefix_path.dsv
[1.463s] -- Up-to-date: /home/hermes/Hermes/hermes_ws/install/hermes_navigation/share/hermes_navigation/environment/path.sh
[1.463s] -- Up-to-date: /home/hermes/Hermes/hermes_ws/install/hermes_navigation/share/hermes_navigation/environment/path.dsv
[1.463s] -- Up-to-date: /home/hermes/Hermes/hermes_ws/install/hermes_navigation/share/hermes_navigation/local_setup.bash
[1.463s] -- Up-to-date: /home/hermes/Hermes/hermes_ws/install/hermes_navigation/share/hermes_navigation/local_setup.sh
[1.463s] -- Up-to-date: /home/hermes/Hermes/hermes_ws/install/hermes_navigation/share/hermes_navigation/local_setup.zsh
[1.463s] -- Up-to-date: /home/hermes/Hermes/hermes_ws/install/hermes_navigation/share/hermes_navigation/local_setup.dsv
[1.464s] -- Installing: /home/hermes/Hermes/hermes_ws/install/hermes_navigation/share/hermes_navigation/package.dsv
[1.464s] -- Up-to-date: /home/hermes/Hermes/hermes_ws/install/hermes_navigation/share/ament_index/resource_index/packages/hermes_navigation
[1.464s] -- Up-to-date: /home/hermes/Hermes/hermes_ws/install/hermes_navigation/share/hermes_navigation/cmake/hermes_navigationConfig.cmake
[1.464s] -- Up-to-date: /home/hermes/Hermes/hermes_ws/install/hermes_navigation/share/hermes_navigation/cmake/hermes_navigationConfig-version.cmake
[1.464s] -- Up-to-date: /home/hermes/Hermes/hermes_ws/install/hermes_navigation/share/hermes_navigation/package.xml
[1.515s] Invoked command in '/home/hermes/Hermes/hermes_ws/build/hermes_navigation' returned '0': CMAKE_PREFIX_PATH=${CMAKE_PREFIX_PATH}:/home/hermes/Hermes/hermes_ws/install/tof_publisher:/home/hermes/Hermes/hermes_ws/install/teleop_control:/home/hermes/Hermes/hermes_ws/install/robot_model:/home/hermes/Hermes/hermes_ws/install/odometry:/home/hermes/Hermes/hermes_ws/install/my_robot_description:/home/hermes/Hermes/hermes_ws/install/lidar_publisher:/home/hermes/Hermes/hermes_ws/install/launch_files:/home/hermes/Hermes/hermes_ws/install/imu_publisher:/home/hermes/Hermes/hermes_ws/install/cmd_vel:/home/hermes/Hermes/hermes_ws/install/cameras:/home/hermes/Downloads/hermes/ros2_ws/src/install/ros2_video_stream_pkg:/opt/ros/humble /usr/bin/cmake --install /home/hermes/Hermes/hermes_ws/build/hermes_navigation
