[2.133s] Invoking command in '/home/raivo/Hermes/hermes_ws/src/odometry_publisher': PYTHONPATH=/home/raivo/Hermes/hermes_ws/build/odometry_publisher/prefix_override:/home/raivo/Hermes/hermes_ws/install/odometry_publisher/lib/python3.10/site-packages:${PYTHONPATH} /usr/bin/python3 -W ignore:setup.py install is deprecated setup.py egg_info --egg-base ../../build/odometry_publisher build --build-base /home/raivo/Hermes/hermes_ws/build/odometry_publisher/build install --record /home/raivo/Hermes/hermes_ws/build/odometry_publisher/install.log --single-version-externally-managed install_data
[2.444s] running egg_info
[2.444s] writing ../../build/odometry_publisher/odometry_publisher.egg-info/PKG-INFO
[2.445s] writing dependency_links to ../../build/odometry_publisher/odometry_publisher.egg-info/dependency_links.txt
[2.445s] writing entry points to ../../build/odometry_publisher/odometry_publisher.egg-info/entry_points.txt
[2.445s] writing requirements to ../../build/odometry_publisher/odometry_publisher.egg-info/requires.txt
[2.445s] writing top-level names to ../../build/odometry_publisher/odometry_publisher.egg-info/top_level.txt
[2.445s] reading manifest file '../../build/odometry_publisher/odometry_publisher.egg-info/SOURCES.txt'
[2.446s] writing manifest file '../../build/odometry_publisher/odometry_publisher.egg-info/SOURCES.txt'
[2.446s] running build
[2.446s] running build_py
[2.446s] running install
[2.446s] running install_lib
[2.448s] running install_data
[2.448s] running install_egg_info
[2.451s] removing '/home/raivo/Hermes/hermes_ws/install/odometry_publisher/lib/python3.10/site-packages/odometry_publisher-0.0.0-py3.10.egg-info' (and everything under it)
[2.452s] Copying ../../build/odometry_publisher/odometry_publisher.egg-info to /home/raivo/Hermes/hermes_ws/install/odometry_publisher/lib/python3.10/site-packages/odometry_publisher-0.0.0-py3.10.egg-info
[2.453s] running install_scripts
[2.477s] Installing odometry_publisher_node script to /home/raivo/Hermes/hermes_ws/install/odometry_publisher/lib/odometry_publisher
[2.477s] writing list of installed files to '/home/raivo/Hermes/hermes_ws/build/odometry_publisher/install.log'
[2.556s] Invoked command in '/home/raivo/Hermes/hermes_ws/src/odometry_publisher' returned '0': PYTHONPATH=/home/raivo/Hermes/hermes_ws/build/odometry_publisher/prefix_override:/home/raivo/Hermes/hermes_ws/install/odometry_publisher/lib/python3.10/site-packages:${PYTHONPATH} /usr/bin/python3 -W ignore:setup.py install is deprecated setup.py egg_info --egg-base ../../build/odometry_publisher build --build-base /home/raivo/Hermes/hermes_ws/build/odometry_publisher/build install --record /home/raivo/Hermes/hermes_ws/build/odometry_publisher/install.log --single-version-externally-managed install_data
