[2.664s] Invoking command in '/home/hermes/Hermes/hermes_ws/build/hermes_urdf': CMAKE_PREFIX_PATH=${CMAKE_PREFIX_PATH}:/home/hermes/Hermes/hermes_ws/install/tof_publisher:/home/hermes/Hermes/hermes_ws/install/teleop_control:/home/hermes/Hermes/hermes_ws/install/robot_localization_pkg:/home/hermes/Hermes/hermes_ws/install/path_creator:/home/hermes/Hermes/hermes_ws/install/odometry_publisher:/home/hermes/Hermes/hermes_ws/install/object_detection:/home/hermes/Hermes/hermes_ws/install/my_tf2_broadcaster:/home/hermes/Hermes/hermes_ws/install/multi_package_launcher:/home/hermes/Hermes/hermes_ws/install/icm20948_publisher:/home/hermes/Hermes/hermes_ws/install/hermes_nav:/home/hermes/Hermes/hermes_ws/install/gps_publisher:/home/hermes/Hermes/hermes_ws/install/cmd_vel:/home/hermes/Hermes/hermes_ws/install/cameras:/opt/ros/humble CONDA_PROMPT_MODIFIER=(base) /usr/bin/cmake /home/hermes/Hermes/hermes_ws/src/hermes_urdf -DCMAKE_INSTALL_PREFIX=/home/hermes/Hermes/hermes_ws/install/hermes_urdf
[2.667s] -- Found ament_cmake: 1.3.10 (/opt/ros/humble/share/ament_cmake/cmake)
[3.068s] -- Found ament_lint_auto: 0.12.11 (/opt/ros/humble/share/ament_lint_auto/cmake)
[3.133s] Traceback (most recent call last):
[3.133s]   File "/opt/ros/humble/share/ament_cmake_core/cmake/core/package_xml_2_cmake.py", line 22, in <module>
[3.133s]     from catkin_pkg.package import parse_package_string
[3.133s] ModuleNotFoundError: No module named 'catkin_pkg'
[3.145s] [31mCMake Error at /opt/ros/humble/share/ament_cmake_core/cmake/core/ament_package_xml.cmake:95 (message):
[3.146s]   execute_process(/home/hermes/miniconda3/bin/python3
[3.146s]   /opt/ros/humble/share/ament_cmake_core/cmake/core/package_xml_2_cmake.py
[3.146s]   /home/hermes/Hermes/hermes_ws/src/hermes_urdf/package.xml
[3.146s]   /home/hermes/Hermes/hermes_ws/build/hermes_urdf/ament_cmake_core/package.cmake)
[3.146s]   returned error code 1
[3.146s] Call Stack (most recent call first):
[3.146s]   /opt/ros/humble/share/ament_cmake_core/cmake/core/ament_package_xml.cmake:49 (_ament_package_xml)
[3.147s]   /opt/ros/humble/share/ament_lint_auto/cmake/ament_lint_auto_find_test_dependencies.cmake:31 (ament_package_xml)
[3.147s]   CMakeLists.txt:28 (ament_lint_auto_find_test_dependencies)
[3.147s] 
[3.147s] [0m
[3.147s] -- Configuring incomplete, errors occurred!
[3.147s] See also "/home/hermes/Hermes/hermes_ws/build/hermes_urdf/CMakeFiles/CMakeOutput.log".
