[3.019s] Invoking command in '/home/hermes/Hermes/hermes_ws/src/multi_package_launcher': PYTHONPATH=/home/hermes/Hermes/hermes_ws/build/multi_package_launcher/prefix_override:/home/hermes/Hermes/hermes_ws/install/multi_package_launcher/lib/python3.10/site-packages:${PYTHONPATH} /usr/bin/python3 -W ignore:setup.py install is deprecated setup.py egg_info --egg-base ../../build/multi_package_launcher build --build-base /home/hermes/Hermes/hermes_ws/build/multi_package_launcher/build install --record /home/hermes/Hermes/hermes_ws/build/multi_package_launcher/install.log --single-version-externally-managed install_data
[3.647s] running egg_info
[3.649s] writing ../../build/multi_package_launcher/multi_package_launcher.egg-info/PKG-INFO
[3.650s] writing dependency_links to ../../build/multi_package_launcher/multi_package_launcher.egg-info/dependency_links.txt
[3.650s] writing entry points to ../../build/multi_package_launcher/multi_package_launcher.egg-info/entry_points.txt
[3.651s] writing requirements to ../../build/multi_package_launcher/multi_package_launcher.egg-info/requires.txt
[3.651s] writing top-level names to ../../build/multi_package_launcher/multi_package_launcher.egg-info/top_level.txt
[3.657s] reading manifest file '../../build/multi_package_launcher/multi_package_launcher.egg-info/SOURCES.txt'
[3.657s] writing manifest file '../../build/multi_package_launcher/multi_package_launcher.egg-info/SOURCES.txt'
[3.658s] running build
[3.658s] running build_py
[3.660s] running install
[3.660s] running install_lib
[3.663s] running install_data
[3.664s] running install_egg_info
[3.670s] removing '/home/hermes/Hermes/hermes_ws/install/multi_package_launcher/lib/python3.10/site-packages/multi_package_launcher-0.0.0-py3.10.egg-info' (and everything under it)
[3.671s] Copying ../../build/multi_package_launcher/multi_package_launcher.egg-info to /home/hermes/Hermes/hermes_ws/install/multi_package_launcher/lib/python3.10/site-packages/multi_package_launcher-0.0.0-py3.10.egg-info
[3.673s] running install_scripts
[3.726s] writing list of installed files to '/home/hermes/Hermes/hermes_ws/build/multi_package_launcher/install.log'
[4.510s] Invoked command in '/home/hermes/Hermes/hermes_ws/src/multi_package_launcher' returned '0': PYTHONPATH=/home/hermes/Hermes/hermes_ws/build/multi_package_launcher/prefix_override:/home/hermes/Hermes/hermes_ws/install/multi_package_launcher/lib/python3.10/site-packages:${PYTHONPATH} /usr/bin/python3 -W ignore:setup.py install is deprecated setup.py egg_info --egg-base ../../build/multi_package_launcher build --build-base /home/hermes/Hermes/hermes_ws/build/multi_package_launcher/build install --record /home/hermes/Hermes/hermes_ws/build/multi_package_launcher/install.log --single-version-externally-managed install_data
