[1.561s] Invoking command in '/home/hermes/Hermes/hermes_ws/src/teleop_control': PYTHONPATH=/home/hermes/Hermes/hermes_ws/build/teleop_control/prefix_override:/home/hermes/Hermes/hermes_ws/install/teleop_control/lib/python3.10/site-packages:${PYTHONPATH} /usr/bin/python3 -W ignore:setup.py install is deprecated setup.py egg_info --egg-base ../../build/teleop_control build --build-base /home/hermes/Hermes/hermes_ws/build/teleop_control/build install --record /home/hermes/Hermes/hermes_ws/build/teleop_control/install.log --single-version-externally-managed install_data
[2.088s] running egg_info
[2.090s] writing ../../build/teleop_control/teleop_control.egg-info/PKG-INFO
[2.090s] writing dependency_links to ../../build/teleop_control/teleop_control.egg-info/dependency_links.txt
[2.091s] writing entry points to ../../build/teleop_control/teleop_control.egg-info/entry_points.txt
[2.091s] writing requirements to ../../build/teleop_control/teleop_control.egg-info/requires.txt
[2.091s] writing top-level names to ../../build/teleop_control/teleop_control.egg-info/top_level.txt
[2.095s] reading manifest file '../../build/teleop_control/teleop_control.egg-info/SOURCES.txt'
[2.096s] adding license file 'LICENSE'
[2.097s] writing manifest file '../../build/teleop_control/teleop_control.egg-info/SOURCES.txt'
[2.097s] running build
[2.097s] running build_py
[2.098s] running install
[2.099s] running install_lib
[2.103s] running install_data
[2.103s] running install_egg_info
[2.107s] removing '/home/hermes/Hermes/hermes_ws/install/teleop_control/lib/python3.10/site-packages/teleop_control-0.0.0-py3.10.egg-info' (and everything under it)
[2.107s] Copying ../../build/teleop_control/teleop_control.egg-info to /home/hermes/Hermes/hermes_ws/install/teleop_control/lib/python3.10/site-packages/teleop_control-0.0.0-py3.10.egg-info
[2.109s] running install_scripts
[2.157s] Installing teleop_control_node script to /home/hermes/Hermes/hermes_ws/install/teleop_control/lib/teleop_control
[2.158s] writing list of installed files to '/home/hermes/Hermes/hermes_ws/build/teleop_control/install.log'
[2.232s] Invoked command in '/home/hermes/Hermes/hermes_ws/src/teleop_control' returned '0': PYTHONPATH=/home/hermes/Hermes/hermes_ws/build/teleop_control/prefix_override:/home/hermes/Hermes/hermes_ws/install/teleop_control/lib/python3.10/site-packages:${PYTHONPATH} /usr/bin/python3 -W ignore:setup.py install is deprecated setup.py egg_info --egg-base ../../build/teleop_control build --build-base /home/hermes/Hermes/hermes_ws/build/teleop_control/build install --record /home/hermes/Hermes/hermes_ws/build/teleop_control/install.log --single-version-externally-managed install_data
