[2.175s] Invoking command in '/home/hermes/Hermes/hermes_ws/src/odometry_publisher': PYTHONPATH=/home/hermes/Hermes/hermes_ws/build/odometry_publisher/prefix_override:/home/hermes/Hermes/hermes_ws/install/odometry_publisher/lib/python3.10/site-packages:${PYTHONPATH} /usr/bin/python3 -W ignore:setup.py install is deprecated setup.py egg_info --egg-base ../../build/odometry_publisher build --build-base /home/hermes/Hermes/hermes_ws/build/odometry_publisher/build install --record /home/hermes/Hermes/hermes_ws/build/odometry_publisher/install.log --single-version-externally-managed install_data
[2.811s] running egg_info
[2.813s] writing ../../build/odometry_publisher/odometry_publisher.egg-info/PKG-INFO
[2.814s] writing dependency_links to ../../build/odometry_publisher/odometry_publisher.egg-info/dependency_links.txt
[2.814s] writing entry points to ../../build/odometry_publisher/odometry_publisher.egg-info/entry_points.txt
[2.815s] writing requirements to ../../build/odometry_publisher/odometry_publisher.egg-info/requires.txt
[2.815s] writing top-level names to ../../build/odometry_publisher/odometry_publisher.egg-info/top_level.txt
[2.824s] reading manifest file '../../build/odometry_publisher/odometry_publisher.egg-info/SOURCES.txt'
[2.826s] writing manifest file '../../build/odometry_publisher/odometry_publisher.egg-info/SOURCES.txt'
[2.826s] running build
[2.826s] running build_py
[2.827s] running install
[2.827s] running install_lib
[2.831s] running install_data
[2.831s] running install_egg_info
[2.836s] removing '/home/hermes/Hermes/hermes_ws/install/odometry_publisher/lib/python3.10/site-packages/odometry_publisher-0.0.0-py3.10.egg-info' (and everything under it)
[2.837s] Copying ../../build/odometry_publisher/odometry_publisher.egg-info to /home/hermes/Hermes/hermes_ws/install/odometry_publisher/lib/python3.10/site-packages/odometry_publisher-0.0.0-py3.10.egg-info
[2.841s] running install_scripts
[2.895s] Installing odometry_publisher script to /home/hermes/Hermes/hermes_ws/install/odometry_publisher/lib/odometry_publisher
[2.896s] writing list of installed files to '/home/hermes/Hermes/hermes_ws/build/odometry_publisher/install.log'
[3.022s] Invoked command in '/home/hermes/Hermes/hermes_ws/src/odometry_publisher' returned '0': PYTHONPATH=/home/hermes/Hermes/hermes_ws/build/odometry_publisher/prefix_override:/home/hermes/Hermes/hermes_ws/install/odometry_publisher/lib/python3.10/site-packages:${PYTHONPATH} /usr/bin/python3 -W ignore:setup.py install is deprecated setup.py egg_info --egg-base ../../build/odometry_publisher build --build-base /home/hermes/Hermes/hermes_ws/build/odometry_publisher/build install --record /home/hermes/Hermes/hermes_ws/build/odometry_publisher/install.log --single-version-externally-managed install_data
