[0.083s] Invoking command in '/home/hermes/Hermes/hermes_ws/build/ldlidar_component': CMAKE_PREFIX_PATH=${CMAKE_PREFIX_PATH}:/home/hermes/Hermes/hermes_ws/install/tof_publisher:/home/hermes/Hermes/hermes_ws/install/teleop_control:/home/hermes/Hermes/hermes_ws/install/robot_model:/home/hermes/Hermes/hermes_ws/install/odometry:/home/hermes/Hermes/hermes_ws/install/my_robot_description:/home/hermes/Hermes/hermes_ws/install/lidar_publisher:/home/hermes/Hermes/hermes_ws/install/launch_files:/home/hermes/Hermes/hermes_ws/install/imu_publisher:/home/hermes/Hermes/hermes_ws/install/cmd_vel:/home/hermes/Hermes/hermes_ws/install/cameras:/home/hermes/Downloads/hermes/Hermes/install/tof_publisher:/home/hermes/Downloads/hermes/Hermes/install/teleop_control:/home/hermes/Downloads/hermes/Hermes/install/odometry:/home/hermes/Downloads/hermes/Hermes/install/imu_publisher:/home/hermes/Downloads/hermes/Hermes/install/gps_publisher:/home/hermes/Downloads/hermes/Hermes/install/cmd_vel:/home/hermes/Downloads/hermes/Hermes/install/cameras:/home/hermes/Downloads/hermes/ros2_ws/src/install/ros2_video_stream_pkg:/opt/ros/humble /usr/bin/cmake /home/hermes/Hermes/hermes_ws/src/lidar_publisher/ldlidar_component -DAMENT_CMAKE_SYMLINK_INSTALL=1 -DCMAKE_INSTALL_PREFIX=/home/hermes/Hermes/hermes_ws/install/ldlidar_component
[0.146s] --  * Release Mode
[0.146s] -- * Found ROS2 humble
[0.146s] -- * ROS2 humble is officially supported by this package.
[0.153s] -- Found ament_cmake: 1.3.8 (/opt/ros/humble/share/ament_cmake/cmake)
[0.553s] -- Override CMake install command with custom implementation using symlinks instead of copying resources
[0.590s] -- Found rclcpp_lifecycle: 16.0.8 (/opt/ros/humble/share/rclcpp_lifecycle/cmake)
[0.899s] -- Found rosidl_generator_c: 3.1.5 (/opt/ros/humble/share/rosidl_generator_c/cmake)
[0.907s] -- Found rosidl_adapter: 3.1.5 (/opt/ros/humble/share/rosidl_adapter/cmake)
[0.925s] -- Found rosidl_generator_cpp: 3.1.5 (/opt/ros/humble/share/rosidl_generator_cpp/cmake)
[0.966s] -- Using all available rosidl_typesupport_c: rosidl_typesupport_fastrtps_c;rosidl_typesupport_introspection_c
[1.017s] -- Using all available rosidl_typesupport_cpp: rosidl_typesupport_fastrtps_cpp;rosidl_typesupport_introspection_cpp
[1.175s] -- Found rmw_implementation_cmake: 6.1.1 (/opt/ros/humble/share/rmw_implementation_cmake/cmake)
[1.195s] -- Found rmw_cyclonedds_cpp: 1.3.4 (/opt/ros/humble/share/rmw_cyclonedds_cpp/cmake)
[1.317s] -- Using RMW implementation 'rmw_cyclonedds_cpp' as default
[1.968s] -- Found rclcpp_components: 16.0.8 (/opt/ros/humble/share/rclcpp_components/cmake)
[2.137s] -- Found nav2_util: 1.1.14 (/opt/ros/humble/share/nav2_util/cmake)
[3.760s] -- Found eigen3_cmake_module: 0.1.1 (/opt/ros/humble/share/eigen3_cmake_module/cmake)
[3.763s] -- Ensuring Eigen3 include directory is part of orocos-kdl CMake target
[4.167s] -- Found sensor_msgs: 4.2.3 (/opt/ros/humble/share/sensor_msgs/cmake)
[4.331s] -- Found diagnostic_msgs: 4.2.3 (/opt/ros/humble/share/diagnostic_msgs/cmake)
[4.429s] -- Found diagnostic_updater: 3.1.2 (/opt/ros/humble/share/diagnostic_updater/cmake)
[5.553s] -- Found ament_lint_auto: 0.12.10 (/opt/ros/humble/share/ament_lint_auto/cmake)
[5.793s] -- Added test 'copyright' to check source files copyright and LICENSE
[5.803s] -- Added test 'cppcheck' to perform static code analysis on C / C++ code
[5.808s] -- Configured cppcheck include dirs: /home/hermes/Hermes/hermes_ws/src/lidar_publisher/ldlidar_component/include;/home/hermes/Hermes/hermes_ws/src/lidar_publisher/ldlidar_component/tools/include;/home/hermes/Hermes/hermes_ws/src/lidar_publisher/ldlidar_component/component/include;/home/hermes/Hermes/hermes_ws/src/lidar_publisher/ldlidar_component/ldlidar_driver/include/core;/home/hermes/Hermes/hermes_ws/src/lidar_publisher/ldlidar_component/ldlidar_driver/include/dataprocess;/home/hermes/Hermes/hermes_ws/src/lidar_publisher/ldlidar_component/ldlidar_driver/include/filter;/home/hermes/Hermes/hermes_ws/src/lidar_publisher/ldlidar_component/ldlidar_driver/include/logger;/home/hermes/Hermes/hermes_ws/src/lidar_publisher/ldlidar_component/ldlidar_driver/include/networkcom;/home/hermes/Hermes/hermes_ws/src/lidar_publisher/ldlidar_component/ldlidar_driver/include/serialcom
[5.808s] -- Configured cppcheck exclude dirs and/or files: 
[5.819s] -- Added test 'cpplint' to check C / C++ code against the Google style
[5.819s] -- Configured cpplint exclude dirs and/or files: 
[5.821s] -- Added test 'lint_cmake' to check CMake code style
[5.827s] -- Added test 'uncrustify' to check C / C++ code style
[5.827s] -- Configured uncrustify additional arguments: 
[5.828s] -- Added test 'xmllint' to check XML markup files
[5.834s] -- Added test 'clang_format' to check C / C++ code style
[5.841s] -- Configuring done
[5.980s] -- Generating done
[5.999s] -- Build files have been written to: /home/hermes/Hermes/hermes_ws/build/ldlidar_component
[6.048s] Invoked command in '/home/hermes/Hermes/hermes_ws/build/ldlidar_component' returned '0': CMAKE_PREFIX_PATH=${CMAKE_PREFIX_PATH}:/home/hermes/Hermes/hermes_ws/install/tof_publisher:/home/hermes/Hermes/hermes_ws/install/teleop_control:/home/hermes/Hermes/hermes_ws/install/robot_model:/home/hermes/Hermes/hermes_ws/install/odometry:/home/hermes/Hermes/hermes_ws/install/my_robot_description:/home/hermes/Hermes/hermes_ws/install/lidar_publisher:/home/hermes/Hermes/hermes_ws/install/launch_files:/home/hermes/Hermes/hermes_ws/install/imu_publisher:/home/hermes/Hermes/hermes_ws/install/cmd_vel:/home/hermes/Hermes/hermes_ws/install/cameras:/home/hermes/Downloads/hermes/Hermes/install/tof_publisher:/home/hermes/Downloads/hermes/Hermes/install/teleop_control:/home/hermes/Downloads/hermes/Hermes/install/odometry:/home/hermes/Downloads/hermes/Hermes/install/imu_publisher:/home/hermes/Downloads/hermes/Hermes/install/gps_publisher:/home/hermes/Downloads/hermes/Hermes/install/cmd_vel:/home/hermes/Downloads/hermes/Hermes/install/cameras:/home/hermes/Downloads/hermes/ros2_ws/src/install/ros2_video_stream_pkg:/opt/ros/humble /usr/bin/cmake /home/hermes/Hermes/hermes_ws/src/lidar_publisher/ldlidar_component -DAMENT_CMAKE_SYMLINK_INSTALL=1 -DCMAKE_INSTALL_PREFIX=/home/hermes/Hermes/hermes_ws/install/ldlidar_component
[6.049s] Invoking command in '/home/hermes/Hermes/hermes_ws/build/ldlidar_component': CMAKE_PREFIX_PATH=${CMAKE_PREFIX_PATH}:/home/hermes/Hermes/hermes_ws/install/tof_publisher:/home/hermes/Hermes/hermes_ws/install/teleop_control:/home/hermes/Hermes/hermes_ws/install/robot_model:/home/hermes/Hermes/hermes_ws/install/odometry:/home/hermes/Hermes/hermes_ws/install/my_robot_description:/home/hermes/Hermes/hermes_ws/install/lidar_publisher:/home/hermes/Hermes/hermes_ws/install/launch_files:/home/hermes/Hermes/hermes_ws/install/imu_publisher:/home/hermes/Hermes/hermes_ws/install/cmd_vel:/home/hermes/Hermes/hermes_ws/install/cameras:/home/hermes/Downloads/hermes/Hermes/install/tof_publisher:/home/hermes/Downloads/hermes/Hermes/install/teleop_control:/home/hermes/Downloads/hermes/Hermes/install/odometry:/home/hermes/Downloads/hermes/Hermes/install/imu_publisher:/home/hermes/Downloads/hermes/Hermes/install/gps_publisher:/home/hermes/Downloads/hermes/Hermes/install/cmd_vel:/home/hermes/Downloads/hermes/Hermes/install/cameras:/home/hermes/Downloads/hermes/ros2_ws/src/install/ros2_video_stream_pkg:/opt/ros/humble /usr/bin/cmake --build /home/hermes/Hermes/hermes_ws/build/ldlidar_component -- -j6 -l6
[6.190s] [35m[1mConsolidate compiler generated dependencies of target ldlidar[0m
[6.261s] [ 70%] Built target ldlidar
[6.369s] [35m[1mConsolidate compiler generated dependencies of target ldlidar_component[0m
[6.494s] [100%] Built target ldlidar_component
[6.541s] Invoked command in '/home/hermes/Hermes/hermes_ws/build/ldlidar_component' returned '0': CMAKE_PREFIX_PATH=${CMAKE_PREFIX_PATH}:/home/hermes/Hermes/hermes_ws/install/tof_publisher:/home/hermes/Hermes/hermes_ws/install/teleop_control:/home/hermes/Hermes/hermes_ws/install/robot_model:/home/hermes/Hermes/hermes_ws/install/odometry:/home/hermes/Hermes/hermes_ws/install/my_robot_description:/home/hermes/Hermes/hermes_ws/install/lidar_publisher:/home/hermes/Hermes/hermes_ws/install/launch_files:/home/hermes/Hermes/hermes_ws/install/imu_publisher:/home/hermes/Hermes/hermes_ws/install/cmd_vel:/home/hermes/Hermes/hermes_ws/install/cameras:/home/hermes/Downloads/hermes/Hermes/install/tof_publisher:/home/hermes/Downloads/hermes/Hermes/install/teleop_control:/home/hermes/Downloads/hermes/Hermes/install/odometry:/home/hermes/Downloads/hermes/Hermes/install/imu_publisher:/home/hermes/Downloads/hermes/Hermes/install/gps_publisher:/home/hermes/Downloads/hermes/Hermes/install/cmd_vel:/home/hermes/Downloads/hermes/Hermes/install/cameras:/home/hermes/Downloads/hermes/ros2_ws/src/install/ros2_video_stream_pkg:/opt/ros/humble /usr/bin/cmake --build /home/hermes/Hermes/hermes_ws/build/ldlidar_component -- -j6 -l6
[6.661s] Invoking command in '/home/hermes/Hermes/hermes_ws/build/ldlidar_component': CMAKE_PREFIX_PATH=${CMAKE_PREFIX_PATH}:/home/hermes/Hermes/hermes_ws/install/tof_publisher:/home/hermes/Hermes/hermes_ws/install/teleop_control:/home/hermes/Hermes/hermes_ws/install/robot_model:/home/hermes/Hermes/hermes_ws/install/odometry:/home/hermes/Hermes/hermes_ws/install/my_robot_description:/home/hermes/Hermes/hermes_ws/install/lidar_publisher:/home/hermes/Hermes/hermes_ws/install/launch_files:/home/hermes/Hermes/hermes_ws/install/imu_publisher:/home/hermes/Hermes/hermes_ws/install/cmd_vel:/home/hermes/Hermes/hermes_ws/install/cameras:/home/hermes/Downloads/hermes/Hermes/install/tof_publisher:/home/hermes/Downloads/hermes/Hermes/install/teleop_control:/home/hermes/Downloads/hermes/Hermes/install/odometry:/home/hermes/Downloads/hermes/Hermes/install/imu_publisher:/home/hermes/Downloads/hermes/Hermes/install/gps_publisher:/home/hermes/Downloads/hermes/Hermes/install/cmd_vel:/home/hermes/Downloads/hermes/Hermes/install/cameras:/home/hermes/Downloads/hermes/ros2_ws/src/install/ros2_video_stream_pkg:/opt/ros/humble /usr/bin/cmake --install /home/hermes/Hermes/hermes_ws/build/ldlidar_component
[6.687s] -- Install configuration: "Release"
[6.688s] -- Execute custom install script
[6.689s] -- Up-to-date symlink: /home/hermes/Hermes/hermes_ws/install/ldlidar_component/lib/libldlidar_component.so
[6.690s] -- Up-to-date symlink: /home/hermes/Hermes/hermes_ws/install/ldlidar_component/include/ldlidar_component//defines.hpp
[6.690s] -- Up-to-date symlink: /home/hermes/Hermes/hermes_ws/install/ldlidar_component/include/ldlidar_component//ldlidar_component.hpp
[6.691s] -- Up-to-date symlink: /home/hermes/Hermes/hermes_ws/install/ldlidar_component/include/ldlidar_component//ldlidar_tools.hpp
[6.691s] -- Up-to-date symlink: /home/hermes/Hermes/hermes_ws/install/ldlidar_component/include/ldlidar_component//visibility_control.hpp
[6.692s] -- Up-to-date symlink: /home/hermes/Hermes/hermes_ws/install/ldlidar_component/include/ldlidar_component//ldlidar_datatype.h
[6.694s] -- Up-to-date symlink: /home/hermes/Hermes/hermes_ws/install/ldlidar_component/include/ldlidar_component//ldlidar_driver.h
[6.695s] -- Up-to-date symlink: /home/hermes/Hermes/hermes_ws/install/ldlidar_component/include/ldlidar_component//lipkg.h
[6.697s] -- Up-to-date symlink: /home/hermes/Hermes/hermes_ws/install/ldlidar_component/include/ldlidar_component//tofbf.h
[6.698s] -- Up-to-date symlink: /home/hermes/Hermes/hermes_ws/install/ldlidar_component/include/ldlidar_component//log_module.h
[6.699s] -- Up-to-date symlink: /home/hermes/Hermes/hermes_ws/install/ldlidar_component/include/ldlidar_component//network_socket_interface_linux.h
[6.699s] -- Up-to-date symlink: /home/hermes/Hermes/hermes_ws/install/ldlidar_component/include/ldlidar_component//serial_interface_linux.h
[6.700s] -- Up-to-date symlink: /home/hermes/Hermes/hermes_ws/install/ldlidar_component/share/ldlidar_component/environment/library_path.sh
[6.700s] -- Up-to-date symlink: /home/hermes/Hermes/hermes_ws/install/ldlidar_component/share/ldlidar_component/environment/library_path.dsv
[6.701s] -- Up-to-date symlink: /home/hermes/Hermes/hermes_ws/install/ldlidar_component/share/ament_index/resource_index/package_run_dependencies/ldlidar_component
[6.716s] -- Up-to-date symlink: /home/hermes/Hermes/hermes_ws/install/ldlidar_component/share/ament_index/resource_index/parent_prefix_path/ldlidar_component
[6.717s] -- Up-to-date symlink: /home/hermes/Hermes/hermes_ws/install/ldlidar_component/share/ldlidar_component/environment/ament_prefix_path.sh
[6.718s] -- Up-to-date symlink: /home/hermes/Hermes/hermes_ws/install/ldlidar_component/share/ldlidar_component/environment/ament_prefix_path.dsv
[6.719s] -- Up-to-date symlink: /home/hermes/Hermes/hermes_ws/install/ldlidar_component/share/ldlidar_component/environment/path.sh
[6.719s] -- Up-to-date symlink: /home/hermes/Hermes/hermes_ws/install/ldlidar_component/share/ldlidar_component/environment/path.dsv
[6.720s] -- Up-to-date symlink: /home/hermes/Hermes/hermes_ws/install/ldlidar_component/share/ldlidar_component/local_setup.bash
[6.720s] -- Up-to-date symlink: /home/hermes/Hermes/hermes_ws/install/ldlidar_component/share/ldlidar_component/local_setup.sh
[6.721s] -- Up-to-date symlink: /home/hermes/Hermes/hermes_ws/install/ldlidar_component/share/ldlidar_component/local_setup.zsh
[6.721s] -- Up-to-date symlink: /home/hermes/Hermes/hermes_ws/install/ldlidar_component/share/ldlidar_component/local_setup.dsv
[6.722s] -- Symlinking: /home/hermes/Hermes/hermes_ws/install/ldlidar_component/share/ldlidar_component/package.dsv
[6.758s] -- Up-to-date symlink: /home/hermes/Hermes/hermes_ws/install/ldlidar_component/share/ament_index/resource_index/packages/ldlidar_component
[6.758s] -- Up-to-date symlink: /home/hermes/Hermes/hermes_ws/install/ldlidar_component/share/ament_index/resource_index/rclcpp_components/ldlidar_component
[6.758s] -- Up-to-date symlink: /home/hermes/Hermes/hermes_ws/install/ldlidar_component/share/ldlidar_component/cmake/ament_cmake_export_include_directories-extras.cmake
[6.758s] -- Up-to-date symlink: /home/hermes/Hermes/hermes_ws/install/ldlidar_component/share/ldlidar_component/cmake/ament_cmake_export_libraries-extras.cmake
[6.759s] -- Up-to-date symlink: /home/hermes/Hermes/hermes_ws/install/ldlidar_component/share/ldlidar_component/cmake/ament_cmake_export_dependencies-extras.cmake
[6.760s] -- Up-to-date symlink: /home/hermes/Hermes/hermes_ws/install/ldlidar_component/share/ldlidar_component/cmake/ldlidar_componentConfig.cmake
[6.760s] -- Up-to-date symlink: /home/hermes/Hermes/hermes_ws/install/ldlidar_component/share/ldlidar_component/cmake/ldlidar_componentConfig-version.cmake
[6.761s] -- Up-to-date symlink: /home/hermes/Hermes/hermes_ws/install/ldlidar_component/share/ldlidar_component/package.xml
[6.771s] Invoked command in '/home/hermes/Hermes/hermes_ws/build/ldlidar_component' returned '0': CMAKE_PREFIX_PATH=${CMAKE_PREFIX_PATH}:/home/hermes/Hermes/hermes_ws/install/tof_publisher:/home/hermes/Hermes/hermes_ws/install/teleop_control:/home/hermes/Hermes/hermes_ws/install/robot_model:/home/hermes/Hermes/hermes_ws/install/odometry:/home/hermes/Hermes/hermes_ws/install/my_robot_description:/home/hermes/Hermes/hermes_ws/install/lidar_publisher:/home/hermes/Hermes/hermes_ws/install/launch_files:/home/hermes/Hermes/hermes_ws/install/imu_publisher:/home/hermes/Hermes/hermes_ws/install/cmd_vel:/home/hermes/Hermes/hermes_ws/install/cameras:/home/hermes/Downloads/hermes/Hermes/install/tof_publisher:/home/hermes/Downloads/hermes/Hermes/install/teleop_control:/home/hermes/Downloads/hermes/Hermes/install/odometry:/home/hermes/Downloads/hermes/Hermes/install/imu_publisher:/home/hermes/Downloads/hermes/Hermes/install/gps_publisher:/home/hermes/Downloads/hermes/Hermes/install/cmd_vel:/home/hermes/Downloads/hermes/Hermes/install/cameras:/home/hermes/Downloads/hermes/ros2_ws/src/install/ros2_video_stream_pkg:/opt/ros/humble /usr/bin/cmake --install /home/hermes/Hermes/hermes_ws/build/ldlidar_component
