[1.792s] Invoking command in '/home/aleksmalm/Hermes/hermes_ws/src/tof_publisher': PYTHONPATH=/home/aleksmalm/Hermes/hermes_ws/build/tof_publisher/prefix_override:/home/aleksmalm/Hermes/hermes_ws/install/tof_publisher/lib/python3.10/site-packages:${PYTHONPATH} /usr/bin/python3 -W ignore:setup.py install is deprecated setup.py egg_info --egg-base ../../build/tof_publisher build --build-base /home/aleksmalm/Hermes/hermes_ws/build/tof_publisher/build install --record /home/aleksmalm/Hermes/hermes_ws/build/tof_publisher/install.log --install-scripts $base/lib/tof_publisher --single-version-externally-managed install_data
[2.083s] /usr/lib/python3/dist-packages/setuptools/dist.py:723: UserWarning: Usage of dash-separated 'script-dir' will not be supported in future versions. Please use the underscore name 'script_dir' instead
[2.083s]   warnings.warn(
[2.093s] running egg_info
[2.094s] writing ../../build/tof_publisher/tof_publisher.egg-info/PKG-INFO
[2.094s] writing dependency_links to ../../build/tof_publisher/tof_publisher.egg-info/dependency_links.txt
[2.094s] writing entry points to ../../build/tof_publisher/tof_publisher.egg-info/entry_points.txt
[2.094s] writing requirements to ../../build/tof_publisher/tof_publisher.egg-info/requires.txt
[2.094s] writing top-level names to ../../build/tof_publisher/tof_publisher.egg-info/top_level.txt
[2.096s] reading manifest file '../../build/tof_publisher/tof_publisher.egg-info/SOURCES.txt'
[2.097s] writing manifest file '../../build/tof_publisher/tof_publisher.egg-info/SOURCES.txt'
[2.097s] running build
[2.097s] running build_py
[2.097s] running install
[2.098s] running install_lib
[2.099s] running install_data
[2.099s] running install_egg_info
[2.100s] removing '/home/aleksmalm/Hermes/hermes_ws/install/tof_publisher/lib/python3.10/site-packages/tof_publisher-0.0.0-py3.10.egg-info' (and everything under it)
[2.100s] Copying ../../build/tof_publisher/tof_publisher.egg-info to /home/aleksmalm/Hermes/hermes_ws/install/tof_publisher/lib/python3.10/site-packages/tof_publisher-0.0.0-py3.10.egg-info
[2.101s] running install_scripts
[2.119s] Installing tof_data = tof_publisher.tof_data:maininteractive_waypoint_follower script to /home/aleksmalm/Hermes/hermes_ws/install/tof_publisher/lib/tof_publisher
[2.120s] writing list of installed files to '/home/aleksmalm/Hermes/hermes_ws/build/tof_publisher/install.log'
[2.160s] Invoked command in '/home/aleksmalm/Hermes/hermes_ws/src/tof_publisher' returned '0': PYTHONPATH=/home/aleksmalm/Hermes/hermes_ws/build/tof_publisher/prefix_override:/home/aleksmalm/Hermes/hermes_ws/install/tof_publisher/lib/python3.10/site-packages:${PYTHONPATH} /usr/bin/python3 -W ignore:setup.py install is deprecated setup.py egg_info --egg-base ../../build/tof_publisher build --build-base /home/aleksmalm/Hermes/hermes_ws/build/tof_publisher/build install --record /home/aleksmalm/Hermes/hermes_ws/build/tof_publisher/install.log --install-scripts $base/lib/tof_publisher --single-version-externally-managed install_data
