-- The C compiler identification is GNU 9.4.0
-- The CXX compiler identification is GNU 9.4.0
-- Check for working C compiler: /usr/bin/cc
-- Check for working C compiler: /usr/bin/cc -- works
-- Detecting C compiler ABI info
-- Detecting C compiler ABI info - done
-- Detecting C compile features
-- Detecting C compile features - done
-- Check for working CXX compiler: /usr/bin/c++
-- Check for working CXX compiler: /usr/bin/c++ -- works
-- Detecting CXX compiler ABI info
-- Detecting CXX compiler ABI info - done
-- Detecting CXX compile features
-- Detecting CXX compile features - done
-- Found ros_environment: 3.2.2 (/home/raivo/ros2_humble/install/ros_environment/share/ros_environment/cmake)
-- Found std_msgs: 4.2.3 (/home/raivo/ros2_humble/install/std_msgs/share/std_msgs/cmake)
-- Found Python3: /usr/bin/python3.8 (found version "3.8.10") found components: Interpreter 
-- Found rosidl_generator_c: 3.1.5 (/home/raivo/ros2_humble/install/rosidl_generator_c/share/rosidl_generator_c/cmake)
-- Found rosidl_adapter: 3.1.5 (/home/raivo/ros2_humble/install/rosidl_adapter/share/rosidl_adapter/cmake)
-- Found rosidl_generator_cpp: 3.1.5 (/home/raivo/ros2_humble/install/rosidl_generator_cpp/share/rosidl_generator_cpp/cmake)
-- Using all available rosidl_typesupport_c: rosidl_typesupport_introspection_c;rosidl_typesupport_fastrtps_c
-- Using all available rosidl_typesupport_cpp: rosidl_typesupport_introspection_cpp;rosidl_typesupport_fastrtps_cpp
-- Found rosidl_default_generators: 1.2.0 (/home/raivo/ros2_humble/install/rosidl_default_generators/share/rosidl_default_generators/cmake)
-- Found ament_cmake_cppcheck: 0.12.8 (/home/raivo/ros2_humble/install/ament_cmake_cppcheck/share/ament_cmake_cppcheck/cmake)
-- Found ament_cmake_cpplint: 0.12.8 (/home/raivo/ros2_humble/install/ament_cmake_cpplint/share/ament_cmake_cpplint/cmake)
-- Found ament_cmake_uncrustify: 0.12.8 (/home/raivo/ros2_humble/install/ament_cmake_uncrustify/share/ament_cmake_uncrustify/cmake)
-- Found ament_cmake_ros: 0.10.0 (/home/raivo/ros2_humble/install/ament_cmake_ros/share/ament_cmake_ros/cmake)
-- Using all available rosidl_typesupport_c: rosidl_typesupport_introspection_c;rosidl_typesupport_fastrtps_c
-- Using all available rosidl_typesupport_cpp: rosidl_typesupport_introspection_cpp;rosidl_typesupport_fastrtps_cpp
-- Found PythonInterp: /usr/bin/python3 (found suitable version "3.8.10", minimum required is "3.6") 
-- Found python_cmake_module: 0.10.0 (/home/raivo/ros2_humble/install/python_cmake_module/share/python_cmake_module/cmake)
-- Found PythonLibs: /usr/lib/x86_64-linux-gnu/libpython3.8.so (found suitable version "3.8.10", minimum required is "3.5") 
-- Using PYTHON_EXECUTABLE: /usr/bin/python3
-- Using PYTHON_INCLUDE_DIRS: /usr/include/python3.8
-- Using PYTHON_LIBRARIES: /usr/lib/x86_64-linux-gnu/libpython3.8.so
-- Found PythonExtra: .so  
-- Found ament_cmake_flake8: 0.12.8 (/home/raivo/ros2_humble/install/ament_cmake_flake8/share/ament_cmake_flake8/cmake)
-- Found ament_cmake_pep257: 0.12.8 (/home/raivo/ros2_humble/install/ament_cmake_pep257/share/ament_cmake_pep257/cmake)
-- Configuring done
-- Generating done
-- Build files have been written to: /home/raivo/Hermes/hermes_ws/build/rtcm_msgs
[  3%] [34m[1mGenerating C code for ROS interfaces[0m
[35m[1mScanning dependencies of target rtcm_msgs__cpp[0m
[35m[1mScanning dependencies of target ament_cmake_python_copy_rtcm_msgs[0m
[  6%] [34m[1mGenerating C++ code for ROS interfaces[0m
[  6%] Built target ament_cmake_python_copy_rtcm_msgs
[35m[1mScanning dependencies of target ament_cmake_python_build_rtcm_msgs_egg[0m
[35m[1mScanning dependencies of target rtcm_msgs__rosidl_generator_c[0m
[  9%] [32mBuilding C object CMakeFiles/rtcm_msgs__rosidl_generator_c.dir/rosidl_generator_c/rtcm_msgs/msg/detail/message__functions.c.o[0m
[  9%] Built target rtcm_msgs__cpp
[ 12%] [34m[1mGenerating C++ type support dispatch for ROS interfaces[0m
[ 19%] [34m[1mGenerating C++ type support for eProsima Fast-RTPS[0m
[ 19%] [34m[1mGenerating C++ introspection for ROS interfaces[0m
[ 22%] [32m[1mLinking C shared library librtcm_msgs__rosidl_generator_c.so[0m
[ 22%] Built target rtcm_msgs__rosidl_generator_c
[ 32%] [34m[1mGenerating C introspection for ROS interfaces[0m
[ 32%] [34m[1mGenerating C type support dispatch for ROS interfaces[0m
[ 32%] [34m[1mGenerating C type support for eProsima Fast-RTPS[0m
running egg_info
creating rtcm_msgs.egg-info
writing rtcm_msgs.egg-info/PKG-INFO
writing dependency_links to rtcm_msgs.egg-info/dependency_links.txt
writing top-level names to rtcm_msgs.egg-info/top_level.txt
writing manifest file 'rtcm_msgs.egg-info/SOURCES.txt'
reading manifest file 'rtcm_msgs.egg-info/SOURCES.txt'
writing manifest file 'rtcm_msgs.egg-info/SOURCES.txt'
[ 32%] Built target ament_cmake_python_build_rtcm_msgs_egg
[35m[1mScanning dependencies of target rtcm_msgs__rosidl_typesupport_cpp[0m
[35m[1mScanning dependencies of target rtcm_msgs__rosidl_typesupport_c[0m
[ 35%] [32mBuilding CXX object CMakeFiles/rtcm_msgs__rosidl_typesupport_cpp.dir/rosidl_typesupport_cpp/rtcm_msgs/msg/message__type_support.cpp.o[0m
[ 38%] [32mBuilding CXX object CMakeFiles/rtcm_msgs__rosidl_typesupport_c.dir/rosidl_typesupport_c/rtcm_msgs/msg/message__type_support.cpp.o[0m
[ 41%] [32m[1mLinking CXX shared library librtcm_msgs__rosidl_typesupport_c.so[0m
[35m[1mScanning dependencies of target rtcm_msgs__rosidl_typesupport_fastrtps_c[0m
[ 45%] [32mBuilding CXX object CMakeFiles/rtcm_msgs__rosidl_typesupport_fastrtps_c.dir/rosidl_typesupport_fastrtps_c/rtcm_msgs/msg/detail/message__type_support_c.cpp.o[0m
[ 45%] Built target rtcm_msgs__rosidl_typesupport_c
[35m[1mScanning dependencies of target rtcm_msgs__rosidl_typesupport_fastrtps_cpp[0m
[ 48%] [32mBuilding CXX object CMakeFiles/rtcm_msgs__rosidl_typesupport_fastrtps_cpp.dir/rosidl_typesupport_fastrtps_cpp/rtcm_msgs/msg/detail/dds_fastrtps/message__type_support.cpp.o[0m
[ 51%] [32m[1mLinking CXX shared library librtcm_msgs__rosidl_typesupport_cpp.so[0m
[35m[1mScanning dependencies of target rtcm_msgs__rosidl_typesupport_introspection_cpp[0m
[ 51%] Built target rtcm_msgs__rosidl_typesupport_cpp
[ 54%] [32mBuilding CXX object CMakeFiles/rtcm_msgs__rosidl_typesupport_introspection_cpp.dir/rosidl_typesupport_introspection_cpp/rtcm_msgs/msg/detail/message__type_support.cpp.o[0m
[ 58%] [32m[1mLinking CXX shared library librtcm_msgs__rosidl_typesupport_fastrtps_c.so[0m
[35m[1mScanning dependencies of target rtcm_msgs__rosidl_typesupport_introspection_c[0m
[ 58%] Built target rtcm_msgs__rosidl_typesupport_fastrtps_c
[ 61%] [32mBuilding C object CMakeFiles/rtcm_msgs__rosidl_typesupport_introspection_c.dir/rosidl_typesupport_introspection_c/rtcm_msgs/msg/detail/message__type_support.c.o[0m
[ 64%] [32m[1mLinking C shared library librtcm_msgs__rosidl_typesupport_introspection_c.so[0m
[ 64%] Built target rtcm_msgs__rosidl_typesupport_introspection_c
[ 67%] [32m[1mLinking CXX shared library librtcm_msgs__rosidl_typesupport_fastrtps_cpp.so[0m
[ 67%] Built target rtcm_msgs__rosidl_typesupport_fastrtps_cpp
[ 70%] [32m[1mLinking CXX shared library librtcm_msgs__rosidl_typesupport_introspection_cpp.so[0m
[ 70%] Built target rtcm_msgs__rosidl_typesupport_introspection_cpp
[35m[1mScanning dependencies of target rtcm_msgs[0m
[ 70%] Built target rtcm_msgs
[35m[1mScanning dependencies of target rtcm_msgs__py[0m
[ 74%] [34m[1mGenerating Python code for ROS interfaces[0m
[ 74%] Built target rtcm_msgs__py
[35m[1mScanning dependencies of target rtcm_msgs__rosidl_generator_py[0m
[ 77%] [32mBuilding C object CMakeFiles/rtcm_msgs__rosidl_generator_py.dir/rosidl_generator_py/rtcm_msgs/msg/_message_s.c.o[0m
[ 80%] [32m[1mLinking C shared library rosidl_generator_py/rtcm_msgs/librtcm_msgs__rosidl_generator_py.so[0m
[ 80%] Built target rtcm_msgs__rosidl_generator_py
[35m[1mScanning dependencies of target rtcm_msgs__rosidl_typesupport_introspection_c__pyext[0m
[35m[1mScanning dependencies of target rtcm_msgs__rosidl_typesupport_fastrtps_c__pyext[0m
[35m[1mScanning dependencies of target rtcm_msgs__rosidl_typesupport_c__pyext[0m
[ 83%] [32mBuilding C object CMakeFiles/rtcm_msgs__rosidl_typesupport_fastrtps_c__pyext.dir/rosidl_generator_py/rtcm_msgs/_rtcm_msgs_s.ep.rosidl_typesupport_fastrtps_c.c.o[0m
[ 87%] [32mBuilding C object CMakeFiles/rtcm_msgs__rosidl_typesupport_introspection_c__pyext.dir/rosidl_generator_py/rtcm_msgs/_rtcm_msgs_s.ep.rosidl_typesupport_introspection_c.c.o[0m
[ 90%] [32mBuilding C object CMakeFiles/rtcm_msgs__rosidl_typesupport_c__pyext.dir/rosidl_generator_py/rtcm_msgs/_rtcm_msgs_s.ep.rosidl_typesupport_c.c.o[0m
[ 93%] [32m[1mLinking C shared library rosidl_generator_py/rtcm_msgs/rtcm_msgs_s__rosidl_typesupport_fastrtps_c.cpython-38-x86_64-linux-gnu.so[0m
[ 96%] [32m[1mLinking C shared library rosidl_generator_py/rtcm_msgs/rtcm_msgs_s__rosidl_typesupport_introspection_c.cpython-38-x86_64-linux-gnu.so[0m
[100%] [32m[1mLinking C shared library rosidl_generator_py/rtcm_msgs/rtcm_msgs_s__rosidl_typesupport_c.cpython-38-x86_64-linux-gnu.so[0m
[100%] Built target rtcm_msgs__rosidl_typesupport_fastrtps_c__pyext
[100%] Built target rtcm_msgs__rosidl_typesupport_introspection_c__pyext
[100%] Built target rtcm_msgs__rosidl_typesupport_c__pyext
-- Install configuration: ""
-- Installing: /home/raivo/Hermes/hermes_ws/install/rtcm_msgs/share/ament_index/resource_index/rosidl_interfaces/rtcm_msgs
-- Installing: /home/raivo/Hermes/hermes_ws/install/rtcm_msgs/include/rtcm_msgs/rtcm_msgs
-- Installing: /home/raivo/Hermes/hermes_ws/install/rtcm_msgs/include/rtcm_msgs/rtcm_msgs/msg
-- Installing: /home/raivo/Hermes/hermes_ws/install/rtcm_msgs/include/rtcm_msgs/rtcm_msgs/msg/message.h
-- Installing: /home/raivo/Hermes/hermes_ws/install/rtcm_msgs/include/rtcm_msgs/rtcm_msgs/msg/detail
-- Installing: /home/raivo/Hermes/hermes_ws/install/rtcm_msgs/include/rtcm_msgs/rtcm_msgs/msg/detail/message__functions.h
-- Installing: /home/raivo/Hermes/hermes_ws/install/rtcm_msgs/include/rtcm_msgs/rtcm_msgs/msg/detail/message__functions.c
-- Installing: /home/raivo/Hermes/hermes_ws/install/rtcm_msgs/include/rtcm_msgs/rtcm_msgs/msg/detail/message__struct.h
-- Installing: /home/raivo/Hermes/hermes_ws/install/rtcm_msgs/include/rtcm_msgs/rtcm_msgs/msg/detail/message__type_support.h
-- Installing: /home/raivo/Hermes/hermes_ws/install/rtcm_msgs/include/rtcm_msgs/rtcm_msgs/msg/rosidl_generator_c__visibility_control.h
-- Installing: /home/raivo/Hermes/hermes_ws/install/rtcm_msgs/share/rtcm_msgs/environment/library_path.sh
-- Installing: /home/raivo/Hermes/hermes_ws/install/rtcm_msgs/share/rtcm_msgs/environment/library_path.dsv
-- Installing: /home/raivo/Hermes/hermes_ws/install/rtcm_msgs/lib/librtcm_msgs__rosidl_generator_c.so
-- Set runtime path of "/home/raivo/Hermes/hermes_ws/install/rtcm_msgs/lib/librtcm_msgs__rosidl_generator_c.so" to ""
-- Up-to-date: /home/raivo/Hermes/hermes_ws/install/rtcm_msgs/include/rtcm_msgs/rtcm_msgs
-- Up-to-date: /home/raivo/Hermes/hermes_ws/install/rtcm_msgs/include/rtcm_msgs/rtcm_msgs/msg
-- Up-to-date: /home/raivo/Hermes/hermes_ws/install/rtcm_msgs/include/rtcm_msgs/rtcm_msgs/msg/detail
-- Installing: /home/raivo/Hermes/hermes_ws/install/rtcm_msgs/include/rtcm_msgs/rtcm_msgs/msg/detail/message__rosidl_typesupport_fastrtps_c.h
-- Installing: /home/raivo/Hermes/hermes_ws/install/rtcm_msgs/include/rtcm_msgs/rtcm_msgs/msg/rosidl_typesupport_fastrtps_c__visibility_control.h
-- Installing: /home/raivo/Hermes/hermes_ws/install/rtcm_msgs/lib/librtcm_msgs__rosidl_typesupport_fastrtps_c.so
-- Set runtime path of "/home/raivo/Hermes/hermes_ws/install/rtcm_msgs/lib/librtcm_msgs__rosidl_typesupport_fastrtps_c.so" to ""
-- Up-to-date: /home/raivo/Hermes/hermes_ws/install/rtcm_msgs/include/rtcm_msgs/rtcm_msgs
-- Up-to-date: /home/raivo/Hermes/hermes_ws/install/rtcm_msgs/include/rtcm_msgs/rtcm_msgs/msg
-- Up-to-date: /home/raivo/Hermes/hermes_ws/install/rtcm_msgs/include/rtcm_msgs/rtcm_msgs/msg/detail
-- Installing: /home/raivo/Hermes/hermes_ws/install/rtcm_msgs/include/rtcm_msgs/rtcm_msgs/msg/detail/message__traits.hpp
-- Installing: /home/raivo/Hermes/hermes_ws/install/rtcm_msgs/include/rtcm_msgs/rtcm_msgs/msg/detail/message__builder.hpp
-- Installing: /home/raivo/Hermes/hermes_ws/install/rtcm_msgs/include/rtcm_msgs/rtcm_msgs/msg/detail/message__struct.hpp
-- Installing: /home/raivo/Hermes/hermes_ws/install/rtcm_msgs/include/rtcm_msgs/rtcm_msgs/msg/message.hpp
-- Up-to-date: /home/raivo/Hermes/hermes_ws/install/rtcm_msgs/include/rtcm_msgs/rtcm_msgs
-- Up-to-date: /home/raivo/Hermes/hermes_ws/install/rtcm_msgs/include/rtcm_msgs/rtcm_msgs/msg
-- Up-to-date: /home/raivo/Hermes/hermes_ws/install/rtcm_msgs/include/rtcm_msgs/rtcm_msgs/msg/detail
-- Installing: /home/raivo/Hermes/hermes_ws/install/rtcm_msgs/include/rtcm_msgs/rtcm_msgs/msg/detail/dds_fastrtps
-- Installing: /home/raivo/Hermes/hermes_ws/install/rtcm_msgs/include/rtcm_msgs/rtcm_msgs/msg/detail/message__rosidl_typesupport_fastrtps_cpp.hpp
-- Installing: /home/raivo/Hermes/hermes_ws/install/rtcm_msgs/include/rtcm_msgs/rtcm_msgs/msg/rosidl_typesupport_fastrtps_cpp__visibility_control.h
-- Installing: /home/raivo/Hermes/hermes_ws/install/rtcm_msgs/lib/librtcm_msgs__rosidl_typesupport_fastrtps_cpp.so
-- Set runtime path of "/home/raivo/Hermes/hermes_ws/install/rtcm_msgs/lib/librtcm_msgs__rosidl_typesupport_fastrtps_cpp.so" to ""
-- Up-to-date: /home/raivo/Hermes/hermes_ws/install/rtcm_msgs/include/rtcm_msgs/rtcm_msgs
-- Up-to-date: /home/raivo/Hermes/hermes_ws/install/rtcm_msgs/include/rtcm_msgs/rtcm_msgs/msg
-- Up-to-date: /home/raivo/Hermes/hermes_ws/install/rtcm_msgs/include/rtcm_msgs/rtcm_msgs/msg/detail
-- Installing: /home/raivo/Hermes/hermes_ws/install/rtcm_msgs/include/rtcm_msgs/rtcm_msgs/msg/detail/message__rosidl_typesupport_introspection_c.h
-- Installing: /home/raivo/Hermes/hermes_ws/install/rtcm_msgs/include/rtcm_msgs/rtcm_msgs/msg/detail/message__type_support.c
-- Installing: /home/raivo/Hermes/hermes_ws/install/rtcm_msgs/include/rtcm_msgs/rtcm_msgs/msg/rosidl_typesupport_introspection_c__visibility_control.h
-- Installing: /home/raivo/Hermes/hermes_ws/install/rtcm_msgs/lib/librtcm_msgs__rosidl_typesupport_introspection_c.so
-- Set runtime path of "/home/raivo/Hermes/hermes_ws/install/rtcm_msgs/lib/librtcm_msgs__rosidl_typesupport_introspection_c.so" to ""
-- Installing: /home/raivo/Hermes/hermes_ws/install/rtcm_msgs/lib/librtcm_msgs__rosidl_typesupport_c.so
-- Set runtime path of "/home/raivo/Hermes/hermes_ws/install/rtcm_msgs/lib/librtcm_msgs__rosidl_typesupport_c.so" to ""
-- Up-to-date: /home/raivo/Hermes/hermes_ws/install/rtcm_msgs/include/rtcm_msgs/rtcm_msgs
-- Up-to-date: /home/raivo/Hermes/hermes_ws/install/rtcm_msgs/include/rtcm_msgs/rtcm_msgs/msg
-- Up-to-date: /home/raivo/Hermes/hermes_ws/install/rtcm_msgs/include/rtcm_msgs/rtcm_msgs/msg/detail
-- Installing: /home/raivo/Hermes/hermes_ws/install/rtcm_msgs/include/rtcm_msgs/rtcm_msgs/msg/detail/message__type_support.cpp
-- Installing: /home/raivo/Hermes/hermes_ws/install/rtcm_msgs/include/rtcm_msgs/rtcm_msgs/msg/detail/message__rosidl_typesupport_introspection_cpp.hpp
-- Installing: /home/raivo/Hermes/hermes_ws/install/rtcm_msgs/lib/librtcm_msgs__rosidl_typesupport_introspection_cpp.so
-- Set runtime path of "/home/raivo/Hermes/hermes_ws/install/rtcm_msgs/lib/librtcm_msgs__rosidl_typesupport_introspection_cpp.so" to ""
-- Installing: /home/raivo/Hermes/hermes_ws/install/rtcm_msgs/lib/librtcm_msgs__rosidl_typesupport_cpp.so
-- Set runtime path of "/home/raivo/Hermes/hermes_ws/install/rtcm_msgs/lib/librtcm_msgs__rosidl_typesupport_cpp.so" to ""
-- Installing: /home/raivo/Hermes/hermes_ws/install/rtcm_msgs/share/rtcm_msgs/environment/pythonpath.sh
-- Installing: /home/raivo/Hermes/hermes_ws/install/rtcm_msgs/share/rtcm_msgs/environment/pythonpath.dsv
-- Installing: /home/raivo/Hermes/hermes_ws/install/rtcm_msgs/lib/python3.8/site-packages/rtcm_msgs-1.1.6-py3.8.egg-info
-- Installing: /home/raivo/Hermes/hermes_ws/install/rtcm_msgs/lib/python3.8/site-packages/rtcm_msgs-1.1.6-py3.8.egg-info/SOURCES.txt
-- Installing: /home/raivo/Hermes/hermes_ws/install/rtcm_msgs/lib/python3.8/site-packages/rtcm_msgs-1.1.6-py3.8.egg-info/PKG-INFO
-- Installing: /home/raivo/Hermes/hermes_ws/install/rtcm_msgs/lib/python3.8/site-packages/rtcm_msgs-1.1.6-py3.8.egg-info/dependency_links.txt
-- Installing: /home/raivo/Hermes/hermes_ws/install/rtcm_msgs/lib/python3.8/site-packages/rtcm_msgs-1.1.6-py3.8.egg-info/top_level.txt
-- Installing: /home/raivo/Hermes/hermes_ws/install/rtcm_msgs/lib/python3.8/site-packages/rtcm_msgs
-- Installing: /home/raivo/Hermes/hermes_ws/install/rtcm_msgs/lib/python3.8/site-packages/rtcm_msgs/librtcm_msgs__rosidl_generator_py.so
-- Installing: /home/raivo/Hermes/hermes_ws/install/rtcm_msgs/lib/python3.8/site-packages/rtcm_msgs/rtcm_msgs_s__rosidl_typesupport_c.cpython-38-x86_64-linux-gnu.so
-- Installing: /home/raivo/Hermes/hermes_ws/install/rtcm_msgs/lib/python3.8/site-packages/rtcm_msgs/_rtcm_msgs_s.ep.rosidl_typesupport_introspection_c.c
-- Installing: /home/raivo/Hermes/hermes_ws/install/rtcm_msgs/lib/python3.8/site-packages/rtcm_msgs/_rtcm_msgs_s.ep.rosidl_typesupport_c.c
-- Installing: /home/raivo/Hermes/hermes_ws/install/rtcm_msgs/lib/python3.8/site-packages/rtcm_msgs/_rtcm_msgs_s.ep.rosidl_typesupport_fastrtps_c.c
-- Installing: /home/raivo/Hermes/hermes_ws/install/rtcm_msgs/lib/python3.8/site-packages/rtcm_msgs/rtcm_msgs_s__rosidl_typesupport_introspection_c.cpython-38-x86_64-linux-gnu.so
-- Installing: /home/raivo/Hermes/hermes_ws/install/rtcm_msgs/lib/python3.8/site-packages/rtcm_msgs/rtcm_msgs_s__rosidl_typesupport_fastrtps_c.cpython-38-x86_64-linux-gnu.so
-- Installing: /home/raivo/Hermes/hermes_ws/install/rtcm_msgs/lib/python3.8/site-packages/rtcm_msgs/__init__.py
-- Installing: /home/raivo/Hermes/hermes_ws/install/rtcm_msgs/lib/python3.8/site-packages/rtcm_msgs/msg
-- Installing: /home/raivo/Hermes/hermes_ws/install/rtcm_msgs/lib/python3.8/site-packages/rtcm_msgs/msg/_message_s.c
-- Installing: /home/raivo/Hermes/hermes_ws/install/rtcm_msgs/lib/python3.8/site-packages/rtcm_msgs/msg/_message.py
-- Installing: /home/raivo/Hermes/hermes_ws/install/rtcm_msgs/lib/python3.8/site-packages/rtcm_msgs/msg/__init__.py
Listing '/home/raivo/Hermes/hermes_ws/install/rtcm_msgs/lib/python3.8/site-packages/rtcm_msgs'...
Compiling '/home/raivo/Hermes/hermes_ws/install/rtcm_msgs/lib/python3.8/site-packages/rtcm_msgs/__init__.py'...
Listing '/home/raivo/Hermes/hermes_ws/install/rtcm_msgs/lib/python3.8/site-packages/rtcm_msgs/msg'...
Compiling '/home/raivo/Hermes/hermes_ws/install/rtcm_msgs/lib/python3.8/site-packages/rtcm_msgs/msg/__init__.py'...
Compiling '/home/raivo/Hermes/hermes_ws/install/rtcm_msgs/lib/python3.8/site-packages/rtcm_msgs/msg/_message.py'...
-- Installing: /home/raivo/Hermes/hermes_ws/install/rtcm_msgs/lib/python3.8/site-packages/rtcm_msgs/rtcm_msgs_s__rosidl_typesupport_introspection_c.cpython-38-x86_64-linux-gnu.so
-- Set runtime path of "/home/raivo/Hermes/hermes_ws/install/rtcm_msgs/lib/python3.8/site-packages/rtcm_msgs/rtcm_msgs_s__rosidl_typesupport_introspection_c.cpython-38-x86_64-linux-gnu.so" to ""
-- Installing: /home/raivo/Hermes/hermes_ws/install/rtcm_msgs/lib/python3.8/site-packages/rtcm_msgs/rtcm_msgs_s__rosidl_typesupport_fastrtps_c.cpython-38-x86_64-linux-gnu.so
-- Set runtime path of "/home/raivo/Hermes/hermes_ws/install/rtcm_msgs/lib/python3.8/site-packages/rtcm_msgs/rtcm_msgs_s__rosidl_typesupport_fastrtps_c.cpython-38-x86_64-linux-gnu.so" to ""
-- Installing: /home/raivo/Hermes/hermes_ws/install/rtcm_msgs/lib/python3.8/site-packages/rtcm_msgs/rtcm_msgs_s__rosidl_typesupport_c.cpython-38-x86_64-linux-gnu.so
-- Set runtime path of "/home/raivo/Hermes/hermes_ws/install/rtcm_msgs/lib/python3.8/site-packages/rtcm_msgs/rtcm_msgs_s__rosidl_typesupport_c.cpython-38-x86_64-linux-gnu.so" to ""
-- Installing: /home/raivo/Hermes/hermes_ws/install/rtcm_msgs/lib/librtcm_msgs__rosidl_generator_py.so
-- Set runtime path of "/home/raivo/Hermes/hermes_ws/install/rtcm_msgs/lib/librtcm_msgs__rosidl_generator_py.so" to ""
-- Installing: /home/raivo/Hermes/hermes_ws/install/rtcm_msgs/share/rtcm_msgs/msg/Message.idl
-- Installing: /home/raivo/Hermes/hermes_ws/install/rtcm_msgs/share/rtcm_msgs/msg/Message.msg
-- Installing: /home/raivo/Hermes/hermes_ws/install/rtcm_msgs/share/ament_index/resource_index/package_run_dependencies/rtcm_msgs
-- Installing: /home/raivo/Hermes/hermes_ws/install/rtcm_msgs/share/ament_index/resource_index/parent_prefix_path/rtcm_msgs
-- Installing: /home/raivo/Hermes/hermes_ws/install/rtcm_msgs/share/rtcm_msgs/environment/ament_prefix_path.sh
-- Installing: /home/raivo/Hermes/hermes_ws/install/rtcm_msgs/share/rtcm_msgs/environment/ament_prefix_path.dsv
-- Installing: /home/raivo/Hermes/hermes_ws/install/rtcm_msgs/share/rtcm_msgs/environment/path.sh
-- Installing: /home/raivo/Hermes/hermes_ws/install/rtcm_msgs/share/rtcm_msgs/environment/path.dsv
-- Installing: /home/raivo/Hermes/hermes_ws/install/rtcm_msgs/share/rtcm_msgs/local_setup.bash
-- Installing: /home/raivo/Hermes/hermes_ws/install/rtcm_msgs/share/rtcm_msgs/local_setup.sh
-- Installing: /home/raivo/Hermes/hermes_ws/install/rtcm_msgs/share/rtcm_msgs/local_setup.zsh
-- Installing: /home/raivo/Hermes/hermes_ws/install/rtcm_msgs/share/rtcm_msgs/local_setup.dsv
-- Installing: /home/raivo/Hermes/hermes_ws/install/rtcm_msgs/share/rtcm_msgs/package.dsv
-- Installing: /home/raivo/Hermes/hermes_ws/install/rtcm_msgs/share/ament_index/resource_index/packages/rtcm_msgs
-- Installing: /home/raivo/Hermes/hermes_ws/install/rtcm_msgs/share/rtcm_msgs/cmake/export_rtcm_msgs__rosidl_generator_cExport.cmake
-- Installing: /home/raivo/Hermes/hermes_ws/install/rtcm_msgs/share/rtcm_msgs/cmake/export_rtcm_msgs__rosidl_generator_cExport-noconfig.cmake
-- Installing: /home/raivo/Hermes/hermes_ws/install/rtcm_msgs/share/rtcm_msgs/cmake/export_rtcm_msgs__rosidl_typesupport_fastrtps_cExport.cmake
-- Installing: /home/raivo/Hermes/hermes_ws/install/rtcm_msgs/share/rtcm_msgs/cmake/export_rtcm_msgs__rosidl_typesupport_fastrtps_cExport-noconfig.cmake
-- Installing: /home/raivo/Hermes/hermes_ws/install/rtcm_msgs/share/rtcm_msgs/cmake/export_rtcm_msgs__rosidl_generator_cppExport.cmake
-- Installing: /home/raivo/Hermes/hermes_ws/install/rtcm_msgs/share/rtcm_msgs/cmake/export_rtcm_msgs__rosidl_typesupport_fastrtps_cppExport.cmake
-- Installing: /home/raivo/Hermes/hermes_ws/install/rtcm_msgs/share/rtcm_msgs/cmake/export_rtcm_msgs__rosidl_typesupport_fastrtps_cppExport-noconfig.cmake
-- Installing: /home/raivo/Hermes/hermes_ws/install/rtcm_msgs/share/rtcm_msgs/cmake/rtcm_msgs__rosidl_typesupport_introspection_cExport.cmake
-- Installing: /home/raivo/Hermes/hermes_ws/install/rtcm_msgs/share/rtcm_msgs/cmake/rtcm_msgs__rosidl_typesupport_introspection_cExport-noconfig.cmake
-- Installing: /home/raivo/Hermes/hermes_ws/install/rtcm_msgs/share/rtcm_msgs/cmake/rtcm_msgs__rosidl_typesupport_cExport.cmake
-- Installing: /home/raivo/Hermes/hermes_ws/install/rtcm_msgs/share/rtcm_msgs/cmake/rtcm_msgs__rosidl_typesupport_cExport-noconfig.cmake
-- Installing: /home/raivo/Hermes/hermes_ws/install/rtcm_msgs/share/rtcm_msgs/cmake/rtcm_msgs__rosidl_typesupport_introspection_cppExport.cmake
-- Installing: /home/raivo/Hermes/hermes_ws/install/rtcm_msgs/share/rtcm_msgs/cmake/rtcm_msgs__rosidl_typesupport_introspection_cppExport-noconfig.cmake
-- Installing: /home/raivo/Hermes/hermes_ws/install/rtcm_msgs/share/rtcm_msgs/cmake/rtcm_msgs__rosidl_typesupport_cppExport.cmake
-- Installing: /home/raivo/Hermes/hermes_ws/install/rtcm_msgs/share/rtcm_msgs/cmake/rtcm_msgs__rosidl_typesupport_cppExport-noconfig.cmake
-- Installing: /home/raivo/Hermes/hermes_ws/install/rtcm_msgs/share/rtcm_msgs/cmake/export_rtcm_msgs__rosidl_generator_pyExport.cmake
-- Installing: /home/raivo/Hermes/hermes_ws/install/rtcm_msgs/share/rtcm_msgs/cmake/export_rtcm_msgs__rosidl_generator_pyExport-noconfig.cmake
-- Installing: /home/raivo/Hermes/hermes_ws/install/rtcm_msgs/share/rtcm_msgs/cmake/rosidl_cmake-extras.cmake
-- Installing: /home/raivo/Hermes/hermes_ws/install/rtcm_msgs/share/rtcm_msgs/cmake/ament_cmake_export_dependencies-extras.cmake
-- Installing: /home/raivo/Hermes/hermes_ws/install/rtcm_msgs/share/rtcm_msgs/cmake/ament_cmake_export_include_directories-extras.cmake
-- Installing: /home/raivo/Hermes/hermes_ws/install/rtcm_msgs/share/rtcm_msgs/cmake/ament_cmake_export_libraries-extras.cmake
-- Installing: /home/raivo/Hermes/hermes_ws/install/rtcm_msgs/share/rtcm_msgs/cmake/ament_cmake_export_targets-extras.cmake
-- Installing: /home/raivo/Hermes/hermes_ws/install/rtcm_msgs/share/rtcm_msgs/cmake/rosidl_cmake_export_typesupport_targets-extras.cmake
-- Installing: /home/raivo/Hermes/hermes_ws/install/rtcm_msgs/share/rtcm_msgs/cmake/rosidl_cmake_export_typesupport_libraries-extras.cmake
-- Installing: /home/raivo/Hermes/hermes_ws/install/rtcm_msgs/share/rtcm_msgs/cmake/rtcm_msgsConfig.cmake
-- Installing: /home/raivo/Hermes/hermes_ws/install/rtcm_msgs/share/rtcm_msgs/cmake/rtcm_msgsConfig-version.cmake
-- Installing: /home/raivo/Hermes/hermes_ws/install/rtcm_msgs/share/rtcm_msgs/package.xml
