[3.217s] Invoking command in '/home/raivo/Hermes/hermes_ws/build/rtcm_msgs': CMAKE_PREFIX_PATH=${CMAKE_PREFIX_PATH}:/home/raivo/Hermes/hermes_ws/install/teleop_control:/home/raivo/Hermes/hermes_ws/install/odometry:/home/raivo/Hermes/hermes_ws/install/lidar_publisher:/home/raivo/Hermes/hermes_ws/install/imu_publisher:/home/raivo/Hermes/hermes_ws/install/gps_publisher:/home/raivo/Hermes/hermes_ws/install/cameras:/home/raivo/ros2_humble/install/rqt_bag_plugins:/home/raivo/ros2_humble/install/rqt_bag:/home/raivo/ros2_humble/install/ros2bag:/home/raivo/ros2_humble/install/tracetools_test:/home/raivo/ros2_humble/install/tracetools_launch:/home/raivo/ros2_humble/install/topic_monitor:/home/raivo/ros2_humble/install/tf2_tools:/home/raivo/ros2_humble/install/examples_tf2_py:/home/raivo/ros2_humble/install/tf2_ros_py:/home/raivo/ros2_humble/install/sros2:/home/raivo/ros2_humble/install/rqt_topic:/home/raivo/ros2_humble/install/rqt_srv:/home/raivo/ros2_humble/install/rqt_shell:/home/raivo/ros2_humble/install/rqt_service_caller:/home/raivo/ros2_humble/install/rqt_reconfigure:/home/raivo/ros2_humble/install/rqt_py_console:/home/raivo/ros2_humble/install/rqt_publisher:/home/raivo/ros2_humble/install/rqt_plot:/home/raivo/ros2_humble/install/rqt_action:/home/raivo/ros2_humble/install/rqt_msg:/home/raivo/ros2_humble/install/rqt_console:/home/raivo/ros2_humble/install/rqt:/home/raivo/ros2_humble/install/rqt_graph:/home/raivo/ros2_humble/install/rqt_gui_py:/home/raivo/ros2_humble/install/rqt_gui:/home/raivo/ros2_humble/install/ros2trace:/home/raivo/ros2_humble/install/ros2topic:/home/raivo/ros2_humble/install/ros2test:/home/raivo/ros2_humble/install/ros2component:/home/raivo/ros2_humble/install/ros2param:/home/raivo/ros2_humble/install/ros2lifecycle:/home/raivo/ros2_humble/install/ros2service:/home/raivo/ros2_humble/install/ros2run:/home/raivo/ros2_humble/install/ros2launch:/home/raivo/ros2_humble/install/ros2pkg:/home/raivo/ros2_humble/install/ros2node:/home/raivo/ros2_humble/install/ros2multicast:/home/raivo/ros2_humble/install/ros2interface:/home/raivo/ros2_humble/install/ros2doctor:/home/raivo/ros2_humble/install/ros2action:/home/raivo/ros2_humble/install/ros2cli:/home/raivo/ros2_humble/install/quality_of_service_demo_py:/home/raivo/ros2_humble/install/lifecycle_py:/home/raivo/ros2_humble/install/launch_testing_ros:/home/raivo/ros2_humble/install/launch_ros:/home/raivo/ros2_humble/install/examples_rclpy_pointcloud_publisher:/home/raivo/ros2_humble/install/examples_rclpy_minimal_subscriber:/home/raivo/ros2_humble/install/examples_rclpy_minimal_service:/home/raivo/ros2_humble/install/examples_rclpy_minimal_publisher:/home/raivo/ros2_humble/install/examples_rclpy_minimal_client:/home/raivo/ros2_humble/install/examples_rclpy_minimal_action_server:/home/raivo/ros2_humble/install/examples_rclpy_minimal_action_client:/home/raivo/ros2_humble/install/examples_rclpy_guard_conditions:/home/raivo/ros2_humble/install/examples_rclpy_executors:/home/raivo/ros2_humble/install/demo_nodes_py:/home/raivo/ros2_humble/install/action_tutorials_py:/home/raivo/ros2_humble/install/ament_uncrustify:/home/raivo/ros2_humble/install/tracetools_trace:/home/raivo/ros2_humble/install/tracetools_read:/home/raivo/ros2_humble/install/test_tracetools_launch:/home/raivo/ros2_humble/install/test_launch_ros:/home/raivo/ros2_humble/install/sensor_msgs_py:/home/raivo/ros2_humble/install/rpyutils:/home/raivo/ros2_humble/install/rosidl_runtime_py:/home/raivo/ros2_humble/install/rosidl_cli:/home/raivo/ros2_humble/install/launch_pytest:/home/raivo/ros2_humble/install/launch_testing:/home/raivo/ros2_humble/install/launch_yaml:/home/raivo/ros2_humble/install/launch_xml:/home/raivo/ros2_humble/install/launch:/home/raivo/ros2_humble/install/osrf_pycommon:/home/raivo/ros2_humble/install/launch_testing_examples:/home/raivo/ros2_humble/install/domain_coordinator:/home/raivo/ros2_humble/install/ament_xmllint:/home/raivo/ros2_humble/install/ament_pyflakes:/home/raivo/ros2_humble/install/ament_pycodestyle:/home/raivo/ros2_humble/install/ament_pep257:/home/raivo/ros2_humble/install/ament_pclint:/home/raivo/ros2_humble/install/ament_package:/home/raivo/ros2_humble/install/ament_mypy:/home/raivo/ros2_humble/install/ament_lint_cmake:/home/raivo/ros2_humble/install/ament_flake8:/home/raivo/ros2_humble/install/ament_copyright:/home/raivo/ros2_humble/install/ament_lint:/home/raivo/ros2_humble/install/ament_index_python:/home/raivo/ros2_humble/install/ament_cpplint:/home/raivo/ros2_humble/install/ament_cppcheck:/home/raivo/ros2_humble/install/ament_clang_tidy:/home/raivo/ros2_humble/install/ament_clang_format /usr/bin/cmake /home/raivo/Hermes/hermes_ws/src/gps_publisher/rtcm_msgs-master -DCMAKE_INSTALL_PREFIX=/home/raivo/Hermes/hermes_ws/install/rtcm_msgs
[3.404s] -- The C compiler identification is GNU 9.4.0
[3.522s] -- The CXX compiler identification is GNU 9.4.0
[3.541s] -- Check for working C compiler: /usr/bin/cc
[3.608s] -- Check for working C compiler: /usr/bin/cc -- works
[3.609s] -- Detecting C compiler ABI info
[3.678s] -- Detecting C compiler ABI info - done
[3.687s] -- Detecting C compile features
[3.687s] -- Detecting C compile features - done
[3.690s] -- Check for working CXX compiler: /usr/bin/c++
[3.763s] -- Check for working CXX compiler: /usr/bin/c++ -- works
[3.763s] -- Detecting CXX compiler ABI info
[3.838s] -- Detecting CXX compiler ABI info - done
[3.845s] -- Detecting CXX compile features
[3.845s] -- Detecting CXX compile features - done
[3.856s] -- Found ros_environment: 3.2.2 (/home/raivo/ros2_humble/install/ros_environment/share/ros_environment/cmake)
[3.861s] -- Found std_msgs: 4.2.3 (/home/raivo/ros2_humble/install/std_msgs/share/std_msgs/cmake)
[5.615s] -- Found Python3: /usr/bin/python3.8 (found version "3.8.10") found components: Interpreter 
[6.295s] -- Found rosidl_generator_c: 3.1.5 (/home/raivo/ros2_humble/install/rosidl_generator_c/share/rosidl_generator_c/cmake)
[6.311s] -- Found rosidl_adapter: 3.1.5 (/home/raivo/ros2_humble/install/rosidl_adapter/share/rosidl_adapter/cmake)
[6.330s] -- Found rosidl_generator_cpp: 3.1.5 (/home/raivo/ros2_humble/install/rosidl_generator_cpp/share/rosidl_generator_cpp/cmake)
[6.377s] -- Using all available rosidl_typesupport_c: rosidl_typesupport_introspection_c;rosidl_typesupport_fastrtps_c
[6.435s] -- Using all available rosidl_typesupport_cpp: rosidl_typesupport_introspection_cpp;rosidl_typesupport_fastrtps_cpp
[6.518s] -- Found rosidl_default_generators: 1.2.0 (/home/raivo/ros2_humble/install/rosidl_default_generators/share/rosidl_default_generators/cmake)
[9.005s] -- Found ament_cmake_cppcheck: 0.12.8 (/home/raivo/ros2_humble/install/ament_cmake_cppcheck/share/ament_cmake_cppcheck/cmake)
[9.016s] -- Found ament_cmake_cpplint: 0.12.8 (/home/raivo/ros2_humble/install/ament_cmake_cpplint/share/ament_cmake_cpplint/cmake)
[9.022s] -- Found ament_cmake_uncrustify: 0.12.8 (/home/raivo/ros2_humble/install/ament_cmake_uncrustify/share/ament_cmake_uncrustify/cmake)
[9.032s] -- Found ament_cmake_ros: 0.10.0 (/home/raivo/ros2_humble/install/ament_cmake_ros/share/ament_cmake_ros/cmake)
[13.760s] -- Using all available rosidl_typesupport_c: rosidl_typesupport_introspection_c;rosidl_typesupport_fastrtps_c
[15.649s] -- Using all available rosidl_typesupport_cpp: rosidl_typesupport_introspection_cpp;rosidl_typesupport_fastrtps_cpp
[15.886s] -- Found PythonInterp: /usr/bin/python3 (found suitable version "3.8.10", minimum required is "3.6") 
[15.893s] -- Found python_cmake_module: 0.10.0 (/home/raivo/ros2_humble/install/python_cmake_module/share/python_cmake_module/cmake)
[16.149s] -- Found PythonLibs: /usr/lib/x86_64-linux-gnu/libpython3.8.so (found suitable version "3.8.10", minimum required is "3.5") 
[16.149s] -- Using PYTHON_EXECUTABLE: /usr/bin/python3
[16.149s] -- Using PYTHON_INCLUDE_DIRS: /usr/include/python3.8
[16.149s] -- Using PYTHON_LIBRARIES: /usr/lib/x86_64-linux-gnu/libpython3.8.so
[16.383s] -- Found PythonExtra: .so  
[16.893s] -- Found ament_cmake_flake8: 0.12.8 (/home/raivo/ros2_humble/install/ament_cmake_flake8/share/ament_cmake_flake8/cmake)
[16.903s] -- Found ament_cmake_pep257: 0.12.8 (/home/raivo/ros2_humble/install/ament_cmake_pep257/share/ament_cmake_pep257/cmake)
[16.913s] -- Configuring done
[16.934s] -- Generating done
[16.935s] -- Build files have been written to: /home/raivo/Hermes/hermes_ws/build/rtcm_msgs
[16.940s] Invoked command in '/home/raivo/Hermes/hermes_ws/build/rtcm_msgs' returned '0': CMAKE_PREFIX_PATH=${CMAKE_PREFIX_PATH}:/home/raivo/Hermes/hermes_ws/install/teleop_control:/home/raivo/Hermes/hermes_ws/install/odometry:/home/raivo/Hermes/hermes_ws/install/lidar_publisher:/home/raivo/Hermes/hermes_ws/install/imu_publisher:/home/raivo/Hermes/hermes_ws/install/gps_publisher:/home/raivo/Hermes/hermes_ws/install/cameras:/home/raivo/ros2_humble/install/rqt_bag_plugins:/home/raivo/ros2_humble/install/rqt_bag:/home/raivo/ros2_humble/install/ros2bag:/home/raivo/ros2_humble/install/tracetools_test:/home/raivo/ros2_humble/install/tracetools_launch:/home/raivo/ros2_humble/install/topic_monitor:/home/raivo/ros2_humble/install/tf2_tools:/home/raivo/ros2_humble/install/examples_tf2_py:/home/raivo/ros2_humble/install/tf2_ros_py:/home/raivo/ros2_humble/install/sros2:/home/raivo/ros2_humble/install/rqt_topic:/home/raivo/ros2_humble/install/rqt_srv:/home/raivo/ros2_humble/install/rqt_shell:/home/raivo/ros2_humble/install/rqt_service_caller:/home/raivo/ros2_humble/install/rqt_reconfigure:/home/raivo/ros2_humble/install/rqt_py_console:/home/raivo/ros2_humble/install/rqt_publisher:/home/raivo/ros2_humble/install/rqt_plot:/home/raivo/ros2_humble/install/rqt_action:/home/raivo/ros2_humble/install/rqt_msg:/home/raivo/ros2_humble/install/rqt_console:/home/raivo/ros2_humble/install/rqt:/home/raivo/ros2_humble/install/rqt_graph:/home/raivo/ros2_humble/install/rqt_gui_py:/home/raivo/ros2_humble/install/rqt_gui:/home/raivo/ros2_humble/install/ros2trace:/home/raivo/ros2_humble/install/ros2topic:/home/raivo/ros2_humble/install/ros2test:/home/raivo/ros2_humble/install/ros2component:/home/raivo/ros2_humble/install/ros2param:/home/raivo/ros2_humble/install/ros2lifecycle:/home/raivo/ros2_humble/install/ros2service:/home/raivo/ros2_humble/install/ros2run:/home/raivo/ros2_humble/install/ros2launch:/home/raivo/ros2_humble/install/ros2pkg:/home/raivo/ros2_humble/install/ros2node:/home/raivo/ros2_humble/install/ros2multicast:/home/raivo/ros2_humble/install/ros2interface:/home/raivo/ros2_humble/install/ros2doctor:/home/raivo/ros2_humble/install/ros2action:/home/raivo/ros2_humble/install/ros2cli:/home/raivo/ros2_humble/install/quality_of_service_demo_py:/home/raivo/ros2_humble/install/lifecycle_py:/home/raivo/ros2_humble/install/launch_testing_ros:/home/raivo/ros2_humble/install/launch_ros:/home/raivo/ros2_humble/install/examples_rclpy_pointcloud_publisher:/home/raivo/ros2_humble/install/examples_rclpy_minimal_subscriber:/home/raivo/ros2_humble/install/examples_rclpy_minimal_service:/home/raivo/ros2_humble/install/examples_rclpy_minimal_publisher:/home/raivo/ros2_humble/install/examples_rclpy_minimal_client:/home/raivo/ros2_humble/install/examples_rclpy_minimal_action_server:/home/raivo/ros2_humble/install/examples_rclpy_minimal_action_client:/home/raivo/ros2_humble/install/examples_rclpy_guard_conditions:/home/raivo/ros2_humble/install/examples_rclpy_executors:/home/raivo/ros2_humble/install/demo_nodes_py:/home/raivo/ros2_humble/install/action_tutorials_py:/home/raivo/ros2_humble/install/ament_uncrustify:/home/raivo/ros2_humble/install/tracetools_trace:/home/raivo/ros2_humble/install/tracetools_read:/home/raivo/ros2_humble/install/test_tracetools_launch:/home/raivo/ros2_humble/install/test_launch_ros:/home/raivo/ros2_humble/install/sensor_msgs_py:/home/raivo/ros2_humble/install/rpyutils:/home/raivo/ros2_humble/install/rosidl_runtime_py:/home/raivo/ros2_humble/install/rosidl_cli:/home/raivo/ros2_humble/install/launch_pytest:/home/raivo/ros2_humble/install/launch_testing:/home/raivo/ros2_humble/install/launch_yaml:/home/raivo/ros2_humble/install/launch_xml:/home/raivo/ros2_humble/install/launch:/home/raivo/ros2_humble/install/osrf_pycommon:/home/raivo/ros2_humble/install/launch_testing_examples:/home/raivo/ros2_humble/install/domain_coordinator:/home/raivo/ros2_humble/install/ament_xmllint:/home/raivo/ros2_humble/install/ament_pyflakes:/home/raivo/ros2_humble/install/ament_pycodestyle:/home/raivo/ros2_humble/install/ament_pep257:/home/raivo/ros2_humble/install/ament_pclint:/home/raivo/ros2_humble/install/ament_package:/home/raivo/ros2_humble/install/ament_mypy:/home/raivo/ros2_humble/install/ament_lint_cmake:/home/raivo/ros2_humble/install/ament_flake8:/home/raivo/ros2_humble/install/ament_copyright:/home/raivo/ros2_humble/install/ament_lint:/home/raivo/ros2_humble/install/ament_index_python:/home/raivo/ros2_humble/install/ament_cpplint:/home/raivo/ros2_humble/install/ament_cppcheck:/home/raivo/ros2_humble/install/ament_clang_tidy:/home/raivo/ros2_humble/install/ament_clang_format /usr/bin/cmake /home/raivo/Hermes/hermes_ws/src/gps_publisher/rtcm_msgs-master -DCMAKE_INSTALL_PREFIX=/home/raivo/Hermes/hermes_ws/install/rtcm_msgs
[16.943s] Invoking command in '/home/raivo/Hermes/hermes_ws/build/rtcm_msgs': CMAKE_PREFIX_PATH=${CMAKE_PREFIX_PATH}:/home/raivo/Hermes/hermes_ws/install/teleop_control:/home/raivo/Hermes/hermes_ws/install/odometry:/home/raivo/Hermes/hermes_ws/install/lidar_publisher:/home/raivo/Hermes/hermes_ws/install/imu_publisher:/home/raivo/Hermes/hermes_ws/install/gps_publisher:/home/raivo/Hermes/hermes_ws/install/cameras:/home/raivo/ros2_humble/install/rqt_bag_plugins:/home/raivo/ros2_humble/install/rqt_bag:/home/raivo/ros2_humble/install/ros2bag:/home/raivo/ros2_humble/install/tracetools_test:/home/raivo/ros2_humble/install/tracetools_launch:/home/raivo/ros2_humble/install/topic_monitor:/home/raivo/ros2_humble/install/tf2_tools:/home/raivo/ros2_humble/install/examples_tf2_py:/home/raivo/ros2_humble/install/tf2_ros_py:/home/raivo/ros2_humble/install/sros2:/home/raivo/ros2_humble/install/rqt_topic:/home/raivo/ros2_humble/install/rqt_srv:/home/raivo/ros2_humble/install/rqt_shell:/home/raivo/ros2_humble/install/rqt_service_caller:/home/raivo/ros2_humble/install/rqt_reconfigure:/home/raivo/ros2_humble/install/rqt_py_console:/home/raivo/ros2_humble/install/rqt_publisher:/home/raivo/ros2_humble/install/rqt_plot:/home/raivo/ros2_humble/install/rqt_action:/home/raivo/ros2_humble/install/rqt_msg:/home/raivo/ros2_humble/install/rqt_console:/home/raivo/ros2_humble/install/rqt:/home/raivo/ros2_humble/install/rqt_graph:/home/raivo/ros2_humble/install/rqt_gui_py:/home/raivo/ros2_humble/install/rqt_gui:/home/raivo/ros2_humble/install/ros2trace:/home/raivo/ros2_humble/install/ros2topic:/home/raivo/ros2_humble/install/ros2test:/home/raivo/ros2_humble/install/ros2component:/home/raivo/ros2_humble/install/ros2param:/home/raivo/ros2_humble/install/ros2lifecycle:/home/raivo/ros2_humble/install/ros2service:/home/raivo/ros2_humble/install/ros2run:/home/raivo/ros2_humble/install/ros2launch:/home/raivo/ros2_humble/install/ros2pkg:/home/raivo/ros2_humble/install/ros2node:/home/raivo/ros2_humble/install/ros2multicast:/home/raivo/ros2_humble/install/ros2interface:/home/raivo/ros2_humble/install/ros2doctor:/home/raivo/ros2_humble/install/ros2action:/home/raivo/ros2_humble/install/ros2cli:/home/raivo/ros2_humble/install/quality_of_service_demo_py:/home/raivo/ros2_humble/install/lifecycle_py:/home/raivo/ros2_humble/install/launch_testing_ros:/home/raivo/ros2_humble/install/launch_ros:/home/raivo/ros2_humble/install/examples_rclpy_pointcloud_publisher:/home/raivo/ros2_humble/install/examples_rclpy_minimal_subscriber:/home/raivo/ros2_humble/install/examples_rclpy_minimal_service:/home/raivo/ros2_humble/install/examples_rclpy_minimal_publisher:/home/raivo/ros2_humble/install/examples_rclpy_minimal_client:/home/raivo/ros2_humble/install/examples_rclpy_minimal_action_server:/home/raivo/ros2_humble/install/examples_rclpy_minimal_action_client:/home/raivo/ros2_humble/install/examples_rclpy_guard_conditions:/home/raivo/ros2_humble/install/examples_rclpy_executors:/home/raivo/ros2_humble/install/demo_nodes_py:/home/raivo/ros2_humble/install/action_tutorials_py:/home/raivo/ros2_humble/install/ament_uncrustify:/home/raivo/ros2_humble/install/tracetools_trace:/home/raivo/ros2_humble/install/tracetools_read:/home/raivo/ros2_humble/install/test_tracetools_launch:/home/raivo/ros2_humble/install/test_launch_ros:/home/raivo/ros2_humble/install/sensor_msgs_py:/home/raivo/ros2_humble/install/rpyutils:/home/raivo/ros2_humble/install/rosidl_runtime_py:/home/raivo/ros2_humble/install/rosidl_cli:/home/raivo/ros2_humble/install/launch_pytest:/home/raivo/ros2_humble/install/launch_testing:/home/raivo/ros2_humble/install/launch_yaml:/home/raivo/ros2_humble/install/launch_xml:/home/raivo/ros2_humble/install/launch:/home/raivo/ros2_humble/install/osrf_pycommon:/home/raivo/ros2_humble/install/launch_testing_examples:/home/raivo/ros2_humble/install/domain_coordinator:/home/raivo/ros2_humble/install/ament_xmllint:/home/raivo/ros2_humble/install/ament_pyflakes:/home/raivo/ros2_humble/install/ament_pycodestyle:/home/raivo/ros2_humble/install/ament_pep257:/home/raivo/ros2_humble/install/ament_pclint:/home/raivo/ros2_humble/install/ament_package:/home/raivo/ros2_humble/install/ament_mypy:/home/raivo/ros2_humble/install/ament_lint_cmake:/home/raivo/ros2_humble/install/ament_flake8:/home/raivo/ros2_humble/install/ament_copyright:/home/raivo/ros2_humble/install/ament_lint:/home/raivo/ros2_humble/install/ament_index_python:/home/raivo/ros2_humble/install/ament_cpplint:/home/raivo/ros2_humble/install/ament_cppcheck:/home/raivo/ros2_humble/install/ament_clang_tidy:/home/raivo/ros2_humble/install/ament_clang_format /usr/bin/cmake --build /home/raivo/Hermes/hermes_ws/build/rtcm_msgs -- -j12 -l12
[16.988s] [  3%] [34m[1mGenerating C code for ROS interfaces[0m
[16.989s] [35m[1mScanning dependencies of target rtcm_msgs__cpp[0m
[16.994s] [35m[1mScanning dependencies of target ament_cmake_python_copy_rtcm_msgs[0m
[17.001s] [  6%] [34m[1mGenerating C++ code for ROS interfaces[0m
[17.027s] [  6%] Built target ament_cmake_python_copy_rtcm_msgs
[17.046s] [35m[1mScanning dependencies of target ament_cmake_python_build_rtcm_msgs_egg[0m
[17.436s] [35m[1mScanning dependencies of target rtcm_msgs__rosidl_generator_c[0m
[17.460s] [  9%] [32mBuilding C object CMakeFiles/rtcm_msgs__rosidl_generator_c.dir/rosidl_generator_c/rtcm_msgs/msg/detail/message__functions.c.o[0m
[17.478s] [  9%] Built target rtcm_msgs__cpp
[17.492s] [ 12%] [34m[1mGenerating C++ type support dispatch for ROS interfaces[0m
[17.499s] [ 19%] [34m[1mGenerating C++ type support for eProsima Fast-RTPS[0m
[17.499s] [ 19%] [34m[1mGenerating C++ introspection for ROS interfaces[0m
[17.527s] [ 22%] [32m[1mLinking C shared library librtcm_msgs__rosidl_generator_c.so[0m
[17.578s] [ 22%] Built target rtcm_msgs__rosidl_generator_c
[17.600s] [ 32%] [34m[1mGenerating C introspection for ROS interfaces[0m
[17.600s] [ 32%] [34m[1mGenerating C type support dispatch for ROS interfaces[0m
[17.600s] [ 32%] [34m[1mGenerating C type support for eProsima Fast-RTPS[0m
[17.632s] running egg_info
[17.632s] creating rtcm_msgs.egg-info
[17.633s] writing rtcm_msgs.egg-info/PKG-INFO
[17.633s] writing dependency_links to rtcm_msgs.egg-info/dependency_links.txt
[17.633s] writing top-level names to rtcm_msgs.egg-info/top_level.txt
[17.633s] writing manifest file 'rtcm_msgs.egg-info/SOURCES.txt'
[17.676s] reading manifest file 'rtcm_msgs.egg-info/SOURCES.txt'
[17.676s] writing manifest file 'rtcm_msgs.egg-info/SOURCES.txt'
[17.708s] [ 32%] Built target ament_cmake_python_build_rtcm_msgs_egg
[17.982s] [35m[1mScanning dependencies of target rtcm_msgs__rosidl_typesupport_cpp[0m
[18.000s] [35m[1mScanning dependencies of target rtcm_msgs__rosidl_typesupport_c[0m
[18.005s] [ 35%] [32mBuilding CXX object CMakeFiles/rtcm_msgs__rosidl_typesupport_cpp.dir/rosidl_typesupport_cpp/rtcm_msgs/msg/message__type_support.cpp.o[0m
[18.014s] [ 38%] [32mBuilding CXX object CMakeFiles/rtcm_msgs__rosidl_typesupport_c.dir/rosidl_typesupport_c/rtcm_msgs/msg/message__type_support.cpp.o[0m
[18.054s] [ 41%] [32m[1mLinking CXX shared library librtcm_msgs__rosidl_typesupport_c.so[0m
[18.083s] [35m[1mScanning dependencies of target rtcm_msgs__rosidl_typesupport_fastrtps_c[0m
[18.100s] [ 45%] [32mBuilding CXX object CMakeFiles/rtcm_msgs__rosidl_typesupport_fastrtps_c.dir/rosidl_typesupport_fastrtps_c/rtcm_msgs/msg/detail/message__type_support_c.cpp.o[0m
[18.110s] [ 45%] Built target rtcm_msgs__rosidl_typesupport_c
[18.202s] [35m[1mScanning dependencies of target rtcm_msgs__rosidl_typesupport_fastrtps_cpp[0m
[18.225s] [ 48%] [32mBuilding CXX object CMakeFiles/rtcm_msgs__rosidl_typesupport_fastrtps_cpp.dir/rosidl_typesupport_fastrtps_cpp/rtcm_msgs/msg/detail/dds_fastrtps/message__type_support.cpp.o[0m
[18.240s] [ 51%] [32m[1mLinking CXX shared library librtcm_msgs__rosidl_typesupport_cpp.so[0m
[18.274s] [35m[1mScanning dependencies of target rtcm_msgs__rosidl_typesupport_introspection_cpp[0m
[18.287s] [ 51%] Built target rtcm_msgs__rosidl_typesupport_cpp
[18.295s] [ 54%] [32mBuilding CXX object CMakeFiles/rtcm_msgs__rosidl_typesupport_introspection_cpp.dir/rosidl_typesupport_introspection_cpp/rtcm_msgs/msg/detail/message__type_support.cpp.o[0m
[18.329s] [ 58%] [32m[1mLinking CXX shared library librtcm_msgs__rosidl_typesupport_fastrtps_c.so[0m
[18.381s] [35m[1mScanning dependencies of target rtcm_msgs__rosidl_typesupport_introspection_c[0m
[18.396s] [ 58%] Built target rtcm_msgs__rosidl_typesupport_fastrtps_c
[18.398s] [ 61%] [32mBuilding C object CMakeFiles/rtcm_msgs__rosidl_typesupport_introspection_c.dir/rosidl_typesupport_introspection_c/rtcm_msgs/msg/detail/message__type_support.c.o[0m
[18.431s] [ 64%] [32m[1mLinking C shared library librtcm_msgs__rosidl_typesupport_introspection_c.so[0m
[18.464s] [ 64%] Built target rtcm_msgs__rosidl_typesupport_introspection_c
[18.512s] [ 67%] [32m[1mLinking CXX shared library librtcm_msgs__rosidl_typesupport_fastrtps_cpp.so[0m
[18.572s] [ 67%] Built target rtcm_msgs__rosidl_typesupport_fastrtps_cpp
[18.610s] [ 70%] [32m[1mLinking CXX shared library librtcm_msgs__rosidl_typesupport_introspection_cpp.so[0m
[18.664s] [ 70%] Built target rtcm_msgs__rosidl_typesupport_introspection_cpp
[18.676s] [35m[1mScanning dependencies of target rtcm_msgs[0m
[18.688s] [ 70%] Built target rtcm_msgs
[18.701s] [35m[1mScanning dependencies of target rtcm_msgs__py[0m
[18.713s] [ 74%] [34m[1mGenerating Python code for ROS interfaces[0m
[19.126s] [ 74%] Built target rtcm_msgs__py
[19.138s] [35m[1mScanning dependencies of target rtcm_msgs__rosidl_generator_py[0m
[19.162s] [ 77%] [32mBuilding C object CMakeFiles/rtcm_msgs__rosidl_generator_py.dir/rosidl_generator_py/rtcm_msgs/msg/_message_s.c.o[0m
[19.230s] [ 80%] [32m[1mLinking C shared library rosidl_generator_py/rtcm_msgs/librtcm_msgs__rosidl_generator_py.so[0m
[19.267s] [ 80%] Built target rtcm_msgs__rosidl_generator_py
[19.280s] [35m[1mScanning dependencies of target rtcm_msgs__rosidl_typesupport_introspection_c__pyext[0m
[19.280s] [35m[1mScanning dependencies of target rtcm_msgs__rosidl_typesupport_fastrtps_c__pyext[0m
[19.287s] [35m[1mScanning dependencies of target rtcm_msgs__rosidl_typesupport_c__pyext[0m
[19.301s] [ 83%] [32mBuilding C object CMakeFiles/rtcm_msgs__rosidl_typesupport_fastrtps_c__pyext.dir/rosidl_generator_py/rtcm_msgs/_rtcm_msgs_s.ep.rosidl_typesupport_fastrtps_c.c.o[0m
[19.304s] [ 87%] [32mBuilding C object CMakeFiles/rtcm_msgs__rosidl_typesupport_introspection_c__pyext.dir/rosidl_generator_py/rtcm_msgs/_rtcm_msgs_s.ep.rosidl_typesupport_introspection_c.c.o[0m
[19.312s] [ 90%] [32mBuilding C object CMakeFiles/rtcm_msgs__rosidl_typesupport_c__pyext.dir/rosidl_generator_py/rtcm_msgs/_rtcm_msgs_s.ep.rosidl_typesupport_c.c.o[0m
[19.365s] [ 93%] [32m[1mLinking C shared library rosidl_generator_py/rtcm_msgs/rtcm_msgs_s__rosidl_typesupport_fastrtps_c.cpython-38-x86_64-linux-gnu.so[0m
[19.370s] [ 96%] [32m[1mLinking C shared library rosidl_generator_py/rtcm_msgs/rtcm_msgs_s__rosidl_typesupport_introspection_c.cpython-38-x86_64-linux-gnu.so[0m
[19.397s] [100%] [32m[1mLinking C shared library rosidl_generator_py/rtcm_msgs/rtcm_msgs_s__rosidl_typesupport_c.cpython-38-x86_64-linux-gnu.so[0m
[19.407s] [100%] Built target rtcm_msgs__rosidl_typesupport_fastrtps_c__pyext
[19.408s] [100%] Built target rtcm_msgs__rosidl_typesupport_introspection_c__pyext
[19.434s] [100%] Built target rtcm_msgs__rosidl_typesupport_c__pyext
[19.447s] Invoked command in '/home/raivo/Hermes/hermes_ws/build/rtcm_msgs' returned '0': CMAKE_PREFIX_PATH=${CMAKE_PREFIX_PATH}:/home/raivo/Hermes/hermes_ws/install/teleop_control:/home/raivo/Hermes/hermes_ws/install/odometry:/home/raivo/Hermes/hermes_ws/install/lidar_publisher:/home/raivo/Hermes/hermes_ws/install/imu_publisher:/home/raivo/Hermes/hermes_ws/install/gps_publisher:/home/raivo/Hermes/hermes_ws/install/cameras:/home/raivo/ros2_humble/install/rqt_bag_plugins:/home/raivo/ros2_humble/install/rqt_bag:/home/raivo/ros2_humble/install/ros2bag:/home/raivo/ros2_humble/install/tracetools_test:/home/raivo/ros2_humble/install/tracetools_launch:/home/raivo/ros2_humble/install/topic_monitor:/home/raivo/ros2_humble/install/tf2_tools:/home/raivo/ros2_humble/install/examples_tf2_py:/home/raivo/ros2_humble/install/tf2_ros_py:/home/raivo/ros2_humble/install/sros2:/home/raivo/ros2_humble/install/rqt_topic:/home/raivo/ros2_humble/install/rqt_srv:/home/raivo/ros2_humble/install/rqt_shell:/home/raivo/ros2_humble/install/rqt_service_caller:/home/raivo/ros2_humble/install/rqt_reconfigure:/home/raivo/ros2_humble/install/rqt_py_console:/home/raivo/ros2_humble/install/rqt_publisher:/home/raivo/ros2_humble/install/rqt_plot:/home/raivo/ros2_humble/install/rqt_action:/home/raivo/ros2_humble/install/rqt_msg:/home/raivo/ros2_humble/install/rqt_console:/home/raivo/ros2_humble/install/rqt:/home/raivo/ros2_humble/install/rqt_graph:/home/raivo/ros2_humble/install/rqt_gui_py:/home/raivo/ros2_humble/install/rqt_gui:/home/raivo/ros2_humble/install/ros2trace:/home/raivo/ros2_humble/install/ros2topic:/home/raivo/ros2_humble/install/ros2test:/home/raivo/ros2_humble/install/ros2component:/home/raivo/ros2_humble/install/ros2param:/home/raivo/ros2_humble/install/ros2lifecycle:/home/raivo/ros2_humble/install/ros2service:/home/raivo/ros2_humble/install/ros2run:/home/raivo/ros2_humble/install/ros2launch:/home/raivo/ros2_humble/install/ros2pkg:/home/raivo/ros2_humble/install/ros2node:/home/raivo/ros2_humble/install/ros2multicast:/home/raivo/ros2_humble/install/ros2interface:/home/raivo/ros2_humble/install/ros2doctor:/home/raivo/ros2_humble/install/ros2action:/home/raivo/ros2_humble/install/ros2cli:/home/raivo/ros2_humble/install/quality_of_service_demo_py:/home/raivo/ros2_humble/install/lifecycle_py:/home/raivo/ros2_humble/install/launch_testing_ros:/home/raivo/ros2_humble/install/launch_ros:/home/raivo/ros2_humble/install/examples_rclpy_pointcloud_publisher:/home/raivo/ros2_humble/install/examples_rclpy_minimal_subscriber:/home/raivo/ros2_humble/install/examples_rclpy_minimal_service:/home/raivo/ros2_humble/install/examples_rclpy_minimal_publisher:/home/raivo/ros2_humble/install/examples_rclpy_minimal_client:/home/raivo/ros2_humble/install/examples_rclpy_minimal_action_server:/home/raivo/ros2_humble/install/examples_rclpy_minimal_action_client:/home/raivo/ros2_humble/install/examples_rclpy_guard_conditions:/home/raivo/ros2_humble/install/examples_rclpy_executors:/home/raivo/ros2_humble/install/demo_nodes_py:/home/raivo/ros2_humble/install/action_tutorials_py:/home/raivo/ros2_humble/install/ament_uncrustify:/home/raivo/ros2_humble/install/tracetools_trace:/home/raivo/ros2_humble/install/tracetools_read:/home/raivo/ros2_humble/install/test_tracetools_launch:/home/raivo/ros2_humble/install/test_launch_ros:/home/raivo/ros2_humble/install/sensor_msgs_py:/home/raivo/ros2_humble/install/rpyutils:/home/raivo/ros2_humble/install/rosidl_runtime_py:/home/raivo/ros2_humble/install/rosidl_cli:/home/raivo/ros2_humble/install/launch_pytest:/home/raivo/ros2_humble/install/launch_testing:/home/raivo/ros2_humble/install/launch_yaml:/home/raivo/ros2_humble/install/launch_xml:/home/raivo/ros2_humble/install/launch:/home/raivo/ros2_humble/install/osrf_pycommon:/home/raivo/ros2_humble/install/launch_testing_examples:/home/raivo/ros2_humble/install/domain_coordinator:/home/raivo/ros2_humble/install/ament_xmllint:/home/raivo/ros2_humble/install/ament_pyflakes:/home/raivo/ros2_humble/install/ament_pycodestyle:/home/raivo/ros2_humble/install/ament_pep257:/home/raivo/ros2_humble/install/ament_pclint:/home/raivo/ros2_humble/install/ament_package:/home/raivo/ros2_humble/install/ament_mypy:/home/raivo/ros2_humble/install/ament_lint_cmake:/home/raivo/ros2_humble/install/ament_flake8:/home/raivo/ros2_humble/install/ament_copyright:/home/raivo/ros2_humble/install/ament_lint:/home/raivo/ros2_humble/install/ament_index_python:/home/raivo/ros2_humble/install/ament_cpplint:/home/raivo/ros2_humble/install/ament_cppcheck:/home/raivo/ros2_humble/install/ament_clang_tidy:/home/raivo/ros2_humble/install/ament_clang_format /usr/bin/cmake --build /home/raivo/Hermes/hermes_ws/build/rtcm_msgs -- -j12 -l12
[19.547s] Invoking command in '/home/raivo/Hermes/hermes_ws/build/rtcm_msgs': CMAKE_PREFIX_PATH=${CMAKE_PREFIX_PATH}:/home/raivo/Hermes/hermes_ws/install/teleop_control:/home/raivo/Hermes/hermes_ws/install/odometry:/home/raivo/Hermes/hermes_ws/install/lidar_publisher:/home/raivo/Hermes/hermes_ws/install/imu_publisher:/home/raivo/Hermes/hermes_ws/install/gps_publisher:/home/raivo/Hermes/hermes_ws/install/cameras:/home/raivo/ros2_humble/install/rqt_bag_plugins:/home/raivo/ros2_humble/install/rqt_bag:/home/raivo/ros2_humble/install/ros2bag:/home/raivo/ros2_humble/install/tracetools_test:/home/raivo/ros2_humble/install/tracetools_launch:/home/raivo/ros2_humble/install/topic_monitor:/home/raivo/ros2_humble/install/tf2_tools:/home/raivo/ros2_humble/install/examples_tf2_py:/home/raivo/ros2_humble/install/tf2_ros_py:/home/raivo/ros2_humble/install/sros2:/home/raivo/ros2_humble/install/rqt_topic:/home/raivo/ros2_humble/install/rqt_srv:/home/raivo/ros2_humble/install/rqt_shell:/home/raivo/ros2_humble/install/rqt_service_caller:/home/raivo/ros2_humble/install/rqt_reconfigure:/home/raivo/ros2_humble/install/rqt_py_console:/home/raivo/ros2_humble/install/rqt_publisher:/home/raivo/ros2_humble/install/rqt_plot:/home/raivo/ros2_humble/install/rqt_action:/home/raivo/ros2_humble/install/rqt_msg:/home/raivo/ros2_humble/install/rqt_console:/home/raivo/ros2_humble/install/rqt:/home/raivo/ros2_humble/install/rqt_graph:/home/raivo/ros2_humble/install/rqt_gui_py:/home/raivo/ros2_humble/install/rqt_gui:/home/raivo/ros2_humble/install/ros2trace:/home/raivo/ros2_humble/install/ros2topic:/home/raivo/ros2_humble/install/ros2test:/home/raivo/ros2_humble/install/ros2component:/home/raivo/ros2_humble/install/ros2param:/home/raivo/ros2_humble/install/ros2lifecycle:/home/raivo/ros2_humble/install/ros2service:/home/raivo/ros2_humble/install/ros2run:/home/raivo/ros2_humble/install/ros2launch:/home/raivo/ros2_humble/install/ros2pkg:/home/raivo/ros2_humble/install/ros2node:/home/raivo/ros2_humble/install/ros2multicast:/home/raivo/ros2_humble/install/ros2interface:/home/raivo/ros2_humble/install/ros2doctor:/home/raivo/ros2_humble/install/ros2action:/home/raivo/ros2_humble/install/ros2cli:/home/raivo/ros2_humble/install/quality_of_service_demo_py:/home/raivo/ros2_humble/install/lifecycle_py:/home/raivo/ros2_humble/install/launch_testing_ros:/home/raivo/ros2_humble/install/launch_ros:/home/raivo/ros2_humble/install/examples_rclpy_pointcloud_publisher:/home/raivo/ros2_humble/install/examples_rclpy_minimal_subscriber:/home/raivo/ros2_humble/install/examples_rclpy_minimal_service:/home/raivo/ros2_humble/install/examples_rclpy_minimal_publisher:/home/raivo/ros2_humble/install/examples_rclpy_minimal_client:/home/raivo/ros2_humble/install/examples_rclpy_minimal_action_server:/home/raivo/ros2_humble/install/examples_rclpy_minimal_action_client:/home/raivo/ros2_humble/install/examples_rclpy_guard_conditions:/home/raivo/ros2_humble/install/examples_rclpy_executors:/home/raivo/ros2_humble/install/demo_nodes_py:/home/raivo/ros2_humble/install/action_tutorials_py:/home/raivo/ros2_humble/install/ament_uncrustify:/home/raivo/ros2_humble/install/tracetools_trace:/home/raivo/ros2_humble/install/tracetools_read:/home/raivo/ros2_humble/install/test_tracetools_launch:/home/raivo/ros2_humble/install/test_launch_ros:/home/raivo/ros2_humble/install/sensor_msgs_py:/home/raivo/ros2_humble/install/rpyutils:/home/raivo/ros2_humble/install/rosidl_runtime_py:/home/raivo/ros2_humble/install/rosidl_cli:/home/raivo/ros2_humble/install/launch_pytest:/home/raivo/ros2_humble/install/launch_testing:/home/raivo/ros2_humble/install/launch_yaml:/home/raivo/ros2_humble/install/launch_xml:/home/raivo/ros2_humble/install/launch:/home/raivo/ros2_humble/install/osrf_pycommon:/home/raivo/ros2_humble/install/launch_testing_examples:/home/raivo/ros2_humble/install/domain_coordinator:/home/raivo/ros2_humble/install/ament_xmllint:/home/raivo/ros2_humble/install/ament_pyflakes:/home/raivo/ros2_humble/install/ament_pycodestyle:/home/raivo/ros2_humble/install/ament_pep257:/home/raivo/ros2_humble/install/ament_pclint:/home/raivo/ros2_humble/install/ament_package:/home/raivo/ros2_humble/install/ament_mypy:/home/raivo/ros2_humble/install/ament_lint_cmake:/home/raivo/ros2_humble/install/ament_flake8:/home/raivo/ros2_humble/install/ament_copyright:/home/raivo/ros2_humble/install/ament_lint:/home/raivo/ros2_humble/install/ament_index_python:/home/raivo/ros2_humble/install/ament_cpplint:/home/raivo/ros2_humble/install/ament_cppcheck:/home/raivo/ros2_humble/install/ament_clang_tidy:/home/raivo/ros2_humble/install/ament_clang_format /usr/bin/cmake --install /home/raivo/Hermes/hermes_ws/build/rtcm_msgs
[19.556s] -- Install configuration: ""
[19.556s] -- Installing: /home/raivo/Hermes/hermes_ws/install/rtcm_msgs/share/ament_index/resource_index/rosidl_interfaces/rtcm_msgs
[19.556s] -- Installing: /home/raivo/Hermes/hermes_ws/install/rtcm_msgs/include/rtcm_msgs/rtcm_msgs
[19.556s] -- Installing: /home/raivo/Hermes/hermes_ws/install/rtcm_msgs/include/rtcm_msgs/rtcm_msgs/msg
[19.556s] -- Installing: /home/raivo/Hermes/hermes_ws/install/rtcm_msgs/include/rtcm_msgs/rtcm_msgs/msg/message.h
[19.556s] -- Installing: /home/raivo/Hermes/hermes_ws/install/rtcm_msgs/include/rtcm_msgs/rtcm_msgs/msg/detail
[19.556s] -- Installing: /home/raivo/Hermes/hermes_ws/install/rtcm_msgs/include/rtcm_msgs/rtcm_msgs/msg/detail/message__functions.h
[19.556s] -- Installing: /home/raivo/Hermes/hermes_ws/install/rtcm_msgs/include/rtcm_msgs/rtcm_msgs/msg/detail/message__functions.c
[19.556s] -- Installing: /home/raivo/Hermes/hermes_ws/install/rtcm_msgs/include/rtcm_msgs/rtcm_msgs/msg/detail/message__struct.h
[19.556s] -- Installing: /home/raivo/Hermes/hermes_ws/install/rtcm_msgs/include/rtcm_msgs/rtcm_msgs/msg/detail/message__type_support.h
[19.556s] -- Installing: /home/raivo/Hermes/hermes_ws/install/rtcm_msgs/include/rtcm_msgs/rtcm_msgs/msg/rosidl_generator_c__visibility_control.h
[19.556s] -- Installing: /home/raivo/Hermes/hermes_ws/install/rtcm_msgs/share/rtcm_msgs/environment/library_path.sh
[19.556s] -- Installing: /home/raivo/Hermes/hermes_ws/install/rtcm_msgs/share/rtcm_msgs/environment/library_path.dsv
[19.556s] -- Installing: /home/raivo/Hermes/hermes_ws/install/rtcm_msgs/lib/librtcm_msgs__rosidl_generator_c.so
[19.557s] -- Set runtime path of "/home/raivo/Hermes/hermes_ws/install/rtcm_msgs/lib/librtcm_msgs__rosidl_generator_c.so" to ""
[19.557s] -- Up-to-date: /home/raivo/Hermes/hermes_ws/install/rtcm_msgs/include/rtcm_msgs/rtcm_msgs
[19.557s] -- Up-to-date: /home/raivo/Hermes/hermes_ws/install/rtcm_msgs/include/rtcm_msgs/rtcm_msgs/msg
[19.557s] -- Up-to-date: /home/raivo/Hermes/hermes_ws/install/rtcm_msgs/include/rtcm_msgs/rtcm_msgs/msg/detail
[19.557s] -- Installing: /home/raivo/Hermes/hermes_ws/install/rtcm_msgs/include/rtcm_msgs/rtcm_msgs/msg/detail/message__rosidl_typesupport_fastrtps_c.h
[19.557s] -- Installing: /home/raivo/Hermes/hermes_ws/install/rtcm_msgs/include/rtcm_msgs/rtcm_msgs/msg/rosidl_typesupport_fastrtps_c__visibility_control.h
[19.557s] -- Installing: /home/raivo/Hermes/hermes_ws/install/rtcm_msgs/lib/librtcm_msgs__rosidl_typesupport_fastrtps_c.so
[19.557s] -- Set runtime path of "/home/raivo/Hermes/hermes_ws/install/rtcm_msgs/lib/librtcm_msgs__rosidl_typesupport_fastrtps_c.so" to ""
[19.557s] -- Up-to-date: /home/raivo/Hermes/hermes_ws/install/rtcm_msgs/include/rtcm_msgs/rtcm_msgs
[19.557s] -- Up-to-date: /home/raivo/Hermes/hermes_ws/install/rtcm_msgs/include/rtcm_msgs/rtcm_msgs/msg
[19.557s] -- Up-to-date: /home/raivo/Hermes/hermes_ws/install/rtcm_msgs/include/rtcm_msgs/rtcm_msgs/msg/detail
[19.557s] -- Installing: /home/raivo/Hermes/hermes_ws/install/rtcm_msgs/include/rtcm_msgs/rtcm_msgs/msg/detail/message__traits.hpp
[19.557s] -- Installing: /home/raivo/Hermes/hermes_ws/install/rtcm_msgs/include/rtcm_msgs/rtcm_msgs/msg/detail/message__builder.hpp
[19.557s] -- Installing: /home/raivo/Hermes/hermes_ws/install/rtcm_msgs/include/rtcm_msgs/rtcm_msgs/msg/detail/message__struct.hpp
[19.557s] -- Installing: /home/raivo/Hermes/hermes_ws/install/rtcm_msgs/include/rtcm_msgs/rtcm_msgs/msg/message.hpp
[19.557s] -- Up-to-date: /home/raivo/Hermes/hermes_ws/install/rtcm_msgs/include/rtcm_msgs/rtcm_msgs
[19.557s] -- Up-to-date: /home/raivo/Hermes/hermes_ws/install/rtcm_msgs/include/rtcm_msgs/rtcm_msgs/msg
[19.557s] -- Up-to-date: /home/raivo/Hermes/hermes_ws/install/rtcm_msgs/include/rtcm_msgs/rtcm_msgs/msg/detail
[19.557s] -- Installing: /home/raivo/Hermes/hermes_ws/install/rtcm_msgs/include/rtcm_msgs/rtcm_msgs/msg/detail/dds_fastrtps
[19.557s] -- Installing: /home/raivo/Hermes/hermes_ws/install/rtcm_msgs/include/rtcm_msgs/rtcm_msgs/msg/detail/message__rosidl_typesupport_fastrtps_cpp.hpp
[19.557s] -- Installing: /home/raivo/Hermes/hermes_ws/install/rtcm_msgs/include/rtcm_msgs/rtcm_msgs/msg/rosidl_typesupport_fastrtps_cpp__visibility_control.h
[19.557s] -- Installing: /home/raivo/Hermes/hermes_ws/install/rtcm_msgs/lib/librtcm_msgs__rosidl_typesupport_fastrtps_cpp.so
[19.557s] -- Set runtime path of "/home/raivo/Hermes/hermes_ws/install/rtcm_msgs/lib/librtcm_msgs__rosidl_typesupport_fastrtps_cpp.so" to ""
[19.558s] -- Up-to-date: /home/raivo/Hermes/hermes_ws/install/rtcm_msgs/include/rtcm_msgs/rtcm_msgs
[19.558s] -- Up-to-date: /home/raivo/Hermes/hermes_ws/install/rtcm_msgs/include/rtcm_msgs/rtcm_msgs/msg
[19.558s] -- Up-to-date: /home/raivo/Hermes/hermes_ws/install/rtcm_msgs/include/rtcm_msgs/rtcm_msgs/msg/detail
[19.558s] -- Installing: /home/raivo/Hermes/hermes_ws/install/rtcm_msgs/include/rtcm_msgs/rtcm_msgs/msg/detail/message__rosidl_typesupport_introspection_c.h
[19.558s] -- Installing: /home/raivo/Hermes/hermes_ws/install/rtcm_msgs/include/rtcm_msgs/rtcm_msgs/msg/detail/message__type_support.c
[19.558s] -- Installing: /home/raivo/Hermes/hermes_ws/install/rtcm_msgs/include/rtcm_msgs/rtcm_msgs/msg/rosidl_typesupport_introspection_c__visibility_control.h
[19.558s] -- Installing: /home/raivo/Hermes/hermes_ws/install/rtcm_msgs/lib/librtcm_msgs__rosidl_typesupport_introspection_c.so
[19.558s] -- Set runtime path of "/home/raivo/Hermes/hermes_ws/install/rtcm_msgs/lib/librtcm_msgs__rosidl_typesupport_introspection_c.so" to ""
[19.558s] -- Installing: /home/raivo/Hermes/hermes_ws/install/rtcm_msgs/lib/librtcm_msgs__rosidl_typesupport_c.so
[19.558s] -- Set runtime path of "/home/raivo/Hermes/hermes_ws/install/rtcm_msgs/lib/librtcm_msgs__rosidl_typesupport_c.so" to ""
[19.558s] -- Up-to-date: /home/raivo/Hermes/hermes_ws/install/rtcm_msgs/include/rtcm_msgs/rtcm_msgs
[19.558s] -- Up-to-date: /home/raivo/Hermes/hermes_ws/install/rtcm_msgs/include/rtcm_msgs/rtcm_msgs/msg
[19.558s] -- Up-to-date: /home/raivo/Hermes/hermes_ws/install/rtcm_msgs/include/rtcm_msgs/rtcm_msgs/msg/detail
[19.558s] -- Installing: /home/raivo/Hermes/hermes_ws/install/rtcm_msgs/include/rtcm_msgs/rtcm_msgs/msg/detail/message__type_support.cpp
[19.558s] -- Installing: /home/raivo/Hermes/hermes_ws/install/rtcm_msgs/include/rtcm_msgs/rtcm_msgs/msg/detail/message__rosidl_typesupport_introspection_cpp.hpp
[19.558s] -- Installing: /home/raivo/Hermes/hermes_ws/install/rtcm_msgs/lib/librtcm_msgs__rosidl_typesupport_introspection_cpp.so
[19.558s] -- Set runtime path of "/home/raivo/Hermes/hermes_ws/install/rtcm_msgs/lib/librtcm_msgs__rosidl_typesupport_introspection_cpp.so" to ""
[19.558s] -- Installing: /home/raivo/Hermes/hermes_ws/install/rtcm_msgs/lib/librtcm_msgs__rosidl_typesupport_cpp.so
[19.558s] -- Set runtime path of "/home/raivo/Hermes/hermes_ws/install/rtcm_msgs/lib/librtcm_msgs__rosidl_typesupport_cpp.so" to ""
[19.558s] -- Installing: /home/raivo/Hermes/hermes_ws/install/rtcm_msgs/share/rtcm_msgs/environment/pythonpath.sh
[19.558s] -- Installing: /home/raivo/Hermes/hermes_ws/install/rtcm_msgs/share/rtcm_msgs/environment/pythonpath.dsv
[19.558s] -- Installing: /home/raivo/Hermes/hermes_ws/install/rtcm_msgs/lib/python3.8/site-packages/rtcm_msgs-1.1.6-py3.8.egg-info
[19.558s] -- Installing: /home/raivo/Hermes/hermes_ws/install/rtcm_msgs/lib/python3.8/site-packages/rtcm_msgs-1.1.6-py3.8.egg-info/SOURCES.txt
[19.559s] -- Installing: /home/raivo/Hermes/hermes_ws/install/rtcm_msgs/lib/python3.8/site-packages/rtcm_msgs-1.1.6-py3.8.egg-info/PKG-INFO
[19.559s] -- Installing: /home/raivo/Hermes/hermes_ws/install/rtcm_msgs/lib/python3.8/site-packages/rtcm_msgs-1.1.6-py3.8.egg-info/dependency_links.txt
[19.559s] -- Installing: /home/raivo/Hermes/hermes_ws/install/rtcm_msgs/lib/python3.8/site-packages/rtcm_msgs-1.1.6-py3.8.egg-info/top_level.txt
[19.559s] -- Installing: /home/raivo/Hermes/hermes_ws/install/rtcm_msgs/lib/python3.8/site-packages/rtcm_msgs
[19.559s] -- Installing: /home/raivo/Hermes/hermes_ws/install/rtcm_msgs/lib/python3.8/site-packages/rtcm_msgs/librtcm_msgs__rosidl_generator_py.so
[19.559s] -- Installing: /home/raivo/Hermes/hermes_ws/install/rtcm_msgs/lib/python3.8/site-packages/rtcm_msgs/rtcm_msgs_s__rosidl_typesupport_c.cpython-38-x86_64-linux-gnu.so
[19.559s] -- Installing: /home/raivo/Hermes/hermes_ws/install/rtcm_msgs/lib/python3.8/site-packages/rtcm_msgs/_rtcm_msgs_s.ep.rosidl_typesupport_introspection_c.c
[19.559s] -- Installing: /home/raivo/Hermes/hermes_ws/install/rtcm_msgs/lib/python3.8/site-packages/rtcm_msgs/_rtcm_msgs_s.ep.rosidl_typesupport_c.c
[19.559s] -- Installing: /home/raivo/Hermes/hermes_ws/install/rtcm_msgs/lib/python3.8/site-packages/rtcm_msgs/_rtcm_msgs_s.ep.rosidl_typesupport_fastrtps_c.c
[19.559s] -- Installing: /home/raivo/Hermes/hermes_ws/install/rtcm_msgs/lib/python3.8/site-packages/rtcm_msgs/rtcm_msgs_s__rosidl_typesupport_introspection_c.cpython-38-x86_64-linux-gnu.so
[19.559s] -- Installing: /home/raivo/Hermes/hermes_ws/install/rtcm_msgs/lib/python3.8/site-packages/rtcm_msgs/rtcm_msgs_s__rosidl_typesupport_fastrtps_c.cpython-38-x86_64-linux-gnu.so
[19.559s] -- Installing: /home/raivo/Hermes/hermes_ws/install/rtcm_msgs/lib/python3.8/site-packages/rtcm_msgs/__init__.py
[19.559s] -- Installing: /home/raivo/Hermes/hermes_ws/install/rtcm_msgs/lib/python3.8/site-packages/rtcm_msgs/msg
[19.559s] -- Installing: /home/raivo/Hermes/hermes_ws/install/rtcm_msgs/lib/python3.8/site-packages/rtcm_msgs/msg/_message_s.c
[19.559s] -- Installing: /home/raivo/Hermes/hermes_ws/install/rtcm_msgs/lib/python3.8/site-packages/rtcm_msgs/msg/_message.py
[19.559s] -- Installing: /home/raivo/Hermes/hermes_ws/install/rtcm_msgs/lib/python3.8/site-packages/rtcm_msgs/msg/__init__.py
[19.813s] Listing '/home/raivo/Hermes/hermes_ws/install/rtcm_msgs/lib/python3.8/site-packages/rtcm_msgs'...
[19.813s] Compiling '/home/raivo/Hermes/hermes_ws/install/rtcm_msgs/lib/python3.8/site-packages/rtcm_msgs/__init__.py'...
[19.813s] Listing '/home/raivo/Hermes/hermes_ws/install/rtcm_msgs/lib/python3.8/site-packages/rtcm_msgs/msg'...
[19.813s] Compiling '/home/raivo/Hermes/hermes_ws/install/rtcm_msgs/lib/python3.8/site-packages/rtcm_msgs/msg/__init__.py'...
[19.813s] Compiling '/home/raivo/Hermes/hermes_ws/install/rtcm_msgs/lib/python3.8/site-packages/rtcm_msgs/msg/_message.py'...
[19.816s] -- Installing: /home/raivo/Hermes/hermes_ws/install/rtcm_msgs/lib/python3.8/site-packages/rtcm_msgs/rtcm_msgs_s__rosidl_typesupport_introspection_c.cpython-38-x86_64-linux-gnu.so
[19.816s] -- Set runtime path of "/home/raivo/Hermes/hermes_ws/install/rtcm_msgs/lib/python3.8/site-packages/rtcm_msgs/rtcm_msgs_s__rosidl_typesupport_introspection_c.cpython-38-x86_64-linux-gnu.so" to ""
[19.816s] -- Installing: /home/raivo/Hermes/hermes_ws/install/rtcm_msgs/lib/python3.8/site-packages/rtcm_msgs/rtcm_msgs_s__rosidl_typesupport_fastrtps_c.cpython-38-x86_64-linux-gnu.so
[19.816s] -- Set runtime path of "/home/raivo/Hermes/hermes_ws/install/rtcm_msgs/lib/python3.8/site-packages/rtcm_msgs/rtcm_msgs_s__rosidl_typesupport_fastrtps_c.cpython-38-x86_64-linux-gnu.so" to ""
[19.817s] -- Installing: /home/raivo/Hermes/hermes_ws/install/rtcm_msgs/lib/python3.8/site-packages/rtcm_msgs/rtcm_msgs_s__rosidl_typesupport_c.cpython-38-x86_64-linux-gnu.so
[19.817s] -- Set runtime path of "/home/raivo/Hermes/hermes_ws/install/rtcm_msgs/lib/python3.8/site-packages/rtcm_msgs/rtcm_msgs_s__rosidl_typesupport_c.cpython-38-x86_64-linux-gnu.so" to ""
[19.817s] -- Installing: /home/raivo/Hermes/hermes_ws/install/rtcm_msgs/lib/librtcm_msgs__rosidl_generator_py.so
[19.817s] -- Set runtime path of "/home/raivo/Hermes/hermes_ws/install/rtcm_msgs/lib/librtcm_msgs__rosidl_generator_py.so" to ""
[19.817s] -- Installing: /home/raivo/Hermes/hermes_ws/install/rtcm_msgs/share/rtcm_msgs/msg/Message.idl
[19.817s] -- Installing: /home/raivo/Hermes/hermes_ws/install/rtcm_msgs/share/rtcm_msgs/msg/Message.msg
[19.817s] -- Installing: /home/raivo/Hermes/hermes_ws/install/rtcm_msgs/share/ament_index/resource_index/package_run_dependencies/rtcm_msgs
[19.817s] -- Installing: /home/raivo/Hermes/hermes_ws/install/rtcm_msgs/share/ament_index/resource_index/parent_prefix_path/rtcm_msgs
[19.817s] -- Installing: /home/raivo/Hermes/hermes_ws/install/rtcm_msgs/share/rtcm_msgs/environment/ament_prefix_path.sh
[19.817s] -- Installing: /home/raivo/Hermes/hermes_ws/install/rtcm_msgs/share/rtcm_msgs/environment/ament_prefix_path.dsv
[19.818s] -- Installing: /home/raivo/Hermes/hermes_ws/install/rtcm_msgs/share/rtcm_msgs/environment/path.sh
[19.818s] -- Installing: /home/raivo/Hermes/hermes_ws/install/rtcm_msgs/share/rtcm_msgs/environment/path.dsv
[19.818s] -- Installing: /home/raivo/Hermes/hermes_ws/install/rtcm_msgs/share/rtcm_msgs/local_setup.bash
[19.818s] -- Installing: /home/raivo/Hermes/hermes_ws/install/rtcm_msgs/share/rtcm_msgs/local_setup.sh
[19.818s] -- Installing: /home/raivo/Hermes/hermes_ws/install/rtcm_msgs/share/rtcm_msgs/local_setup.zsh
[19.818s] -- Installing: /home/raivo/Hermes/hermes_ws/install/rtcm_msgs/share/rtcm_msgs/local_setup.dsv
[19.818s] -- Installing: /home/raivo/Hermes/hermes_ws/install/rtcm_msgs/share/rtcm_msgs/package.dsv
[19.818s] -- Installing: /home/raivo/Hermes/hermes_ws/install/rtcm_msgs/share/ament_index/resource_index/packages/rtcm_msgs
[19.818s] -- Installing: /home/raivo/Hermes/hermes_ws/install/rtcm_msgs/share/rtcm_msgs/cmake/export_rtcm_msgs__rosidl_generator_cExport.cmake
[19.819s] -- Installing: /home/raivo/Hermes/hermes_ws/install/rtcm_msgs/share/rtcm_msgs/cmake/export_rtcm_msgs__rosidl_generator_cExport-noconfig.cmake
[19.819s] -- Installing: /home/raivo/Hermes/hermes_ws/install/rtcm_msgs/share/rtcm_msgs/cmake/export_rtcm_msgs__rosidl_typesupport_fastrtps_cExport.cmake
[19.819s] -- Installing: /home/raivo/Hermes/hermes_ws/install/rtcm_msgs/share/rtcm_msgs/cmake/export_rtcm_msgs__rosidl_typesupport_fastrtps_cExport-noconfig.cmake
[19.819s] -- Installing: /home/raivo/Hermes/hermes_ws/install/rtcm_msgs/share/rtcm_msgs/cmake/export_rtcm_msgs__rosidl_generator_cppExport.cmake
[19.819s] -- Installing: /home/raivo/Hermes/hermes_ws/install/rtcm_msgs/share/rtcm_msgs/cmake/export_rtcm_msgs__rosidl_typesupport_fastrtps_cppExport.cmake
[19.819s] -- Installing: /home/raivo/Hermes/hermes_ws/install/rtcm_msgs/share/rtcm_msgs/cmake/export_rtcm_msgs__rosidl_typesupport_fastrtps_cppExport-noconfig.cmake
[19.819s] -- Installing: /home/raivo/Hermes/hermes_ws/install/rtcm_msgs/share/rtcm_msgs/cmake/rtcm_msgs__rosidl_typesupport_introspection_cExport.cmake
[19.819s] -- Installing: /home/raivo/Hermes/hermes_ws/install/rtcm_msgs/share/rtcm_msgs/cmake/rtcm_msgs__rosidl_typesupport_introspection_cExport-noconfig.cmake
[19.819s] -- Installing: /home/raivo/Hermes/hermes_ws/install/rtcm_msgs/share/rtcm_msgs/cmake/rtcm_msgs__rosidl_typesupport_cExport.cmake
[19.819s] -- Installing: /home/raivo/Hermes/hermes_ws/install/rtcm_msgs/share/rtcm_msgs/cmake/rtcm_msgs__rosidl_typesupport_cExport-noconfig.cmake
[19.819s] -- Installing: /home/raivo/Hermes/hermes_ws/install/rtcm_msgs/share/rtcm_msgs/cmake/rtcm_msgs__rosidl_typesupport_introspection_cppExport.cmake
[19.819s] -- Installing: /home/raivo/Hermes/hermes_ws/install/rtcm_msgs/share/rtcm_msgs/cmake/rtcm_msgs__rosidl_typesupport_introspection_cppExport-noconfig.cmake
[19.819s] -- Installing: /home/raivo/Hermes/hermes_ws/install/rtcm_msgs/share/rtcm_msgs/cmake/rtcm_msgs__rosidl_typesupport_cppExport.cmake
[19.819s] -- Installing: /home/raivo/Hermes/hermes_ws/install/rtcm_msgs/share/rtcm_msgs/cmake/rtcm_msgs__rosidl_typesupport_cppExport-noconfig.cmake
[19.820s] -- Installing: /home/raivo/Hermes/hermes_ws/install/rtcm_msgs/share/rtcm_msgs/cmake/export_rtcm_msgs__rosidl_generator_pyExport.cmake
[19.820s] -- Installing: /home/raivo/Hermes/hermes_ws/install/rtcm_msgs/share/rtcm_msgs/cmake/export_rtcm_msgs__rosidl_generator_pyExport-noconfig.cmake
[19.820s] -- Installing: /home/raivo/Hermes/hermes_ws/install/rtcm_msgs/share/rtcm_msgs/cmake/rosidl_cmake-extras.cmake
[19.820s] -- Installing: /home/raivo/Hermes/hermes_ws/install/rtcm_msgs/share/rtcm_msgs/cmake/ament_cmake_export_dependencies-extras.cmake
[19.820s] -- Installing: /home/raivo/Hermes/hermes_ws/install/rtcm_msgs/share/rtcm_msgs/cmake/ament_cmake_export_include_directories-extras.cmake
[19.820s] -- Installing: /home/raivo/Hermes/hermes_ws/install/rtcm_msgs/share/rtcm_msgs/cmake/ament_cmake_export_libraries-extras.cmake
[19.820s] -- Installing: /home/raivo/Hermes/hermes_ws/install/rtcm_msgs/share/rtcm_msgs/cmake/ament_cmake_export_targets-extras.cmake
[19.820s] -- Installing: /home/raivo/Hermes/hermes_ws/install/rtcm_msgs/share/rtcm_msgs/cmake/rosidl_cmake_export_typesupport_targets-extras.cmake
[19.820s] -- Installing: /home/raivo/Hermes/hermes_ws/install/rtcm_msgs/share/rtcm_msgs/cmake/rosidl_cmake_export_typesupport_libraries-extras.cmake
[19.820s] -- Installing: /home/raivo/Hermes/hermes_ws/install/rtcm_msgs/share/rtcm_msgs/cmake/rtcm_msgsConfig.cmake
[19.820s] -- Installing: /home/raivo/Hermes/hermes_ws/install/rtcm_msgs/share/rtcm_msgs/cmake/rtcm_msgsConfig-version.cmake
[19.820s] -- Installing: /home/raivo/Hermes/hermes_ws/install/rtcm_msgs/share/rtcm_msgs/package.xml
[19.821s] Invoked command in '/home/raivo/Hermes/hermes_ws/build/rtcm_msgs' returned '0': CMAKE_PREFIX_PATH=${CMAKE_PREFIX_PATH}:/home/raivo/Hermes/hermes_ws/install/teleop_control:/home/raivo/Hermes/hermes_ws/install/odometry:/home/raivo/Hermes/hermes_ws/install/lidar_publisher:/home/raivo/Hermes/hermes_ws/install/imu_publisher:/home/raivo/Hermes/hermes_ws/install/gps_publisher:/home/raivo/Hermes/hermes_ws/install/cameras:/home/raivo/ros2_humble/install/rqt_bag_plugins:/home/raivo/ros2_humble/install/rqt_bag:/home/raivo/ros2_humble/install/ros2bag:/home/raivo/ros2_humble/install/tracetools_test:/home/raivo/ros2_humble/install/tracetools_launch:/home/raivo/ros2_humble/install/topic_monitor:/home/raivo/ros2_humble/install/tf2_tools:/home/raivo/ros2_humble/install/examples_tf2_py:/home/raivo/ros2_humble/install/tf2_ros_py:/home/raivo/ros2_humble/install/sros2:/home/raivo/ros2_humble/install/rqt_topic:/home/raivo/ros2_humble/install/rqt_srv:/home/raivo/ros2_humble/install/rqt_shell:/home/raivo/ros2_humble/install/rqt_service_caller:/home/raivo/ros2_humble/install/rqt_reconfigure:/home/raivo/ros2_humble/install/rqt_py_console:/home/raivo/ros2_humble/install/rqt_publisher:/home/raivo/ros2_humble/install/rqt_plot:/home/raivo/ros2_humble/install/rqt_action:/home/raivo/ros2_humble/install/rqt_msg:/home/raivo/ros2_humble/install/rqt_console:/home/raivo/ros2_humble/install/rqt:/home/raivo/ros2_humble/install/rqt_graph:/home/raivo/ros2_humble/install/rqt_gui_py:/home/raivo/ros2_humble/install/rqt_gui:/home/raivo/ros2_humble/install/ros2trace:/home/raivo/ros2_humble/install/ros2topic:/home/raivo/ros2_humble/install/ros2test:/home/raivo/ros2_humble/install/ros2component:/home/raivo/ros2_humble/install/ros2param:/home/raivo/ros2_humble/install/ros2lifecycle:/home/raivo/ros2_humble/install/ros2service:/home/raivo/ros2_humble/install/ros2run:/home/raivo/ros2_humble/install/ros2launch:/home/raivo/ros2_humble/install/ros2pkg:/home/raivo/ros2_humble/install/ros2node:/home/raivo/ros2_humble/install/ros2multicast:/home/raivo/ros2_humble/install/ros2interface:/home/raivo/ros2_humble/install/ros2doctor:/home/raivo/ros2_humble/install/ros2action:/home/raivo/ros2_humble/install/ros2cli:/home/raivo/ros2_humble/install/quality_of_service_demo_py:/home/raivo/ros2_humble/install/lifecycle_py:/home/raivo/ros2_humble/install/launch_testing_ros:/home/raivo/ros2_humble/install/launch_ros:/home/raivo/ros2_humble/install/examples_rclpy_pointcloud_publisher:/home/raivo/ros2_humble/install/examples_rclpy_minimal_subscriber:/home/raivo/ros2_humble/install/examples_rclpy_minimal_service:/home/raivo/ros2_humble/install/examples_rclpy_minimal_publisher:/home/raivo/ros2_humble/install/examples_rclpy_minimal_client:/home/raivo/ros2_humble/install/examples_rclpy_minimal_action_server:/home/raivo/ros2_humble/install/examples_rclpy_minimal_action_client:/home/raivo/ros2_humble/install/examples_rclpy_guard_conditions:/home/raivo/ros2_humble/install/examples_rclpy_executors:/home/raivo/ros2_humble/install/demo_nodes_py:/home/raivo/ros2_humble/install/action_tutorials_py:/home/raivo/ros2_humble/install/ament_uncrustify:/home/raivo/ros2_humble/install/tracetools_trace:/home/raivo/ros2_humble/install/tracetools_read:/home/raivo/ros2_humble/install/test_tracetools_launch:/home/raivo/ros2_humble/install/test_launch_ros:/home/raivo/ros2_humble/install/sensor_msgs_py:/home/raivo/ros2_humble/install/rpyutils:/home/raivo/ros2_humble/install/rosidl_runtime_py:/home/raivo/ros2_humble/install/rosidl_cli:/home/raivo/ros2_humble/install/launch_pytest:/home/raivo/ros2_humble/install/launch_testing:/home/raivo/ros2_humble/install/launch_yaml:/home/raivo/ros2_humble/install/launch_xml:/home/raivo/ros2_humble/install/launch:/home/raivo/ros2_humble/install/osrf_pycommon:/home/raivo/ros2_humble/install/launch_testing_examples:/home/raivo/ros2_humble/install/domain_coordinator:/home/raivo/ros2_humble/install/ament_xmllint:/home/raivo/ros2_humble/install/ament_pyflakes:/home/raivo/ros2_humble/install/ament_pycodestyle:/home/raivo/ros2_humble/install/ament_pep257:/home/raivo/ros2_humble/install/ament_pclint:/home/raivo/ros2_humble/install/ament_package:/home/raivo/ros2_humble/install/ament_mypy:/home/raivo/ros2_humble/install/ament_lint_cmake:/home/raivo/ros2_humble/install/ament_flake8:/home/raivo/ros2_humble/install/ament_copyright:/home/raivo/ros2_humble/install/ament_lint:/home/raivo/ros2_humble/install/ament_index_python:/home/raivo/ros2_humble/install/ament_cpplint:/home/raivo/ros2_humble/install/ament_cppcheck:/home/raivo/ros2_humble/install/ament_clang_tidy:/home/raivo/ros2_humble/install/ament_clang_format /usr/bin/cmake --install /home/raivo/Hermes/hermes_ws/build/rtcm_msgs
