[5.536s] Invoking command in '/home/aleksmalm/Hermes/hermes_ws/src/my_tf2_broadcaster': PYTHONPATH=/home/aleksmalm/Hermes/hermes_ws/build/my_tf2_broadcaster/prefix_override:/home/aleksmalm/Hermes/hermes_ws/install/my_tf2_broadcaster/lib/python3.10/site-packages:${PYTHONPATH} /usr/bin/python3 -W ignore:setup.py install is deprecated setup.py egg_info --egg-base ../../build/my_tf2_broadcaster build --build-base /home/aleksmalm/Hermes/hermes_ws/build/my_tf2_broadcaster/build install --record /home/aleksmalm/Hermes/hermes_ws/build/my_tf2_broadcaster/install.log --single-version-externally-managed install_data
[6.173s] running egg_info
[6.175s] writing ../../build/my_tf2_broadcaster/my_tf2_broadcaster.egg-info/PKG-INFO
[6.175s] writing dependency_links to ../../build/my_tf2_broadcaster/my_tf2_broadcaster.egg-info/dependency_links.txt
[6.176s] writing entry points to ../../build/my_tf2_broadcaster/my_tf2_broadcaster.egg-info/entry_points.txt
[6.176s] writing requirements to ../../build/my_tf2_broadcaster/my_tf2_broadcaster.egg-info/requires.txt
[6.177s] writing top-level names to ../../build/my_tf2_broadcaster/my_tf2_broadcaster.egg-info/top_level.txt
[6.180s] reading manifest file '../../build/my_tf2_broadcaster/my_tf2_broadcaster.egg-info/SOURCES.txt'
[6.182s] writing manifest file '../../build/my_tf2_broadcaster/my_tf2_broadcaster.egg-info/SOURCES.txt'
[6.182s] running build
[6.182s] running build_py
[6.183s] running install
[6.184s] running install_lib
[6.187s] running install_data
[6.188s] running install_egg_info
[6.193s] removing '/home/aleksmalm/Hermes/hermes_ws/install/my_tf2_broadcaster/lib/python3.10/site-packages/my_tf2_broadcaster-0.0.0-py3.10.egg-info' (and everything under it)
[6.193s] Copying ../../build/my_tf2_broadcaster/my_tf2_broadcaster.egg-info to /home/aleksmalm/Hermes/hermes_ws/install/my_tf2_broadcaster/lib/python3.10/site-packages/my_tf2_broadcaster-0.0.0-py3.10.egg-info
[6.196s] running install_scripts
[6.246s] Installing static_tf_broadcaster script to /home/aleksmalm/Hermes/hermes_ws/install/my_tf2_broadcaster/lib/my_tf2_broadcaster
[6.247s] writing list of installed files to '/home/aleksmalm/Hermes/hermes_ws/build/my_tf2_broadcaster/install.log'
[6.295s] Invoked command in '/home/aleksmalm/Hermes/hermes_ws/src/my_tf2_broadcaster' returned '0': PYTHONPATH=/home/aleksmalm/Hermes/hermes_ws/build/my_tf2_broadcaster/prefix_override:/home/aleksmalm/Hermes/hermes_ws/install/my_tf2_broadcaster/lib/python3.10/site-packages:${PYTHONPATH} /usr/bin/python3 -W ignore:setup.py install is deprecated setup.py egg_info --egg-base ../../build/my_tf2_broadcaster build --build-base /home/aleksmalm/Hermes/hermes_ws/build/my_tf2_broadcaster/build install --record /home/aleksmalm/Hermes/hermes_ws/build/my_tf2_broadcaster/install.log --single-version-externally-managed install_data
