[1.495s] Invoking command in '/home/hermes/Hermes/hermes_ws/build/odometry': PYTHONPATH=/home/hermes/Hermes/hermes_ws/build/odometry/prefix_override:/home/hermes/Hermes/hermes_ws/install/odometry/lib/python3.10/site-packages:${PYTHONPATH} /usr/bin/python3 -W ignore:setup.py install is deprecated setup.py develop --editable --build-directory /home/hermes/Hermes/hermes_ws/build/odometry/build --no-deps symlink_data
[2.191s] running develop
[2.192s] /usr/lib/python3/dist-packages/setuptools/command/easy_install.py:158: EasyInstallDeprecationWarning: easy_install command is deprecated. Use build and pip and other standards-based tools.
[2.192s]   warnings.warn(
[2.637s] running egg_info
[2.637s] creating odometry.egg-info
[2.638s] writing odometry.egg-info/PKG-INFO
[2.638s] writing dependency_links to odometry.egg-info/dependency_links.txt
[2.638s] writing entry points to odometry.egg-info/entry_points.txt
[2.639s] writing requirements to odometry.egg-info/requires.txt
[2.639s] writing top-level names to odometry.egg-info/top_level.txt
[2.639s] writing manifest file 'odometry.egg-info/SOURCES.txt'
[2.644s] reading manifest file 'odometry.egg-info/SOURCES.txt'
[2.645s] writing manifest file 'odometry.egg-info/SOURCES.txt'
[2.650s] running build_ext
[2.651s] Creating /home/hermes/Hermes/hermes_ws/install/odometry/lib/python3.10/site-packages/odometry.egg-link (link to .)
[2.652s] Installing odometry_node script to /home/hermes/Hermes/hermes_ws/install/odometry/lib/odometry
[2.653s] 
[2.653s] Installed /home/hermes/Hermes/hermes_ws/build/odometry
[2.653s] running symlink_data
[2.653s] creating /home/hermes/Hermes/hermes_ws/install/odometry/share
[2.653s] creating /home/hermes/Hermes/hermes_ws/install/odometry/share/ament_index
[2.654s] creating /home/hermes/Hermes/hermes_ws/install/odometry/share/ament_index/resource_index
[2.654s] creating /home/hermes/Hermes/hermes_ws/install/odometry/share/ament_index/resource_index/packages
[2.654s] symbolically linking /home/hermes/Hermes/hermes_ws/build/odometry/resource/odometry -> /home/hermes/Hermes/hermes_ws/install/odometry/share/ament_index/resource_index/packages
[2.654s] creating /home/hermes/Hermes/hermes_ws/install/odometry/share/odometry
[2.654s] symbolically linking /home/hermes/Hermes/hermes_ws/build/odometry/package.xml -> /home/hermes/Hermes/hermes_ws/install/odometry/share/odometry
[2.734s] Invoked command in '/home/hermes/Hermes/hermes_ws/build/odometry' returned '0': PYTHONPATH=/home/hermes/Hermes/hermes_ws/build/odometry/prefix_override:/home/hermes/Hermes/hermes_ws/install/odometry/lib/python3.10/site-packages:${PYTHONPATH} /usr/bin/python3 -W ignore:setup.py install is deprecated setup.py develop --editable --build-directory /home/hermes/Hermes/hermes_ws/build/odometry/build --no-deps symlink_data
