[0.049s] Invoking command in '/home/hermes/Hermes/hermes_ws/build/hermes_urdf': CMAKE_PREFIX_PATH=${CMAKE_PREFIX_PATH}:/home/hermes/Hermes/hermes_ws/install/tof_publisher:/home/hermes/Hermes/hermes_ws/install/teleop_control:/home/hermes/Hermes/hermes_ws/install/opencv_tests:/home/hermes/Hermes/hermes_ws/install/odometry:/home/hermes/Hermes/hermes_ws/install/imu_publisher:/home/hermes/Hermes/hermes_ws/install/cmd_vel:/home/hermes/Hermes/hermes_ws/install/cameras:/home/hermes/Downloads/hermes/Hermes/install/tof_publisher:/home/hermes/Downloads/hermes/Hermes/install/teleop_control:/home/hermes/Downloads/hermes/Hermes/install/odometry:/home/hermes/Downloads/hermes/Hermes/install/imu_publisher:/home/hermes/Downloads/hermes/Hermes/install/gps_publisher:/home/hermes/Downloads/hermes/Hermes/install/cmd_vel:/home/hermes/Downloads/hermes/Hermes/install/cameras:/home/hermes/Downloads/hermes/ros2_ws/src/install/ros2_video_stream_pkg:/opt/ros/humble /usr/bin/cmake --build /home/hermes/Hermes/hermes_ws/build/hermes_urdf -- -j6 -l6
[0.227s] Invoked command in '/home/hermes/Hermes/hermes_ws/build/hermes_urdf' returned '0': CMAKE_PREFIX_PATH=${CMAKE_PREFIX_PATH}:/home/hermes/Hermes/hermes_ws/install/tof_publisher:/home/hermes/Hermes/hermes_ws/install/teleop_control:/home/hermes/Hermes/hermes_ws/install/opencv_tests:/home/hermes/Hermes/hermes_ws/install/odometry:/home/hermes/Hermes/hermes_ws/install/imu_publisher:/home/hermes/Hermes/hermes_ws/install/cmd_vel:/home/hermes/Hermes/hermes_ws/install/cameras:/home/hermes/Downloads/hermes/Hermes/install/tof_publisher:/home/hermes/Downloads/hermes/Hermes/install/teleop_control:/home/hermes/Downloads/hermes/Hermes/install/odometry:/home/hermes/Downloads/hermes/Hermes/install/imu_publisher:/home/hermes/Downloads/hermes/Hermes/install/gps_publisher:/home/hermes/Downloads/hermes/Hermes/install/cmd_vel:/home/hermes/Downloads/hermes/Hermes/install/cameras:/home/hermes/Downloads/hermes/ros2_ws/src/install/ros2_video_stream_pkg:/opt/ros/humble /usr/bin/cmake --build /home/hermes/Hermes/hermes_ws/build/hermes_urdf -- -j6 -l6
[0.330s] Invoking command in '/home/hermes/Hermes/hermes_ws/build/hermes_urdf': CMAKE_PREFIX_PATH=${CMAKE_PREFIX_PATH}:/home/hermes/Hermes/hermes_ws/install/tof_publisher:/home/hermes/Hermes/hermes_ws/install/teleop_control:/home/hermes/Hermes/hermes_ws/install/opencv_tests:/home/hermes/Hermes/hermes_ws/install/odometry:/home/hermes/Hermes/hermes_ws/install/imu_publisher:/home/hermes/Hermes/hermes_ws/install/cmd_vel:/home/hermes/Hermes/hermes_ws/install/cameras:/home/hermes/Downloads/hermes/Hermes/install/tof_publisher:/home/hermes/Downloads/hermes/Hermes/install/teleop_control:/home/hermes/Downloads/hermes/Hermes/install/odometry:/home/hermes/Downloads/hermes/Hermes/install/imu_publisher:/home/hermes/Downloads/hermes/Hermes/install/gps_publisher:/home/hermes/Downloads/hermes/Hermes/install/cmd_vel:/home/hermes/Downloads/hermes/Hermes/install/cameras:/home/hermes/Downloads/hermes/ros2_ws/src/install/ros2_video_stream_pkg:/opt/ros/humble /usr/bin/cmake --install /home/hermes/Hermes/hermes_ws/build/hermes_urdf
[0.356s] -- Install configuration: ""
[0.356s] -- Up-to-date: /home/hermes/Hermes/hermes_ws/install/hermes_urdf/share/hermes_urdf/launch
[0.356s] -- Installing: /home/hermes/Hermes/hermes_ws/install/hermes_urdf/share/hermes_urdf/launch/gazebo_model.launch.py
[0.357s] -- Up-to-date: /home/hermes/Hermes/hermes_ws/install/hermes_urdf/share/hermes_urdf/launch/my_world.world
[0.357s] -- Up-to-date: /home/hermes/Hermes/hermes_ws/install/hermes_urdf/share/hermes_urdf/launch/gazebo_test.launch.py
[0.357s] -- Up-to-date: /home/hermes/Hermes/hermes_ws/install/hermes_urdf/share/hermes_urdf/launch/display.launch.py
[0.357s] -- Up-to-date: /home/hermes/Hermes/hermes_ws/install/hermes_urdf/share/hermes_urdf/urdf
[0.357s] -- Up-to-date: /home/hermes/Hermes/hermes_ws/install/hermes_urdf/share/hermes_urdf/urdf/ld19.part
[0.358s] -- Up-to-date: /home/hermes/Hermes/hermes_ws/install/hermes_urdf/share/hermes_urdf/urdf/liigend.part
[0.358s] -- Up-to-date: /home/hermes/Hermes/hermes_ws/install/hermes_urdf/share/hermes_urdf/urdf/kere.stl
[0.358s] -- Up-to-date: /home/hermes/Hermes/hermes_ws/install/hermes_urdf/share/hermes_urdf/urdf/kere.part
[0.358s] -- Up-to-date: /home/hermes/Hermes/hermes_ws/install/hermes_urdf/share/hermes_urdf/urdf/ld19.stl
[0.358s] -- Up-to-date: /home/hermes/Hermes/hermes_ws/install/hermes_urdf/share/hermes_urdf/urdf/hermes_model.urdf
[0.358s] -- Up-to-date: /home/hermes/Hermes/hermes_ws/install/hermes_urdf/share/hermes_urdf/urdf/rehv.part
[0.358s] -- Up-to-date: /home/hermes/Hermes/hermes_ws/install/hermes_urdf/share/hermes_urdf/urdf/__init__.py
[0.358s] -- Up-to-date: /home/hermes/Hermes/hermes_ws/install/hermes_urdf/share/hermes_urdf/urdf/config.rviz
[0.359s] -- Up-to-date: /home/hermes/Hermes/hermes_ws/install/hermes_urdf/share/hermes_urdf/urdf/.robot.urdf.swp
[0.359s] -- Up-to-date: /home/hermes/Hermes/hermes_ws/install/hermes_urdf/share/hermes_urdf/urdf/hermes_model.sdf
[0.359s] -- Up-to-date: /home/hermes/Hermes/hermes_ws/install/hermes_urdf/share/hermes_urdf/urdf/config.json
[0.359s] -- Up-to-date: /home/hermes/Hermes/hermes_ws/install/hermes_urdf/share/hermes_urdf/urdf/hermes.urdf
[0.359s] -- Up-to-date: /home/hermes/Hermes/hermes_ws/install/hermes_urdf/share/hermes_urdf/urdf/robot.urdf
[0.359s] -- Up-to-date: /home/hermes/Hermes/hermes_ws/install/hermes_urdf/share/hermes_urdf/urdf/liigend.stl
[0.359s] -- Up-to-date: /home/hermes/Hermes/hermes_ws/install/hermes_urdf/share/hermes_urdf/urdf/rehv.stl
[0.359s] -- Up-to-date: /home/hermes/Hermes/hermes_ws/install/hermes_urdf/share/ament_index/resource_index/package_run_dependencies/hermes_urdf
[0.369s] -- Up-to-date: /home/hermes/Hermes/hermes_ws/install/hermes_urdf/share/ament_index/resource_index/parent_prefix_path/hermes_urdf
[0.370s] -- Up-to-date: /home/hermes/Hermes/hermes_ws/install/hermes_urdf/share/hermes_urdf/environment/ament_prefix_path.sh
[0.370s] -- Up-to-date: /home/hermes/Hermes/hermes_ws/install/hermes_urdf/share/hermes_urdf/environment/ament_prefix_path.dsv
[0.370s] -- Up-to-date: /home/hermes/Hermes/hermes_ws/install/hermes_urdf/share/hermes_urdf/environment/path.sh
[0.370s] -- Up-to-date: /home/hermes/Hermes/hermes_ws/install/hermes_urdf/share/hermes_urdf/environment/path.dsv
[0.370s] -- Up-to-date: /home/hermes/Hermes/hermes_ws/install/hermes_urdf/share/hermes_urdf/local_setup.bash
[0.370s] -- Up-to-date: /home/hermes/Hermes/hermes_ws/install/hermes_urdf/share/hermes_urdf/local_setup.sh
[0.370s] -- Up-to-date: /home/hermes/Hermes/hermes_ws/install/hermes_urdf/share/hermes_urdf/local_setup.zsh
[0.371s] -- Up-to-date: /home/hermes/Hermes/hermes_ws/install/hermes_urdf/share/hermes_urdf/local_setup.dsv
[0.371s] -- Installing: /home/hermes/Hermes/hermes_ws/install/hermes_urdf/share/hermes_urdf/package.dsv
[0.371s] -- Up-to-date: /home/hermes/Hermes/hermes_ws/install/hermes_urdf/share/ament_index/resource_index/packages/hermes_urdf
[0.371s] -- Up-to-date: /home/hermes/Hermes/hermes_ws/install/hermes_urdf/share/hermes_urdf/cmake/hermes_urdfConfig.cmake
[0.371s] -- Up-to-date: /home/hermes/Hermes/hermes_ws/install/hermes_urdf/share/hermes_urdf/cmake/hermes_urdfConfig-version.cmake
[0.371s] -- Up-to-date: /home/hermes/Hermes/hermes_ws/install/hermes_urdf/share/hermes_urdf/package.xml
[0.405s] Invoked command in '/home/hermes/Hermes/hermes_ws/build/hermes_urdf' returned '0': CMAKE_PREFIX_PATH=${CMAKE_PREFIX_PATH}:/home/hermes/Hermes/hermes_ws/install/tof_publisher:/home/hermes/Hermes/hermes_ws/install/teleop_control:/home/hermes/Hermes/hermes_ws/install/opencv_tests:/home/hermes/Hermes/hermes_ws/install/odometry:/home/hermes/Hermes/hermes_ws/install/imu_publisher:/home/hermes/Hermes/hermes_ws/install/cmd_vel:/home/hermes/Hermes/hermes_ws/install/cameras:/home/hermes/Downloads/hermes/Hermes/install/tof_publisher:/home/hermes/Downloads/hermes/Hermes/install/teleop_control:/home/hermes/Downloads/hermes/Hermes/install/odometry:/home/hermes/Downloads/hermes/Hermes/install/imu_publisher:/home/hermes/Downloads/hermes/Hermes/install/gps_publisher:/home/hermes/Downloads/hermes/Hermes/install/cmd_vel:/home/hermes/Downloads/hermes/Hermes/install/cameras:/home/hermes/Downloads/hermes/ros2_ws/src/install/ros2_video_stream_pkg:/opt/ros/humble /usr/bin/cmake --install /home/hermes/Hermes/hermes_ws/build/hermes_urdf
