[1.947s] Invoking command in '/home/raivo/Hermes_Latest_version/hermes_ws/src/my_tf2_broadcaster': PYTHONPATH=/home/raivo/Hermes_Latest_version/hermes_ws/build/my_tf2_broadcaster/prefix_override:/home/raivo/Hermes_Latest_version/hermes_ws/install/my_tf2_broadcaster/lib/python3.10/site-packages:${PYTHONPATH} /usr/bin/python3 -W ignore:setup.py install is deprecated setup.py egg_info --egg-base ../../build/my_tf2_broadcaster build --build-base /home/raivo/Hermes_Latest_version/hermes_ws/build/my_tf2_broadcaster/build install --record /home/raivo/Hermes_Latest_version/hermes_ws/build/my_tf2_broadcaster/install.log --single-version-externally-managed install_data
[2.396s] running egg_info
[2.396s] creating ../../build/my_tf2_broadcaster/my_tf2_broadcaster.egg-info
[2.396s] writing ../../build/my_tf2_broadcaster/my_tf2_broadcaster.egg-info/PKG-INFO
[2.396s] writing dependency_links to ../../build/my_tf2_broadcaster/my_tf2_broadcaster.egg-info/dependency_links.txt
[2.396s] writing entry points to ../../build/my_tf2_broadcaster/my_tf2_broadcaster.egg-info/entry_points.txt
[2.396s] writing requirements to ../../build/my_tf2_broadcaster/my_tf2_broadcaster.egg-info/requires.txt
[2.396s] writing top-level names to ../../build/my_tf2_broadcaster/my_tf2_broadcaster.egg-info/top_level.txt
[2.396s] writing manifest file '../../build/my_tf2_broadcaster/my_tf2_broadcaster.egg-info/SOURCES.txt'
[2.396s] reading manifest file '../../build/my_tf2_broadcaster/my_tf2_broadcaster.egg-info/SOURCES.txt'
[2.396s] writing manifest file '../../build/my_tf2_broadcaster/my_tf2_broadcaster.egg-info/SOURCES.txt'
[2.396s] running build
[2.396s] running build_py
[2.396s] creating /home/raivo/Hermes_Latest_version/hermes_ws/build/my_tf2_broadcaster/build
[2.396s] creating /home/raivo/Hermes_Latest_version/hermes_ws/build/my_tf2_broadcaster/build/lib
[2.396s] creating /home/raivo/Hermes_Latest_version/hermes_ws/build/my_tf2_broadcaster/build/lib/my_tf2_broadcaster
[2.396s] copying my_tf2_broadcaster/__init__.py -> /home/raivo/Hermes_Latest_version/hermes_ws/build/my_tf2_broadcaster/build/lib/my_tf2_broadcaster
[2.396s] copying my_tf2_broadcaster/static_tf_broadcaster.py -> /home/raivo/Hermes_Latest_version/hermes_ws/build/my_tf2_broadcaster/build/lib/my_tf2_broadcaster
[2.396s] running install
[2.396s] running install_lib
[2.396s] creating /home/raivo/Hermes_Latest_version/hermes_ws/install/my_tf2_broadcaster/lib/python3.10/site-packages/my_tf2_broadcaster
[2.396s] copying /home/raivo/Hermes_Latest_version/hermes_ws/build/my_tf2_broadcaster/build/lib/my_tf2_broadcaster/__init__.py -> /home/raivo/Hermes_Latest_version/hermes_ws/install/my_tf2_broadcaster/lib/python3.10/site-packages/my_tf2_broadcaster
[2.396s] copying /home/raivo/Hermes_Latest_version/hermes_ws/build/my_tf2_broadcaster/build/lib/my_tf2_broadcaster/static_tf_broadcaster.py -> /home/raivo/Hermes_Latest_version/hermes_ws/install/my_tf2_broadcaster/lib/python3.10/site-packages/my_tf2_broadcaster
[2.396s] byte-compiling /home/raivo/Hermes_Latest_version/hermes_ws/install/my_tf2_broadcaster/lib/python3.10/site-packages/my_tf2_broadcaster/__init__.py to __init__.cpython-310.pyc
[2.396s] byte-compiling /home/raivo/Hermes_Latest_version/hermes_ws/install/my_tf2_broadcaster/lib/python3.10/site-packages/my_tf2_broadcaster/static_tf_broadcaster.py to static_tf_broadcaster.cpython-310.pyc
[2.397s] running install_data
[2.397s] creating /home/raivo/Hermes_Latest_version/hermes_ws/install/my_tf2_broadcaster/share/ament_index
[2.397s] creating /home/raivo/Hermes_Latest_version/hermes_ws/install/my_tf2_broadcaster/share/ament_index/resource_index
[2.397s] creating /home/raivo/Hermes_Latest_version/hermes_ws/install/my_tf2_broadcaster/share/ament_index/resource_index/packages
[2.397s] copying resource/my_tf2_broadcaster -> /home/raivo/Hermes_Latest_version/hermes_ws/install/my_tf2_broadcaster/share/ament_index/resource_index/packages
[2.397s] copying package.xml -> /home/raivo/Hermes_Latest_version/hermes_ws/install/my_tf2_broadcaster/share/my_tf2_broadcaster
[2.397s] running install_egg_info
[2.397s] Copying ../../build/my_tf2_broadcaster/my_tf2_broadcaster.egg-info to /home/raivo/Hermes_Latest_version/hermes_ws/install/my_tf2_broadcaster/lib/python3.10/site-packages/my_tf2_broadcaster-0.0.0-py3.10.egg-info
[2.397s] running install_scripts
[2.397s] Installing static_tf_broadcaster script to /home/raivo/Hermes_Latest_version/hermes_ws/install/my_tf2_broadcaster/lib/my_tf2_broadcaster
[2.397s] writing list of installed files to '/home/raivo/Hermes_Latest_version/hermes_ws/build/my_tf2_broadcaster/install.log'
[2.438s] Invoked command in '/home/raivo/Hermes_Latest_version/hermes_ws/src/my_tf2_broadcaster' returned '0': PYTHONPATH=/home/raivo/Hermes_Latest_version/hermes_ws/build/my_tf2_broadcaster/prefix_override:/home/raivo/Hermes_Latest_version/hermes_ws/install/my_tf2_broadcaster/lib/python3.10/site-packages:${PYTHONPATH} /usr/bin/python3 -W ignore:setup.py install is deprecated setup.py egg_info --egg-base ../../build/my_tf2_broadcaster build --build-base /home/raivo/Hermes_Latest_version/hermes_ws/build/my_tf2_broadcaster/build install --record /home/raivo/Hermes_Latest_version/hermes_ws/build/my_tf2_broadcaster/install.log --single-version-externally-managed install_data
