[3.371s] Invoking command in '/home/hermes/Hermes/hermes_ws/src/cmd_vel': PYTHONPATH=/home/hermes/Hermes/hermes_ws/build/cmd_vel/prefix_override:/home/hermes/Hermes/hermes_ws/install/cmd_vel/lib/python3.10/site-packages:${PYTHONPATH} /usr/bin/python3 -W ignore:setup.py install is deprecated setup.py egg_info --egg-base ../../build/cmd_vel build --build-base /home/hermes/Hermes/hermes_ws/build/cmd_vel/build install --record /home/hermes/Hermes/hermes_ws/build/cmd_vel/install.log --single-version-externally-managed install_data
[4.051s] running egg_info
[4.054s] writing ../../build/cmd_vel/cmd_vel.egg-info/PKG-INFO
[4.054s] writing dependency_links to ../../build/cmd_vel/cmd_vel.egg-info/dependency_links.txt
[4.055s] writing entry points to ../../build/cmd_vel/cmd_vel.egg-info/entry_points.txt
[4.056s] writing requirements to ../../build/cmd_vel/cmd_vel.egg-info/requires.txt
[4.056s] writing top-level names to ../../build/cmd_vel/cmd_vel.egg-info/top_level.txt
[4.061s] reading manifest file '../../build/cmd_vel/cmd_vel.egg-info/SOURCES.txt'
[4.063s] writing manifest file '../../build/cmd_vel/cmd_vel.egg-info/SOURCES.txt'
[4.063s] running build
[4.063s] running build_py
[4.064s] running install
[4.066s] running install_lib
[4.070s] running install_data
[4.070s] running install_egg_info
[4.078s] removing '/home/hermes/Hermes/hermes_ws/install/cmd_vel/lib/python3.10/site-packages/cmd_vel-0.0.0-py3.10.egg-info' (and everything under it)
[4.079s] Copying ../../build/cmd_vel/cmd_vel.egg-info to /home/hermes/Hermes/hermes_ws/install/cmd_vel/lib/python3.10/site-packages/cmd_vel-0.0.0-py3.10.egg-info
[4.082s] running install_scripts
[4.140s] Installing cmd_vel_controll script to /home/hermes/Hermes/hermes_ws/install/cmd_vel/lib/cmd_vel
[4.142s] writing list of installed files to '/home/hermes/Hermes/hermes_ws/build/cmd_vel/install.log'
[4.759s] Invoked command in '/home/hermes/Hermes/hermes_ws/src/cmd_vel' returned '0': PYTHONPATH=/home/hermes/Hermes/hermes_ws/build/cmd_vel/prefix_override:/home/hermes/Hermes/hermes_ws/install/cmd_vel/lib/python3.10/site-packages:${PYTHONPATH} /usr/bin/python3 -W ignore:setup.py install is deprecated setup.py egg_info --egg-base ../../build/cmd_vel build --build-base /home/hermes/Hermes/hermes_ws/build/cmd_vel/build install --record /home/hermes/Hermes/hermes_ws/build/cmd_vel/install.log --single-version-externally-managed install_data
