[1.702s] Invoking command in '/home/aleksmalm/Hermes/hermes_ws/src/teleop_control': PYTHONPATH=/home/aleksmalm/Hermes/hermes_ws/build/teleop_control/prefix_override:/home/aleksmalm/Hermes/hermes_ws/install/teleop_control/lib/python3.10/site-packages:${PYTHONPATH} /usr/bin/python3 -W ignore:setup.py install is deprecated setup.py egg_info --egg-base ../../build/teleop_control build --build-base /home/aleksmalm/Hermes/hermes_ws/build/teleop_control/build install --record /home/aleksmalm/Hermes/hermes_ws/build/teleop_control/install.log --single-version-externally-managed install_data
[1.978s] running egg_info
[1.979s] writing ../../build/teleop_control/teleop_control.egg-info/PKG-INFO
[1.979s] writing dependency_links to ../../build/teleop_control/teleop_control.egg-info/dependency_links.txt
[1.980s] writing entry points to ../../build/teleop_control/teleop_control.egg-info/entry_points.txt
[1.980s] writing requirements to ../../build/teleop_control/teleop_control.egg-info/requires.txt
[1.980s] writing top-level names to ../../build/teleop_control/teleop_control.egg-info/top_level.txt
[1.982s] reading manifest file '../../build/teleop_control/teleop_control.egg-info/SOURCES.txt'
[1.983s] adding license file 'LICENSE'
[1.984s] writing manifest file '../../build/teleop_control/teleop_control.egg-info/SOURCES.txt'
[1.984s] running build
[1.984s] running build_py
[1.984s] running install
[1.985s] running install_lib
[1.987s] running install_data
[1.987s] running install_egg_info
[1.990s] removing '/home/aleksmalm/Hermes/hermes_ws/install/teleop_control/lib/python3.10/site-packages/teleop_control-0.0.0-py3.10.egg-info' (and everything under it)
[1.990s] Copying ../../build/teleop_control/teleop_control.egg-info to /home/aleksmalm/Hermes/hermes_ws/install/teleop_control/lib/python3.10/site-packages/teleop_control-0.0.0-py3.10.egg-info
[1.991s] running install_scripts
[2.017s] Installing teleop_control_node script to /home/aleksmalm/Hermes/hermes_ws/install/teleop_control/lib/teleop_control
[2.017s] writing list of installed files to '/home/aleksmalm/Hermes/hermes_ws/build/teleop_control/install.log'
[2.053s] Invoked command in '/home/aleksmalm/Hermes/hermes_ws/src/teleop_control' returned '0': PYTHONPATH=/home/aleksmalm/Hermes/hermes_ws/build/teleop_control/prefix_override:/home/aleksmalm/Hermes/hermes_ws/install/teleop_control/lib/python3.10/site-packages:${PYTHONPATH} /usr/bin/python3 -W ignore:setup.py install is deprecated setup.py egg_info --egg-base ../../build/teleop_control build --build-base /home/aleksmalm/Hermes/hermes_ws/build/teleop_control/build install --record /home/aleksmalm/Hermes/hermes_ws/build/teleop_control/install.log --single-version-externally-managed install_data
