[0.041s] Invoking command in '/home/hermes/Hermes/hermes_ws/build/imu_filter_madgwick': CMAKE_PREFIX_PATH=${CMAKE_PREFIX_PATH}:/home/hermes/Hermes/hermes_ws/install/tof_publisher:/home/hermes/Hermes/hermes_ws/install/teleop_control:/home/hermes/Hermes/hermes_ws/install/robot_localization_pkg:/home/hermes/Hermes/hermes_ws/install/path_creator:/home/hermes/Hermes/hermes_ws/install/odometry_publisher:/home/hermes/Hermes/hermes_ws/install/object_detection:/home/hermes/Hermes/hermes_ws/install/my_tf2_broadcaster:/home/hermes/Hermes/hermes_ws/install/multi_package_launcher:/home/hermes/Hermes/hermes_ws/install/icm20948_publisher:/home/hermes/Hermes/hermes_ws/install/hermes_nav:/home/hermes/Hermes/hermes_ws/install/gps_publisher:/home/hermes/Hermes/hermes_ws/install/cmd_vel:/home/hermes/Hermes/hermes_ws/install/cameras:/opt/ros/humble /usr/bin/cmake --build /home/hermes/Hermes/hermes_ws/build/imu_filter_madgwick -- -j6 -l6
[0.381s] [ 14%] Built target gtest_main
[0.394s] [ 28%] Built target gtest
[0.408s] [ 57%] Built target imu_filter_madgwick
[0.607s] [ 71%] Built target madgwick_test
[0.608s] [ 85%] Built target imu_filter_madgwick_node
[0.611s] [100%] Built target stateless_orientation_test
[0.695s] Invoked command in '/home/hermes/Hermes/hermes_ws/build/imu_filter_madgwick' returned '0': CMAKE_PREFIX_PATH=${CMAKE_PREFIX_PATH}:/home/hermes/Hermes/hermes_ws/install/tof_publisher:/home/hermes/Hermes/hermes_ws/install/teleop_control:/home/hermes/Hermes/hermes_ws/install/robot_localization_pkg:/home/hermes/Hermes/hermes_ws/install/path_creator:/home/hermes/Hermes/hermes_ws/install/odometry_publisher:/home/hermes/Hermes/hermes_ws/install/object_detection:/home/hermes/Hermes/hermes_ws/install/my_tf2_broadcaster:/home/hermes/Hermes/hermes_ws/install/multi_package_launcher:/home/hermes/Hermes/hermes_ws/install/icm20948_publisher:/home/hermes/Hermes/hermes_ws/install/hermes_nav:/home/hermes/Hermes/hermes_ws/install/gps_publisher:/home/hermes/Hermes/hermes_ws/install/cmd_vel:/home/hermes/Hermes/hermes_ws/install/cameras:/opt/ros/humble /usr/bin/cmake --build /home/hermes/Hermes/hermes_ws/build/imu_filter_madgwick -- -j6 -l6
[1.507s] Invoking command in '/home/hermes/Hermes/hermes_ws/build/imu_filter_madgwick': CMAKE_PREFIX_PATH=${CMAKE_PREFIX_PATH}:/home/hermes/Hermes/hermes_ws/install/tof_publisher:/home/hermes/Hermes/hermes_ws/install/teleop_control:/home/hermes/Hermes/hermes_ws/install/robot_localization_pkg:/home/hermes/Hermes/hermes_ws/install/path_creator:/home/hermes/Hermes/hermes_ws/install/odometry_publisher:/home/hermes/Hermes/hermes_ws/install/object_detection:/home/hermes/Hermes/hermes_ws/install/my_tf2_broadcaster:/home/hermes/Hermes/hermes_ws/install/multi_package_launcher:/home/hermes/Hermes/hermes_ws/install/icm20948_publisher:/home/hermes/Hermes/hermes_ws/install/hermes_nav:/home/hermes/Hermes/hermes_ws/install/gps_publisher:/home/hermes/Hermes/hermes_ws/install/cmd_vel:/home/hermes/Hermes/hermes_ws/install/cameras:/opt/ros/humble /usr/bin/cmake --install /home/hermes/Hermes/hermes_ws/build/imu_filter_madgwick
[1.530s] -- Install configuration: ""
[1.530s] -- Up-to-date: /home/hermes/Hermes/hermes_ws/install/imu_filter_madgwick/lib/libimu_filter_madgwick.so
[1.530s] -- Up-to-date: /home/hermes/Hermes/hermes_ws/install/imu_filter_madgwick/include
[1.531s] -- Up-to-date: /home/hermes/Hermes/hermes_ws/install/imu_filter_madgwick/include/imu_filter_madgwick
[1.531s] -- Up-to-date: /home/hermes/Hermes/hermes_ws/install/imu_filter_madgwick/include/imu_filter_madgwick/imu_filter_ros.h
[1.532s] -- Up-to-date: /home/hermes/Hermes/hermes_ws/install/imu_filter_madgwick/include/imu_filter_madgwick/visibility_control.h
[1.532s] -- Up-to-date: /home/hermes/Hermes/hermes_ws/install/imu_filter_madgwick/include/imu_filter_madgwick/imu_filter.h
[1.532s] -- Up-to-date: /home/hermes/Hermes/hermes_ws/install/imu_filter_madgwick/include/imu_filter_madgwick/world_frame.h
[1.532s] -- Up-to-date: /home/hermes/Hermes/hermes_ws/install/imu_filter_madgwick/include/imu_filter_madgwick/base_node.hpp
[1.533s] -- Up-to-date: /home/hermes/Hermes/hermes_ws/install/imu_filter_madgwick/include/imu_filter_madgwick/stateless_orientation.h
[1.533s] -- Up-to-date: /home/hermes/Hermes/hermes_ws/install/imu_filter_madgwick/lib/imu_filter_madgwick/imu_filter_madgwick_node
[1.534s] -- Up-to-date: /home/hermes/Hermes/hermes_ws/install/imu_filter_madgwick/share/imu_filter_madgwick/launch
[1.534s] -- Up-to-date: /home/hermes/Hermes/hermes_ws/install/imu_filter_madgwick/share/imu_filter_madgwick/launch/imu_filter.launch.py
[1.536s] -- Up-to-date: /home/hermes/Hermes/hermes_ws/install/imu_filter_madgwick/share/imu_filter_madgwick/launch/imu_filter_component.launch.py
[1.537s] -- Up-to-date: /home/hermes/Hermes/hermes_ws/install/imu_filter_madgwick/share/imu_filter_madgwick/launch/__pycache__
[1.537s] -- Up-to-date: /home/hermes/Hermes/hermes_ws/install/imu_filter_madgwick/share/imu_filter_madgwick/launch/__pycache__/imu_filter.launch.cpython-310.pyc
[1.537s] -- Up-to-date: /home/hermes/Hermes/hermes_ws/install/imu_filter_madgwick/share/imu_filter_madgwick/config
[1.538s] -- Up-to-date: /home/hermes/Hermes/hermes_ws/install/imu_filter_madgwick/share/imu_filter_madgwick/config/imu_filter.yaml
[1.539s] -- Up-to-date: /home/hermes/Hermes/hermes_ws/install/imu_filter_madgwick/share/imu_filter_madgwick/environment/library_path.sh
[1.539s] -- Up-to-date: /home/hermes/Hermes/hermes_ws/install/imu_filter_madgwick/share/imu_filter_madgwick/environment/library_path.dsv
[1.540s] -- Up-to-date: /home/hermes/Hermes/hermes_ws/install/imu_filter_madgwick/share/ament_index/resource_index/package_run_dependencies/imu_filter_madgwick
[1.541s] -- Up-to-date: /home/hermes/Hermes/hermes_ws/install/imu_filter_madgwick/share/ament_index/resource_index/parent_prefix_path/imu_filter_madgwick
[1.542s] -- Up-to-date: /home/hermes/Hermes/hermes_ws/install/imu_filter_madgwick/share/imu_filter_madgwick/environment/ament_prefix_path.sh
[1.543s] -- Up-to-date: /home/hermes/Hermes/hermes_ws/install/imu_filter_madgwick/share/imu_filter_madgwick/environment/ament_prefix_path.dsv
[1.544s] -- Up-to-date: /home/hermes/Hermes/hermes_ws/install/imu_filter_madgwick/share/imu_filter_madgwick/environment/path.sh
[1.545s] -- Up-to-date: /home/hermes/Hermes/hermes_ws/install/imu_filter_madgwick/share/imu_filter_madgwick/environment/path.dsv
[1.545s] -- Up-to-date: /home/hermes/Hermes/hermes_ws/install/imu_filter_madgwick/share/imu_filter_madgwick/local_setup.bash
[1.546s] -- Up-to-date: /home/hermes/Hermes/hermes_ws/install/imu_filter_madgwick/share/imu_filter_madgwick/local_setup.sh
[1.546s] -- Up-to-date: /home/hermes/Hermes/hermes_ws/install/imu_filter_madgwick/share/imu_filter_madgwick/local_setup.zsh
[1.546s] -- Up-to-date: /home/hermes/Hermes/hermes_ws/install/imu_filter_madgwick/share/imu_filter_madgwick/local_setup.dsv
[1.547s] -- Installing: /home/hermes/Hermes/hermes_ws/install/imu_filter_madgwick/share/imu_filter_madgwick/package.dsv
[1.548s] -- Up-to-date: /home/hermes/Hermes/hermes_ws/install/imu_filter_madgwick/share/ament_index/resource_index/packages/imu_filter_madgwick
[1.548s] -- Up-to-date: /home/hermes/Hermes/hermes_ws/install/imu_filter_madgwick/share/ament_index/resource_index/rclcpp_components/imu_filter_madgwick
[1.549s] -- Up-to-date: /home/hermes/Hermes/hermes_ws/install/imu_filter_madgwick/share/imu_filter_madgwick/cmake/export_imu_filter_madgwickExport.cmake
[1.549s] -- Up-to-date: /home/hermes/Hermes/hermes_ws/install/imu_filter_madgwick/share/imu_filter_madgwick/cmake/export_imu_filter_madgwickExport-noconfig.cmake
[1.550s] -- Up-to-date: /home/hermes/Hermes/hermes_ws/install/imu_filter_madgwick/share/imu_filter_madgwick/cmake/ament_cmake_export_include_directories-extras.cmake
[1.551s] -- Up-to-date: /home/hermes/Hermes/hermes_ws/install/imu_filter_madgwick/share/imu_filter_madgwick/cmake/ament_cmake_export_libraries-extras.cmake
[1.551s] -- Up-to-date: /home/hermes/Hermes/hermes_ws/install/imu_filter_madgwick/share/imu_filter_madgwick/cmake/ament_cmake_export_targets-extras.cmake
[1.552s] -- Up-to-date: /home/hermes/Hermes/hermes_ws/install/imu_filter_madgwick/share/imu_filter_madgwick/cmake/imu_filter_madgwickConfig.cmake
[1.555s] -- Up-to-date: /home/hermes/Hermes/hermes_ws/install/imu_filter_madgwick/share/imu_filter_madgwick/cmake/imu_filter_madgwickConfig-version.cmake
[1.557s] -- Up-to-date: /home/hermes/Hermes/hermes_ws/install/imu_filter_madgwick/share/imu_filter_madgwick/package.xml
[2.341s] Invoked command in '/home/hermes/Hermes/hermes_ws/build/imu_filter_madgwick' returned '0': CMAKE_PREFIX_PATH=${CMAKE_PREFIX_PATH}:/home/hermes/Hermes/hermes_ws/install/tof_publisher:/home/hermes/Hermes/hermes_ws/install/teleop_control:/home/hermes/Hermes/hermes_ws/install/robot_localization_pkg:/home/hermes/Hermes/hermes_ws/install/path_creator:/home/hermes/Hermes/hermes_ws/install/odometry_publisher:/home/hermes/Hermes/hermes_ws/install/object_detection:/home/hermes/Hermes/hermes_ws/install/my_tf2_broadcaster:/home/hermes/Hermes/hermes_ws/install/multi_package_launcher:/home/hermes/Hermes/hermes_ws/install/icm20948_publisher:/home/hermes/Hermes/hermes_ws/install/hermes_nav:/home/hermes/Hermes/hermes_ws/install/gps_publisher:/home/hermes/Hermes/hermes_ws/install/cmd_vel:/home/hermes/Hermes/hermes_ws/install/cameras:/opt/ros/humble /usr/bin/cmake --install /home/hermes/Hermes/hermes_ws/build/imu_filter_madgwick
