[6.859s] Invoking command in '/home/raivo/Hermes/hermes_ws/src/imu_publisher': PYTHONPATH=/home/raivo/Hermes/hermes_ws/build/imu_publisher/prefix_override:/home/raivo/Hermes/hermes_ws/install/imu_publisher/lib/python3.8/site-packages:${PYTHONPATH} /usr/bin/python3 setup.py egg_info --egg-base ../../build/imu_publisher build --build-base /home/raivo/Hermes/hermes_ws/build/imu_publisher/build install --record /home/raivo/Hermes/hermes_ws/build/imu_publisher/install.log --single-version-externally-managed
[7.446s] running egg_info
[7.446s] writing ../../build/imu_publisher/imu_publisher.egg-info/PKG-INFO
[7.446s] writing dependency_links to ../../build/imu_publisher/imu_publisher.egg-info/dependency_links.txt
[7.447s] writing entry points to ../../build/imu_publisher/imu_publisher.egg-info/entry_points.txt
[7.447s] writing requirements to ../../build/imu_publisher/imu_publisher.egg-info/requires.txt
[7.448s] writing top-level names to ../../build/imu_publisher/imu_publisher.egg-info/top_level.txt
[7.477s] reading manifest file '../../build/imu_publisher/imu_publisher.egg-info/SOURCES.txt'
[7.477s] writing manifest file '../../build/imu_publisher/imu_publisher.egg-info/SOURCES.txt'
[7.478s] running build
[7.478s] running build_py
[7.478s] running install
[7.480s] running install_lib
[7.482s] running install_data
[7.483s] running install_egg_info
[7.487s] removing '/home/raivo/Hermes/hermes_ws/install/imu_publisher/lib/python3.8/site-packages/imu_publisher-0.0.0-py3.8.egg-info' (and everything under it)
[7.487s] Copying ../../build/imu_publisher/imu_publisher.egg-info to /home/raivo/Hermes/hermes_ws/install/imu_publisher/lib/python3.8/site-packages/imu_publisher-0.0.0-py3.8.egg-info
[7.487s] running install_scripts
[7.510s] Installing imu_publisher_node script to /home/raivo/Hermes/hermes_ws/install/imu_publisher/lib/imu_publisher
[7.510s] writing list of installed files to '/home/raivo/Hermes/hermes_ws/build/imu_publisher/install.log'
[7.642s] Invoked command in '/home/raivo/Hermes/hermes_ws/src/imu_publisher' returned '0': PYTHONPATH=/home/raivo/Hermes/hermes_ws/build/imu_publisher/prefix_override:/home/raivo/Hermes/hermes_ws/install/imu_publisher/lib/python3.8/site-packages:${PYTHONPATH} /usr/bin/python3 setup.py egg_info --egg-base ../../build/imu_publisher build --build-base /home/raivo/Hermes/hermes_ws/build/imu_publisher/build install --record /home/raivo/Hermes/hermes_ws/build/imu_publisher/install.log --single-version-externally-managed
