[3.876s] Invoking command in '/home/hermes/Hermes/hermes_ws/src/cameras': PYTHONPATH=/home/hermes/Hermes/hermes_ws/build/cameras/prefix_override:/usr/lib/python3/dist-packages/colcon_core/task/python/colcon_distutils_commands:/home/hermes/Hermes/hermes_ws/install/cameras/lib/python3.10/site-packages:${PYTHONPATH} /usr/bin/python3 -W ignore:setup.py install is deprecated setup.py egg_info --egg-base ../../build/cameras build --build-base /home/hermes/Hermes/hermes_ws/build/cameras/build install --record /home/hermes/Hermes/hermes_ws/build/cameras/install.log --single-version-externally-managed install_data
[4.502s] running egg_info
[4.504s] writing ../../build/cameras/cameras.egg-info/PKG-INFO
[4.506s] writing dependency_links to ../../build/cameras/cameras.egg-info/dependency_links.txt
[4.507s] writing entry points to ../../build/cameras/cameras.egg-info/entry_points.txt
[4.508s] writing requirements to ../../build/cameras/cameras.egg-info/requires.txt
[4.508s] writing top-level names to ../../build/cameras/cameras.egg-info/top_level.txt
[4.514s] reading manifest file '../../build/cameras/cameras.egg-info/SOURCES.txt'
[4.515s] adding license file 'LICENSE'
[4.520s] writing manifest file '../../build/cameras/cameras.egg-info/SOURCES.txt'
[4.521s] running build
[4.521s] running build_py
[4.523s] running install
[4.524s] running install_lib
[4.529s] running install_data
[4.529s] running install_egg_info
[4.538s] removing '/home/hermes/Hermes/hermes_ws/install/cameras/lib/python3.10/site-packages/cameras-0.0.0-py3.10.egg-info' (and everything under it)
[4.539s] Copying ../../build/cameras/cameras.egg-info to /home/hermes/Hermes/hermes_ws/install/cameras/lib/python3.10/site-packages/cameras-0.0.0-py3.10.egg-info
[4.541s] running install_scripts
[4.604s] Installing cameras_node script to /home/hermes/Hermes/hermes_ws/install/cameras/lib/cameras
[4.605s] writing list of installed files to '/home/hermes/Hermes/hermes_ws/build/cameras/install.log'
[4.713s] Invoked command in '/home/hermes/Hermes/hermes_ws/src/cameras' returned '0': PYTHONPATH=/home/hermes/Hermes/hermes_ws/build/cameras/prefix_override:/usr/lib/python3/dist-packages/colcon_core/task/python/colcon_distutils_commands:/home/hermes/Hermes/hermes_ws/install/cameras/lib/python3.10/site-packages:${PYTHONPATH} /usr/bin/python3 -W ignore:setup.py install is deprecated setup.py egg_info --egg-base ../../build/cameras build --build-base /home/hermes/Hermes/hermes_ws/build/cameras/build install --record /home/hermes/Hermes/hermes_ws/build/cameras/install.log --single-version-externally-managed install_data
