[3.009s] Invoking command in '/home/hermes/Hermes/hermes_ws/src/hermes_nav': PYTHONPATH=/home/hermes/Hermes/hermes_ws/build/hermes_nav/prefix_override:/home/hermes/Hermes/hermes_ws/install/hermes_nav/lib/python3.10/site-packages:${PYTHONPATH} /usr/bin/python3 -W ignore:setup.py install is deprecated setup.py egg_info --egg-base ../../build/hermes_nav build --build-base /home/hermes/Hermes/hermes_ws/build/hermes_nav/build install --record /home/hermes/Hermes/hermes_ws/build/hermes_nav/install.log --single-version-externally-managed install_data
[5.090s] running egg_info
[5.109s] creating ../../build/hermes_nav/hermes_nav.egg-info
[5.109s] writing ../../build/hermes_nav/hermes_nav.egg-info/PKG-INFO
[5.110s] writing dependency_links to ../../build/hermes_nav/hermes_nav.egg-info/dependency_links.txt
[5.111s] writing entry points to ../../build/hermes_nav/hermes_nav.egg-info/entry_points.txt
[5.111s] writing requirements to ../../build/hermes_nav/hermes_nav.egg-info/requires.txt
[5.111s] writing top-level names to ../../build/hermes_nav/hermes_nav.egg-info/top_level.txt
[5.112s] writing manifest file '../../build/hermes_nav/hermes_nav.egg-info/SOURCES.txt'
[5.129s] reading manifest file '../../build/hermes_nav/hermes_nav.egg-info/SOURCES.txt'
[5.131s] writing manifest file '../../build/hermes_nav/hermes_nav.egg-info/SOURCES.txt'
[5.148s] running build
[5.148s] running build_py
[5.148s] creating /home/hermes/Hermes/hermes_ws/build/hermes_nav/build
[5.149s] creating /home/hermes/Hermes/hermes_ws/build/hermes_nav/build/lib
[5.149s] creating /home/hermes/Hermes/hermes_ws/build/hermes_nav/build/lib/hermes_nav
[5.149s] copying hermes_nav/interactive_waypoint_follower.py -> /home/hermes/Hermes/hermes_ws/build/hermes_nav/build/lib/hermes_nav
[5.149s] copying hermes_nav/gps_converter_node.py -> /home/hermes/Hermes/hermes_ws/build/hermes_nav/build/lib/hermes_nav
[5.149s] copying hermes_nav/__init__.py -> /home/hermes/Hermes/hermes_ws/build/hermes_nav/build/lib/hermes_nav
[5.150s] copying hermes_nav/logged_waypoint_follower.py -> /home/hermes/Hermes/hermes_ws/build/hermes_nav/build/lib/hermes_nav
[5.150s] copying hermes_nav/gps_waypoint_logger.py -> /home/hermes/Hermes/hermes_ws/build/hermes_nav/build/lib/hermes_nav
[5.150s] running install
[5.152s] running install_lib
[5.154s] creating /home/hermes/Hermes/hermes_ws/install/hermes_nav/lib/python3.10/site-packages/hermes_nav
[5.154s] copying /home/hermes/Hermes/hermes_ws/build/hermes_nav/build/lib/hermes_nav/interactive_waypoint_follower.py -> /home/hermes/Hermes/hermes_ws/install/hermes_nav/lib/python3.10/site-packages/hermes_nav
[5.154s] copying /home/hermes/Hermes/hermes_ws/build/hermes_nav/build/lib/hermes_nav/gps_converter_node.py -> /home/hermes/Hermes/hermes_ws/install/hermes_nav/lib/python3.10/site-packages/hermes_nav
[5.155s] copying /home/hermes/Hermes/hermes_ws/build/hermes_nav/build/lib/hermes_nav/__init__.py -> /home/hermes/Hermes/hermes_ws/install/hermes_nav/lib/python3.10/site-packages/hermes_nav
[5.155s] copying /home/hermes/Hermes/hermes_ws/build/hermes_nav/build/lib/hermes_nav/logged_waypoint_follower.py -> /home/hermes/Hermes/hermes_ws/install/hermes_nav/lib/python3.10/site-packages/hermes_nav
[5.156s] copying /home/hermes/Hermes/hermes_ws/build/hermes_nav/build/lib/hermes_nav/gps_waypoint_logger.py -> /home/hermes/Hermes/hermes_ws/install/hermes_nav/lib/python3.10/site-packages/hermes_nav
[5.177s] byte-compiling /home/hermes/Hermes/hermes_ws/install/hermes_nav/lib/python3.10/site-packages/hermes_nav/interactive_waypoint_follower.py to interactive_waypoint_follower.cpython-310.pyc
[5.178s] byte-compiling /home/hermes/Hermes/hermes_ws/install/hermes_nav/lib/python3.10/site-packages/hermes_nav/gps_converter_node.py to gps_converter_node.cpython-310.pyc
[5.179s] byte-compiling /home/hermes/Hermes/hermes_ws/install/hermes_nav/lib/python3.10/site-packages/hermes_nav/__init__.py to __init__.cpython-310.pyc
[5.180s] byte-compiling /home/hermes/Hermes/hermes_ws/install/hermes_nav/lib/python3.10/site-packages/hermes_nav/logged_waypoint_follower.py to logged_waypoint_follower.cpython-310.pyc
[5.201s] byte-compiling /home/hermes/Hermes/hermes_ws/install/hermes_nav/lib/python3.10/site-packages/hermes_nav/gps_waypoint_logger.py to gps_waypoint_logger.cpython-310.pyc
[5.203s] running install_data
[5.203s] creating /home/hermes/Hermes/hermes_ws/install/hermes_nav/share/ament_index
[5.203s] creating /home/hermes/Hermes/hermes_ws/install/hermes_nav/share/ament_index/resource_index
[5.204s] creating /home/hermes/Hermes/hermes_ws/install/hermes_nav/share/ament_index/resource_index/packages
[5.204s] copying resource/hermes_nav -> /home/hermes/Hermes/hermes_ws/install/hermes_nav/share/ament_index/resource_index/packages
[5.204s] copying package.xml -> /home/hermes/Hermes/hermes_ws/install/hermes_nav/share/hermes_nav
[5.204s] creating /home/hermes/Hermes/hermes_ws/install/hermes_nav/share/hermes_nav/launch
[5.204s] copying launch/launch_sim.launch.py -> /home/hermes/Hermes/hermes_ws/install/hermes_nav/share/hermes_nav/launch
[5.212s] copying launch/dual_ekf_navsat.launch.py -> /home/hermes/Hermes/hermes_ws/install/hermes_nav/share/hermes_nav/launch
[5.220s] copying launch/gps_waypoint_follower.launch.py -> /home/hermes/Hermes/hermes_ws/install/hermes_nav/share/hermes_nav/launch
[5.220s] copying launch/mapviz.launch.py -> /home/hermes/Hermes/hermes_ws/install/hermes_nav/share/hermes_nav/launch
[5.221s] copying launch/gazebo_gps_world_hermes.launch.py -> /home/hermes/Hermes/hermes_ws/install/hermes_nav/share/hermes_nav/launch
[5.221s] copying launch/rsp.launch.py -> /home/hermes/Hermes/hermes_ws/install/hermes_nav/share/hermes_nav/launch
[5.221s] running install_egg_info
[5.227s] Copying ../../build/hermes_nav/hermes_nav.egg-info to /home/hermes/Hermes/hermes_ws/install/hermes_nav/lib/python3.10/site-packages/hermes_nav-0.0.0-py3.10.egg-info
[5.229s] running install_scripts
[5.414s] Installing gps_converter_node script to /home/hermes/Hermes/hermes_ws/install/hermes_nav/lib/hermes_nav
[5.419s] Installing gps_waypoint_logger script to /home/hermes/Hermes/hermes_ws/install/hermes_nav/lib/hermes_nav
[5.420s] Installing interactive_waypoint_follower script to /home/hermes/Hermes/hermes_ws/install/hermes_nav/lib/hermes_nav
[5.420s] Installing logged_waypoint_follower script to /home/hermes/Hermes/hermes_ws/install/hermes_nav/lib/hermes_nav
[5.421s] writing list of installed files to '/home/hermes/Hermes/hermes_ws/build/hermes_nav/install.log'
[5.732s] Invoked command in '/home/hermes/Hermes/hermes_ws/src/hermes_nav' returned '0': PYTHONPATH=/home/hermes/Hermes/hermes_ws/build/hermes_nav/prefix_override:/home/hermes/Hermes/hermes_ws/install/hermes_nav/lib/python3.10/site-packages:${PYTHONPATH} /usr/bin/python3 -W ignore:setup.py install is deprecated setup.py egg_info --egg-base ../../build/hermes_nav build --build-base /home/hermes/Hermes/hermes_ws/build/hermes_nav/build install --record /home/hermes/Hermes/hermes_ws/build/hermes_nav/install.log --single-version-externally-managed install_data
