[1.319s] Invoking command in '/home/hermes/Hermes/hermes_ws/src/icm20948_publisher': PYTHONPATH=/home/hermes/Hermes/hermes_ws/src/build/icm20948_publisher/prefix_override:/home/hermes/Hermes/hermes_ws/src/install/icm20948_publisher/lib/python3.10/site-packages:${PYTHONPATH} /usr/bin/python3 -W ignore:setup.py install is deprecated setup.py egg_info --egg-base ../build/icm20948_publisher build --build-base /home/hermes/Hermes/hermes_ws/src/build/icm20948_publisher/build install --record /home/hermes/Hermes/hermes_ws/src/build/icm20948_publisher/install.log --single-version-externally-managed install_data
[1.841s] running egg_info
[1.843s] writing ../build/icm20948_publisher/icm20948_publisher.egg-info/PKG-INFO
[1.843s] writing dependency_links to ../build/icm20948_publisher/icm20948_publisher.egg-info/dependency_links.txt
[1.844s] writing entry points to ../build/icm20948_publisher/icm20948_publisher.egg-info/entry_points.txt
[1.844s] writing requirements to ../build/icm20948_publisher/icm20948_publisher.egg-info/requires.txt
[1.844s] writing top-level names to ../build/icm20948_publisher/icm20948_publisher.egg-info/top_level.txt
[1.848s] reading manifest file '../build/icm20948_publisher/icm20948_publisher.egg-info/SOURCES.txt'
[1.849s] writing manifest file '../build/icm20948_publisher/icm20948_publisher.egg-info/SOURCES.txt'
[1.850s] running build
[1.850s] running build_py
[1.850s] copying icm20948_publisher/icm_imu.py -> /home/hermes/Hermes/hermes_ws/src/build/icm20948_publisher/build/lib/icm20948_publisher
[1.851s] running install
[1.851s] running install_lib
[1.853s] copying /home/hermes/Hermes/hermes_ws/src/build/icm20948_publisher/build/lib/icm20948_publisher/icm_imu.py -> /home/hermes/Hermes/hermes_ws/src/install/icm20948_publisher/lib/python3.10/site-packages/icm20948_publisher
[1.854s] byte-compiling /home/hermes/Hermes/hermes_ws/src/install/icm20948_publisher/lib/python3.10/site-packages/icm20948_publisher/icm_imu.py to icm_imu.cpython-310.pyc
[1.856s] running install_data
[1.857s] running install_egg_info
[1.860s] removing '/home/hermes/Hermes/hermes_ws/src/install/icm20948_publisher/lib/python3.10/site-packages/icm20948_publisher-0.0.0-py3.10.egg-info' (and everything under it)
[1.861s] Copying ../build/icm20948_publisher/icm20948_publisher.egg-info to /home/hermes/Hermes/hermes_ws/src/install/icm20948_publisher/lib/python3.10/site-packages/icm20948_publisher-0.0.0-py3.10.egg-info
[1.862s] running install_scripts
[1.906s] Installing icm_imu script to /home/hermes/Hermes/hermes_ws/src/install/icm20948_publisher/lib/icm20948_publisher
[1.907s] writing list of installed files to '/home/hermes/Hermes/hermes_ws/src/build/icm20948_publisher/install.log'
[1.972s] Invoked command in '/home/hermes/Hermes/hermes_ws/src/icm20948_publisher' returned '0': PYTHONPATH=/home/hermes/Hermes/hermes_ws/src/build/icm20948_publisher/prefix_override:/home/hermes/Hermes/hermes_ws/src/install/icm20948_publisher/lib/python3.10/site-packages:${PYTHONPATH} /usr/bin/python3 -W ignore:setup.py install is deprecated setup.py egg_info --egg-base ../build/icm20948_publisher build --build-base /home/hermes/Hermes/hermes_ws/src/build/icm20948_publisher/build install --record /home/hermes/Hermes/hermes_ws/src/build/icm20948_publisher/install.log --single-version-externally-managed install_data
