[1.946s] Invoking command in '/home/raivo/Hermes_Latest_version/hermes_ws/src/hermes_nav': PYTHONPATH=/home/raivo/Hermes_Latest_version/hermes_ws/build/hermes_nav/prefix_override:/home/raivo/Hermes_Latest_version/hermes_ws/install/hermes_nav/lib/python3.10/site-packages:${PYTHONPATH} /usr/bin/python3 -W ignore:setup.py install is deprecated setup.py egg_info --egg-base ../../build/hermes_nav build --build-base /home/raivo/Hermes_Latest_version/hermes_ws/build/hermes_nav/build install --record /home/raivo/Hermes_Latest_version/hermes_ws/build/hermes_nav/install.log --single-version-externally-managed install_data
[2.384s] running egg_info
[2.384s] creating ../../build/hermes_nav/hermes_nav.egg-info
[2.384s] writing ../../build/hermes_nav/hermes_nav.egg-info/PKG-INFO
[2.384s] writing dependency_links to ../../build/hermes_nav/hermes_nav.egg-info/dependency_links.txt
[2.385s] writing entry points to ../../build/hermes_nav/hermes_nav.egg-info/entry_points.txt
[2.385s] writing requirements to ../../build/hermes_nav/hermes_nav.egg-info/requires.txt
[2.386s] writing top-level names to ../../build/hermes_nav/hermes_nav.egg-info/top_level.txt
[2.386s] writing manifest file '../../build/hermes_nav/hermes_nav.egg-info/SOURCES.txt'
[2.387s] reading manifest file '../../build/hermes_nav/hermes_nav.egg-info/SOURCES.txt'
[2.387s] writing manifest file '../../build/hermes_nav/hermes_nav.egg-info/SOURCES.txt'
[2.387s] running build
[2.387s] running build_py
[2.387s] creating /home/raivo/Hermes_Latest_version/hermes_ws/build/hermes_nav/build
[2.387s] creating /home/raivo/Hermes_Latest_version/hermes_ws/build/hermes_nav/build/lib
[2.387s] creating /home/raivo/Hermes_Latest_version/hermes_ws/build/hermes_nav/build/lib/hermes_nav
[2.387s] copying hermes_nav/__init__.py -> /home/raivo/Hermes_Latest_version/hermes_ws/build/hermes_nav/build/lib/hermes_nav
[2.388s] copying hermes_nav/logged_waypoint_follower.py -> /home/raivo/Hermes_Latest_version/hermes_ws/build/hermes_nav/build/lib/hermes_nav
[2.388s] copying hermes_nav/gps_converter_node.py -> /home/raivo/Hermes_Latest_version/hermes_ws/build/hermes_nav/build/lib/hermes_nav
[2.388s] copying hermes_nav/gps_waypoint_logger.py -> /home/raivo/Hermes_Latest_version/hermes_ws/build/hermes_nav/build/lib/hermes_nav
[2.388s] copying hermes_nav/interactive_waypoint_follower.py -> /home/raivo/Hermes_Latest_version/hermes_ws/build/hermes_nav/build/lib/hermes_nav
[2.388s] creating /home/raivo/Hermes_Latest_version/hermes_ws/build/hermes_nav/build/lib/nav2_gps_waypoint_follower_demo
[2.388s] copying nav2_gps_waypoint_follower_demo/__init__.py -> /home/raivo/Hermes_Latest_version/hermes_ws/build/hermes_nav/build/lib/nav2_gps_waypoint_follower_demo
[2.388s] copying nav2_gps_waypoint_follower_demo/logged_waypoint_follower.py -> /home/raivo/Hermes_Latest_version/hermes_ws/build/hermes_nav/build/lib/nav2_gps_waypoint_follower_demo
[2.389s] copying nav2_gps_waypoint_follower_demo/gps_waypoint_logger.py -> /home/raivo/Hermes_Latest_version/hermes_ws/build/hermes_nav/build/lib/nav2_gps_waypoint_follower_demo
[2.389s] copying nav2_gps_waypoint_follower_demo/interactive_waypoint_follower.py -> /home/raivo/Hermes_Latest_version/hermes_ws/build/hermes_nav/build/lib/nav2_gps_waypoint_follower_demo
[2.389s] creating /home/raivo/Hermes_Latest_version/hermes_ws/build/hermes_nav/build/lib/nav2_gps_waypoint_follower_demo/utils
[2.389s] copying nav2_gps_waypoint_follower_demo/utils/__init__.py -> /home/raivo/Hermes_Latest_version/hermes_ws/build/hermes_nav/build/lib/nav2_gps_waypoint_follower_demo/utils
[2.389s] copying nav2_gps_waypoint_follower_demo/utils/gps_utils.py -> /home/raivo/Hermes_Latest_version/hermes_ws/build/hermes_nav/build/lib/nav2_gps_waypoint_follower_demo/utils
[2.389s] running install
[2.389s] running install_lib
[2.389s] creating /home/raivo/Hermes_Latest_version/hermes_ws/install/hermes_nav/lib/python3.10/site-packages/hermes_nav
[2.389s] copying /home/raivo/Hermes_Latest_version/hermes_ws/build/hermes_nav/build/lib/hermes_nav/__init__.py -> /home/raivo/Hermes_Latest_version/hermes_ws/install/hermes_nav/lib/python3.10/site-packages/hermes_nav
[2.389s] copying /home/raivo/Hermes_Latest_version/hermes_ws/build/hermes_nav/build/lib/hermes_nav/logged_waypoint_follower.py -> /home/raivo/Hermes_Latest_version/hermes_ws/install/hermes_nav/lib/python3.10/site-packages/hermes_nav
[2.390s] copying /home/raivo/Hermes_Latest_version/hermes_ws/build/hermes_nav/build/lib/hermes_nav/gps_converter_node.py -> /home/raivo/Hermes_Latest_version/hermes_ws/install/hermes_nav/lib/python3.10/site-packages/hermes_nav
[2.390s] copying /home/raivo/Hermes_Latest_version/hermes_ws/build/hermes_nav/build/lib/hermes_nav/gps_waypoint_logger.py -> /home/raivo/Hermes_Latest_version/hermes_ws/install/hermes_nav/lib/python3.10/site-packages/hermes_nav
[2.390s] copying /home/raivo/Hermes_Latest_version/hermes_ws/build/hermes_nav/build/lib/hermes_nav/interactive_waypoint_follower.py -> /home/raivo/Hermes_Latest_version/hermes_ws/install/hermes_nav/lib/python3.10/site-packages/hermes_nav
[2.390s] creating /home/raivo/Hermes_Latest_version/hermes_ws/install/hermes_nav/lib/python3.10/site-packages/nav2_gps_waypoint_follower_demo
[2.390s] copying /home/raivo/Hermes_Latest_version/hermes_ws/build/hermes_nav/build/lib/nav2_gps_waypoint_follower_demo/__init__.py -> /home/raivo/Hermes_Latest_version/hermes_ws/install/hermes_nav/lib/python3.10/site-packages/nav2_gps_waypoint_follower_demo
[2.390s] copying /home/raivo/Hermes_Latest_version/hermes_ws/build/hermes_nav/build/lib/nav2_gps_waypoint_follower_demo/logged_waypoint_follower.py -> /home/raivo/Hermes_Latest_version/hermes_ws/install/hermes_nav/lib/python3.10/site-packages/nav2_gps_waypoint_follower_demo
[2.391s] creating /home/raivo/Hermes_Latest_version/hermes_ws/install/hermes_nav/lib/python3.10/site-packages/nav2_gps_waypoint_follower_demo/utils
[2.391s] copying /home/raivo/Hermes_Latest_version/hermes_ws/build/hermes_nav/build/lib/nav2_gps_waypoint_follower_demo/utils/__init__.py -> /home/raivo/Hermes_Latest_version/hermes_ws/install/hermes_nav/lib/python3.10/site-packages/nav2_gps_waypoint_follower_demo/utils
[2.391s] copying /home/raivo/Hermes_Latest_version/hermes_ws/build/hermes_nav/build/lib/nav2_gps_waypoint_follower_demo/utils/gps_utils.py -> /home/raivo/Hermes_Latest_version/hermes_ws/install/hermes_nav/lib/python3.10/site-packages/nav2_gps_waypoint_follower_demo/utils
[2.391s] copying /home/raivo/Hermes_Latest_version/hermes_ws/build/hermes_nav/build/lib/nav2_gps_waypoint_follower_demo/gps_waypoint_logger.py -> /home/raivo/Hermes_Latest_version/hermes_ws/install/hermes_nav/lib/python3.10/site-packages/nav2_gps_waypoint_follower_demo
[2.391s] copying /home/raivo/Hermes_Latest_version/hermes_ws/build/hermes_nav/build/lib/nav2_gps_waypoint_follower_demo/interactive_waypoint_follower.py -> /home/raivo/Hermes_Latest_version/hermes_ws/install/hermes_nav/lib/python3.10/site-packages/nav2_gps_waypoint_follower_demo
[2.391s] byte-compiling /home/raivo/Hermes_Latest_version/hermes_ws/install/hermes_nav/lib/python3.10/site-packages/hermes_nav/__init__.py to __init__.cpython-310.pyc
[2.391s] byte-compiling /home/raivo/Hermes_Latest_version/hermes_ws/install/hermes_nav/lib/python3.10/site-packages/hermes_nav/logged_waypoint_follower.py to logged_waypoint_follower.cpython-310.pyc
[2.391s] byte-compiling /home/raivo/Hermes_Latest_version/hermes_ws/install/hermes_nav/lib/python3.10/site-packages/hermes_nav/gps_converter_node.py to gps_converter_node.cpython-310.pyc
[2.391s] byte-compiling /home/raivo/Hermes_Latest_version/hermes_ws/install/hermes_nav/lib/python3.10/site-packages/hermes_nav/gps_waypoint_logger.py to gps_waypoint_logger.cpython-310.pyc
[2.391s] byte-compiling /home/raivo/Hermes_Latest_version/hermes_ws/install/hermes_nav/lib/python3.10/site-packages/hermes_nav/interactive_waypoint_follower.py to interactive_waypoint_follower.cpython-310.pyc
[2.391s] byte-compiling /home/raivo/Hermes_Latest_version/hermes_ws/install/hermes_nav/lib/python3.10/site-packages/nav2_gps_waypoint_follower_demo/__init__.py to __init__.cpython-310.pyc
[2.392s] byte-compiling /home/raivo/Hermes_Latest_version/hermes_ws/install/hermes_nav/lib/python3.10/site-packages/nav2_gps_waypoint_follower_demo/logged_waypoint_follower.py to logged_waypoint_follower.cpython-310.pyc
[2.393s] byte-compiling /home/raivo/Hermes_Latest_version/hermes_ws/install/hermes_nav/lib/python3.10/site-packages/nav2_gps_waypoint_follower_demo/utils/__init__.py to __init__.cpython-310.pyc
[2.393s] byte-compiling /home/raivo/Hermes_Latest_version/hermes_ws/install/hermes_nav/lib/python3.10/site-packages/nav2_gps_waypoint_follower_demo/utils/gps_utils.py to gps_utils.cpython-310.pyc
[2.393s] byte-compiling /home/raivo/Hermes_Latest_version/hermes_ws/install/hermes_nav/lib/python3.10/site-packages/nav2_gps_waypoint_follower_demo/gps_waypoint_logger.py to gps_waypoint_logger.cpython-310.pyc
[2.394s] byte-compiling /home/raivo/Hermes_Latest_version/hermes_ws/install/hermes_nav/lib/python3.10/site-packages/nav2_gps_waypoint_follower_demo/interactive_waypoint_follower.py to interactive_waypoint_follower.cpython-310.pyc
[2.394s] running install_data
[2.394s] creating /home/raivo/Hermes_Latest_version/hermes_ws/install/hermes_nav/share/ament_index
[2.394s] creating /home/raivo/Hermes_Latest_version/hermes_ws/install/hermes_nav/share/ament_index/resource_index
[2.394s] creating /home/raivo/Hermes_Latest_version/hermes_ws/install/hermes_nav/share/ament_index/resource_index/packages
[2.394s] copying resource/hermes_nav -> /home/raivo/Hermes_Latest_version/hermes_ws/install/hermes_nav/share/ament_index/resource_index/packages
[2.394s] copying package.xml -> /home/raivo/Hermes_Latest_version/hermes_ws/install/hermes_nav/share/hermes_nav
[2.394s] creating /home/raivo/Hermes_Latest_version/hermes_ws/install/hermes_nav/share/hermes_nav/launch
[2.394s] copying launch/dual_ekf_navsat.launch.py -> /home/raivo/Hermes_Latest_version/hermes_ws/install/hermes_nav/share/hermes_nav/launch
[2.394s] copying launch/launch_sim.launch.py -> /home/raivo/Hermes_Latest_version/hermes_ws/install/hermes_nav/share/hermes_nav/launch
[2.394s] copying launch/gps_waypoint_follower.launch.py -> /home/raivo/Hermes_Latest_version/hermes_ws/install/hermes_nav/share/hermes_nav/launch
[2.394s] copying launch/display.launch.py -> /home/raivo/Hermes_Latest_version/hermes_ws/install/hermes_nav/share/hermes_nav/launch
[2.395s] copying launch/gazebo_gps_world_hermes.launch.py -> /home/raivo/Hermes_Latest_version/hermes_ws/install/hermes_nav/share/hermes_nav/launch
[2.395s] copying launch/rsp.launch.py -> /home/raivo/Hermes_Latest_version/hermes_ws/install/hermes_nav/share/hermes_nav/launch
[2.395s] copying launch/mapviz.launch.py -> /home/raivo/Hermes_Latest_version/hermes_ws/install/hermes_nav/share/hermes_nav/launch
[2.395s] creating /home/raivo/Hermes_Latest_version/hermes_ws/install/hermes_nav/share/hermes_nav/params
[2.395s] copying params/dual_ekf_navsat_params.yaml -> /home/raivo/Hermes_Latest_version/hermes_ws/install/hermes_nav/share/hermes_nav/params
[2.395s] copying params/nav2_no_map_params.yaml -> /home/raivo/Hermes_Latest_version/hermes_ws/install/hermes_nav/share/hermes_nav/params
[2.395s] copying params/demo_waypoints.yaml -> /home/raivo/Hermes_Latest_version/hermes_ws/install/hermes_nav/share/hermes_nav/params
[2.395s] creating /home/raivo/Hermes_Latest_version/hermes_ws/install/hermes_nav/share/hermes_nav/nav2_gps_waypoint_follower_demo
[2.395s] copying nav2_gps_waypoint_follower_demo/__init__.py -> /home/raivo/Hermes_Latest_version/hermes_ws/install/hermes_nav/share/hermes_nav/nav2_gps_waypoint_follower_demo
[2.395s] copying nav2_gps_waypoint_follower_demo/logged_waypoint_follower.py -> /home/raivo/Hermes_Latest_version/hermes_ws/install/hermes_nav/share/hermes_nav/nav2_gps_waypoint_follower_demo
[2.395s] copying nav2_gps_waypoint_follower_demo/gps_waypoint_logger.py -> /home/raivo/Hermes_Latest_version/hermes_ws/install/hermes_nav/share/hermes_nav/nav2_gps_waypoint_follower_demo
[2.395s] copying nav2_gps_waypoint_follower_demo/interactive_waypoint_follower.py -> /home/raivo/Hermes_Latest_version/hermes_ws/install/hermes_nav/share/hermes_nav/nav2_gps_waypoint_follower_demo
[2.395s] running install_egg_info
[2.396s] Copying ../../build/hermes_nav/hermes_nav.egg-info to /home/raivo/Hermes_Latest_version/hermes_ws/install/hermes_nav/lib/python3.10/site-packages/hermes_nav-0.0.0-py3.10.egg-info
[2.396s] running install_scripts
[2.396s] Installing display script to /home/raivo/Hermes_Latest_version/hermes_ws/install/hermes_nav/lib/hermes_nav
[2.396s] Installing gps_converter_node script to /home/raivo/Hermes_Latest_version/hermes_ws/install/hermes_nav/lib/hermes_nav
[2.396s] Installing gps_waypoint_follower script to /home/raivo/Hermes_Latest_version/hermes_ws/install/hermes_nav/lib/hermes_nav
[2.396s] Installing gps_waypoint_logger script to /home/raivo/Hermes_Latest_version/hermes_ws/install/hermes_nav/lib/hermes_nav
[2.396s] Installing interactive_waypoint_follower script to /home/raivo/Hermes_Latest_version/hermes_ws/install/hermes_nav/lib/hermes_nav
[2.397s] Installing logged_waypoint_follower script to /home/raivo/Hermes_Latest_version/hermes_ws/install/hermes_nav/lib/hermes_nav
[2.397s] writing list of installed files to '/home/raivo/Hermes_Latest_version/hermes_ws/build/hermes_nav/install.log'
[2.431s] Invoked command in '/home/raivo/Hermes_Latest_version/hermes_ws/src/hermes_nav' returned '0': PYTHONPATH=/home/raivo/Hermes_Latest_version/hermes_ws/build/hermes_nav/prefix_override:/home/raivo/Hermes_Latest_version/hermes_ws/install/hermes_nav/lib/python3.10/site-packages:${PYTHONPATH} /usr/bin/python3 -W ignore:setup.py install is deprecated setup.py egg_info --egg-base ../../build/hermes_nav build --build-base /home/raivo/Hermes_Latest_version/hermes_ws/build/hermes_nav/build install --record /home/raivo/Hermes_Latest_version/hermes_ws/build/hermes_nav/install.log --single-version-externally-managed install_data
