[3.205s] Invoking command in '/home/hermes/Hermes/hermes_ws/src/imu_raw_publisher': PYTHONPATH=/home/hermes/Hermes/hermes_ws/build/icm20948_publisher/prefix_override:/usr/lib/python3/dist-packages/colcon_core/task/python/colcon_distutils_commands:/home/hermes/Hermes/hermes_ws/install/icm20948_publisher/lib/python3.10/site-packages:${PYTHONPATH} /usr/bin/python3 -W ignore:setup.py install is deprecated setup.py egg_info --egg-base ../../build/icm20948_publisher build --build-base /home/hermes/Hermes/hermes_ws/build/icm20948_publisher/build install --record /home/hermes/Hermes/hermes_ws/build/icm20948_publisher/install.log --single-version-externally-managed install_data
[3.818s] running egg_info
[3.819s] writing ../../build/icm20948_publisher/icm20948_publisher.egg-info/PKG-INFO
[3.820s] writing dependency_links to ../../build/icm20948_publisher/icm20948_publisher.egg-info/dependency_links.txt
[3.820s] writing entry points to ../../build/icm20948_publisher/icm20948_publisher.egg-info/entry_points.txt
[3.821s] writing requirements to ../../build/icm20948_publisher/icm20948_publisher.egg-info/requires.txt
[3.821s] writing top-level names to ../../build/icm20948_publisher/icm20948_publisher.egg-info/top_level.txt
[3.826s] reading manifest file '../../build/icm20948_publisher/icm20948_publisher.egg-info/SOURCES.txt'
[3.828s] writing manifest file '../../build/icm20948_publisher/icm20948_publisher.egg-info/SOURCES.txt'
[3.828s] running build
[3.828s] running build_py
[3.829s] running install
[3.830s] running install_lib
[3.833s] running install_data
[3.833s] running install_egg_info
[3.838s] removing '/home/hermes/Hermes/hermes_ws/install/icm20948_publisher/lib/python3.10/site-packages/icm20948_publisher-0.0.0-py3.10.egg-info' (and everything under it)
[3.838s] Copying ../../build/icm20948_publisher/icm20948_publisher.egg-info to /home/hermes/Hermes/hermes_ws/install/icm20948_publisher/lib/python3.10/site-packages/icm20948_publisher-0.0.0-py3.10.egg-info
[3.841s] running install_scripts
[3.885s] Installing icm_imu script to /home/hermes/Hermes/hermes_ws/install/icm20948_publisher/lib/icm20948_publisher
[3.886s] writing list of installed files to '/home/hermes/Hermes/hermes_ws/build/icm20948_publisher/install.log'
[4.580s] Invoked command in '/home/hermes/Hermes/hermes_ws/src/imu_raw_publisher' returned '0': PYTHONPATH=/home/hermes/Hermes/hermes_ws/build/icm20948_publisher/prefix_override:/usr/lib/python3/dist-packages/colcon_core/task/python/colcon_distutils_commands:/home/hermes/Hermes/hermes_ws/install/icm20948_publisher/lib/python3.10/site-packages:${PYTHONPATH} /usr/bin/python3 -W ignore:setup.py install is deprecated setup.py egg_info --egg-base ../../build/icm20948_publisher build --build-base /home/hermes/Hermes/hermes_ws/build/icm20948_publisher/build install --record /home/hermes/Hermes/hermes_ws/build/icm20948_publisher/install.log --single-version-externally-managed install_data
