[1.654s] Invoking command in '/home/hermes/Hermes/hermes_ws/src/imu_publisher': PYTHONPATH=/home/hermes/Hermes/hermes_ws/build/imu_publisher/prefix_override:/home/hermes/Hermes/hermes_ws/install/imu_publisher/lib/python3.10/site-packages:${PYTHONPATH} /usr/bin/python3 -W ignore:setup.py install is deprecated setup.py egg_info --egg-base ../../build/imu_publisher build --build-base /home/hermes/Hermes/hermes_ws/build/imu_publisher/build install --record /home/hermes/Hermes/hermes_ws/build/imu_publisher/install.log --single-version-externally-managed install_data
[2.206s] running egg_info
[2.207s] writing ../../build/imu_publisher/imu_publisher.egg-info/PKG-INFO
[2.208s] writing dependency_links to ../../build/imu_publisher/imu_publisher.egg-info/dependency_links.txt
[2.208s] writing entry points to ../../build/imu_publisher/imu_publisher.egg-info/entry_points.txt
[2.209s] writing requirements to ../../build/imu_publisher/imu_publisher.egg-info/requires.txt
[2.209s] writing top-level names to ../../build/imu_publisher/imu_publisher.egg-info/top_level.txt
[2.213s] reading manifest file '../../build/imu_publisher/imu_publisher.egg-info/SOURCES.txt'
[2.213s] adding license file 'LICENSE'
[2.215s] writing manifest file '../../build/imu_publisher/imu_publisher.egg-info/SOURCES.txt'
[2.215s] running build
[2.215s] running build_py
[2.216s] running install
[2.217s] running install_lib
[2.219s] running install_data
[2.220s] running install_egg_info
[2.226s] removing '/home/hermes/Hermes/hermes_ws/install/imu_publisher/lib/python3.10/site-packages/imu_publisher-0.0.0-py3.10.egg-info' (and everything under it)
[2.227s] Copying ../../build/imu_publisher/imu_publisher.egg-info to /home/hermes/Hermes/hermes_ws/install/imu_publisher/lib/python3.10/site-packages/imu_publisher-0.0.0-py3.10.egg-info
[2.229s] running install_scripts
[2.273s] Installing imu_publisher_node script to /home/hermes/Hermes/hermes_ws/install/imu_publisher/lib/imu_publisher
[2.274s] writing list of installed files to '/home/hermes/Hermes/hermes_ws/build/imu_publisher/install.log'
[2.972s] Invoked command in '/home/hermes/Hermes/hermes_ws/src/imu_publisher' returned '0': PYTHONPATH=/home/hermes/Hermes/hermes_ws/build/imu_publisher/prefix_override:/home/hermes/Hermes/hermes_ws/install/imu_publisher/lib/python3.10/site-packages:${PYTHONPATH} /usr/bin/python3 -W ignore:setup.py install is deprecated setup.py egg_info --egg-base ../../build/imu_publisher build --build-base /home/hermes/Hermes/hermes_ws/build/imu_publisher/build install --record /home/hermes/Hermes/hermes_ws/build/imu_publisher/install.log --single-version-externally-managed install_data
