[4.292s] Invoking command in '/home/hermes/Hermes/hermes_ws/src/odometry': PYTHONPATH=/home/hermes/Hermes/hermes_ws/build/odometry/prefix_override:/home/hermes/Hermes/hermes_ws/install/odometry/lib/python3.10/site-packages:${PYTHONPATH} /usr/bin/python3 -W ignore:setup.py install is deprecated setup.py egg_info --egg-base ../../build/odometry build --build-base /home/hermes/Hermes/hermes_ws/build/odometry/build install --record /home/hermes/Hermes/hermes_ws/build/odometry/install.log --single-version-externally-managed install_data
[4.865s] running egg_info
[4.867s] writing ../../build/odometry/odometry.egg-info/PKG-INFO
[4.867s] writing dependency_links to ../../build/odometry/odometry.egg-info/dependency_links.txt
[4.868s] writing entry points to ../../build/odometry/odometry.egg-info/entry_points.txt
[4.868s] writing requirements to ../../build/odometry/odometry.egg-info/requires.txt
[4.869s] writing top-level names to ../../build/odometry/odometry.egg-info/top_level.txt
[4.873s] reading manifest file '../../build/odometry/odometry.egg-info/SOURCES.txt'
[4.873s] adding license file 'LICENSE'
[4.874s] writing manifest file '../../build/odometry/odometry.egg-info/SOURCES.txt'
[4.875s] running build
[4.875s] running build_py
[4.876s] running install
[4.876s] running install_lib
[4.880s] running install_data
[4.880s] running install_egg_info
[4.884s] removing '/home/hermes/Hermes/hermes_ws/install/odometry/lib/python3.10/site-packages/odometry-0.0.0-py3.10.egg-info' (and everything under it)
[4.885s] Copying ../../build/odometry/odometry.egg-info to /home/hermes/Hermes/hermes_ws/install/odometry/lib/python3.10/site-packages/odometry-0.0.0-py3.10.egg-info
[4.887s] running install_scripts
[4.940s] Installing odometry_node script to /home/hermes/Hermes/hermes_ws/install/odometry/lib/odometry
[4.942s] writing list of installed files to '/home/hermes/Hermes/hermes_ws/build/odometry/install.log'
[5.690s] Invoked command in '/home/hermes/Hermes/hermes_ws/src/odometry' returned '0': PYTHONPATH=/home/hermes/Hermes/hermes_ws/build/odometry/prefix_override:/home/hermes/Hermes/hermes_ws/install/odometry/lib/python3.10/site-packages:${PYTHONPATH} /usr/bin/python3 -W ignore:setup.py install is deprecated setup.py egg_info --egg-base ../../build/odometry build --build-base /home/hermes/Hermes/hermes_ws/build/odometry/build install --record /home/hermes/Hermes/hermes_ws/build/odometry/install.log --single-version-externally-managed install_data
