[4.717s] Invoking command in '/home/hermes/Hermes/hermes_ws/src/cameras': PYTHONPATH=/home/hermes/Hermes/hermes_ws/build/cameras/prefix_override:/home/hermes/Hermes/hermes_ws/install/cameras/lib/python3.10/site-packages:${PYTHONPATH} /usr/bin/python3 -W ignore:setup.py install is deprecated setup.py egg_info --egg-base ../../build/cameras build --build-base /home/hermes/Hermes/hermes_ws/build/cameras/build install --record /home/hermes/Hermes/hermes_ws/build/cameras/install.log --single-version-externally-managed install_data
[5.290s] running egg_info
[5.291s] writing ../../build/cameras/cameras.egg-info/PKG-INFO
[5.292s] writing dependency_links to ../../build/cameras/cameras.egg-info/dependency_links.txt
[5.293s] writing entry points to ../../build/cameras/cameras.egg-info/entry_points.txt
[5.293s] writing requirements to ../../build/cameras/cameras.egg-info/requires.txt
[5.293s] writing top-level names to ../../build/cameras/cameras.egg-info/top_level.txt
[5.297s] reading manifest file '../../build/cameras/cameras.egg-info/SOURCES.txt'
[5.298s] adding license file 'LICENSE'
[5.299s] writing manifest file '../../build/cameras/cameras.egg-info/SOURCES.txt'
[5.299s] running build
[5.299s] running build_py
[5.300s] running install
[5.301s] running install_lib
[5.305s] running install_data
[5.305s] running install_egg_info
[5.309s] removing '/home/hermes/Hermes/hermes_ws/install/cameras/lib/python3.10/site-packages/cameras-0.0.0-py3.10.egg-info' (and everything under it)
[5.310s] Copying ../../build/cameras/cameras.egg-info to /home/hermes/Hermes/hermes_ws/install/cameras/lib/python3.10/site-packages/cameras-0.0.0-py3.10.egg-info
[5.312s] running install_scripts
[5.364s] Installing cameras_node script to /home/hermes/Hermes/hermes_ws/install/cameras/lib/cameras
[5.366s] writing list of installed files to '/home/hermes/Hermes/hermes_ws/build/cameras/install.log'
[5.477s] Invoked command in '/home/hermes/Hermes/hermes_ws/src/cameras' returned '0': PYTHONPATH=/home/hermes/Hermes/hermes_ws/build/cameras/prefix_override:/home/hermes/Hermes/hermes_ws/install/cameras/lib/python3.10/site-packages:${PYTHONPATH} /usr/bin/python3 -W ignore:setup.py install is deprecated setup.py egg_info --egg-base ../../build/cameras build --build-base /home/hermes/Hermes/hermes_ws/build/cameras/build install --record /home/hermes/Hermes/hermes_ws/build/cameras/install.log --single-version-externally-managed install_data
