[0.080s] Invoking command in '/home/hermes/Hermes/hermes_ws/build/cv_bridge': CMAKE_PREFIX_PATH=${CMAKE_PREFIX_PATH}:/home/hermes/Hermes/hermes_ws/install/tof_publisher:/home/hermes/Hermes/hermes_ws/install/teleop_control:/home/hermes/Hermes/hermes_ws/install/odometry:/home/hermes/Hermes/hermes_ws/install/imu_publisher:/home/hermes/Hermes/hermes_ws/install/cmd_vel:/home/hermes/Hermes/hermes_ws/install/cameras:/home/hermes/Downloads/hermes/ros2_ws/src/install/ros2_video_stream_pkg:/opt/ros/humble /usr/bin/cmake /home/hermes/Hermes/hermes_ws/src/vision_opencv/cv_bridge -DCMAKE_INSTALL_PREFIX=/home/hermes/Hermes/hermes_ws/install/cv_bridge
[1.332s] -- The C compiler identification is GNU 11.4.0
[1.334s] -- The CXX compiler identification is GNU 11.4.0
[1.334s] -- Detecting C compiler ABI info
[1.334s] -- Detecting C compiler ABI info - done
[1.335s] -- Check for working C compiler: /usr/bin/cc - skipped
[1.335s] -- Detecting C compile features
[1.335s] -- Detecting C compile features - done
[1.335s] -- Detecting CXX compiler ABI info
[1.335s] -- Detecting CXX compiler ABI info - done
[1.336s] -- Check for working CXX compiler: /usr/bin/c++ - skipped
[1.336s] -- Detecting CXX compile features
[1.336s] -- Detecting CXX compile features - done
[1.336s] -- Found ament_cmake_ros: 0.10.0 (/opt/ros/humble/share/ament_cmake_ros/cmake)
[1.336s] -- Found Python3: /usr/bin/python3 (found version "3.10.12") found components: Interpreter 
[2.433s] -- Found Python3: /usr/include/python3.10 (found version "3.10.12") found components: Development NumPy Interpreter Development.Module Development.Embed 
[2.475s] -- Found Boost: /usr/lib/aarch64-linux-gnu/cmake/Boost-1.74.0/BoostConfig.cmake (found version "1.74.0") found components: python310 
[2.483s] -- Found rcpputils: 2.4.2 (/opt/ros/humble/share/rcpputils/cmake)
[2.513s] -- Found sensor_msgs: 4.2.3 (/opt/ros/humble/share/sensor_msgs/cmake)
[2.587s] -- Found rosidl_generator_c: 3.1.5 (/opt/ros/humble/share/rosidl_generator_c/cmake)
[2.603s] -- Found rosidl_adapter: 3.1.5 (/opt/ros/humble/share/rosidl_adapter/cmake)
[2.626s] -- Found rosidl_generator_cpp: 3.1.5 (/opt/ros/humble/share/rosidl_generator_cpp/cmake)
[2.660s] -- Using all available rosidl_typesupport_c: rosidl_typesupport_fastrtps_c;rosidl_typesupport_introspection_c
[2.698s] -- Using all available rosidl_typesupport_cpp: rosidl_typesupport_fastrtps_cpp;rosidl_typesupport_introspection_cpp
[3.319s] -- Performing Test COMPILER_HAS_HIDDEN_VISIBILITY
[3.481s] -- Performing Test COMPILER_HAS_HIDDEN_VISIBILITY - Success
[3.482s] -- Performing Test COMPILER_HAS_HIDDEN_INLINE_VISIBILITY
[3.650s] -- Performing Test COMPILER_HAS_HIDDEN_INLINE_VISIBILITY - Success
[3.650s] -- Performing Test COMPILER_HAS_DEPRECATED_ATTR
[3.824s] -- Performing Test COMPILER_HAS_DEPRECATED_ATTR - Success
[3.841s] -- Found ament_lint_auto: 0.12.10 (/opt/ros/humble/share/ament_lint_auto/cmake)
[4.082s] -- Found gtest sources under '/opt/ros/humble/src/gtest_vendor': C++ tests using 'Google Test' will be built
[4.087s] -- Looking for pthread.h
[4.238s] -- Looking for pthread.h - found
[4.238s] -- Performing Test CMAKE_HAVE_LIBC_PTHREAD
[4.398s] -- Performing Test CMAKE_HAVE_LIBC_PTHREAD - Success
[4.401s] -- Found Threads: TRUE  
[6.793s] -- Configuring done
[6.847s] -- Generating done
[6.853s] -- Build files have been written to: /home/hermes/Hermes/hermes_ws/build/cv_bridge
