[2.078s] Invoking command in '/home/aleksmalm/Hermes/hermes_ws/src/cameras': PYTHONPATH=/home/aleksmalm/Hermes/hermes_ws/build/cameras/prefix_override:/home/aleksmalm/Hermes/hermes_ws/install/cameras/lib/python3.10/site-packages:${PYTHONPATH} /usr/bin/python3 -W ignore:setup.py install is deprecated setup.py egg_info --egg-base ../../build/cameras build --build-base /home/aleksmalm/Hermes/hermes_ws/build/cameras/build install --record /home/aleksmalm/Hermes/hermes_ws/build/cameras/install.log --single-version-externally-managed install_data
[2.401s] running egg_info
[2.402s] writing ../../build/cameras/cameras.egg-info/PKG-INFO
[2.402s] writing dependency_links to ../../build/cameras/cameras.egg-info/dependency_links.txt
[2.402s] writing entry points to ../../build/cameras/cameras.egg-info/entry_points.txt
[2.402s] writing requirements to ../../build/cameras/cameras.egg-info/requires.txt
[2.402s] writing top-level names to ../../build/cameras/cameras.egg-info/top_level.txt
[2.411s] reading manifest file '../../build/cameras/cameras.egg-info/SOURCES.txt'
[2.412s] adding license file 'LICENSE'
[2.412s] writing manifest file '../../build/cameras/cameras.egg-info/SOURCES.txt'
[2.412s] running build
[2.412s] running build_py
[2.418s] running install
[2.418s] running install_lib
[2.419s] running install_data
[2.419s] running install_egg_info
[2.419s] removing '/home/aleksmalm/Hermes/hermes_ws/install/cameras/lib/python3.10/site-packages/cameras-0.0.0-py3.10.egg-info' (and everything under it)
[2.419s] Copying ../../build/cameras/cameras.egg-info to /home/aleksmalm/Hermes/hermes_ws/install/cameras/lib/python3.10/site-packages/cameras-0.0.0-py3.10.egg-info
[2.420s] running install_scripts
[2.441s] Installing cameras_node script to /home/aleksmalm/Hermes/hermes_ws/install/cameras/lib/cameras
[2.442s] writing list of installed files to '/home/aleksmalm/Hermes/hermes_ws/build/cameras/install.log'
