[0.359s] Invoking command in '/home/aleksmalm/Hermes/hermes_ws/build/ldlidar_node': CMAKE_PREFIX_PATH=/home/aleksmalm/Hermes/hermes_ws/install/ldlidar_component:/home/aleksmalm/Hermes/hermes_ws/install/rlnav2:/home/aleksmalm/Hermes/hermes_ws/install/rlbd_gazebo:/home/aleksmalm/Hermes/hermes_ws/install/rlbd_description:/home/aleksmalm/Hermes/hermes_ws/install/ldlidar:/home/aleksmalm/Hermes/hermes_ws/install/ldlidar_node:/home/aleksmalm/Hermes/hermes_ws/install/hermes_urdf:/home/aleksmalm/Hermes/hermes_ws/install/hermes_navigation:/home/aleksmalm/Hermes/hermes_ws/install/hermes_interfaces:/home/aleksmalm/Hermes/hermes_ws/install/gps_publisher:/home/aleksmalm/Hermes/hermes_ws/install/tof_publisher:/home/aleksmalm/Hermes/hermes_ws/install/teleop_control:/home/aleksmalm/Hermes/hermes_ws/install/odometry:/home/aleksmalm/Hermes/hermes_ws/install/nav2_gps_waypoint_follower_demo:/home/aleksmalm/Hermes/hermes_ws/install/imu_publisher:/home/aleksmalm/Hermes/hermes_ws/install/cmd_vel:/home/aleksmalm/Hermes/hermes_ws/install/cameras:/opt/ros/humble /usr/bin/cmake /home/aleksmalm/Hermes/hermes_ws/src/lidar_publisher/ldlidar_node -DCMAKE_INSTALL_PREFIX=/home/aleksmalm/Hermes/hermes_ws/install/ldlidar_node
[0.406s] -- The C compiler identification is GNU 11.4.0
[0.460s] -- The CXX compiler identification is GNU 11.4.0
[0.467s] -- Detecting C compiler ABI info
[0.529s] -- Detecting C compiler ABI info - done
[0.537s] -- Check for working C compiler: /usr/bin/cc - skipped
[0.537s] -- Detecting C compile features
[0.538s] -- Detecting C compile features - done
[0.540s] -- Detecting CXX compiler ABI info
[0.600s] -- Detecting CXX compiler ABI info - done
[0.605s] -- Check for working CXX compiler: /usr/bin/c++ - skipped
[0.605s] -- Detecting CXX compile features
[0.605s] -- Detecting CXX compile features - done
[0.606s] --  * Release Mode
[0.606s] -- * Found ROS2 humble
[0.606s] -- * ROS2 humble is officially supported by this package.
[0.607s] -- Found ament_cmake: 1.3.9 (/opt/ros/humble/share/ament_cmake/cmake)
[0.727s] -- Found Python3: /usr/bin/python3 (found version "3.10.12") found components: Interpreter 
[0.791s] -- Found rclcpp: 16.0.9 (/opt/ros/humble/share/rclcpp/cmake)
[0.821s] -- Found rosidl_generator_c: 3.1.5 (/opt/ros/humble/share/rosidl_generator_c/cmake)
[0.824s] -- Found rosidl_adapter: 3.1.5 (/opt/ros/humble/share/rosidl_adapter/cmake)
[0.830s] -- Found rosidl_generator_cpp: 3.1.5 (/opt/ros/humble/share/rosidl_generator_cpp/cmake)
[0.839s] -- Using all available rosidl_typesupport_c: rosidl_typesupport_fastrtps_c;rosidl_typesupport_introspection_c
[0.852s] -- Using all available rosidl_typesupport_cpp: rosidl_typesupport_fastrtps_cpp;rosidl_typesupport_introspection_cpp
[0.897s] -- Found rmw_implementation_cmake: 6.1.2 (/opt/ros/humble/share/rmw_implementation_cmake/cmake)
[0.899s] -- Found rmw_fastrtps_cpp: 6.2.6 (/opt/ros/humble/share/rmw_fastrtps_cpp/cmake)
[0.958s] -- Found OpenSSL: /usr/lib/x86_64-linux-gnu/libcrypto.so (found version "3.0.2")  
[0.974s] -- Found FastRTPS: /opt/ros/humble/include  
[1.004s] -- Using RMW implementation 'rmw_fastrtps_cpp' as default
[1.011s] -- Looking for pthread.h
[1.052s] -- Looking for pthread.h - found
[1.052s] -- Performing Test CMAKE_HAVE_LIBC_PTHREAD
[1.093s] -- Performing Test CMAKE_HAVE_LIBC_PTHREAD - Success
[1.094s] -- Found Threads: TRUE  
[1.188s] -- Found rclcpp_components: 16.0.9 (/opt/ros/humble/share/rclcpp_components/cmake)
[1.229s] -- Found rclcpp_lifecycle: 16.0.9 (/opt/ros/humble/share/rclcpp_lifecycle/cmake)
[1.253s] -- Found ldlidar_component: 0.2.0 (/home/aleksmalm/Hermes/hermes_ws/install/ldlidar_component/share/ldlidar_component/cmake)
[1.730s] -- Found eigen3_cmake_module: 0.1.1 (/opt/ros/humble/share/eigen3_cmake_module/cmake)
[1.731s] -- Found Eigen3: TRUE (found version "3.4.0") 
[1.731s] -- Ensuring Eigen3 include directory is part of orocos-kdl CMake target
[2.323s] -- Found ament_lint_auto: 0.12.11 (/opt/ros/humble/share/ament_lint_auto/cmake)
[2.395s] -- Found python_cmake_module: 0.10.0 (/opt/ros/humble/share/python_cmake_module/cmake)
[2.410s] -- Found PythonInterp: /usr/bin/python3 (found suitable version "3.10.12", minimum required is "3.6") 
[2.413s] -- Found PythonLibs: /usr/lib/x86_64-linux-gnu/libpython3.10.so (found suitable version "3.10.12", minimum required is "3.5") 
[2.413s] -- Using PYTHON_EXECUTABLE: /usr/bin/python3
[2.413s] -- Using PYTHON_INCLUDE_DIRS: /usr/include/python3.10
[2.413s] -- Using PYTHON_LIBRARIES: /usr/lib/x86_64-linux-gnu/libpython3.10.so
[2.427s] -- Found PythonExtra: .so  
[2.428s] -- Added test 'copyright' to check source files copyright and LICENSE
[2.429s] -- Added test 'cppcheck' to perform static code analysis on C / C++ code
[2.429s] -- Configured cppcheck include dirs: 
[2.430s] -- Configured cppcheck exclude dirs and/or files: 
[2.430s] -- Added test 'cpplint' to check C / C++ code against the Google style
[2.430s] -- Configured cpplint exclude dirs and/or files: 
[2.430s] -- Added test 'flake8' to check Python code syntax and style conventions
[2.431s] -- Added test 'lint_cmake' to check CMake code style
[2.431s] -- Added test 'pep257' to check Python code against some of the docstring style conventions in PEP 257
[2.432s] -- Added test 'uncrustify' to check C / C++ code style
[2.432s] -- Configured uncrustify additional arguments: 
[2.432s] -- Added test 'xmllint' to check XML markup files
[2.433s] -- Configuring done
[2.450s] -- Generating done
[2.451s] -- Build files have been written to: /home/aleksmalm/Hermes/hermes_ws/build/ldlidar_node
