[2.260s] Invoking command in '/home/aleksmalm/Hermes/hermes_ws/src/hermes_nav': PYTHONPATH=/home/aleksmalm/Hermes/hermes_ws/build/hermes_nav/prefix_override:/home/aleksmalm/Hermes/hermes_ws/install/hermes_nav/lib/python3.10/site-packages:${PYTHONPATH} /usr/bin/python3 -W ignore:setup.py install is deprecated setup.py egg_info --egg-base ../../build/hermes_nav build --build-base /home/aleksmalm/Hermes/hermes_ws/build/hermes_nav/build install --record /home/aleksmalm/Hermes/hermes_ws/build/hermes_nav/install.log --single-version-externally-managed install_data
[2.583s] running egg_info
[2.584s] writing ../../build/hermes_nav/hermes_nav.egg-info/PKG-INFO
[2.584s] writing dependency_links to ../../build/hermes_nav/hermes_nav.egg-info/dependency_links.txt
[2.584s] writing entry points to ../../build/hermes_nav/hermes_nav.egg-info/entry_points.txt
[2.584s] writing requirements to ../../build/hermes_nav/hermes_nav.egg-info/requires.txt
[2.585s] writing top-level names to ../../build/hermes_nav/hermes_nav.egg-info/top_level.txt
[2.587s] reading manifest file '../../build/hermes_nav/hermes_nav.egg-info/SOURCES.txt'
[2.588s] writing manifest file '../../build/hermes_nav/hermes_nav.egg-info/SOURCES.txt'
[2.588s] running build
[2.588s] running build_py
[2.589s] running install
[2.590s] running install_lib
[2.592s] running install_data
[2.592s] running install_egg_info
[2.595s] removing '/home/aleksmalm/Hermes/hermes_ws/install/hermes_nav/lib/python3.10/site-packages/hermes_nav-0.0.0-py3.10.egg-info' (and everything under it)
[2.595s] Copying ../../build/hermes_nav/hermes_nav.egg-info to /home/aleksmalm/Hermes/hermes_ws/install/hermes_nav/lib/python3.10/site-packages/hermes_nav-0.0.0-py3.10.egg-info
[2.596s] running install_scripts
[2.622s] Installing gps_converter_node script to /home/aleksmalm/Hermes/hermes_ws/install/hermes_nav/lib/hermes_nav
[2.623s] Installing gps_waypoint_follower script to /home/aleksmalm/Hermes/hermes_ws/install/hermes_nav/lib/hermes_nav
[2.623s] Installing gps_waypoint_logger script to /home/aleksmalm/Hermes/hermes_ws/install/hermes_nav/lib/hermes_nav
[2.623s] Installing interactive_waypoint_follower script to /home/aleksmalm/Hermes/hermes_ws/install/hermes_nav/lib/hermes_nav
[2.623s] Installing logged_waypoint_follower script to /home/aleksmalm/Hermes/hermes_ws/install/hermes_nav/lib/hermes_nav
[2.624s] writing list of installed files to '/home/aleksmalm/Hermes/hermes_ws/build/hermes_nav/install.log'
[2.666s] Invoked command in '/home/aleksmalm/Hermes/hermes_ws/src/hermes_nav' returned '0': PYTHONPATH=/home/aleksmalm/Hermes/hermes_ws/build/hermes_nav/prefix_override:/home/aleksmalm/Hermes/hermes_ws/install/hermes_nav/lib/python3.10/site-packages:${PYTHONPATH} /usr/bin/python3 -W ignore:setup.py install is deprecated setup.py egg_info --egg-base ../../build/hermes_nav build --build-base /home/aleksmalm/Hermes/hermes_ws/build/hermes_nav/build install --record /home/aleksmalm/Hermes/hermes_ws/build/hermes_nav/install.log --single-version-externally-managed install_data
