[4.210s] Invoking command in '/home/hermes/Hermes/hermes_ws/src/cmd_vel': PYTHONPATH=/home/hermes/Hermes/hermes_ws/build/cmd_vel/prefix_override:/home/hermes/Hermes/hermes_ws/install/cmd_vel/lib/python3.10/site-packages:${PYTHONPATH} /usr/bin/python3 -W ignore:setup.py install is deprecated setup.py egg_info --egg-base ../../build/cmd_vel build --build-base /home/hermes/Hermes/hermes_ws/build/cmd_vel/build install --record /home/hermes/Hermes/hermes_ws/build/cmd_vel/install.log --single-version-externally-managed install_data
[4.761s] running egg_info
[4.763s] writing ../../build/cmd_vel/cmd_vel.egg-info/PKG-INFO
[4.764s] writing dependency_links to ../../build/cmd_vel/cmd_vel.egg-info/dependency_links.txt
[4.765s] writing entry points to ../../build/cmd_vel/cmd_vel.egg-info/entry_points.txt
[4.765s] writing requirements to ../../build/cmd_vel/cmd_vel.egg-info/requires.txt
[4.765s] writing top-level names to ../../build/cmd_vel/cmd_vel.egg-info/top_level.txt
[4.777s] reading manifest file '../../build/cmd_vel/cmd_vel.egg-info/SOURCES.txt'
[4.778s] writing manifest file '../../build/cmd_vel/cmd_vel.egg-info/SOURCES.txt'
[4.778s] running build
[4.778s] running build_py
[4.778s] copying cmd_vel/cmd_vel_controll.py -> /home/hermes/Hermes/hermes_ws/build/cmd_vel/build/lib/cmd_vel
[4.779s] copying cmd_vel/__init__.py -> /home/hermes/Hermes/hermes_ws/build/cmd_vel/build/lib/cmd_vel
[4.779s] running install
[4.779s] running install_lib
[4.779s] copying /home/hermes/Hermes/hermes_ws/build/cmd_vel/build/lib/cmd_vel/cmd_vel_controll.py -> /home/hermes/Hermes/hermes_ws/install/cmd_vel/lib/python3.10/site-packages/cmd_vel
[4.780s] copying /home/hermes/Hermes/hermes_ws/build/cmd_vel/build/lib/cmd_vel/__init__.py -> /home/hermes/Hermes/hermes_ws/install/cmd_vel/lib/python3.10/site-packages/cmd_vel
[4.780s] byte-compiling /home/hermes/Hermes/hermes_ws/install/cmd_vel/lib/python3.10/site-packages/cmd_vel/cmd_vel_controll.py to cmd_vel_controll.cpython-310.pyc
[4.781s]   File "/home/hermes/Hermes/hermes_ws/install/cmd_vel/lib/python3.10/site-packages/cmd_vel/cmd_vel_controll.py", line 50
[4.781s]     except KeyboardInterrupt:
[4.781s]     ^^^^^^
[4.782s] SyntaxError: invalid syntax
[4.782s] 
[4.782s] byte-compiling /home/hermes/Hermes/hermes_ws/install/cmd_vel/lib/python3.10/site-packages/cmd_vel/__init__.py to __init__.cpython-310.pyc
[4.782s] running install_data
[4.783s] copying resource/cmd_vel -> /home/hermes/Hermes/hermes_ws/install/cmd_vel/share/ament_index/resource_index/packages
[4.784s] copying package.xml -> /home/hermes/Hermes/hermes_ws/install/cmd_vel/share/cmd_vel
[4.784s] running install_egg_info
[4.787s] removing '/home/hermes/Hermes/hermes_ws/install/cmd_vel/lib/python3.10/site-packages/cmd_vel-0.0.0-py3.10.egg-info' (and everything under it)
[4.788s] Copying ../../build/cmd_vel/cmd_vel.egg-info to /home/hermes/Hermes/hermes_ws/install/cmd_vel/lib/python3.10/site-packages/cmd_vel-0.0.0-py3.10.egg-info
[4.791s] running install_scripts
[4.845s] Installing cmd_vel_controll script to /home/hermes/Hermes/hermes_ws/install/cmd_vel/lib/cmd_vel
[4.846s] writing list of installed files to '/home/hermes/Hermes/hermes_ws/build/cmd_vel/install.log'
[4.996s] Invoked command in '/home/hermes/Hermes/hermes_ws/src/cmd_vel' returned '0': PYTHONPATH=/home/hermes/Hermes/hermes_ws/build/cmd_vel/prefix_override:/home/hermes/Hermes/hermes_ws/install/cmd_vel/lib/python3.10/site-packages:${PYTHONPATH} /usr/bin/python3 -W ignore:setup.py install is deprecated setup.py egg_info --egg-base ../../build/cmd_vel build --build-base /home/hermes/Hermes/hermes_ws/build/cmd_vel/build install --record /home/hermes/Hermes/hermes_ws/build/cmd_vel/install.log --single-version-externally-managed install_data
