[4.223s] Invoking command in '/home/hermes/Hermes/hermes_ws/src/robot_localization_pkg': PYTHONPATH=/home/hermes/Hermes/hermes_ws/build/robot_localization_pkg/prefix_override:/usr/lib/python3/dist-packages/colcon_core/task/python/colcon_distutils_commands:/home/hermes/Hermes/hermes_ws/install/robot_localization_pkg/lib/python3.10/site-packages:${PYTHONPATH} /usr/bin/python3 -W ignore:setup.py install is deprecated setup.py egg_info --egg-base ../../build/robot_localization_pkg build --build-base /home/hermes/Hermes/hermes_ws/build/robot_localization_pkg/build install --record /home/hermes/Hermes/hermes_ws/build/robot_localization_pkg/install.log --single-version-externally-managed install_data
[5.238s] running egg_info
[5.239s] writing ../../build/robot_localization_pkg/robot_localization_pkg.egg-info/PKG-INFO
[5.244s] writing dependency_links to ../../build/robot_localization_pkg/robot_localization_pkg.egg-info/dependency_links.txt
[5.245s] writing entry points to ../../build/robot_localization_pkg/robot_localization_pkg.egg-info/entry_points.txt
[5.246s] writing requirements to ../../build/robot_localization_pkg/robot_localization_pkg.egg-info/requires.txt
[5.246s] writing top-level names to ../../build/robot_localization_pkg/robot_localization_pkg.egg-info/top_level.txt
[5.251s] reading manifest file '../../build/robot_localization_pkg/robot_localization_pkg.egg-info/SOURCES.txt'
[5.253s] writing manifest file '../../build/robot_localization_pkg/robot_localization_pkg.egg-info/SOURCES.txt'
[5.254s] running build
[5.254s] running build_py
[5.254s] running install
[5.254s] running install_lib
[5.261s] running install_data
[5.262s] running install_egg_info
[5.269s] removing '/home/hermes/Hermes/hermes_ws/install/robot_localization_pkg/lib/python3.10/site-packages/robot_localization_pkg-0.0.1-py3.10.egg-info' (and everything under it)
[5.273s] Copying ../../build/robot_localization_pkg/robot_localization_pkg.egg-info to /home/hermes/Hermes/hermes_ws/install/robot_localization_pkg/lib/python3.10/site-packages/robot_localization_pkg-0.0.1-py3.10.egg-info
[5.276s] running install_scripts
[5.348s] writing list of installed files to '/home/hermes/Hermes/hermes_ws/build/robot_localization_pkg/install.log'
[5.542s] Invoked command in '/home/hermes/Hermes/hermes_ws/src/robot_localization_pkg' returned '0': PYTHONPATH=/home/hermes/Hermes/hermes_ws/build/robot_localization_pkg/prefix_override:/usr/lib/python3/dist-packages/colcon_core/task/python/colcon_distutils_commands:/home/hermes/Hermes/hermes_ws/install/robot_localization_pkg/lib/python3.10/site-packages:${PYTHONPATH} /usr/bin/python3 -W ignore:setup.py install is deprecated setup.py egg_info --egg-base ../../build/robot_localization_pkg build --build-base /home/hermes/Hermes/hermes_ws/build/robot_localization_pkg/build install --record /home/hermes/Hermes/hermes_ws/build/robot_localization_pkg/install.log --single-version-externally-managed install_data
