running egg_info
creating ../../build/teleop_control/teleop_control.egg-info
writing ../../build/teleop_control/teleop_control.egg-info/PKG-INFO
writing dependency_links to ../../build/teleop_control/teleop_control.egg-info/dependency_links.txt
writing entry points to ../../build/teleop_control/teleop_control.egg-info/entry_points.txt
writing requirements to ../../build/teleop_control/teleop_control.egg-info/requires.txt
writing top-level names to ../../build/teleop_control/teleop_control.egg-info/top_level.txt
writing manifest file '../../build/teleop_control/teleop_control.egg-info/SOURCES.txt'
reading manifest file '../../build/teleop_control/teleop_control.egg-info/SOURCES.txt'
adding license file 'LICENSE'
writing manifest file '../../build/teleop_control/teleop_control.egg-info/SOURCES.txt'
running build
running build_py
creating /home/hermes/Hermes/hermes_ws/build/teleop_control/build
creating /home/hermes/Hermes/hermes_ws/build/teleop_control/build/lib
creating /home/hermes/Hermes/hermes_ws/build/teleop_control/build/lib/teleop_control
copying teleop_control/teleop_control_node.py -> /home/hermes/Hermes/hermes_ws/build/teleop_control/build/lib/teleop_control
copying teleop_control/keyboard_teleop.py -> /home/hermes/Hermes/hermes_ws/build/teleop_control/build/lib/teleop_control
copying teleop_control/__init__.py -> /home/hermes/Hermes/hermes_ws/build/teleop_control/build/lib/teleop_control
copying teleop_control/joytorec.py -> /home/hermes/Hermes/hermes_ws/build/teleop_control/build/lib/teleop_control
copying teleop_control/joytopub.py -> /home/hermes/Hermes/hermes_ws/build/teleop_control/build/lib/teleop_control
running install
running install_lib
creating /home/hermes/Hermes/hermes_ws/install/teleop_control/lib/python3.10/site-packages/teleop_control
copying /home/hermes/Hermes/hermes_ws/build/teleop_control/build/lib/teleop_control/teleop_control_node.py -> /home/hermes/Hermes/hermes_ws/install/teleop_control/lib/python3.10/site-packages/teleop_control
copying /home/hermes/Hermes/hermes_ws/build/teleop_control/build/lib/teleop_control/keyboard_teleop.py -> /home/hermes/Hermes/hermes_ws/install/teleop_control/lib/python3.10/site-packages/teleop_control
copying /home/hermes/Hermes/hermes_ws/build/teleop_control/build/lib/teleop_control/__init__.py -> /home/hermes/Hermes/hermes_ws/install/teleop_control/lib/python3.10/site-packages/teleop_control
copying /home/hermes/Hermes/hermes_ws/build/teleop_control/build/lib/teleop_control/joytorec.py -> /home/hermes/Hermes/hermes_ws/install/teleop_control/lib/python3.10/site-packages/teleop_control
copying /home/hermes/Hermes/hermes_ws/build/teleop_control/build/lib/teleop_control/joytopub.py -> /home/hermes/Hermes/hermes_ws/install/teleop_control/lib/python3.10/site-packages/teleop_control
byte-compiling /home/hermes/Hermes/hermes_ws/install/teleop_control/lib/python3.10/site-packages/teleop_control/teleop_control_node.py to teleop_control_node.cpython-310.pyc
byte-compiling /home/hermes/Hermes/hermes_ws/install/teleop_control/lib/python3.10/site-packages/teleop_control/keyboard_teleop.py to keyboard_teleop.cpython-310.pyc
byte-compiling /home/hermes/Hermes/hermes_ws/install/teleop_control/lib/python3.10/site-packages/teleop_control/__init__.py to __init__.cpython-310.pyc
byte-compiling /home/hermes/Hermes/hermes_ws/install/teleop_control/lib/python3.10/site-packages/teleop_control/joytorec.py to joytorec.cpython-310.pyc
byte-compiling /home/hermes/Hermes/hermes_ws/install/teleop_control/lib/python3.10/site-packages/teleop_control/joytopub.py to joytopub.cpython-310.pyc
running install_data
creating /home/hermes/Hermes/hermes_ws/install/teleop_control/share/ament_index
creating /home/hermes/Hermes/hermes_ws/install/teleop_control/share/ament_index/resource_index
creating /home/hermes/Hermes/hermes_ws/install/teleop_control/share/ament_index/resource_index/packages
copying resource/teleop_control -> /home/hermes/Hermes/hermes_ws/install/teleop_control/share/ament_index/resource_index/packages
copying package.xml -> /home/hermes/Hermes/hermes_ws/install/teleop_control/share/teleop_control
running install_egg_info
Copying ../../build/teleop_control/teleop_control.egg-info to /home/hermes/Hermes/hermes_ws/install/teleop_control/lib/python3.10/site-packages/teleop_control-0.0.0-py3.10.egg-info
running install_scripts
Installing teleop_control_node script to /home/hermes/Hermes/hermes_ws/install/teleop_control/lib/teleop_control
writing list of installed files to '/home/hermes/Hermes/hermes_ws/build/teleop_control/install.log'
