[3.204s] Invoking command in '/home/hermes/Hermes/hermes_ws/src/teleop_control': PYTHONPATH=/home/hermes/Hermes/hermes_ws/build/teleop_control/prefix_override:/home/hermes/Hermes/hermes_ws/install/teleop_control/lib/python3.10/site-packages:${PYTHONPATH} /usr/bin/python3 -W ignore:setup.py install is deprecated setup.py egg_info --egg-base ../../build/teleop_control build --build-base /home/hermes/Hermes/hermes_ws/build/teleop_control/build install --record /home/hermes/Hermes/hermes_ws/build/teleop_control/install.log --single-version-externally-managed install_data
[4.089s] running egg_info
[4.091s] creating ../../build/teleop_control/teleop_control.egg-info
[4.091s] writing ../../build/teleop_control/teleop_control.egg-info/PKG-INFO
[4.092s] writing dependency_links to ../../build/teleop_control/teleop_control.egg-info/dependency_links.txt
[4.092s] writing entry points to ../../build/teleop_control/teleop_control.egg-info/entry_points.txt
[4.092s] writing requirements to ../../build/teleop_control/teleop_control.egg-info/requires.txt
[4.092s] writing top-level names to ../../build/teleop_control/teleop_control.egg-info/top_level.txt
[4.093s] writing manifest file '../../build/teleop_control/teleop_control.egg-info/SOURCES.txt'
[4.098s] reading manifest file '../../build/teleop_control/teleop_control.egg-info/SOURCES.txt'
[4.098s] adding license file 'LICENSE'
[4.099s] writing manifest file '../../build/teleop_control/teleop_control.egg-info/SOURCES.txt'
[4.099s] running build
[4.100s] running build_py
[4.100s] creating /home/hermes/Hermes/hermes_ws/build/teleop_control/build
[4.100s] creating /home/hermes/Hermes/hermes_ws/build/teleop_control/build/lib
[4.100s] creating /home/hermes/Hermes/hermes_ws/build/teleop_control/build/lib/teleop_control
[4.100s] copying teleop_control/teleop_control_node.py -> /home/hermes/Hermes/hermes_ws/build/teleop_control/build/lib/teleop_control
[4.112s] copying teleop_control/keyboard_teleop.py -> /home/hermes/Hermes/hermes_ws/build/teleop_control/build/lib/teleop_control
[4.112s] copying teleop_control/__init__.py -> /home/hermes/Hermes/hermes_ws/build/teleop_control/build/lib/teleop_control
[4.112s] copying teleop_control/joytorec.py -> /home/hermes/Hermes/hermes_ws/build/teleop_control/build/lib/teleop_control
[4.112s] copying teleop_control/joytopub.py -> /home/hermes/Hermes/hermes_ws/build/teleop_control/build/lib/teleop_control
[4.113s] running install
[4.114s] running install_lib
[4.117s] creating /home/hermes/Hermes/hermes_ws/install/teleop_control/lib/python3.10/site-packages/teleop_control
[4.117s] copying /home/hermes/Hermes/hermes_ws/build/teleop_control/build/lib/teleop_control/teleop_control_node.py -> /home/hermes/Hermes/hermes_ws/install/teleop_control/lib/python3.10/site-packages/teleop_control
[4.118s] copying /home/hermes/Hermes/hermes_ws/build/teleop_control/build/lib/teleop_control/keyboard_teleop.py -> /home/hermes/Hermes/hermes_ws/install/teleop_control/lib/python3.10/site-packages/teleop_control
[4.118s] copying /home/hermes/Hermes/hermes_ws/build/teleop_control/build/lib/teleop_control/__init__.py -> /home/hermes/Hermes/hermes_ws/install/teleop_control/lib/python3.10/site-packages/teleop_control
[4.118s] copying /home/hermes/Hermes/hermes_ws/build/teleop_control/build/lib/teleop_control/joytorec.py -> /home/hermes/Hermes/hermes_ws/install/teleop_control/lib/python3.10/site-packages/teleop_control
[4.118s] copying /home/hermes/Hermes/hermes_ws/build/teleop_control/build/lib/teleop_control/joytopub.py -> /home/hermes/Hermes/hermes_ws/install/teleop_control/lib/python3.10/site-packages/teleop_control
[4.120s] byte-compiling /home/hermes/Hermes/hermes_ws/install/teleop_control/lib/python3.10/site-packages/teleop_control/teleop_control_node.py to teleop_control_node.cpython-310.pyc
[4.120s] byte-compiling /home/hermes/Hermes/hermes_ws/install/teleop_control/lib/python3.10/site-packages/teleop_control/keyboard_teleop.py to keyboard_teleop.cpython-310.pyc
[4.122s] byte-compiling /home/hermes/Hermes/hermes_ws/install/teleop_control/lib/python3.10/site-packages/teleop_control/__init__.py to __init__.cpython-310.pyc
[4.122s] byte-compiling /home/hermes/Hermes/hermes_ws/install/teleop_control/lib/python3.10/site-packages/teleop_control/joytorec.py to joytorec.cpython-310.pyc
[4.123s] byte-compiling /home/hermes/Hermes/hermes_ws/install/teleop_control/lib/python3.10/site-packages/teleop_control/joytopub.py to joytopub.cpython-310.pyc
[4.124s] running install_data
[4.124s] creating /home/hermes/Hermes/hermes_ws/install/teleop_control/share/ament_index
[4.124s] creating /home/hermes/Hermes/hermes_ws/install/teleop_control/share/ament_index/resource_index
[4.125s] creating /home/hermes/Hermes/hermes_ws/install/teleop_control/share/ament_index/resource_index/packages
[4.125s] copying resource/teleop_control -> /home/hermes/Hermes/hermes_ws/install/teleop_control/share/ament_index/resource_index/packages
[4.125s] copying package.xml -> /home/hermes/Hermes/hermes_ws/install/teleop_control/share/teleop_control
[4.135s] running install_egg_info
[4.140s] Copying ../../build/teleop_control/teleop_control.egg-info to /home/hermes/Hermes/hermes_ws/install/teleop_control/lib/python3.10/site-packages/teleop_control-0.0.0-py3.10.egg-info
[4.142s] running install_scripts
[4.219s] Installing teleop_control_node script to /home/hermes/Hermes/hermes_ws/install/teleop_control/lib/teleop_control
[4.220s] writing list of installed files to '/home/hermes/Hermes/hermes_ws/build/teleop_control/install.log'
[4.396s] Invoked command in '/home/hermes/Hermes/hermes_ws/src/teleop_control' returned '0': PYTHONPATH=/home/hermes/Hermes/hermes_ws/build/teleop_control/prefix_override:/home/hermes/Hermes/hermes_ws/install/teleop_control/lib/python3.10/site-packages:${PYTHONPATH} /usr/bin/python3 -W ignore:setup.py install is deprecated setup.py egg_info --egg-base ../../build/teleop_control build --build-base /home/hermes/Hermes/hermes_ws/build/teleop_control/build install --record /home/hermes/Hermes/hermes_ws/build/teleop_control/install.log --single-version-externally-managed install_data
