[0.364s] Invoking command in '/home/aleksmalm/Hermes/hermes_ws/build/gps_publisher': CMAKE_PREFIX_PATH=${CMAKE_PREFIX_PATH}:/home/aleksmalm/Hermes/hermes_ws/install/hermes_nav:/home/aleksmalm/Hermes/hermes_ws/install/tof_publisher:/home/aleksmalm/Hermes/hermes_ws/install/teleop_control:/home/aleksmalm/Hermes/hermes_ws/install/odometry:/home/aleksmalm/Hermes/hermes_ws/install/nav2_gps_waypoint_follower_demo:/home/aleksmalm/Hermes/hermes_ws/install/imu_publisher:/home/aleksmalm/Hermes/hermes_ws/install/cmd_vel:/home/aleksmalm/Hermes/hermes_ws/install/cameras:/opt/ros/humble /usr/bin/cmake --build /home/aleksmalm/Hermes/hermes_ws/build/gps_publisher -- -j12 -l12
[1.266s] Invoked command in '/home/aleksmalm/Hermes/hermes_ws/build/gps_publisher' returned '0': CMAKE_PREFIX_PATH=${CMAKE_PREFIX_PATH}:/home/aleksmalm/Hermes/hermes_ws/install/hermes_nav:/home/aleksmalm/Hermes/hermes_ws/install/tof_publisher:/home/aleksmalm/Hermes/hermes_ws/install/teleop_control:/home/aleksmalm/Hermes/hermes_ws/install/odometry:/home/aleksmalm/Hermes/hermes_ws/install/nav2_gps_waypoint_follower_demo:/home/aleksmalm/Hermes/hermes_ws/install/imu_publisher:/home/aleksmalm/Hermes/hermes_ws/install/cmd_vel:/home/aleksmalm/Hermes/hermes_ws/install/cameras:/opt/ros/humble /usr/bin/cmake --build /home/aleksmalm/Hermes/hermes_ws/build/gps_publisher -- -j12 -l12
[1.300s] Invoking command in '/home/aleksmalm/Hermes/hermes_ws/build/gps_publisher': CMAKE_PREFIX_PATH=${CMAKE_PREFIX_PATH}:/home/aleksmalm/Hermes/hermes_ws/install/hermes_nav:/home/aleksmalm/Hermes/hermes_ws/install/tof_publisher:/home/aleksmalm/Hermes/hermes_ws/install/teleop_control:/home/aleksmalm/Hermes/hermes_ws/install/odometry:/home/aleksmalm/Hermes/hermes_ws/install/nav2_gps_waypoint_follower_demo:/home/aleksmalm/Hermes/hermes_ws/install/imu_publisher:/home/aleksmalm/Hermes/hermes_ws/install/cmd_vel:/home/aleksmalm/Hermes/hermes_ws/install/cameras:/opt/ros/humble /usr/bin/cmake --install /home/aleksmalm/Hermes/hermes_ws/build/gps_publisher
[1.306s] -- Install configuration: ""
[1.306s] -- Up-to-date: /home/aleksmalm/Hermes/hermes_ws/install/gps_publisher/share/ament_index/resource_index/package_run_dependencies/gps_publisher
[1.306s] -- Up-to-date: /home/aleksmalm/Hermes/hermes_ws/install/gps_publisher/share/ament_index/resource_index/parent_prefix_path/gps_publisher
[1.306s] -- Up-to-date: /home/aleksmalm/Hermes/hermes_ws/install/gps_publisher/share/gps_publisher/environment/ament_prefix_path.sh
[1.306s] -- Up-to-date: /home/aleksmalm/Hermes/hermes_ws/install/gps_publisher/share/gps_publisher/environment/ament_prefix_path.dsv
[1.306s] -- Up-to-date: /home/aleksmalm/Hermes/hermes_ws/install/gps_publisher/share/gps_publisher/environment/path.sh
[1.307s] -- Up-to-date: /home/aleksmalm/Hermes/hermes_ws/install/gps_publisher/share/gps_publisher/environment/path.dsv
[1.307s] -- Up-to-date: /home/aleksmalm/Hermes/hermes_ws/install/gps_publisher/share/gps_publisher/local_setup.bash
[1.307s] -- Up-to-date: /home/aleksmalm/Hermes/hermes_ws/install/gps_publisher/share/gps_publisher/local_setup.sh
[1.307s] -- Up-to-date: /home/aleksmalm/Hermes/hermes_ws/install/gps_publisher/share/gps_publisher/local_setup.zsh
[1.307s] -- Up-to-date: /home/aleksmalm/Hermes/hermes_ws/install/gps_publisher/share/gps_publisher/local_setup.dsv
[1.307s] -- Installing: /home/aleksmalm/Hermes/hermes_ws/install/gps_publisher/share/gps_publisher/package.dsv
[1.308s] -- Up-to-date: /home/aleksmalm/Hermes/hermes_ws/install/gps_publisher/share/ament_index/resource_index/packages/gps_publisher
[1.308s] -- Up-to-date: /home/aleksmalm/Hermes/hermes_ws/install/gps_publisher/share/gps_publisher/cmake/gps_publisherConfig.cmake
[1.308s] -- Up-to-date: /home/aleksmalm/Hermes/hermes_ws/install/gps_publisher/share/gps_publisher/cmake/gps_publisherConfig-version.cmake
[1.308s] -- Up-to-date: /home/aleksmalm/Hermes/hermes_ws/install/gps_publisher/share/gps_publisher/package.xml
[1.338s] Invoked command in '/home/aleksmalm/Hermes/hermes_ws/build/gps_publisher' returned '0': CMAKE_PREFIX_PATH=${CMAKE_PREFIX_PATH}:/home/aleksmalm/Hermes/hermes_ws/install/hermes_nav:/home/aleksmalm/Hermes/hermes_ws/install/tof_publisher:/home/aleksmalm/Hermes/hermes_ws/install/teleop_control:/home/aleksmalm/Hermes/hermes_ws/install/odometry:/home/aleksmalm/Hermes/hermes_ws/install/nav2_gps_waypoint_follower_demo:/home/aleksmalm/Hermes/hermes_ws/install/imu_publisher:/home/aleksmalm/Hermes/hermes_ws/install/cmd_vel:/home/aleksmalm/Hermes/hermes_ws/install/cameras:/opt/ros/humble /usr/bin/cmake --install /home/aleksmalm/Hermes/hermes_ws/build/gps_publisher
