-- Install configuration: ""
-- Up-to-date: /home/aleksmalm/Hermes/hermes_ws/install/hermes_urdf/share/hermes_urdf/launch
-- Up-to-date: /home/aleksmalm/Hermes/hermes_ws/install/hermes_urdf/share/hermes_urdf/launch/gazebo_test.launch.py
-- Up-to-date: /home/aleksmalm/Hermes/hermes_ws/install/hermes_urdf/share/hermes_urdf/launch/gazebo_model.launch.py
-- Up-to-date: /home/aleksmalm/Hermes/hermes_ws/install/hermes_urdf/share/hermes_urdf/launch/display.launch.py
-- Up-to-date: /home/aleksmalm/Hermes/hermes_ws/install/hermes_urdf/share/hermes_urdf/launch/my_world.world
-- Installing: /home/aleksmalm/Hermes/hermes_ws/install/hermes_urdf/share/hermes_urdf/launch/gazebo_launch_file.launch.py
-- Up-to-date: /home/aleksmalm/Hermes/hermes_ws/install/hermes_urdf/share/hermes_urdf/urdf
-- Up-to-date: /home/aleksmalm/Hermes/hermes_ws/install/hermes_urdf/share/hermes_urdf/urdf/rehv.stl
-- Up-to-date: /home/aleksmalm/Hermes/hermes_ws/install/hermes_urdf/share/hermes_urdf/urdf/liigend.part
-- Up-to-date: /home/aleksmalm/Hermes/hermes_ws/install/hermes_urdf/share/hermes_urdf/urdf/ld19.part
-- Up-to-date: /home/aleksmalm/Hermes/hermes_ws/install/hermes_urdf/share/hermes_urdf/urdf/config.rviz
-- Up-to-date: /home/aleksmalm/Hermes/hermes_ws/install/hermes_urdf/share/hermes_urdf/urdf/robot.urdf
-- Up-to-date: /home/aleksmalm/Hermes/hermes_ws/install/hermes_urdf/share/hermes_urdf/urdf/config.json
-- Up-to-date: /home/aleksmalm/Hermes/hermes_ws/install/hermes_urdf/share/hermes_urdf/urdf/.robot.urdf.swp
-- Up-to-date: /home/aleksmalm/Hermes/hermes_ws/install/hermes_urdf/share/hermes_urdf/urdf/rehv.part
-- Up-to-date: /home/aleksmalm/Hermes/hermes_ws/install/hermes_urdf/share/hermes_urdf/urdf/hermes.urdf
-- Up-to-date: /home/aleksmalm/Hermes/hermes_ws/install/hermes_urdf/share/hermes_urdf/urdf/ld19.stl
-- Up-to-date: /home/aleksmalm/Hermes/hermes_ws/install/hermes_urdf/share/hermes_urdf/urdf/hermes_model.sdf
-- Up-to-date: /home/aleksmalm/Hermes/hermes_ws/install/hermes_urdf/share/hermes_urdf/urdf/kere.stl
-- Up-to-date: /home/aleksmalm/Hermes/hermes_ws/install/hermes_urdf/share/hermes_urdf/urdf/__init__.py
-- Up-to-date: /home/aleksmalm/Hermes/hermes_ws/install/hermes_urdf/share/hermes_urdf/urdf/liigend.stl
-- Up-to-date: /home/aleksmalm/Hermes/hermes_ws/install/hermes_urdf/share/hermes_urdf/urdf/kere.part
-- Up-to-date: /home/aleksmalm/Hermes/hermes_ws/install/hermes_urdf/share/hermes_urdf/urdf/hermes_model.urdf
-- Up-to-date: /home/aleksmalm/Hermes/hermes_ws/install/hermes_urdf/share/ament_index/resource_index/package_run_dependencies/hermes_urdf
-- Up-to-date: /home/aleksmalm/Hermes/hermes_ws/install/hermes_urdf/share/ament_index/resource_index/parent_prefix_path/hermes_urdf
-- Up-to-date: /home/aleksmalm/Hermes/hermes_ws/install/hermes_urdf/share/hermes_urdf/environment/ament_prefix_path.sh
-- Up-to-date: /home/aleksmalm/Hermes/hermes_ws/install/hermes_urdf/share/hermes_urdf/environment/ament_prefix_path.dsv
-- Up-to-date: /home/aleksmalm/Hermes/hermes_ws/install/hermes_urdf/share/hermes_urdf/environment/path.sh
-- Up-to-date: /home/aleksmalm/Hermes/hermes_ws/install/hermes_urdf/share/hermes_urdf/environment/path.dsv
-- Up-to-date: /home/aleksmalm/Hermes/hermes_ws/install/hermes_urdf/share/hermes_urdf/local_setup.bash
-- Up-to-date: /home/aleksmalm/Hermes/hermes_ws/install/hermes_urdf/share/hermes_urdf/local_setup.sh
-- Up-to-date: /home/aleksmalm/Hermes/hermes_ws/install/hermes_urdf/share/hermes_urdf/local_setup.zsh
-- Up-to-date: /home/aleksmalm/Hermes/hermes_ws/install/hermes_urdf/share/hermes_urdf/local_setup.dsv
-- Installing: /home/aleksmalm/Hermes/hermes_ws/install/hermes_urdf/share/hermes_urdf/package.dsv
-- Up-to-date: /home/aleksmalm/Hermes/hermes_ws/install/hermes_urdf/share/ament_index/resource_index/packages/hermes_urdf
-- Up-to-date: /home/aleksmalm/Hermes/hermes_ws/install/hermes_urdf/share/hermes_urdf/cmake/hermes_urdfConfig.cmake
-- Up-to-date: /home/aleksmalm/Hermes/hermes_ws/install/hermes_urdf/share/hermes_urdf/cmake/hermes_urdfConfig-version.cmake
-- Up-to-date: /home/aleksmalm/Hermes/hermes_ws/install/hermes_urdf/share/hermes_urdf/package.xml
