[0.295s] Invoking command in '/home/raivo/Hermes/hermes_ws/build/ldlidar_node': AMENT_PREFIX_PATH=/home/raivo/Hermes_Latest_version/hermes_ws/install/ldlidar_component:${AMENT_PREFIX_PATH} CMAKE_PREFIX_PATH=/home/raivo/Hermes/hermes_ws/install/ldlidar_component:/opt/ros/humble LD_LIBRARY_PATH=/home/raivo/Hermes_Latest_version/hermes_ws/install/ldlidar_component/lib:/home/raivo/Hermes/hermes_ws/install/ldlidar_component/lib:${LD_LIBRARY_PATH} /usr/bin/cmake --build /home/raivo/Hermes/hermes_ws/build/ldlidar_node -- -j12 -l12
[0.304s] [0mCMake Error: The current CMakeCache.txt directory /home/raivo/Hermes/hermes_ws/build/ldlidar_node/CMakeCache.txt is different than the directory /home/raivo/Hermes_Latest_version/hermes_ws/build/ldlidar_node where CMakeCache.txt was created. This may result in binaries being created in the wrong place. If you are not sure, reedit the CMakeCache.txt[0m
[0.340s] [35m[1mConsolidate compiler generated dependencies of target ldlidar_node[0m
[0.351s] [100%] Built target ldlidar_node
[0.636s] Invoked command in '/home/raivo/Hermes/hermes_ws/build/ldlidar_node' returned '0': AMENT_PREFIX_PATH=/home/raivo/Hermes_Latest_version/hermes_ws/install/ldlidar_component:${AMENT_PREFIX_PATH} CMAKE_PREFIX_PATH=/home/raivo/Hermes/hermes_ws/install/ldlidar_component:/opt/ros/humble LD_LIBRARY_PATH=/home/raivo/Hermes_Latest_version/hermes_ws/install/ldlidar_component/lib:/home/raivo/Hermes/hermes_ws/install/ldlidar_component/lib:${LD_LIBRARY_PATH} /usr/bin/cmake --build /home/raivo/Hermes/hermes_ws/build/ldlidar_node -- -j12 -l12
[0.680s] Invoking command in '/home/raivo/Hermes/hermes_ws/build/ldlidar_node': AMENT_PREFIX_PATH=/home/raivo/Hermes_Latest_version/hermes_ws/install/ldlidar_component:${AMENT_PREFIX_PATH} CMAKE_PREFIX_PATH=/home/raivo/Hermes/hermes_ws/install/ldlidar_component:/opt/ros/humble LD_LIBRARY_PATH=/home/raivo/Hermes_Latest_version/hermes_ws/install/ldlidar_component/lib:/home/raivo/Hermes/hermes_ws/install/ldlidar_component/lib:${LD_LIBRARY_PATH} /usr/bin/cmake --install /home/raivo/Hermes/hermes_ws/build/ldlidar_node
[0.836s] -- Install configuration: "Release"
[0.836s] -- Up-to-date: /home/raivo/Hermes_Latest_version/hermes_ws/install/ldlidar_node/lib/ldlidar_node/ldlidar_node
[0.836s] -- Up-to-date: /home/raivo/Hermes_Latest_version/hermes_ws/install/ldlidar_node/share/ldlidar_node/params
[0.836s] -- Up-to-date: /home/raivo/Hermes_Latest_version/hermes_ws/install/ldlidar_node/share/ldlidar_node/params/ldlidar.yaml
[0.836s] -- Up-to-date: /home/raivo/Hermes_Latest_version/hermes_ws/install/ldlidar_node/share/ldlidar_node/params/slam_toolbox.yaml
[0.836s] -- Up-to-date: /home/raivo/Hermes_Latest_version/hermes_ws/install/ldlidar_node/share/ldlidar_node/params/lifecycle_mgr_slam.yaml
[0.836s] -- Up-to-date: /home/raivo/Hermes_Latest_version/hermes_ws/install/ldlidar_node/share/ldlidar_node/params/lifecycle_mgr.yaml
[0.836s] -- Up-to-date: /home/raivo/Hermes_Latest_version/hermes_ws/install/ldlidar_node/share/ldlidar_node/config
[0.836s] -- Up-to-date: /home/raivo/Hermes_Latest_version/hermes_ws/install/ldlidar_node/share/ldlidar_node/config/ldlidar_slam.rviz
[0.836s] -- Up-to-date: /home/raivo/Hermes_Latest_version/hermes_ws/install/ldlidar_node/share/ldlidar_node/config/ldlidar.rviz
[0.836s] -- Up-to-date: /home/raivo/Hermes_Latest_version/hermes_ws/install/ldlidar_node/share/ldlidar_node/urdf
[0.836s] -- Up-to-date: /home/raivo/Hermes_Latest_version/hermes_ws/install/ldlidar_node/share/ldlidar_node/urdf/model
[0.836s] -- Up-to-date: /home/raivo/Hermes_Latest_version/hermes_ws/install/ldlidar_node/share/ldlidar_node/urdf/model/LD19.stl
[0.837s] -- Up-to-date: /home/raivo/Hermes_Latest_version/hermes_ws/install/ldlidar_node/share/ldlidar_node/urdf/ldlidar_descr.urdf.xml
[0.837s] -- Up-to-date: /home/raivo/Hermes_Latest_version/hermes_ws/install/ldlidar_node/share/ldlidar_node/launch
[0.837s] -- Up-to-date: /home/raivo/Hermes_Latest_version/hermes_ws/install/ldlidar_node/share/ldlidar_node/launch/ldlidar_slam.launch.py
[0.837s] -- Up-to-date: /home/raivo/Hermes_Latest_version/hermes_ws/install/ldlidar_node/share/ldlidar_node/launch/ldlidar_with_mgr.launch.py
[0.837s] -- Up-to-date: /home/raivo/Hermes_Latest_version/hermes_ws/install/ldlidar_node/share/ldlidar_node/launch/ldlidar.launch.py
[0.837s] -- Up-to-date: /home/raivo/Hermes_Latest_version/hermes_ws/install/ldlidar_node/share/ldlidar_node/launch/ldlidar_rviz2.launch.py
[0.837s] -- Up-to-date: /home/raivo/Hermes_Latest_version/hermes_ws/install/ldlidar_node/share/ament_index/resource_index/package_run_dependencies/ldlidar_node
[0.837s] -- Up-to-date: /home/raivo/Hermes_Latest_version/hermes_ws/install/ldlidar_node/share/ament_index/resource_index/parent_prefix_path/ldlidar_node
[0.837s] -- Up-to-date: /home/raivo/Hermes_Latest_version/hermes_ws/install/ldlidar_node/share/ldlidar_node/environment/ament_prefix_path.sh
[0.837s] -- Up-to-date: /home/raivo/Hermes_Latest_version/hermes_ws/install/ldlidar_node/share/ldlidar_node/environment/ament_prefix_path.dsv
[0.837s] -- Up-to-date: /home/raivo/Hermes_Latest_version/hermes_ws/install/ldlidar_node/share/ldlidar_node/environment/path.sh
[0.837s] -- Up-to-date: /home/raivo/Hermes_Latest_version/hermes_ws/install/ldlidar_node/share/ldlidar_node/environment/path.dsv
[0.837s] -- Up-to-date: /home/raivo/Hermes_Latest_version/hermes_ws/install/ldlidar_node/share/ldlidar_node/local_setup.bash
[0.837s] -- Up-to-date: /home/raivo/Hermes_Latest_version/hermes_ws/install/ldlidar_node/share/ldlidar_node/local_setup.sh
[0.837s] -- Up-to-date: /home/raivo/Hermes_Latest_version/hermes_ws/install/ldlidar_node/share/ldlidar_node/local_setup.zsh
[0.837s] -- Up-to-date: /home/raivo/Hermes_Latest_version/hermes_ws/install/ldlidar_node/share/ldlidar_node/local_setup.dsv
[0.837s] -- Installing: /home/raivo/Hermes_Latest_version/hermes_ws/install/ldlidar_node/share/ldlidar_node/package.dsv
[0.837s] -- Up-to-date: /home/raivo/Hermes_Latest_version/hermes_ws/install/ldlidar_node/share/ament_index/resource_index/packages/ldlidar_node
[0.837s] -- Up-to-date: /home/raivo/Hermes_Latest_version/hermes_ws/install/ldlidar_node/share/ldlidar_node/cmake/ldlidar_nodeConfig.cmake
[0.837s] -- Up-to-date: /home/raivo/Hermes_Latest_version/hermes_ws/install/ldlidar_node/share/ldlidar_node/cmake/ldlidar_nodeConfig-version.cmake
[0.837s] -- Up-to-date: /home/raivo/Hermes_Latest_version/hermes_ws/install/ldlidar_node/share/ldlidar_node/package.xml
[0.851s] Invoked command in '/home/raivo/Hermes/hermes_ws/build/ldlidar_node' returned '0': AMENT_PREFIX_PATH=/home/raivo/Hermes_Latest_version/hermes_ws/install/ldlidar_component:${AMENT_PREFIX_PATH} CMAKE_PREFIX_PATH=/home/raivo/Hermes/hermes_ws/install/ldlidar_component:/opt/ros/humble LD_LIBRARY_PATH=/home/raivo/Hermes_Latest_version/hermes_ws/install/ldlidar_component/lib:/home/raivo/Hermes/hermes_ws/install/ldlidar_component/lib:${LD_LIBRARY_PATH} /usr/bin/cmake --install /home/raivo/Hermes/hermes_ws/build/ldlidar_node
