[1.839s] Invoking command in '/home/hermes/Hermes/hermes_ws/build/hermes_urdf': CMAKE_PREFIX_PATH=${CMAKE_PREFIX_PATH}:/home/hermes/Hermes/hermes_ws/install/tof_publisher:/home/hermes/Hermes/hermes_ws/install/teleop_control:/home/hermes/Hermes/hermes_ws/install/robot_model:/home/hermes/Hermes/hermes_ws/install/odometry:/home/hermes/Hermes/hermes_ws/install/my_robot_description:/home/hermes/Hermes/hermes_ws/install/lidar_publisher:/home/hermes/Hermes/hermes_ws/install/launch_files:/home/hermes/Hermes/hermes_ws/install/imu_publisher:/home/hermes/Hermes/hermes_ws/install/gps_publisher:/home/hermes/Hermes/hermes_ws/install/cmd_vel:/home/hermes/Hermes/hermes_ws/install/cameras:/home/hermes/Downloads/hermes/ros2_ws/src/install/ros2_video_stream_pkg:/opt/ros/humble /usr/bin/cmake /home/hermes/Hermes/hermes_ws/src/hermes_urdf -DCMAKE_INSTALL_PREFIX=/home/hermes/Hermes/hermes_ws/install/hermes_urdf
[1.989s] -- The C compiler identification is GNU 11.4.0
[2.119s] -- The CXX compiler identification is GNU 11.4.0
[2.135s] -- Detecting C compiler ABI info
[2.262s] -- Detecting C compiler ABI info - done
[2.274s] -- Check for working C compiler: /usr/bin/cc - skipped
[2.275s] -- Detecting C compile features
[2.276s] -- Detecting C compile features - done
[2.282s] -- Detecting CXX compiler ABI info
[2.430s] -- Detecting CXX compiler ABI info - done
[2.442s] -- Check for working CXX compiler: /usr/bin/c++ - skipped
[2.443s] -- Detecting CXX compile features
[2.444s] -- Detecting CXX compile features - done
[2.460s] -- Found ament_cmake: 1.3.8 (/opt/ros/humble/share/ament_cmake/cmake)
[2.871s] -- Found Python3: /usr/bin/python3 (found version "3.10.12") found components: Interpreter 
[3.179s] -- Found ament_lint_auto: 0.12.10 (/opt/ros/humble/share/ament_lint_auto/cmake)
[3.426s] -- Added test 'lint_cmake' to check CMake code style
[3.430s] -- Added test 'xmllint' to check XML markup files
[3.434s] -- Configuring done
[3.440s] -- Generating done
[3.442s] -- Build files have been written to: /home/hermes/Hermes/hermes_ws/build/hermes_urdf
[3.879s] Invoked command in '/home/hermes/Hermes/hermes_ws/build/hermes_urdf' returned '0': CMAKE_PREFIX_PATH=${CMAKE_PREFIX_PATH}:/home/hermes/Hermes/hermes_ws/install/tof_publisher:/home/hermes/Hermes/hermes_ws/install/teleop_control:/home/hermes/Hermes/hermes_ws/install/robot_model:/home/hermes/Hermes/hermes_ws/install/odometry:/home/hermes/Hermes/hermes_ws/install/my_robot_description:/home/hermes/Hermes/hermes_ws/install/lidar_publisher:/home/hermes/Hermes/hermes_ws/install/launch_files:/home/hermes/Hermes/hermes_ws/install/imu_publisher:/home/hermes/Hermes/hermes_ws/install/gps_publisher:/home/hermes/Hermes/hermes_ws/install/cmd_vel:/home/hermes/Hermes/hermes_ws/install/cameras:/home/hermes/Downloads/hermes/ros2_ws/src/install/ros2_video_stream_pkg:/opt/ros/humble /usr/bin/cmake /home/hermes/Hermes/hermes_ws/src/hermes_urdf -DCMAKE_INSTALL_PREFIX=/home/hermes/Hermes/hermes_ws/install/hermes_urdf
[3.881s] Invoking command in '/home/hermes/Hermes/hermes_ws/build/hermes_urdf': CMAKE_PREFIX_PATH=${CMAKE_PREFIX_PATH}:/home/hermes/Hermes/hermes_ws/install/tof_publisher:/home/hermes/Hermes/hermes_ws/install/teleop_control:/home/hermes/Hermes/hermes_ws/install/robot_model:/home/hermes/Hermes/hermes_ws/install/odometry:/home/hermes/Hermes/hermes_ws/install/my_robot_description:/home/hermes/Hermes/hermes_ws/install/lidar_publisher:/home/hermes/Hermes/hermes_ws/install/launch_files:/home/hermes/Hermes/hermes_ws/install/imu_publisher:/home/hermes/Hermes/hermes_ws/install/gps_publisher:/home/hermes/Hermes/hermes_ws/install/cmd_vel:/home/hermes/Hermes/hermes_ws/install/cameras:/home/hermes/Downloads/hermes/ros2_ws/src/install/ros2_video_stream_pkg:/opt/ros/humble /usr/bin/cmake --build /home/hermes/Hermes/hermes_ws/build/hermes_urdf -- -j6 -l6
[3.970s] Invoked command in '/home/hermes/Hermes/hermes_ws/build/hermes_urdf' returned '0': CMAKE_PREFIX_PATH=${CMAKE_PREFIX_PATH}:/home/hermes/Hermes/hermes_ws/install/tof_publisher:/home/hermes/Hermes/hermes_ws/install/teleop_control:/home/hermes/Hermes/hermes_ws/install/robot_model:/home/hermes/Hermes/hermes_ws/install/odometry:/home/hermes/Hermes/hermes_ws/install/my_robot_description:/home/hermes/Hermes/hermes_ws/install/lidar_publisher:/home/hermes/Hermes/hermes_ws/install/launch_files:/home/hermes/Hermes/hermes_ws/install/imu_publisher:/home/hermes/Hermes/hermes_ws/install/gps_publisher:/home/hermes/Hermes/hermes_ws/install/cmd_vel:/home/hermes/Hermes/hermes_ws/install/cameras:/home/hermes/Downloads/hermes/ros2_ws/src/install/ros2_video_stream_pkg:/opt/ros/humble /usr/bin/cmake --build /home/hermes/Hermes/hermes_ws/build/hermes_urdf -- -j6 -l6
[4.023s] Invoking command in '/home/hermes/Hermes/hermes_ws/build/hermes_urdf': CMAKE_PREFIX_PATH=${CMAKE_PREFIX_PATH}:/home/hermes/Hermes/hermes_ws/install/tof_publisher:/home/hermes/Hermes/hermes_ws/install/teleop_control:/home/hermes/Hermes/hermes_ws/install/robot_model:/home/hermes/Hermes/hermes_ws/install/odometry:/home/hermes/Hermes/hermes_ws/install/my_robot_description:/home/hermes/Hermes/hermes_ws/install/lidar_publisher:/home/hermes/Hermes/hermes_ws/install/launch_files:/home/hermes/Hermes/hermes_ws/install/imu_publisher:/home/hermes/Hermes/hermes_ws/install/gps_publisher:/home/hermes/Hermes/hermes_ws/install/cmd_vel:/home/hermes/Hermes/hermes_ws/install/cameras:/home/hermes/Downloads/hermes/ros2_ws/src/install/ros2_video_stream_pkg:/opt/ros/humble /usr/bin/cmake --install /home/hermes/Hermes/hermes_ws/build/hermes_urdf
[4.042s] -- Install configuration: ""
[4.043s] -- Installing: /home/hermes/Hermes/hermes_ws/install/hermes_urdf/share/ament_index/resource_index/package_run_dependencies/hermes_urdf
[4.044s] -- Installing: /home/hermes/Hermes/hermes_ws/install/hermes_urdf/share/ament_index/resource_index/parent_prefix_path/hermes_urdf
[4.045s] -- Installing: /home/hermes/Hermes/hermes_ws/install/hermes_urdf/share/hermes_urdf/environment/ament_prefix_path.sh
[4.046s] -- Installing: /home/hermes/Hermes/hermes_ws/install/hermes_urdf/share/hermes_urdf/environment/ament_prefix_path.dsv
[4.047s] -- Installing: /home/hermes/Hermes/hermes_ws/install/hermes_urdf/share/hermes_urdf/environment/path.sh
[4.047s] -- Installing: /home/hermes/Hermes/hermes_ws/install/hermes_urdf/share/hermes_urdf/environment/path.dsv
[4.048s] -- Installing: /home/hermes/Hermes/hermes_ws/install/hermes_urdf/share/hermes_urdf/local_setup.bash
[4.048s] -- Installing: /home/hermes/Hermes/hermes_ws/install/hermes_urdf/share/hermes_urdf/local_setup.sh
[4.049s] -- Installing: /home/hermes/Hermes/hermes_ws/install/hermes_urdf/share/hermes_urdf/local_setup.zsh
[4.050s] -- Installing: /home/hermes/Hermes/hermes_ws/install/hermes_urdf/share/hermes_urdf/local_setup.dsv
[4.051s] -- Installing: /home/hermes/Hermes/hermes_ws/install/hermes_urdf/share/hermes_urdf/package.dsv
[4.052s] -- Installing: /home/hermes/Hermes/hermes_ws/install/hermes_urdf/share/ament_index/resource_index/packages/hermes_urdf
[4.052s] -- Installing: /home/hermes/Hermes/hermes_ws/install/hermes_urdf/share/hermes_urdf/cmake/hermes_urdfConfig.cmake
[4.053s] -- Installing: /home/hermes/Hermes/hermes_ws/install/hermes_urdf/share/hermes_urdf/cmake/hermes_urdfConfig-version.cmake
[4.054s] -- Installing: /home/hermes/Hermes/hermes_ws/install/hermes_urdf/share/hermes_urdf/package.xml
[4.063s] Invoked command in '/home/hermes/Hermes/hermes_ws/build/hermes_urdf' returned '0': CMAKE_PREFIX_PATH=${CMAKE_PREFIX_PATH}:/home/hermes/Hermes/hermes_ws/install/tof_publisher:/home/hermes/Hermes/hermes_ws/install/teleop_control:/home/hermes/Hermes/hermes_ws/install/robot_model:/home/hermes/Hermes/hermes_ws/install/odometry:/home/hermes/Hermes/hermes_ws/install/my_robot_description:/home/hermes/Hermes/hermes_ws/install/lidar_publisher:/home/hermes/Hermes/hermes_ws/install/launch_files:/home/hermes/Hermes/hermes_ws/install/imu_publisher:/home/hermes/Hermes/hermes_ws/install/gps_publisher:/home/hermes/Hermes/hermes_ws/install/cmd_vel:/home/hermes/Hermes/hermes_ws/install/cameras:/home/hermes/Downloads/hermes/ros2_ws/src/install/ros2_video_stream_pkg:/opt/ros/humble /usr/bin/cmake --install /home/hermes/Hermes/hermes_ws/build/hermes_urdf
