[1.261s] Invoking command in '/home/hermes/Hermes/hermes_ws/build/hermes_interfaces': CMAKE_PREFIX_PATH=${CMAKE_PREFIX_PATH}:/home/hermes/Hermes/hermes_ws/install/tof_publisher:/home/hermes/Hermes/hermes_ws/install/teleop_control:/home/hermes/Hermes/hermes_ws/install/robot_model:/home/hermes/Hermes/hermes_ws/install/odometry:/home/hermes/Hermes/hermes_ws/install/my_robot_description:/home/hermes/Hermes/hermes_ws/install/lidar_publisher:/home/hermes/Hermes/hermes_ws/install/launch_files:/home/hermes/Hermes/hermes_ws/install/imu_publisher:/home/hermes/Hermes/hermes_ws/install/cmd_vel:/home/hermes/Hermes/hermes_ws/install/cameras:/home/hermes/Downloads/hermes/ros2_ws/src/install/ros2_video_stream_pkg:/opt/ros/humble /usr/bin/cmake --build /home/hermes/Hermes/hermes_ws/build/hermes_interfaces -- -j6 -l6
[1.378s] [  3%] Built target hermes_interfaces__cpp
[1.390s] [ 12%] Built target hermes_interfaces__rosidl_generator_c
[1.417s] [ 12%] Built target ament_cmake_python_copy_hermes_interfaces
[1.451s] [ 22%] Built target hermes_interfaces__rosidl_typesupport_cpp
[1.459s] [ 32%] Built target hermes_interfaces__rosidl_typesupport_fastrtps_cpp
[1.483s] [ 41%] Built target hermes_interfaces__rosidl_typesupport_introspection_cpp
[1.491s] [ 51%] Built target hermes_interfaces__rosidl_typesupport_introspection_c
[1.510s] [ 61%] Built target hermes_interfaces__rosidl_typesupport_fastrtps_c
[1.516s] [ 70%] Built target hermes_interfaces__rosidl_typesupport_c
[1.559s] [ 70%] Built target hermes_interfaces
[1.616s] [ 74%] Built target hermes_interfaces__py
[1.674s] [ 80%] Built target hermes_interfaces__rosidl_generator_py
[1.738s] [ 87%] Built target hermes_interfaces__rosidl_typesupport_introspection_c__pyext
[1.764s] [ 93%] Built target hermes_interfaces__rosidl_typesupport_fastrtps_c__pyext
[1.773s] [100%] Built target hermes_interfaces__rosidl_typesupport_c__pyext
[2.070s] running egg_info
[2.072s] writing hermes_interfaces.egg-info/PKG-INFO
[2.072s] writing dependency_links to hermes_interfaces.egg-info/dependency_links.txt
[2.073s] writing top-level names to hermes_interfaces.egg-info/top_level.txt
[2.079s] reading manifest file 'hermes_interfaces.egg-info/SOURCES.txt'
[2.080s] writing manifest file 'hermes_interfaces.egg-info/SOURCES.txt'
[2.162s] [100%] Built target ament_cmake_python_build_hermes_interfaces_egg
[2.390s] Invoked command in '/home/hermes/Hermes/hermes_ws/build/hermes_interfaces' returned '0': CMAKE_PREFIX_PATH=${CMAKE_PREFIX_PATH}:/home/hermes/Hermes/hermes_ws/install/tof_publisher:/home/hermes/Hermes/hermes_ws/install/teleop_control:/home/hermes/Hermes/hermes_ws/install/robot_model:/home/hermes/Hermes/hermes_ws/install/odometry:/home/hermes/Hermes/hermes_ws/install/my_robot_description:/home/hermes/Hermes/hermes_ws/install/lidar_publisher:/home/hermes/Hermes/hermes_ws/install/launch_files:/home/hermes/Hermes/hermes_ws/install/imu_publisher:/home/hermes/Hermes/hermes_ws/install/cmd_vel:/home/hermes/Hermes/hermes_ws/install/cameras:/home/hermes/Downloads/hermes/ros2_ws/src/install/ros2_video_stream_pkg:/opt/ros/humble /usr/bin/cmake --build /home/hermes/Hermes/hermes_ws/build/hermes_interfaces -- -j6 -l6
[2.572s] Invoking command in '/home/hermes/Hermes/hermes_ws/build/hermes_interfaces': CMAKE_PREFIX_PATH=${CMAKE_PREFIX_PATH}:/home/hermes/Hermes/hermes_ws/install/tof_publisher:/home/hermes/Hermes/hermes_ws/install/teleop_control:/home/hermes/Hermes/hermes_ws/install/robot_model:/home/hermes/Hermes/hermes_ws/install/odometry:/home/hermes/Hermes/hermes_ws/install/my_robot_description:/home/hermes/Hermes/hermes_ws/install/lidar_publisher:/home/hermes/Hermes/hermes_ws/install/launch_files:/home/hermes/Hermes/hermes_ws/install/imu_publisher:/home/hermes/Hermes/hermes_ws/install/cmd_vel:/home/hermes/Hermes/hermes_ws/install/cameras:/home/hermes/Downloads/hermes/ros2_ws/src/install/ros2_video_stream_pkg:/opt/ros/humble /usr/bin/cmake --install /home/hermes/Hermes/hermes_ws/build/hermes_interfaces
[3.213s] -- Install configuration: ""
[3.214s] -- Up-to-date: /home/hermes/Hermes/hermes_ws/install/hermes_interfaces/share/ament_index/resource_index/rosidl_interfaces/hermes_interfaces
[3.215s] -- Up-to-date: /home/hermes/Hermes/hermes_ws/install/hermes_interfaces/include/hermes_interfaces/hermes_interfaces
[3.216s] -- Up-to-date: /home/hermes/Hermes/hermes_ws/install/hermes_interfaces/include/hermes_interfaces/hermes_interfaces/msg
[3.217s] -- Up-to-date: /home/hermes/Hermes/hermes_ws/install/hermes_interfaces/include/hermes_interfaces/hermes_interfaces/msg/rosidl_generator_c__visibility_control.h
[3.217s] -- Up-to-date: /home/hermes/Hermes/hermes_ws/install/hermes_interfaces/include/hermes_interfaces/hermes_interfaces/msg/detail
[3.217s] -- Up-to-date: /home/hermes/Hermes/hermes_ws/install/hermes_interfaces/include/hermes_interfaces/hermes_interfaces/msg/detail/gps_fixed__functions.h
[3.217s] -- Up-to-date: /home/hermes/Hermes/hermes_ws/install/hermes_interfaces/include/hermes_interfaces/hermes_interfaces/msg/detail/gps_fixed__functions.c
[3.217s] -- Up-to-date: /home/hermes/Hermes/hermes_ws/install/hermes_interfaces/include/hermes_interfaces/hermes_interfaces/msg/detail/gps_fixed__type_support.h
[3.218s] -- Up-to-date: /home/hermes/Hermes/hermes_ws/install/hermes_interfaces/include/hermes_interfaces/hermes_interfaces/msg/detail/gps_fixed__struct.h
[3.218s] -- Up-to-date: /home/hermes/Hermes/hermes_ws/install/hermes_interfaces/include/hermes_interfaces/hermes_interfaces/msg/gps_fixed.h
[3.218s] -- Up-to-date: /home/hermes/Hermes/hermes_ws/install/hermes_interfaces/share/hermes_interfaces/environment/library_path.sh
[3.218s] -- Up-to-date: /home/hermes/Hermes/hermes_ws/install/hermes_interfaces/share/hermes_interfaces/environment/library_path.dsv
[3.218s] -- Up-to-date: /home/hermes/Hermes/hermes_ws/install/hermes_interfaces/lib/libhermes_interfaces__rosidl_generator_c.so
[3.219s] -- Up-to-date: /home/hermes/Hermes/hermes_ws/install/hermes_interfaces/include/hermes_interfaces/hermes_interfaces
[3.219s] -- Up-to-date: /home/hermes/Hermes/hermes_ws/install/hermes_interfaces/include/hermes_interfaces/hermes_interfaces/msg
[3.219s] -- Up-to-date: /home/hermes/Hermes/hermes_ws/install/hermes_interfaces/include/hermes_interfaces/hermes_interfaces/msg/rosidl_typesupport_fastrtps_c__visibility_control.h
[3.219s] -- Up-to-date: /home/hermes/Hermes/hermes_ws/install/hermes_interfaces/include/hermes_interfaces/hermes_interfaces/msg/detail
[3.220s] -- Up-to-date: /home/hermes/Hermes/hermes_ws/install/hermes_interfaces/include/hermes_interfaces/hermes_interfaces/msg/detail/gps_fixed__rosidl_typesupport_fastrtps_c.h
[3.220s] -- Up-to-date: /home/hermes/Hermes/hermes_ws/install/hermes_interfaces/lib/libhermes_interfaces__rosidl_typesupport_fastrtps_c.so
[3.220s] -- Up-to-date: /home/hermes/Hermes/hermes_ws/install/hermes_interfaces/include/hermes_interfaces/hermes_interfaces
[3.220s] -- Up-to-date: /home/hermes/Hermes/hermes_ws/install/hermes_interfaces/include/hermes_interfaces/hermes_interfaces/msg
[3.220s] -- Up-to-date: /home/hermes/Hermes/hermes_ws/install/hermes_interfaces/include/hermes_interfaces/hermes_interfaces/msg/detail
[3.221s] -- Up-to-date: /home/hermes/Hermes/hermes_ws/install/hermes_interfaces/include/hermes_interfaces/hermes_interfaces/msg/detail/gps_fixed__type_support.c
[3.221s] -- Up-to-date: /home/hermes/Hermes/hermes_ws/install/hermes_interfaces/include/hermes_interfaces/hermes_interfaces/msg/detail/gps_fixed__rosidl_typesupport_introspection_c.h
[3.221s] -- Up-to-date: /home/hermes/Hermes/hermes_ws/install/hermes_interfaces/include/hermes_interfaces/hermes_interfaces/msg/rosidl_typesupport_introspection_c__visibility_control.h
[3.221s] -- Up-to-date: /home/hermes/Hermes/hermes_ws/install/hermes_interfaces/lib/libhermes_interfaces__rosidl_typesupport_introspection_c.so
[3.221s] -- Up-to-date: /home/hermes/Hermes/hermes_ws/install/hermes_interfaces/lib/libhermes_interfaces__rosidl_typesupport_c.so
[3.222s] -- Up-to-date: /home/hermes/Hermes/hermes_ws/install/hermes_interfaces/include/hermes_interfaces/hermes_interfaces
[3.222s] -- Up-to-date: /home/hermes/Hermes/hermes_ws/install/hermes_interfaces/include/hermes_interfaces/hermes_interfaces/msg
[3.222s] -- Up-to-date: /home/hermes/Hermes/hermes_ws/install/hermes_interfaces/include/hermes_interfaces/hermes_interfaces/msg/gps_fixed.hpp
[3.222s] -- Up-to-date: /home/hermes/Hermes/hermes_ws/install/hermes_interfaces/include/hermes_interfaces/hermes_interfaces/msg/detail
[3.222s] -- Up-to-date: /home/hermes/Hermes/hermes_ws/install/hermes_interfaces/include/hermes_interfaces/hermes_interfaces/msg/detail/gps_fixed__traits.hpp
[3.222s] -- Up-to-date: /home/hermes/Hermes/hermes_ws/install/hermes_interfaces/include/hermes_interfaces/hermes_interfaces/msg/detail/gps_fixed__struct.hpp
[3.223s] -- Up-to-date: /home/hermes/Hermes/hermes_ws/install/hermes_interfaces/include/hermes_interfaces/hermes_interfaces/msg/detail/gps_fixed__builder.hpp
[3.223s] -- Up-to-date: /home/hermes/Hermes/hermes_ws/install/hermes_interfaces/include/hermes_interfaces/hermes_interfaces
[3.223s] -- Up-to-date: /home/hermes/Hermes/hermes_ws/install/hermes_interfaces/include/hermes_interfaces/hermes_interfaces/msg
[3.223s] -- Up-to-date: /home/hermes/Hermes/hermes_ws/install/hermes_interfaces/include/hermes_interfaces/hermes_interfaces/msg/detail
[3.223s] -- Up-to-date: /home/hermes/Hermes/hermes_ws/install/hermes_interfaces/include/hermes_interfaces/hermes_interfaces/msg/detail/gps_fixed__rosidl_typesupport_fastrtps_cpp.hpp
[3.223s] -- Up-to-date: /home/hermes/Hermes/hermes_ws/install/hermes_interfaces/include/hermes_interfaces/hermes_interfaces/msg/detail/dds_fastrtps
[3.224s] -- Up-to-date: /home/hermes/Hermes/hermes_ws/install/hermes_interfaces/include/hermes_interfaces/hermes_interfaces/msg/rosidl_typesupport_fastrtps_cpp__visibility_control.h
[3.224s] -- Up-to-date: /home/hermes/Hermes/hermes_ws/install/hermes_interfaces/lib/libhermes_interfaces__rosidl_typesupport_fastrtps_cpp.so
[3.224s] -- Up-to-date: /home/hermes/Hermes/hermes_ws/install/hermes_interfaces/include/hermes_interfaces/hermes_interfaces
[3.224s] -- Up-to-date: /home/hermes/Hermes/hermes_ws/install/hermes_interfaces/include/hermes_interfaces/hermes_interfaces/msg
[3.224s] -- Up-to-date: /home/hermes/Hermes/hermes_ws/install/hermes_interfaces/include/hermes_interfaces/hermes_interfaces/msg/detail
[3.224s] -- Up-to-date: /home/hermes/Hermes/hermes_ws/install/hermes_interfaces/include/hermes_interfaces/hermes_interfaces/msg/detail/gps_fixed__rosidl_typesupport_introspection_cpp.hpp
[3.225s] -- Up-to-date: /home/hermes/Hermes/hermes_ws/install/hermes_interfaces/include/hermes_interfaces/hermes_interfaces/msg/detail/gps_fixed__type_support.cpp
[3.225s] -- Up-to-date: /home/hermes/Hermes/hermes_ws/install/hermes_interfaces/lib/libhermes_interfaces__rosidl_typesupport_introspection_cpp.so
[3.225s] -- Up-to-date: /home/hermes/Hermes/hermes_ws/install/hermes_interfaces/lib/libhermes_interfaces__rosidl_typesupport_cpp.so
[3.226s] -- Up-to-date: /home/hermes/Hermes/hermes_ws/install/hermes_interfaces/share/hermes_interfaces/environment/pythonpath.sh
[3.226s] -- Up-to-date: /home/hermes/Hermes/hermes_ws/install/hermes_interfaces/share/hermes_interfaces/environment/pythonpath.dsv
[3.227s] -- Up-to-date: /home/hermes/Hermes/hermes_ws/install/hermes_interfaces/local/lib/python3.10/dist-packages/hermes_interfaces-0.0.0-py3.10.egg-info
[3.227s] -- Installing: /home/hermes/Hermes/hermes_ws/install/hermes_interfaces/local/lib/python3.10/dist-packages/hermes_interfaces-0.0.0-py3.10.egg-info/dependency_links.txt
[3.227s] -- Installing: /home/hermes/Hermes/hermes_ws/install/hermes_interfaces/local/lib/python3.10/dist-packages/hermes_interfaces-0.0.0-py3.10.egg-info/SOURCES.txt
[3.228s] -- Installing: /home/hermes/Hermes/hermes_ws/install/hermes_interfaces/local/lib/python3.10/dist-packages/hermes_interfaces-0.0.0-py3.10.egg-info/PKG-INFO
[3.228s] -- Installing: /home/hermes/Hermes/hermes_ws/install/hermes_interfaces/local/lib/python3.10/dist-packages/hermes_interfaces-0.0.0-py3.10.egg-info/top_level.txt
[3.228s] -- Up-to-date: /home/hermes/Hermes/hermes_ws/install/hermes_interfaces/local/lib/python3.10/dist-packages/hermes_interfaces
[3.229s] -- Up-to-date: /home/hermes/Hermes/hermes_ws/install/hermes_interfaces/local/lib/python3.10/dist-packages/hermes_interfaces/libhermes_interfaces__rosidl_generator_py.so
[3.229s] -- Up-to-date: /home/hermes/Hermes/hermes_ws/install/hermes_interfaces/local/lib/python3.10/dist-packages/hermes_interfaces/hermes_interfaces_s__rosidl_typesupport_introspection_c.cpython-310-aarch64-linux-gnu.so
[3.229s] -- Up-to-date: /home/hermes/Hermes/hermes_ws/install/hermes_interfaces/local/lib/python3.10/dist-packages/hermes_interfaces/_hermes_interfaces_s.ep.rosidl_typesupport_introspection_c.c
[3.230s] -- Up-to-date: /home/hermes/Hermes/hermes_ws/install/hermes_interfaces/local/lib/python3.10/dist-packages/hermes_interfaces/__init__.py
[3.230s] -- Up-to-date: /home/hermes/Hermes/hermes_ws/install/hermes_interfaces/local/lib/python3.10/dist-packages/hermes_interfaces/msg
[3.230s] -- Up-to-date: /home/hermes/Hermes/hermes_ws/install/hermes_interfaces/local/lib/python3.10/dist-packages/hermes_interfaces/msg/__init__.py
[3.231s] -- Up-to-date: /home/hermes/Hermes/hermes_ws/install/hermes_interfaces/local/lib/python3.10/dist-packages/hermes_interfaces/msg/_gps_fixed.py
[3.231s] -- Up-to-date: /home/hermes/Hermes/hermes_ws/install/hermes_interfaces/local/lib/python3.10/dist-packages/hermes_interfaces/msg/_gps_fixed_s.c
[3.233s] -- Up-to-date: /home/hermes/Hermes/hermes_ws/install/hermes_interfaces/local/lib/python3.10/dist-packages/hermes_interfaces/_hermes_interfaces_s.ep.rosidl_typesupport_c.c
[3.233s] -- Up-to-date: /home/hermes/Hermes/hermes_ws/install/hermes_interfaces/local/lib/python3.10/dist-packages/hermes_interfaces/hermes_interfaces_s__rosidl_typesupport_fastrtps_c.cpython-310-aarch64-linux-gnu.so
[3.234s] -- Up-to-date: /home/hermes/Hermes/hermes_ws/install/hermes_interfaces/local/lib/python3.10/dist-packages/hermes_interfaces/_hermes_interfaces_s.ep.rosidl_typesupport_fastrtps_c.c
[3.234s] -- Up-to-date: /home/hermes/Hermes/hermes_ws/install/hermes_interfaces/local/lib/python3.10/dist-packages/hermes_interfaces/hermes_interfaces_s__rosidl_typesupport_c.cpython-310-aarch64-linux-gnu.so
[3.235s] Listing '/home/hermes/Hermes/hermes_ws/install/hermes_interfaces/local/lib/python3.10/dist-packages/hermes_interfaces'...
[3.235s] Listing '/home/hermes/Hermes/hermes_ws/install/hermes_interfaces/local/lib/python3.10/dist-packages/hermes_interfaces/msg'...
[3.236s] -- Up-to-date: /home/hermes/Hermes/hermes_ws/install/hermes_interfaces/local/lib/python3.10/dist-packages/hermes_interfaces/hermes_interfaces_s__rosidl_typesupport_fastrtps_c.cpython-310-aarch64-linux-gnu.so
[3.236s] -- Up-to-date: /home/hermes/Hermes/hermes_ws/install/hermes_interfaces/local/lib/python3.10/dist-packages/hermes_interfaces/hermes_interfaces_s__rosidl_typesupport_introspection_c.cpython-310-aarch64-linux-gnu.so
[3.236s] -- Up-to-date: /home/hermes/Hermes/hermes_ws/install/hermes_interfaces/local/lib/python3.10/dist-packages/hermes_interfaces/hermes_interfaces_s__rosidl_typesupport_c.cpython-310-aarch64-linux-gnu.so
[3.237s] -- Up-to-date: /home/hermes/Hermes/hermes_ws/install/hermes_interfaces/lib/libhermes_interfaces__rosidl_generator_py.so
[3.237s] -- Up-to-date: /home/hermes/Hermes/hermes_ws/install/hermes_interfaces/share/hermes_interfaces/msg/GpsFixed.idl
[3.237s] -- Up-to-date: /home/hermes/Hermes/hermes_ws/install/hermes_interfaces/share/hermes_interfaces/msg/GpsFixed.msg
[3.237s] -- Up-to-date: /home/hermes/Hermes/hermes_ws/install/hermes_interfaces/share/ament_index/resource_index/package_run_dependencies/hermes_interfaces
[3.238s] -- Up-to-date: /home/hermes/Hermes/hermes_ws/install/hermes_interfaces/share/ament_index/resource_index/parent_prefix_path/hermes_interfaces
[3.239s] -- Up-to-date: /home/hermes/Hermes/hermes_ws/install/hermes_interfaces/share/hermes_interfaces/environment/ament_prefix_path.sh
[3.241s] -- Up-to-date: /home/hermes/Hermes/hermes_ws/install/hermes_interfaces/share/hermes_interfaces/environment/ament_prefix_path.dsv
[3.242s] -- Up-to-date: /home/hermes/Hermes/hermes_ws/install/hermes_interfaces/share/hermes_interfaces/environment/path.sh
[3.242s] -- Up-to-date: /home/hermes/Hermes/hermes_ws/install/hermes_interfaces/share/hermes_interfaces/environment/path.dsv
[3.242s] -- Up-to-date: /home/hermes/Hermes/hermes_ws/install/hermes_interfaces/share/hermes_interfaces/local_setup.bash
[3.242s] -- Up-to-date: /home/hermes/Hermes/hermes_ws/install/hermes_interfaces/share/hermes_interfaces/local_setup.sh
[3.243s] -- Up-to-date: /home/hermes/Hermes/hermes_ws/install/hermes_interfaces/share/hermes_interfaces/local_setup.zsh
[3.243s] -- Up-to-date: /home/hermes/Hermes/hermes_ws/install/hermes_interfaces/share/hermes_interfaces/local_setup.dsv
[3.244s] -- Installing: /home/hermes/Hermes/hermes_ws/install/hermes_interfaces/share/hermes_interfaces/package.dsv
[3.244s] -- Up-to-date: /home/hermes/Hermes/hermes_ws/install/hermes_interfaces/share/ament_index/resource_index/packages/hermes_interfaces
[3.245s] -- Up-to-date: /home/hermes/Hermes/hermes_ws/install/hermes_interfaces/share/hermes_interfaces/cmake/export_hermes_interfaces__rosidl_generator_cExport.cmake
[3.245s] -- Up-to-date: /home/hermes/Hermes/hermes_ws/install/hermes_interfaces/share/hermes_interfaces/cmake/export_hermes_interfaces__rosidl_generator_cExport-noconfig.cmake
[3.246s] -- Up-to-date: /home/hermes/Hermes/hermes_ws/install/hermes_interfaces/share/hermes_interfaces/cmake/export_hermes_interfaces__rosidl_typesupport_fastrtps_cExport.cmake
[3.246s] -- Up-to-date: /home/hermes/Hermes/hermes_ws/install/hermes_interfaces/share/hermes_interfaces/cmake/export_hermes_interfaces__rosidl_typesupport_fastrtps_cExport-noconfig.cmake
[3.247s] -- Up-to-date: /home/hermes/Hermes/hermes_ws/install/hermes_interfaces/share/hermes_interfaces/cmake/hermes_interfaces__rosidl_typesupport_introspection_cExport.cmake
[3.247s] -- Up-to-date: /home/hermes/Hermes/hermes_ws/install/hermes_interfaces/share/hermes_interfaces/cmake/hermes_interfaces__rosidl_typesupport_introspection_cExport-noconfig.cmake
[3.248s] -- Up-to-date: /home/hermes/Hermes/hermes_ws/install/hermes_interfaces/share/hermes_interfaces/cmake/hermes_interfaces__rosidl_typesupport_cExport.cmake
[3.249s] -- Up-to-date: /home/hermes/Hermes/hermes_ws/install/hermes_interfaces/share/hermes_interfaces/cmake/hermes_interfaces__rosidl_typesupport_cExport-noconfig.cmake
[3.249s] -- Up-to-date: /home/hermes/Hermes/hermes_ws/install/hermes_interfaces/share/hermes_interfaces/cmake/export_hermes_interfaces__rosidl_generator_cppExport.cmake
[3.249s] -- Up-to-date: /home/hermes/Hermes/hermes_ws/install/hermes_interfaces/share/hermes_interfaces/cmake/export_hermes_interfaces__rosidl_typesupport_fastrtps_cppExport.cmake
[3.250s] -- Up-to-date: /home/hermes/Hermes/hermes_ws/install/hermes_interfaces/share/hermes_interfaces/cmake/export_hermes_interfaces__rosidl_typesupport_fastrtps_cppExport-noconfig.cmake
[3.250s] -- Up-to-date: /home/hermes/Hermes/hermes_ws/install/hermes_interfaces/share/hermes_interfaces/cmake/hermes_interfaces__rosidl_typesupport_introspection_cppExport.cmake
[3.251s] -- Up-to-date: /home/hermes/Hermes/hermes_ws/install/hermes_interfaces/share/hermes_interfaces/cmake/hermes_interfaces__rosidl_typesupport_introspection_cppExport-noconfig.cmake
[3.251s] -- Up-to-date: /home/hermes/Hermes/hermes_ws/install/hermes_interfaces/share/hermes_interfaces/cmake/hermes_interfaces__rosidl_typesupport_cppExport.cmake
[3.252s] -- Up-to-date: /home/hermes/Hermes/hermes_ws/install/hermes_interfaces/share/hermes_interfaces/cmake/hermes_interfaces__rosidl_typesupport_cppExport-noconfig.cmake
[3.253s] -- Up-to-date: /home/hermes/Hermes/hermes_ws/install/hermes_interfaces/share/hermes_interfaces/cmake/export_hermes_interfaces__rosidl_generator_pyExport.cmake
[3.253s] -- Up-to-date: /home/hermes/Hermes/hermes_ws/install/hermes_interfaces/share/hermes_interfaces/cmake/export_hermes_interfaces__rosidl_generator_pyExport-noconfig.cmake
[3.253s] -- Up-to-date: /home/hermes/Hermes/hermes_ws/install/hermes_interfaces/share/hermes_interfaces/cmake/rosidl_cmake-extras.cmake
[3.254s] -- Up-to-date: /home/hermes/Hermes/hermes_ws/install/hermes_interfaces/share/hermes_interfaces/cmake/ament_cmake_export_include_directories-extras.cmake
[3.255s] -- Up-to-date: /home/hermes/Hermes/hermes_ws/install/hermes_interfaces/share/hermes_interfaces/cmake/ament_cmake_export_libraries-extras.cmake
[3.256s] -- Up-to-date: /home/hermes/Hermes/hermes_ws/install/hermes_interfaces/share/hermes_interfaces/cmake/ament_cmake_export_targets-extras.cmake
[3.258s] -- Up-to-date: /home/hermes/Hermes/hermes_ws/install/hermes_interfaces/share/hermes_interfaces/cmake/rosidl_cmake_export_typesupport_targets-extras.cmake
[3.258s] -- Up-to-date: /home/hermes/Hermes/hermes_ws/install/hermes_interfaces/share/hermes_interfaces/cmake/ament_cmake_export_dependencies-extras.cmake
[3.258s] -- Up-to-date: /home/hermes/Hermes/hermes_ws/install/hermes_interfaces/share/hermes_interfaces/cmake/rosidl_cmake_export_typesupport_libraries-extras.cmake
[3.259s] -- Up-to-date: /home/hermes/Hermes/hermes_ws/install/hermes_interfaces/share/hermes_interfaces/cmake/hermes_interfacesConfig.cmake
[3.259s] -- Up-to-date: /home/hermes/Hermes/hermes_ws/install/hermes_interfaces/share/hermes_interfaces/cmake/hermes_interfacesConfig-version.cmake
[3.259s] -- Up-to-date: /home/hermes/Hermes/hermes_ws/install/hermes_interfaces/share/hermes_interfaces/package.xml
[3.260s] Invoked command in '/home/hermes/Hermes/hermes_ws/build/hermes_interfaces' returned '0': CMAKE_PREFIX_PATH=${CMAKE_PREFIX_PATH}:/home/hermes/Hermes/hermes_ws/install/tof_publisher:/home/hermes/Hermes/hermes_ws/install/teleop_control:/home/hermes/Hermes/hermes_ws/install/robot_model:/home/hermes/Hermes/hermes_ws/install/odometry:/home/hermes/Hermes/hermes_ws/install/my_robot_description:/home/hermes/Hermes/hermes_ws/install/lidar_publisher:/home/hermes/Hermes/hermes_ws/install/launch_files:/home/hermes/Hermes/hermes_ws/install/imu_publisher:/home/hermes/Hermes/hermes_ws/install/cmd_vel:/home/hermes/Hermes/hermes_ws/install/cameras:/home/hermes/Downloads/hermes/ros2_ws/src/install/ros2_video_stream_pkg:/opt/ros/humble /usr/bin/cmake --install /home/hermes/Hermes/hermes_ws/build/hermes_interfaces
