[1.935s] Invoking command in '/home/raivo/Hermes_Latest_version/hermes_ws/src/imu_raw_publisher': PYTHONPATH=/home/raivo/Hermes_Latest_version/hermes_ws/build/icm20948_publisher/prefix_override:/home/raivo/Hermes_Latest_version/hermes_ws/install/icm20948_publisher/lib/python3.10/site-packages:${PYTHONPATH} /usr/bin/python3 -W ignore:setup.py install is deprecated setup.py egg_info --egg-base ../../build/icm20948_publisher build --build-base /home/raivo/Hermes_Latest_version/hermes_ws/build/icm20948_publisher/build install --record /home/raivo/Hermes_Latest_version/hermes_ws/build/icm20948_publisher/install.log --single-version-externally-managed install_data
[2.284s] running egg_info
[2.285s] creating ../../build/icm20948_publisher/icm20948_publisher.egg-info
[2.286s] writing ../../build/icm20948_publisher/icm20948_publisher.egg-info/PKG-INFO
[2.286s] writing dependency_links to ../../build/icm20948_publisher/icm20948_publisher.egg-info/dependency_links.txt
[2.286s] writing entry points to ../../build/icm20948_publisher/icm20948_publisher.egg-info/entry_points.txt
[2.286s] writing requirements to ../../build/icm20948_publisher/icm20948_publisher.egg-info/requires.txt
[2.286s] writing top-level names to ../../build/icm20948_publisher/icm20948_publisher.egg-info/top_level.txt
[2.286s] writing manifest file '../../build/icm20948_publisher/icm20948_publisher.egg-info/SOURCES.txt'
[2.290s] reading manifest file '../../build/icm20948_publisher/icm20948_publisher.egg-info/SOURCES.txt'
[2.290s] writing manifest file '../../build/icm20948_publisher/icm20948_publisher.egg-info/SOURCES.txt'
[2.290s] running build
[2.290s] running build_py
[2.290s] creating /home/raivo/Hermes_Latest_version/hermes_ws/build/icm20948_publisher/build
[2.290s] creating /home/raivo/Hermes_Latest_version/hermes_ws/build/icm20948_publisher/build/lib
[2.290s] creating /home/raivo/Hermes_Latest_version/hermes_ws/build/icm20948_publisher/build/lib/icm20948_publisher
[2.291s] copying icm20948_publisher/icm_imu.py -> /home/raivo/Hermes_Latest_version/hermes_ws/build/icm20948_publisher/build/lib/icm20948_publisher
[2.291s] copying icm20948_publisher/__init__.py -> /home/raivo/Hermes_Latest_version/hermes_ws/build/icm20948_publisher/build/lib/icm20948_publisher
[2.291s] running install
[2.291s] running install_lib
[2.296s] creating /home/raivo/Hermes_Latest_version/hermes_ws/install/icm20948_publisher/lib/python3.10/site-packages/icm20948_publisher
[2.296s] copying /home/raivo/Hermes_Latest_version/hermes_ws/build/icm20948_publisher/build/lib/icm20948_publisher/icm_imu.py -> /home/raivo/Hermes_Latest_version/hermes_ws/install/icm20948_publisher/lib/python3.10/site-packages/icm20948_publisher
[2.296s] copying /home/raivo/Hermes_Latest_version/hermes_ws/build/icm20948_publisher/build/lib/icm20948_publisher/__init__.py -> /home/raivo/Hermes_Latest_version/hermes_ws/install/icm20948_publisher/lib/python3.10/site-packages/icm20948_publisher
[2.296s] byte-compiling /home/raivo/Hermes_Latest_version/hermes_ws/install/icm20948_publisher/lib/python3.10/site-packages/icm20948_publisher/icm_imu.py to icm_imu.cpython-310.pyc
[2.297s] byte-compiling /home/raivo/Hermes_Latest_version/hermes_ws/install/icm20948_publisher/lib/python3.10/site-packages/icm20948_publisher/__init__.py to __init__.cpython-310.pyc
[2.300s] running install_data
[2.300s] creating /home/raivo/Hermes_Latest_version/hermes_ws/install/icm20948_publisher/share/ament_index
[2.300s] creating /home/raivo/Hermes_Latest_version/hermes_ws/install/icm20948_publisher/share/ament_index/resource_index
[2.300s] creating /home/raivo/Hermes_Latest_version/hermes_ws/install/icm20948_publisher/share/ament_index/resource_index/packages
[2.300s] copying resource/icm20948_publisher -> /home/raivo/Hermes_Latest_version/hermes_ws/install/icm20948_publisher/share/ament_index/resource_index/packages
[2.300s] copying package.xml -> /home/raivo/Hermes_Latest_version/hermes_ws/install/icm20948_publisher/share/icm20948_publisher
[2.300s] running install_egg_info
[2.305s] Copying ../../build/icm20948_publisher/icm20948_publisher.egg-info to /home/raivo/Hermes_Latest_version/hermes_ws/install/icm20948_publisher/lib/python3.10/site-packages/icm20948_publisher-0.0.0-py3.10.egg-info
[2.305s] running install_scripts
[2.320s] Installing icm_imu script to /home/raivo/Hermes_Latest_version/hermes_ws/install/icm20948_publisher/lib/icm20948_publisher
[2.320s] writing list of installed files to '/home/raivo/Hermes_Latest_version/hermes_ws/build/icm20948_publisher/install.log'
[2.405s] Invoked command in '/home/raivo/Hermes_Latest_version/hermes_ws/src/imu_raw_publisher' returned '0': PYTHONPATH=/home/raivo/Hermes_Latest_version/hermes_ws/build/icm20948_publisher/prefix_override:/home/raivo/Hermes_Latest_version/hermes_ws/install/icm20948_publisher/lib/python3.10/site-packages:${PYTHONPATH} /usr/bin/python3 -W ignore:setup.py install is deprecated setup.py egg_info --egg-base ../../build/icm20948_publisher build --build-base /home/raivo/Hermes_Latest_version/hermes_ws/build/icm20948_publisher/build install --record /home/raivo/Hermes_Latest_version/hermes_ws/build/icm20948_publisher/install.log --single-version-externally-managed install_data
