[1.355s] Invoking command in '/home/hermes/Hermes/hermes_ws/build/hermes_interfaces': CMAKE_PREFIX_PATH=${CMAKE_PREFIX_PATH}:/home/hermes/Hermes/hermes_ws/install/tof_publisher:/home/hermes/Hermes/hermes_ws/install/teleop_control:/home/hermes/Hermes/hermes_ws/install/robot_model:/home/hermes/Hermes/hermes_ws/install/odometry:/home/hermes/Hermes/hermes_ws/install/my_robot_description:/home/hermes/Hermes/hermes_ws/install/lidar_publisher:/home/hermes/Hermes/hermes_ws/install/launch_files:/home/hermes/Hermes/hermes_ws/install/imu_publisher:/home/hermes/Hermes/hermes_ws/install/cmd_vel:/home/hermes/Hermes/hermes_ws/install/cameras:/home/hermes/Downloads/hermes/Hermes/install/tof_publisher:/home/hermes/Downloads/hermes/Hermes/install/teleop_control:/home/hermes/Downloads/hermes/Hermes/install/odometry:/home/hermes/Downloads/hermes/Hermes/install/imu_publisher:/home/hermes/Downloads/hermes/Hermes/install/gps_publisher:/home/hermes/Downloads/hermes/Hermes/install/cmd_vel:/home/hermes/Downloads/hermes/Hermes/install/cameras:/home/hermes/Downloads/hermes/ros2_ws/src/install/ros2_video_stream_pkg:/opt/ros/humble /usr/bin/cmake --build /home/hermes/Hermes/hermes_ws/build/hermes_interfaces -- -j6 -l6
[1.474s] [  9%] Built target hermes_interfaces__rosidl_generator_c
[1.476s] [ 12%] Built target hermes_interfaces__cpp
[1.521s] [ 12%] Built target ament_cmake_python_copy_hermes_interfaces
[1.537s] [ 22%] Built target hermes_interfaces__rosidl_typesupport_fastrtps_c
[1.550s] [ 32%] Built target hermes_interfaces__rosidl_typesupport_c
[1.558s] [ 41%] Built target hermes_interfaces__rosidl_typesupport_introspection_c
[1.591s] [ 51%] Built target hermes_interfaces__rosidl_typesupport_fastrtps_cpp
[1.617s] [ 61%] Built target hermes_interfaces__rosidl_typesupport_introspection_cpp
[1.625s] [ 70%] Built target hermes_interfaces__rosidl_typesupport_cpp
[1.677s] [ 70%] Built target hermes_interfaces
[1.756s] [ 74%] Built target hermes_interfaces__py
[1.857s] [ 80%] Built target hermes_interfaces__rosidl_generator_py
[1.912s] [ 87%] Built target hermes_interfaces__rosidl_typesupport_introspection_c__pyext
[1.929s] [ 93%] Built target hermes_interfaces__rosidl_typesupport_fastrtps_c__pyext
[1.930s] [100%] Built target hermes_interfaces__rosidl_typesupport_c__pyext
[2.271s] running egg_info
[2.274s] writing hermes_interfaces.egg-info/PKG-INFO
[2.275s] writing dependency_links to hermes_interfaces.egg-info/dependency_links.txt
[2.276s] writing top-level names to hermes_interfaces.egg-info/top_level.txt
[2.282s] reading manifest file 'hermes_interfaces.egg-info/SOURCES.txt'
[2.284s] writing manifest file 'hermes_interfaces.egg-info/SOURCES.txt'
[2.378s] [100%] Built target ament_cmake_python_build_hermes_interfaces_egg
[2.651s] Invoked command in '/home/hermes/Hermes/hermes_ws/build/hermes_interfaces' returned '0': CMAKE_PREFIX_PATH=${CMAKE_PREFIX_PATH}:/home/hermes/Hermes/hermes_ws/install/tof_publisher:/home/hermes/Hermes/hermes_ws/install/teleop_control:/home/hermes/Hermes/hermes_ws/install/robot_model:/home/hermes/Hermes/hermes_ws/install/odometry:/home/hermes/Hermes/hermes_ws/install/my_robot_description:/home/hermes/Hermes/hermes_ws/install/lidar_publisher:/home/hermes/Hermes/hermes_ws/install/launch_files:/home/hermes/Hermes/hermes_ws/install/imu_publisher:/home/hermes/Hermes/hermes_ws/install/cmd_vel:/home/hermes/Hermes/hermes_ws/install/cameras:/home/hermes/Downloads/hermes/Hermes/install/tof_publisher:/home/hermes/Downloads/hermes/Hermes/install/teleop_control:/home/hermes/Downloads/hermes/Hermes/install/odometry:/home/hermes/Downloads/hermes/Hermes/install/imu_publisher:/home/hermes/Downloads/hermes/Hermes/install/gps_publisher:/home/hermes/Downloads/hermes/Hermes/install/cmd_vel:/home/hermes/Downloads/hermes/Hermes/install/cameras:/home/hermes/Downloads/hermes/ros2_ws/src/install/ros2_video_stream_pkg:/opt/ros/humble /usr/bin/cmake --build /home/hermes/Hermes/hermes_ws/build/hermes_interfaces -- -j6 -l6
[2.790s] Invoking command in '/home/hermes/Hermes/hermes_ws/build/hermes_interfaces': CMAKE_PREFIX_PATH=${CMAKE_PREFIX_PATH}:/home/hermes/Hermes/hermes_ws/install/tof_publisher:/home/hermes/Hermes/hermes_ws/install/teleop_control:/home/hermes/Hermes/hermes_ws/install/robot_model:/home/hermes/Hermes/hermes_ws/install/odometry:/home/hermes/Hermes/hermes_ws/install/my_robot_description:/home/hermes/Hermes/hermes_ws/install/lidar_publisher:/home/hermes/Hermes/hermes_ws/install/launch_files:/home/hermes/Hermes/hermes_ws/install/imu_publisher:/home/hermes/Hermes/hermes_ws/install/cmd_vel:/home/hermes/Hermes/hermes_ws/install/cameras:/home/hermes/Downloads/hermes/Hermes/install/tof_publisher:/home/hermes/Downloads/hermes/Hermes/install/teleop_control:/home/hermes/Downloads/hermes/Hermes/install/odometry:/home/hermes/Downloads/hermes/Hermes/install/imu_publisher:/home/hermes/Downloads/hermes/Hermes/install/gps_publisher:/home/hermes/Downloads/hermes/Hermes/install/cmd_vel:/home/hermes/Downloads/hermes/Hermes/install/cameras:/home/hermes/Downloads/hermes/ros2_ws/src/install/ros2_video_stream_pkg:/opt/ros/humble /usr/bin/cmake --install /home/hermes/Hermes/hermes_ws/build/hermes_interfaces
[2.818s] -- Install configuration: ""
[2.819s] -- Up-to-date: /home/hermes/Hermes/hermes_ws/install/hermes_interfaces/share/ament_index/resource_index/rosidl_interfaces/hermes_interfaces
[2.819s] -- Up-to-date: /home/hermes/Hermes/hermes_ws/install/hermes_interfaces/include/hermes_interfaces/hermes_interfaces
[2.820s] -- Up-to-date: /home/hermes/Hermes/hermes_ws/install/hermes_interfaces/include/hermes_interfaces/hermes_interfaces/msg
[2.821s] -- Up-to-date: /home/hermes/Hermes/hermes_ws/install/hermes_interfaces/include/hermes_interfaces/hermes_interfaces/msg/rosidl_generator_c__visibility_control.h
[2.825s] -- Up-to-date: /home/hermes/Hermes/hermes_ws/install/hermes_interfaces/include/hermes_interfaces/hermes_interfaces/msg/detail
[2.825s] -- Up-to-date: /home/hermes/Hermes/hermes_ws/install/hermes_interfaces/include/hermes_interfaces/hermes_interfaces/msg/detail/gps_fixed__functions.h
[2.825s] -- Up-to-date: /home/hermes/Hermes/hermes_ws/install/hermes_interfaces/include/hermes_interfaces/hermes_interfaces/msg/detail/gps_fixed__functions.c
[2.825s] -- Up-to-date: /home/hermes/Hermes/hermes_ws/install/hermes_interfaces/include/hermes_interfaces/hermes_interfaces/msg/detail/gps_fixed__type_support.h
[2.826s] -- Up-to-date: /home/hermes/Hermes/hermes_ws/install/hermes_interfaces/include/hermes_interfaces/hermes_interfaces/msg/detail/gps_fixed__struct.h
[2.826s] -- Up-to-date: /home/hermes/Hermes/hermes_ws/install/hermes_interfaces/include/hermes_interfaces/hermes_interfaces/msg/gps_fixed.h
[2.826s] -- Up-to-date: /home/hermes/Hermes/hermes_ws/install/hermes_interfaces/share/hermes_interfaces/environment/library_path.sh
[2.827s] -- Up-to-date: /home/hermes/Hermes/hermes_ws/install/hermes_interfaces/share/hermes_interfaces/environment/library_path.dsv
[2.827s] -- Up-to-date: /home/hermes/Hermes/hermes_ws/install/hermes_interfaces/lib/libhermes_interfaces__rosidl_generator_c.so
[2.827s] -- Up-to-date: /home/hermes/Hermes/hermes_ws/install/hermes_interfaces/include/hermes_interfaces/hermes_interfaces
[2.827s] -- Up-to-date: /home/hermes/Hermes/hermes_ws/install/hermes_interfaces/include/hermes_interfaces/hermes_interfaces/msg
[2.827s] -- Up-to-date: /home/hermes/Hermes/hermes_ws/install/hermes_interfaces/include/hermes_interfaces/hermes_interfaces/msg/rosidl_typesupport_fastrtps_c__visibility_control.h
[2.827s] -- Up-to-date: /home/hermes/Hermes/hermes_ws/install/hermes_interfaces/include/hermes_interfaces/hermes_interfaces/msg/detail
[2.827s] -- Up-to-date: /home/hermes/Hermes/hermes_ws/install/hermes_interfaces/include/hermes_interfaces/hermes_interfaces/msg/detail/gps_fixed__rosidl_typesupport_fastrtps_c.h
[2.828s] -- Up-to-date: /home/hermes/Hermes/hermes_ws/install/hermes_interfaces/lib/libhermes_interfaces__rosidl_typesupport_fastrtps_c.so
[2.828s] -- Up-to-date: /home/hermes/Hermes/hermes_ws/install/hermes_interfaces/include/hermes_interfaces/hermes_interfaces
[2.828s] -- Up-to-date: /home/hermes/Hermes/hermes_ws/install/hermes_interfaces/include/hermes_interfaces/hermes_interfaces/msg
[2.828s] -- Up-to-date: /home/hermes/Hermes/hermes_ws/install/hermes_interfaces/include/hermes_interfaces/hermes_interfaces/msg/detail
[2.828s] -- Up-to-date: /home/hermes/Hermes/hermes_ws/install/hermes_interfaces/include/hermes_interfaces/hermes_interfaces/msg/detail/gps_fixed__type_support.c
[2.828s] -- Up-to-date: /home/hermes/Hermes/hermes_ws/install/hermes_interfaces/include/hermes_interfaces/hermes_interfaces/msg/detail/gps_fixed__rosidl_typesupport_introspection_c.h
[2.828s] -- Up-to-date: /home/hermes/Hermes/hermes_ws/install/hermes_interfaces/include/hermes_interfaces/hermes_interfaces/msg/rosidl_typesupport_introspection_c__visibility_control.h
[2.828s] -- Up-to-date: /home/hermes/Hermes/hermes_ws/install/hermes_interfaces/lib/libhermes_interfaces__rosidl_typesupport_introspection_c.so
[2.829s] -- Up-to-date: /home/hermes/Hermes/hermes_ws/install/hermes_interfaces/lib/libhermes_interfaces__rosidl_typesupport_c.so
[2.829s] -- Up-to-date: /home/hermes/Hermes/hermes_ws/install/hermes_interfaces/include/hermes_interfaces/hermes_interfaces
[2.829s] -- Up-to-date: /home/hermes/Hermes/hermes_ws/install/hermes_interfaces/include/hermes_interfaces/hermes_interfaces/msg
[2.829s] -- Up-to-date: /home/hermes/Hermes/hermes_ws/install/hermes_interfaces/include/hermes_interfaces/hermes_interfaces/msg/gps_fixed.hpp
[2.829s] -- Up-to-date: /home/hermes/Hermes/hermes_ws/install/hermes_interfaces/include/hermes_interfaces/hermes_interfaces/msg/detail
[2.829s] -- Up-to-date: /home/hermes/Hermes/hermes_ws/install/hermes_interfaces/include/hermes_interfaces/hermes_interfaces/msg/detail/gps_fixed__traits.hpp
[2.829s] -- Up-to-date: /home/hermes/Hermes/hermes_ws/install/hermes_interfaces/include/hermes_interfaces/hermes_interfaces/msg/detail/gps_fixed__struct.hpp
[2.829s] -- Up-to-date: /home/hermes/Hermes/hermes_ws/install/hermes_interfaces/include/hermes_interfaces/hermes_interfaces/msg/detail/gps_fixed__builder.hpp
[2.836s] -- Up-to-date: /home/hermes/Hermes/hermes_ws/install/hermes_interfaces/include/hermes_interfaces/hermes_interfaces
[2.836s] -- Up-to-date: /home/hermes/Hermes/hermes_ws/install/hermes_interfaces/include/hermes_interfaces/hermes_interfaces/msg
[2.836s] -- Up-to-date: /home/hermes/Hermes/hermes_ws/install/hermes_interfaces/include/hermes_interfaces/hermes_interfaces/msg/detail
[2.836s] -- Up-to-date: /home/hermes/Hermes/hermes_ws/install/hermes_interfaces/include/hermes_interfaces/hermes_interfaces/msg/detail/gps_fixed__rosidl_typesupport_fastrtps_cpp.hpp
[2.837s] -- Up-to-date: /home/hermes/Hermes/hermes_ws/install/hermes_interfaces/include/hermes_interfaces/hermes_interfaces/msg/detail/dds_fastrtps
[2.837s] -- Up-to-date: /home/hermes/Hermes/hermes_ws/install/hermes_interfaces/include/hermes_interfaces/hermes_interfaces/msg/rosidl_typesupport_fastrtps_cpp__visibility_control.h
[2.837s] -- Up-to-date: /home/hermes/Hermes/hermes_ws/install/hermes_interfaces/lib/libhermes_interfaces__rosidl_typesupport_fastrtps_cpp.so
[2.837s] -- Up-to-date: /home/hermes/Hermes/hermes_ws/install/hermes_interfaces/include/hermes_interfaces/hermes_interfaces
[2.837s] -- Up-to-date: /home/hermes/Hermes/hermes_ws/install/hermes_interfaces/include/hermes_interfaces/hermes_interfaces/msg
[2.837s] -- Up-to-date: /home/hermes/Hermes/hermes_ws/install/hermes_interfaces/include/hermes_interfaces/hermes_interfaces/msg/detail
[2.837s] -- Up-to-date: /home/hermes/Hermes/hermes_ws/install/hermes_interfaces/include/hermes_interfaces/hermes_interfaces/msg/detail/gps_fixed__rosidl_typesupport_introspection_cpp.hpp
[2.837s] -- Up-to-date: /home/hermes/Hermes/hermes_ws/install/hermes_interfaces/include/hermes_interfaces/hermes_interfaces/msg/detail/gps_fixed__type_support.cpp
[2.838s] -- Up-to-date: /home/hermes/Hermes/hermes_ws/install/hermes_interfaces/lib/libhermes_interfaces__rosidl_typesupport_introspection_cpp.so
[2.838s] -- Up-to-date: /home/hermes/Hermes/hermes_ws/install/hermes_interfaces/lib/libhermes_interfaces__rosidl_typesupport_cpp.so
[2.838s] -- Up-to-date: /home/hermes/Hermes/hermes_ws/install/hermes_interfaces/share/hermes_interfaces/environment/pythonpath.sh
[2.838s] -- Up-to-date: /home/hermes/Hermes/hermes_ws/install/hermes_interfaces/share/hermes_interfaces/environment/pythonpath.dsv
[2.838s] -- Up-to-date: /home/hermes/Hermes/hermes_ws/install/hermes_interfaces/local/lib/python3.10/dist-packages/hermes_interfaces-0.0.0-py3.10.egg-info
[2.838s] -- Installing: /home/hermes/Hermes/hermes_ws/install/hermes_interfaces/local/lib/python3.10/dist-packages/hermes_interfaces-0.0.0-py3.10.egg-info/dependency_links.txt
[2.838s] -- Installing: /home/hermes/Hermes/hermes_ws/install/hermes_interfaces/local/lib/python3.10/dist-packages/hermes_interfaces-0.0.0-py3.10.egg-info/SOURCES.txt
[2.838s] -- Installing: /home/hermes/Hermes/hermes_ws/install/hermes_interfaces/local/lib/python3.10/dist-packages/hermes_interfaces-0.0.0-py3.10.egg-info/PKG-INFO
[2.839s] -- Installing: /home/hermes/Hermes/hermes_ws/install/hermes_interfaces/local/lib/python3.10/dist-packages/hermes_interfaces-0.0.0-py3.10.egg-info/top_level.txt
[2.839s] -- Up-to-date: /home/hermes/Hermes/hermes_ws/install/hermes_interfaces/local/lib/python3.10/dist-packages/hermes_interfaces
[2.839s] -- Up-to-date: /home/hermes/Hermes/hermes_ws/install/hermes_interfaces/local/lib/python3.10/dist-packages/hermes_interfaces/libhermes_interfaces__rosidl_generator_py.so
[2.839s] -- Up-to-date: /home/hermes/Hermes/hermes_ws/install/hermes_interfaces/local/lib/python3.10/dist-packages/hermes_interfaces/hermes_interfaces_s__rosidl_typesupport_introspection_c.cpython-310-aarch64-linux-gnu.so
[2.839s] -- Up-to-date: /home/hermes/Hermes/hermes_ws/install/hermes_interfaces/local/lib/python3.10/dist-packages/hermes_interfaces/_hermes_interfaces_s.ep.rosidl_typesupport_introspection_c.c
[2.839s] -- Up-to-date: /home/hermes/Hermes/hermes_ws/install/hermes_interfaces/local/lib/python3.10/dist-packages/hermes_interfaces/__init__.py
[2.839s] -- Up-to-date: /home/hermes/Hermes/hermes_ws/install/hermes_interfaces/local/lib/python3.10/dist-packages/hermes_interfaces/msg
[2.840s] -- Up-to-date: /home/hermes/Hermes/hermes_ws/install/hermes_interfaces/local/lib/python3.10/dist-packages/hermes_interfaces/msg/__init__.py
[2.840s] -- Up-to-date: /home/hermes/Hermes/hermes_ws/install/hermes_interfaces/local/lib/python3.10/dist-packages/hermes_interfaces/msg/_gps_fixed.py
[2.840s] -- Up-to-date: /home/hermes/Hermes/hermes_ws/install/hermes_interfaces/local/lib/python3.10/dist-packages/hermes_interfaces/msg/_gps_fixed_s.c
[2.840s] -- Up-to-date: /home/hermes/Hermes/hermes_ws/install/hermes_interfaces/local/lib/python3.10/dist-packages/hermes_interfaces/_hermes_interfaces_s.ep.rosidl_typesupport_c.c
[2.840s] -- Up-to-date: /home/hermes/Hermes/hermes_ws/install/hermes_interfaces/local/lib/python3.10/dist-packages/hermes_interfaces/hermes_interfaces_s__rosidl_typesupport_fastrtps_c.cpython-310-aarch64-linux-gnu.so
[2.840s] -- Up-to-date: /home/hermes/Hermes/hermes_ws/install/hermes_interfaces/local/lib/python3.10/dist-packages/hermes_interfaces/_hermes_interfaces_s.ep.rosidl_typesupport_fastrtps_c.c
[2.840s] -- Up-to-date: /home/hermes/Hermes/hermes_ws/install/hermes_interfaces/local/lib/python3.10/dist-packages/hermes_interfaces/hermes_interfaces_s__rosidl_typesupport_c.cpython-310-aarch64-linux-gnu.so
[2.927s] Listing '/home/hermes/Hermes/hermes_ws/install/hermes_interfaces/local/lib/python3.10/dist-packages/hermes_interfaces'...
[2.927s] Listing '/home/hermes/Hermes/hermes_ws/install/hermes_interfaces/local/lib/python3.10/dist-packages/hermes_interfaces/msg'...
[2.932s] -- Up-to-date: /home/hermes/Hermes/hermes_ws/install/hermes_interfaces/local/lib/python3.10/dist-packages/hermes_interfaces/hermes_interfaces_s__rosidl_typesupport_fastrtps_c.cpython-310-aarch64-linux-gnu.so
[2.933s] -- Up-to-date: /home/hermes/Hermes/hermes_ws/install/hermes_interfaces/local/lib/python3.10/dist-packages/hermes_interfaces/hermes_interfaces_s__rosidl_typesupport_introspection_c.cpython-310-aarch64-linux-gnu.so
[2.933s] -- Up-to-date: /home/hermes/Hermes/hermes_ws/install/hermes_interfaces/local/lib/python3.10/dist-packages/hermes_interfaces/hermes_interfaces_s__rosidl_typesupport_c.cpython-310-aarch64-linux-gnu.so
[2.933s] -- Up-to-date: /home/hermes/Hermes/hermes_ws/install/hermes_interfaces/lib/libhermes_interfaces__rosidl_generator_py.so
[2.934s] -- Up-to-date: /home/hermes/Hermes/hermes_ws/install/hermes_interfaces/share/hermes_interfaces/msg/GpsFixed.idl
[2.934s] -- Up-to-date: /home/hermes/Hermes/hermes_ws/install/hermes_interfaces/share/hermes_interfaces/msg/GpsFixed.msg
[2.934s] -- Up-to-date: /home/hermes/Hermes/hermes_ws/install/hermes_interfaces/share/ament_index/resource_index/package_run_dependencies/hermes_interfaces
[2.934s] -- Up-to-date: /home/hermes/Hermes/hermes_ws/install/hermes_interfaces/share/ament_index/resource_index/parent_prefix_path/hermes_interfaces
[2.934s] -- Up-to-date: /home/hermes/Hermes/hermes_ws/install/hermes_interfaces/share/hermes_interfaces/environment/ament_prefix_path.sh
[2.934s] -- Up-to-date: /home/hermes/Hermes/hermes_ws/install/hermes_interfaces/share/hermes_interfaces/environment/ament_prefix_path.dsv
[2.935s] -- Up-to-date: /home/hermes/Hermes/hermes_ws/install/hermes_interfaces/share/hermes_interfaces/environment/path.sh
[2.935s] -- Up-to-date: /home/hermes/Hermes/hermes_ws/install/hermes_interfaces/share/hermes_interfaces/environment/path.dsv
[2.935s] -- Up-to-date: /home/hermes/Hermes/hermes_ws/install/hermes_interfaces/share/hermes_interfaces/local_setup.bash
[2.935s] -- Up-to-date: /home/hermes/Hermes/hermes_ws/install/hermes_interfaces/share/hermes_interfaces/local_setup.sh
[2.935s] -- Up-to-date: /home/hermes/Hermes/hermes_ws/install/hermes_interfaces/share/hermes_interfaces/local_setup.zsh
[2.935s] -- Up-to-date: /home/hermes/Hermes/hermes_ws/install/hermes_interfaces/share/hermes_interfaces/local_setup.dsv
[2.935s] -- Installing: /home/hermes/Hermes/hermes_ws/install/hermes_interfaces/share/hermes_interfaces/package.dsv
[2.936s] -- Up-to-date: /home/hermes/Hermes/hermes_ws/install/hermes_interfaces/share/ament_index/resource_index/packages/hermes_interfaces
[2.936s] -- Up-to-date: /home/hermes/Hermes/hermes_ws/install/hermes_interfaces/share/hermes_interfaces/cmake/export_hermes_interfaces__rosidl_generator_cExport.cmake
[2.936s] -- Up-to-date: /home/hermes/Hermes/hermes_ws/install/hermes_interfaces/share/hermes_interfaces/cmake/export_hermes_interfaces__rosidl_generator_cExport-noconfig.cmake
[2.936s] -- Up-to-date: /home/hermes/Hermes/hermes_ws/install/hermes_interfaces/share/hermes_interfaces/cmake/export_hermes_interfaces__rosidl_typesupport_fastrtps_cExport.cmake
[2.937s] -- Up-to-date: /home/hermes/Hermes/hermes_ws/install/hermes_interfaces/share/hermes_interfaces/cmake/export_hermes_interfaces__rosidl_typesupport_fastrtps_cExport-noconfig.cmake
[2.937s] -- Up-to-date: /home/hermes/Hermes/hermes_ws/install/hermes_interfaces/share/hermes_interfaces/cmake/hermes_interfaces__rosidl_typesupport_introspection_cExport.cmake
[2.937s] -- Up-to-date: /home/hermes/Hermes/hermes_ws/install/hermes_interfaces/share/hermes_interfaces/cmake/hermes_interfaces__rosidl_typesupport_introspection_cExport-noconfig.cmake
[2.937s] -- Up-to-date: /home/hermes/Hermes/hermes_ws/install/hermes_interfaces/share/hermes_interfaces/cmake/hermes_interfaces__rosidl_typesupport_cExport.cmake
[2.937s] -- Up-to-date: /home/hermes/Hermes/hermes_ws/install/hermes_interfaces/share/hermes_interfaces/cmake/hermes_interfaces__rosidl_typesupport_cExport-noconfig.cmake
[2.938s] -- Up-to-date: /home/hermes/Hermes/hermes_ws/install/hermes_interfaces/share/hermes_interfaces/cmake/export_hermes_interfaces__rosidl_generator_cppExport.cmake
[2.938s] -- Up-to-date: /home/hermes/Hermes/hermes_ws/install/hermes_interfaces/share/hermes_interfaces/cmake/export_hermes_interfaces__rosidl_typesupport_fastrtps_cppExport.cmake
[2.938s] -- Up-to-date: /home/hermes/Hermes/hermes_ws/install/hermes_interfaces/share/hermes_interfaces/cmake/export_hermes_interfaces__rosidl_typesupport_fastrtps_cppExport-noconfig.cmake
[2.938s] -- Up-to-date: /home/hermes/Hermes/hermes_ws/install/hermes_interfaces/share/hermes_interfaces/cmake/hermes_interfaces__rosidl_typesupport_introspection_cppExport.cmake
[2.939s] -- Up-to-date: /home/hermes/Hermes/hermes_ws/install/hermes_interfaces/share/hermes_interfaces/cmake/hermes_interfaces__rosidl_typesupport_introspection_cppExport-noconfig.cmake
[2.939s] -- Up-to-date: /home/hermes/Hermes/hermes_ws/install/hermes_interfaces/share/hermes_interfaces/cmake/hermes_interfaces__rosidl_typesupport_cppExport.cmake
[2.939s] -- Up-to-date: /home/hermes/Hermes/hermes_ws/install/hermes_interfaces/share/hermes_interfaces/cmake/hermes_interfaces__rosidl_typesupport_cppExport-noconfig.cmake
[2.939s] -- Up-to-date: /home/hermes/Hermes/hermes_ws/install/hermes_interfaces/share/hermes_interfaces/cmake/export_hermes_interfaces__rosidl_generator_pyExport.cmake
[2.939s] -- Up-to-date: /home/hermes/Hermes/hermes_ws/install/hermes_interfaces/share/hermes_interfaces/cmake/export_hermes_interfaces__rosidl_generator_pyExport-noconfig.cmake
[2.939s] -- Up-to-date: /home/hermes/Hermes/hermes_ws/install/hermes_interfaces/share/hermes_interfaces/cmake/rosidl_cmake-extras.cmake
[2.940s] -- Up-to-date: /home/hermes/Hermes/hermes_ws/install/hermes_interfaces/share/hermes_interfaces/cmake/ament_cmake_export_include_directories-extras.cmake
[2.940s] -- Up-to-date: /home/hermes/Hermes/hermes_ws/install/hermes_interfaces/share/hermes_interfaces/cmake/ament_cmake_export_libraries-extras.cmake
[2.940s] -- Up-to-date: /home/hermes/Hermes/hermes_ws/install/hermes_interfaces/share/hermes_interfaces/cmake/ament_cmake_export_targets-extras.cmake
[2.940s] -- Up-to-date: /home/hermes/Hermes/hermes_ws/install/hermes_interfaces/share/hermes_interfaces/cmake/rosidl_cmake_export_typesupport_targets-extras.cmake
[2.940s] -- Up-to-date: /home/hermes/Hermes/hermes_ws/install/hermes_interfaces/share/hermes_interfaces/cmake/ament_cmake_export_dependencies-extras.cmake
[2.940s] -- Up-to-date: /home/hermes/Hermes/hermes_ws/install/hermes_interfaces/share/hermes_interfaces/cmake/rosidl_cmake_export_typesupport_libraries-extras.cmake
[2.940s] -- Up-to-date: /home/hermes/Hermes/hermes_ws/install/hermes_interfaces/share/hermes_interfaces/cmake/hermes_interfacesConfig.cmake
[2.940s] -- Up-to-date: /home/hermes/Hermes/hermes_ws/install/hermes_interfaces/share/hermes_interfaces/cmake/hermes_interfacesConfig-version.cmake
[2.941s] -- Up-to-date: /home/hermes/Hermes/hermes_ws/install/hermes_interfaces/share/hermes_interfaces/package.xml
[3.606s] Invoked command in '/home/hermes/Hermes/hermes_ws/build/hermes_interfaces' returned '0': CMAKE_PREFIX_PATH=${CMAKE_PREFIX_PATH}:/home/hermes/Hermes/hermes_ws/install/tof_publisher:/home/hermes/Hermes/hermes_ws/install/teleop_control:/home/hermes/Hermes/hermes_ws/install/robot_model:/home/hermes/Hermes/hermes_ws/install/odometry:/home/hermes/Hermes/hermes_ws/install/my_robot_description:/home/hermes/Hermes/hermes_ws/install/lidar_publisher:/home/hermes/Hermes/hermes_ws/install/launch_files:/home/hermes/Hermes/hermes_ws/install/imu_publisher:/home/hermes/Hermes/hermes_ws/install/cmd_vel:/home/hermes/Hermes/hermes_ws/install/cameras:/home/hermes/Downloads/hermes/Hermes/install/tof_publisher:/home/hermes/Downloads/hermes/Hermes/install/teleop_control:/home/hermes/Downloads/hermes/Hermes/install/odometry:/home/hermes/Downloads/hermes/Hermes/install/imu_publisher:/home/hermes/Downloads/hermes/Hermes/install/gps_publisher:/home/hermes/Downloads/hermes/Hermes/install/cmd_vel:/home/hermes/Downloads/hermes/Hermes/install/cameras:/home/hermes/Downloads/hermes/ros2_ws/src/install/ros2_video_stream_pkg:/opt/ros/humble /usr/bin/cmake --install /home/hermes/Hermes/hermes_ws/build/hermes_interfaces
