/home/raivo/Hermes/hermes_ws/src/install/teleop_control/lib/python3.8/site-packages/teleop_control/joytopub.py
/home/raivo/Hermes/hermes_ws/src/install/teleop_control/lib/python3.8/site-packages/teleop_control/teleop_control_node.py
/home/raivo/Hermes/hermes_ws/src/install/teleop_control/lib/python3.8/site-packages/teleop_control/__init__.py
/home/raivo/Hermes/hermes_ws/src/install/teleop_control/lib/python3.8/site-packages/teleop_control/joytorec.py
/home/raivo/Hermes/hermes_ws/src/install/teleop_control/lib/python3.8/site-packages/teleop_control/keyboard_teleop.py
/home/raivo/Hermes/hermes_ws/src/install/teleop_control/lib/python3.8/site-packages/teleop_control/__pycache__/joytopub.cpython-38.pyc
/home/raivo/Hermes/hermes_ws/src/install/teleop_control/lib/python3.8/site-packages/teleop_control/__pycache__/teleop_control_node.cpython-38.pyc
/home/raivo/Hermes/hermes_ws/src/install/teleop_control/lib/python3.8/site-packages/teleop_control/__pycache__/__init__.cpython-38.pyc
/home/raivo/Hermes/hermes_ws/src/install/teleop_control/lib/python3.8/site-packages/teleop_control/__pycache__/joytorec.cpython-38.pyc
/home/raivo/Hermes/hermes_ws/src/install/teleop_control/lib/python3.8/site-packages/teleop_control/__pycache__/keyboard_teleop.cpython-38.pyc
/home/raivo/Hermes/hermes_ws/src/install/teleop_control/share/ament_index/resource_index/packages/teleop_control
/home/raivo/Hermes/hermes_ws/src/install/teleop_control/share/teleop_control/package.xml
/home/raivo/Hermes/hermes_ws/src/install/teleop_control/lib/python3.8/site-packages/teleop_control-0.0.0-py3.8.egg-info/SOURCES.txt
/home/raivo/Hermes/hermes_ws/src/install/teleop_control/lib/python3.8/site-packages/teleop_control-0.0.0-py3.8.egg-info/zip-safe
/home/raivo/Hermes/hermes_ws/src/install/teleop_control/lib/python3.8/site-packages/teleop_control-0.0.0-py3.8.egg-info/entry_points.txt
/home/raivo/Hermes/hermes_ws/src/install/teleop_control/lib/python3.8/site-packages/teleop_control-0.0.0-py3.8.egg-info/PKG-INFO
/home/raivo/Hermes/hermes_ws/src/install/teleop_control/lib/python3.8/site-packages/teleop_control-0.0.0-py3.8.egg-info/requires.txt
/home/raivo/Hermes/hermes_ws/src/install/teleop_control/lib/python3.8/site-packages/teleop_control-0.0.0-py3.8.egg-info/dependency_links.txt
/home/raivo/Hermes/hermes_ws/src/install/teleop_control/lib/python3.8/site-packages/teleop_control-0.0.0-py3.8.egg-info/top_level.txt
/home/raivo/Hermes/hermes_ws/src/install/teleop_control/lib/teleop_control/teleop_control_node
