[2.568s] Invoking command in '/home/raivo/Hermes/hermes_ws/build/rtcm_msgs': CMAKE_PREFIX_PATH=${CMAKE_PREFIX_PATH}:/home/raivo/Hermes/hermes_ws/install/teleop_control:/home/raivo/Hermes/hermes_ws/install/odometry:/home/raivo/Hermes/hermes_ws/install/lidar_publisher:/home/raivo/Hermes/hermes_ws/install/imu_publisher:/home/raivo/Hermes/hermes_ws/install/gps_publisher:/home/raivo/Hermes/hermes_ws/install/cameras:/home/raivo/ros2_humble/install/rqt_bag_plugins:/home/raivo/ros2_humble/install/rqt_bag:/home/raivo/ros2_humble/install/ros2bag:/home/raivo/ros2_humble/install/tracetools_test:/home/raivo/ros2_humble/install/tracetools_launch:/home/raivo/ros2_humble/install/topic_monitor:/home/raivo/ros2_humble/install/tf2_tools:/home/raivo/ros2_humble/install/examples_tf2_py:/home/raivo/ros2_humble/install/tf2_ros_py:/home/raivo/ros2_humble/install/sros2:/home/raivo/ros2_humble/install/rqt_topic:/home/raivo/ros2_humble/install/rqt_srv:/home/raivo/ros2_humble/install/rqt_shell:/home/raivo/ros2_humble/install/rqt_service_caller:/home/raivo/ros2_humble/install/rqt_reconfigure:/home/raivo/ros2_humble/install/rqt_py_console:/home/raivo/ros2_humble/install/rqt_publisher:/home/raivo/ros2_humble/install/rqt_plot:/home/raivo/ros2_humble/install/rqt_action:/home/raivo/ros2_humble/install/rqt_msg:/home/raivo/ros2_humble/install/rqt_console:/home/raivo/ros2_humble/install/rqt:/home/raivo/ros2_humble/install/rqt_graph:/home/raivo/ros2_humble/install/rqt_gui_py:/home/raivo/ros2_humble/install/rqt_gui:/home/raivo/ros2_humble/install/ros2trace:/home/raivo/ros2_humble/install/ros2topic:/home/raivo/ros2_humble/install/ros2test:/home/raivo/ros2_humble/install/ros2component:/home/raivo/ros2_humble/install/ros2param:/home/raivo/ros2_humble/install/ros2lifecycle:/home/raivo/ros2_humble/install/ros2service:/home/raivo/ros2_humble/install/ros2run:/home/raivo/ros2_humble/install/ros2launch:/home/raivo/ros2_humble/install/ros2pkg:/home/raivo/ros2_humble/install/ros2node:/home/raivo/ros2_humble/install/ros2multicast:/home/raivo/ros2_humble/install/ros2interface:/home/raivo/ros2_humble/install/ros2doctor:/home/raivo/ros2_humble/install/ros2action:/home/raivo/ros2_humble/install/ros2cli:/home/raivo/ros2_humble/install/quality_of_service_demo_py:/home/raivo/ros2_humble/install/lifecycle_py:/home/raivo/ros2_humble/install/launch_testing_ros:/home/raivo/ros2_humble/install/launch_ros:/home/raivo/ros2_humble/install/examples_rclpy_pointcloud_publisher:/home/raivo/ros2_humble/install/examples_rclpy_minimal_subscriber:/home/raivo/ros2_humble/install/examples_rclpy_minimal_service:/home/raivo/ros2_humble/install/examples_rclpy_minimal_publisher:/home/raivo/ros2_humble/install/examples_rclpy_minimal_client:/home/raivo/ros2_humble/install/examples_rclpy_minimal_action_server:/home/raivo/ros2_humble/install/examples_rclpy_minimal_action_client:/home/raivo/ros2_humble/install/examples_rclpy_guard_conditions:/home/raivo/ros2_humble/install/examples_rclpy_executors:/home/raivo/ros2_humble/install/demo_nodes_py:/home/raivo/ros2_humble/install/action_tutorials_py:/home/raivo/ros2_humble/install/ament_uncrustify:/home/raivo/ros2_humble/install/tracetools_trace:/home/raivo/ros2_humble/install/tracetools_read:/home/raivo/ros2_humble/install/test_tracetools_launch:/home/raivo/ros2_humble/install/test_launch_ros:/home/raivo/ros2_humble/install/sensor_msgs_py:/home/raivo/ros2_humble/install/rpyutils:/home/raivo/ros2_humble/install/rosidl_runtime_py:/home/raivo/ros2_humble/install/rosidl_cli:/home/raivo/ros2_humble/install/launch_pytest:/home/raivo/ros2_humble/install/launch_testing:/home/raivo/ros2_humble/install/launch_yaml:/home/raivo/ros2_humble/install/launch_xml:/home/raivo/ros2_humble/install/launch:/home/raivo/ros2_humble/install/osrf_pycommon:/home/raivo/ros2_humble/install/launch_testing_examples:/home/raivo/ros2_humble/install/domain_coordinator:/home/raivo/ros2_humble/install/ament_xmllint:/home/raivo/ros2_humble/install/ament_pyflakes:/home/raivo/ros2_humble/install/ament_pycodestyle:/home/raivo/ros2_humble/install/ament_pep257:/home/raivo/ros2_humble/install/ament_pclint:/home/raivo/ros2_humble/install/ament_package:/home/raivo/ros2_humble/install/ament_mypy:/home/raivo/ros2_humble/install/ament_lint_cmake:/home/raivo/ros2_humble/install/ament_flake8:/home/raivo/ros2_humble/install/ament_copyright:/home/raivo/ros2_humble/install/ament_lint:/home/raivo/ros2_humble/install/ament_index_python:/home/raivo/ros2_humble/install/ament_cpplint:/home/raivo/ros2_humble/install/ament_cppcheck:/home/raivo/ros2_humble/install/ament_clang_tidy:/home/raivo/ros2_humble/install/ament_clang_format /usr/bin/cmake --build /home/raivo/Hermes/hermes_ws/build/rtcm_msgs -- -j12 -l12
[6.095s] [  3%] Built target rtcm_msgs__cpp
[6.096s] [ 12%] Built target rtcm_msgs__rosidl_generator_c
[6.096s] [ 12%] Built target ament_cmake_python_copy_rtcm_msgs
[6.097s] [ 22%] Built target rtcm_msgs__rosidl_typesupport_cpp
[6.097s] [ 32%] Built target rtcm_msgs__rosidl_typesupport_fastrtps_cpp
[6.098s] [ 41%] Built target rtcm_msgs__rosidl_typesupport_introspection_cpp
[6.098s] [ 51%] Built target rtcm_msgs__rosidl_typesupport_c
[6.098s] [ 61%] Built target rtcm_msgs__rosidl_typesupport_introspection_c
[6.098s] [ 70%] Built target rtcm_msgs__rosidl_typesupport_fastrtps_c
[6.099s] [ 70%] Built target rtcm_msgs
[6.099s] [ 74%] Built target rtcm_msgs__py
[6.100s] [ 80%] Built target rtcm_msgs__rosidl_generator_py
[6.100s] [ 87%] Built target rtcm_msgs__rosidl_typesupport_fastrtps_c__pyext
[6.101s] [ 93%] Built target rtcm_msgs__rosidl_typesupport_c__pyext
[6.101s] [100%] Built target rtcm_msgs__rosidl_typesupport_introspection_c__pyext
[6.101s] running egg_info
[6.103s] writing rtcm_msgs.egg-info/PKG-INFO
[6.103s] writing dependency_links to rtcm_msgs.egg-info/dependency_links.txt
[6.103s] writing top-level names to rtcm_msgs.egg-info/top_level.txt
[6.103s] reading manifest file 'rtcm_msgs.egg-info/SOURCES.txt'
[6.104s] writing manifest file 'rtcm_msgs.egg-info/SOURCES.txt'
[6.104s] [100%] Built target ament_cmake_python_build_rtcm_msgs_egg
[6.109s] Invoked command in '/home/raivo/Hermes/hermes_ws/build/rtcm_msgs' returned '0': CMAKE_PREFIX_PATH=${CMAKE_PREFIX_PATH}:/home/raivo/Hermes/hermes_ws/install/teleop_control:/home/raivo/Hermes/hermes_ws/install/odometry:/home/raivo/Hermes/hermes_ws/install/lidar_publisher:/home/raivo/Hermes/hermes_ws/install/imu_publisher:/home/raivo/Hermes/hermes_ws/install/gps_publisher:/home/raivo/Hermes/hermes_ws/install/cameras:/home/raivo/ros2_humble/install/rqt_bag_plugins:/home/raivo/ros2_humble/install/rqt_bag:/home/raivo/ros2_humble/install/ros2bag:/home/raivo/ros2_humble/install/tracetools_test:/home/raivo/ros2_humble/install/tracetools_launch:/home/raivo/ros2_humble/install/topic_monitor:/home/raivo/ros2_humble/install/tf2_tools:/home/raivo/ros2_humble/install/examples_tf2_py:/home/raivo/ros2_humble/install/tf2_ros_py:/home/raivo/ros2_humble/install/sros2:/home/raivo/ros2_humble/install/rqt_topic:/home/raivo/ros2_humble/install/rqt_srv:/home/raivo/ros2_humble/install/rqt_shell:/home/raivo/ros2_humble/install/rqt_service_caller:/home/raivo/ros2_humble/install/rqt_reconfigure:/home/raivo/ros2_humble/install/rqt_py_console:/home/raivo/ros2_humble/install/rqt_publisher:/home/raivo/ros2_humble/install/rqt_plot:/home/raivo/ros2_humble/install/rqt_action:/home/raivo/ros2_humble/install/rqt_msg:/home/raivo/ros2_humble/install/rqt_console:/home/raivo/ros2_humble/install/rqt:/home/raivo/ros2_humble/install/rqt_graph:/home/raivo/ros2_humble/install/rqt_gui_py:/home/raivo/ros2_humble/install/rqt_gui:/home/raivo/ros2_humble/install/ros2trace:/home/raivo/ros2_humble/install/ros2topic:/home/raivo/ros2_humble/install/ros2test:/home/raivo/ros2_humble/install/ros2component:/home/raivo/ros2_humble/install/ros2param:/home/raivo/ros2_humble/install/ros2lifecycle:/home/raivo/ros2_humble/install/ros2service:/home/raivo/ros2_humble/install/ros2run:/home/raivo/ros2_humble/install/ros2launch:/home/raivo/ros2_humble/install/ros2pkg:/home/raivo/ros2_humble/install/ros2node:/home/raivo/ros2_humble/install/ros2multicast:/home/raivo/ros2_humble/install/ros2interface:/home/raivo/ros2_humble/install/ros2doctor:/home/raivo/ros2_humble/install/ros2action:/home/raivo/ros2_humble/install/ros2cli:/home/raivo/ros2_humble/install/quality_of_service_demo_py:/home/raivo/ros2_humble/install/lifecycle_py:/home/raivo/ros2_humble/install/launch_testing_ros:/home/raivo/ros2_humble/install/launch_ros:/home/raivo/ros2_humble/install/examples_rclpy_pointcloud_publisher:/home/raivo/ros2_humble/install/examples_rclpy_minimal_subscriber:/home/raivo/ros2_humble/install/examples_rclpy_minimal_service:/home/raivo/ros2_humble/install/examples_rclpy_minimal_publisher:/home/raivo/ros2_humble/install/examples_rclpy_minimal_client:/home/raivo/ros2_humble/install/examples_rclpy_minimal_action_server:/home/raivo/ros2_humble/install/examples_rclpy_minimal_action_client:/home/raivo/ros2_humble/install/examples_rclpy_guard_conditions:/home/raivo/ros2_humble/install/examples_rclpy_executors:/home/raivo/ros2_humble/install/demo_nodes_py:/home/raivo/ros2_humble/install/action_tutorials_py:/home/raivo/ros2_humble/install/ament_uncrustify:/home/raivo/ros2_humble/install/tracetools_trace:/home/raivo/ros2_humble/install/tracetools_read:/home/raivo/ros2_humble/install/test_tracetools_launch:/home/raivo/ros2_humble/install/test_launch_ros:/home/raivo/ros2_humble/install/sensor_msgs_py:/home/raivo/ros2_humble/install/rpyutils:/home/raivo/ros2_humble/install/rosidl_runtime_py:/home/raivo/ros2_humble/install/rosidl_cli:/home/raivo/ros2_humble/install/launch_pytest:/home/raivo/ros2_humble/install/launch_testing:/home/raivo/ros2_humble/install/launch_yaml:/home/raivo/ros2_humble/install/launch_xml:/home/raivo/ros2_humble/install/launch:/home/raivo/ros2_humble/install/osrf_pycommon:/home/raivo/ros2_humble/install/launch_testing_examples:/home/raivo/ros2_humble/install/domain_coordinator:/home/raivo/ros2_humble/install/ament_xmllint:/home/raivo/ros2_humble/install/ament_pyflakes:/home/raivo/ros2_humble/install/ament_pycodestyle:/home/raivo/ros2_humble/install/ament_pep257:/home/raivo/ros2_humble/install/ament_pclint:/home/raivo/ros2_humble/install/ament_package:/home/raivo/ros2_humble/install/ament_mypy:/home/raivo/ros2_humble/install/ament_lint_cmake:/home/raivo/ros2_humble/install/ament_flake8:/home/raivo/ros2_humble/install/ament_copyright:/home/raivo/ros2_humble/install/ament_lint:/home/raivo/ros2_humble/install/ament_index_python:/home/raivo/ros2_humble/install/ament_cpplint:/home/raivo/ros2_humble/install/ament_cppcheck:/home/raivo/ros2_humble/install/ament_clang_tidy:/home/raivo/ros2_humble/install/ament_clang_format /usr/bin/cmake --build /home/raivo/Hermes/hermes_ws/build/rtcm_msgs -- -j12 -l12
[7.049s] Invoking command in '/home/raivo/Hermes/hermes_ws/build/rtcm_msgs': CMAKE_PREFIX_PATH=${CMAKE_PREFIX_PATH}:/home/raivo/Hermes/hermes_ws/install/teleop_control:/home/raivo/Hermes/hermes_ws/install/odometry:/home/raivo/Hermes/hermes_ws/install/lidar_publisher:/home/raivo/Hermes/hermes_ws/install/imu_publisher:/home/raivo/Hermes/hermes_ws/install/gps_publisher:/home/raivo/Hermes/hermes_ws/install/cameras:/home/raivo/ros2_humble/install/rqt_bag_plugins:/home/raivo/ros2_humble/install/rqt_bag:/home/raivo/ros2_humble/install/ros2bag:/home/raivo/ros2_humble/install/tracetools_test:/home/raivo/ros2_humble/install/tracetools_launch:/home/raivo/ros2_humble/install/topic_monitor:/home/raivo/ros2_humble/install/tf2_tools:/home/raivo/ros2_humble/install/examples_tf2_py:/home/raivo/ros2_humble/install/tf2_ros_py:/home/raivo/ros2_humble/install/sros2:/home/raivo/ros2_humble/install/rqt_topic:/home/raivo/ros2_humble/install/rqt_srv:/home/raivo/ros2_humble/install/rqt_shell:/home/raivo/ros2_humble/install/rqt_service_caller:/home/raivo/ros2_humble/install/rqt_reconfigure:/home/raivo/ros2_humble/install/rqt_py_console:/home/raivo/ros2_humble/install/rqt_publisher:/home/raivo/ros2_humble/install/rqt_plot:/home/raivo/ros2_humble/install/rqt_action:/home/raivo/ros2_humble/install/rqt_msg:/home/raivo/ros2_humble/install/rqt_console:/home/raivo/ros2_humble/install/rqt:/home/raivo/ros2_humble/install/rqt_graph:/home/raivo/ros2_humble/install/rqt_gui_py:/home/raivo/ros2_humble/install/rqt_gui:/home/raivo/ros2_humble/install/ros2trace:/home/raivo/ros2_humble/install/ros2topic:/home/raivo/ros2_humble/install/ros2test:/home/raivo/ros2_humble/install/ros2component:/home/raivo/ros2_humble/install/ros2param:/home/raivo/ros2_humble/install/ros2lifecycle:/home/raivo/ros2_humble/install/ros2service:/home/raivo/ros2_humble/install/ros2run:/home/raivo/ros2_humble/install/ros2launch:/home/raivo/ros2_humble/install/ros2pkg:/home/raivo/ros2_humble/install/ros2node:/home/raivo/ros2_humble/install/ros2multicast:/home/raivo/ros2_humble/install/ros2interface:/home/raivo/ros2_humble/install/ros2doctor:/home/raivo/ros2_humble/install/ros2action:/home/raivo/ros2_humble/install/ros2cli:/home/raivo/ros2_humble/install/quality_of_service_demo_py:/home/raivo/ros2_humble/install/lifecycle_py:/home/raivo/ros2_humble/install/launch_testing_ros:/home/raivo/ros2_humble/install/launch_ros:/home/raivo/ros2_humble/install/examples_rclpy_pointcloud_publisher:/home/raivo/ros2_humble/install/examples_rclpy_minimal_subscriber:/home/raivo/ros2_humble/install/examples_rclpy_minimal_service:/home/raivo/ros2_humble/install/examples_rclpy_minimal_publisher:/home/raivo/ros2_humble/install/examples_rclpy_minimal_client:/home/raivo/ros2_humble/install/examples_rclpy_minimal_action_server:/home/raivo/ros2_humble/install/examples_rclpy_minimal_action_client:/home/raivo/ros2_humble/install/examples_rclpy_guard_conditions:/home/raivo/ros2_humble/install/examples_rclpy_executors:/home/raivo/ros2_humble/install/demo_nodes_py:/home/raivo/ros2_humble/install/action_tutorials_py:/home/raivo/ros2_humble/install/ament_uncrustify:/home/raivo/ros2_humble/install/tracetools_trace:/home/raivo/ros2_humble/install/tracetools_read:/home/raivo/ros2_humble/install/test_tracetools_launch:/home/raivo/ros2_humble/install/test_launch_ros:/home/raivo/ros2_humble/install/sensor_msgs_py:/home/raivo/ros2_humble/install/rpyutils:/home/raivo/ros2_humble/install/rosidl_runtime_py:/home/raivo/ros2_humble/install/rosidl_cli:/home/raivo/ros2_humble/install/launch_pytest:/home/raivo/ros2_humble/install/launch_testing:/home/raivo/ros2_humble/install/launch_yaml:/home/raivo/ros2_humble/install/launch_xml:/home/raivo/ros2_humble/install/launch:/home/raivo/ros2_humble/install/osrf_pycommon:/home/raivo/ros2_humble/install/launch_testing_examples:/home/raivo/ros2_humble/install/domain_coordinator:/home/raivo/ros2_humble/install/ament_xmllint:/home/raivo/ros2_humble/install/ament_pyflakes:/home/raivo/ros2_humble/install/ament_pycodestyle:/home/raivo/ros2_humble/install/ament_pep257:/home/raivo/ros2_humble/install/ament_pclint:/home/raivo/ros2_humble/install/ament_package:/home/raivo/ros2_humble/install/ament_mypy:/home/raivo/ros2_humble/install/ament_lint_cmake:/home/raivo/ros2_humble/install/ament_flake8:/home/raivo/ros2_humble/install/ament_copyright:/home/raivo/ros2_humble/install/ament_lint:/home/raivo/ros2_humble/install/ament_index_python:/home/raivo/ros2_humble/install/ament_cpplint:/home/raivo/ros2_humble/install/ament_cppcheck:/home/raivo/ros2_humble/install/ament_clang_tidy:/home/raivo/ros2_humble/install/ament_clang_format /usr/bin/cmake --install /home/raivo/Hermes/hermes_ws/build/rtcm_msgs
[7.066s] -- Install configuration: ""
[7.066s] -- Up-to-date: /home/raivo/Hermes/hermes_ws/install/rtcm_msgs/share/ament_index/resource_index/rosidl_interfaces/rtcm_msgs
[7.066s] -- Up-to-date: /home/raivo/Hermes/hermes_ws/install/rtcm_msgs/include/rtcm_msgs/rtcm_msgs
[7.067s] -- Up-to-date: /home/raivo/Hermes/hermes_ws/install/rtcm_msgs/include/rtcm_msgs/rtcm_msgs/msg
[7.067s] -- Up-to-date: /home/raivo/Hermes/hermes_ws/install/rtcm_msgs/include/rtcm_msgs/rtcm_msgs/msg/message.h
[7.067s] -- Up-to-date: /home/raivo/Hermes/hermes_ws/install/rtcm_msgs/include/rtcm_msgs/rtcm_msgs/msg/detail
[7.067s] -- Up-to-date: /home/raivo/Hermes/hermes_ws/install/rtcm_msgs/include/rtcm_msgs/rtcm_msgs/msg/detail/message__functions.h
[7.067s] -- Up-to-date: /home/raivo/Hermes/hermes_ws/install/rtcm_msgs/include/rtcm_msgs/rtcm_msgs/msg/detail/message__functions.c
[7.067s] -- Up-to-date: /home/raivo/Hermes/hermes_ws/install/rtcm_msgs/include/rtcm_msgs/rtcm_msgs/msg/detail/message__struct.h
[7.067s] -- Up-to-date: /home/raivo/Hermes/hermes_ws/install/rtcm_msgs/include/rtcm_msgs/rtcm_msgs/msg/detail/message__type_support.h
[7.067s] -- Up-to-date: /home/raivo/Hermes/hermes_ws/install/rtcm_msgs/include/rtcm_msgs/rtcm_msgs/msg/rosidl_generator_c__visibility_control.h
[7.067s] -- Up-to-date: /home/raivo/Hermes/hermes_ws/install/rtcm_msgs/share/rtcm_msgs/environment/library_path.sh
[7.067s] -- Up-to-date: /home/raivo/Hermes/hermes_ws/install/rtcm_msgs/share/rtcm_msgs/environment/library_path.dsv
[7.067s] -- Up-to-date: /home/raivo/Hermes/hermes_ws/install/rtcm_msgs/lib/librtcm_msgs__rosidl_generator_c.so
[7.067s] -- Up-to-date: /home/raivo/Hermes/hermes_ws/install/rtcm_msgs/include/rtcm_msgs/rtcm_msgs
[7.067s] -- Up-to-date: /home/raivo/Hermes/hermes_ws/install/rtcm_msgs/include/rtcm_msgs/rtcm_msgs/msg
[7.067s] -- Up-to-date: /home/raivo/Hermes/hermes_ws/install/rtcm_msgs/include/rtcm_msgs/rtcm_msgs/msg/detail
[7.067s] -- Up-to-date: /home/raivo/Hermes/hermes_ws/install/rtcm_msgs/include/rtcm_msgs/rtcm_msgs/msg/detail/message__rosidl_typesupport_fastrtps_c.h
[7.067s] -- Up-to-date: /home/raivo/Hermes/hermes_ws/install/rtcm_msgs/include/rtcm_msgs/rtcm_msgs/msg/rosidl_typesupport_fastrtps_c__visibility_control.h
[7.068s] -- Up-to-date: /home/raivo/Hermes/hermes_ws/install/rtcm_msgs/lib/librtcm_msgs__rosidl_typesupport_fastrtps_c.so
[7.068s] -- Up-to-date: /home/raivo/Hermes/hermes_ws/install/rtcm_msgs/include/rtcm_msgs/rtcm_msgs
[7.068s] -- Up-to-date: /home/raivo/Hermes/hermes_ws/install/rtcm_msgs/include/rtcm_msgs/rtcm_msgs/msg
[7.068s] -- Up-to-date: /home/raivo/Hermes/hermes_ws/install/rtcm_msgs/include/rtcm_msgs/rtcm_msgs/msg/detail
[7.068s] -- Up-to-date: /home/raivo/Hermes/hermes_ws/install/rtcm_msgs/include/rtcm_msgs/rtcm_msgs/msg/detail/message__traits.hpp
[7.068s] -- Up-to-date: /home/raivo/Hermes/hermes_ws/install/rtcm_msgs/include/rtcm_msgs/rtcm_msgs/msg/detail/message__builder.hpp
[7.068s] -- Up-to-date: /home/raivo/Hermes/hermes_ws/install/rtcm_msgs/include/rtcm_msgs/rtcm_msgs/msg/detail/message__struct.hpp
[7.068s] -- Up-to-date: /home/raivo/Hermes/hermes_ws/install/rtcm_msgs/include/rtcm_msgs/rtcm_msgs/msg/message.hpp
[7.068s] -- Up-to-date: /home/raivo/Hermes/hermes_ws/install/rtcm_msgs/include/rtcm_msgs/rtcm_msgs
[7.068s] -- Up-to-date: /home/raivo/Hermes/hermes_ws/install/rtcm_msgs/include/rtcm_msgs/rtcm_msgs/msg
[7.068s] -- Up-to-date: /home/raivo/Hermes/hermes_ws/install/rtcm_msgs/include/rtcm_msgs/rtcm_msgs/msg/detail
[7.068s] -- Up-to-date: /home/raivo/Hermes/hermes_ws/install/rtcm_msgs/include/rtcm_msgs/rtcm_msgs/msg/detail/dds_fastrtps
[7.068s] -- Up-to-date: /home/raivo/Hermes/hermes_ws/install/rtcm_msgs/include/rtcm_msgs/rtcm_msgs/msg/detail/message__rosidl_typesupport_fastrtps_cpp.hpp
[7.068s] -- Up-to-date: /home/raivo/Hermes/hermes_ws/install/rtcm_msgs/include/rtcm_msgs/rtcm_msgs/msg/rosidl_typesupport_fastrtps_cpp__visibility_control.h
[7.068s] -- Up-to-date: /home/raivo/Hermes/hermes_ws/install/rtcm_msgs/lib/librtcm_msgs__rosidl_typesupport_fastrtps_cpp.so
[7.068s] -- Up-to-date: /home/raivo/Hermes/hermes_ws/install/rtcm_msgs/include/rtcm_msgs/rtcm_msgs
[7.068s] -- Up-to-date: /home/raivo/Hermes/hermes_ws/install/rtcm_msgs/include/rtcm_msgs/rtcm_msgs/msg
[7.068s] -- Up-to-date: /home/raivo/Hermes/hermes_ws/install/rtcm_msgs/include/rtcm_msgs/rtcm_msgs/msg/detail
[7.069s] -- Up-to-date: /home/raivo/Hermes/hermes_ws/install/rtcm_msgs/include/rtcm_msgs/rtcm_msgs/msg/detail/message__rosidl_typesupport_introspection_c.h
[7.069s] -- Up-to-date: /home/raivo/Hermes/hermes_ws/install/rtcm_msgs/include/rtcm_msgs/rtcm_msgs/msg/detail/message__type_support.c
[7.069s] -- Up-to-date: /home/raivo/Hermes/hermes_ws/install/rtcm_msgs/include/rtcm_msgs/rtcm_msgs/msg/rosidl_typesupport_introspection_c__visibility_control.h
[7.069s] -- Up-to-date: /home/raivo/Hermes/hermes_ws/install/rtcm_msgs/lib/librtcm_msgs__rosidl_typesupport_introspection_c.so
[7.069s] -- Up-to-date: /home/raivo/Hermes/hermes_ws/install/rtcm_msgs/lib/librtcm_msgs__rosidl_typesupport_c.so
[7.069s] -- Up-to-date: /home/raivo/Hermes/hermes_ws/install/rtcm_msgs/include/rtcm_msgs/rtcm_msgs
[7.069s] -- Up-to-date: /home/raivo/Hermes/hermes_ws/install/rtcm_msgs/include/rtcm_msgs/rtcm_msgs/msg
[7.069s] -- Up-to-date: /home/raivo/Hermes/hermes_ws/install/rtcm_msgs/include/rtcm_msgs/rtcm_msgs/msg/detail
[7.069s] -- Up-to-date: /home/raivo/Hermes/hermes_ws/install/rtcm_msgs/include/rtcm_msgs/rtcm_msgs/msg/detail/message__type_support.cpp
[7.069s] -- Up-to-date: /home/raivo/Hermes/hermes_ws/install/rtcm_msgs/include/rtcm_msgs/rtcm_msgs/msg/detail/message__rosidl_typesupport_introspection_cpp.hpp
[7.069s] -- Up-to-date: /home/raivo/Hermes/hermes_ws/install/rtcm_msgs/lib/librtcm_msgs__rosidl_typesupport_introspection_cpp.so
[7.069s] -- Up-to-date: /home/raivo/Hermes/hermes_ws/install/rtcm_msgs/lib/librtcm_msgs__rosidl_typesupport_cpp.so
[7.070s] -- Up-to-date: /home/raivo/Hermes/hermes_ws/install/rtcm_msgs/share/rtcm_msgs/environment/pythonpath.sh
[7.070s] -- Up-to-date: /home/raivo/Hermes/hermes_ws/install/rtcm_msgs/share/rtcm_msgs/environment/pythonpath.dsv
[7.071s] -- Up-to-date: /home/raivo/Hermes/hermes_ws/install/rtcm_msgs/lib/python3.8/site-packages/rtcm_msgs-1.1.6-py3.8.egg-info
[7.071s] -- Installing: /home/raivo/Hermes/hermes_ws/install/rtcm_msgs/lib/python3.8/site-packages/rtcm_msgs-1.1.6-py3.8.egg-info/SOURCES.txt
[7.071s] -- Installing: /home/raivo/Hermes/hermes_ws/install/rtcm_msgs/lib/python3.8/site-packages/rtcm_msgs-1.1.6-py3.8.egg-info/PKG-INFO
[7.071s] -- Installing: /home/raivo/Hermes/hermes_ws/install/rtcm_msgs/lib/python3.8/site-packages/rtcm_msgs-1.1.6-py3.8.egg-info/dependency_links.txt
[7.071s] -- Installing: /home/raivo/Hermes/hermes_ws/install/rtcm_msgs/lib/python3.8/site-packages/rtcm_msgs-1.1.6-py3.8.egg-info/top_level.txt
[7.071s] -- Up-to-date: /home/raivo/Hermes/hermes_ws/install/rtcm_msgs/lib/python3.8/site-packages/rtcm_msgs
[7.071s] -- Up-to-date: /home/raivo/Hermes/hermes_ws/install/rtcm_msgs/lib/python3.8/site-packages/rtcm_msgs/librtcm_msgs__rosidl_generator_py.so
[7.071s] -- Up-to-date: /home/raivo/Hermes/hermes_ws/install/rtcm_msgs/lib/python3.8/site-packages/rtcm_msgs/rtcm_msgs_s__rosidl_typesupport_c.cpython-38-x86_64-linux-gnu.so
[7.071s] -- Up-to-date: /home/raivo/Hermes/hermes_ws/install/rtcm_msgs/lib/python3.8/site-packages/rtcm_msgs/_rtcm_msgs_s.ep.rosidl_typesupport_introspection_c.c
[7.071s] -- Up-to-date: /home/raivo/Hermes/hermes_ws/install/rtcm_msgs/lib/python3.8/site-packages/rtcm_msgs/_rtcm_msgs_s.ep.rosidl_typesupport_c.c
[7.071s] -- Up-to-date: /home/raivo/Hermes/hermes_ws/install/rtcm_msgs/lib/python3.8/site-packages/rtcm_msgs/_rtcm_msgs_s.ep.rosidl_typesupport_fastrtps_c.c
[7.071s] -- Up-to-date: /home/raivo/Hermes/hermes_ws/install/rtcm_msgs/lib/python3.8/site-packages/rtcm_msgs/rtcm_msgs_s__rosidl_typesupport_introspection_c.cpython-38-x86_64-linux-gnu.so
[7.071s] -- Up-to-date: /home/raivo/Hermes/hermes_ws/install/rtcm_msgs/lib/python3.8/site-packages/rtcm_msgs/rtcm_msgs_s__rosidl_typesupport_fastrtps_c.cpython-38-x86_64-linux-gnu.so
[7.071s] -- Up-to-date: /home/raivo/Hermes/hermes_ws/install/rtcm_msgs/lib/python3.8/site-packages/rtcm_msgs/__init__.py
[7.072s] -- Up-to-date: /home/raivo/Hermes/hermes_ws/install/rtcm_msgs/lib/python3.8/site-packages/rtcm_msgs/msg
[7.072s] -- Up-to-date: /home/raivo/Hermes/hermes_ws/install/rtcm_msgs/lib/python3.8/site-packages/rtcm_msgs/msg/_message_s.c
[7.072s] -- Up-to-date: /home/raivo/Hermes/hermes_ws/install/rtcm_msgs/lib/python3.8/site-packages/rtcm_msgs/msg/_message.py
[7.072s] -- Up-to-date: /home/raivo/Hermes/hermes_ws/install/rtcm_msgs/lib/python3.8/site-packages/rtcm_msgs/msg/__init__.py
[7.410s] Listing '/home/raivo/Hermes/hermes_ws/install/rtcm_msgs/lib/python3.8/site-packages/rtcm_msgs'...
[7.410s] Listing '/home/raivo/Hermes/hermes_ws/install/rtcm_msgs/lib/python3.8/site-packages/rtcm_msgs/msg'...
[7.414s] -- Up-to-date: /home/raivo/Hermes/hermes_ws/install/rtcm_msgs/lib/python3.8/site-packages/rtcm_msgs/rtcm_msgs_s__rosidl_typesupport_introspection_c.cpython-38-x86_64-linux-gnu.so
[7.414s] -- Up-to-date: /home/raivo/Hermes/hermes_ws/install/rtcm_msgs/lib/python3.8/site-packages/rtcm_msgs/rtcm_msgs_s__rosidl_typesupport_fastrtps_c.cpython-38-x86_64-linux-gnu.so
[7.415s] -- Up-to-date: /home/raivo/Hermes/hermes_ws/install/rtcm_msgs/lib/python3.8/site-packages/rtcm_msgs/rtcm_msgs_s__rosidl_typesupport_c.cpython-38-x86_64-linux-gnu.so
[7.415s] -- Up-to-date: /home/raivo/Hermes/hermes_ws/install/rtcm_msgs/lib/librtcm_msgs__rosidl_generator_py.so
[7.415s] -- Up-to-date: /home/raivo/Hermes/hermes_ws/install/rtcm_msgs/share/rtcm_msgs/msg/Message.idl
[7.416s] -- Up-to-date: /home/raivo/Hermes/hermes_ws/install/rtcm_msgs/share/rtcm_msgs/msg/Message.msg
[7.416s] -- Up-to-date: /home/raivo/Hermes/hermes_ws/install/rtcm_msgs/share/ament_index/resource_index/package_run_dependencies/rtcm_msgs
[7.416s] -- Up-to-date: /home/raivo/Hermes/hermes_ws/install/rtcm_msgs/share/ament_index/resource_index/parent_prefix_path/rtcm_msgs
[7.416s] -- Up-to-date: /home/raivo/Hermes/hermes_ws/install/rtcm_msgs/share/rtcm_msgs/environment/ament_prefix_path.dsv
[7.416s] -- Up-to-date: /home/raivo/Hermes/hermes_ws/install/rtcm_msgs/share/rtcm_msgs/environment/path.dsv
[7.416s] -- Up-to-date: /home/raivo/Hermes/hermes_ws/install/rtcm_msgs/share/rtcm_msgs/local_setup.bash
[7.416s] -- Up-to-date: /home/raivo/Hermes/hermes_ws/install/rtcm_msgs/share/rtcm_msgs/local_setup.sh
[7.416s] -- Up-to-date: /home/raivo/Hermes/hermes_ws/install/rtcm_msgs/share/rtcm_msgs/local_setup.zsh
[7.416s] -- Up-to-date: /home/raivo/Hermes/hermes_ws/install/rtcm_msgs/share/rtcm_msgs/local_setup.dsv
[7.416s] -- Installing: /home/raivo/Hermes/hermes_ws/install/rtcm_msgs/share/rtcm_msgs/package.dsv
[7.416s] -- Up-to-date: /home/raivo/Hermes/hermes_ws/install/rtcm_msgs/share/ament_index/resource_index/packages/rtcm_msgs
[7.416s] -- Up-to-date: /home/raivo/Hermes/hermes_ws/install/rtcm_msgs/share/rtcm_msgs/cmake/export_rtcm_msgs__rosidl_generator_cExport.cmake
[7.416s] -- Up-to-date: /home/raivo/Hermes/hermes_ws/install/rtcm_msgs/share/rtcm_msgs/cmake/export_rtcm_msgs__rosidl_generator_cExport-noconfig.cmake
[7.416s] -- Up-to-date: /home/raivo/Hermes/hermes_ws/install/rtcm_msgs/share/rtcm_msgs/cmake/export_rtcm_msgs__rosidl_typesupport_fastrtps_cExport.cmake
[7.416s] -- Up-to-date: /home/raivo/Hermes/hermes_ws/install/rtcm_msgs/share/rtcm_msgs/cmake/export_rtcm_msgs__rosidl_typesupport_fastrtps_cExport-noconfig.cmake
[7.417s] -- Up-to-date: /home/raivo/Hermes/hermes_ws/install/rtcm_msgs/share/rtcm_msgs/cmake/export_rtcm_msgs__rosidl_generator_cppExport.cmake
[7.417s] -- Up-to-date: /home/raivo/Hermes/hermes_ws/install/rtcm_msgs/share/rtcm_msgs/cmake/export_rtcm_msgs__rosidl_typesupport_fastrtps_cppExport.cmake
[7.417s] -- Up-to-date: /home/raivo/Hermes/hermes_ws/install/rtcm_msgs/share/rtcm_msgs/cmake/export_rtcm_msgs__rosidl_typesupport_fastrtps_cppExport-noconfig.cmake
[7.417s] -- Up-to-date: /home/raivo/Hermes/hermes_ws/install/rtcm_msgs/share/rtcm_msgs/cmake/rtcm_msgs__rosidl_typesupport_introspection_cExport.cmake
[7.417s] -- Up-to-date: /home/raivo/Hermes/hermes_ws/install/rtcm_msgs/share/rtcm_msgs/cmake/rtcm_msgs__rosidl_typesupport_introspection_cExport-noconfig.cmake
[7.417s] -- Up-to-date: /home/raivo/Hermes/hermes_ws/install/rtcm_msgs/share/rtcm_msgs/cmake/rtcm_msgs__rosidl_typesupport_cExport.cmake
[7.417s] -- Up-to-date: /home/raivo/Hermes/hermes_ws/install/rtcm_msgs/share/rtcm_msgs/cmake/rtcm_msgs__rosidl_typesupport_cExport-noconfig.cmake
[7.418s] -- Up-to-date: /home/raivo/Hermes/hermes_ws/install/rtcm_msgs/share/rtcm_msgs/cmake/rtcm_msgs__rosidl_typesupport_introspection_cppExport.cmake
[7.418s] -- Up-to-date: /home/raivo/Hermes/hermes_ws/install/rtcm_msgs/share/rtcm_msgs/cmake/rtcm_msgs__rosidl_typesupport_introspection_cppExport-noconfig.cmake
[7.418s] -- Up-to-date: /home/raivo/Hermes/hermes_ws/install/rtcm_msgs/share/rtcm_msgs/cmake/rtcm_msgs__rosidl_typesupport_cppExport.cmake
[7.418s] -- Up-to-date: /home/raivo/Hermes/hermes_ws/install/rtcm_msgs/share/rtcm_msgs/cmake/rtcm_msgs__rosidl_typesupport_cppExport-noconfig.cmake
[7.418s] -- Up-to-date: /home/raivo/Hermes/hermes_ws/install/rtcm_msgs/share/rtcm_msgs/cmake/export_rtcm_msgs__rosidl_generator_pyExport.cmake
[7.418s] -- Up-to-date: /home/raivo/Hermes/hermes_ws/install/rtcm_msgs/share/rtcm_msgs/cmake/export_rtcm_msgs__rosidl_generator_pyExport-noconfig.cmake
[7.418s] -- Up-to-date: /home/raivo/Hermes/hermes_ws/install/rtcm_msgs/share/rtcm_msgs/cmake/rosidl_cmake-extras.cmake
[7.418s] -- Up-to-date: /home/raivo/Hermes/hermes_ws/install/rtcm_msgs/share/rtcm_msgs/cmake/ament_cmake_export_dependencies-extras.cmake
[7.418s] -- Up-to-date: /home/raivo/Hermes/hermes_ws/install/rtcm_msgs/share/rtcm_msgs/cmake/ament_cmake_export_include_directories-extras.cmake
[7.418s] -- Up-to-date: /home/raivo/Hermes/hermes_ws/install/rtcm_msgs/share/rtcm_msgs/cmake/ament_cmake_export_libraries-extras.cmake
[7.418s] -- Up-to-date: /home/raivo/Hermes/hermes_ws/install/rtcm_msgs/share/rtcm_msgs/cmake/ament_cmake_export_targets-extras.cmake
[7.418s] -- Up-to-date: /home/raivo/Hermes/hermes_ws/install/rtcm_msgs/share/rtcm_msgs/cmake/rosidl_cmake_export_typesupport_targets-extras.cmake
[7.419s] -- Up-to-date: /home/raivo/Hermes/hermes_ws/install/rtcm_msgs/share/rtcm_msgs/cmake/rosidl_cmake_export_typesupport_libraries-extras.cmake
[7.419s] -- Up-to-date: /home/raivo/Hermes/hermes_ws/install/rtcm_msgs/share/rtcm_msgs/cmake/rtcm_msgsConfig.cmake
[7.419s] -- Up-to-date: /home/raivo/Hermes/hermes_ws/install/rtcm_msgs/share/rtcm_msgs/cmake/rtcm_msgsConfig-version.cmake
[7.419s] -- Up-to-date: /home/raivo/Hermes/hermes_ws/install/rtcm_msgs/share/rtcm_msgs/package.xml
[7.421s] Invoked command in '/home/raivo/Hermes/hermes_ws/build/rtcm_msgs' returned '0': CMAKE_PREFIX_PATH=${CMAKE_PREFIX_PATH}:/home/raivo/Hermes/hermes_ws/install/teleop_control:/home/raivo/Hermes/hermes_ws/install/odometry:/home/raivo/Hermes/hermes_ws/install/lidar_publisher:/home/raivo/Hermes/hermes_ws/install/imu_publisher:/home/raivo/Hermes/hermes_ws/install/gps_publisher:/home/raivo/Hermes/hermes_ws/install/cameras:/home/raivo/ros2_humble/install/rqt_bag_plugins:/home/raivo/ros2_humble/install/rqt_bag:/home/raivo/ros2_humble/install/ros2bag:/home/raivo/ros2_humble/install/tracetools_test:/home/raivo/ros2_humble/install/tracetools_launch:/home/raivo/ros2_humble/install/topic_monitor:/home/raivo/ros2_humble/install/tf2_tools:/home/raivo/ros2_humble/install/examples_tf2_py:/home/raivo/ros2_humble/install/tf2_ros_py:/home/raivo/ros2_humble/install/sros2:/home/raivo/ros2_humble/install/rqt_topic:/home/raivo/ros2_humble/install/rqt_srv:/home/raivo/ros2_humble/install/rqt_shell:/home/raivo/ros2_humble/install/rqt_service_caller:/home/raivo/ros2_humble/install/rqt_reconfigure:/home/raivo/ros2_humble/install/rqt_py_console:/home/raivo/ros2_humble/install/rqt_publisher:/home/raivo/ros2_humble/install/rqt_plot:/home/raivo/ros2_humble/install/rqt_action:/home/raivo/ros2_humble/install/rqt_msg:/home/raivo/ros2_humble/install/rqt_console:/home/raivo/ros2_humble/install/rqt:/home/raivo/ros2_humble/install/rqt_graph:/home/raivo/ros2_humble/install/rqt_gui_py:/home/raivo/ros2_humble/install/rqt_gui:/home/raivo/ros2_humble/install/ros2trace:/home/raivo/ros2_humble/install/ros2topic:/home/raivo/ros2_humble/install/ros2test:/home/raivo/ros2_humble/install/ros2component:/home/raivo/ros2_humble/install/ros2param:/home/raivo/ros2_humble/install/ros2lifecycle:/home/raivo/ros2_humble/install/ros2service:/home/raivo/ros2_humble/install/ros2run:/home/raivo/ros2_humble/install/ros2launch:/home/raivo/ros2_humble/install/ros2pkg:/home/raivo/ros2_humble/install/ros2node:/home/raivo/ros2_humble/install/ros2multicast:/home/raivo/ros2_humble/install/ros2interface:/home/raivo/ros2_humble/install/ros2doctor:/home/raivo/ros2_humble/install/ros2action:/home/raivo/ros2_humble/install/ros2cli:/home/raivo/ros2_humble/install/quality_of_service_demo_py:/home/raivo/ros2_humble/install/lifecycle_py:/home/raivo/ros2_humble/install/launch_testing_ros:/home/raivo/ros2_humble/install/launch_ros:/home/raivo/ros2_humble/install/examples_rclpy_pointcloud_publisher:/home/raivo/ros2_humble/install/examples_rclpy_minimal_subscriber:/home/raivo/ros2_humble/install/examples_rclpy_minimal_service:/home/raivo/ros2_humble/install/examples_rclpy_minimal_publisher:/home/raivo/ros2_humble/install/examples_rclpy_minimal_client:/home/raivo/ros2_humble/install/examples_rclpy_minimal_action_server:/home/raivo/ros2_humble/install/examples_rclpy_minimal_action_client:/home/raivo/ros2_humble/install/examples_rclpy_guard_conditions:/home/raivo/ros2_humble/install/examples_rclpy_executors:/home/raivo/ros2_humble/install/demo_nodes_py:/home/raivo/ros2_humble/install/action_tutorials_py:/home/raivo/ros2_humble/install/ament_uncrustify:/home/raivo/ros2_humble/install/tracetools_trace:/home/raivo/ros2_humble/install/tracetools_read:/home/raivo/ros2_humble/install/test_tracetools_launch:/home/raivo/ros2_humble/install/test_launch_ros:/home/raivo/ros2_humble/install/sensor_msgs_py:/home/raivo/ros2_humble/install/rpyutils:/home/raivo/ros2_humble/install/rosidl_runtime_py:/home/raivo/ros2_humble/install/rosidl_cli:/home/raivo/ros2_humble/install/launch_pytest:/home/raivo/ros2_humble/install/launch_testing:/home/raivo/ros2_humble/install/launch_yaml:/home/raivo/ros2_humble/install/launch_xml:/home/raivo/ros2_humble/install/launch:/home/raivo/ros2_humble/install/osrf_pycommon:/home/raivo/ros2_humble/install/launch_testing_examples:/home/raivo/ros2_humble/install/domain_coordinator:/home/raivo/ros2_humble/install/ament_xmllint:/home/raivo/ros2_humble/install/ament_pyflakes:/home/raivo/ros2_humble/install/ament_pycodestyle:/home/raivo/ros2_humble/install/ament_pep257:/home/raivo/ros2_humble/install/ament_pclint:/home/raivo/ros2_humble/install/ament_package:/home/raivo/ros2_humble/install/ament_mypy:/home/raivo/ros2_humble/install/ament_lint_cmake:/home/raivo/ros2_humble/install/ament_flake8:/home/raivo/ros2_humble/install/ament_copyright:/home/raivo/ros2_humble/install/ament_lint:/home/raivo/ros2_humble/install/ament_index_python:/home/raivo/ros2_humble/install/ament_cpplint:/home/raivo/ros2_humble/install/ament_cppcheck:/home/raivo/ros2_humble/install/ament_clang_tidy:/home/raivo/ros2_humble/install/ament_clang_format /usr/bin/cmake --install /home/raivo/Hermes/hermes_ws/build/rtcm_msgs
