[5.434s] Invoking command in '/home/aleksmalm/Hermes/hermes_ws/src/icm20948_publisher': PYTHONPATH=/home/aleksmalm/Hermes/hermes_ws/build/icm20948_publisher/prefix_override:/home/aleksmalm/Hermes/hermes_ws/install/icm20948_publisher/lib/python3.10/site-packages:${PYTHONPATH} /usr/bin/python3 -W ignore:setup.py install is deprecated setup.py egg_info --egg-base ../../build/icm20948_publisher build --build-base /home/aleksmalm/Hermes/hermes_ws/build/icm20948_publisher/build install --record /home/aleksmalm/Hermes/hermes_ws/build/icm20948_publisher/install.log --single-version-externally-managed install_data
[6.497s] running egg_info
[6.502s] writing ../../build/icm20948_publisher/icm20948_publisher.egg-info/PKG-INFO
[6.503s] writing dependency_links to ../../build/icm20948_publisher/icm20948_publisher.egg-info/dependency_links.txt
[6.503s] writing entry points to ../../build/icm20948_publisher/icm20948_publisher.egg-info/entry_points.txt
[6.504s] writing requirements to ../../build/icm20948_publisher/icm20948_publisher.egg-info/requires.txt
[6.504s] writing top-level names to ../../build/icm20948_publisher/icm20948_publisher.egg-info/top_level.txt
[6.511s] reading manifest file '../../build/icm20948_publisher/icm20948_publisher.egg-info/SOURCES.txt'
[6.512s] writing manifest file '../../build/icm20948_publisher/icm20948_publisher.egg-info/SOURCES.txt'
[6.513s] running build
[6.513s] running build_py
[6.513s] running install
[6.514s] running install_lib
[6.521s] running install_data
[6.521s] running install_egg_info
[6.534s] removing '/home/aleksmalm/Hermes/hermes_ws/install/icm20948_publisher/lib/python3.10/site-packages/icm20948_publisher-0.0.0-py3.10.egg-info' (and everything under it)
[6.536s] Copying ../../build/icm20948_publisher/icm20948_publisher.egg-info to /home/aleksmalm/Hermes/hermes_ws/install/icm20948_publisher/lib/python3.10/site-packages/icm20948_publisher-0.0.0-py3.10.egg-info
[6.537s] running install_scripts
[6.676s] Installing icm_imu script to /home/aleksmalm/Hermes/hermes_ws/install/icm20948_publisher/lib/icm20948_publisher
[6.677s] writing list of installed files to '/home/aleksmalm/Hermes/hermes_ws/build/icm20948_publisher/install.log'
[6.880s] Invoked command in '/home/aleksmalm/Hermes/hermes_ws/src/icm20948_publisher' returned '0': PYTHONPATH=/home/aleksmalm/Hermes/hermes_ws/build/icm20948_publisher/prefix_override:/home/aleksmalm/Hermes/hermes_ws/install/icm20948_publisher/lib/python3.10/site-packages:${PYTHONPATH} /usr/bin/python3 -W ignore:setup.py install is deprecated setup.py egg_info --egg-base ../../build/icm20948_publisher build --build-base /home/aleksmalm/Hermes/hermes_ws/build/icm20948_publisher/build install --record /home/aleksmalm/Hermes/hermes_ws/build/icm20948_publisher/install.log --single-version-externally-managed install_data
