[3.364s] Invoking command in '/home/hermes/Hermes/hermes_ws/src/cmd_vel': PYTHONPATH=/home/hermes/Hermes/hermes_ws/build/cmd_vel/prefix_override:/home/hermes/Hermes/hermes_ws/install/cmd_vel/lib/python3.10/site-packages:${PYTHONPATH} /usr/bin/python3 -W ignore:setup.py install is deprecated setup.py egg_info --egg-base ../../build/cmd_vel build --build-base /home/hermes/Hermes/hermes_ws/build/cmd_vel/build install --record /home/hermes/Hermes/hermes_ws/build/cmd_vel/install.log --single-version-externally-managed install_data
[4.084s] running egg_info
[4.084s] writing ../../build/cmd_vel/cmd_vel.egg-info/PKG-INFO
[4.085s] writing dependency_links to ../../build/cmd_vel/cmd_vel.egg-info/dependency_links.txt
[4.085s] writing entry points to ../../build/cmd_vel/cmd_vel.egg-info/entry_points.txt
[4.085s] writing requirements to ../../build/cmd_vel/cmd_vel.egg-info/requires.txt
[4.085s] writing top-level names to ../../build/cmd_vel/cmd_vel.egg-info/top_level.txt
[4.091s] reading manifest file '../../build/cmd_vel/cmd_vel.egg-info/SOURCES.txt'
[4.093s] writing manifest file '../../build/cmd_vel/cmd_vel.egg-info/SOURCES.txt'
[4.093s] running build
[4.093s] running build_py
[4.094s] running install
[4.095s] running install_lib
[4.098s] running install_data
[4.098s] running install_egg_info
[4.105s] removing '/home/hermes/Hermes/hermes_ws/install/cmd_vel/lib/python3.10/site-packages/cmd_vel-0.0.0-py3.10.egg-info' (and everything under it)
[4.106s] Copying ../../build/cmd_vel/cmd_vel.egg-info to /home/hermes/Hermes/hermes_ws/install/cmd_vel/lib/python3.10/site-packages/cmd_vel-0.0.0-py3.10.egg-info
[4.108s] running install_scripts
[4.164s] Installing cmd_vel_controll script to /home/hermes/Hermes/hermes_ws/install/cmd_vel/lib/cmd_vel
[4.165s] writing list of installed files to '/home/hermes/Hermes/hermes_ws/build/cmd_vel/install.log'
[4.758s] Invoked command in '/home/hermes/Hermes/hermes_ws/src/cmd_vel' returned '0': PYTHONPATH=/home/hermes/Hermes/hermes_ws/build/cmd_vel/prefix_override:/home/hermes/Hermes/hermes_ws/install/cmd_vel/lib/python3.10/site-packages:${PYTHONPATH} /usr/bin/python3 -W ignore:setup.py install is deprecated setup.py egg_info --egg-base ../../build/cmd_vel build --build-base /home/hermes/Hermes/hermes_ws/build/cmd_vel/build install --record /home/hermes/Hermes/hermes_ws/build/cmd_vel/install.log --single-version-externally-managed install_data
