[1.092s] Invoking command in '/home/aleksmalm/Hermes/hermes_ws/build/hermes_interfaces': CMAKE_PREFIX_PATH=${CMAKE_PREFIX_PATH}:/home/aleksmalm/Hermes/hermes_ws/install/tof_publisher:/home/aleksmalm/Hermes/hermes_ws/install/teleop_control:/home/aleksmalm/Hermes/hermes_ws/install/robot_localization_pkg:/home/aleksmalm/Hermes/hermes_ws/install/path_creator:/home/aleksmalm/Hermes/hermes_ws/install/my_tf2_broadcaster:/home/aleksmalm/Hermes/hermes_ws/install/icm20948_publisher:/home/aleksmalm/Hermes/hermes_ws/install/hermes_nav:/home/aleksmalm/Hermes/hermes_ws/install/gps_publisher:/home/aleksmalm/Hermes/hermes_ws/install/cmd_vel:/home/aleksmalm/Hermes/hermes_ws/install/cameras:/opt/ros/humble /usr/bin/cmake --build /home/aleksmalm/Hermes/hermes_ws/build/hermes_interfaces -- -j12 -l12
[3.020s] [  9%] Built target hermes_interfaces__rosidl_generator_c
[3.020s] [ 12%] Built target hermes_interfaces__cpp
[3.020s] [ 12%] Built target ament_cmake_python_copy_hermes_interfaces
[3.020s] [ 22%] Built target hermes_interfaces__rosidl_typesupport_cpp
[3.020s] [ 32%] Built target hermes_interfaces__rosidl_typesupport_fastrtps_c
[3.020s] [ 41%] Built target hermes_interfaces__rosidl_typesupport_c
[3.020s] [ 61%] Built target hermes_interfaces__rosidl_typesupport_fastrtps_cpp
[3.021s] [ 61%] Built target hermes_interfaces__rosidl_typesupport_introspection_c
[3.021s] [ 70%] Built target hermes_interfaces__rosidl_typesupport_introspection_cpp
[3.021s] [ 70%] Built target hermes_interfaces
[3.021s] [ 74%] Built target hermes_interfaces__py
[3.021s] [ 80%] Built target hermes_interfaces__rosidl_generator_py
[3.021s] [ 87%] Built target hermes_interfaces__rosidl_typesupport_introspection_c__pyext
[3.021s] [ 93%] Built target hermes_interfaces__rosidl_typesupport_c__pyext
[3.021s] [100%] Built target hermes_interfaces__rosidl_typesupport_fastrtps_c__pyext
[3.022s] running egg_info
[3.022s] writing hermes_interfaces.egg-info/PKG-INFO
[3.022s] writing dependency_links to hermes_interfaces.egg-info/dependency_links.txt
[3.022s] writing top-level names to hermes_interfaces.egg-info/top_level.txt
[3.022s] reading manifest file 'hermes_interfaces.egg-info/SOURCES.txt'
[3.022s] writing manifest file 'hermes_interfaces.egg-info/SOURCES.txt'
[3.022s] [100%] Built target ament_cmake_python_build_hermes_interfaces_egg
[3.377s] Invoked command in '/home/aleksmalm/Hermes/hermes_ws/build/hermes_interfaces' returned '0': CMAKE_PREFIX_PATH=${CMAKE_PREFIX_PATH}:/home/aleksmalm/Hermes/hermes_ws/install/tof_publisher:/home/aleksmalm/Hermes/hermes_ws/install/teleop_control:/home/aleksmalm/Hermes/hermes_ws/install/robot_localization_pkg:/home/aleksmalm/Hermes/hermes_ws/install/path_creator:/home/aleksmalm/Hermes/hermes_ws/install/my_tf2_broadcaster:/home/aleksmalm/Hermes/hermes_ws/install/icm20948_publisher:/home/aleksmalm/Hermes/hermes_ws/install/hermes_nav:/home/aleksmalm/Hermes/hermes_ws/install/gps_publisher:/home/aleksmalm/Hermes/hermes_ws/install/cmd_vel:/home/aleksmalm/Hermes/hermes_ws/install/cameras:/opt/ros/humble /usr/bin/cmake --build /home/aleksmalm/Hermes/hermes_ws/build/hermes_interfaces -- -j12 -l12
[3.592s] Invoking command in '/home/aleksmalm/Hermes/hermes_ws/build/hermes_interfaces': CMAKE_PREFIX_PATH=${CMAKE_PREFIX_PATH}:/home/aleksmalm/Hermes/hermes_ws/install/tof_publisher:/home/aleksmalm/Hermes/hermes_ws/install/teleop_control:/home/aleksmalm/Hermes/hermes_ws/install/robot_localization_pkg:/home/aleksmalm/Hermes/hermes_ws/install/path_creator:/home/aleksmalm/Hermes/hermes_ws/install/my_tf2_broadcaster:/home/aleksmalm/Hermes/hermes_ws/install/icm20948_publisher:/home/aleksmalm/Hermes/hermes_ws/install/hermes_nav:/home/aleksmalm/Hermes/hermes_ws/install/gps_publisher:/home/aleksmalm/Hermes/hermes_ws/install/cmd_vel:/home/aleksmalm/Hermes/hermes_ws/install/cameras:/opt/ros/humble /usr/bin/cmake --install /home/aleksmalm/Hermes/hermes_ws/build/hermes_interfaces
[3.612s] -- Install configuration: ""
[3.615s] -- Up-to-date: /home/aleksmalm/Hermes/hermes_ws/install/hermes_interfaces/share/ament_index/resource_index/rosidl_interfaces/hermes_interfaces
[3.615s] -- Up-to-date: /home/aleksmalm/Hermes/hermes_ws/install/hermes_interfaces/include/hermes_interfaces/hermes_interfaces
[3.616s] -- Up-to-date: /home/aleksmalm/Hermes/hermes_ws/install/hermes_interfaces/include/hermes_interfaces/hermes_interfaces/msg
[3.616s] -- Up-to-date: /home/aleksmalm/Hermes/hermes_ws/install/hermes_interfaces/include/hermes_interfaces/hermes_interfaces/msg/detail
[3.617s] -- Up-to-date: /home/aleksmalm/Hermes/hermes_ws/install/hermes_interfaces/include/hermes_interfaces/hermes_interfaces/msg/detail/gps_fixed__type_support.h
[3.617s] -- Up-to-date: /home/aleksmalm/Hermes/hermes_ws/install/hermes_interfaces/include/hermes_interfaces/hermes_interfaces/msg/detail/gps_fixed__struct.h
[3.617s] -- Up-to-date: /home/aleksmalm/Hermes/hermes_ws/install/hermes_interfaces/include/hermes_interfaces/hermes_interfaces/msg/detail/gps_fixed__functions.c
[3.617s] -- Up-to-date: /home/aleksmalm/Hermes/hermes_ws/install/hermes_interfaces/include/hermes_interfaces/hermes_interfaces/msg/detail/gps_fixed__functions.h
[3.618s] -- Up-to-date: /home/aleksmalm/Hermes/hermes_ws/install/hermes_interfaces/include/hermes_interfaces/hermes_interfaces/msg/gps_fixed.h
[3.618s] -- Up-to-date: /home/aleksmalm/Hermes/hermes_ws/install/hermes_interfaces/include/hermes_interfaces/hermes_interfaces/msg/rosidl_generator_c__visibility_control.h
[3.618s] -- Up-to-date: /home/aleksmalm/Hermes/hermes_ws/install/hermes_interfaces/share/hermes_interfaces/environment/library_path.sh
[3.622s] -- Up-to-date: /home/aleksmalm/Hermes/hermes_ws/install/hermes_interfaces/share/hermes_interfaces/environment/library_path.dsv
[3.623s] -- Up-to-date: /home/aleksmalm/Hermes/hermes_ws/install/hermes_interfaces/lib/libhermes_interfaces__rosidl_generator_c.so
[3.624s] -- Up-to-date: /home/aleksmalm/Hermes/hermes_ws/install/hermes_interfaces/include/hermes_interfaces/hermes_interfaces
[3.624s] -- Up-to-date: /home/aleksmalm/Hermes/hermes_ws/install/hermes_interfaces/include/hermes_interfaces/hermes_interfaces/msg
[3.624s] -- Up-to-date: /home/aleksmalm/Hermes/hermes_ws/install/hermes_interfaces/include/hermes_interfaces/hermes_interfaces/msg/rosidl_typesupport_fastrtps_c__visibility_control.h
[3.624s] -- Up-to-date: /home/aleksmalm/Hermes/hermes_ws/install/hermes_interfaces/include/hermes_interfaces/hermes_interfaces/msg/detail
[3.624s] -- Up-to-date: /home/aleksmalm/Hermes/hermes_ws/install/hermes_interfaces/include/hermes_interfaces/hermes_interfaces/msg/detail/gps_fixed__rosidl_typesupport_fastrtps_c.h
[3.625s] -- Up-to-date: /home/aleksmalm/Hermes/hermes_ws/install/hermes_interfaces/lib/libhermes_interfaces__rosidl_typesupport_fastrtps_c.so
[3.625s] -- Up-to-date: /home/aleksmalm/Hermes/hermes_ws/install/hermes_interfaces/include/hermes_interfaces/hermes_interfaces
[3.625s] -- Up-to-date: /home/aleksmalm/Hermes/hermes_ws/install/hermes_interfaces/include/hermes_interfaces/hermes_interfaces/msg
[3.625s] -- Up-to-date: /home/aleksmalm/Hermes/hermes_ws/install/hermes_interfaces/include/hermes_interfaces/hermes_interfaces/msg/rosidl_typesupport_introspection_c__visibility_control.h
[3.626s] -- Up-to-date: /home/aleksmalm/Hermes/hermes_ws/install/hermes_interfaces/include/hermes_interfaces/hermes_interfaces/msg/detail
[3.626s] -- Up-to-date: /home/aleksmalm/Hermes/hermes_ws/install/hermes_interfaces/include/hermes_interfaces/hermes_interfaces/msg/detail/gps_fixed__rosidl_typesupport_introspection_c.h
[3.626s] -- Up-to-date: /home/aleksmalm/Hermes/hermes_ws/install/hermes_interfaces/include/hermes_interfaces/hermes_interfaces/msg/detail/gps_fixed__type_support.c
[3.626s] -- Up-to-date: /home/aleksmalm/Hermes/hermes_ws/install/hermes_interfaces/lib/libhermes_interfaces__rosidl_typesupport_introspection_c.so
[3.631s] -- Up-to-date: /home/aleksmalm/Hermes/hermes_ws/install/hermes_interfaces/lib/libhermes_interfaces__rosidl_typesupport_c.so
[3.631s] -- Up-to-date: /home/aleksmalm/Hermes/hermes_ws/install/hermes_interfaces/include/hermes_interfaces/hermes_interfaces
[3.631s] -- Up-to-date: /home/aleksmalm/Hermes/hermes_ws/install/hermes_interfaces/include/hermes_interfaces/hermes_interfaces/msg
[3.636s] -- Up-to-date: /home/aleksmalm/Hermes/hermes_ws/install/hermes_interfaces/include/hermes_interfaces/hermes_interfaces/msg/detail
[3.636s] -- Up-to-date: /home/aleksmalm/Hermes/hermes_ws/install/hermes_interfaces/include/hermes_interfaces/hermes_interfaces/msg/detail/gps_fixed__traits.hpp
[3.636s] -- Up-to-date: /home/aleksmalm/Hermes/hermes_ws/install/hermes_interfaces/include/hermes_interfaces/hermes_interfaces/msg/detail/gps_fixed__struct.hpp
[3.636s] -- Up-to-date: /home/aleksmalm/Hermes/hermes_ws/install/hermes_interfaces/include/hermes_interfaces/hermes_interfaces/msg/detail/gps_fixed__builder.hpp
[3.636s] -- Up-to-date: /home/aleksmalm/Hermes/hermes_ws/install/hermes_interfaces/include/hermes_interfaces/hermes_interfaces/msg/gps_fixed.hpp
[3.637s] -- Up-to-date: /home/aleksmalm/Hermes/hermes_ws/install/hermes_interfaces/include/hermes_interfaces/hermes_interfaces
[3.637s] -- Up-to-date: /home/aleksmalm/Hermes/hermes_ws/install/hermes_interfaces/include/hermes_interfaces/hermes_interfaces/msg
[3.637s] -- Up-to-date: /home/aleksmalm/Hermes/hermes_ws/install/hermes_interfaces/include/hermes_interfaces/hermes_interfaces/msg/rosidl_typesupport_fastrtps_cpp__visibility_control.h
[3.638s] -- Up-to-date: /home/aleksmalm/Hermes/hermes_ws/install/hermes_interfaces/include/hermes_interfaces/hermes_interfaces/msg/detail
[3.638s] -- Up-to-date: /home/aleksmalm/Hermes/hermes_ws/install/hermes_interfaces/include/hermes_interfaces/hermes_interfaces/msg/detail/gps_fixed__rosidl_typesupport_fastrtps_cpp.hpp
[3.638s] -- Up-to-date: /home/aleksmalm/Hermes/hermes_ws/install/hermes_interfaces/include/hermes_interfaces/hermes_interfaces/msg/detail/dds_fastrtps
[3.638s] -- Up-to-date: /home/aleksmalm/Hermes/hermes_ws/install/hermes_interfaces/lib/libhermes_interfaces__rosidl_typesupport_fastrtps_cpp.so
[3.639s] -- Up-to-date: /home/aleksmalm/Hermes/hermes_ws/install/hermes_interfaces/include/hermes_interfaces/hermes_interfaces
[3.639s] -- Up-to-date: /home/aleksmalm/Hermes/hermes_ws/install/hermes_interfaces/include/hermes_interfaces/hermes_interfaces/msg
[3.639s] -- Up-to-date: /home/aleksmalm/Hermes/hermes_ws/install/hermes_interfaces/include/hermes_interfaces/hermes_interfaces/msg/detail
[3.639s] -- Up-to-date: /home/aleksmalm/Hermes/hermes_ws/install/hermes_interfaces/include/hermes_interfaces/hermes_interfaces/msg/detail/gps_fixed__rosidl_typesupport_introspection_cpp.hpp
[3.639s] -- Up-to-date: /home/aleksmalm/Hermes/hermes_ws/install/hermes_interfaces/include/hermes_interfaces/hermes_interfaces/msg/detail/gps_fixed__type_support.cpp
[3.643s] -- Up-to-date: /home/aleksmalm/Hermes/hermes_ws/install/hermes_interfaces/lib/libhermes_interfaces__rosidl_typesupport_introspection_cpp.so
[3.644s] -- Up-to-date: /home/aleksmalm/Hermes/hermes_ws/install/hermes_interfaces/lib/libhermes_interfaces__rosidl_typesupport_cpp.so
[3.645s] -- Up-to-date: /home/aleksmalm/Hermes/hermes_ws/install/hermes_interfaces/share/hermes_interfaces/environment/pythonpath.sh
[3.645s] -- Up-to-date: /home/aleksmalm/Hermes/hermes_ws/install/hermes_interfaces/share/hermes_interfaces/environment/pythonpath.dsv
[3.645s] -- Up-to-date: /home/aleksmalm/Hermes/hermes_ws/install/hermes_interfaces/local/lib/python3.10/dist-packages/hermes_interfaces-0.0.0-py3.10.egg-info
[3.646s] -- Installing: /home/aleksmalm/Hermes/hermes_ws/install/hermes_interfaces/local/lib/python3.10/dist-packages/hermes_interfaces-0.0.0-py3.10.egg-info/dependency_links.txt
[3.646s] -- Installing: /home/aleksmalm/Hermes/hermes_ws/install/hermes_interfaces/local/lib/python3.10/dist-packages/hermes_interfaces-0.0.0-py3.10.egg-info/top_level.txt
[3.646s] -- Installing: /home/aleksmalm/Hermes/hermes_ws/install/hermes_interfaces/local/lib/python3.10/dist-packages/hermes_interfaces-0.0.0-py3.10.egg-info/PKG-INFO
[3.646s] -- Installing: /home/aleksmalm/Hermes/hermes_ws/install/hermes_interfaces/local/lib/python3.10/dist-packages/hermes_interfaces-0.0.0-py3.10.egg-info/SOURCES.txt
[3.647s] -- Up-to-date: /home/aleksmalm/Hermes/hermes_ws/install/hermes_interfaces/local/lib/python3.10/dist-packages/hermes_interfaces
[3.647s] -- Up-to-date: /home/aleksmalm/Hermes/hermes_ws/install/hermes_interfaces/local/lib/python3.10/dist-packages/hermes_interfaces/__init__.py
[3.647s] -- Up-to-date: /home/aleksmalm/Hermes/hermes_ws/install/hermes_interfaces/local/lib/python3.10/dist-packages/hermes_interfaces/_hermes_interfaces_s.ep.rosidl_typesupport_fastrtps_c.c
[3.650s] -- Up-to-date: /home/aleksmalm/Hermes/hermes_ws/install/hermes_interfaces/local/lib/python3.10/dist-packages/hermes_interfaces/hermes_interfaces_s__rosidl_typesupport_fastrtps_c.cpython-310-x86_64-linux-gnu.so
[3.651s] -- Up-to-date: /home/aleksmalm/Hermes/hermes_ws/install/hermes_interfaces/local/lib/python3.10/dist-packages/hermes_interfaces/hermes_interfaces_s__rosidl_typesupport_c.cpython-310-x86_64-linux-gnu.so
[3.651s] -- Up-to-date: /home/aleksmalm/Hermes/hermes_ws/install/hermes_interfaces/local/lib/python3.10/dist-packages/hermes_interfaces/msg
[3.652s] -- Up-to-date: /home/aleksmalm/Hermes/hermes_ws/install/hermes_interfaces/local/lib/python3.10/dist-packages/hermes_interfaces/msg/__init__.py
[3.652s] -- Up-to-date: /home/aleksmalm/Hermes/hermes_ws/install/hermes_interfaces/local/lib/python3.10/dist-packages/hermes_interfaces/msg/_gps_fixed.py
[3.652s] -- Up-to-date: /home/aleksmalm/Hermes/hermes_ws/install/hermes_interfaces/local/lib/python3.10/dist-packages/hermes_interfaces/msg/_gps_fixed_s.c
[3.653s] -- Up-to-date: /home/aleksmalm/Hermes/hermes_ws/install/hermes_interfaces/local/lib/python3.10/dist-packages/hermes_interfaces/_hermes_interfaces_s.ep.rosidl_typesupport_c.c
[3.653s] -- Up-to-date: /home/aleksmalm/Hermes/hermes_ws/install/hermes_interfaces/local/lib/python3.10/dist-packages/hermes_interfaces/_hermes_interfaces_s.ep.rosidl_typesupport_introspection_c.c
[3.653s] -- Up-to-date: /home/aleksmalm/Hermes/hermes_ws/install/hermes_interfaces/local/lib/python3.10/dist-packages/hermes_interfaces/libhermes_interfaces__rosidl_generator_py.so
[3.653s] -- Up-to-date: /home/aleksmalm/Hermes/hermes_ws/install/hermes_interfaces/local/lib/python3.10/dist-packages/hermes_interfaces/hermes_interfaces_s__rosidl_typesupport_introspection_c.cpython-310-x86_64-linux-gnu.so
[3.734s] Listing '/home/aleksmalm/Hermes/hermes_ws/install/hermes_interfaces/local/lib/python3.10/dist-packages/hermes_interfaces'...
[3.735s] Listing '/home/aleksmalm/Hermes/hermes_ws/install/hermes_interfaces/local/lib/python3.10/dist-packages/hermes_interfaces/msg'...
[3.750s] -- Up-to-date: /home/aleksmalm/Hermes/hermes_ws/install/hermes_interfaces/local/lib/python3.10/dist-packages/hermes_interfaces/hermes_interfaces_s__rosidl_typesupport_fastrtps_c.cpython-310-x86_64-linux-gnu.so
[3.750s] -- Up-to-date: /home/aleksmalm/Hermes/hermes_ws/install/hermes_interfaces/local/lib/python3.10/dist-packages/hermes_interfaces/hermes_interfaces_s__rosidl_typesupport_introspection_c.cpython-310-x86_64-linux-gnu.so
[3.751s] -- Up-to-date: /home/aleksmalm/Hermes/hermes_ws/install/hermes_interfaces/local/lib/python3.10/dist-packages/hermes_interfaces/hermes_interfaces_s__rosidl_typesupport_c.cpython-310-x86_64-linux-gnu.so
[3.751s] -- Up-to-date: /home/aleksmalm/Hermes/hermes_ws/install/hermes_interfaces/lib/libhermes_interfaces__rosidl_generator_py.so
[3.751s] -- Up-to-date: /home/aleksmalm/Hermes/hermes_ws/install/hermes_interfaces/share/hermes_interfaces/msg/GpsFixed.idl
[3.751s] -- Up-to-date: /home/aleksmalm/Hermes/hermes_ws/install/hermes_interfaces/share/hermes_interfaces/msg/GpsFixed.msg
[3.751s] -- Up-to-date: /home/aleksmalm/Hermes/hermes_ws/install/hermes_interfaces/share/ament_index/resource_index/package_run_dependencies/hermes_interfaces
[3.752s] -- Up-to-date: /home/aleksmalm/Hermes/hermes_ws/install/hermes_interfaces/share/ament_index/resource_index/parent_prefix_path/hermes_interfaces
[3.752s] -- Up-to-date: /home/aleksmalm/Hermes/hermes_ws/install/hermes_interfaces/share/hermes_interfaces/environment/ament_prefix_path.sh
[3.752s] -- Up-to-date: /home/aleksmalm/Hermes/hermes_ws/install/hermes_interfaces/share/hermes_interfaces/environment/ament_prefix_path.dsv
[3.755s] -- Up-to-date: /home/aleksmalm/Hermes/hermes_ws/install/hermes_interfaces/share/hermes_interfaces/environment/path.sh
[3.755s] -- Up-to-date: /home/aleksmalm/Hermes/hermes_ws/install/hermes_interfaces/share/hermes_interfaces/environment/path.dsv
[3.756s] -- Up-to-date: /home/aleksmalm/Hermes/hermes_ws/install/hermes_interfaces/share/hermes_interfaces/local_setup.bash
[3.759s] -- Up-to-date: /home/aleksmalm/Hermes/hermes_ws/install/hermes_interfaces/share/hermes_interfaces/local_setup.sh
[3.760s] -- Up-to-date: /home/aleksmalm/Hermes/hermes_ws/install/hermes_interfaces/share/hermes_interfaces/local_setup.zsh
[3.760s] -- Up-to-date: /home/aleksmalm/Hermes/hermes_ws/install/hermes_interfaces/share/hermes_interfaces/local_setup.dsv
[3.760s] -- Installing: /home/aleksmalm/Hermes/hermes_ws/install/hermes_interfaces/share/hermes_interfaces/package.dsv
[3.761s] -- Up-to-date: /home/aleksmalm/Hermes/hermes_ws/install/hermes_interfaces/share/ament_index/resource_index/packages/hermes_interfaces
[3.761s] -- Up-to-date: /home/aleksmalm/Hermes/hermes_ws/install/hermes_interfaces/share/hermes_interfaces/cmake/export_hermes_interfaces__rosidl_generator_cExport.cmake
[3.761s] -- Up-to-date: /home/aleksmalm/Hermes/hermes_ws/install/hermes_interfaces/share/hermes_interfaces/cmake/export_hermes_interfaces__rosidl_generator_cExport-noconfig.cmake
[3.761s] -- Up-to-date: /home/aleksmalm/Hermes/hermes_ws/install/hermes_interfaces/share/hermes_interfaces/cmake/export_hermes_interfaces__rosidl_typesupport_fastrtps_cExport.cmake
[3.761s] -- Up-to-date: /home/aleksmalm/Hermes/hermes_ws/install/hermes_interfaces/share/hermes_interfaces/cmake/export_hermes_interfaces__rosidl_typesupport_fastrtps_cExport-noconfig.cmake
[3.762s] -- Up-to-date: /home/aleksmalm/Hermes/hermes_ws/install/hermes_interfaces/share/hermes_interfaces/cmake/hermes_interfaces__rosidl_typesupport_introspection_cExport.cmake
[3.762s] -- Up-to-date: /home/aleksmalm/Hermes/hermes_ws/install/hermes_interfaces/share/hermes_interfaces/cmake/hermes_interfaces__rosidl_typesupport_introspection_cExport-noconfig.cmake
[3.762s] -- Up-to-date: /home/aleksmalm/Hermes/hermes_ws/install/hermes_interfaces/share/hermes_interfaces/cmake/hermes_interfaces__rosidl_typesupport_cExport.cmake
[3.763s] -- Up-to-date: /home/aleksmalm/Hermes/hermes_ws/install/hermes_interfaces/share/hermes_interfaces/cmake/hermes_interfaces__rosidl_typesupport_cExport-noconfig.cmake
[3.763s] -- Up-to-date: /home/aleksmalm/Hermes/hermes_ws/install/hermes_interfaces/share/hermes_interfaces/cmake/export_hermes_interfaces__rosidl_generator_cppExport.cmake
[3.764s] -- Up-to-date: /home/aleksmalm/Hermes/hermes_ws/install/hermes_interfaces/share/hermes_interfaces/cmake/export_hermes_interfaces__rosidl_typesupport_fastrtps_cppExport.cmake
[3.766s] -- Up-to-date: /home/aleksmalm/Hermes/hermes_ws/install/hermes_interfaces/share/hermes_interfaces/cmake/export_hermes_interfaces__rosidl_typesupport_fastrtps_cppExport-noconfig.cmake
[3.766s] -- Up-to-date: /home/aleksmalm/Hermes/hermes_ws/install/hermes_interfaces/share/hermes_interfaces/cmake/hermes_interfaces__rosidl_typesupport_introspection_cppExport.cmake
[3.766s] -- Up-to-date: /home/aleksmalm/Hermes/hermes_ws/install/hermes_interfaces/share/hermes_interfaces/cmake/hermes_interfaces__rosidl_typesupport_introspection_cppExport-noconfig.cmake
[3.767s] -- Up-to-date: /home/aleksmalm/Hermes/hermes_ws/install/hermes_interfaces/share/hermes_interfaces/cmake/hermes_interfaces__rosidl_typesupport_cppExport.cmake
[3.768s] -- Up-to-date: /home/aleksmalm/Hermes/hermes_ws/install/hermes_interfaces/share/hermes_interfaces/cmake/hermes_interfaces__rosidl_typesupport_cppExport-noconfig.cmake
[3.774s] -- Up-to-date: /home/aleksmalm/Hermes/hermes_ws/install/hermes_interfaces/share/hermes_interfaces/cmake/export_hermes_interfaces__rosidl_generator_pyExport.cmake
[3.775s] -- Up-to-date: /home/aleksmalm/Hermes/hermes_ws/install/hermes_interfaces/share/hermes_interfaces/cmake/export_hermes_interfaces__rosidl_generator_pyExport-noconfig.cmake
[3.776s] -- Up-to-date: /home/aleksmalm/Hermes/hermes_ws/install/hermes_interfaces/share/hermes_interfaces/cmake/rosidl_cmake-extras.cmake
[3.776s] -- Up-to-date: /home/aleksmalm/Hermes/hermes_ws/install/hermes_interfaces/share/hermes_interfaces/cmake/ament_cmake_export_include_directories-extras.cmake
[3.776s] -- Up-to-date: /home/aleksmalm/Hermes/hermes_ws/install/hermes_interfaces/share/hermes_interfaces/cmake/ament_cmake_export_libraries-extras.cmake
[3.776s] -- Up-to-date: /home/aleksmalm/Hermes/hermes_ws/install/hermes_interfaces/share/hermes_interfaces/cmake/ament_cmake_export_targets-extras.cmake
[3.776s] -- Up-to-date: /home/aleksmalm/Hermes/hermes_ws/install/hermes_interfaces/share/hermes_interfaces/cmake/rosidl_cmake_export_typesupport_targets-extras.cmake
[3.777s] -- Up-to-date: /home/aleksmalm/Hermes/hermes_ws/install/hermes_interfaces/share/hermes_interfaces/cmake/ament_cmake_export_dependencies-extras.cmake
[3.777s] -- Up-to-date: /home/aleksmalm/Hermes/hermes_ws/install/hermes_interfaces/share/hermes_interfaces/cmake/rosidl_cmake_export_typesupport_libraries-extras.cmake
[3.777s] -- Up-to-date: /home/aleksmalm/Hermes/hermes_ws/install/hermes_interfaces/share/hermes_interfaces/cmake/hermes_interfacesConfig.cmake
[3.777s] -- Up-to-date: /home/aleksmalm/Hermes/hermes_ws/install/hermes_interfaces/share/hermes_interfaces/cmake/hermes_interfacesConfig-version.cmake
[3.777s] -- Up-to-date: /home/aleksmalm/Hermes/hermes_ws/install/hermes_interfaces/share/hermes_interfaces/package.xml
[4.467s] Invoked command in '/home/aleksmalm/Hermes/hermes_ws/build/hermes_interfaces' returned '0': CMAKE_PREFIX_PATH=${CMAKE_PREFIX_PATH}:/home/aleksmalm/Hermes/hermes_ws/install/tof_publisher:/home/aleksmalm/Hermes/hermes_ws/install/teleop_control:/home/aleksmalm/Hermes/hermes_ws/install/robot_localization_pkg:/home/aleksmalm/Hermes/hermes_ws/install/path_creator:/home/aleksmalm/Hermes/hermes_ws/install/my_tf2_broadcaster:/home/aleksmalm/Hermes/hermes_ws/install/icm20948_publisher:/home/aleksmalm/Hermes/hermes_ws/install/hermes_nav:/home/aleksmalm/Hermes/hermes_ws/install/gps_publisher:/home/aleksmalm/Hermes/hermes_ws/install/cmd_vel:/home/aleksmalm/Hermes/hermes_ws/install/cameras:/opt/ros/humble /usr/bin/cmake --install /home/aleksmalm/Hermes/hermes_ws/build/hermes_interfaces
