[1.998s] Invoking command in '/home/raivo/Hermes/hermes_ws/src/gps_publisher': PYTHONPATH=/home/raivo/Hermes/hermes_ws/build/gps_publisher/prefix_override:/home/raivo/Hermes/hermes_ws/install/gps_publisher/lib/python3.10/site-packages:${PYTHONPATH} /usr/bin/python3 -W ignore:setup.py install is deprecated setup.py egg_info --egg-base ../../build/gps_publisher build --build-base /home/raivo/Hermes/hermes_ws/build/gps_publisher/build install --record /home/raivo/Hermes/hermes_ws/build/gps_publisher/install.log --single-version-externally-managed install_data
[2.313s] running egg_info
[2.332s] writing ../../build/gps_publisher/gps_publisher.egg-info/PKG-INFO
[2.332s] writing dependency_links to ../../build/gps_publisher/gps_publisher.egg-info/dependency_links.txt
[2.333s] writing entry points to ../../build/gps_publisher/gps_publisher.egg-info/entry_points.txt
[2.333s] writing requirements to ../../build/gps_publisher/gps_publisher.egg-info/requires.txt
[2.333s] writing top-level names to ../../build/gps_publisher/gps_publisher.egg-info/top_level.txt
[2.375s] reading manifest file '../../build/gps_publisher/gps_publisher.egg-info/SOURCES.txt'
[2.375s] Traceback (most recent call last):
[2.375s]   File "/home/raivo/Hermes/hermes_ws/src/gps_publisher/setup.py", line 5, in <module>
[2.375s]     setup(
[2.375s]   File "/home/raivo/.local/lib/python3.10/site-packages/setuptools/__init__.py", line 117, in setup
[2.376s]     return distutils.core.setup(**attrs)
[2.376s]   File "/home/raivo/.local/lib/python3.10/site-packages/setuptools/_distutils/core.py", line 183, in setup
[2.376s]     return run_commands(dist)
[2.376s]   File "/home/raivo/.local/lib/python3.10/site-packages/setuptools/_distutils/core.py", line 199, in run_commands
[2.376s]     dist.run_commands()
[2.376s]   File "/home/raivo/.local/lib/python3.10/site-packages/setuptools/_distutils/dist.py", line 954, in run_commands
[2.377s]     self.run_command(cmd)
[2.377s]   File "/home/raivo/.local/lib/python3.10/site-packages/setuptools/dist.py", line 950, in run_command
[2.377s]     super().run_command(command)
[2.377s]   File "/home/raivo/.local/lib/python3.10/site-packages/setuptools/_distutils/dist.py", line 973, in run_command
[2.377s]     cmd_obj.run()
[2.377s]   File "/home/raivo/.local/lib/python3.10/site-packages/setuptools/command/egg_info.py", line 311, in run
[2.377s]     self.find_sources()
[2.377s]   File "/home/raivo/.local/lib/python3.10/site-packages/setuptools/command/egg_info.py", line 319, in find_sources
[2.377s]     mm.run()
[2.377s]   File "/home/raivo/.local/lib/python3.10/site-packages/setuptools/command/egg_info.py", line 545, in run
[2.377s]     self.prune_file_list()
[2.378s]   File "/home/raivo/.local/lib/python3.10/site-packages/setuptools/command/sdist.py", line 161, in prune_file_list
[2.378s]     super().prune_file_list()
[2.378s]   File "/home/raivo/.local/lib/python3.10/site-packages/setuptools/_distutils/command/sdist.py", line 380, in prune_file_list
[2.378s]     base_dir = self.distribution.get_fullname()
[2.378s]   File "/home/raivo/.local/lib/python3.10/site-packages/setuptools/_core_metadata.py", line 267, in get_fullname
[2.378s]     return _distribution_fullname(self.get_name(), self.get_version())
[2.378s]   File "/home/raivo/.local/lib/python3.10/site-packages/setuptools/_core_metadata.py", line 285, in _distribution_fullname
[2.378s]     canonicalize_version(version, strip_trailing_zero=False),
[2.378s] TypeError: canonicalize_version() got an unexpected keyword argument 'strip_trailing_zero'
