[5.558s] DEBUG:colcon:Command line arguments: ['/usr/bin/colcon', 'build']
[5.559s] DEBUG:colcon:Parsed command line arguments: Namespace(allow_overriding=[], ament_cmake_args=None, base_paths=['.'], build_base='build', catkin_cmake_args=None, catkin_skip_building_tests=False, cmake_args=None, cmake_clean_cache=False, cmake_clean_first=False, cmake_force_configure=False, cmake_target=None, cmake_target_skip_unavailable=False, continue_on_error=False, event_handlers=None, executor='parallel', ignore_user_meta=False, install_base='install', log_base=None, log_level=None, main=<bound method BuildVerb.main of <colcon_core.verb.build.BuildVerb object at 0xffffa915ef40>>, merge_install=False, metas=['./colcon.meta'], packages_above=None, packages_above_and_dependencies=None, packages_above_depth=None, packages_end=None, packages_ignore=None, packages_ignore_regex=None, packages_select=None, packages_select_build_failed=False, packages_select_by_dep=None, packages_select_regex=None, packages_select_test_failures=False, packages_skip=None, packages_skip_build_finished=False, packages_skip_by_dep=None, packages_skip_regex=None, packages_skip_test_passed=False, packages_skip_up_to=None, packages_start=None, packages_up_to=None, packages_up_to_regex=None, parallel_workers=6, paths=None, symlink_install=False, test_result_base=None, verb_extension=<colcon_core.verb.build.BuildVerb object at 0xffffa915ef40>, verb_name='build', verb_parser=<colcon_defaults.argument_parser.defaults.DefaultArgumentsDecorator object at 0xffffa911d250>)
[5.792s] Level 1:colcon.colcon_core.package_discovery:discover_packages(colcon_meta) check parameters
[5.792s] Level 1:colcon.colcon_core.package_discovery:discover_packages(recursive) check parameters
[5.792s] Level 1:colcon.colcon_core.package_discovery:discover_packages(ignore) check parameters
[5.792s] Level 1:colcon.colcon_core.package_discovery:discover_packages(path) check parameters
[5.792s] Level 1:colcon.colcon_core.package_discovery:discover_packages(colcon_meta) discover
[5.792s] Level 1:colcon.colcon_core.package_discovery:discover_packages(recursive) discover
[5.793s] INFO:colcon.colcon_core.package_discovery:Crawling recursively for packages in '/home/hermes/Hermes/hermes_ws'
[5.793s] Level 1:colcon.colcon_core.package_identification:_identify(.) by extensions ['ignore', 'ignore_ament_install']
[5.793s] Level 1:colcon.colcon_core.package_identification:_identify(.) by extension 'ignore'
[5.793s] Level 1:colcon.colcon_core.package_identification:_identify(.) by extension 'ignore_ament_install'
[5.793s] Level 1:colcon.colcon_core.package_identification:_identify(.) by extensions ['colcon_pkg']
[5.793s] Level 1:colcon.colcon_core.package_identification:_identify(.) by extension 'colcon_pkg'
[5.793s] Level 1:colcon.colcon_core.package_identification:_identify(.) by extensions ['colcon_meta']
[5.794s] Level 1:colcon.colcon_core.package_identification:_identify(.) by extension 'colcon_meta'
[5.794s] Level 1:colcon.colcon_core.package_identification:_identify(.) by extensions ['ros']
[5.794s] Level 1:colcon.colcon_core.package_identification:_identify(.) by extension 'ros'
[5.815s] Level 1:colcon.colcon_core.package_identification:_identify(.) by extensions ['cmake', 'python']
[5.816s] Level 1:colcon.colcon_core.package_identification:_identify(.) by extension 'cmake'
[5.816s] Level 1:colcon.colcon_core.package_identification:_identify(.) by extension 'python'
[5.816s] Level 1:colcon.colcon_core.package_identification:_identify(.) by extensions ['python_setup_py']
[5.816s] Level 1:colcon.colcon_core.package_identification:_identify(.) by extension 'python_setup_py'
[5.816s] Level 1:colcon.colcon_core.package_identification:_identify(build) by extensions ['ignore', 'ignore_ament_install']
[5.816s] Level 1:colcon.colcon_core.package_identification:_identify(build) by extension 'ignore'
[5.816s] Level 1:colcon.colcon_core.package_identification:_identify(build) ignored
[5.817s] Level 1:colcon.colcon_core.package_identification:_identify(install) by extensions ['ignore', 'ignore_ament_install']
[5.817s] Level 1:colcon.colcon_core.package_identification:_identify(install) by extension 'ignore'
[5.817s] Level 1:colcon.colcon_core.package_identification:_identify(install) ignored
[5.817s] Level 1:colcon.colcon_core.package_identification:_identify(log) by extensions ['ignore', 'ignore_ament_install']
[5.817s] Level 1:colcon.colcon_core.package_identification:_identify(log) by extension 'ignore'
[5.818s] Level 1:colcon.colcon_core.package_identification:_identify(log) ignored
[5.818s] Level 1:colcon.colcon_core.package_identification:_identify(src) by extensions ['ignore', 'ignore_ament_install']
[5.818s] Level 1:colcon.colcon_core.package_identification:_identify(src) by extension 'ignore'
[5.818s] Level 1:colcon.colcon_core.package_identification:_identify(src) by extension 'ignore_ament_install'
[5.818s] Level 1:colcon.colcon_core.package_identification:_identify(src) by extensions ['colcon_pkg']
[5.818s] Level 1:colcon.colcon_core.package_identification:_identify(src) by extension 'colcon_pkg'
[5.818s] Level 1:colcon.colcon_core.package_identification:_identify(src) by extensions ['colcon_meta']
[5.818s] Level 1:colcon.colcon_core.package_identification:_identify(src) by extension 'colcon_meta'
[5.818s] Level 1:colcon.colcon_core.package_identification:_identify(src) by extensions ['ros']
[5.819s] Level 1:colcon.colcon_core.package_identification:_identify(src) by extension 'ros'
[5.819s] Level 1:colcon.colcon_core.package_identification:_identify(src) by extensions ['cmake', 'python']
[5.819s] Level 1:colcon.colcon_core.package_identification:_identify(src) by extension 'cmake'
[5.819s] Level 1:colcon.colcon_core.package_identification:_identify(src) by extension 'python'
[5.819s] Level 1:colcon.colcon_core.package_identification:_identify(src) by extensions ['python_setup_py']
[5.819s] Level 1:colcon.colcon_core.package_identification:_identify(src) by extension 'python_setup_py'
[5.819s] Level 1:colcon.colcon_core.package_identification:_identify(src/cameras) by extensions ['ignore', 'ignore_ament_install']
[5.819s] Level 1:colcon.colcon_core.package_identification:_identify(src/cameras) by extension 'ignore'
[5.820s] Level 1:colcon.colcon_core.package_identification:_identify(src/cameras) by extension 'ignore_ament_install'
[5.820s] Level 1:colcon.colcon_core.package_identification:_identify(src/cameras) by extensions ['colcon_pkg']
[5.820s] Level 1:colcon.colcon_core.package_identification:_identify(src/cameras) by extension 'colcon_pkg'
[5.820s] Level 1:colcon.colcon_core.package_identification:_identify(src/cameras) by extensions ['colcon_meta']
[5.820s] Level 1:colcon.colcon_core.package_identification:_identify(src/cameras) by extension 'colcon_meta'
[5.820s] Level 1:colcon.colcon_core.package_identification:_identify(src/cameras) by extensions ['ros']
[5.820s] Level 1:colcon.colcon_core.package_identification:_identify(src/cameras) by extension 'ros'
[5.824s] DEBUG:colcon.colcon_core.package_identification:Package 'src/cameras' with type 'ros.ament_python' and name 'cameras'
[5.825s] Level 1:colcon.colcon_core.package_identification:_identify(src/gps_publisher) by extensions ['ignore', 'ignore_ament_install']
[5.825s] Level 1:colcon.colcon_core.package_identification:_identify(src/gps_publisher) by extension 'ignore'
[5.825s] Level 1:colcon.colcon_core.package_identification:_identify(src/gps_publisher) by extension 'ignore_ament_install'
[5.825s] Level 1:colcon.colcon_core.package_identification:_identify(src/gps_publisher) by extensions ['colcon_pkg']
[5.826s] Level 1:colcon.colcon_core.package_identification:_identify(src/gps_publisher) by extension 'colcon_pkg'
[5.826s] Level 1:colcon.colcon_core.package_identification:_identify(src/gps_publisher) by extensions ['colcon_meta']
[5.826s] Level 1:colcon.colcon_core.package_identification:_identify(src/gps_publisher) by extension 'colcon_meta'
[5.826s] Level 1:colcon.colcon_core.package_identification:_identify(src/gps_publisher) by extensions ['ros']
[5.826s] Level 1:colcon.colcon_core.package_identification:_identify(src/gps_publisher) by extension 'ros'
[5.827s] DEBUG:colcon.colcon_core.package_identification:Package 'src/gps_publisher' with type 'ros.ament_python' and name 'gps_publisher'
[5.827s] Level 1:colcon.colcon_core.package_identification:_identify(src/imu_publisher) by extensions ['ignore', 'ignore_ament_install']
[5.827s] Level 1:colcon.colcon_core.package_identification:_identify(src/imu_publisher) by extension 'ignore'
[5.827s] Level 1:colcon.colcon_core.package_identification:_identify(src/imu_publisher) by extension 'ignore_ament_install'
[5.827s] Level 1:colcon.colcon_core.package_identification:_identify(src/imu_publisher) by extensions ['colcon_pkg']
[5.827s] Level 1:colcon.colcon_core.package_identification:_identify(src/imu_publisher) by extension 'colcon_pkg'
[5.828s] Level 1:colcon.colcon_core.package_identification:_identify(src/imu_publisher) by extensions ['colcon_meta']
[5.828s] Level 1:colcon.colcon_core.package_identification:_identify(src/imu_publisher) by extension 'colcon_meta'
[5.828s] Level 1:colcon.colcon_core.package_identification:_identify(src/imu_publisher) by extensions ['ros']
[5.828s] Level 1:colcon.colcon_core.package_identification:_identify(src/imu_publisher) by extension 'ros'
[5.829s] DEBUG:colcon.colcon_core.package_identification:Package 'src/imu_publisher' with type 'ros.ament_python' and name 'imu_publisher'
[5.829s] Level 1:colcon.colcon_core.package_identification:_identify(src/lidar_publisher) by extensions ['ignore', 'ignore_ament_install']
[5.829s] Level 1:colcon.colcon_core.package_identification:_identify(src/lidar_publisher) by extension 'ignore'
[5.829s] Level 1:colcon.colcon_core.package_identification:_identify(src/lidar_publisher) by extension 'ignore_ament_install'
[5.829s] Level 1:colcon.colcon_core.package_identification:_identify(src/lidar_publisher) by extensions ['colcon_pkg']
[5.829s] Level 1:colcon.colcon_core.package_identification:_identify(src/lidar_publisher) by extension 'colcon_pkg'
[5.829s] Level 1:colcon.colcon_core.package_identification:_identify(src/lidar_publisher) by extensions ['colcon_meta']
[5.830s] Level 1:colcon.colcon_core.package_identification:_identify(src/lidar_publisher) by extension 'colcon_meta'
[5.830s] Level 1:colcon.colcon_core.package_identification:_identify(src/lidar_publisher) by extensions ['ros']
[5.830s] Level 1:colcon.colcon_core.package_identification:_identify(src/lidar_publisher) by extension 'ros'
[5.831s] DEBUG:colcon.colcon_core.package_identification:Package 'src/lidar_publisher' with type 'ros.ament_cmake' and name 'ldlidar_stl_ros2'
[5.831s] Level 1:colcon.colcon_core.package_identification:_identify(src/odometry) by extensions ['ignore', 'ignore_ament_install']
[5.831s] Level 1:colcon.colcon_core.package_identification:_identify(src/odometry) by extension 'ignore'
[5.831s] Level 1:colcon.colcon_core.package_identification:_identify(src/odometry) by extension 'ignore_ament_install'
[5.831s] Level 1:colcon.colcon_core.package_identification:_identify(src/odometry) by extensions ['colcon_pkg']
[5.832s] Level 1:colcon.colcon_core.package_identification:_identify(src/odometry) by extension 'colcon_pkg'
[5.832s] Level 1:colcon.colcon_core.package_identification:_identify(src/odometry) by extensions ['colcon_meta']
[5.832s] Level 1:colcon.colcon_core.package_identification:_identify(src/odometry) by extension 'colcon_meta'
[5.832s] Level 1:colcon.colcon_core.package_identification:_identify(src/odometry) by extensions ['ros']
[5.832s] Level 1:colcon.colcon_core.package_identification:_identify(src/odometry) by extension 'ros'
[5.833s] DEBUG:colcon.colcon_core.package_identification:Package 'src/odometry' with type 'ros.ament_python' and name 'odometry'
[5.833s] Level 1:colcon.colcon_core.package_identification:_identify(src/teleop_control) by extensions ['ignore', 'ignore_ament_install']
[5.833s] Level 1:colcon.colcon_core.package_identification:_identify(src/teleop_control) by extension 'ignore'
[5.833s] Level 1:colcon.colcon_core.package_identification:_identify(src/teleop_control) by extension 'ignore_ament_install'
[5.833s] Level 1:colcon.colcon_core.package_identification:_identify(src/teleop_control) by extensions ['colcon_pkg']
[5.833s] Level 1:colcon.colcon_core.package_identification:_identify(src/teleop_control) by extension 'colcon_pkg'
[5.834s] Level 1:colcon.colcon_core.package_identification:_identify(src/teleop_control) by extensions ['colcon_meta']
[5.834s] Level 1:colcon.colcon_core.package_identification:_identify(src/teleop_control) by extension 'colcon_meta'
[5.834s] Level 1:colcon.colcon_core.package_identification:_identify(src/teleop_control) by extensions ['ros']
[5.834s] Level 1:colcon.colcon_core.package_identification:_identify(src/teleop_control) by extension 'ros'
[5.835s] DEBUG:colcon.colcon_core.package_identification:Package 'src/teleop_control' with type 'ros.ament_python' and name 'teleop_control'
[5.835s] Level 1:colcon.colcon_core.package_discovery:discover_packages(recursive) using defaults
[5.835s] Level 1:colcon.colcon_core.package_discovery:discover_packages(ignore) discover
[5.835s] Level 1:colcon.colcon_core.package_discovery:discover_packages(ignore) using defaults
[5.835s] Level 1:colcon.colcon_core.package_discovery:discover_packages(path) discover
[5.835s] Level 1:colcon.colcon_core.package_discovery:discover_packages(path) using defaults
[6.368s] Level 1:colcon.colcon_core.package_discovery:discover_packages(prefix_path) check parameters
[6.368s] Level 1:colcon.colcon_core.package_discovery:discover_packages(prefix_path) discover
[6.560s] DEBUG:colcon.colcon_installed_package_information.package_discovery:Found 7 installed packages in /home/hermes/Hermes/hermes_ws/install
[6.654s] DEBUG:colcon.colcon_installed_package_information.package_discovery:Found 1 installed packages in /home/hermes/ros2_teleop_ws/install
[6.749s] DEBUG:colcon.colcon_installed_package_information.package_discovery:Found 260 installed packages in /opt/ros/foxy
[6.752s] Level 1:colcon.colcon_core.package_discovery:discover_packages(prefix_path) using defaults
[7.111s] Level 5:colcon.colcon_core.verb:set package 'cameras' build argument 'cmake_args' from command line to 'None'
[7.112s] Level 5:colcon.colcon_core.verb:set package 'cameras' build argument 'cmake_target' from command line to 'None'
[7.112s] Level 5:colcon.colcon_core.verb:set package 'cameras' build argument 'cmake_target_skip_unavailable' from command line to 'False'
[7.112s] Level 5:colcon.colcon_core.verb:set package 'cameras' build argument 'cmake_clean_cache' from command line to 'False'
[7.112s] Level 5:colcon.colcon_core.verb:set package 'cameras' build argument 'cmake_clean_first' from command line to 'False'
[7.112s] Level 5:colcon.colcon_core.verb:set package 'cameras' build argument 'cmake_force_configure' from command line to 'False'
[7.112s] Level 5:colcon.colcon_core.verb:set package 'cameras' build argument 'ament_cmake_args' from command line to 'None'
[7.112s] Level 5:colcon.colcon_core.verb:set package 'cameras' build argument 'catkin_cmake_args' from command line to 'None'
[7.112s] Level 5:colcon.colcon_core.verb:set package 'cameras' build argument 'catkin_skip_building_tests' from command line to 'False'
[7.112s] DEBUG:colcon.colcon_core.verb:Building package 'cameras' with the following arguments: {'ament_cmake_args': None, 'build_base': '/home/hermes/Hermes/hermes_ws/build/cameras', 'catkin_cmake_args': None, 'catkin_skip_building_tests': False, 'cmake_args': None, 'cmake_clean_cache': False, 'cmake_clean_first': False, 'cmake_force_configure': False, 'cmake_target': None, 'cmake_target_skip_unavailable': False, 'install_base': '/home/hermes/Hermes/hermes_ws/install/cameras', 'merge_install': False, 'path': '/home/hermes/Hermes/hermes_ws/src/cameras', 'symlink_install': False, 'test_result_base': None}
[7.207s] Level 5:colcon.colcon_core.verb:set package 'gps_publisher' build argument 'cmake_args' from command line to 'None'
[7.207s] Level 5:colcon.colcon_core.verb:set package 'gps_publisher' build argument 'cmake_target' from command line to 'None'
[7.207s] Level 5:colcon.colcon_core.verb:set package 'gps_publisher' build argument 'cmake_target_skip_unavailable' from command line to 'False'
[7.207s] Level 5:colcon.colcon_core.verb:set package 'gps_publisher' build argument 'cmake_clean_cache' from command line to 'False'
[7.207s] Level 5:colcon.colcon_core.verb:set package 'gps_publisher' build argument 'cmake_clean_first' from command line to 'False'
[7.207s] Level 5:colcon.colcon_core.verb:set package 'gps_publisher' build argument 'cmake_force_configure' from command line to 'False'
[7.207s] Level 5:colcon.colcon_core.verb:set package 'gps_publisher' build argument 'ament_cmake_args' from command line to 'None'
[7.207s] Level 5:colcon.colcon_core.verb:set package 'gps_publisher' build argument 'catkin_cmake_args' from command line to 'None'
[7.207s] Level 5:colcon.colcon_core.verb:set package 'gps_publisher' build argument 'catkin_skip_building_tests' from command line to 'False'
[7.207s] DEBUG:colcon.colcon_core.verb:Building package 'gps_publisher' with the following arguments: {'ament_cmake_args': None, 'build_base': '/home/hermes/Hermes/hermes_ws/build/gps_publisher', 'catkin_cmake_args': None, 'catkin_skip_building_tests': False, 'cmake_args': None, 'cmake_clean_cache': False, 'cmake_clean_first': False, 'cmake_force_configure': False, 'cmake_target': None, 'cmake_target_skip_unavailable': False, 'install_base': '/home/hermes/Hermes/hermes_ws/install/gps_publisher', 'merge_install': False, 'path': '/home/hermes/Hermes/hermes_ws/src/gps_publisher', 'symlink_install': False, 'test_result_base': None}
[7.301s] Level 5:colcon.colcon_core.verb:set package 'imu_publisher' build argument 'cmake_args' from command line to 'None'
[7.302s] Level 5:colcon.colcon_core.verb:set package 'imu_publisher' build argument 'cmake_target' from command line to 'None'
[7.302s] Level 5:colcon.colcon_core.verb:set package 'imu_publisher' build argument 'cmake_target_skip_unavailable' from command line to 'False'
[7.302s] Level 5:colcon.colcon_core.verb:set package 'imu_publisher' build argument 'cmake_clean_cache' from command line to 'False'
[7.302s] Level 5:colcon.colcon_core.verb:set package 'imu_publisher' build argument 'cmake_clean_first' from command line to 'False'
[7.302s] Level 5:colcon.colcon_core.verb:set package 'imu_publisher' build argument 'cmake_force_configure' from command line to 'False'
[7.302s] Level 5:colcon.colcon_core.verb:set package 'imu_publisher' build argument 'ament_cmake_args' from command line to 'None'
[7.302s] Level 5:colcon.colcon_core.verb:set package 'imu_publisher' build argument 'catkin_cmake_args' from command line to 'None'
[7.302s] Level 5:colcon.colcon_core.verb:set package 'imu_publisher' build argument 'catkin_skip_building_tests' from command line to 'False'
[7.302s] DEBUG:colcon.colcon_core.verb:Building package 'imu_publisher' with the following arguments: {'ament_cmake_args': None, 'build_base': '/home/hermes/Hermes/hermes_ws/build/imu_publisher', 'catkin_cmake_args': None, 'catkin_skip_building_tests': False, 'cmake_args': None, 'cmake_clean_cache': False, 'cmake_clean_first': False, 'cmake_force_configure': False, 'cmake_target': None, 'cmake_target_skip_unavailable': False, 'install_base': '/home/hermes/Hermes/hermes_ws/install/imu_publisher', 'merge_install': False, 'path': '/home/hermes/Hermes/hermes_ws/src/imu_publisher', 'symlink_install': False, 'test_result_base': None}
[7.396s] Level 5:colcon.colcon_core.verb:set package 'ldlidar_stl_ros2' build argument 'cmake_args' from command line to 'None'
[7.396s] Level 5:colcon.colcon_core.verb:set package 'ldlidar_stl_ros2' build argument 'cmake_target' from command line to 'None'
[7.396s] Level 5:colcon.colcon_core.verb:set package 'ldlidar_stl_ros2' build argument 'cmake_target_skip_unavailable' from command line to 'False'
[7.397s] Level 5:colcon.colcon_core.verb:set package 'ldlidar_stl_ros2' build argument 'cmake_clean_cache' from command line to 'False'
[7.397s] Level 5:colcon.colcon_core.verb:set package 'ldlidar_stl_ros2' build argument 'cmake_clean_first' from command line to 'False'
[7.397s] Level 5:colcon.colcon_core.verb:set package 'ldlidar_stl_ros2' build argument 'cmake_force_configure' from command line to 'False'
[7.397s] Level 5:colcon.colcon_core.verb:set package 'ldlidar_stl_ros2' build argument 'ament_cmake_args' from command line to 'None'
[7.397s] Level 5:colcon.colcon_core.verb:set package 'ldlidar_stl_ros2' build argument 'catkin_cmake_args' from command line to 'None'
[7.397s] Level 5:colcon.colcon_core.verb:set package 'ldlidar_stl_ros2' build argument 'catkin_skip_building_tests' from command line to 'False'
[7.397s] DEBUG:colcon.colcon_core.verb:Building package 'ldlidar_stl_ros2' with the following arguments: {'ament_cmake_args': None, 'build_base': '/home/hermes/Hermes/hermes_ws/build/ldlidar_stl_ros2', 'catkin_cmake_args': None, 'catkin_skip_building_tests': False, 'cmake_args': None, 'cmake_clean_cache': False, 'cmake_clean_first': False, 'cmake_force_configure': False, 'cmake_target': None, 'cmake_target_skip_unavailable': False, 'install_base': '/home/hermes/Hermes/hermes_ws/install/ldlidar_stl_ros2', 'merge_install': False, 'path': '/home/hermes/Hermes/hermes_ws/src/lidar_publisher', 'symlink_install': False, 'test_result_base': None}
[7.491s] Level 5:colcon.colcon_core.verb:set package 'odometry' build argument 'cmake_args' from command line to 'None'
[7.492s] Level 5:colcon.colcon_core.verb:set package 'odometry' build argument 'cmake_target' from command line to 'None'
[7.492s] Level 5:colcon.colcon_core.verb:set package 'odometry' build argument 'cmake_target_skip_unavailable' from command line to 'False'
[7.492s] Level 5:colcon.colcon_core.verb:set package 'odometry' build argument 'cmake_clean_cache' from command line to 'False'
[7.492s] Level 5:colcon.colcon_core.verb:set package 'odometry' build argument 'cmake_clean_first' from command line to 'False'
[7.492s] Level 5:colcon.colcon_core.verb:set package 'odometry' build argument 'cmake_force_configure' from command line to 'False'
[7.492s] Level 5:colcon.colcon_core.verb:set package 'odometry' build argument 'ament_cmake_args' from command line to 'None'
[7.492s] Level 5:colcon.colcon_core.verb:set package 'odometry' build argument 'catkin_cmake_args' from command line to 'None'
[7.492s] Level 5:colcon.colcon_core.verb:set package 'odometry' build argument 'catkin_skip_building_tests' from command line to 'False'
[7.492s] DEBUG:colcon.colcon_core.verb:Building package 'odometry' with the following arguments: {'ament_cmake_args': None, 'build_base': '/home/hermes/Hermes/hermes_ws/build/odometry', 'catkin_cmake_args': None, 'catkin_skip_building_tests': False, 'cmake_args': None, 'cmake_clean_cache': False, 'cmake_clean_first': False, 'cmake_force_configure': False, 'cmake_target': None, 'cmake_target_skip_unavailable': False, 'install_base': '/home/hermes/Hermes/hermes_ws/install/odometry', 'merge_install': False, 'path': '/home/hermes/Hermes/hermes_ws/src/odometry', 'symlink_install': False, 'test_result_base': None}
[7.585s] Level 5:colcon.colcon_core.verb:set package 'teleop_control' build argument 'cmake_args' from command line to 'None'
[7.585s] Level 5:colcon.colcon_core.verb:set package 'teleop_control' build argument 'cmake_target' from command line to 'None'
[7.586s] Level 5:colcon.colcon_core.verb:set package 'teleop_control' build argument 'cmake_target_skip_unavailable' from command line to 'False'
[7.586s] Level 5:colcon.colcon_core.verb:set package 'teleop_control' build argument 'cmake_clean_cache' from command line to 'False'
[7.586s] Level 5:colcon.colcon_core.verb:set package 'teleop_control' build argument 'cmake_clean_first' from command line to 'False'
[7.586s] Level 5:colcon.colcon_core.verb:set package 'teleop_control' build argument 'cmake_force_configure' from command line to 'False'
[7.586s] Level 5:colcon.colcon_core.verb:set package 'teleop_control' build argument 'ament_cmake_args' from command line to 'None'
[7.586s] Level 5:colcon.colcon_core.verb:set package 'teleop_control' build argument 'catkin_cmake_args' from command line to 'None'
[7.586s] Level 5:colcon.colcon_core.verb:set package 'teleop_control' build argument 'catkin_skip_building_tests' from command line to 'False'
[7.586s] DEBUG:colcon.colcon_core.verb:Building package 'teleop_control' with the following arguments: {'ament_cmake_args': None, 'build_base': '/home/hermes/Hermes/hermes_ws/build/teleop_control', 'catkin_cmake_args': None, 'catkin_skip_building_tests': False, 'cmake_args': None, 'cmake_clean_cache': False, 'cmake_clean_first': False, 'cmake_force_configure': False, 'cmake_target': None, 'cmake_target_skip_unavailable': False, 'install_base': '/home/hermes/Hermes/hermes_ws/install/teleop_control', 'merge_install': False, 'path': '/home/hermes/Hermes/hermes_ws/src/teleop_control', 'symlink_install': False, 'test_result_base': None}
[7.679s] INFO:colcon.colcon_core.executor:Executing jobs using 'parallel' executor
[7.774s] DEBUG:colcon.colcon_parallel_executor.executor.parallel:run_until_complete
[7.775s] INFO:colcon.colcon_ros.task.ament_python.build:Building ROS package in '/home/hermes/Hermes/hermes_ws/src/cameras' with build type 'ament_python'
[7.776s] Level 1:colcon.colcon_core.shell:create_environment_hook('cameras', 'ament_prefix_path')
[7.876s] INFO:colcon.colcon_core.plugin_system:Skipping extension 'colcon_core.shell.bat': Not used on non-Windows systems
[7.876s] INFO:colcon.colcon_core.shell:Creating environment hook '/home/hermes/Hermes/hermes_ws/install/cameras/share/cameras/hook/ament_prefix_path.ps1'
[7.877s] INFO:colcon.colcon_core.shell:Creating environment descriptor '/home/hermes/Hermes/hermes_ws/install/cameras/share/cameras/hook/ament_prefix_path.dsv'
[7.878s] INFO:colcon.colcon_core.shell:Creating environment hook '/home/hermes/Hermes/hermes_ws/install/cameras/share/cameras/hook/ament_prefix_path.sh'
[7.976s] INFO:colcon.colcon_core.shell:Skip shell extension 'powershell' for command environment: Not usable outside of PowerShell
[7.976s] DEBUG:colcon.colcon_core.shell:Skip shell extension 'dsv' for command environment
[8.369s] INFO:colcon.colcon_ros.task.ament_python.build:Building ROS package in '/home/hermes/Hermes/hermes_ws/src/gps_publisher' with build type 'ament_python'
[8.370s] Level 1:colcon.colcon_core.shell:create_environment_hook('gps_publisher', 'ament_prefix_path')
[8.469s] INFO:colcon.colcon_core.shell:Creating environment hook '/home/hermes/Hermes/hermes_ws/install/gps_publisher/share/gps_publisher/hook/ament_prefix_path.ps1'
[8.470s] INFO:colcon.colcon_core.shell:Creating environment descriptor '/home/hermes/Hermes/hermes_ws/install/gps_publisher/share/gps_publisher/hook/ament_prefix_path.dsv'
[8.471s] INFO:colcon.colcon_core.shell:Creating environment hook '/home/hermes/Hermes/hermes_ws/install/gps_publisher/share/gps_publisher/hook/ament_prefix_path.sh'
[8.571s] INFO:colcon.colcon_core.shell:Skip shell extension 'powershell' for command environment: Not usable outside of PowerShell
[8.571s] DEBUG:colcon.colcon_core.shell:Skip shell extension 'dsv' for command environment
[8.965s] INFO:colcon.colcon_ros.task.ament_python.build:Building ROS package in '/home/hermes/Hermes/hermes_ws/src/imu_publisher' with build type 'ament_python'
[8.965s] Level 1:colcon.colcon_core.shell:create_environment_hook('imu_publisher', 'ament_prefix_path')
[9.064s] INFO:colcon.colcon_core.shell:Creating environment hook '/home/hermes/Hermes/hermes_ws/install/imu_publisher/share/imu_publisher/hook/ament_prefix_path.ps1'
[9.066s] INFO:colcon.colcon_core.shell:Creating environment descriptor '/home/hermes/Hermes/hermes_ws/install/imu_publisher/share/imu_publisher/hook/ament_prefix_path.dsv'
[9.066s] INFO:colcon.colcon_core.shell:Creating environment hook '/home/hermes/Hermes/hermes_ws/install/imu_publisher/share/imu_publisher/hook/ament_prefix_path.sh'
[9.164s] INFO:colcon.colcon_core.shell:Skip shell extension 'powershell' for command environment: Not usable outside of PowerShell
[9.164s] DEBUG:colcon.colcon_core.shell:Skip shell extension 'dsv' for command environment
[9.559s] INFO:colcon.colcon_ros.task.ament_cmake.build:Building ROS package in '/home/hermes/Hermes/hermes_ws/src/lidar_publisher' with build type 'ament_cmake'
[9.560s] INFO:colcon.colcon_cmake.task.cmake.build:Building CMake package in '/home/hermes/Hermes/hermes_ws/src/lidar_publisher'
[9.658s] INFO:colcon.colcon_core.shell:Skip shell extension 'powershell' for command environment: Not usable outside of PowerShell
[9.659s] DEBUG:colcon.colcon_core.shell:Skip shell extension 'dsv' for command environment
[10.052s] INFO:colcon.colcon_ros.task.ament_python.build:Building ROS package in '/home/hermes/Hermes/hermes_ws/src/odometry' with build type 'ament_python'
[10.052s] Level 1:colcon.colcon_core.shell:create_environment_hook('odometry', 'ament_prefix_path')
[10.151s] INFO:colcon.colcon_core.shell:Creating environment hook '/home/hermes/Hermes/hermes_ws/install/odometry/share/odometry/hook/ament_prefix_path.ps1'
[10.152s] INFO:colcon.colcon_core.shell:Creating environment descriptor '/home/hermes/Hermes/hermes_ws/install/odometry/share/odometry/hook/ament_prefix_path.dsv'
[10.152s] INFO:colcon.colcon_core.shell:Creating environment hook '/home/hermes/Hermes/hermes_ws/install/odometry/share/odometry/hook/ament_prefix_path.sh'
[10.282s] INFO:colcon.colcon_core.shell:Skip shell extension 'powershell' for command environment: Not usable outside of PowerShell
[10.282s] DEBUG:colcon.colcon_core.shell:Skip shell extension 'dsv' for command environment
[10.675s] INFO:colcon.colcon_ros.task.ament_python.build:Building ROS package in '/home/hermes/Hermes/hermes_ws/src/teleop_control' with build type 'ament_python'
[10.676s] Level 1:colcon.colcon_core.shell:create_environment_hook('teleop_control', 'ament_prefix_path')
[10.774s] INFO:colcon.colcon_core.shell:Creating environment hook '/home/hermes/Hermes/hermes_ws/install/teleop_control/share/teleop_control/hook/ament_prefix_path.ps1'
[10.776s] INFO:colcon.colcon_core.shell:Creating environment descriptor '/home/hermes/Hermes/hermes_ws/install/teleop_control/share/teleop_control/hook/ament_prefix_path.dsv'
[10.776s] INFO:colcon.colcon_core.shell:Creating environment hook '/home/hermes/Hermes/hermes_ws/install/teleop_control/share/teleop_control/hook/ament_prefix_path.sh'
[10.874s] INFO:colcon.colcon_core.shell:Skip shell extension 'powershell' for command environment: Not usable outside of PowerShell
[10.874s] DEBUG:colcon.colcon_core.shell:Skip shell extension 'dsv' for command environment
[11.792s] INFO:colcon.colcon_core.task.python.build:Building Python package in '/home/hermes/Hermes/hermes_ws/src/cameras'
[11.892s] INFO:colcon.colcon_core.shell:Skip shell extension 'powershell' for command environment: Not usable outside of PowerShell
[11.892s] DEBUG:colcon.colcon_core.shell:Skip shell extension 'dsv' for command environment
[12.811s] INFO:colcon.colcon_core.task.python.build:Building Python package in '/home/hermes/Hermes/hermes_ws/src/gps_publisher'
[12.911s] INFO:colcon.colcon_core.shell:Skip shell extension 'powershell' for command environment: Not usable outside of PowerShell
[12.911s] DEBUG:colcon.colcon_core.shell:Skip shell extension 'dsv' for command environment
[13.828s] INFO:colcon.colcon_core.task.python.build:Building Python package in '/home/hermes/Hermes/hermes_ws/src/imu_publisher'
[13.928s] INFO:colcon.colcon_core.shell:Skip shell extension 'powershell' for command environment: Not usable outside of PowerShell
[13.928s] DEBUG:colcon.colcon_core.shell:Skip shell extension 'dsv' for command environment
[14.330s] DEBUG:colcon.colcon_core.event_handler.log_command:Invoking command in '/home/hermes/Hermes/hermes_ws/build/ldlidar_stl_ros2': CMAKE_PREFIX_PATH=${CMAKE_PREFIX_PATH}:/home/hermes/Hermes/hermes_ws/install/teleop_control:/home/hermes/Hermes/hermes_ws/install/odometry:/home/hermes/Hermes/hermes_ws/install/lidar_publisher:/home/hermes/Hermes/hermes_ws/install/imu_publisher:/home/hermes/Hermes/hermes_ws/install/gps_publisher:/home/hermes/Hermes/hermes_ws/install/cameras:/opt/ros/foxy:/home/hermes/ros2_teleop_ws/install/teleop_pkg /usr/local/bin/cmake --build /home/hermes/Hermes/hermes_ws/build/ldlidar_stl_ros2 -- -j6 -l6
[14.861s] INFO:colcon.colcon_core.task.python.build:Building Python package in '/home/hermes/Hermes/hermes_ws/src/odometry'
[14.966s] INFO:colcon.colcon_core.shell:Skip shell extension 'powershell' for command environment: Not usable outside of PowerShell
[14.966s] DEBUG:colcon.colcon_core.shell:Skip shell extension 'dsv' for command environment
[15.919s] INFO:colcon.colcon_core.task.python.build:Building Python package in '/home/hermes/Hermes/hermes_ws/src/teleop_control'
[16.019s] INFO:colcon.colcon_core.shell:Skip shell extension 'powershell' for command environment: Not usable outside of PowerShell
[16.019s] DEBUG:colcon.colcon_core.shell:Skip shell extension 'dsv' for command environment
[16.417s] DEBUG:colcon.colcon_core.event_handler.log_command:Invoked command in '/home/hermes/Hermes/hermes_ws/build/ldlidar_stl_ros2' returned '0': CMAKE_PREFIX_PATH=${CMAKE_PREFIX_PATH}:/home/hermes/Hermes/hermes_ws/install/teleop_control:/home/hermes/Hermes/hermes_ws/install/odometry:/home/hermes/Hermes/hermes_ws/install/lidar_publisher:/home/hermes/Hermes/hermes_ws/install/imu_publisher:/home/hermes/Hermes/hermes_ws/install/gps_publisher:/home/hermes/Hermes/hermes_ws/install/cameras:/opt/ros/foxy:/home/hermes/ros2_teleop_ws/install/teleop_pkg /usr/local/bin/cmake --build /home/hermes/Hermes/hermes_ws/build/ldlidar_stl_ros2 -- -j6 -l6
[16.641s] DEBUG:colcon.colcon_core.event_handler.log_command:Invoking command in '/home/hermes/Hermes/hermes_ws/build/ldlidar_stl_ros2': CMAKE_PREFIX_PATH=${CMAKE_PREFIX_PATH}:/home/hermes/Hermes/hermes_ws/install/teleop_control:/home/hermes/Hermes/hermes_ws/install/odometry:/home/hermes/Hermes/hermes_ws/install/lidar_publisher:/home/hermes/Hermes/hermes_ws/install/imu_publisher:/home/hermes/Hermes/hermes_ws/install/gps_publisher:/home/hermes/Hermes/hermes_ws/install/cameras:/opt/ros/foxy:/home/hermes/ros2_teleop_ws/install/teleop_pkg /usr/local/bin/cmake --install /home/hermes/Hermes/hermes_ws/build/ldlidar_stl_ros2
[16.727s] Level 1:colcon.colcon_core.environment:create_environment_scripts_only(ldlidar_stl_ros2)
[16.734s] DEBUG:colcon.colcon_core.event_handler.log_command:Invoked command in '/home/hermes/Hermes/hermes_ws/build/ldlidar_stl_ros2' returned '0': CMAKE_PREFIX_PATH=${CMAKE_PREFIX_PATH}:/home/hermes/Hermes/hermes_ws/install/teleop_control:/home/hermes/Hermes/hermes_ws/install/odometry:/home/hermes/Hermes/hermes_ws/install/lidar_publisher:/home/hermes/Hermes/hermes_ws/install/imu_publisher:/home/hermes/Hermes/hermes_ws/install/gps_publisher:/home/hermes/Hermes/hermes_ws/install/cameras:/opt/ros/foxy:/home/hermes/ros2_teleop_ws/install/teleop_pkg /usr/local/bin/cmake --install /home/hermes/Hermes/hermes_ws/build/ldlidar_stl_ros2
[16.837s] Level 1:colcon.colcon_core.environment:checking '/home/hermes/Hermes/hermes_ws/install/ldlidar_stl_ros2' for CMake module files
[16.838s] Level 1:colcon.colcon_core.environment:checking '/home/hermes/Hermes/hermes_ws/install/ldlidar_stl_ros2' for CMake config files
[16.839s] Level 1:colcon.colcon_core.shell:create_environment_hook('ldlidar_stl_ros2', 'cmake_prefix_path')
[16.942s] INFO:colcon.colcon_core.shell:Creating environment hook '/home/hermes/Hermes/hermes_ws/install/ldlidar_stl_ros2/share/ldlidar_stl_ros2/hook/cmake_prefix_path.ps1'
[16.943s] INFO:colcon.colcon_core.shell:Creating environment descriptor '/home/hermes/Hermes/hermes_ws/install/ldlidar_stl_ros2/share/ldlidar_stl_ros2/hook/cmake_prefix_path.dsv'
[16.944s] INFO:colcon.colcon_core.shell:Creating environment hook '/home/hermes/Hermes/hermes_ws/install/ldlidar_stl_ros2/share/ldlidar_stl_ros2/hook/cmake_prefix_path.sh'
[16.946s] Level 1:colcon.colcon_core.environment:checking '/home/hermes/Hermes/hermes_ws/install/ldlidar_stl_ros2/lib'
[16.946s] Level 1:colcon.colcon_core.environment:checking '/home/hermes/Hermes/hermes_ws/install/ldlidar_stl_ros2/bin'
[16.946s] Level 1:colcon.colcon_core.environment:checking '/home/hermes/Hermes/hermes_ws/install/ldlidar_stl_ros2/lib/pkgconfig/ldlidar_stl_ros2.pc'
[16.947s] Level 1:colcon.colcon_core.environment:checking '/home/hermes/Hermes/hermes_ws/install/ldlidar_stl_ros2/lib/python3.8/site-packages'
[16.947s] Level 1:colcon.colcon_core.environment:checking '/home/hermes/Hermes/hermes_ws/install/ldlidar_stl_ros2/bin'
[17.051s] INFO:colcon.colcon_core.shell:Creating package script '/home/hermes/Hermes/hermes_ws/install/ldlidar_stl_ros2/share/ldlidar_stl_ros2/package.ps1'
[17.053s] INFO:colcon.colcon_core.shell:Creating package descriptor '/home/hermes/Hermes/hermes_ws/install/ldlidar_stl_ros2/share/ldlidar_stl_ros2/package.dsv'
[17.055s] INFO:colcon.colcon_core.shell:Creating package script '/home/hermes/Hermes/hermes_ws/install/ldlidar_stl_ros2/share/ldlidar_stl_ros2/package.sh'
[17.056s] INFO:colcon.colcon_core.shell:Creating package script '/home/hermes/Hermes/hermes_ws/install/ldlidar_stl_ros2/share/ldlidar_stl_ros2/package.bash'
[17.058s] INFO:colcon.colcon_core.shell:Creating package script '/home/hermes/Hermes/hermes_ws/install/ldlidar_stl_ros2/share/ldlidar_stl_ros2/package.zsh'
[17.059s] Level 1:colcon.colcon_core.environment:create_file_with_runtime_dependencies(/home/hermes/Hermes/hermes_ws/install/ldlidar_stl_ros2/share/colcon-core/packages/ldlidar_stl_ros2)
[17.300s] Level 1:colcon.colcon_core.environment:create_environment_scripts_only(ldlidar_stl_ros2)
[17.405s] Level 1:colcon.colcon_core.environment:checking '/home/hermes/Hermes/hermes_ws/install/ldlidar_stl_ros2' for CMake module files
[17.406s] Level 1:colcon.colcon_core.environment:checking '/home/hermes/Hermes/hermes_ws/install/ldlidar_stl_ros2' for CMake config files
[17.407s] Level 1:colcon.colcon_core.shell:create_environment_hook('ldlidar_stl_ros2', 'cmake_prefix_path')
[17.513s] INFO:colcon.colcon_core.shell:Creating environment hook '/home/hermes/Hermes/hermes_ws/install/ldlidar_stl_ros2/share/ldlidar_stl_ros2/hook/cmake_prefix_path.ps1'
[17.514s] INFO:colcon.colcon_core.shell:Creating environment descriptor '/home/hermes/Hermes/hermes_ws/install/ldlidar_stl_ros2/share/ldlidar_stl_ros2/hook/cmake_prefix_path.dsv'
[17.515s] INFO:colcon.colcon_core.shell:Creating environment hook '/home/hermes/Hermes/hermes_ws/install/ldlidar_stl_ros2/share/ldlidar_stl_ros2/hook/cmake_prefix_path.sh'
[17.517s] Level 1:colcon.colcon_core.environment:checking '/home/hermes/Hermes/hermes_ws/install/ldlidar_stl_ros2/lib'
[17.517s] Level 1:colcon.colcon_core.environment:checking '/home/hermes/Hermes/hermes_ws/install/ldlidar_stl_ros2/bin'
[17.517s] Level 1:colcon.colcon_core.environment:checking '/home/hermes/Hermes/hermes_ws/install/ldlidar_stl_ros2/lib/pkgconfig/ldlidar_stl_ros2.pc'
[17.518s] Level 1:colcon.colcon_core.environment:checking '/home/hermes/Hermes/hermes_ws/install/ldlidar_stl_ros2/lib/python3.8/site-packages'
[17.518s] Level 1:colcon.colcon_core.environment:checking '/home/hermes/Hermes/hermes_ws/install/ldlidar_stl_ros2/bin'
[17.627s] INFO:colcon.colcon_core.shell:Creating package script '/home/hermes/Hermes/hermes_ws/install/ldlidar_stl_ros2/share/ldlidar_stl_ros2/package.ps1'
[17.629s] INFO:colcon.colcon_core.shell:Creating package descriptor '/home/hermes/Hermes/hermes_ws/install/ldlidar_stl_ros2/share/ldlidar_stl_ros2/package.dsv'
[17.630s] INFO:colcon.colcon_core.shell:Creating package script '/home/hermes/Hermes/hermes_ws/install/ldlidar_stl_ros2/share/ldlidar_stl_ros2/package.sh'
[17.631s] INFO:colcon.colcon_core.shell:Creating package script '/home/hermes/Hermes/hermes_ws/install/ldlidar_stl_ros2/share/ldlidar_stl_ros2/package.bash'
[17.632s] INFO:colcon.colcon_core.shell:Creating package script '/home/hermes/Hermes/hermes_ws/install/ldlidar_stl_ros2/share/ldlidar_stl_ros2/package.zsh'
[17.633s] Level 1:colcon.colcon_core.environment:create_file_with_runtime_dependencies(/home/hermes/Hermes/hermes_ws/install/ldlidar_stl_ros2/share/colcon-core/packages/ldlidar_stl_ros2)
[17.643s] DEBUG:colcon.colcon_core.event_handler.log_command:Invoking command in '/home/hermes/Hermes/hermes_ws/src/odometry': PYTHONPATH=/home/hermes/Hermes/hermes_ws/build/odometry/prefix_override:/home/hermes/Hermes/hermes_ws/install/odometry/lib/python3.8/site-packages:${PYTHONPATH} /usr/bin/python3 setup.py egg_info --egg-base ../../build/odometry build --build-base /home/hermes/Hermes/hermes_ws/build/odometry/build install --record /home/hermes/Hermes/hermes_ws/build/odometry/install.log --single-version-externally-managed
[17.707s] DEBUG:colcon.colcon_core.event_handler.log_command:Invoking command in '/home/hermes/Hermes/hermes_ws/src/gps_publisher': PYTHONPATH=/home/hermes/Hermes/hermes_ws/build/gps_publisher/prefix_override:/home/hermes/Hermes/hermes_ws/install/gps_publisher/lib/python3.8/site-packages:${PYTHONPATH} /usr/bin/python3 setup.py egg_info --egg-base ../../build/gps_publisher build --build-base /home/hermes/Hermes/hermes_ws/build/gps_publisher/build install --record /home/hermes/Hermes/hermes_ws/build/gps_publisher/install.log --single-version-externally-managed
[17.718s] DEBUG:colcon.colcon_core.event_handler.log_command:Invoking command in '/home/hermes/Hermes/hermes_ws/src/cameras': PYTHONPATH=/home/hermes/Hermes/hermes_ws/build/cameras/prefix_override:/home/hermes/Hermes/hermes_ws/install/cameras/lib/python3.8/site-packages:${PYTHONPATH} /usr/bin/python3 setup.py egg_info --egg-base ../../build/cameras build --build-base /home/hermes/Hermes/hermes_ws/build/cameras/build install --record /home/hermes/Hermes/hermes_ws/build/cameras/install.log --single-version-externally-managed
[17.728s] DEBUG:colcon.colcon_core.event_handler.log_command:Invoking command in '/home/hermes/Hermes/hermes_ws/src/imu_publisher': PYTHONPATH=/home/hermes/Hermes/hermes_ws/build/imu_publisher/prefix_override:/home/hermes/Hermes/hermes_ws/install/imu_publisher/lib/python3.8/site-packages:${PYTHONPATH} /usr/bin/python3 setup.py egg_info --egg-base ../../build/imu_publisher build --build-base /home/hermes/Hermes/hermes_ws/build/imu_publisher/build install --record /home/hermes/Hermes/hermes_ws/build/imu_publisher/install.log --single-version-externally-managed
[17.752s] DEBUG:colcon.colcon_core.event_handler.log_command:Invoking command in '/home/hermes/Hermes/hermes_ws/src/teleop_control': PYTHONPATH=/home/hermes/Hermes/hermes_ws/build/teleop_control/prefix_override:/home/hermes/Hermes/hermes_ws/install/teleop_control/lib/python3.8/site-packages:${PYTHONPATH} /usr/bin/python3 setup.py egg_info --egg-base ../../build/teleop_control build --build-base /home/hermes/Hermes/hermes_ws/build/teleop_control/build install --record /home/hermes/Hermes/hermes_ws/build/teleop_control/install.log --single-version-externally-managed
[18.342s] DEBUG:colcon.colcon_core.event_handler.log_command:Invoked command in '/home/hermes/Hermes/hermes_ws/src/odometry' returned '0': PYTHONPATH=/home/hermes/Hermes/hermes_ws/build/odometry/prefix_override:/home/hermes/Hermes/hermes_ws/install/odometry/lib/python3.8/site-packages:${PYTHONPATH} /usr/bin/python3 setup.py egg_info --egg-base ../../build/odometry build --build-base /home/hermes/Hermes/hermes_ws/build/odometry/build install --record /home/hermes/Hermes/hermes_ws/build/odometry/install.log --single-version-externally-managed
[18.443s] Level 1:colcon.colcon_core.environment:checking '/home/hermes/Hermes/hermes_ws/install/odometry' for CMake module files
[18.444s] Level 1:colcon.colcon_core.environment:checking '/home/hermes/Hermes/hermes_ws/install/odometry' for CMake config files
[18.446s] Level 1:colcon.colcon_core.environment:checking '/home/hermes/Hermes/hermes_ws/install/odometry/lib'
[18.446s] Level 1:colcon.colcon_core.environment:checking '/home/hermes/Hermes/hermes_ws/install/odometry/bin'
[18.446s] Level 1:colcon.colcon_core.environment:checking '/home/hermes/Hermes/hermes_ws/install/odometry/lib/pkgconfig/odometry.pc'
[18.447s] Level 1:colcon.colcon_core.environment:checking '/home/hermes/Hermes/hermes_ws/install/odometry/lib/python3.8/site-packages'
[18.447s] Level 1:colcon.colcon_core.shell:create_environment_hook('odometry', 'pythonpath')
[18.546s] INFO:colcon.colcon_core.shell:Creating environment hook '/home/hermes/Hermes/hermes_ws/install/odometry/share/odometry/hook/pythonpath.ps1'
[18.547s] INFO:colcon.colcon_core.shell:Creating environment descriptor '/home/hermes/Hermes/hermes_ws/install/odometry/share/odometry/hook/pythonpath.dsv'
[18.548s] INFO:colcon.colcon_core.shell:Creating environment hook '/home/hermes/Hermes/hermes_ws/install/odometry/share/odometry/hook/pythonpath.sh'
[18.549s] Level 1:colcon.colcon_core.environment:checking '/home/hermes/Hermes/hermes_ws/install/odometry/bin'
[18.549s] Level 1:colcon.colcon_core.environment:create_environment_scripts_only(odometry)
[18.646s] INFO:colcon.colcon_core.shell:Creating package script '/home/hermes/Hermes/hermes_ws/install/odometry/share/odometry/package.ps1'
[18.648s] INFO:colcon.colcon_core.shell:Creating package descriptor '/home/hermes/Hermes/hermes_ws/install/odometry/share/odometry/package.dsv'
[18.648s] INFO:colcon.colcon_core.shell:Creating package script '/home/hermes/Hermes/hermes_ws/install/odometry/share/odometry/package.sh'
[18.649s] INFO:colcon.colcon_core.shell:Creating package script '/home/hermes/Hermes/hermes_ws/install/odometry/share/odometry/package.bash'
[18.650s] INFO:colcon.colcon_core.shell:Creating package script '/home/hermes/Hermes/hermes_ws/install/odometry/share/odometry/package.zsh'
[18.650s] Level 1:colcon.colcon_core.environment:create_file_with_runtime_dependencies(/home/hermes/Hermes/hermes_ws/install/odometry/share/colcon-core/packages/odometry)
[18.655s] DEBUG:colcon.colcon_core.event_handler.log_command:Invoked command in '/home/hermes/Hermes/hermes_ws/src/gps_publisher' returned '0': PYTHONPATH=/home/hermes/Hermes/hermes_ws/build/gps_publisher/prefix_override:/home/hermes/Hermes/hermes_ws/install/gps_publisher/lib/python3.8/site-packages:${PYTHONPATH} /usr/bin/python3 setup.py egg_info --egg-base ../../build/gps_publisher build --build-base /home/hermes/Hermes/hermes_ws/build/gps_publisher/build install --record /home/hermes/Hermes/hermes_ws/build/gps_publisher/install.log --single-version-externally-managed
[18.751s] Level 1:colcon.colcon_core.environment:checking '/home/hermes/Hermes/hermes_ws/install/gps_publisher' for CMake module files
[18.752s] Level 1:colcon.colcon_core.environment:checking '/home/hermes/Hermes/hermes_ws/install/gps_publisher' for CMake config files
[18.753s] Level 1:colcon.colcon_core.environment:checking '/home/hermes/Hermes/hermes_ws/install/gps_publisher/lib'
[18.753s] Level 1:colcon.colcon_core.environment:checking '/home/hermes/Hermes/hermes_ws/install/gps_publisher/bin'
[18.753s] Level 1:colcon.colcon_core.environment:checking '/home/hermes/Hermes/hermes_ws/install/gps_publisher/lib/pkgconfig/gps_publisher.pc'
[18.753s] Level 1:colcon.colcon_core.environment:checking '/home/hermes/Hermes/hermes_ws/install/gps_publisher/lib/python3.8/site-packages'
[18.754s] Level 1:colcon.colcon_core.shell:create_environment_hook('gps_publisher', 'pythonpath')
[18.850s] INFO:colcon.colcon_core.shell:Creating environment hook '/home/hermes/Hermes/hermes_ws/install/gps_publisher/share/gps_publisher/hook/pythonpath.ps1'
[18.851s] INFO:colcon.colcon_core.shell:Creating environment descriptor '/home/hermes/Hermes/hermes_ws/install/gps_publisher/share/gps_publisher/hook/pythonpath.dsv'
[18.852s] INFO:colcon.colcon_core.shell:Creating environment hook '/home/hermes/Hermes/hermes_ws/install/gps_publisher/share/gps_publisher/hook/pythonpath.sh'
[18.853s] Level 1:colcon.colcon_core.environment:checking '/home/hermes/Hermes/hermes_ws/install/gps_publisher/bin'
[18.853s] Level 1:colcon.colcon_core.environment:create_environment_scripts_only(gps_publisher)
[18.949s] INFO:colcon.colcon_core.shell:Creating package script '/home/hermes/Hermes/hermes_ws/install/gps_publisher/share/gps_publisher/package.ps1'
[18.950s] INFO:colcon.colcon_core.shell:Creating package descriptor '/home/hermes/Hermes/hermes_ws/install/gps_publisher/share/gps_publisher/package.dsv'
[18.951s] INFO:colcon.colcon_core.shell:Creating package script '/home/hermes/Hermes/hermes_ws/install/gps_publisher/share/gps_publisher/package.sh'
[18.952s] INFO:colcon.colcon_core.shell:Creating package script '/home/hermes/Hermes/hermes_ws/install/gps_publisher/share/gps_publisher/package.bash'
[18.952s] INFO:colcon.colcon_core.shell:Creating package script '/home/hermes/Hermes/hermes_ws/install/gps_publisher/share/gps_publisher/package.zsh'
[18.953s] Level 1:colcon.colcon_core.environment:create_file_with_runtime_dependencies(/home/hermes/Hermes/hermes_ws/install/gps_publisher/share/colcon-core/packages/gps_publisher)
[18.955s] DEBUG:colcon.colcon_core.event_handler.log_command:Invoked command in '/home/hermes/Hermes/hermes_ws/src/cameras' returned '0': PYTHONPATH=/home/hermes/Hermes/hermes_ws/build/cameras/prefix_override:/home/hermes/Hermes/hermes_ws/install/cameras/lib/python3.8/site-packages:${PYTHONPATH} /usr/bin/python3 setup.py egg_info --egg-base ../../build/cameras build --build-base /home/hermes/Hermes/hermes_ws/build/cameras/build install --record /home/hermes/Hermes/hermes_ws/build/cameras/install.log --single-version-externally-managed
[19.050s] Level 1:colcon.colcon_core.environment:checking '/home/hermes/Hermes/hermes_ws/install/cameras' for CMake module files
[19.051s] Level 1:colcon.colcon_core.environment:checking '/home/hermes/Hermes/hermes_ws/install/cameras' for CMake config files
[19.052s] Level 1:colcon.colcon_core.environment:checking '/home/hermes/Hermes/hermes_ws/install/cameras/lib'
[19.052s] Level 1:colcon.colcon_core.environment:checking '/home/hermes/Hermes/hermes_ws/install/cameras/bin'
[19.052s] Level 1:colcon.colcon_core.environment:checking '/home/hermes/Hermes/hermes_ws/install/cameras/lib/pkgconfig/cameras.pc'
[19.052s] Level 1:colcon.colcon_core.environment:checking '/home/hermes/Hermes/hermes_ws/install/cameras/lib/python3.8/site-packages'
[19.053s] Level 1:colcon.colcon_core.shell:create_environment_hook('cameras', 'pythonpath')
[19.148s] INFO:colcon.colcon_core.shell:Creating environment hook '/home/hermes/Hermes/hermes_ws/install/cameras/share/cameras/hook/pythonpath.ps1'
[19.149s] INFO:colcon.colcon_core.shell:Creating environment descriptor '/home/hermes/Hermes/hermes_ws/install/cameras/share/cameras/hook/pythonpath.dsv'
[19.150s] INFO:colcon.colcon_core.shell:Creating environment hook '/home/hermes/Hermes/hermes_ws/install/cameras/share/cameras/hook/pythonpath.sh'
[19.151s] Level 1:colcon.colcon_core.environment:checking '/home/hermes/Hermes/hermes_ws/install/cameras/bin'
[19.151s] Level 1:colcon.colcon_core.environment:create_environment_scripts_only(cameras)
[19.246s] INFO:colcon.colcon_core.shell:Creating package script '/home/hermes/Hermes/hermes_ws/install/cameras/share/cameras/package.ps1'
[19.247s] INFO:colcon.colcon_core.shell:Creating package descriptor '/home/hermes/Hermes/hermes_ws/install/cameras/share/cameras/package.dsv'
[19.248s] INFO:colcon.colcon_core.shell:Creating package script '/home/hermes/Hermes/hermes_ws/install/cameras/share/cameras/package.sh'
[19.249s] INFO:colcon.colcon_core.shell:Creating package script '/home/hermes/Hermes/hermes_ws/install/cameras/share/cameras/package.bash'
[19.250s] INFO:colcon.colcon_core.shell:Creating package script '/home/hermes/Hermes/hermes_ws/install/cameras/share/cameras/package.zsh'
[19.250s] Level 1:colcon.colcon_core.environment:create_file_with_runtime_dependencies(/home/hermes/Hermes/hermes_ws/install/cameras/share/colcon-core/packages/cameras)
[19.252s] DEBUG:colcon.colcon_core.event_handler.log_command:Invoked command in '/home/hermes/Hermes/hermes_ws/src/imu_publisher' returned '0': PYTHONPATH=/home/hermes/Hermes/hermes_ws/build/imu_publisher/prefix_override:/home/hermes/Hermes/hermes_ws/install/imu_publisher/lib/python3.8/site-packages:${PYTHONPATH} /usr/bin/python3 setup.py egg_info --egg-base ../../build/imu_publisher build --build-base /home/hermes/Hermes/hermes_ws/build/imu_publisher/build install --record /home/hermes/Hermes/hermes_ws/build/imu_publisher/install.log --single-version-externally-managed
[19.348s] Level 1:colcon.colcon_core.environment:checking '/home/hermes/Hermes/hermes_ws/install/imu_publisher' for CMake module files
[19.348s] Level 1:colcon.colcon_core.environment:checking '/home/hermes/Hermes/hermes_ws/install/imu_publisher' for CMake config files
[19.350s] Level 1:colcon.colcon_core.environment:checking '/home/hermes/Hermes/hermes_ws/install/imu_publisher/lib'
[19.350s] Level 1:colcon.colcon_core.environment:checking '/home/hermes/Hermes/hermes_ws/install/imu_publisher/bin'
[19.350s] Level 1:colcon.colcon_core.environment:checking '/home/hermes/Hermes/hermes_ws/install/imu_publisher/lib/pkgconfig/imu_publisher.pc'
[19.350s] Level 1:colcon.colcon_core.environment:checking '/home/hermes/Hermes/hermes_ws/install/imu_publisher/lib/python3.8/site-packages'
[19.350s] Level 1:colcon.colcon_core.shell:create_environment_hook('imu_publisher', 'pythonpath')
[19.446s] INFO:colcon.colcon_core.shell:Creating environment hook '/home/hermes/Hermes/hermes_ws/install/imu_publisher/share/imu_publisher/hook/pythonpath.ps1'
[19.447s] INFO:colcon.colcon_core.shell:Creating environment descriptor '/home/hermes/Hermes/hermes_ws/install/imu_publisher/share/imu_publisher/hook/pythonpath.dsv'
[19.448s] INFO:colcon.colcon_core.shell:Creating environment hook '/home/hermes/Hermes/hermes_ws/install/imu_publisher/share/imu_publisher/hook/pythonpath.sh'
[19.449s] Level 1:colcon.colcon_core.environment:checking '/home/hermes/Hermes/hermes_ws/install/imu_publisher/bin'
[19.449s] Level 1:colcon.colcon_core.environment:create_environment_scripts_only(imu_publisher)
[19.545s] INFO:colcon.colcon_core.shell:Creating package script '/home/hermes/Hermes/hermes_ws/install/imu_publisher/share/imu_publisher/package.ps1'
[19.546s] INFO:colcon.colcon_core.shell:Creating package descriptor '/home/hermes/Hermes/hermes_ws/install/imu_publisher/share/imu_publisher/package.dsv'
[19.547s] INFO:colcon.colcon_core.shell:Creating package script '/home/hermes/Hermes/hermes_ws/install/imu_publisher/share/imu_publisher/package.sh'
[19.547s] INFO:colcon.colcon_core.shell:Creating package script '/home/hermes/Hermes/hermes_ws/install/imu_publisher/share/imu_publisher/package.bash'
[19.548s] INFO:colcon.colcon_core.shell:Creating package script '/home/hermes/Hermes/hermes_ws/install/imu_publisher/share/imu_publisher/package.zsh'
[19.549s] Level 1:colcon.colcon_core.environment:create_file_with_runtime_dependencies(/home/hermes/Hermes/hermes_ws/install/imu_publisher/share/colcon-core/packages/imu_publisher)
[19.550s] DEBUG:colcon.colcon_core.event_handler.log_command:Invoked command in '/home/hermes/Hermes/hermes_ws/src/teleop_control' returned '0': PYTHONPATH=/home/hermes/Hermes/hermes_ws/build/teleop_control/prefix_override:/home/hermes/Hermes/hermes_ws/install/teleop_control/lib/python3.8/site-packages:${PYTHONPATH} /usr/bin/python3 setup.py egg_info --egg-base ../../build/teleop_control build --build-base /home/hermes/Hermes/hermes_ws/build/teleop_control/build install --record /home/hermes/Hermes/hermes_ws/build/teleop_control/install.log --single-version-externally-managed
[19.646s] Level 1:colcon.colcon_core.environment:checking '/home/hermes/Hermes/hermes_ws/install/teleop_control' for CMake module files
[19.647s] Level 1:colcon.colcon_core.environment:checking '/home/hermes/Hermes/hermes_ws/install/teleop_control' for CMake config files
[19.648s] Level 1:colcon.colcon_core.environment:checking '/home/hermes/Hermes/hermes_ws/install/teleop_control/lib'
[19.648s] Level 1:colcon.colcon_core.environment:checking '/home/hermes/Hermes/hermes_ws/install/teleop_control/bin'
[19.648s] Level 1:colcon.colcon_core.environment:checking '/home/hermes/Hermes/hermes_ws/install/teleop_control/lib/pkgconfig/teleop_control.pc'
[19.648s] Level 1:colcon.colcon_core.environment:checking '/home/hermes/Hermes/hermes_ws/install/teleop_control/lib/python3.8/site-packages'
[19.649s] Level 1:colcon.colcon_core.shell:create_environment_hook('teleop_control', 'pythonpath')
[19.744s] INFO:colcon.colcon_core.shell:Creating environment hook '/home/hermes/Hermes/hermes_ws/install/teleop_control/share/teleop_control/hook/pythonpath.ps1'
[19.745s] INFO:colcon.colcon_core.shell:Creating environment descriptor '/home/hermes/Hermes/hermes_ws/install/teleop_control/share/teleop_control/hook/pythonpath.dsv'
[19.746s] INFO:colcon.colcon_core.shell:Creating environment hook '/home/hermes/Hermes/hermes_ws/install/teleop_control/share/teleop_control/hook/pythonpath.sh'
[19.747s] Level 1:colcon.colcon_core.environment:checking '/home/hermes/Hermes/hermes_ws/install/teleop_control/bin'
[19.747s] Level 1:colcon.colcon_core.environment:create_environment_scripts_only(teleop_control)
[19.842s] INFO:colcon.colcon_core.shell:Creating package script '/home/hermes/Hermes/hermes_ws/install/teleop_control/share/teleop_control/package.ps1'
[19.843s] INFO:colcon.colcon_core.shell:Creating package descriptor '/home/hermes/Hermes/hermes_ws/install/teleop_control/share/teleop_control/package.dsv'
[19.844s] INFO:colcon.colcon_core.shell:Creating package script '/home/hermes/Hermes/hermes_ws/install/teleop_control/share/teleop_control/package.sh'
[19.845s] INFO:colcon.colcon_core.shell:Creating package script '/home/hermes/Hermes/hermes_ws/install/teleop_control/share/teleop_control/package.bash'
[19.845s] INFO:colcon.colcon_core.shell:Creating package script '/home/hermes/Hermes/hermes_ws/install/teleop_control/share/teleop_control/package.zsh'
[19.846s] Level 1:colcon.colcon_core.environment:create_file_with_runtime_dependencies(/home/hermes/Hermes/hermes_ws/install/teleop_control/share/colcon-core/packages/teleop_control)
[19.847s] DEBUG:colcon.colcon_parallel_executor.executor.parallel:closing loop
[19.847s] DEBUG:colcon.colcon_parallel_executor.executor.parallel:loop closed
[19.848s] DEBUG:colcon.colcon_parallel_executor.executor.parallel:run_until_complete finished with '0'
[19.848s] DEBUG:colcon.colcon_core.event_reactor:joining thread
[19.987s] INFO:colcon.colcon_core.plugin_system:Skipping extension 'colcon_notification.desktop_notification.terminal_notifier': Not used on non-Darwin systems
[19.987s] INFO:colcon.colcon_core.plugin_system:Skipping extension 'colcon_notification.desktop_notification.win32': Not used on non-Windows systems
[19.987s] INFO:colcon.colcon_notification.desktop_notification:Sending desktop notification using 'notify2'
[20.021s] DEBUG:colcon.colcon_core.event_reactor:joined thread
[20.119s] INFO:colcon.colcon_core.shell:Creating prefix script '/home/hermes/Hermes/hermes_ws/install/local_setup.ps1'
[20.121s] INFO:colcon.colcon_core.shell:Creating prefix util module '/home/hermes/Hermes/hermes_ws/install/_local_setup_util_ps1.py'
[20.124s] INFO:colcon.colcon_core.shell:Creating prefix chain script '/home/hermes/Hermes/hermes_ws/install/setup.ps1'
[20.223s] INFO:colcon.colcon_core.shell:Creating prefix script '/home/hermes/Hermes/hermes_ws/install/local_setup.sh'
[20.224s] INFO:colcon.colcon_core.shell:Creating prefix util module '/home/hermes/Hermes/hermes_ws/install/_local_setup_util_sh.py'
[20.225s] INFO:colcon.colcon_core.shell:Creating prefix chain script '/home/hermes/Hermes/hermes_ws/install/setup.sh'
[20.323s] INFO:colcon.colcon_core.shell:Creating prefix script '/home/hermes/Hermes/hermes_ws/install/local_setup.bash'
[20.324s] INFO:colcon.colcon_core.shell:Creating prefix chain script '/home/hermes/Hermes/hermes_ws/install/setup.bash'
[20.422s] INFO:colcon.colcon_core.shell:Creating prefix script '/home/hermes/Hermes/hermes_ws/install/local_setup.zsh'
[20.423s] INFO:colcon.colcon_core.shell:Creating prefix chain script '/home/hermes/Hermes/hermes_ws/install/setup.zsh'
