running egg_info
creating ../../build/tof_publisher/tof_publisher.egg-info
writing ../../build/tof_publisher/tof_publisher.egg-info/PKG-INFO
writing dependency_links to ../../build/tof_publisher/tof_publisher.egg-info/dependency_links.txt
writing entry points to ../../build/tof_publisher/tof_publisher.egg-info/entry_points.txt
writing requirements to ../../build/tof_publisher/tof_publisher.egg-info/requires.txt
writing top-level names to ../../build/tof_publisher/tof_publisher.egg-info/top_level.txt
writing manifest file '../../build/tof_publisher/tof_publisher.egg-info/SOURCES.txt'
reading manifest file '../../build/tof_publisher/tof_publisher.egg-info/SOURCES.txt'
writing manifest file '../../build/tof_publisher/tof_publisher.egg-info/SOURCES.txt'
running build
running build_py
creating /home/raivo/Hermes/hermes_ws/build/tof_publisher/build
creating /home/raivo/Hermes/hermes_ws/build/tof_publisher/build/lib
creating /home/raivo/Hermes/hermes_ws/build/tof_publisher/build/lib/tof_publisher
copying tof_publisher/__init__.py -> /home/raivo/Hermes/hermes_ws/build/tof_publisher/build/lib/tof_publisher
copying tof_publisher/tof_data.py -> /home/raivo/Hermes/hermes_ws/build/tof_publisher/build/lib/tof_publisher
running install
running install_lib
running install_data
running install_egg_info
removing '/home/raivo/Hermes/hermes_ws/install/tof_publisher/lib/python3.10/site-packages/tof_publisher-0.0.0-py3.10.egg-info' (and everything under it)
Copying ../../build/tof_publisher/tof_publisher.egg-info to /home/raivo/Hermes/hermes_ws/install/tof_publisher/lib/python3.10/site-packages/tof_publisher-0.0.0-py3.10.egg-info
running install_scripts
Installing tof_data = tof_publisher.tof_data:maininteractive_waypoint_follower script to /home/raivo/Hermes/hermes_ws/install/tof_publisher/lib/tof_publisher
writing list of installed files to '/home/raivo/Hermes/hermes_ws/build/tof_publisher/install.log'
