[2.650s] Invoking command in '/home/hermes/Hermes/hermes_ws/src/cameras': PYTHONPATH=/home/hermes/Hermes/hermes_ws/build/cameras/prefix_override:/home/hermes/Hermes/hermes_ws/install/cameras/lib/python3.10/site-packages:${PYTHONPATH} /usr/bin/python3 -W ignore:setup.py install is deprecated setup.py egg_info --egg-base ../../build/cameras build --build-base /home/hermes/Hermes/hermes_ws/build/cameras/build install --record /home/hermes/Hermes/hermes_ws/build/cameras/install.log --single-version-externally-managed install_data
[3.253s] running egg_info
[3.255s] writing ../../build/cameras/cameras.egg-info/PKG-INFO
[3.255s] writing dependency_links to ../../build/cameras/cameras.egg-info/dependency_links.txt
[3.256s] writing entry points to ../../build/cameras/cameras.egg-info/entry_points.txt
[3.256s] writing requirements to ../../build/cameras/cameras.egg-info/requires.txt
[3.256s] writing top-level names to ../../build/cameras/cameras.egg-info/top_level.txt
[3.260s] reading manifest file '../../build/cameras/cameras.egg-info/SOURCES.txt'
[3.261s] adding license file 'LICENSE'
[3.262s] writing manifest file '../../build/cameras/cameras.egg-info/SOURCES.txt'
[3.262s] running build
[3.262s] running build_py
[3.263s] running install
[3.264s] running install_lib
[3.268s] running install_data
[3.268s] running install_egg_info
[3.275s] removing '/home/hermes/Hermes/hermes_ws/install/cameras/lib/python3.10/site-packages/cameras-0.0.0-py3.10.egg-info' (and everything under it)
[3.275s] Copying ../../build/cameras/cameras.egg-info to /home/hermes/Hermes/hermes_ws/install/cameras/lib/python3.10/site-packages/cameras-0.0.0-py3.10.egg-info
[3.275s] running install_scripts
[3.324s] Installing cameras_node script to /home/hermes/Hermes/hermes_ws/install/cameras/lib/cameras
[3.325s] writing list of installed files to '/home/hermes/Hermes/hermes_ws/build/cameras/install.log'
[3.650s] Invoked command in '/home/hermes/Hermes/hermes_ws/src/cameras' returned '0': PYTHONPATH=/home/hermes/Hermes/hermes_ws/build/cameras/prefix_override:/home/hermes/Hermes/hermes_ws/install/cameras/lib/python3.10/site-packages:${PYTHONPATH} /usr/bin/python3 -W ignore:setup.py install is deprecated setup.py egg_info --egg-base ../../build/cameras build --build-base /home/hermes/Hermes/hermes_ws/build/cameras/build install --record /home/hermes/Hermes/hermes_ws/build/cameras/install.log --single-version-externally-managed install_data
