[0.106s] Invoking command in '/home/hermes/Hermes/hermes_ws/build/ldlidar_component': CMAKE_PREFIX_PATH=${CMAKE_PREFIX_PATH}:/home/hermes/Hermes/hermes_ws/install/tof_publisher:/home/hermes/Hermes/hermes_ws/install/teleop_control:/home/hermes/Hermes/hermes_ws/install/robot_model:/home/hermes/Hermes/hermes_ws/install/odometry:/home/hermes/Hermes/hermes_ws/install/my_robot_description:/home/hermes/Hermes/hermes_ws/install/lidar_publisher:/home/hermes/Hermes/hermes_ws/install/launch_files:/home/hermes/Hermes/hermes_ws/install/imu_publisher:/home/hermes/Hermes/hermes_ws/install/cmd_vel:/home/hermes/Hermes/hermes_ws/install/cameras:/home/hermes/Downloads/hermes/Hermes/install/tof_publisher:/home/hermes/Downloads/hermes/Hermes/install/teleop_control:/home/hermes/Downloads/hermes/Hermes/install/odometry:/home/hermes/Downloads/hermes/Hermes/install/imu_publisher:/home/hermes/Downloads/hermes/Hermes/install/gps_publisher:/home/hermes/Downloads/hermes/Hermes/install/cmd_vel:/home/hermes/Downloads/hermes/Hermes/install/cameras:/home/hermes/Downloads/hermes/ros2_ws/src/install/ros2_video_stream_pkg:/opt/ros/humble /usr/bin/cmake --build /home/hermes/Hermes/hermes_ws/build/ldlidar_component -- -j6 -l6
[1.400s] [ 70%] Built target ldlidar
[1.401s] [100%] Built target ldlidar_component
[1.412s] Invoked command in '/home/hermes/Hermes/hermes_ws/build/ldlidar_component' returned '0': CMAKE_PREFIX_PATH=${CMAKE_PREFIX_PATH}:/home/hermes/Hermes/hermes_ws/install/tof_publisher:/home/hermes/Hermes/hermes_ws/install/teleop_control:/home/hermes/Hermes/hermes_ws/install/robot_model:/home/hermes/Hermes/hermes_ws/install/odometry:/home/hermes/Hermes/hermes_ws/install/my_robot_description:/home/hermes/Hermes/hermes_ws/install/lidar_publisher:/home/hermes/Hermes/hermes_ws/install/launch_files:/home/hermes/Hermes/hermes_ws/install/imu_publisher:/home/hermes/Hermes/hermes_ws/install/cmd_vel:/home/hermes/Hermes/hermes_ws/install/cameras:/home/hermes/Downloads/hermes/Hermes/install/tof_publisher:/home/hermes/Downloads/hermes/Hermes/install/teleop_control:/home/hermes/Downloads/hermes/Hermes/install/odometry:/home/hermes/Downloads/hermes/Hermes/install/imu_publisher:/home/hermes/Downloads/hermes/Hermes/install/gps_publisher:/home/hermes/Downloads/hermes/Hermes/install/cmd_vel:/home/hermes/Downloads/hermes/Hermes/install/cameras:/home/hermes/Downloads/hermes/ros2_ws/src/install/ros2_video_stream_pkg:/opt/ros/humble /usr/bin/cmake --build /home/hermes/Hermes/hermes_ws/build/ldlidar_component -- -j6 -l6
[1.584s] Invoking command in '/home/hermes/Hermes/hermes_ws/build/ldlidar_component': CMAKE_PREFIX_PATH=${CMAKE_PREFIX_PATH}:/home/hermes/Hermes/hermes_ws/install/tof_publisher:/home/hermes/Hermes/hermes_ws/install/teleop_control:/home/hermes/Hermes/hermes_ws/install/robot_model:/home/hermes/Hermes/hermes_ws/install/odometry:/home/hermes/Hermes/hermes_ws/install/my_robot_description:/home/hermes/Hermes/hermes_ws/install/lidar_publisher:/home/hermes/Hermes/hermes_ws/install/launch_files:/home/hermes/Hermes/hermes_ws/install/imu_publisher:/home/hermes/Hermes/hermes_ws/install/cmd_vel:/home/hermes/Hermes/hermes_ws/install/cameras:/home/hermes/Downloads/hermes/Hermes/install/tof_publisher:/home/hermes/Downloads/hermes/Hermes/install/teleop_control:/home/hermes/Downloads/hermes/Hermes/install/odometry:/home/hermes/Downloads/hermes/Hermes/install/imu_publisher:/home/hermes/Downloads/hermes/Hermes/install/gps_publisher:/home/hermes/Downloads/hermes/Hermes/install/cmd_vel:/home/hermes/Downloads/hermes/Hermes/install/cameras:/home/hermes/Downloads/hermes/ros2_ws/src/install/ros2_video_stream_pkg:/opt/ros/humble /usr/bin/cmake --install /home/hermes/Hermes/hermes_ws/build/ldlidar_component
[1.609s] -- Install configuration: "Release"
[1.617s] -- Execute custom install script
[1.618s] -- Up-to-date symlink: /home/hermes/Hermes/hermes_ws/install/ldlidar_component/lib/libldlidar_component.so
[1.619s] -- Up-to-date symlink: /home/hermes/Hermes/hermes_ws/install/ldlidar_component/include/ldlidar_component//defines.hpp
[1.619s] -- Up-to-date symlink: /home/hermes/Hermes/hermes_ws/install/ldlidar_component/include/ldlidar_component//ldlidar_component.hpp
[1.630s] -- Up-to-date symlink: /home/hermes/Hermes/hermes_ws/install/ldlidar_component/include/ldlidar_component//ldlidar_tools.hpp
[1.631s] -- Up-to-date symlink: /home/hermes/Hermes/hermes_ws/install/ldlidar_component/include/ldlidar_component//visibility_control.hpp
[1.633s] -- Up-to-date symlink: /home/hermes/Hermes/hermes_ws/install/ldlidar_component/include/ldlidar_component//ldlidar_datatype.h
[1.633s] -- Up-to-date symlink: /home/hermes/Hermes/hermes_ws/install/ldlidar_component/include/ldlidar_component//ldlidar_driver.h
[1.634s] -- Up-to-date symlink: /home/hermes/Hermes/hermes_ws/install/ldlidar_component/include/ldlidar_component//lipkg.h
[1.639s] -- Up-to-date symlink: /home/hermes/Hermes/hermes_ws/install/ldlidar_component/include/ldlidar_component//tofbf.h
[1.639s] -- Up-to-date symlink: /home/hermes/Hermes/hermes_ws/install/ldlidar_component/include/ldlidar_component//log_module.h
[1.640s] -- Up-to-date symlink: /home/hermes/Hermes/hermes_ws/install/ldlidar_component/include/ldlidar_component//network_socket_interface_linux.h
[1.640s] -- Up-to-date symlink: /home/hermes/Hermes/hermes_ws/install/ldlidar_component/include/ldlidar_component//serial_interface_linux.h
[1.640s] -- Up-to-date symlink: /home/hermes/Hermes/hermes_ws/install/ldlidar_component/share/ldlidar_component/environment/library_path.sh
[1.640s] -- Up-to-date symlink: /home/hermes/Hermes/hermes_ws/install/ldlidar_component/share/ldlidar_component/environment/library_path.dsv
[1.640s] -- Up-to-date symlink: /home/hermes/Hermes/hermes_ws/install/ldlidar_component/share/ament_index/resource_index/package_run_dependencies/ldlidar_component
[1.640s] -- Up-to-date symlink: /home/hermes/Hermes/hermes_ws/install/ldlidar_component/share/ament_index/resource_index/parent_prefix_path/ldlidar_component
[1.641s] -- Up-to-date symlink: /home/hermes/Hermes/hermes_ws/install/ldlidar_component/share/ldlidar_component/environment/ament_prefix_path.sh
[1.641s] -- Up-to-date symlink: /home/hermes/Hermes/hermes_ws/install/ldlidar_component/share/ldlidar_component/environment/ament_prefix_path.dsv
[1.642s] -- Up-to-date symlink: /home/hermes/Hermes/hermes_ws/install/ldlidar_component/share/ldlidar_component/environment/path.sh
[1.642s] -- Up-to-date symlink: /home/hermes/Hermes/hermes_ws/install/ldlidar_component/share/ldlidar_component/environment/path.dsv
[1.647s] -- Up-to-date symlink: /home/hermes/Hermes/hermes_ws/install/ldlidar_component/share/ldlidar_component/local_setup.bash
[1.649s] -- Up-to-date symlink: /home/hermes/Hermes/hermes_ws/install/ldlidar_component/share/ldlidar_component/local_setup.sh
[1.649s] -- Up-to-date symlink: /home/hermes/Hermes/hermes_ws/install/ldlidar_component/share/ldlidar_component/local_setup.zsh
[1.650s] -- Up-to-date symlink: /home/hermes/Hermes/hermes_ws/install/ldlidar_component/share/ldlidar_component/local_setup.dsv
[1.650s] -- Symlinking: /home/hermes/Hermes/hermes_ws/install/ldlidar_component/share/ldlidar_component/package.dsv
[1.669s] -- Up-to-date symlink: /home/hermes/Hermes/hermes_ws/install/ldlidar_component/share/ament_index/resource_index/packages/ldlidar_component
[1.670s] -- Up-to-date symlink: /home/hermes/Hermes/hermes_ws/install/ldlidar_component/share/ament_index/resource_index/rclcpp_components/ldlidar_component
[1.671s] -- Up-to-date symlink: /home/hermes/Hermes/hermes_ws/install/ldlidar_component/share/ldlidar_component/cmake/ament_cmake_export_include_directories-extras.cmake
[1.671s] -- Up-to-date symlink: /home/hermes/Hermes/hermes_ws/install/ldlidar_component/share/ldlidar_component/cmake/ament_cmake_export_libraries-extras.cmake
[1.671s] -- Up-to-date symlink: /home/hermes/Hermes/hermes_ws/install/ldlidar_component/share/ldlidar_component/cmake/ament_cmake_export_dependencies-extras.cmake
[1.672s] -- Up-to-date symlink: /home/hermes/Hermes/hermes_ws/install/ldlidar_component/share/ldlidar_component/cmake/ldlidar_componentConfig.cmake
[1.672s] -- Up-to-date symlink: /home/hermes/Hermes/hermes_ws/install/ldlidar_component/share/ldlidar_component/cmake/ldlidar_componentConfig-version.cmake
[1.673s] -- Up-to-date symlink: /home/hermes/Hermes/hermes_ws/install/ldlidar_component/share/ldlidar_component/package.xml
[1.696s] Invoked command in '/home/hermes/Hermes/hermes_ws/build/ldlidar_component' returned '0': CMAKE_PREFIX_PATH=${CMAKE_PREFIX_PATH}:/home/hermes/Hermes/hermes_ws/install/tof_publisher:/home/hermes/Hermes/hermes_ws/install/teleop_control:/home/hermes/Hermes/hermes_ws/install/robot_model:/home/hermes/Hermes/hermes_ws/install/odometry:/home/hermes/Hermes/hermes_ws/install/my_robot_description:/home/hermes/Hermes/hermes_ws/install/lidar_publisher:/home/hermes/Hermes/hermes_ws/install/launch_files:/home/hermes/Hermes/hermes_ws/install/imu_publisher:/home/hermes/Hermes/hermes_ws/install/cmd_vel:/home/hermes/Hermes/hermes_ws/install/cameras:/home/hermes/Downloads/hermes/Hermes/install/tof_publisher:/home/hermes/Downloads/hermes/Hermes/install/teleop_control:/home/hermes/Downloads/hermes/Hermes/install/odometry:/home/hermes/Downloads/hermes/Hermes/install/imu_publisher:/home/hermes/Downloads/hermes/Hermes/install/gps_publisher:/home/hermes/Downloads/hermes/Hermes/install/cmd_vel:/home/hermes/Downloads/hermes/Hermes/install/cameras:/home/hermes/Downloads/hermes/ros2_ws/src/install/ros2_video_stream_pkg:/opt/ros/humble /usr/bin/cmake --install /home/hermes/Hermes/hermes_ws/build/ldlidar_component
