[0.047s] Invoking command in '/home/hermes/Hermes/hermes_ws/build/gazebo_ros': AMENT_PREFIX_PATH=/home/hermes/Hermes/hermes_ws/install/gazebo_msgs:${AMENT_PREFIX_PATH} CMAKE_PREFIX_PATH=/home/hermes/Hermes/hermes_ws/install/gazebo_msgs:/home/hermes/Hermes/hermes_ws/install/gazebo_dev:/home/hermes/Hermes/hermes_ws/install/ldlidar_stl_ros2:/home/hermes/Hermes/hermes_ws/install/ldlidar:/home/hermes/Hermes/hermes_ws/install/ldlidar_node:/home/hermes/Hermes/hermes_ws/install/ldlidar_component:/home/hermes/Hermes/hermes_ws/install/hermes_urdf:/home/hermes/Hermes/hermes_ws/install/hermes_navigation:/home/hermes/Hermes/hermes_ws/install/hermes_interfaces:/home/hermes/Hermes/hermes_ws/install/gps_publisher:/home/hermes/Hermes/hermes_ws/install/gazebo_plugins:/home/hermes/Hermes/hermes_ws/install/gazebo_ros:/home/hermes/Downloads/hermes/Hermes/install/ldlidar_stl_ros2:/home/hermes/Downloads/hermes/ros2_ws/src/install/ldlidar:/home/hermes/Downloads/hermes/ros2_ws/src/install/ldlidar_node:/home/hermes/Downloads/hermes/ros2_ws/src/install/ldlidar_component:/home/hermes/Downloads/hermes/ros2_ws/src/install/ffmpeg_image_transport:/home/hermes/Downloads/hermes/ros2_ws/src/install/ffmpeg_image_transport_msgs:/home/hermes/Hermes/hermes_ws/install/tof_publisher:/home/hermes/Hermes/hermes_ws/install/teleop_control:/home/hermes/Hermes/hermes_ws/install/robot_model:/home/hermes/Hermes/hermes_ws/install/odometry:/home/hermes/Hermes/hermes_ws/install/my_robot_description:/home/hermes/Hermes/hermes_ws/install/lidar_publisher:/home/hermes/Hermes/hermes_ws/install/launch_files:/home/hermes/Hermes/hermes_ws/install/imu_publisher:/home/hermes/Hermes/hermes_ws/install/cmd_vel:/home/hermes/Hermes/hermes_ws/install/cameras:/home/hermes/Downloads/hermes/Hermes/install/tof_publisher:/home/hermes/Downloads/hermes/Hermes/install/teleop_control:/home/hermes/Downloads/hermes/Hermes/install/odometry:/home/hermes/Downloads/hermes/Hermes/install/imu_publisher:/home/hermes/Downloads/hermes/Hermes/install/gps_publisher:/home/hermes/Downloads/hermes/Hermes/install/cmd_vel:/home/hermes/Downloads/hermes/Hermes/install/cameras:/home/hermes/Downloads/hermes/ros2_ws/src/install/ros2_video_stream_pkg:/opt/ros/humble LD_LIBRARY_PATH=/home/hermes/Hermes/hermes_ws/install/gazebo_msgs/lib:/home/hermes/Hermes/hermes_ws/install/ldlidar_component/lib:/home/hermes/Hermes/hermes_ws/install/hermes_interfaces/lib:/usr/lib/aarch64-linux-gnu/gazebo-11/plugins:/home/hermes/Hermes/hermes_ws/install/gazebo_plugins/lib:/home/hermes/Hermes/hermes_ws/install/gazebo_ros/lib:/home/hermes/Downloads/hermes/ros2_ws/src/install/ldlidar_component/lib:/home/hermes/Downloads/hermes/ros2_ws/src/install/ffmpeg_image_transport/lib:/home/hermes/Downloads/hermes/ros2_ws/src/install/ffmpeg_image_transport_msgs/lib:/opt/ros/humble/opt/rviz_ogre_vendor/lib:/opt/ros/humble/lib/aarch64-linux-gnu:/opt/ros/humble/lib:/usr/local/cuda-12.2/lib64 PYTHONPATH=/home/hermes/Hermes/hermes_ws/install/gazebo_msgs/local/lib/python3.10/dist-packages:${PYTHONPATH} /usr/bin/cmake --build /home/hermes/Hermes/hermes_ws/build/gazebo_ros -- -j6 -l6
[0.192s] [  3%] Built target gtest
[0.199s] [  6%] Built target gtest_main
[0.204s] [  6%] Built target ament_cmake_python_symlink_scripts
[0.205s] [ 10%] Built target mock_robot_state_publisher
[0.237s] [ 13%] Built target gazebo_ros_utils
[0.237s] [ 20%] Built target gazebo_ros_node
[0.255s] [ 23%] Built target mock_gazebo_ros_factory
[0.265s] [35m[1mConsolidate compiler generated dependencies of target gazebo_ros_factory[0m
[0.266s] [35m[1mConsolidate compiler generated dependencies of target gazebo_ros_init[0m
[0.266s] [35m[1mConsolidate compiler generated dependencies of target gazebo_ros_state[0m
[0.277s] [35m[1mConsolidate compiler generated dependencies of target gazebo_ros_properties[0m
[0.350s] [ 28%] Built target gazebo_ros_force_system
[0.351s] [ 30%] Built target gazebo_ros_state
[0.361s] [ 38%] Built target gazebo_ros_properties
[0.361s] [ 38%] Built target gazebo_ros_init
[0.362s] [ 40%] Built target gazebo_ros_factory
[0.432s] [ 55%] Built target ros_world_plugin
[0.432s] [ 55%] Built target multiple_nodes
[0.432s] [ 55%] Built target sdf_node
[0.433s] [ 56%] Built target args_init
[0.433s] [ 55%] Built target create_node_without_init
[0.462s] [35m[1mConsolidate compiler generated dependencies of target test_gazebo_ros_link_wrench[0m
[0.463s] [35m[1mConsolidate compiler generated dependencies of target test_gazebo_ros_init[0m
[0.463s] [35m[1mConsolidate compiler generated dependencies of target test_gazebo_ros_joint_effort[0m
[0.486s] [ 60%] Built target test_conversions
[0.515s] [35m[1mConsolidate compiler generated dependencies of target test_gazebo_ros_properties[0m
[0.539s] [ 63%] Built target test_gazebo_ros_factory
[0.560s] [ 66%] Built target test_gazebo_ros_joint_effort
[0.562s] [ 70%] Built target test_gazebo_ros_link_wrench
[0.563s] [ 73%] Built target test_gazebo_ros_init
[0.573s] [35m[1mConsolidate compiler generated dependencies of target test_gazebo_ros_state[0m
[0.587s] [35m[1mConsolidate compiler generated dependencies of target test_plugins[0m
[0.589s] [35m[1mConsolidate compiler generated dependencies of target test_node[0m
[0.589s] [35m[1mConsolidate compiler generated dependencies of target test_reject_duplicate_nodes[0m
[0.609s] [ 76%] Built target test_gazebo_ros_properties
[0.630s] [ 80%] Built target test_plugins
[0.633s] [35m[1mConsolidate compiler generated dependencies of target test_qos[0m
[0.647s] [ 86%] Built target test_node
[0.648s] [ 86%] Built target test_reject_duplicate_nodes
[0.656s] [35m[1mConsolidate compiler generated dependencies of target test_sim_time[0m
[0.664s] [ 90%] Built target test_gazebo_ros_state
[0.668s] [ 93%] Built target test_qos
[0.672s] [35m[1mConsolidate compiler generated dependencies of target test_utils[0m
[0.693s] [ 96%] Built target test_sim_time
[0.727s] [100%] Built target test_utils
[0.900s] running egg_info
[0.901s] writing scripts.egg-info/PKG-INFO
[0.902s] writing dependency_links to scripts.egg-info/dependency_links.txt
[0.902s] writing top-level names to scripts.egg-info/top_level.txt
[0.907s] reading manifest file 'scripts.egg-info/SOURCES.txt'
[0.909s] writing manifest file 'scripts.egg-info/SOURCES.txt'
[0.981s] [100%] Built target ament_cmake_python_build_scripts_egg
[1.011s] Invoked command in '/home/hermes/Hermes/hermes_ws/build/gazebo_ros' returned '0': AMENT_PREFIX_PATH=/home/hermes/Hermes/hermes_ws/install/gazebo_msgs:${AMENT_PREFIX_PATH} CMAKE_PREFIX_PATH=/home/hermes/Hermes/hermes_ws/install/gazebo_msgs:/home/hermes/Hermes/hermes_ws/install/gazebo_dev:/home/hermes/Hermes/hermes_ws/install/ldlidar_stl_ros2:/home/hermes/Hermes/hermes_ws/install/ldlidar:/home/hermes/Hermes/hermes_ws/install/ldlidar_node:/home/hermes/Hermes/hermes_ws/install/ldlidar_component:/home/hermes/Hermes/hermes_ws/install/hermes_urdf:/home/hermes/Hermes/hermes_ws/install/hermes_navigation:/home/hermes/Hermes/hermes_ws/install/hermes_interfaces:/home/hermes/Hermes/hermes_ws/install/gps_publisher:/home/hermes/Hermes/hermes_ws/install/gazebo_plugins:/home/hermes/Hermes/hermes_ws/install/gazebo_ros:/home/hermes/Downloads/hermes/Hermes/install/ldlidar_stl_ros2:/home/hermes/Downloads/hermes/ros2_ws/src/install/ldlidar:/home/hermes/Downloads/hermes/ros2_ws/src/install/ldlidar_node:/home/hermes/Downloads/hermes/ros2_ws/src/install/ldlidar_component:/home/hermes/Downloads/hermes/ros2_ws/src/install/ffmpeg_image_transport:/home/hermes/Downloads/hermes/ros2_ws/src/install/ffmpeg_image_transport_msgs:/home/hermes/Hermes/hermes_ws/install/tof_publisher:/home/hermes/Hermes/hermes_ws/install/teleop_control:/home/hermes/Hermes/hermes_ws/install/robot_model:/home/hermes/Hermes/hermes_ws/install/odometry:/home/hermes/Hermes/hermes_ws/install/my_robot_description:/home/hermes/Hermes/hermes_ws/install/lidar_publisher:/home/hermes/Hermes/hermes_ws/install/launch_files:/home/hermes/Hermes/hermes_ws/install/imu_publisher:/home/hermes/Hermes/hermes_ws/install/cmd_vel:/home/hermes/Hermes/hermes_ws/install/cameras:/home/hermes/Downloads/hermes/Hermes/install/tof_publisher:/home/hermes/Downloads/hermes/Hermes/install/teleop_control:/home/hermes/Downloads/hermes/Hermes/install/odometry:/home/hermes/Downloads/hermes/Hermes/install/imu_publisher:/home/hermes/Downloads/hermes/Hermes/install/gps_publisher:/home/hermes/Downloads/hermes/Hermes/install/cmd_vel:/home/hermes/Downloads/hermes/Hermes/install/cameras:/home/hermes/Downloads/hermes/ros2_ws/src/install/ros2_video_stream_pkg:/opt/ros/humble LD_LIBRARY_PATH=/home/hermes/Hermes/hermes_ws/install/gazebo_msgs/lib:/home/hermes/Hermes/hermes_ws/install/ldlidar_component/lib:/home/hermes/Hermes/hermes_ws/install/hermes_interfaces/lib:/usr/lib/aarch64-linux-gnu/gazebo-11/plugins:/home/hermes/Hermes/hermes_ws/install/gazebo_plugins/lib:/home/hermes/Hermes/hermes_ws/install/gazebo_ros/lib:/home/hermes/Downloads/hermes/ros2_ws/src/install/ldlidar_component/lib:/home/hermes/Downloads/hermes/ros2_ws/src/install/ffmpeg_image_transport/lib:/home/hermes/Downloads/hermes/ros2_ws/src/install/ffmpeg_image_transport_msgs/lib:/opt/ros/humble/opt/rviz_ogre_vendor/lib:/opt/ros/humble/lib/aarch64-linux-gnu:/opt/ros/humble/lib:/usr/local/cuda-12.2/lib64 PYTHONPATH=/home/hermes/Hermes/hermes_ws/install/gazebo_msgs/local/lib/python3.10/dist-packages:${PYTHONPATH} /usr/bin/cmake --build /home/hermes/Hermes/hermes_ws/build/gazebo_ros -- -j6 -l6
[1.182s] Invoking command in '/home/hermes/Hermes/hermes_ws/build/gazebo_ros': AMENT_PREFIX_PATH=/home/hermes/Hermes/hermes_ws/install/gazebo_msgs:${AMENT_PREFIX_PATH} CMAKE_PREFIX_PATH=/home/hermes/Hermes/hermes_ws/install/gazebo_msgs:/home/hermes/Hermes/hermes_ws/install/gazebo_dev:/home/hermes/Hermes/hermes_ws/install/ldlidar_stl_ros2:/home/hermes/Hermes/hermes_ws/install/ldlidar:/home/hermes/Hermes/hermes_ws/install/ldlidar_node:/home/hermes/Hermes/hermes_ws/install/ldlidar_component:/home/hermes/Hermes/hermes_ws/install/hermes_urdf:/home/hermes/Hermes/hermes_ws/install/hermes_navigation:/home/hermes/Hermes/hermes_ws/install/hermes_interfaces:/home/hermes/Hermes/hermes_ws/install/gps_publisher:/home/hermes/Hermes/hermes_ws/install/gazebo_plugins:/home/hermes/Hermes/hermes_ws/install/gazebo_ros:/home/hermes/Downloads/hermes/Hermes/install/ldlidar_stl_ros2:/home/hermes/Downloads/hermes/ros2_ws/src/install/ldlidar:/home/hermes/Downloads/hermes/ros2_ws/src/install/ldlidar_node:/home/hermes/Downloads/hermes/ros2_ws/src/install/ldlidar_component:/home/hermes/Downloads/hermes/ros2_ws/src/install/ffmpeg_image_transport:/home/hermes/Downloads/hermes/ros2_ws/src/install/ffmpeg_image_transport_msgs:/home/hermes/Hermes/hermes_ws/install/tof_publisher:/home/hermes/Hermes/hermes_ws/install/teleop_control:/home/hermes/Hermes/hermes_ws/install/robot_model:/home/hermes/Hermes/hermes_ws/install/odometry:/home/hermes/Hermes/hermes_ws/install/my_robot_description:/home/hermes/Hermes/hermes_ws/install/lidar_publisher:/home/hermes/Hermes/hermes_ws/install/launch_files:/home/hermes/Hermes/hermes_ws/install/imu_publisher:/home/hermes/Hermes/hermes_ws/install/cmd_vel:/home/hermes/Hermes/hermes_ws/install/cameras:/home/hermes/Downloads/hermes/Hermes/install/tof_publisher:/home/hermes/Downloads/hermes/Hermes/install/teleop_control:/home/hermes/Downloads/hermes/Hermes/install/odometry:/home/hermes/Downloads/hermes/Hermes/install/imu_publisher:/home/hermes/Downloads/hermes/Hermes/install/gps_publisher:/home/hermes/Downloads/hermes/Hermes/install/cmd_vel:/home/hermes/Downloads/hermes/Hermes/install/cameras:/home/hermes/Downloads/hermes/ros2_ws/src/install/ros2_video_stream_pkg:/opt/ros/humble LD_LIBRARY_PATH=/home/hermes/Hermes/hermes_ws/install/gazebo_msgs/lib:/home/hermes/Hermes/hermes_ws/install/ldlidar_component/lib:/home/hermes/Hermes/hermes_ws/install/hermes_interfaces/lib:/usr/lib/aarch64-linux-gnu/gazebo-11/plugins:/home/hermes/Hermes/hermes_ws/install/gazebo_plugins/lib:/home/hermes/Hermes/hermes_ws/install/gazebo_ros/lib:/home/hermes/Downloads/hermes/ros2_ws/src/install/ldlidar_component/lib:/home/hermes/Downloads/hermes/ros2_ws/src/install/ffmpeg_image_transport/lib:/home/hermes/Downloads/hermes/ros2_ws/src/install/ffmpeg_image_transport_msgs/lib:/opt/ros/humble/opt/rviz_ogre_vendor/lib:/opt/ros/humble/lib/aarch64-linux-gnu:/opt/ros/humble/lib:/usr/local/cuda-12.2/lib64 PYTHONPATH=/home/hermes/Hermes/hermes_ws/install/gazebo_msgs/local/lib/python3.10/dist-packages:${PYTHONPATH} /usr/bin/cmake --install /home/hermes/Hermes/hermes_ws/build/gazebo_ros
[1.202s] -- Install configuration: ""
[1.203s] -- Execute custom install script
[1.204s] -- Up-to-date symlink: /home/hermes/Hermes/hermes_ws/install/gazebo_ros/share/gazebo_ros/environment/pythonpath.sh
[1.205s] -- Up-to-date symlink: /home/hermes/Hermes/hermes_ws/install/gazebo_ros/share/gazebo_ros/environment/pythonpath.dsv
[1.206s] -- Up-to-date symlink: /home/hermes/Hermes/hermes_ws/install/gazebo_ros/local/lib/python3.10/dist-packages/scripts-3.7.0-py3.10.egg-info/PKG-INFO
[1.206s] -- Up-to-date symlink: /home/hermes/Hermes/hermes_ws/install/gazebo_ros/local/lib/python3.10/dist-packages/scripts-3.7.0-py3.10.egg-info/SOURCES.txt
[1.207s] -- Up-to-date symlink: /home/hermes/Hermes/hermes_ws/install/gazebo_ros/local/lib/python3.10/dist-packages/scripts-3.7.0-py3.10.egg-info/dependency_links.txt
[1.207s] -- Up-to-date symlink: /home/hermes/Hermes/hermes_ws/install/gazebo_ros/local/lib/python3.10/dist-packages/scripts-3.7.0-py3.10.egg-info/top_level.txt
[1.208s] -- Up-to-date symlink: /home/hermes/Hermes/hermes_ws/install/gazebo_ros/local/lib/python3.10/dist-packages/scripts/__init__.py
[1.209s] -- Up-to-date symlink: /home/hermes/Hermes/hermes_ws/install/gazebo_ros/local/lib/python3.10/dist-packages/scripts/gazebo_ros_paths.py
[1.209s] -- Up-to-date symlink: /home/hermes/Hermes/hermes_ws/install/gazebo_ros/local/lib/python3.10/dist-packages/scripts/spawn_entity.py
[1.210s] -- Up-to-date symlink: /home/hermes/Hermes/hermes_ws/install/gazebo_ros/share/gazebo_ros/environment/library_path.sh
[1.210s] -- Up-to-date symlink: /home/hermes/Hermes/hermes_ws/install/gazebo_ros/share/gazebo_ros/environment/library_path.dsv
[1.211s] -- Up-to-date symlink: /home/hermes/Hermes/hermes_ws/install/gazebo_ros/share/ament_index/resource_index/package_run_dependencies/gazebo_ros
[1.211s] -- Up-to-date symlink: /home/hermes/Hermes/hermes_ws/install/gazebo_ros/share/ament_index/resource_index/parent_prefix_path/gazebo_ros
[1.212s] -- Up-to-date symlink: /home/hermes/Hermes/hermes_ws/install/gazebo_ros/share/gazebo_ros/environment/ament_prefix_path.sh
[1.212s] -- Up-to-date symlink: /home/hermes/Hermes/hermes_ws/install/gazebo_ros/share/gazebo_ros/environment/ament_prefix_path.dsv
[1.213s] -- Up-to-date symlink: /home/hermes/Hermes/hermes_ws/install/gazebo_ros/share/gazebo_ros/environment/path.sh
[1.213s] -- Up-to-date symlink: /home/hermes/Hermes/hermes_ws/install/gazebo_ros/share/gazebo_ros/environment/path.dsv
[1.214s] -- Up-to-date symlink: /home/hermes/Hermes/hermes_ws/install/gazebo_ros/share/gazebo_ros/local_setup.bash
[1.214s] -- Up-to-date symlink: /home/hermes/Hermes/hermes_ws/install/gazebo_ros/share/gazebo_ros/local_setup.sh
[1.215s] -- Up-to-date symlink: /home/hermes/Hermes/hermes_ws/install/gazebo_ros/share/gazebo_ros/local_setup.zsh
[1.215s] -- Up-to-date symlink: /home/hermes/Hermes/hermes_ws/install/gazebo_ros/share/gazebo_ros/local_setup.dsv
[1.216s] -- Symlinking: /home/hermes/Hermes/hermes_ws/install/gazebo_ros/share/gazebo_ros/package.dsv
[1.239s] -- Up-to-date symlink: /home/hermes/Hermes/hermes_ws/install/gazebo_ros/share/ament_index/resource_index/packages/gazebo_ros
[1.239s] -- Up-to-date symlink: /home/hermes/Hermes/hermes_ws/install/gazebo_ros/share/gazebo_ros/cmake/ament_cmake_export_libraries-extras.cmake
[1.240s] -- Up-to-date symlink: /home/hermes/Hermes/hermes_ws/install/gazebo_ros/share/gazebo_ros/cmake/ament_cmake_export_include_directories-extras.cmake
[1.240s] -- Up-to-date symlink: /home/hermes/Hermes/hermes_ws/install/gazebo_ros/share/gazebo_ros/cmake/ament_cmake_export_dependencies-extras.cmake
[1.241s] -- Up-to-date symlink: /home/hermes/Hermes/hermes_ws/install/gazebo_ros/share/gazebo_ros/cmake/gazebo_rosConfig.cmake
[1.241s] -- Up-to-date symlink: /home/hermes/Hermes/hermes_ws/install/gazebo_ros/share/gazebo_ros/cmake/gazebo_rosConfig-version.cmake
[1.242s] -- Up-to-date symlink: /home/hermes/Hermes/hermes_ws/install/gazebo_ros/share/gazebo_ros/package.xml
[1.244s] -- Up-to-date symlink: /home/hermes/Hermes/hermes_ws/install/gazebo_ros/include/gazebo_ros/conversions/builtin_interfaces.hpp
[1.245s] -- Up-to-date symlink: /home/hermes/Hermes/hermes_ws/install/gazebo_ros/include/gazebo_ros/conversions/gazebo_msgs.hpp
[1.245s] -- Up-to-date symlink: /home/hermes/Hermes/hermes_ws/install/gazebo_ros/include/gazebo_ros/conversions/generic.hpp
[1.245s] -- Up-to-date symlink: /home/hermes/Hermes/hermes_ws/install/gazebo_ros/include/gazebo_ros/conversions/geometry_msgs.hpp
[1.246s] -- Up-to-date symlink: /home/hermes/Hermes/hermes_ws/install/gazebo_ros/include/gazebo_ros/conversions/sensor_msgs.hpp
[1.246s] -- Up-to-date symlink: /home/hermes/Hermes/hermes_ws/install/gazebo_ros/include/gazebo_ros/executor.hpp
[1.247s] -- Up-to-date symlink: /home/hermes/Hermes/hermes_ws/install/gazebo_ros/include/gazebo_ros/gazebo_ros_factory.hpp
[1.247s] -- Up-to-date symlink: /home/hermes/Hermes/hermes_ws/install/gazebo_ros/include/gazebo_ros/gazebo_ros_force_system.hpp
[1.247s] -- Up-to-date symlink: /home/hermes/Hermes/hermes_ws/install/gazebo_ros/include/gazebo_ros/gazebo_ros_init.hpp
[1.247s] -- Up-to-date symlink: /home/hermes/Hermes/hermes_ws/install/gazebo_ros/include/gazebo_ros/gazebo_ros_properties.hpp
[1.248s] -- Up-to-date symlink: /home/hermes/Hermes/hermes_ws/install/gazebo_ros/include/gazebo_ros/gazebo_ros_state.hpp
[1.248s] -- Up-to-date symlink: /home/hermes/Hermes/hermes_ws/install/gazebo_ros/include/gazebo_ros/node.hpp
[1.248s] -- Up-to-date symlink: /home/hermes/Hermes/hermes_ws/install/gazebo_ros/include/gazebo_ros/node_visibility_control.h
[1.249s] -- Up-to-date symlink: /home/hermes/Hermes/hermes_ws/install/gazebo_ros/include/gazebo_ros/qos.hpp
[1.249s] -- Up-to-date symlink: /home/hermes/Hermes/hermes_ws/install/gazebo_ros/include/gazebo_ros/testing_utils.hpp
[1.250s] -- Up-to-date symlink: /home/hermes/Hermes/hermes_ws/install/gazebo_ros/include/gazebo_ros/utils.hpp
[1.250s] -- Up-to-date symlink: /home/hermes/Hermes/hermes_ws/install/gazebo_ros/include/gazebo_ros/utils_visibility_control.h
[1.251s] -- Up-to-date symlink: /home/hermes/Hermes/hermes_ws/install/gazebo_ros/lib/gazebo_ros//gazebo_ros_paths.py
[1.251s] -- Up-to-date symlink: /home/hermes/Hermes/hermes_ws/install/gazebo_ros/lib/libgazebo_ros_factory.so
[1.252s] -- Up-to-date symlink: /home/hermes/Hermes/hermes_ws/install/gazebo_ros/lib/libgazebo_ros_force_system.so
[1.252s] -- Up-to-date symlink: /home/hermes/Hermes/hermes_ws/install/gazebo_ros/lib/libgazebo_ros_init.so
[1.252s] -- Up-to-date symlink: /home/hermes/Hermes/hermes_ws/install/gazebo_ros/lib/libgazebo_ros_node.so
[1.253s] -- Up-to-date symlink: /home/hermes/Hermes/hermes_ws/install/gazebo_ros/lib/libgazebo_ros_properties.so
[1.253s] -- Up-to-date symlink: /home/hermes/Hermes/hermes_ws/install/gazebo_ros/lib/libgazebo_ros_state.so
[1.253s] -- Up-to-date symlink: /home/hermes/Hermes/hermes_ws/install/gazebo_ros/lib/libgazebo_ros_utils.so
[1.254s] -- Up-to-date symlink: /home/hermes/Hermes/hermes_ws/install/gazebo_ros/lib/gazebo_ros//spawn_entity.py
[1.255s] -- Up-to-date symlink: /home/hermes/Hermes/hermes_ws/install/gazebo_ros/share/gazebo_ros//launch/gazebo.launch.py
[1.256s] -- Up-to-date symlink: /home/hermes/Hermes/hermes_ws/install/gazebo_ros/share/gazebo_ros//launch/gzclient.launch.py
[1.256s] -- Up-to-date symlink: /home/hermes/Hermes/hermes_ws/install/gazebo_ros/share/gazebo_ros//launch/gzserver.launch.py
[1.256s] -- Up-to-date symlink: /home/hermes/Hermes/hermes_ws/install/gazebo_ros/share/gazebo_ros//launch/spawn_entity_demo.launch.py
[1.257s] -- Up-to-date symlink: /home/hermes/Hermes/hermes_ws/install/gazebo_ros/share/gazebo_ros//worlds/empty.world
[1.257s] -- Up-to-date symlink: /home/hermes/Hermes/hermes_ws/install/gazebo_ros/share/gazebo_ros//worlds/gazebo_ros_force_system_demo.world
[1.258s] -- Up-to-date symlink: /home/hermes/Hermes/hermes_ws/install/gazebo_ros/share/gazebo_ros//worlds/gazebo_ros_properties_demo.world
[1.258s] -- Up-to-date symlink: /home/hermes/Hermes/hermes_ws/install/gazebo_ros/share/gazebo_ros//worlds/gazebo_ros_state_demo.world
[1.354s] Listing '/home/hermes/Hermes/hermes_ws/install/gazebo_ros/local/lib/python3.10/dist-packages/scripts'...
[1.372s] Invoked command in '/home/hermes/Hermes/hermes_ws/build/gazebo_ros' returned '0': AMENT_PREFIX_PATH=/home/hermes/Hermes/hermes_ws/install/gazebo_msgs:${AMENT_PREFIX_PATH} CMAKE_PREFIX_PATH=/home/hermes/Hermes/hermes_ws/install/gazebo_msgs:/home/hermes/Hermes/hermes_ws/install/gazebo_dev:/home/hermes/Hermes/hermes_ws/install/ldlidar_stl_ros2:/home/hermes/Hermes/hermes_ws/install/ldlidar:/home/hermes/Hermes/hermes_ws/install/ldlidar_node:/home/hermes/Hermes/hermes_ws/install/ldlidar_component:/home/hermes/Hermes/hermes_ws/install/hermes_urdf:/home/hermes/Hermes/hermes_ws/install/hermes_navigation:/home/hermes/Hermes/hermes_ws/install/hermes_interfaces:/home/hermes/Hermes/hermes_ws/install/gps_publisher:/home/hermes/Hermes/hermes_ws/install/gazebo_plugins:/home/hermes/Hermes/hermes_ws/install/gazebo_ros:/home/hermes/Downloads/hermes/Hermes/install/ldlidar_stl_ros2:/home/hermes/Downloads/hermes/ros2_ws/src/install/ldlidar:/home/hermes/Downloads/hermes/ros2_ws/src/install/ldlidar_node:/home/hermes/Downloads/hermes/ros2_ws/src/install/ldlidar_component:/home/hermes/Downloads/hermes/ros2_ws/src/install/ffmpeg_image_transport:/home/hermes/Downloads/hermes/ros2_ws/src/install/ffmpeg_image_transport_msgs:/home/hermes/Hermes/hermes_ws/install/tof_publisher:/home/hermes/Hermes/hermes_ws/install/teleop_control:/home/hermes/Hermes/hermes_ws/install/robot_model:/home/hermes/Hermes/hermes_ws/install/odometry:/home/hermes/Hermes/hermes_ws/install/my_robot_description:/home/hermes/Hermes/hermes_ws/install/lidar_publisher:/home/hermes/Hermes/hermes_ws/install/launch_files:/home/hermes/Hermes/hermes_ws/install/imu_publisher:/home/hermes/Hermes/hermes_ws/install/cmd_vel:/home/hermes/Hermes/hermes_ws/install/cameras:/home/hermes/Downloads/hermes/Hermes/install/tof_publisher:/home/hermes/Downloads/hermes/Hermes/install/teleop_control:/home/hermes/Downloads/hermes/Hermes/install/odometry:/home/hermes/Downloads/hermes/Hermes/install/imu_publisher:/home/hermes/Downloads/hermes/Hermes/install/gps_publisher:/home/hermes/Downloads/hermes/Hermes/install/cmd_vel:/home/hermes/Downloads/hermes/Hermes/install/cameras:/home/hermes/Downloads/hermes/ros2_ws/src/install/ros2_video_stream_pkg:/opt/ros/humble LD_LIBRARY_PATH=/home/hermes/Hermes/hermes_ws/install/gazebo_msgs/lib:/home/hermes/Hermes/hermes_ws/install/ldlidar_component/lib:/home/hermes/Hermes/hermes_ws/install/hermes_interfaces/lib:/usr/lib/aarch64-linux-gnu/gazebo-11/plugins:/home/hermes/Hermes/hermes_ws/install/gazebo_plugins/lib:/home/hermes/Hermes/hermes_ws/install/gazebo_ros/lib:/home/hermes/Downloads/hermes/ros2_ws/src/install/ldlidar_component/lib:/home/hermes/Downloads/hermes/ros2_ws/src/install/ffmpeg_image_transport/lib:/home/hermes/Downloads/hermes/ros2_ws/src/install/ffmpeg_image_transport_msgs/lib:/opt/ros/humble/opt/rviz_ogre_vendor/lib:/opt/ros/humble/lib/aarch64-linux-gnu:/opt/ros/humble/lib:/usr/local/cuda-12.2/lib64 PYTHONPATH=/home/hermes/Hermes/hermes_ws/install/gazebo_msgs/local/lib/python3.10/dist-packages:${PYTHONPATH} /usr/bin/cmake --install /home/hermes/Hermes/hermes_ws/build/gazebo_ros
