[1.319s] Invoking command in '/home/aleksmalm/Hermes/hermes_ws/src/imu_publisher': PYTHONPATH=/home/aleksmalm/Hermes/hermes_ws/build/imu_publisher/prefix_override:/home/aleksmalm/Hermes/hermes_ws/install/imu_publisher/lib/python3.10/site-packages:${PYTHONPATH} /usr/bin/python3 -W ignore:setup.py install is deprecated setup.py egg_info --egg-base ../../build/imu_publisher build --build-base /home/aleksmalm/Hermes/hermes_ws/build/imu_publisher/build install --record /home/aleksmalm/Hermes/hermes_ws/build/imu_publisher/install.log --single-version-externally-managed install_data
[1.566s] running egg_info
[1.566s] writing ../../build/imu_publisher/imu_publisher.egg-info/PKG-INFO
[1.567s] writing dependency_links to ../../build/imu_publisher/imu_publisher.egg-info/dependency_links.txt
[1.567s] writing entry points to ../../build/imu_publisher/imu_publisher.egg-info/entry_points.txt
[1.567s] writing requirements to ../../build/imu_publisher/imu_publisher.egg-info/requires.txt
[1.567s] writing top-level names to ../../build/imu_publisher/imu_publisher.egg-info/top_level.txt
[1.568s] reading manifest file '../../build/imu_publisher/imu_publisher.egg-info/SOURCES.txt'
[1.568s] adding license file 'LICENSE'
[1.568s] writing manifest file '../../build/imu_publisher/imu_publisher.egg-info/SOURCES.txt'
[1.568s] running build
[1.568s] running build_py
[1.569s] running install
[1.569s] running install_lib
[1.569s] running install_data
[1.570s] running install_egg_info
[1.570s] removing '/home/aleksmalm/Hermes/hermes_ws/install/imu_publisher/lib/python3.10/site-packages/imu_publisher-0.0.0-py3.10.egg-info' (and everything under it)
[1.570s] Copying ../../build/imu_publisher/imu_publisher.egg-info to /home/aleksmalm/Hermes/hermes_ws/install/imu_publisher/lib/python3.10/site-packages/imu_publisher-0.0.0-py3.10.egg-info
[1.571s] running install_scripts
[1.586s] Installing imu_publisher_node script to /home/aleksmalm/Hermes/hermes_ws/install/imu_publisher/lib/imu_publisher
[1.587s] writing list of installed files to '/home/aleksmalm/Hermes/hermes_ws/build/imu_publisher/install.log'
[1.610s] Invoked command in '/home/aleksmalm/Hermes/hermes_ws/src/imu_publisher' returned '0': PYTHONPATH=/home/aleksmalm/Hermes/hermes_ws/build/imu_publisher/prefix_override:/home/aleksmalm/Hermes/hermes_ws/install/imu_publisher/lib/python3.10/site-packages:${PYTHONPATH} /usr/bin/python3 -W ignore:setup.py install is deprecated setup.py egg_info --egg-base ../../build/imu_publisher build --build-base /home/aleksmalm/Hermes/hermes_ws/build/imu_publisher/build install --record /home/aleksmalm/Hermes/hermes_ws/build/imu_publisher/install.log --single-version-externally-managed install_data
