[4.340s] Invoking command in '/home/hermes/Hermes/hermes_ws/launch_files': PYTHONPATH=/home/hermes/Hermes/hermes_ws/build/launch_files/prefix_override:/home/hermes/Hermes/hermes_ws/install/launch_files/lib/python3.10/site-packages:${PYTHONPATH} /usr/bin/python3 -W ignore:setup.py install is deprecated setup.py egg_info --egg-base ../build/launch_files build --build-base /home/hermes/Hermes/hermes_ws/build/launch_files/build install --record /home/hermes/Hermes/hermes_ws/build/launch_files/install.log --single-version-externally-managed install_data
[4.909s] running egg_info
[4.910s] writing ../build/launch_files/launch_files.egg-info/PKG-INFO
[4.910s] writing dependency_links to ../build/launch_files/launch_files.egg-info/dependency_links.txt
[4.911s] writing entry points to ../build/launch_files/launch_files.egg-info/entry_points.txt
[4.911s] writing requirements to ../build/launch_files/launch_files.egg-info/requires.txt
[4.911s] writing top-level names to ../build/launch_files/launch_files.egg-info/top_level.txt
[4.916s] reading manifest file '../build/launch_files/launch_files.egg-info/SOURCES.txt'
[4.918s] writing manifest file '../build/launch_files/launch_files.egg-info/SOURCES.txt'
[4.919s] running build
[4.919s] running build_py
[4.920s] running install
[4.921s] running install_lib
[4.925s] running install_data
[4.925s] running install_egg_info
[4.929s] removing '/home/hermes/Hermes/hermes_ws/install/launch_files/lib/python3.10/site-packages/launch_files-0.0.0-py3.10.egg-info' (and everything under it)
[4.930s] Copying ../build/launch_files/launch_files.egg-info to /home/hermes/Hermes/hermes_ws/install/launch_files/lib/python3.10/site-packages/launch_files-0.0.0-py3.10.egg-info
[4.932s] running install_scripts
[4.983s] writing list of installed files to '/home/hermes/Hermes/hermes_ws/build/launch_files/install.log'
[5.080s] Invoked command in '/home/hermes/Hermes/hermes_ws/launch_files' returned '0': PYTHONPATH=/home/hermes/Hermes/hermes_ws/build/launch_files/prefix_override:/home/hermes/Hermes/hermes_ws/install/launch_files/lib/python3.10/site-packages:${PYTHONPATH} /usr/bin/python3 -W ignore:setup.py install is deprecated setup.py egg_info --egg-base ../build/launch_files build --build-base /home/hermes/Hermes/hermes_ws/build/launch_files/build install --record /home/hermes/Hermes/hermes_ws/build/launch_files/install.log --single-version-externally-managed install_data
