[1.531s] Invoking command in '/home/hermes/Hermes/hermes_ws/src/cameras': PYTHONPATH=/home/hermes/Hermes/hermes_ws/build/cameras/prefix_override:/usr/lib/python3/dist-packages/colcon_core/task/python/colcon_distutils_commands:/home/hermes/Hermes/hermes_ws/install/cameras/lib/python3.10/site-packages:${PYTHONPATH} /usr/bin/python3 -W ignore:setup.py install is deprecated setup.py egg_info --egg-base ../../build/cameras build --build-base /home/hermes/Hermes/hermes_ws/build/cameras/build install --record /home/hermes/Hermes/hermes_ws/build/cameras/install.log --single-version-externally-managed install_data
[2.119s] running egg_info
[2.120s] writing ../../build/cameras/cameras.egg-info/PKG-INFO
[2.121s] writing dependency_links to ../../build/cameras/cameras.egg-info/dependency_links.txt
[2.121s] writing entry points to ../../build/cameras/cameras.egg-info/entry_points.txt
[2.121s] writing requirements to ../../build/cameras/cameras.egg-info/requires.txt
[2.122s] writing top-level names to ../../build/cameras/cameras.egg-info/top_level.txt
[2.125s] reading manifest file '../../build/cameras/cameras.egg-info/SOURCES.txt'
[2.126s] adding license file 'LICENSE'
[2.127s] writing manifest file '../../build/cameras/cameras.egg-info/SOURCES.txt'
[2.127s] running build
[2.127s] running build_py
[2.128s] copying cameras/cameras_node.py -> /home/hermes/Hermes/hermes_ws/build/cameras/build/lib/cameras
[2.128s] running install
[2.129s] running install_lib
[2.131s] copying /home/hermes/Hermes/hermes_ws/build/cameras/build/lib/cameras/cameras_node.py -> /home/hermes/Hermes/hermes_ws/install/cameras/lib/python3.10/site-packages/cameras
[2.133s] byte-compiling /home/hermes/Hermes/hermes_ws/install/cameras/lib/python3.10/site-packages/cameras/cameras_node.py to cameras_node.cpython-310.pyc
[2.134s] running install_data
[2.134s] running install_egg_info
[2.139s] removing '/home/hermes/Hermes/hermes_ws/install/cameras/lib/python3.10/site-packages/cameras-0.0.0-py3.10.egg-info' (and everything under it)
[2.139s] Copying ../../build/cameras/cameras.egg-info to /home/hermes/Hermes/hermes_ws/install/cameras/lib/python3.10/site-packages/cameras-0.0.0-py3.10.egg-info
[2.141s] running install_scripts
[2.184s] Installing cameras_node script to /home/hermes/Hermes/hermes_ws/install/cameras/lib/cameras
[2.185s] writing list of installed files to '/home/hermes/Hermes/hermes_ws/build/cameras/install.log'
[2.256s] Invoked command in '/home/hermes/Hermes/hermes_ws/src/cameras' returned '0': PYTHONPATH=/home/hermes/Hermes/hermes_ws/build/cameras/prefix_override:/usr/lib/python3/dist-packages/colcon_core/task/python/colcon_distutils_commands:/home/hermes/Hermes/hermes_ws/install/cameras/lib/python3.10/site-packages:${PYTHONPATH} /usr/bin/python3 -W ignore:setup.py install is deprecated setup.py egg_info --egg-base ../../build/cameras build --build-base /home/hermes/Hermes/hermes_ws/build/cameras/build install --record /home/hermes/Hermes/hermes_ws/build/cameras/install.log --single-version-externally-managed install_data
