[4.543s] Invoking command in '/home/hermes/Hermes/hermes_ws/src/tof_publisher': PYTHONPATH=/home/hermes/Hermes/hermes_ws/build/tof_publisher/prefix_override:/home/hermes/Hermes/hermes_ws/install/tof_publisher/lib/python3.10/site-packages:${PYTHONPATH} /usr/bin/python3 -W ignore:setup.py install is deprecated setup.py egg_info --egg-base ../../build/tof_publisher build --build-base /home/hermes/Hermes/hermes_ws/build/tof_publisher/build install --record /home/hermes/Hermes/hermes_ws/build/tof_publisher/install.log --install-scripts $base/lib/tof_publisher --single-version-externally-managed install_data
[6.673s] /usr/lib/python3/dist-packages/setuptools/dist.py:723: UserWarning: Usage of dash-separated 'script-dir' will not be supported in future versions. Please use the underscore name 'script_dir' instead
[6.674s]   warnings.warn(
[6.695s] running egg_info
[6.697s] writing ../../build/tof_publisher/tof_publisher.egg-info/PKG-INFO
[6.698s] writing dependency_links to ../../build/tof_publisher/tof_publisher.egg-info/dependency_links.txt
[6.699s] writing entry points to ../../build/tof_publisher/tof_publisher.egg-info/entry_points.txt
[6.699s] writing requirements to ../../build/tof_publisher/tof_publisher.egg-info/requires.txt
[6.699s] writing top-level names to ../../build/tof_publisher/tof_publisher.egg-info/top_level.txt
[6.704s] reading manifest file '../../build/tof_publisher/tof_publisher.egg-info/SOURCES.txt'
[6.706s] writing manifest file '../../build/tof_publisher/tof_publisher.egg-info/SOURCES.txt'
[6.706s] running build
[6.706s] running build_py
[6.707s] running install
[6.708s] running install_lib
[6.712s] running install_data
[6.712s] running install_egg_info
[6.717s] removing '/home/hermes/Hermes/hermes_ws/install/tof_publisher/lib/python3.10/site-packages/tof_publisher-0.0.0-py3.10.egg-info' (and everything under it)
[6.718s] Copying ../../build/tof_publisher/tof_publisher.egg-info to /home/hermes/Hermes/hermes_ws/install/tof_publisher/lib/python3.10/site-packages/tof_publisher-0.0.0-py3.10.egg-info
[6.720s] running install_scripts
[6.772s] Installing tof_data script to /home/hermes/Hermes/hermes_ws/install/tof_publisher/lib/tof_publisher
[6.773s] writing list of installed files to '/home/hermes/Hermes/hermes_ws/build/tof_publisher/install.log'
[6.879s] Invoked command in '/home/hermes/Hermes/hermes_ws/src/tof_publisher' returned '0': PYTHONPATH=/home/hermes/Hermes/hermes_ws/build/tof_publisher/prefix_override:/home/hermes/Hermes/hermes_ws/install/tof_publisher/lib/python3.10/site-packages:${PYTHONPATH} /usr/bin/python3 -W ignore:setup.py install is deprecated setup.py egg_info --egg-base ../../build/tof_publisher build --build-base /home/hermes/Hermes/hermes_ws/build/tof_publisher/build install --record /home/hermes/Hermes/hermes_ws/build/tof_publisher/install.log --install-scripts $base/lib/tof_publisher --single-version-externally-managed install_data
