[0.587s] Invoking command in '/home/raivo/Hermes/hermes_ws/src/robot_localization_pkg': PYTHONPATH=/home/raivo/Hermes/hermes_ws/build/robot_localization_pkg/prefix_override:/home/raivo/Hermes/hermes_ws/install/robot_localization_pkg/lib/python3.10/site-packages:${PYTHONPATH} /usr/bin/python3 -W ignore:setup.py install is deprecated setup.py egg_info --egg-base ../../build/robot_localization_pkg build --build-base /home/raivo/Hermes/hermes_ws/build/robot_localization_pkg/build install --record /home/raivo/Hermes/hermes_ws/build/robot_localization_pkg/install.log --single-version-externally-managed install_data
[0.953s] running egg_info
[0.954s] writing ../../build/robot_localization_pkg/robot_localization_pkg.egg-info/PKG-INFO
[0.954s] writing dependency_links to ../../build/robot_localization_pkg/robot_localization_pkg.egg-info/dependency_links.txt
[0.954s] writing entry points to ../../build/robot_localization_pkg/robot_localization_pkg.egg-info/entry_points.txt
[0.954s] writing requirements to ../../build/robot_localization_pkg/robot_localization_pkg.egg-info/requires.txt
[0.954s] writing top-level names to ../../build/robot_localization_pkg/robot_localization_pkg.egg-info/top_level.txt
[0.954s] reading manifest file '../../build/robot_localization_pkg/robot_localization_pkg.egg-info/SOURCES.txt'
[0.954s] writing manifest file '../../build/robot_localization_pkg/robot_localization_pkg.egg-info/SOURCES.txt'
[0.954s] running build
[0.954s] running build_py
[0.954s] running install
[0.954s] running install_lib
[0.954s] running install_data
[0.954s] running install_egg_info
[0.955s] removing '/home/raivo/Hermes/hermes_ws/install/robot_localization_pkg/lib/python3.10/site-packages/robot_localization_pkg-0.0.1-py3.10.egg-info' (and everything under it)
[0.955s] Copying ../../build/robot_localization_pkg/robot_localization_pkg.egg-info to /home/raivo/Hermes/hermes_ws/install/robot_localization_pkg/lib/python3.10/site-packages/robot_localization_pkg-0.0.1-py3.10.egg-info
[0.955s] running install_scripts
[0.955s] writing list of installed files to '/home/raivo/Hermes/hermes_ws/build/robot_localization_pkg/install.log'
[0.966s] Invoked command in '/home/raivo/Hermes/hermes_ws/src/robot_localization_pkg' returned '0': PYTHONPATH=/home/raivo/Hermes/hermes_ws/build/robot_localization_pkg/prefix_override:/home/raivo/Hermes/hermes_ws/install/robot_localization_pkg/lib/python3.10/site-packages:${PYTHONPATH} /usr/bin/python3 -W ignore:setup.py install is deprecated setup.py egg_info --egg-base ../../build/robot_localization_pkg build --build-base /home/raivo/Hermes/hermes_ws/build/robot_localization_pkg/build install --record /home/raivo/Hermes/hermes_ws/build/robot_localization_pkg/install.log --single-version-externally-managed install_data
