[3.555s] Invoking command in '/home/hermes/Hermes/hermes_ws/src/cameras': PYTHONPATH=/home/hermes/Hermes/hermes_ws/build/cameras/prefix_override:/home/hermes/Hermes/hermes_ws/install/cameras/lib/python3.10/site-packages:${PYTHONPATH} /usr/bin/python3 -W ignore:setup.py install is deprecated setup.py egg_info --egg-base ../../build/cameras build --build-base /home/hermes/Hermes/hermes_ws/build/cameras/build install --record /home/hermes/Hermes/hermes_ws/build/cameras/install.log --single-version-externally-managed install_data
[4.146s] running egg_info
[4.148s] writing ../../build/cameras/cameras.egg-info/PKG-INFO
[4.148s] writing dependency_links to ../../build/cameras/cameras.egg-info/dependency_links.txt
[4.149s] writing entry points to ../../build/cameras/cameras.egg-info/entry_points.txt
[4.149s] writing requirements to ../../build/cameras/cameras.egg-info/requires.txt
[4.149s] writing top-level names to ../../build/cameras/cameras.egg-info/top_level.txt
[4.153s] reading manifest file '../../build/cameras/cameras.egg-info/SOURCES.txt'
[4.154s] adding license file 'LICENSE'
[4.156s] writing manifest file '../../build/cameras/cameras.egg-info/SOURCES.txt'
[4.156s] running build
[4.156s] running build_py
[4.157s] running install
[4.157s] running install_lib
[4.161s] running install_data
[4.162s] running install_egg_info
[4.169s] removing '/home/hermes/Hermes/hermes_ws/install/cameras/lib/python3.10/site-packages/cameras-0.0.0-py3.10.egg-info' (and everything under it)
[4.170s] Copying ../../build/cameras/cameras.egg-info to /home/hermes/Hermes/hermes_ws/install/cameras/lib/python3.10/site-packages/cameras-0.0.0-py3.10.egg-info
[4.172s] running install_scripts
[4.224s] Installing cameras_node script to /home/hermes/Hermes/hermes_ws/install/cameras/lib/cameras
[4.225s] writing list of installed files to '/home/hermes/Hermes/hermes_ws/build/cameras/install.log'
[4.900s] Invoked command in '/home/hermes/Hermes/hermes_ws/src/cameras' returned '0': PYTHONPATH=/home/hermes/Hermes/hermes_ws/build/cameras/prefix_override:/home/hermes/Hermes/hermes_ws/install/cameras/lib/python3.10/site-packages:${PYTHONPATH} /usr/bin/python3 -W ignore:setup.py install is deprecated setup.py egg_info --egg-base ../../build/cameras build --build-base /home/hermes/Hermes/hermes_ws/build/cameras/build install --record /home/hermes/Hermes/hermes_ws/build/cameras/install.log --single-version-externally-managed install_data
