[0.025s] Invoking command in '/home/aleksmalm/Hermes/hermes_ws/build/rlnav2': CMAKE_PREFIX_PATH=${CMAKE_PREFIX_PATH}:/home/aleksmalm/Hermes/hermes_ws/install/tof_publisher:/home/aleksmalm/Hermes/hermes_ws/install/teleop_control:/home/aleksmalm/Hermes/hermes_ws/install/odometry:/home/aleksmalm/Hermes/hermes_ws/install/nav2_gps_waypoint_follower_demo:/home/aleksmalm/Hermes/hermes_ws/install/imu_publisher:/home/aleksmalm/Hermes/hermes_ws/install/cmd_vel:/home/aleksmalm/Hermes/hermes_ws/install/cameras:/opt/ros/humble /usr/bin/cmake /home/aleksmalm/Hermes/hermes_ws/src/loc_diff/rlnav2 -DCMAKE_INSTALL_PREFIX=/home/aleksmalm/Hermes/hermes_ws/install/rlnav2
[0.039s] -- Found ament_cmake: 1.3.9 (/opt/ros/humble/share/ament_cmake/cmake)
[0.159s] -- Found navigation2: 1.1.15 (/opt/ros/humble/share/navigation2/cmake)
[0.167s] [31mCMake Error at CMakeLists.txt:11 (find_package):
[0.167s]   By not providing "Findrobot_localization.cmake" in CMAKE_MODULE_PATH this
[0.167s]   project has asked CMake to find a package configuration file provided by
[0.167s]   "robot_localization", but CMake did not find one.
[0.167s] 
[0.168s]   Could not find a package configuration file provided by
[0.168s]   "robot_localization" with any of the following names:
[0.168s] 
[0.168s]     robot_localizationConfig.cmake
[0.168s]     robot_localization-config.cmake
[0.168s] 
[0.168s]   Add the installation prefix of "robot_localization" to CMAKE_PREFIX_PATH or
[0.168s]   set "robot_localization_DIR" to a directory containing one of the above
[0.168s]   files.  If "robot_localization" provides a separate development package or
[0.168s]   SDK, be sure it has been installed.
[0.168s] 
[0.168s] [0m
[0.168s] -- Configuring incomplete, errors occurred!
[0.168s] See also "/home/aleksmalm/Hermes/hermes_ws/build/rlnav2/CMakeFiles/CMakeOutput.log".
[0.453s] Invoked command in '/home/aleksmalm/Hermes/hermes_ws/build/rlnav2' returned '1': CMAKE_PREFIX_PATH=${CMAKE_PREFIX_PATH}:/home/aleksmalm/Hermes/hermes_ws/install/tof_publisher:/home/aleksmalm/Hermes/hermes_ws/install/teleop_control:/home/aleksmalm/Hermes/hermes_ws/install/odometry:/home/aleksmalm/Hermes/hermes_ws/install/nav2_gps_waypoint_follower_demo:/home/aleksmalm/Hermes/hermes_ws/install/imu_publisher:/home/aleksmalm/Hermes/hermes_ws/install/cmd_vel:/home/aleksmalm/Hermes/hermes_ws/install/cameras:/opt/ros/humble /usr/bin/cmake /home/aleksmalm/Hermes/hermes_ws/src/loc_diff/rlnav2 -DCMAKE_INSTALL_PREFIX=/home/aleksmalm/Hermes/hermes_ws/install/rlnav2
