[3.762s] Invoking command in '/home/hermes/Hermes/hermes_ws/build/gps_publisher': PYTHONPATH=/home/hermes/Hermes/hermes_ws/build/gps_publisher/prefix_override:/home/hermes/Hermes/hermes_ws/install/gps_publisher/lib/python3.10/site-packages:${PYTHONPATH} /usr/bin/python3 -W ignore:setup.py install is deprecated setup.py develop --editable --build-directory /home/hermes/Hermes/hermes_ws/build/gps_publisher/build --no-deps symlink_data --force
[4.378s] running develop
[4.379s] /usr/lib/python3/dist-packages/setuptools/command/easy_install.py:158: EasyInstallDeprecationWarning: easy_install command is deprecated. Use build and pip and other standards-based tools.
[4.379s]   warnings.warn(
[4.737s] running egg_info
[4.738s] writing gps_publisher.egg-info/PKG-INFO
[4.739s] writing dependency_links to gps_publisher.egg-info/dependency_links.txt
[4.740s] writing entry points to gps_publisher.egg-info/entry_points.txt
[4.740s] writing requirements to gps_publisher.egg-info/requires.txt
[4.741s] writing top-level names to gps_publisher.egg-info/top_level.txt
[4.746s] reading manifest file 'gps_publisher.egg-info/SOURCES.txt'
[4.748s] writing manifest file 'gps_publisher.egg-info/SOURCES.txt'
[4.752s] running build_ext
[4.753s] Creating /home/hermes/Hermes/hermes_ws/install/gps_publisher/lib/python3.10/site-packages/gps-publisher.egg-link (link to .)
[4.755s] Installing gps_publisher_node script to /home/hermes/Hermes/hermes_ws/install/gps_publisher/lib/gps_publisher
[4.756s] 
[4.756s] Installed /home/hermes/Hermes/hermes_ws/build/gps_publisher
[4.757s] running symlink_data
[4.757s] symbolically linking /home/hermes/Hermes/hermes_ws/build/gps_publisher/resource/gps_publisher -> /home/hermes/Hermes/hermes_ws/install/gps_publisher/share/ament_index/resource_index/packages
[4.757s] symbolically linking /home/hermes/Hermes/hermes_ws/build/gps_publisher/package.xml -> /home/hermes/Hermes/hermes_ws/install/gps_publisher/share/gps_publisher
[5.453s] Invoked command in '/home/hermes/Hermes/hermes_ws/build/gps_publisher' returned '0': PYTHONPATH=/home/hermes/Hermes/hermes_ws/build/gps_publisher/prefix_override:/home/hermes/Hermes/hermes_ws/install/gps_publisher/lib/python3.10/site-packages:${PYTHONPATH} /usr/bin/python3 -W ignore:setup.py install is deprecated setup.py develop --editable --build-directory /home/hermes/Hermes/hermes_ws/build/gps_publisher/build --no-deps symlink_data --force
