[1.279s] Invoking command in '/home/hermes/Hermes/hermes_ws/build/hermes_interfaces': CMAKE_PREFIX_PATH=${CMAKE_PREFIX_PATH}:/home/hermes/Hermes/hermes_ws/install/tof_publisher:/home/hermes/Hermes/hermes_ws/install/teleop_control:/home/hermes/Hermes/hermes_ws/install/robot_model:/home/hermes/Hermes/hermes_ws/install/odometry:/home/hermes/Hermes/hermes_ws/install/my_robot_description:/home/hermes/Hermes/hermes_ws/install/lidar_publisher:/home/hermes/Hermes/hermes_ws/install/launch_files:/home/hermes/Hermes/hermes_ws/install/imu_publisher:/home/hermes/Hermes/hermes_ws/install/cmd_vel:/home/hermes/Hermes/hermes_ws/install/cameras:/home/hermes/Downloads/hermes/ros2_ws/src/install/ros2_video_stream_pkg:/opt/ros/humble /usr/bin/cmake --build /home/hermes/Hermes/hermes_ws/build/hermes_interfaces -- -j6 -l6
[1.395s] [  9%] Built target hermes_interfaces__cpp
[1.396s] [ 12%] Built target hermes_interfaces__rosidl_generator_c
[1.441s] [ 12%] Built target ament_cmake_python_copy_hermes_interfaces
[1.452s] [ 22%] Built target hermes_interfaces__rosidl_typesupport_fastrtps_c
[1.458s] [ 32%] Built target hermes_interfaces__rosidl_typesupport_c
[1.495s] [ 41%] Built target hermes_interfaces__rosidl_typesupport_introspection_c
[1.516s] [ 51%] Built target hermes_interfaces__rosidl_typesupport_fastrtps_cpp
[1.536s] [ 61%] Built target hermes_interfaces__rosidl_typesupport_cpp
[1.551s] [ 70%] Built target hermes_interfaces__rosidl_typesupport_introspection_cpp
[1.602s] [ 70%] Built target hermes_interfaces
[1.663s] [ 74%] Built target hermes_interfaces__py
[1.736s] [ 80%] Built target hermes_interfaces__rosidl_generator_py
[1.838s] [ 87%] Built target hermes_interfaces__rosidl_typesupport_introspection_c__pyext
[1.839s] [ 93%] Built target hermes_interfaces__rosidl_typesupport_fastrtps_c__pyext
[1.843s] [100%] Built target hermes_interfaces__rosidl_typesupport_c__pyext
[2.071s] running egg_info
[2.073s] writing hermes_interfaces.egg-info/PKG-INFO
[2.074s] writing dependency_links to hermes_interfaces.egg-info/dependency_links.txt
[2.074s] writing top-level names to hermes_interfaces.egg-info/top_level.txt
[2.080s] reading manifest file 'hermes_interfaces.egg-info/SOURCES.txt'
[2.081s] writing manifest file 'hermes_interfaces.egg-info/SOURCES.txt'
[2.168s] [100%] Built target ament_cmake_python_build_hermes_interfaces_egg
[2.416s] Invoked command in '/home/hermes/Hermes/hermes_ws/build/hermes_interfaces' returned '0': CMAKE_PREFIX_PATH=${CMAKE_PREFIX_PATH}:/home/hermes/Hermes/hermes_ws/install/tof_publisher:/home/hermes/Hermes/hermes_ws/install/teleop_control:/home/hermes/Hermes/hermes_ws/install/robot_model:/home/hermes/Hermes/hermes_ws/install/odometry:/home/hermes/Hermes/hermes_ws/install/my_robot_description:/home/hermes/Hermes/hermes_ws/install/lidar_publisher:/home/hermes/Hermes/hermes_ws/install/launch_files:/home/hermes/Hermes/hermes_ws/install/imu_publisher:/home/hermes/Hermes/hermes_ws/install/cmd_vel:/home/hermes/Hermes/hermes_ws/install/cameras:/home/hermes/Downloads/hermes/ros2_ws/src/install/ros2_video_stream_pkg:/opt/ros/humble /usr/bin/cmake --build /home/hermes/Hermes/hermes_ws/build/hermes_interfaces -- -j6 -l6
[3.276s] Invoking command in '/home/hermes/Hermes/hermes_ws/build/hermes_interfaces': CMAKE_PREFIX_PATH=${CMAKE_PREFIX_PATH}:/home/hermes/Hermes/hermes_ws/install/tof_publisher:/home/hermes/Hermes/hermes_ws/install/teleop_control:/home/hermes/Hermes/hermes_ws/install/robot_model:/home/hermes/Hermes/hermes_ws/install/odometry:/home/hermes/Hermes/hermes_ws/install/my_robot_description:/home/hermes/Hermes/hermes_ws/install/lidar_publisher:/home/hermes/Hermes/hermes_ws/install/launch_files:/home/hermes/Hermes/hermes_ws/install/imu_publisher:/home/hermes/Hermes/hermes_ws/install/cmd_vel:/home/hermes/Hermes/hermes_ws/install/cameras:/home/hermes/Downloads/hermes/ros2_ws/src/install/ros2_video_stream_pkg:/opt/ros/humble /usr/bin/cmake --install /home/hermes/Hermes/hermes_ws/build/hermes_interfaces
[3.343s] -- Install configuration: ""
[3.343s] -- Up-to-date: /home/hermes/Hermes/hermes_ws/install/hermes_interfaces/share/ament_index/resource_index/rosidl_interfaces/hermes_interfaces
[3.343s] -- Up-to-date: /home/hermes/Hermes/hermes_ws/install/hermes_interfaces/include/hermes_interfaces/hermes_interfaces
[3.343s] -- Up-to-date: /home/hermes/Hermes/hermes_ws/install/hermes_interfaces/include/hermes_interfaces/hermes_interfaces/msg
[3.343s] -- Up-to-date: /home/hermes/Hermes/hermes_ws/install/hermes_interfaces/include/hermes_interfaces/hermes_interfaces/msg/rosidl_generator_c__visibility_control.h
[3.343s] -- Up-to-date: /home/hermes/Hermes/hermes_ws/install/hermes_interfaces/include/hermes_interfaces/hermes_interfaces/msg/detail
[3.344s] -- Up-to-date: /home/hermes/Hermes/hermes_ws/install/hermes_interfaces/include/hermes_interfaces/hermes_interfaces/msg/detail/gps_fixed__functions.h
[3.344s] -- Up-to-date: /home/hermes/Hermes/hermes_ws/install/hermes_interfaces/include/hermes_interfaces/hermes_interfaces/msg/detail/gps_fixed__functions.c
[3.344s] -- Up-to-date: /home/hermes/Hermes/hermes_ws/install/hermes_interfaces/include/hermes_interfaces/hermes_interfaces/msg/detail/gps_fixed__type_support.h
[3.344s] -- Up-to-date: /home/hermes/Hermes/hermes_ws/install/hermes_interfaces/include/hermes_interfaces/hermes_interfaces/msg/detail/gps_fixed__struct.h
[3.344s] -- Up-to-date: /home/hermes/Hermes/hermes_ws/install/hermes_interfaces/include/hermes_interfaces/hermes_interfaces/msg/gps_fixed.h
[3.344s] -- Up-to-date: /home/hermes/Hermes/hermes_ws/install/hermes_interfaces/share/hermes_interfaces/environment/library_path.sh
[3.345s] -- Up-to-date: /home/hermes/Hermes/hermes_ws/install/hermes_interfaces/share/hermes_interfaces/environment/library_path.dsv
[3.345s] -- Up-to-date: /home/hermes/Hermes/hermes_ws/install/hermes_interfaces/lib/libhermes_interfaces__rosidl_generator_c.so
[3.345s] -- Up-to-date: /home/hermes/Hermes/hermes_ws/install/hermes_interfaces/include/hermes_interfaces/hermes_interfaces
[3.346s] -- Up-to-date: /home/hermes/Hermes/hermes_ws/install/hermes_interfaces/include/hermes_interfaces/hermes_interfaces/msg
[3.346s] -- Up-to-date: /home/hermes/Hermes/hermes_ws/install/hermes_interfaces/include/hermes_interfaces/hermes_interfaces/msg/rosidl_typesupport_fastrtps_c__visibility_control.h
[3.346s] -- Up-to-date: /home/hermes/Hermes/hermes_ws/install/hermes_interfaces/include/hermes_interfaces/hermes_interfaces/msg/detail
[3.347s] -- Up-to-date: /home/hermes/Hermes/hermes_ws/install/hermes_interfaces/include/hermes_interfaces/hermes_interfaces/msg/detail/gps_fixed__rosidl_typesupport_fastrtps_c.h
[3.348s] -- Up-to-date: /home/hermes/Hermes/hermes_ws/install/hermes_interfaces/lib/libhermes_interfaces__rosidl_typesupport_fastrtps_c.so
[3.349s] -- Up-to-date: /home/hermes/Hermes/hermes_ws/install/hermes_interfaces/include/hermes_interfaces/hermes_interfaces
[3.350s] -- Up-to-date: /home/hermes/Hermes/hermes_ws/install/hermes_interfaces/include/hermes_interfaces/hermes_interfaces/msg
[3.350s] -- Up-to-date: /home/hermes/Hermes/hermes_ws/install/hermes_interfaces/include/hermes_interfaces/hermes_interfaces/msg/detail
[3.353s] -- Up-to-date: /home/hermes/Hermes/hermes_ws/install/hermes_interfaces/include/hermes_interfaces/hermes_interfaces/msg/detail/gps_fixed__type_support.c
[3.358s] -- Up-to-date: /home/hermes/Hermes/hermes_ws/install/hermes_interfaces/include/hermes_interfaces/hermes_interfaces/msg/detail/gps_fixed__rosidl_typesupport_introspection_c.h
[3.359s] -- Up-to-date: /home/hermes/Hermes/hermes_ws/install/hermes_interfaces/include/hermes_interfaces/hermes_interfaces/msg/rosidl_typesupport_introspection_c__visibility_control.h
[3.359s] -- Up-to-date: /home/hermes/Hermes/hermes_ws/install/hermes_interfaces/lib/libhermes_interfaces__rosidl_typesupport_introspection_c.so
[3.360s] -- Up-to-date: /home/hermes/Hermes/hermes_ws/install/hermes_interfaces/lib/libhermes_interfaces__rosidl_typesupport_c.so
[3.360s] -- Up-to-date: /home/hermes/Hermes/hermes_ws/install/hermes_interfaces/include/hermes_interfaces/hermes_interfaces
[3.361s] -- Up-to-date: /home/hermes/Hermes/hermes_ws/install/hermes_interfaces/include/hermes_interfaces/hermes_interfaces/msg
[3.361s] -- Up-to-date: /home/hermes/Hermes/hermes_ws/install/hermes_interfaces/include/hermes_interfaces/hermes_interfaces/msg/gps_fixed.hpp
[3.361s] -- Up-to-date: /home/hermes/Hermes/hermes_ws/install/hermes_interfaces/include/hermes_interfaces/hermes_interfaces/msg/detail
[3.361s] -- Up-to-date: /home/hermes/Hermes/hermes_ws/install/hermes_interfaces/include/hermes_interfaces/hermes_interfaces/msg/detail/gps_fixed__traits.hpp
[3.361s] -- Up-to-date: /home/hermes/Hermes/hermes_ws/install/hermes_interfaces/include/hermes_interfaces/hermes_interfaces/msg/detail/gps_fixed__struct.hpp
[3.362s] -- Up-to-date: /home/hermes/Hermes/hermes_ws/install/hermes_interfaces/include/hermes_interfaces/hermes_interfaces/msg/detail/gps_fixed__builder.hpp
[3.364s] -- Up-to-date: /home/hermes/Hermes/hermes_ws/install/hermes_interfaces/include/hermes_interfaces/hermes_interfaces
[3.364s] -- Up-to-date: /home/hermes/Hermes/hermes_ws/install/hermes_interfaces/include/hermes_interfaces/hermes_interfaces/msg
[3.364s] -- Up-to-date: /home/hermes/Hermes/hermes_ws/install/hermes_interfaces/include/hermes_interfaces/hermes_interfaces/msg/detail
[3.364s] -- Up-to-date: /home/hermes/Hermes/hermes_ws/install/hermes_interfaces/include/hermes_interfaces/hermes_interfaces/msg/detail/gps_fixed__rosidl_typesupport_fastrtps_cpp.hpp
[3.364s] -- Up-to-date: /home/hermes/Hermes/hermes_ws/install/hermes_interfaces/include/hermes_interfaces/hermes_interfaces/msg/detail/dds_fastrtps
[3.365s] -- Up-to-date: /home/hermes/Hermes/hermes_ws/install/hermes_interfaces/include/hermes_interfaces/hermes_interfaces/msg/rosidl_typesupport_fastrtps_cpp__visibility_control.h
[3.365s] -- Up-to-date: /home/hermes/Hermes/hermes_ws/install/hermes_interfaces/lib/libhermes_interfaces__rosidl_typesupport_fastrtps_cpp.so
[3.365s] -- Up-to-date: /home/hermes/Hermes/hermes_ws/install/hermes_interfaces/include/hermes_interfaces/hermes_interfaces
[3.365s] -- Up-to-date: /home/hermes/Hermes/hermes_ws/install/hermes_interfaces/include/hermes_interfaces/hermes_interfaces/msg
[3.365s] -- Up-to-date: /home/hermes/Hermes/hermes_ws/install/hermes_interfaces/include/hermes_interfaces/hermes_interfaces/msg/detail
[3.365s] -- Up-to-date: /home/hermes/Hermes/hermes_ws/install/hermes_interfaces/include/hermes_interfaces/hermes_interfaces/msg/detail/gps_fixed__rosidl_typesupport_introspection_cpp.hpp
[3.365s] -- Up-to-date: /home/hermes/Hermes/hermes_ws/install/hermes_interfaces/include/hermes_interfaces/hermes_interfaces/msg/detail/gps_fixed__type_support.cpp
[3.365s] -- Up-to-date: /home/hermes/Hermes/hermes_ws/install/hermes_interfaces/lib/libhermes_interfaces__rosidl_typesupport_introspection_cpp.so
[3.366s] -- Up-to-date: /home/hermes/Hermes/hermes_ws/install/hermes_interfaces/lib/libhermes_interfaces__rosidl_typesupport_cpp.so
[3.366s] -- Up-to-date: /home/hermes/Hermes/hermes_ws/install/hermes_interfaces/share/hermes_interfaces/environment/pythonpath.sh
[3.366s] -- Up-to-date: /home/hermes/Hermes/hermes_ws/install/hermes_interfaces/share/hermes_interfaces/environment/pythonpath.dsv
[3.366s] -- Up-to-date: /home/hermes/Hermes/hermes_ws/install/hermes_interfaces/local/lib/python3.10/dist-packages/hermes_interfaces-0.0.0-py3.10.egg-info
[3.366s] -- Installing: /home/hermes/Hermes/hermes_ws/install/hermes_interfaces/local/lib/python3.10/dist-packages/hermes_interfaces-0.0.0-py3.10.egg-info/dependency_links.txt
[3.366s] -- Installing: /home/hermes/Hermes/hermes_ws/install/hermes_interfaces/local/lib/python3.10/dist-packages/hermes_interfaces-0.0.0-py3.10.egg-info/SOURCES.txt
[3.366s] -- Installing: /home/hermes/Hermes/hermes_ws/install/hermes_interfaces/local/lib/python3.10/dist-packages/hermes_interfaces-0.0.0-py3.10.egg-info/PKG-INFO
[3.367s] -- Installing: /home/hermes/Hermes/hermes_ws/install/hermes_interfaces/local/lib/python3.10/dist-packages/hermes_interfaces-0.0.0-py3.10.egg-info/top_level.txt
[3.367s] -- Up-to-date: /home/hermes/Hermes/hermes_ws/install/hermes_interfaces/local/lib/python3.10/dist-packages/hermes_interfaces
[3.367s] -- Up-to-date: /home/hermes/Hermes/hermes_ws/install/hermes_interfaces/local/lib/python3.10/dist-packages/hermes_interfaces/libhermes_interfaces__rosidl_generator_py.so
[3.367s] -- Up-to-date: /home/hermes/Hermes/hermes_ws/install/hermes_interfaces/local/lib/python3.10/dist-packages/hermes_interfaces/hermes_interfaces_s__rosidl_typesupport_introspection_c.cpython-310-aarch64-linux-gnu.so
[3.367s] -- Up-to-date: /home/hermes/Hermes/hermes_ws/install/hermes_interfaces/local/lib/python3.10/dist-packages/hermes_interfaces/_hermes_interfaces_s.ep.rosidl_typesupport_introspection_c.c
[3.367s] -- Up-to-date: /home/hermes/Hermes/hermes_ws/install/hermes_interfaces/local/lib/python3.10/dist-packages/hermes_interfaces/__init__.py
[3.367s] -- Up-to-date: /home/hermes/Hermes/hermes_ws/install/hermes_interfaces/local/lib/python3.10/dist-packages/hermes_interfaces/msg
[3.368s] -- Up-to-date: /home/hermes/Hermes/hermes_ws/install/hermes_interfaces/local/lib/python3.10/dist-packages/hermes_interfaces/msg/__init__.py
[3.368s] -- Up-to-date: /home/hermes/Hermes/hermes_ws/install/hermes_interfaces/local/lib/python3.10/dist-packages/hermes_interfaces/msg/_gps_fixed.py
[3.368s] -- Up-to-date: /home/hermes/Hermes/hermes_ws/install/hermes_interfaces/local/lib/python3.10/dist-packages/hermes_interfaces/msg/_gps_fixed_s.c
[3.368s] -- Up-to-date: /home/hermes/Hermes/hermes_ws/install/hermes_interfaces/local/lib/python3.10/dist-packages/hermes_interfaces/_hermes_interfaces_s.ep.rosidl_typesupport_c.c
[3.368s] -- Up-to-date: /home/hermes/Hermes/hermes_ws/install/hermes_interfaces/local/lib/python3.10/dist-packages/hermes_interfaces/hermes_interfaces_s__rosidl_typesupport_fastrtps_c.cpython-310-aarch64-linux-gnu.so
[3.368s] -- Up-to-date: /home/hermes/Hermes/hermes_ws/install/hermes_interfaces/local/lib/python3.10/dist-packages/hermes_interfaces/_hermes_interfaces_s.ep.rosidl_typesupport_fastrtps_c.c
[3.368s] -- Up-to-date: /home/hermes/Hermes/hermes_ws/install/hermes_interfaces/local/lib/python3.10/dist-packages/hermes_interfaces/hermes_interfaces_s__rosidl_typesupport_c.cpython-310-aarch64-linux-gnu.so
[3.386s] Listing '/home/hermes/Hermes/hermes_ws/install/hermes_interfaces/local/lib/python3.10/dist-packages/hermes_interfaces'...
[3.386s] Listing '/home/hermes/Hermes/hermes_ws/install/hermes_interfaces/local/lib/python3.10/dist-packages/hermes_interfaces/msg'...
[3.397s] -- Up-to-date: /home/hermes/Hermes/hermes_ws/install/hermes_interfaces/local/lib/python3.10/dist-packages/hermes_interfaces/hermes_interfaces_s__rosidl_typesupport_fastrtps_c.cpython-310-aarch64-linux-gnu.so
[3.398s] -- Up-to-date: /home/hermes/Hermes/hermes_ws/install/hermes_interfaces/local/lib/python3.10/dist-packages/hermes_interfaces/hermes_interfaces_s__rosidl_typesupport_introspection_c.cpython-310-aarch64-linux-gnu.so
[3.399s] -- Up-to-date: /home/hermes/Hermes/hermes_ws/install/hermes_interfaces/local/lib/python3.10/dist-packages/hermes_interfaces/hermes_interfaces_s__rosidl_typesupport_c.cpython-310-aarch64-linux-gnu.so
[3.399s] -- Up-to-date: /home/hermes/Hermes/hermes_ws/install/hermes_interfaces/lib/libhermes_interfaces__rosidl_generator_py.so
[3.400s] -- Up-to-date: /home/hermes/Hermes/hermes_ws/install/hermes_interfaces/share/hermes_interfaces/msg/GpsFixed.idl
[3.400s] -- Up-to-date: /home/hermes/Hermes/hermes_ws/install/hermes_interfaces/share/hermes_interfaces/msg/GpsFixed.msg
[3.400s] -- Up-to-date: /home/hermes/Hermes/hermes_ws/install/hermes_interfaces/share/ament_index/resource_index/package_run_dependencies/hermes_interfaces
[3.401s] -- Up-to-date: /home/hermes/Hermes/hermes_ws/install/hermes_interfaces/share/ament_index/resource_index/parent_prefix_path/hermes_interfaces
[3.401s] -- Up-to-date: /home/hermes/Hermes/hermes_ws/install/hermes_interfaces/share/hermes_interfaces/environment/ament_prefix_path.sh
[3.401s] -- Up-to-date: /home/hermes/Hermes/hermes_ws/install/hermes_interfaces/share/hermes_interfaces/environment/ament_prefix_path.dsv
[3.401s] -- Up-to-date: /home/hermes/Hermes/hermes_ws/install/hermes_interfaces/share/hermes_interfaces/environment/path.sh
[3.402s] -- Up-to-date: /home/hermes/Hermes/hermes_ws/install/hermes_interfaces/share/hermes_interfaces/environment/path.dsv
[3.402s] -- Up-to-date: /home/hermes/Hermes/hermes_ws/install/hermes_interfaces/share/hermes_interfaces/local_setup.bash
[3.402s] -- Up-to-date: /home/hermes/Hermes/hermes_ws/install/hermes_interfaces/share/hermes_interfaces/local_setup.sh
[3.403s] -- Up-to-date: /home/hermes/Hermes/hermes_ws/install/hermes_interfaces/share/hermes_interfaces/local_setup.zsh
[3.403s] -- Up-to-date: /home/hermes/Hermes/hermes_ws/install/hermes_interfaces/share/hermes_interfaces/local_setup.dsv
[3.404s] -- Installing: /home/hermes/Hermes/hermes_ws/install/hermes_interfaces/share/hermes_interfaces/package.dsv
[3.405s] -- Up-to-date: /home/hermes/Hermes/hermes_ws/install/hermes_interfaces/share/ament_index/resource_index/packages/hermes_interfaces
[3.405s] -- Up-to-date: /home/hermes/Hermes/hermes_ws/install/hermes_interfaces/share/hermes_interfaces/cmake/export_hermes_interfaces__rosidl_generator_cExport.cmake
[3.406s] -- Up-to-date: /home/hermes/Hermes/hermes_ws/install/hermes_interfaces/share/hermes_interfaces/cmake/export_hermes_interfaces__rosidl_generator_cExport-noconfig.cmake
[3.406s] -- Up-to-date: /home/hermes/Hermes/hermes_ws/install/hermes_interfaces/share/hermes_interfaces/cmake/export_hermes_interfaces__rosidl_typesupport_fastrtps_cExport.cmake
[3.407s] -- Up-to-date: /home/hermes/Hermes/hermes_ws/install/hermes_interfaces/share/hermes_interfaces/cmake/export_hermes_interfaces__rosidl_typesupport_fastrtps_cExport-noconfig.cmake
[3.407s] -- Up-to-date: /home/hermes/Hermes/hermes_ws/install/hermes_interfaces/share/hermes_interfaces/cmake/hermes_interfaces__rosidl_typesupport_introspection_cExport.cmake
[3.408s] -- Up-to-date: /home/hermes/Hermes/hermes_ws/install/hermes_interfaces/share/hermes_interfaces/cmake/hermes_interfaces__rosidl_typesupport_introspection_cExport-noconfig.cmake
[3.408s] -- Up-to-date: /home/hermes/Hermes/hermes_ws/install/hermes_interfaces/share/hermes_interfaces/cmake/hermes_interfaces__rosidl_typesupport_cExport.cmake
[3.409s] -- Up-to-date: /home/hermes/Hermes/hermes_ws/install/hermes_interfaces/share/hermes_interfaces/cmake/hermes_interfaces__rosidl_typesupport_cExport-noconfig.cmake
[3.410s] -- Up-to-date: /home/hermes/Hermes/hermes_ws/install/hermes_interfaces/share/hermes_interfaces/cmake/export_hermes_interfaces__rosidl_generator_cppExport.cmake
[3.410s] -- Up-to-date: /home/hermes/Hermes/hermes_ws/install/hermes_interfaces/share/hermes_interfaces/cmake/export_hermes_interfaces__rosidl_typesupport_fastrtps_cppExport.cmake
[3.410s] -- Up-to-date: /home/hermes/Hermes/hermes_ws/install/hermes_interfaces/share/hermes_interfaces/cmake/export_hermes_interfaces__rosidl_typesupport_fastrtps_cppExport-noconfig.cmake
[3.411s] -- Up-to-date: /home/hermes/Hermes/hermes_ws/install/hermes_interfaces/share/hermes_interfaces/cmake/hermes_interfaces__rosidl_typesupport_introspection_cppExport.cmake
[3.411s] -- Up-to-date: /home/hermes/Hermes/hermes_ws/install/hermes_interfaces/share/hermes_interfaces/cmake/hermes_interfaces__rosidl_typesupport_introspection_cppExport-noconfig.cmake
[3.412s] -- Up-to-date: /home/hermes/Hermes/hermes_ws/install/hermes_interfaces/share/hermes_interfaces/cmake/hermes_interfaces__rosidl_typesupport_cppExport.cmake
[3.412s] -- Up-to-date: /home/hermes/Hermes/hermes_ws/install/hermes_interfaces/share/hermes_interfaces/cmake/hermes_interfaces__rosidl_typesupport_cppExport-noconfig.cmake
[3.412s] -- Up-to-date: /home/hermes/Hermes/hermes_ws/install/hermes_interfaces/share/hermes_interfaces/cmake/export_hermes_interfaces__rosidl_generator_pyExport.cmake
[3.413s] -- Up-to-date: /home/hermes/Hermes/hermes_ws/install/hermes_interfaces/share/hermes_interfaces/cmake/export_hermes_interfaces__rosidl_generator_pyExport-noconfig.cmake
[3.413s] -- Up-to-date: /home/hermes/Hermes/hermes_ws/install/hermes_interfaces/share/hermes_interfaces/cmake/rosidl_cmake-extras.cmake
[3.414s] -- Up-to-date: /home/hermes/Hermes/hermes_ws/install/hermes_interfaces/share/hermes_interfaces/cmake/ament_cmake_export_include_directories-extras.cmake
[3.414s] -- Up-to-date: /home/hermes/Hermes/hermes_ws/install/hermes_interfaces/share/hermes_interfaces/cmake/ament_cmake_export_libraries-extras.cmake
[3.414s] -- Up-to-date: /home/hermes/Hermes/hermes_ws/install/hermes_interfaces/share/hermes_interfaces/cmake/ament_cmake_export_targets-extras.cmake
[3.414s] -- Up-to-date: /home/hermes/Hermes/hermes_ws/install/hermes_interfaces/share/hermes_interfaces/cmake/rosidl_cmake_export_typesupport_targets-extras.cmake
[3.414s] -- Up-to-date: /home/hermes/Hermes/hermes_ws/install/hermes_interfaces/share/hermes_interfaces/cmake/ament_cmake_export_dependencies-extras.cmake
[3.414s] -- Up-to-date: /home/hermes/Hermes/hermes_ws/install/hermes_interfaces/share/hermes_interfaces/cmake/rosidl_cmake_export_typesupport_libraries-extras.cmake
[3.415s] -- Up-to-date: /home/hermes/Hermes/hermes_ws/install/hermes_interfaces/share/hermes_interfaces/cmake/hermes_interfacesConfig.cmake
[3.415s] -- Up-to-date: /home/hermes/Hermes/hermes_ws/install/hermes_interfaces/share/hermes_interfaces/cmake/hermes_interfacesConfig-version.cmake
[3.415s] -- Up-to-date: /home/hermes/Hermes/hermes_ws/install/hermes_interfaces/share/hermes_interfaces/package.xml
[4.626s] Invoked command in '/home/hermes/Hermes/hermes_ws/build/hermes_interfaces' returned '0': CMAKE_PREFIX_PATH=${CMAKE_PREFIX_PATH}:/home/hermes/Hermes/hermes_ws/install/tof_publisher:/home/hermes/Hermes/hermes_ws/install/teleop_control:/home/hermes/Hermes/hermes_ws/install/robot_model:/home/hermes/Hermes/hermes_ws/install/odometry:/home/hermes/Hermes/hermes_ws/install/my_robot_description:/home/hermes/Hermes/hermes_ws/install/lidar_publisher:/home/hermes/Hermes/hermes_ws/install/launch_files:/home/hermes/Hermes/hermes_ws/install/imu_publisher:/home/hermes/Hermes/hermes_ws/install/cmd_vel:/home/hermes/Hermes/hermes_ws/install/cameras:/home/hermes/Downloads/hermes/ros2_ws/src/install/ros2_video_stream_pkg:/opt/ros/humble /usr/bin/cmake --install /home/hermes/Hermes/hermes_ws/build/hermes_interfaces
