/home/hermes/.local/lib/python3.10/site-packages/setuptools/_distutils/dist.py:261: UserWarning: Unknown distribution option: 'tests_require'
  warnings.warn(msg)
running develop
/home/hermes/.local/lib/python3.10/site-packages/setuptools/command/develop.py:41: EasyInstallDeprecationWarning: easy_install command is deprecated.
!!

        ********************************************************************************
        Please avoid running ``setup.py`` and ``easy_install``.
        Instead, use pypa/build, pypa/installer or other
        standards-based tools.

        See https://github.com/pypa/setuptools/issues/917 for details.
        ********************************************************************************

!!
  easy_install.initialize_options(self)
running egg_info
writing hermes_nav.egg-info/PKG-INFO
writing dependency_links to hermes_nav.egg-info/dependency_links.txt
writing entry points to hermes_nav.egg-info/entry_points.txt
writing requirements to hermes_nav.egg-info/requires.txt
writing top-level names to hermes_nav.egg-info/top_level.txt
reading manifest file 'hermes_nav.egg-info/SOURCES.txt'
writing manifest file 'hermes_nav.egg-info/SOURCES.txt'
running build_ext
Creating /home/hermes/Hermes/hermes_ws/install/hermes_nav/lib/python3.10/site-packages/hermes-nav.egg-link (link to .)
Installing gps_converter_node script to /home/hermes/Hermes/hermes_ws/install/hermes_nav/lib/hermes_nav
Installing gps_waypoint_logger script to /home/hermes/Hermes/hermes_ws/install/hermes_nav/lib/hermes_nav
Installing interactive_waypoint_follower script to /home/hermes/Hermes/hermes_ws/install/hermes_nav/lib/hermes_nav
Installing logged_waypoint_follower script to /home/hermes/Hermes/hermes_ws/install/hermes_nav/lib/hermes_nav

Installed /home/hermes/Hermes/hermes_ws/build/hermes_nav
running symlink_data
symbolically linking /home/hermes/Hermes/hermes_ws/build/hermes_nav/resource/hermes_nav -> /home/hermes/Hermes/hermes_ws/install/hermes_nav/share/ament_index/resource_index/packages
symbolically linking /home/hermes/Hermes/hermes_ws/build/hermes_nav/package.xml -> /home/hermes/Hermes/hermes_ws/install/hermes_nav/share/hermes_nav
symbolically linking /home/hermes/Hermes/hermes_ws/build/hermes_nav/launch/launch_sim.launch.py -> /home/hermes/Hermes/hermes_ws/install/hermes_nav/share/hermes_nav/launch
symbolically linking /home/hermes/Hermes/hermes_ws/build/hermes_nav/launch/dual_ekf_navsat.launch.py -> /home/hermes/Hermes/hermes_ws/install/hermes_nav/share/hermes_nav/launch
symbolically linking /home/hermes/Hermes/hermes_ws/build/hermes_nav/launch/gps_waypoint_follower.launch.py -> /home/hermes/Hermes/hermes_ws/install/hermes_nav/share/hermes_nav/launch
symbolically linking /home/hermes/Hermes/hermes_ws/build/hermes_nav/launch/mapviz.launch.py -> /home/hermes/Hermes/hermes_ws/install/hermes_nav/share/hermes_nav/launch
symbolically linking /home/hermes/Hermes/hermes_ws/build/hermes_nav/launch/gazebo_gps_world_hermes.launch.py -> /home/hermes/Hermes/hermes_ws/install/hermes_nav/share/hermes_nav/launch
symbolically linking /home/hermes/Hermes/hermes_ws/build/hermes_nav/launch/rsp.launch.py -> /home/hermes/Hermes/hermes_ws/install/hermes_nav/share/hermes_nav/launch
