[3.669s] Invoking command in '/home/hermes/Hermes/hermes_ws/build/hermes_nav': PYTHONPATH=/home/hermes/Hermes/hermes_ws/build/hermes_nav/prefix_override:/usr/lib/python3/dist-packages/colcon_core/task/python/colcon_distutils_commands:/home/hermes/Hermes/hermes_ws/install/hermes_nav/lib/python3.10/site-packages:${PYTHONPATH} /usr/bin/python3 -W ignore:setup.py install is deprecated setup.py develop --editable --build-directory /home/hermes/Hermes/hermes_ws/build/hermes_nav/build --no-deps symlink_data --force
[4.151s] /home/hermes/.local/lib/python3.10/site-packages/setuptools/_distutils/dist.py:261: UserWarning: Unknown distribution option: 'tests_require'
[4.151s]   warnings.warn(msg)
[4.769s] running develop
[4.775s] /home/hermes/.local/lib/python3.10/site-packages/setuptools/command/develop.py:41: EasyInstallDeprecationWarning: easy_install command is deprecated.
[4.775s] !!
[4.776s] 
[4.776s]         ********************************************************************************
[4.776s]         Please avoid running ``setup.py`` and ``easy_install``.
[4.776s]         Instead, use pypa/build, pypa/installer or other
[4.776s]         standards-based tools.
[4.776s] 
[4.777s]         See https://github.com/pypa/setuptools/issues/917 for details.
[4.777s]         ********************************************************************************
[4.777s] 
[4.777s] !!
[4.777s]   easy_install.initialize_options(self)
[5.545s] running egg_info
[5.601s] writing hermes_nav.egg-info/PKG-INFO
[5.618s] writing dependency_links to hermes_nav.egg-info/dependency_links.txt
[5.619s] writing entry points to hermes_nav.egg-info/entry_points.txt
[5.620s] writing requirements to hermes_nav.egg-info/requires.txt
[5.621s] writing top-level names to hermes_nav.egg-info/top_level.txt
[5.728s] reading manifest file 'hermes_nav.egg-info/SOURCES.txt'
[5.735s] writing manifest file 'hermes_nav.egg-info/SOURCES.txt'
[5.786s] running build_ext
[5.788s] Creating /home/hermes/Hermes/hermes_ws/install/hermes_nav/lib/python3.10/site-packages/hermes-nav.egg-link (link to .)
[5.792s] Installing gps_converter_node script to /home/hermes/Hermes/hermes_ws/install/hermes_nav/lib/hermes_nav
[5.795s] Installing gps_waypoint_logger script to /home/hermes/Hermes/hermes_ws/install/hermes_nav/lib/hermes_nav
[5.797s] Installing interactive_waypoint_follower script to /home/hermes/Hermes/hermes_ws/install/hermes_nav/lib/hermes_nav
[5.799s] Installing logged_waypoint_follower script to /home/hermes/Hermes/hermes_ws/install/hermes_nav/lib/hermes_nav
[5.802s] 
[5.803s] Installed /home/hermes/Hermes/hermes_ws/build/hermes_nav
[5.806s] running symlink_data
[5.808s] symbolically linking /home/hermes/Hermes/hermes_ws/build/hermes_nav/resource/hermes_nav -> /home/hermes/Hermes/hermes_ws/install/hermes_nav/share/ament_index/resource_index/packages
[5.811s] symbolically linking /home/hermes/Hermes/hermes_ws/build/hermes_nav/package.xml -> /home/hermes/Hermes/hermes_ws/install/hermes_nav/share/hermes_nav
[5.814s] symbolically linking /home/hermes/Hermes/hermes_ws/build/hermes_nav/launch/launch_sim.launch.py -> /home/hermes/Hermes/hermes_ws/install/hermes_nav/share/hermes_nav/launch
[5.816s] symbolically linking /home/hermes/Hermes/hermes_ws/build/hermes_nav/launch/dual_ekf_navsat.launch.py -> /home/hermes/Hermes/hermes_ws/install/hermes_nav/share/hermes_nav/launch
[5.818s] symbolically linking /home/hermes/Hermes/hermes_ws/build/hermes_nav/launch/gps_waypoint_follower.launch.py -> /home/hermes/Hermes/hermes_ws/install/hermes_nav/share/hermes_nav/launch
[5.820s] symbolically linking /home/hermes/Hermes/hermes_ws/build/hermes_nav/launch/mapviz.launch.py -> /home/hermes/Hermes/hermes_ws/install/hermes_nav/share/hermes_nav/launch
[5.823s] symbolically linking /home/hermes/Hermes/hermes_ws/build/hermes_nav/launch/gazebo_gps_world_hermes.launch.py -> /home/hermes/Hermes/hermes_ws/install/hermes_nav/share/hermes_nav/launch
[5.825s] symbolically linking /home/hermes/Hermes/hermes_ws/build/hermes_nav/launch/rsp.launch.py -> /home/hermes/Hermes/hermes_ws/install/hermes_nav/share/hermes_nav/launch
[5.985s] Invoked command in '/home/hermes/Hermes/hermes_ws/build/hermes_nav' returned '0': PYTHONPATH=/home/hermes/Hermes/hermes_ws/build/hermes_nav/prefix_override:/usr/lib/python3/dist-packages/colcon_core/task/python/colcon_distutils_commands:/home/hermes/Hermes/hermes_ws/install/hermes_nav/lib/python3.10/site-packages:${PYTHONPATH} /usr/bin/python3 -W ignore:setup.py install is deprecated setup.py develop --editable --build-directory /home/hermes/Hermes/hermes_ws/build/hermes_nav/build --no-deps symlink_data --force
