[0.007s] Invoking command in '/home/aleksmalm/Hermes/hermes_ws/build/ldlidar_node': CMAKE_PREFIX_PATH=/home/aleksmalm/Hermes/hermes_ws/install/ldlidar_component:/home/aleksmalm/Hermes/hermes_ws/install/ldlidar:/home/aleksmalm/Hermes/hermes_ws/install/ldlidar_node:/home/aleksmalm/Hermes/hermes_ws/install/hermes_urdf:/home/aleksmalm/Hermes/hermes_ws/install/hermes_interfaces:/home/aleksmalm/Hermes/hermes_ws/install/tof_publisher:/home/aleksmalm/Hermes/hermes_ws/install/teleop_control:/home/aleksmalm/Hermes/hermes_ws/install/robot_localization_pkg:/home/aleksmalm/Hermes/hermes_ws/install/path_creator:/home/aleksmalm/Hermes/hermes_ws/install/my_tf2_broadcaster:/home/aleksmalm/Hermes/hermes_ws/install/icm20948_publisher:/home/aleksmalm/Hermes/hermes_ws/install/hermes_nav:/home/aleksmalm/Hermes/hermes_ws/install/gps_publisher:/home/aleksmalm/Hermes/hermes_ws/install/cmd_vel:/home/aleksmalm/Hermes/hermes_ws/install/cameras:/opt/ros/humble /usr/bin/cmake --build /home/aleksmalm/Hermes/hermes_ws/build/ldlidar_node -- -j12 -l12
[0.028s] --  * Release Mode
[0.028s] -- * Found ROS2 humble
[0.028s] -- * ROS2 humble is officially supported by this package.
[0.029s] -- Found ament_cmake: 1.3.9 (/opt/ros/humble/share/ament_cmake/cmake)
[0.120s] -- Found rclcpp: 16.0.9 (/opt/ros/humble/share/rclcpp/cmake)
[0.136s] -- Found rosidl_generator_c: 3.1.5 (/opt/ros/humble/share/rosidl_generator_c/cmake)
[0.138s] -- Found rosidl_adapter: 3.1.5 (/opt/ros/humble/share/rosidl_adapter/cmake)
[0.141s] -- Found rosidl_generator_cpp: 3.1.5 (/opt/ros/humble/share/rosidl_generator_cpp/cmake)
[0.148s] -- Using all available rosidl_typesupport_c: rosidl_typesupport_fastrtps_c;rosidl_typesupport_introspection_c
[0.157s] -- Using all available rosidl_typesupport_cpp: rosidl_typesupport_fastrtps_cpp;rosidl_typesupport_introspection_cpp
[0.190s] -- Found rmw_implementation_cmake: 6.1.2 (/opt/ros/humble/share/rmw_implementation_cmake/cmake)
[0.191s] -- Found rmw_fastrtps_cpp: 6.2.6 (/opt/ros/humble/share/rmw_fastrtps_cpp/cmake)
[0.273s] -- Using RMW implementation 'rmw_fastrtps_cpp' as default
[0.364s] -- Found rclcpp_components: 16.0.9 (/opt/ros/humble/share/rclcpp_components/cmake)
[0.397s] -- Found rclcpp_lifecycle: 16.0.9 (/opt/ros/humble/share/rclcpp_lifecycle/cmake)
[0.418s] -- Found ldlidar_component: 0.2.0 (/home/aleksmalm/Hermes/hermes_ws/install/ldlidar_component/share/ldlidar_component/cmake)
[0.866s] -- Found eigen3_cmake_module: 0.1.1 (/opt/ros/humble/share/eigen3_cmake_module/cmake)
[0.867s] -- Ensuring Eigen3 include directory is part of orocos-kdl CMake target
[1.465s] -- Found ament_lint_auto: 0.12.11 (/opt/ros/humble/share/ament_lint_auto/cmake)
[1.529s] -- Found python_cmake_module: 0.10.0 (/opt/ros/humble/share/python_cmake_module/cmake)
[1.549s] -- Using PYTHON_EXECUTABLE: /usr/bin/python3
[1.549s] -- Using PYTHON_INCLUDE_DIRS: /usr/include/python3.10
[1.549s] -- Using PYTHON_LIBRARIES: /usr/lib/x86_64-linux-gnu/libpython3.10.so
[1.551s] -- Added test 'copyright' to check source files copyright and LICENSE
[1.551s] -- Added test 'cppcheck' to perform static code analysis on C / C++ code
[1.552s] -- Configured cppcheck include dirs: 
[1.552s] -- Configured cppcheck exclude dirs and/or files: 
[1.552s] -- Added test 'cpplint' to check C / C++ code against the Google style
[1.552s] -- Configured cpplint exclude dirs and/or files: 
[1.552s] -- Added test 'flake8' to check Python code syntax and style conventions
[1.552s] -- Added test 'lint_cmake' to check CMake code style
[1.553s] -- Added test 'pep257' to check Python code against some of the docstring style conventions in PEP 257
[1.553s] -- Added test 'uncrustify' to check C / C++ code style
[1.553s] -- Configured uncrustify additional arguments: 
[1.553s] -- Added test 'xmllint' to check XML markup files
[1.554s] -- Configuring done
[1.570s] -- Generating done
[1.571s] -- Build files have been written to: /home/aleksmalm/Hermes/hermes_ws/build/ldlidar_node
[1.590s] [35m[1mConsolidate compiler generated dependencies of target ldlidar_node[0m
[1.603s] [ 50%] [32mBuilding CXX object CMakeFiles/ldlidar_node.dir/src/ldlidar_container_node.cpp.o[0m
[3.638s] [100%] [32m[1mLinking CXX executable ldlidar_node[0m
[3.756s] [100%] Built target ldlidar_node
[3.765s] Invoked command in '/home/aleksmalm/Hermes/hermes_ws/build/ldlidar_node' returned '0': CMAKE_PREFIX_PATH=/home/aleksmalm/Hermes/hermes_ws/install/ldlidar_component:/home/aleksmalm/Hermes/hermes_ws/install/ldlidar:/home/aleksmalm/Hermes/hermes_ws/install/ldlidar_node:/home/aleksmalm/Hermes/hermes_ws/install/hermes_urdf:/home/aleksmalm/Hermes/hermes_ws/install/hermes_interfaces:/home/aleksmalm/Hermes/hermes_ws/install/tof_publisher:/home/aleksmalm/Hermes/hermes_ws/install/teleop_control:/home/aleksmalm/Hermes/hermes_ws/install/robot_localization_pkg:/home/aleksmalm/Hermes/hermes_ws/install/path_creator:/home/aleksmalm/Hermes/hermes_ws/install/my_tf2_broadcaster:/home/aleksmalm/Hermes/hermes_ws/install/icm20948_publisher:/home/aleksmalm/Hermes/hermes_ws/install/hermes_nav:/home/aleksmalm/Hermes/hermes_ws/install/gps_publisher:/home/aleksmalm/Hermes/hermes_ws/install/cmd_vel:/home/aleksmalm/Hermes/hermes_ws/install/cameras:/opt/ros/humble /usr/bin/cmake --build /home/aleksmalm/Hermes/hermes_ws/build/ldlidar_node -- -j12 -l12
[3.786s] Invoking command in '/home/aleksmalm/Hermes/hermes_ws/build/ldlidar_node': CMAKE_PREFIX_PATH=/home/aleksmalm/Hermes/hermes_ws/install/ldlidar_component:/home/aleksmalm/Hermes/hermes_ws/install/ldlidar:/home/aleksmalm/Hermes/hermes_ws/install/ldlidar_node:/home/aleksmalm/Hermes/hermes_ws/install/hermes_urdf:/home/aleksmalm/Hermes/hermes_ws/install/hermes_interfaces:/home/aleksmalm/Hermes/hermes_ws/install/tof_publisher:/home/aleksmalm/Hermes/hermes_ws/install/teleop_control:/home/aleksmalm/Hermes/hermes_ws/install/robot_localization_pkg:/home/aleksmalm/Hermes/hermes_ws/install/path_creator:/home/aleksmalm/Hermes/hermes_ws/install/my_tf2_broadcaster:/home/aleksmalm/Hermes/hermes_ws/install/icm20948_publisher:/home/aleksmalm/Hermes/hermes_ws/install/hermes_nav:/home/aleksmalm/Hermes/hermes_ws/install/gps_publisher:/home/aleksmalm/Hermes/hermes_ws/install/cmd_vel:/home/aleksmalm/Hermes/hermes_ws/install/cameras:/opt/ros/humble /usr/bin/cmake --install /home/aleksmalm/Hermes/hermes_ws/build/ldlidar_node
[3.792s] -- Install configuration: "Release"
[3.792s] -- Installing: /home/aleksmalm/Hermes/hermes_ws/install/ldlidar_node/lib/ldlidar_node/ldlidar_node
[3.792s] -- Set runtime path of "/home/aleksmalm/Hermes/hermes_ws/install/ldlidar_node/lib/ldlidar_node/ldlidar_node" to ""
[3.792s] -- Up-to-date: /home/aleksmalm/Hermes/hermes_ws/install/ldlidar_node/share/ldlidar_node/params
[3.792s] -- Up-to-date: /home/aleksmalm/Hermes/hermes_ws/install/ldlidar_node/share/ldlidar_node/params/lifecycle_mgr_slam.yaml
[3.792s] -- Up-to-date: /home/aleksmalm/Hermes/hermes_ws/install/ldlidar_node/share/ldlidar_node/params/slam_toolbox.yaml
[3.793s] -- Up-to-date: /home/aleksmalm/Hermes/hermes_ws/install/ldlidar_node/share/ldlidar_node/params/ldlidar.yaml
[3.793s] -- Up-to-date: /home/aleksmalm/Hermes/hermes_ws/install/ldlidar_node/share/ldlidar_node/params/lifecycle_mgr.yaml
[3.793s] -- Up-to-date: /home/aleksmalm/Hermes/hermes_ws/install/ldlidar_node/share/ldlidar_node/config
[3.793s] -- Up-to-date: /home/aleksmalm/Hermes/hermes_ws/install/ldlidar_node/share/ldlidar_node/config/ldlidar.rviz
[3.793s] -- Up-to-date: /home/aleksmalm/Hermes/hermes_ws/install/ldlidar_node/share/ldlidar_node/config/ldlidar_slam.rviz
[3.793s] -- Up-to-date: /home/aleksmalm/Hermes/hermes_ws/install/ldlidar_node/share/ldlidar_node/urdf
[3.793s] -- Up-to-date: /home/aleksmalm/Hermes/hermes_ws/install/ldlidar_node/share/ldlidar_node/urdf/model
[3.793s] -- Up-to-date: /home/aleksmalm/Hermes/hermes_ws/install/ldlidar_node/share/ldlidar_node/urdf/model/LD19.stl
[3.794s] -- Up-to-date: /home/aleksmalm/Hermes/hermes_ws/install/ldlidar_node/share/ldlidar_node/urdf/ldlidar_descr.urdf.xml
[3.794s] -- Up-to-date: /home/aleksmalm/Hermes/hermes_ws/install/ldlidar_node/share/ldlidar_node/launch
[3.794s] -- Up-to-date: /home/aleksmalm/Hermes/hermes_ws/install/ldlidar_node/share/ldlidar_node/launch/ldlidar_slam.launch.py
[3.794s] -- Up-to-date: /home/aleksmalm/Hermes/hermes_ws/install/ldlidar_node/share/ldlidar_node/launch/ldlidar.launch.py
[3.795s] -- Up-to-date: /home/aleksmalm/Hermes/hermes_ws/install/ldlidar_node/share/ldlidar_node/launch/ldlidar_with_mgr.launch.py
[3.795s] -- Up-to-date: /home/aleksmalm/Hermes/hermes_ws/install/ldlidar_node/share/ldlidar_node/launch/ldlidar_rviz2.launch.py
[3.795s] -- Up-to-date: /home/aleksmalm/Hermes/hermes_ws/install/ldlidar_node/share/ament_index/resource_index/package_run_dependencies/ldlidar_node
[3.795s] -- Up-to-date: /home/aleksmalm/Hermes/hermes_ws/install/ldlidar_node/share/ament_index/resource_index/parent_prefix_path/ldlidar_node
[3.795s] -- Installing: /home/aleksmalm/Hermes/hermes_ws/install/ldlidar_node/share/ldlidar_node/environment/ament_prefix_path.sh
[3.795s] -- Installing: /home/aleksmalm/Hermes/hermes_ws/install/ldlidar_node/share/ldlidar_node/environment/ament_prefix_path.dsv
[3.795s] -- Installing: /home/aleksmalm/Hermes/hermes_ws/install/ldlidar_node/share/ldlidar_node/environment/path.sh
[3.795s] -- Installing: /home/aleksmalm/Hermes/hermes_ws/install/ldlidar_node/share/ldlidar_node/environment/path.dsv
[3.795s] -- Up-to-date: /home/aleksmalm/Hermes/hermes_ws/install/ldlidar_node/share/ldlidar_node/local_setup.bash
[3.796s] -- Up-to-date: /home/aleksmalm/Hermes/hermes_ws/install/ldlidar_node/share/ldlidar_node/local_setup.sh
[3.796s] -- Up-to-date: /home/aleksmalm/Hermes/hermes_ws/install/ldlidar_node/share/ldlidar_node/local_setup.zsh
[3.796s] -- Installing: /home/aleksmalm/Hermes/hermes_ws/install/ldlidar_node/share/ldlidar_node/local_setup.dsv
[3.796s] -- Installing: /home/aleksmalm/Hermes/hermes_ws/install/ldlidar_node/share/ldlidar_node/package.dsv
[3.796s] -- Up-to-date: /home/aleksmalm/Hermes/hermes_ws/install/ldlidar_node/share/ament_index/resource_index/packages/ldlidar_node
[3.797s] -- Up-to-date: /home/aleksmalm/Hermes/hermes_ws/install/ldlidar_node/share/ldlidar_node/cmake/ldlidar_nodeConfig.cmake
[3.797s] -- Up-to-date: /home/aleksmalm/Hermes/hermes_ws/install/ldlidar_node/share/ldlidar_node/cmake/ldlidar_nodeConfig-version.cmake
[3.797s] -- Up-to-date: /home/aleksmalm/Hermes/hermes_ws/install/ldlidar_node/share/ldlidar_node/package.xml
[3.797s] Invoked command in '/home/aleksmalm/Hermes/hermes_ws/build/ldlidar_node' returned '0': CMAKE_PREFIX_PATH=/home/aleksmalm/Hermes/hermes_ws/install/ldlidar_component:/home/aleksmalm/Hermes/hermes_ws/install/ldlidar:/home/aleksmalm/Hermes/hermes_ws/install/ldlidar_node:/home/aleksmalm/Hermes/hermes_ws/install/hermes_urdf:/home/aleksmalm/Hermes/hermes_ws/install/hermes_interfaces:/home/aleksmalm/Hermes/hermes_ws/install/tof_publisher:/home/aleksmalm/Hermes/hermes_ws/install/teleop_control:/home/aleksmalm/Hermes/hermes_ws/install/robot_localization_pkg:/home/aleksmalm/Hermes/hermes_ws/install/path_creator:/home/aleksmalm/Hermes/hermes_ws/install/my_tf2_broadcaster:/home/aleksmalm/Hermes/hermes_ws/install/icm20948_publisher:/home/aleksmalm/Hermes/hermes_ws/install/hermes_nav:/home/aleksmalm/Hermes/hermes_ws/install/gps_publisher:/home/aleksmalm/Hermes/hermes_ws/install/cmd_vel:/home/aleksmalm/Hermes/hermes_ws/install/cameras:/opt/ros/humble /usr/bin/cmake --install /home/aleksmalm/Hermes/hermes_ws/build/ldlidar_node
