[0.585s] Invoking command in '/home/aleksmalm/Hermes/hermes_ws/build/hermes_interfaces': CMAKE_PREFIX_PATH=${CMAKE_PREFIX_PATH}:/home/aleksmalm/Hermes/hermes_ws/install/tof_publisher:/home/aleksmalm/Hermes/hermes_ws/install/teleop_control:/home/aleksmalm/Hermes/hermes_ws/install/robot_localization_pkg:/home/aleksmalm/Hermes/hermes_ws/install/path_creator:/home/aleksmalm/Hermes/hermes_ws/install/my_tf2_broadcaster:/home/aleksmalm/Hermes/hermes_ws/install/icm20948_publisher:/home/aleksmalm/Hermes/hermes_ws/install/hermes_nav:/home/aleksmalm/Hermes/hermes_ws/install/gps_publisher:/home/aleksmalm/Hermes/hermes_ws/install/cmd_vel:/home/aleksmalm/Hermes/hermes_ws/install/cameras:/opt/ros/humble /usr/bin/cmake --build /home/aleksmalm/Hermes/hermes_ws/build/hermes_interfaces -- -j12 -l12
[1.662s] -- Found ament_cmake: 1.3.9 (/opt/ros/humble/share/ament_cmake/cmake)
[1.662s] -- Found rosidl_default_generators: 1.2.0 (/opt/ros/humble/share/rosidl_default_generators/cmake)
[1.662s] -- Using all available rosidl_typesupport_c: rosidl_typesupport_fastrtps_c;rosidl_typesupport_introspection_c
[1.662s] -- Found rosidl_adapter: 3.1.5 (/opt/ros/humble/share/rosidl_adapter/cmake)
[1.662s] -- Using all available rosidl_typesupport_cpp: rosidl_typesupport_fastrtps_cpp;rosidl_typesupport_introspection_cpp
[1.662s] -- Found ament_cmake_ros: 0.10.0 (/opt/ros/humble/share/ament_cmake_ros/cmake)
[1.662s] -- Using all available rosidl_typesupport_c: rosidl_typesupport_fastrtps_c;rosidl_typesupport_introspection_c
[1.662s] -- Using all available rosidl_typesupport_cpp: rosidl_typesupport_fastrtps_cpp;rosidl_typesupport_introspection_cpp
[1.662s] -- Found python_cmake_module: 0.10.0 (/opt/ros/humble/share/python_cmake_module/cmake)
[1.662s] -- Using PYTHON_EXECUTABLE: /usr/bin/python3
[1.662s] -- Using PYTHON_INCLUDE_DIRS: /usr/include/python3.10
[1.662s] -- Using PYTHON_LIBRARIES: /usr/lib/x86_64-linux-gnu/libpython3.10.so
[1.662s] -- Found ament_lint_auto: 0.12.11 (/opt/ros/humble/share/ament_lint_auto/cmake)
[1.662s] -- Added test 'lint_cmake' to check CMake code style
[1.663s] -- Added test 'xmllint' to check XML markup files
[1.663s] -- Configuring done
[1.663s] -- Generating done
[1.663s] -- Build files have been written to: /home/aleksmalm/Hermes/hermes_ws/build/hermes_interfaces
[1.663s] [35m[1mConsolidate compiler generated dependencies of target hermes_interfaces__rosidl_generator_c[0m
[1.663s] [  3%] [32mBuilding C object CMakeFiles/hermes_interfaces__rosidl_generator_c.dir/rosidl_generator_c/hermes_interfaces/msg/detail/gps_fixed__functions.c.o[0m
[1.663s] [  6%] Built target hermes_interfaces__cpp
[1.663s] [  6%] Built target ament_cmake_python_copy_hermes_interfaces
[1.663s] [35m[1mConsolidate compiler generated dependencies of target hermes_interfaces__rosidl_typesupport_fastrtps_cpp[0m
[1.663s] [35m[1mConsolidate compiler generated dependencies of target hermes_interfaces__rosidl_typesupport_cpp[0m
[1.663s] [35m[1mConsolidate compiler generated dependencies of target hermes_interfaces__rosidl_typesupport_introspection_cpp[0m
[1.663s] [  9%] [32mBuilding CXX object CMakeFiles/hermes_interfaces__rosidl_typesupport_fastrtps_cpp.dir/rosidl_typesupport_fastrtps_cpp/hermes_interfaces/msg/detail/dds_fastrtps/gps_fixed__type_support.cpp.o[0m
[1.663s] [ 12%] [32mBuilding CXX object CMakeFiles/hermes_interfaces__rosidl_typesupport_introspection_cpp.dir/rosidl_typesupport_introspection_cpp/hermes_interfaces/msg/detail/gps_fixed__type_support.cpp.o[0m
[1.663s] [ 16%] [32mBuilding CXX object CMakeFiles/hermes_interfaces__rosidl_typesupport_cpp.dir/rosidl_typesupport_cpp/hermes_interfaces/msg/gps_fixed__type_support.cpp.o[0m
[1.663s] [ 19%] [32m[1mLinking C shared library libhermes_interfaces__rosidl_generator_c.so[0m
[1.663s] [ 22%] Built target hermes_interfaces__rosidl_generator_c
[1.664s] [35m[1mConsolidate compiler generated dependencies of target hermes_interfaces__rosidl_typesupport_c[0m
[1.664s] [35m[1mConsolidate compiler generated dependencies of target hermes_interfaces__rosidl_typesupport_introspection_c[0m
[1.664s] [35m[1mConsolidate compiler generated dependencies of target hermes_interfaces__rosidl_typesupport_fastrtps_c[0m
[1.670s] [ 25%] [32mBuilding CXX object CMakeFiles/hermes_interfaces__rosidl_typesupport_c.dir/rosidl_typesupport_c/hermes_interfaces/msg/gps_fixed__type_support.cpp.o[0m
[1.677s] [ 29%] [32mBuilding C object CMakeFiles/hermes_interfaces__rosidl_typesupport_introspection_c.dir/rosidl_typesupport_introspection_c/hermes_interfaces/msg/detail/gps_fixed__type_support.c.o[0m
[1.681s] [ 32%] [32mBuilding CXX object CMakeFiles/hermes_interfaces__rosidl_typesupport_fastrtps_c.dir/rosidl_typesupport_fastrtps_c/hermes_interfaces/msg/detail/gps_fixed__type_support_c.cpp.o[0m
[1.707s] [ 35%] [32m[1mLinking CXX shared library libhermes_interfaces__rosidl_typesupport_c.so[0m
[1.734s] [ 38%] [32m[1mLinking C shared library libhermes_interfaces__rosidl_typesupport_introspection_c.so[0m
[1.774s] [ 41%] Built target hermes_interfaces__rosidl_typesupport_c
[1.782s] [ 45%] Built target hermes_interfaces__rosidl_typesupport_introspection_c
[1.823s] [ 48%] [32m[1mLinking CXX shared library libhermes_interfaces__rosidl_typesupport_cpp.so[0m
[1.869s] [ 51%] Built target hermes_interfaces__rosidl_typesupport_cpp
[1.874s] running egg_info
[1.877s] writing hermes_interfaces.egg-info/PKG-INFO
[1.877s] writing dependency_links to hermes_interfaces.egg-info/dependency_links.txt
[1.877s] writing top-level names to hermes_interfaces.egg-info/top_level.txt
[1.881s] reading manifest file 'hermes_interfaces.egg-info/SOURCES.txt'
[1.881s] writing manifest file 'hermes_interfaces.egg-info/SOURCES.txt'
[1.921s] [ 51%] Built target ament_cmake_python_build_hermes_interfaces_egg
[1.998s] [ 54%] [32m[1mLinking CXX shared library libhermes_interfaces__rosidl_typesupport_fastrtps_c.so[0m
[2.020s] [ 58%] [32m[1mLinking CXX shared library libhermes_interfaces__rosidl_typesupport_fastrtps_cpp.so[0m
[2.072s] [ 61%] [32m[1mLinking CXX shared library libhermes_interfaces__rosidl_typesupport_introspection_cpp.so[0m
[2.089s] [ 64%] Built target hermes_interfaces__rosidl_typesupport_fastrtps_c
[2.153s] [ 67%] Built target hermes_interfaces__rosidl_typesupport_fastrtps_cpp
[2.168s] [ 70%] Built target hermes_interfaces__rosidl_typesupport_introspection_cpp
[2.214s] [ 70%] Built target hermes_interfaces
[2.260s] [ 74%] Built target hermes_interfaces__py
[2.285s] [35m[1mConsolidate compiler generated dependencies of target hermes_interfaces__rosidl_generator_py[0m
[2.320s] [ 77%] [32mBuilding C object CMakeFiles/hermes_interfaces__rosidl_generator_py.dir/rosidl_generator_py/hermes_interfaces/msg/_gps_fixed_s.c.o[0m
[2.538s] [ 80%] [32m[1mLinking C shared library rosidl_generator_py/hermes_interfaces/libhermes_interfaces__rosidl_generator_py.so[0m
[2.594s] [ 80%] Built target hermes_interfaces__rosidl_generator_py
[2.603s] [35m[1mConsolidate compiler generated dependencies of target hermes_interfaces__rosidl_typesupport_c__pyext[0m
[2.608s] [35m[1mConsolidate compiler generated dependencies of target hermes_interfaces__rosidl_typesupport_fastrtps_c__pyext[0m
[2.608s] [35m[1mConsolidate compiler generated dependencies of target hermes_interfaces__rosidl_typesupport_introspection_c__pyext[0m
[2.614s] [ 83%] [32mBuilding C object CMakeFiles/hermes_interfaces__rosidl_typesupport_c__pyext.dir/rosidl_generator_py/hermes_interfaces/_hermes_interfaces_s.ep.rosidl_typesupport_c.c.o[0m
[2.620s] [ 87%] [32mBuilding C object CMakeFiles/hermes_interfaces__rosidl_typesupport_fastrtps_c__pyext.dir/rosidl_generator_py/hermes_interfaces/_hermes_interfaces_s.ep.rosidl_typesupport_fastrtps_c.c.o[0m
[2.622s] [ 90%] [32mBuilding C object CMakeFiles/hermes_interfaces__rosidl_typesupport_introspection_c__pyext.dir/rosidl_generator_py/hermes_interfaces/_hermes_interfaces_s.ep.rosidl_typesupport_introspection_c.c.o[0m
[2.684s] [ 93%] [32m[1mLinking C shared library rosidl_generator_py/hermes_interfaces/hermes_interfaces_s__rosidl_typesupport_c.cpython-310-x86_64-linux-gnu.so[0m
[2.694s] [ 96%] [32m[1mLinking C shared library rosidl_generator_py/hermes_interfaces/hermes_interfaces_s__rosidl_typesupport_fastrtps_c.cpython-310-x86_64-linux-gnu.so[0m
[2.714s] [ 96%] Built target hermes_interfaces__rosidl_typesupport_c__pyext
[2.716s] [100%] [32m[1mLinking C shared library rosidl_generator_py/hermes_interfaces/hermes_interfaces_s__rosidl_typesupport_introspection_c.cpython-310-x86_64-linux-gnu.so[0m
[2.723s] [100%] Built target hermes_interfaces__rosidl_typesupport_fastrtps_c__pyext
[2.744s] [100%] Built target hermes_interfaces__rosidl_typesupport_introspection_c__pyext
[2.805s] Invoked command in '/home/aleksmalm/Hermes/hermes_ws/build/hermes_interfaces' returned '0': CMAKE_PREFIX_PATH=${CMAKE_PREFIX_PATH}:/home/aleksmalm/Hermes/hermes_ws/install/tof_publisher:/home/aleksmalm/Hermes/hermes_ws/install/teleop_control:/home/aleksmalm/Hermes/hermes_ws/install/robot_localization_pkg:/home/aleksmalm/Hermes/hermes_ws/install/path_creator:/home/aleksmalm/Hermes/hermes_ws/install/my_tf2_broadcaster:/home/aleksmalm/Hermes/hermes_ws/install/icm20948_publisher:/home/aleksmalm/Hermes/hermes_ws/install/hermes_nav:/home/aleksmalm/Hermes/hermes_ws/install/gps_publisher:/home/aleksmalm/Hermes/hermes_ws/install/cmd_vel:/home/aleksmalm/Hermes/hermes_ws/install/cameras:/opt/ros/humble /usr/bin/cmake --build /home/aleksmalm/Hermes/hermes_ws/build/hermes_interfaces -- -j12 -l12
[3.131s] Invoking command in '/home/aleksmalm/Hermes/hermes_ws/build/hermes_interfaces': CMAKE_PREFIX_PATH=${CMAKE_PREFIX_PATH}:/home/aleksmalm/Hermes/hermes_ws/install/tof_publisher:/home/aleksmalm/Hermes/hermes_ws/install/teleop_control:/home/aleksmalm/Hermes/hermes_ws/install/robot_localization_pkg:/home/aleksmalm/Hermes/hermes_ws/install/path_creator:/home/aleksmalm/Hermes/hermes_ws/install/my_tf2_broadcaster:/home/aleksmalm/Hermes/hermes_ws/install/icm20948_publisher:/home/aleksmalm/Hermes/hermes_ws/install/hermes_nav:/home/aleksmalm/Hermes/hermes_ws/install/gps_publisher:/home/aleksmalm/Hermes/hermes_ws/install/cmd_vel:/home/aleksmalm/Hermes/hermes_ws/install/cameras:/opt/ros/humble /usr/bin/cmake --install /home/aleksmalm/Hermes/hermes_ws/build/hermes_interfaces
[3.223s] -- Install configuration: ""
[3.223s] -- Up-to-date: /home/aleksmalm/Hermes/hermes_ws/install/hermes_interfaces/share/ament_index/resource_index/rosidl_interfaces/hermes_interfaces
[3.223s] -- Up-to-date: /home/aleksmalm/Hermes/hermes_ws/install/hermes_interfaces/include/hermes_interfaces/hermes_interfaces
[3.223s] -- Up-to-date: /home/aleksmalm/Hermes/hermes_ws/install/hermes_interfaces/include/hermes_interfaces/hermes_interfaces/msg
[3.223s] -- Up-to-date: /home/aleksmalm/Hermes/hermes_ws/install/hermes_interfaces/include/hermes_interfaces/hermes_interfaces/msg/detail
[3.223s] -- Up-to-date: /home/aleksmalm/Hermes/hermes_ws/install/hermes_interfaces/include/hermes_interfaces/hermes_interfaces/msg/detail/gps_fixed__type_support.h
[3.223s] -- Up-to-date: /home/aleksmalm/Hermes/hermes_ws/install/hermes_interfaces/include/hermes_interfaces/hermes_interfaces/msg/detail/gps_fixed__struct.h
[3.223s] -- Up-to-date: /home/aleksmalm/Hermes/hermes_ws/install/hermes_interfaces/include/hermes_interfaces/hermes_interfaces/msg/detail/gps_fixed__functions.c
[3.223s] -- Up-to-date: /home/aleksmalm/Hermes/hermes_ws/install/hermes_interfaces/include/hermes_interfaces/hermes_interfaces/msg/detail/gps_fixed__functions.h
[3.224s] -- Up-to-date: /home/aleksmalm/Hermes/hermes_ws/install/hermes_interfaces/include/hermes_interfaces/hermes_interfaces/msg/gps_fixed.h
[3.224s] -- Up-to-date: /home/aleksmalm/Hermes/hermes_ws/install/hermes_interfaces/include/hermes_interfaces/hermes_interfaces/msg/rosidl_generator_c__visibility_control.h
[3.224s] -- Installing: /home/aleksmalm/Hermes/hermes_ws/install/hermes_interfaces/share/hermes_interfaces/environment/library_path.sh
[3.224s] -- Installing: /home/aleksmalm/Hermes/hermes_ws/install/hermes_interfaces/share/hermes_interfaces/environment/library_path.dsv
[3.224s] -- Installing: /home/aleksmalm/Hermes/hermes_ws/install/hermes_interfaces/lib/libhermes_interfaces__rosidl_generator_c.so
[3.224s] -- Set runtime path of "/home/aleksmalm/Hermes/hermes_ws/install/hermes_interfaces/lib/libhermes_interfaces__rosidl_generator_c.so" to ""
[3.224s] -- Up-to-date: /home/aleksmalm/Hermes/hermes_ws/install/hermes_interfaces/include/hermes_interfaces/hermes_interfaces
[3.224s] -- Up-to-date: /home/aleksmalm/Hermes/hermes_ws/install/hermes_interfaces/include/hermes_interfaces/hermes_interfaces/msg
[3.224s] -- Up-to-date: /home/aleksmalm/Hermes/hermes_ws/install/hermes_interfaces/include/hermes_interfaces/hermes_interfaces/msg/rosidl_typesupport_fastrtps_c__visibility_control.h
[3.224s] -- Up-to-date: /home/aleksmalm/Hermes/hermes_ws/install/hermes_interfaces/include/hermes_interfaces/hermes_interfaces/msg/detail
[3.224s] -- Up-to-date: /home/aleksmalm/Hermes/hermes_ws/install/hermes_interfaces/include/hermes_interfaces/hermes_interfaces/msg/detail/gps_fixed__rosidl_typesupport_fastrtps_c.h
[3.224s] -- Installing: /home/aleksmalm/Hermes/hermes_ws/install/hermes_interfaces/lib/libhermes_interfaces__rosidl_typesupport_fastrtps_c.so
[3.225s] -- Set runtime path of "/home/aleksmalm/Hermes/hermes_ws/install/hermes_interfaces/lib/libhermes_interfaces__rosidl_typesupport_fastrtps_c.so" to ""
[3.225s] -- Up-to-date: /home/aleksmalm/Hermes/hermes_ws/install/hermes_interfaces/include/hermes_interfaces/hermes_interfaces
[3.225s] -- Up-to-date: /home/aleksmalm/Hermes/hermes_ws/install/hermes_interfaces/include/hermes_interfaces/hermes_interfaces/msg
[3.225s] -- Up-to-date: /home/aleksmalm/Hermes/hermes_ws/install/hermes_interfaces/include/hermes_interfaces/hermes_interfaces/msg/rosidl_typesupport_introspection_c__visibility_control.h
[3.225s] -- Up-to-date: /home/aleksmalm/Hermes/hermes_ws/install/hermes_interfaces/include/hermes_interfaces/hermes_interfaces/msg/detail
[3.225s] -- Up-to-date: /home/aleksmalm/Hermes/hermes_ws/install/hermes_interfaces/include/hermes_interfaces/hermes_interfaces/msg/detail/gps_fixed__rosidl_typesupport_introspection_c.h
[3.225s] -- Up-to-date: /home/aleksmalm/Hermes/hermes_ws/install/hermes_interfaces/include/hermes_interfaces/hermes_interfaces/msg/detail/gps_fixed__type_support.c
[3.225s] -- Installing: /home/aleksmalm/Hermes/hermes_ws/install/hermes_interfaces/lib/libhermes_interfaces__rosidl_typesupport_introspection_c.so
[3.225s] -- Set runtime path of "/home/aleksmalm/Hermes/hermes_ws/install/hermes_interfaces/lib/libhermes_interfaces__rosidl_typesupport_introspection_c.so" to ""
[3.225s] -- Installing: /home/aleksmalm/Hermes/hermes_ws/install/hermes_interfaces/lib/libhermes_interfaces__rosidl_typesupport_c.so
[3.225s] -- Set runtime path of "/home/aleksmalm/Hermes/hermes_ws/install/hermes_interfaces/lib/libhermes_interfaces__rosidl_typesupport_c.so" to ""
[3.225s] -- Up-to-date: /home/aleksmalm/Hermes/hermes_ws/install/hermes_interfaces/include/hermes_interfaces/hermes_interfaces
[3.226s] -- Up-to-date: /home/aleksmalm/Hermes/hermes_ws/install/hermes_interfaces/include/hermes_interfaces/hermes_interfaces/msg
[3.226s] -- Up-to-date: /home/aleksmalm/Hermes/hermes_ws/install/hermes_interfaces/include/hermes_interfaces/hermes_interfaces/msg/detail
[3.226s] -- Up-to-date: /home/aleksmalm/Hermes/hermes_ws/install/hermes_interfaces/include/hermes_interfaces/hermes_interfaces/msg/detail/gps_fixed__traits.hpp
[3.226s] -- Up-to-date: /home/aleksmalm/Hermes/hermes_ws/install/hermes_interfaces/include/hermes_interfaces/hermes_interfaces/msg/detail/gps_fixed__struct.hpp
[3.226s] -- Up-to-date: /home/aleksmalm/Hermes/hermes_ws/install/hermes_interfaces/include/hermes_interfaces/hermes_interfaces/msg/detail/gps_fixed__builder.hpp
[3.226s] -- Up-to-date: /home/aleksmalm/Hermes/hermes_ws/install/hermes_interfaces/include/hermes_interfaces/hermes_interfaces/msg/gps_fixed.hpp
[3.226s] -- Up-to-date: /home/aleksmalm/Hermes/hermes_ws/install/hermes_interfaces/include/hermes_interfaces/hermes_interfaces
[3.226s] -- Up-to-date: /home/aleksmalm/Hermes/hermes_ws/install/hermes_interfaces/include/hermes_interfaces/hermes_interfaces/msg
[3.226s] -- Up-to-date: /home/aleksmalm/Hermes/hermes_ws/install/hermes_interfaces/include/hermes_interfaces/hermes_interfaces/msg/rosidl_typesupport_fastrtps_cpp__visibility_control.h
[3.226s] -- Up-to-date: /home/aleksmalm/Hermes/hermes_ws/install/hermes_interfaces/include/hermes_interfaces/hermes_interfaces/msg/detail
[3.226s] -- Up-to-date: /home/aleksmalm/Hermes/hermes_ws/install/hermes_interfaces/include/hermes_interfaces/hermes_interfaces/msg/detail/gps_fixed__rosidl_typesupport_fastrtps_cpp.hpp
[3.227s] -- Installing: /home/aleksmalm/Hermes/hermes_ws/install/hermes_interfaces/include/hermes_interfaces/hermes_interfaces/msg/detail/dds_fastrtps
[3.227s] -- Installing: /home/aleksmalm/Hermes/hermes_ws/install/hermes_interfaces/lib/libhermes_interfaces__rosidl_typesupport_fastrtps_cpp.so
[3.227s] -- Set runtime path of "/home/aleksmalm/Hermes/hermes_ws/install/hermes_interfaces/lib/libhermes_interfaces__rosidl_typesupport_fastrtps_cpp.so" to ""
[3.227s] -- Up-to-date: /home/aleksmalm/Hermes/hermes_ws/install/hermes_interfaces/include/hermes_interfaces/hermes_interfaces
[3.227s] -- Up-to-date: /home/aleksmalm/Hermes/hermes_ws/install/hermes_interfaces/include/hermes_interfaces/hermes_interfaces/msg
[3.227s] -- Up-to-date: /home/aleksmalm/Hermes/hermes_ws/install/hermes_interfaces/include/hermes_interfaces/hermes_interfaces/msg/detail
[3.227s] -- Up-to-date: /home/aleksmalm/Hermes/hermes_ws/install/hermes_interfaces/include/hermes_interfaces/hermes_interfaces/msg/detail/gps_fixed__rosidl_typesupport_introspection_cpp.hpp
[3.227s] -- Up-to-date: /home/aleksmalm/Hermes/hermes_ws/install/hermes_interfaces/include/hermes_interfaces/hermes_interfaces/msg/detail/gps_fixed__type_support.cpp
[3.227s] -- Installing: /home/aleksmalm/Hermes/hermes_ws/install/hermes_interfaces/lib/libhermes_interfaces__rosidl_typesupport_introspection_cpp.so
[3.227s] -- Set runtime path of "/home/aleksmalm/Hermes/hermes_ws/install/hermes_interfaces/lib/libhermes_interfaces__rosidl_typesupport_introspection_cpp.so" to ""
[3.228s] -- Installing: /home/aleksmalm/Hermes/hermes_ws/install/hermes_interfaces/lib/libhermes_interfaces__rosidl_typesupport_cpp.so
[3.228s] -- Set runtime path of "/home/aleksmalm/Hermes/hermes_ws/install/hermes_interfaces/lib/libhermes_interfaces__rosidl_typesupport_cpp.so" to ""
[3.228s] -- Up-to-date: /home/aleksmalm/Hermes/hermes_ws/install/hermes_interfaces/share/hermes_interfaces/environment/pythonpath.sh
[3.228s] -- Installing: /home/aleksmalm/Hermes/hermes_ws/install/hermes_interfaces/share/hermes_interfaces/environment/pythonpath.dsv
[3.228s] -- Up-to-date: /home/aleksmalm/Hermes/hermes_ws/install/hermes_interfaces/local/lib/python3.10/dist-packages/hermes_interfaces-0.0.0-py3.10.egg-info
[3.228s] -- Installing: /home/aleksmalm/Hermes/hermes_ws/install/hermes_interfaces/local/lib/python3.10/dist-packages/hermes_interfaces-0.0.0-py3.10.egg-info/dependency_links.txt
[3.228s] -- Installing: /home/aleksmalm/Hermes/hermes_ws/install/hermes_interfaces/local/lib/python3.10/dist-packages/hermes_interfaces-0.0.0-py3.10.egg-info/top_level.txt
[3.228s] -- Installing: /home/aleksmalm/Hermes/hermes_ws/install/hermes_interfaces/local/lib/python3.10/dist-packages/hermes_interfaces-0.0.0-py3.10.egg-info/PKG-INFO
[3.228s] -- Installing: /home/aleksmalm/Hermes/hermes_ws/install/hermes_interfaces/local/lib/python3.10/dist-packages/hermes_interfaces-0.0.0-py3.10.egg-info/SOURCES.txt
[3.228s] -- Up-to-date: /home/aleksmalm/Hermes/hermes_ws/install/hermes_interfaces/local/lib/python3.10/dist-packages/hermes_interfaces
[3.229s] -- Installing: /home/aleksmalm/Hermes/hermes_ws/install/hermes_interfaces/local/lib/python3.10/dist-packages/hermes_interfaces/__init__.py
[3.233s] -- Up-to-date: /home/aleksmalm/Hermes/hermes_ws/install/hermes_interfaces/local/lib/python3.10/dist-packages/hermes_interfaces/_hermes_interfaces_s.ep.rosidl_typesupport_fastrtps_c.c
[3.234s] -- Installing: /home/aleksmalm/Hermes/hermes_ws/install/hermes_interfaces/local/lib/python3.10/dist-packages/hermes_interfaces/hermes_interfaces_s__rosidl_typesupport_fastrtps_c.cpython-310-x86_64-linux-gnu.so
[3.234s] -- Installing: /home/aleksmalm/Hermes/hermes_ws/install/hermes_interfaces/local/lib/python3.10/dist-packages/hermes_interfaces/hermes_interfaces_s__rosidl_typesupport_c.cpython-310-x86_64-linux-gnu.so
[3.234s] -- Up-to-date: /home/aleksmalm/Hermes/hermes_ws/install/hermes_interfaces/local/lib/python3.10/dist-packages/hermes_interfaces/msg
[3.234s] -- Up-to-date: /home/aleksmalm/Hermes/hermes_ws/install/hermes_interfaces/local/lib/python3.10/dist-packages/hermes_interfaces/msg/__init__.py
[3.234s] -- Up-to-date: /home/aleksmalm/Hermes/hermes_ws/install/hermes_interfaces/local/lib/python3.10/dist-packages/hermes_interfaces/msg/_gps_fixed.py
[3.234s] -- Up-to-date: /home/aleksmalm/Hermes/hermes_ws/install/hermes_interfaces/local/lib/python3.10/dist-packages/hermes_interfaces/msg/_gps_fixed_s.c
[3.234s] -- Up-to-date: /home/aleksmalm/Hermes/hermes_ws/install/hermes_interfaces/local/lib/python3.10/dist-packages/hermes_interfaces/_hermes_interfaces_s.ep.rosidl_typesupport_c.c
[3.235s] -- Up-to-date: /home/aleksmalm/Hermes/hermes_ws/install/hermes_interfaces/local/lib/python3.10/dist-packages/hermes_interfaces/_hermes_interfaces_s.ep.rosidl_typesupport_introspection_c.c
[3.235s] -- Installing: /home/aleksmalm/Hermes/hermes_ws/install/hermes_interfaces/local/lib/python3.10/dist-packages/hermes_interfaces/libhermes_interfaces__rosidl_generator_py.so
[3.235s] -- Installing: /home/aleksmalm/Hermes/hermes_ws/install/hermes_interfaces/local/lib/python3.10/dist-packages/hermes_interfaces/hermes_interfaces_s__rosidl_typesupport_introspection_c.cpython-310-x86_64-linux-gnu.so
[3.238s] Listing '/home/aleksmalm/Hermes/hermes_ws/install/hermes_interfaces/local/lib/python3.10/dist-packages/hermes_interfaces'...
[3.239s] Compiling '/home/aleksmalm/Hermes/hermes_ws/install/hermes_interfaces/local/lib/python3.10/dist-packages/hermes_interfaces/__init__.py'...
[3.239s] Listing '/home/aleksmalm/Hermes/hermes_ws/install/hermes_interfaces/local/lib/python3.10/dist-packages/hermes_interfaces/msg'...
[3.239s] Compiling '/home/aleksmalm/Hermes/hermes_ws/install/hermes_interfaces/local/lib/python3.10/dist-packages/hermes_interfaces/msg/__init__.py'...
[3.239s] Compiling '/home/aleksmalm/Hermes/hermes_ws/install/hermes_interfaces/local/lib/python3.10/dist-packages/hermes_interfaces/msg/_gps_fixed.py'...
[3.246s] -- Installing: /home/aleksmalm/Hermes/hermes_ws/install/hermes_interfaces/local/lib/python3.10/dist-packages/hermes_interfaces/hermes_interfaces_s__rosidl_typesupport_fastrtps_c.cpython-310-x86_64-linux-gnu.so
[3.248s] -- Set runtime path of "/home/aleksmalm/Hermes/hermes_ws/install/hermes_interfaces/local/lib/python3.10/dist-packages/hermes_interfaces/hermes_interfaces_s__rosidl_typesupport_fastrtps_c.cpython-310-x86_64-linux-gnu.so" to ""
[3.249s] -- Installing: /home/aleksmalm/Hermes/hermes_ws/install/hermes_interfaces/local/lib/python3.10/dist-packages/hermes_interfaces/hermes_interfaces_s__rosidl_typesupport_introspection_c.cpython-310-x86_64-linux-gnu.so
[3.249s] -- Set runtime path of "/home/aleksmalm/Hermes/hermes_ws/install/hermes_interfaces/local/lib/python3.10/dist-packages/hermes_interfaces/hermes_interfaces_s__rosidl_typesupport_introspection_c.cpython-310-x86_64-linux-gnu.so" to ""
[3.249s] -- Installing: /home/aleksmalm/Hermes/hermes_ws/install/hermes_interfaces/local/lib/python3.10/dist-packages/hermes_interfaces/hermes_interfaces_s__rosidl_typesupport_c.cpython-310-x86_64-linux-gnu.so
[3.249s] -- Set runtime path of "/home/aleksmalm/Hermes/hermes_ws/install/hermes_interfaces/local/lib/python3.10/dist-packages/hermes_interfaces/hermes_interfaces_s__rosidl_typesupport_c.cpython-310-x86_64-linux-gnu.so" to ""
[3.249s] -- Installing: /home/aleksmalm/Hermes/hermes_ws/install/hermes_interfaces/lib/libhermes_interfaces__rosidl_generator_py.so
[3.249s] -- Set runtime path of "/home/aleksmalm/Hermes/hermes_ws/install/hermes_interfaces/lib/libhermes_interfaces__rosidl_generator_py.so" to ""
[3.250s] -- Up-to-date: /home/aleksmalm/Hermes/hermes_ws/install/hermes_interfaces/share/hermes_interfaces/msg/GpsFixed.idl
[3.250s] -- Up-to-date: /home/aleksmalm/Hermes/hermes_ws/install/hermes_interfaces/share/hermes_interfaces/msg/GpsFixed.msg
[3.250s] -- Up-to-date: /home/aleksmalm/Hermes/hermes_ws/install/hermes_interfaces/share/ament_index/resource_index/package_run_dependencies/hermes_interfaces
[3.250s] -- Up-to-date: /home/aleksmalm/Hermes/hermes_ws/install/hermes_interfaces/share/ament_index/resource_index/parent_prefix_path/hermes_interfaces
[3.250s] -- Installing: /home/aleksmalm/Hermes/hermes_ws/install/hermes_interfaces/share/hermes_interfaces/environment/ament_prefix_path.sh
[3.250s] -- Installing: /home/aleksmalm/Hermes/hermes_ws/install/hermes_interfaces/share/hermes_interfaces/environment/ament_prefix_path.dsv
[3.250s] -- Installing: /home/aleksmalm/Hermes/hermes_ws/install/hermes_interfaces/share/hermes_interfaces/environment/path.sh
[3.250s] -- Installing: /home/aleksmalm/Hermes/hermes_ws/install/hermes_interfaces/share/hermes_interfaces/environment/path.dsv
[3.250s] -- Up-to-date: /home/aleksmalm/Hermes/hermes_ws/install/hermes_interfaces/share/hermes_interfaces/local_setup.bash
[3.251s] -- Up-to-date: /home/aleksmalm/Hermes/hermes_ws/install/hermes_interfaces/share/hermes_interfaces/local_setup.sh
[3.251s] -- Up-to-date: /home/aleksmalm/Hermes/hermes_ws/install/hermes_interfaces/share/hermes_interfaces/local_setup.zsh
[3.251s] -- Installing: /home/aleksmalm/Hermes/hermes_ws/install/hermes_interfaces/share/hermes_interfaces/local_setup.dsv
[3.251s] -- Installing: /home/aleksmalm/Hermes/hermes_ws/install/hermes_interfaces/share/hermes_interfaces/package.dsv
[3.251s] -- Up-to-date: /home/aleksmalm/Hermes/hermes_ws/install/hermes_interfaces/share/ament_index/resource_index/packages/hermes_interfaces
[3.251s] -- Up-to-date: /home/aleksmalm/Hermes/hermes_ws/install/hermes_interfaces/share/hermes_interfaces/cmake/export_hermes_interfaces__rosidl_generator_cExport.cmake
[3.251s] -- Up-to-date: /home/aleksmalm/Hermes/hermes_ws/install/hermes_interfaces/share/hermes_interfaces/cmake/export_hermes_interfaces__rosidl_generator_cExport-noconfig.cmake
[3.251s] -- Up-to-date: /home/aleksmalm/Hermes/hermes_ws/install/hermes_interfaces/share/hermes_interfaces/cmake/export_hermes_interfaces__rosidl_typesupport_fastrtps_cExport.cmake
[3.251s] -- Up-to-date: /home/aleksmalm/Hermes/hermes_ws/install/hermes_interfaces/share/hermes_interfaces/cmake/export_hermes_interfaces__rosidl_typesupport_fastrtps_cExport-noconfig.cmake
[3.251s] -- Up-to-date: /home/aleksmalm/Hermes/hermes_ws/install/hermes_interfaces/share/hermes_interfaces/cmake/hermes_interfaces__rosidl_typesupport_introspection_cExport.cmake
[3.251s] -- Up-to-date: /home/aleksmalm/Hermes/hermes_ws/install/hermes_interfaces/share/hermes_interfaces/cmake/hermes_interfaces__rosidl_typesupport_introspection_cExport-noconfig.cmake
[3.251s] -- Up-to-date: /home/aleksmalm/Hermes/hermes_ws/install/hermes_interfaces/share/hermes_interfaces/cmake/hermes_interfaces__rosidl_typesupport_cExport.cmake
[3.251s] -- Up-to-date: /home/aleksmalm/Hermes/hermes_ws/install/hermes_interfaces/share/hermes_interfaces/cmake/hermes_interfaces__rosidl_typesupport_cExport-noconfig.cmake
[3.252s] -- Up-to-date: /home/aleksmalm/Hermes/hermes_ws/install/hermes_interfaces/share/hermes_interfaces/cmake/export_hermes_interfaces__rosidl_generator_cppExport.cmake
[3.252s] -- Up-to-date: /home/aleksmalm/Hermes/hermes_ws/install/hermes_interfaces/share/hermes_interfaces/cmake/export_hermes_interfaces__rosidl_typesupport_fastrtps_cppExport.cmake
[3.252s] -- Up-to-date: /home/aleksmalm/Hermes/hermes_ws/install/hermes_interfaces/share/hermes_interfaces/cmake/export_hermes_interfaces__rosidl_typesupport_fastrtps_cppExport-noconfig.cmake
[3.252s] -- Up-to-date: /home/aleksmalm/Hermes/hermes_ws/install/hermes_interfaces/share/hermes_interfaces/cmake/hermes_interfaces__rosidl_typesupport_introspection_cppExport.cmake
[3.252s] -- Up-to-date: /home/aleksmalm/Hermes/hermes_ws/install/hermes_interfaces/share/hermes_interfaces/cmake/hermes_interfaces__rosidl_typesupport_introspection_cppExport-noconfig.cmake
[3.252s] -- Up-to-date: /home/aleksmalm/Hermes/hermes_ws/install/hermes_interfaces/share/hermes_interfaces/cmake/hermes_interfaces__rosidl_typesupport_cppExport.cmake
[3.252s] -- Up-to-date: /home/aleksmalm/Hermes/hermes_ws/install/hermes_interfaces/share/hermes_interfaces/cmake/hermes_interfaces__rosidl_typesupport_cppExport-noconfig.cmake
[3.252s] -- Up-to-date: /home/aleksmalm/Hermes/hermes_ws/install/hermes_interfaces/share/hermes_interfaces/cmake/export_hermes_interfaces__rosidl_generator_pyExport.cmake
[3.252s] -- Up-to-date: /home/aleksmalm/Hermes/hermes_ws/install/hermes_interfaces/share/hermes_interfaces/cmake/export_hermes_interfaces__rosidl_generator_pyExport-noconfig.cmake
[3.252s] -- Up-to-date: /home/aleksmalm/Hermes/hermes_ws/install/hermes_interfaces/share/hermes_interfaces/cmake/rosidl_cmake-extras.cmake
[3.253s] -- Up-to-date: /home/aleksmalm/Hermes/hermes_ws/install/hermes_interfaces/share/hermes_interfaces/cmake/ament_cmake_export_include_directories-extras.cmake
[3.253s] -- Up-to-date: /home/aleksmalm/Hermes/hermes_ws/install/hermes_interfaces/share/hermes_interfaces/cmake/ament_cmake_export_libraries-extras.cmake
[3.253s] -- Up-to-date: /home/aleksmalm/Hermes/hermes_ws/install/hermes_interfaces/share/hermes_interfaces/cmake/ament_cmake_export_targets-extras.cmake
[3.253s] -- Up-to-date: /home/aleksmalm/Hermes/hermes_ws/install/hermes_interfaces/share/hermes_interfaces/cmake/rosidl_cmake_export_typesupport_targets-extras.cmake
[3.253s] -- Up-to-date: /home/aleksmalm/Hermes/hermes_ws/install/hermes_interfaces/share/hermes_interfaces/cmake/ament_cmake_export_dependencies-extras.cmake
[3.253s] -- Up-to-date: /home/aleksmalm/Hermes/hermes_ws/install/hermes_interfaces/share/hermes_interfaces/cmake/rosidl_cmake_export_typesupport_libraries-extras.cmake
[3.253s] -- Up-to-date: /home/aleksmalm/Hermes/hermes_ws/install/hermes_interfaces/share/hermes_interfaces/cmake/hermes_interfacesConfig.cmake
[3.253s] -- Up-to-date: /home/aleksmalm/Hermes/hermes_ws/install/hermes_interfaces/share/hermes_interfaces/cmake/hermes_interfacesConfig-version.cmake
[3.253s] -- Up-to-date: /home/aleksmalm/Hermes/hermes_ws/install/hermes_interfaces/share/hermes_interfaces/package.xml
[3.291s] Invoked command in '/home/aleksmalm/Hermes/hermes_ws/build/hermes_interfaces' returned '0': CMAKE_PREFIX_PATH=${CMAKE_PREFIX_PATH}:/home/aleksmalm/Hermes/hermes_ws/install/tof_publisher:/home/aleksmalm/Hermes/hermes_ws/install/teleop_control:/home/aleksmalm/Hermes/hermes_ws/install/robot_localization_pkg:/home/aleksmalm/Hermes/hermes_ws/install/path_creator:/home/aleksmalm/Hermes/hermes_ws/install/my_tf2_broadcaster:/home/aleksmalm/Hermes/hermes_ws/install/icm20948_publisher:/home/aleksmalm/Hermes/hermes_ws/install/hermes_nav:/home/aleksmalm/Hermes/hermes_ws/install/gps_publisher:/home/aleksmalm/Hermes/hermes_ws/install/cmd_vel:/home/aleksmalm/Hermes/hermes_ws/install/cameras:/opt/ros/humble /usr/bin/cmake --install /home/aleksmalm/Hermes/hermes_ws/build/hermes_interfaces
