[4.812s] Invoking command in '/home/aleksmalm/Hermes/hermes_ws/src/gps_publisher': PYTHONPATH=/home/aleksmalm/Hermes/hermes_ws/build/gps_publisher/prefix_override:/home/aleksmalm/Hermes/hermes_ws/install/gps_publisher/lib/python3.10/site-packages:${PYTHONPATH} /usr/bin/python3 -W ignore:setup.py install is deprecated setup.py egg_info --egg-base ../../build/gps_publisher build --build-base /home/aleksmalm/Hermes/hermes_ws/build/gps_publisher/build install --record /home/aleksmalm/Hermes/hermes_ws/build/gps_publisher/install.log --single-version-externally-managed install_data
[5.995s] running egg_info
[5.995s] writing ../../build/gps_publisher/gps_publisher.egg-info/PKG-INFO
[5.995s] writing dependency_links to ../../build/gps_publisher/gps_publisher.egg-info/dependency_links.txt
[5.997s] writing entry points to ../../build/gps_publisher/gps_publisher.egg-info/entry_points.txt
[5.997s] writing requirements to ../../build/gps_publisher/gps_publisher.egg-info/requires.txt
[5.998s] writing top-level names to ../../build/gps_publisher/gps_publisher.egg-info/top_level.txt
[5.998s] reading manifest file '../../build/gps_publisher/gps_publisher.egg-info/SOURCES.txt'
[5.998s] writing manifest file '../../build/gps_publisher/gps_publisher.egg-info/SOURCES.txt'
[5.998s] running build
[5.998s] running build_py
[5.998s] running install
[5.998s] running install_lib
[5.999s] running install_data
[5.999s] running install_egg_info
[5.999s] removing '/home/aleksmalm/Hermes/hermes_ws/install/gps_publisher/lib/python3.10/site-packages/gps_publisher-0.0.0-py3.10.egg-info' (and everything under it)
[5.999s] Copying ../../build/gps_publisher/gps_publisher.egg-info to /home/aleksmalm/Hermes/hermes_ws/install/gps_publisher/lib/python3.10/site-packages/gps_publisher-0.0.0-py3.10.egg-info
[5.999s] running install_scripts
[5.999s] Installing gps_publisher_node script to /home/aleksmalm/Hermes/hermes_ws/install/gps_publisher/lib/gps_publisher
[5.999s] writing list of installed files to '/home/aleksmalm/Hermes/hermes_ws/build/gps_publisher/install.log'
[6.056s] Invoked command in '/home/aleksmalm/Hermes/hermes_ws/src/gps_publisher' returned '0': PYTHONPATH=/home/aleksmalm/Hermes/hermes_ws/build/gps_publisher/prefix_override:/home/aleksmalm/Hermes/hermes_ws/install/gps_publisher/lib/python3.10/site-packages:${PYTHONPATH} /usr/bin/python3 -W ignore:setup.py install is deprecated setup.py egg_info --egg-base ../../build/gps_publisher build --build-base /home/aleksmalm/Hermes/hermes_ws/build/gps_publisher/build install --record /home/aleksmalm/Hermes/hermes_ws/build/gps_publisher/install.log --single-version-externally-managed install_data
