[0.308s] Invoking command in '/home/aleksmalm/Hermes/hermes_ws/build/hermes_urdf': CMAKE_PREFIX_PATH=${CMAKE_PREFIX_PATH}:/home/aleksmalm/Hermes/hermes_ws/install/tof_publisher:/home/aleksmalm/Hermes/hermes_ws/install/teleop_control:/home/aleksmalm/Hermes/hermes_ws/install/odometry:/home/aleksmalm/Hermes/hermes_ws/install/nav2_gps_waypoint_follower_demo:/home/aleksmalm/Hermes/hermes_ws/install/imu_publisher:/home/aleksmalm/Hermes/hermes_ws/install/cmd_vel:/home/aleksmalm/Hermes/hermes_ws/install/cameras:/opt/ros/humble /usr/bin/cmake --build /home/aleksmalm/Hermes/hermes_ws/build/hermes_urdf -- -j12 -l12
[0.772s] Invoked command in '/home/aleksmalm/Hermes/hermes_ws/build/hermes_urdf' returned '0': CMAKE_PREFIX_PATH=${CMAKE_PREFIX_PATH}:/home/aleksmalm/Hermes/hermes_ws/install/tof_publisher:/home/aleksmalm/Hermes/hermes_ws/install/teleop_control:/home/aleksmalm/Hermes/hermes_ws/install/odometry:/home/aleksmalm/Hermes/hermes_ws/install/nav2_gps_waypoint_follower_demo:/home/aleksmalm/Hermes/hermes_ws/install/imu_publisher:/home/aleksmalm/Hermes/hermes_ws/install/cmd_vel:/home/aleksmalm/Hermes/hermes_ws/install/cameras:/opt/ros/humble /usr/bin/cmake --build /home/aleksmalm/Hermes/hermes_ws/build/hermes_urdf -- -j12 -l12
[0.801s] Invoking command in '/home/aleksmalm/Hermes/hermes_ws/build/hermes_urdf': CMAKE_PREFIX_PATH=${CMAKE_PREFIX_PATH}:/home/aleksmalm/Hermes/hermes_ws/install/tof_publisher:/home/aleksmalm/Hermes/hermes_ws/install/teleop_control:/home/aleksmalm/Hermes/hermes_ws/install/odometry:/home/aleksmalm/Hermes/hermes_ws/install/nav2_gps_waypoint_follower_demo:/home/aleksmalm/Hermes/hermes_ws/install/imu_publisher:/home/aleksmalm/Hermes/hermes_ws/install/cmd_vel:/home/aleksmalm/Hermes/hermes_ws/install/cameras:/opt/ros/humble /usr/bin/cmake --install /home/aleksmalm/Hermes/hermes_ws/build/hermes_urdf
[0.808s] -- Install configuration: ""
[0.808s] -- Up-to-date: /home/aleksmalm/Hermes/hermes_ws/install/hermes_urdf/share/hermes_urdf/launch
[0.808s] -- Up-to-date: /home/aleksmalm/Hermes/hermes_ws/install/hermes_urdf/share/hermes_urdf/launch/launch_sim.launch.py
[0.808s] -- Up-to-date: /home/aleksmalm/Hermes/hermes_ws/install/hermes_urdf/share/hermes_urdf/launch/mapviz.launch.py
[0.809s] -- Up-to-date: /home/aleksmalm/Hermes/hermes_ws/install/hermes_urdf/share/hermes_urdf/launch/rsp.launch.py
[0.809s] -- Up-to-date: /home/aleksmalm/Hermes/hermes_ws/install/hermes_urdf/share/hermes_urdf/launch/gazebo_gps_world_hermes.launch.py
[0.809s] -- Up-to-date: /home/aleksmalm/Hermes/hermes_ws/install/hermes_urdf/share/hermes_urdf/launch/dual_ekf_navsat.launch.py
[0.809s] -- Up-to-date: /home/aleksmalm/Hermes/hermes_ws/install/hermes_urdf/share/hermes_urdf/launch/gps_waypoint_follower.launch.py
[0.809s] -- Up-to-date: /home/aleksmalm/Hermes/hermes_ws/install/hermes_urdf/share/hermes_urdf/urdf
[0.809s] -- Up-to-date: /home/aleksmalm/Hermes/hermes_ws/install/hermes_urdf/share/hermes_urdf/urdf/gazebo.material
[0.809s] -- Up-to-date: /home/aleksmalm/Hermes/hermes_ws/install/hermes_urdf/share/hermes_urdf/urdf/__init__.py
[0.809s] -- Up-to-date: /home/aleksmalm/Hermes/hermes_ws/install/hermes_urdf/share/hermes_urdf/urdf/ld19.stl
[0.810s] -- Up-to-date: /home/aleksmalm/Hermes/hermes_ws/install/hermes_urdf/share/hermes_urdf/urdf/config.rviz
[0.810s] -- Up-to-date: /home/aleksmalm/Hermes/hermes_ws/install/hermes_urdf/share/hermes_urdf/urdf/liigend.part
[0.810s] -- Up-to-date: /home/aleksmalm/Hermes/hermes_ws/install/hermes_urdf/share/hermes_urdf/urdf/ld19.part
[0.810s] -- Up-to-date: /home/aleksmalm/Hermes/hermes_ws/install/hermes_urdf/share/hermes_urdf/urdf/my_world.sdf
[0.810s] -- Up-to-date: /home/aleksmalm/Hermes/hermes_ws/install/hermes_urdf/share/hermes_urdf/urdf/rehv.part
[0.810s] -- Up-to-date: /home/aleksmalm/Hermes/hermes_ws/install/hermes_urdf/share/hermes_urdf/urdf/rehv.stl
[0.810s] -- Up-to-date: /home/aleksmalm/Hermes/hermes_ws/install/hermes_urdf/share/hermes_urdf/urdf/config.json
[0.810s] -- Up-to-date: /home/aleksmalm/Hermes/hermes_ws/install/hermes_urdf/share/hermes_urdf/urdf/kere.stl
[0.810s] -- Up-to-date: /home/aleksmalm/Hermes/hermes_ws/install/hermes_urdf/share/hermes_urdf/urdf/robot.urdf
[0.810s] -- Up-to-date: /home/aleksmalm/Hermes/hermes_ws/install/hermes_urdf/share/hermes_urdf/urdf/kere.part
[0.811s] -- Up-to-date: /home/aleksmalm/Hermes/hermes_ws/install/hermes_urdf/share/hermes_urdf/urdf/hermes_model.urdf
[0.811s] -- Up-to-date: /home/aleksmalm/Hermes/hermes_ws/install/hermes_urdf/share/hermes_urdf/urdf/liigend.stl
[0.812s] -- Up-to-date: /home/aleksmalm/Hermes/hermes_ws/install/hermes_urdf/share/hermes_urdf/urdf/hermes.urdf
[0.813s] -- Up-to-date: /home/aleksmalm/Hermes/hermes_ws/install/hermes_urdf/share/hermes_urdf/urdf/.robot.urdf.swp
[0.813s] -- Up-to-date: /home/aleksmalm/Hermes/hermes_ws/install/hermes_urdf/share/hermes_urdf/urdf/hermes_model.sdf
[0.813s] -- Up-to-date: /home/aleksmalm/Hermes/hermes_ws/install/hermes_urdf/share/hermes_urdf/params
[0.813s] -- Up-to-date: /home/aleksmalm/Hermes/hermes_ws/install/hermes_urdf/share/hermes_urdf/params/test.mvc
[0.813s] -- Up-to-date: /home/aleksmalm/Hermes/hermes_ws/install/hermes_urdf/share/hermes_urdf/params/gps_wpf_demo.mvc
[0.813s] -- Up-to-date: /home/aleksmalm/Hermes/hermes_ws/install/hermes_urdf/share/hermes_urdf/params/dual_ekf_navsat_params.yaml
[0.813s] -- Up-to-date: /home/aleksmalm/Hermes/hermes_ws/install/hermes_urdf/share/hermes_urdf/params/nav2_no_map_params.yaml
[0.814s] -- Up-to-date: /home/aleksmalm/Hermes/hermes_ws/install/hermes_urdf/share/hermes_urdf/custom_ground_plane
[0.814s] -- Up-to-date: /home/aleksmalm/Hermes/hermes_ws/install/hermes_urdf/share/hermes_urdf/custom_ground_plane/materials
[0.814s] -- Up-to-date: /home/aleksmalm/Hermes/hermes_ws/install/hermes_urdf/share/hermes_urdf/custom_ground_plane/materials/scripts
[0.814s] -- Up-to-date: /home/aleksmalm/Hermes/hermes_ws/install/hermes_urdf/share/hermes_urdf/custom_ground_plane/materials/scripts/ground.material
[0.814s] -- Up-to-date: /home/aleksmalm/Hermes/hermes_ws/install/hermes_urdf/share/hermes_urdf/custom_ground_plane/materials/textures
[0.814s] -- Up-to-date: /home/aleksmalm/Hermes/hermes_ws/install/hermes_urdf/share/hermes_urdf/custom_ground_plane/materials/textures/image.png
[0.814s] -- Up-to-date: /home/aleksmalm/Hermes/hermes_ws/install/hermes_urdf/share/hermes_urdf/custom_ground_plane/my_world.sdf
[0.814s] -- Up-to-date: /home/aleksmalm/Hermes/hermes_ws/install/hermes_urdf/share/hermes_urdf/custom_ground_plane/image_png.config
[0.815s] -- Up-to-date: /home/aleksmalm/Hermes/hermes_ws/install/hermes_urdf/share/hermes_urdf/custom_ground_plane/image_png.sdf
[0.815s] -- Up-to-date: /home/aleksmalm/Hermes/hermes_ws/install/hermes_urdf/share/hermes_urdf/custom_ground_plane/my_world.config
[0.816s] -- Up-to-date: /home/aleksmalm/Hermes/hermes_ws/install/hermes_urdf/share/hermes_urdf/historical_launch_files
[0.816s] -- Up-to-date: /home/aleksmalm/Hermes/hermes_ws/install/hermes_urdf/share/hermes_urdf/historical_launch_files/gazebo_world.launch.py
[0.816s] -- Up-to-date: /home/aleksmalm/Hermes/hermes_ws/install/hermes_urdf/share/hermes_urdf/historical_launch_files/hermes_launch.py
[0.816s] -- Up-to-date: /home/aleksmalm/Hermes/hermes_ws/install/hermes_urdf/share/hermes_urdf/historical_launch_files/gazebo_model.launch.py
[0.816s] -- Up-to-date: /home/aleksmalm/Hermes/hermes_ws/install/hermes_urdf/share/ament_index/resource_index/package_run_dependencies/hermes_urdf
[0.816s] -- Up-to-date: /home/aleksmalm/Hermes/hermes_ws/install/hermes_urdf/share/ament_index/resource_index/parent_prefix_path/hermes_urdf
[0.816s] -- Up-to-date: /home/aleksmalm/Hermes/hermes_ws/install/hermes_urdf/share/hermes_urdf/environment/ament_prefix_path.sh
[0.816s] -- Up-to-date: /home/aleksmalm/Hermes/hermes_ws/install/hermes_urdf/share/hermes_urdf/environment/ament_prefix_path.dsv
[0.816s] -- Up-to-date: /home/aleksmalm/Hermes/hermes_ws/install/hermes_urdf/share/hermes_urdf/environment/path.sh
[0.817s] -- Up-to-date: /home/aleksmalm/Hermes/hermes_ws/install/hermes_urdf/share/hermes_urdf/environment/path.dsv
[0.817s] -- Up-to-date: /home/aleksmalm/Hermes/hermes_ws/install/hermes_urdf/share/hermes_urdf/local_setup.bash
[0.817s] -- Up-to-date: /home/aleksmalm/Hermes/hermes_ws/install/hermes_urdf/share/hermes_urdf/local_setup.sh
[0.817s] -- Up-to-date: /home/aleksmalm/Hermes/hermes_ws/install/hermes_urdf/share/hermes_urdf/local_setup.zsh
[0.817s] -- Up-to-date: /home/aleksmalm/Hermes/hermes_ws/install/hermes_urdf/share/hermes_urdf/local_setup.dsv
[0.817s] -- Installing: /home/aleksmalm/Hermes/hermes_ws/install/hermes_urdf/share/hermes_urdf/package.dsv
[0.817s] -- Up-to-date: /home/aleksmalm/Hermes/hermes_ws/install/hermes_urdf/share/ament_index/resource_index/packages/hermes_urdf
[0.817s] -- Up-to-date: /home/aleksmalm/Hermes/hermes_ws/install/hermes_urdf/share/hermes_urdf/cmake/hermes_urdfConfig.cmake
[0.817s] -- Up-to-date: /home/aleksmalm/Hermes/hermes_ws/install/hermes_urdf/share/hermes_urdf/cmake/hermes_urdfConfig-version.cmake
[0.817s] -- Up-to-date: /home/aleksmalm/Hermes/hermes_ws/install/hermes_urdf/share/hermes_urdf/package.xml
[0.830s] Invoked command in '/home/aleksmalm/Hermes/hermes_ws/build/hermes_urdf' returned '0': CMAKE_PREFIX_PATH=${CMAKE_PREFIX_PATH}:/home/aleksmalm/Hermes/hermes_ws/install/tof_publisher:/home/aleksmalm/Hermes/hermes_ws/install/teleop_control:/home/aleksmalm/Hermes/hermes_ws/install/odometry:/home/aleksmalm/Hermes/hermes_ws/install/nav2_gps_waypoint_follower_demo:/home/aleksmalm/Hermes/hermes_ws/install/imu_publisher:/home/aleksmalm/Hermes/hermes_ws/install/cmd_vel:/home/aleksmalm/Hermes/hermes_ws/install/cameras:/opt/ros/humble /usr/bin/cmake --install /home/aleksmalm/Hermes/hermes_ws/build/hermes_urdf
