[0.313s] Invoking command in '/home/aleksmalm/Hermes/hermes_ws/build/hermes_urdf': CMAKE_PREFIX_PATH=${CMAKE_PREFIX_PATH}:/home/aleksmalm/Hermes/hermes_ws/install/tof_publisher:/home/aleksmalm/Hermes/hermes_ws/install/teleop_control:/home/aleksmalm/Hermes/hermes_ws/install/opencv_tests:/home/aleksmalm/Hermes/hermes_ws/install/odometry:/home/aleksmalm/Hermes/hermes_ws/install/imu_publisher:/home/aleksmalm/Hermes/hermes_ws/install/cmd_vel:/home/aleksmalm/Hermes/hermes_ws/install/cameras:/opt/ros/humble /usr/bin/cmake --build /home/aleksmalm/Hermes/hermes_ws/build/hermes_urdf -- -j12 -l12
[0.912s] Invoked command in '/home/aleksmalm/Hermes/hermes_ws/build/hermes_urdf' returned '0': CMAKE_PREFIX_PATH=${CMAKE_PREFIX_PATH}:/home/aleksmalm/Hermes/hermes_ws/install/tof_publisher:/home/aleksmalm/Hermes/hermes_ws/install/teleop_control:/home/aleksmalm/Hermes/hermes_ws/install/opencv_tests:/home/aleksmalm/Hermes/hermes_ws/install/odometry:/home/aleksmalm/Hermes/hermes_ws/install/imu_publisher:/home/aleksmalm/Hermes/hermes_ws/install/cmd_vel:/home/aleksmalm/Hermes/hermes_ws/install/cameras:/opt/ros/humble /usr/bin/cmake --build /home/aleksmalm/Hermes/hermes_ws/build/hermes_urdf -- -j12 -l12
[0.938s] Invoking command in '/home/aleksmalm/Hermes/hermes_ws/build/hermes_urdf': CMAKE_PREFIX_PATH=${CMAKE_PREFIX_PATH}:/home/aleksmalm/Hermes/hermes_ws/install/tof_publisher:/home/aleksmalm/Hermes/hermes_ws/install/teleop_control:/home/aleksmalm/Hermes/hermes_ws/install/opencv_tests:/home/aleksmalm/Hermes/hermes_ws/install/odometry:/home/aleksmalm/Hermes/hermes_ws/install/imu_publisher:/home/aleksmalm/Hermes/hermes_ws/install/cmd_vel:/home/aleksmalm/Hermes/hermes_ws/install/cameras:/opt/ros/humble /usr/bin/cmake --install /home/aleksmalm/Hermes/hermes_ws/build/hermes_urdf
[0.947s] -- Install configuration: ""
[0.947s] -- Up-to-date: /home/aleksmalm/Hermes/hermes_ws/install/hermes_urdf/share/hermes_urdf/launch
[0.947s] -- Installing: /home/aleksmalm/Hermes/hermes_ws/install/hermes_urdf/share/hermes_urdf/launch/gazebo_test.launch.py
[0.947s] -- Up-to-date: /home/aleksmalm/Hermes/hermes_ws/install/hermes_urdf/share/hermes_urdf/launch/gazebo_model.launch.py
[0.947s] -- Up-to-date: /home/aleksmalm/Hermes/hermes_ws/install/hermes_urdf/share/hermes_urdf/launch/display.launch.py
[0.947s] -- Up-to-date: /home/aleksmalm/Hermes/hermes_ws/install/hermes_urdf/share/hermes_urdf/launch/my_world.world
[0.947s] -- Up-to-date: /home/aleksmalm/Hermes/hermes_ws/install/hermes_urdf/share/hermes_urdf/urdf
[0.948s] -- Up-to-date: /home/aleksmalm/Hermes/hermes_ws/install/hermes_urdf/share/hermes_urdf/urdf/rehv.stl
[0.948s] -- Up-to-date: /home/aleksmalm/Hermes/hermes_ws/install/hermes_urdf/share/hermes_urdf/urdf/liigend.part
[0.948s] -- Up-to-date: /home/aleksmalm/Hermes/hermes_ws/install/hermes_urdf/share/hermes_urdf/urdf/ld19.part
[0.948s] -- Up-to-date: /home/aleksmalm/Hermes/hermes_ws/install/hermes_urdf/share/hermes_urdf/urdf/config.rviz
[0.948s] -- Up-to-date: /home/aleksmalm/Hermes/hermes_ws/install/hermes_urdf/share/hermes_urdf/urdf/robot.urdf
[0.948s] -- Up-to-date: /home/aleksmalm/Hermes/hermes_ws/install/hermes_urdf/share/hermes_urdf/urdf/config.json
[0.949s] -- Up-to-date: /home/aleksmalm/Hermes/hermes_ws/install/hermes_urdf/share/hermes_urdf/urdf/.robot.urdf.swp
[0.949s] -- Up-to-date: /home/aleksmalm/Hermes/hermes_ws/install/hermes_urdf/share/hermes_urdf/urdf/hermes_sdf.sdf
[0.949s] -- Up-to-date: /home/aleksmalm/Hermes/hermes_ws/install/hermes_urdf/share/hermes_urdf/urdf/rehv.part
[0.949s] -- Up-to-date: /home/aleksmalm/Hermes/hermes_ws/install/hermes_urdf/share/hermes_urdf/urdf/hermes.urdf
[0.949s] -- Up-to-date: /home/aleksmalm/Hermes/hermes_ws/install/hermes_urdf/share/hermes_urdf/urdf/ld19.stl
[0.949s] -- Up-to-date: /home/aleksmalm/Hermes/hermes_ws/install/hermes_urdf/share/hermes_urdf/urdf/hermes_model.sdf
[0.949s] -- Up-to-date: /home/aleksmalm/Hermes/hermes_ws/install/hermes_urdf/share/hermes_urdf/urdf/kere.stl
[0.949s] -- Up-to-date: /home/aleksmalm/Hermes/hermes_ws/install/hermes_urdf/share/hermes_urdf/urdf/__init__.py
[0.949s] -- Up-to-date: /home/aleksmalm/Hermes/hermes_ws/install/hermes_urdf/share/hermes_urdf/urdf/liigend.stl
[0.949s] -- Up-to-date: /home/aleksmalm/Hermes/hermes_ws/install/hermes_urdf/share/hermes_urdf/urdf/kere.part
[0.950s] -- Up-to-date: /home/aleksmalm/Hermes/hermes_ws/install/hermes_urdf/share/hermes_urdf/urdf/hermes_model.urdf
[0.950s] -- Up-to-date: /home/aleksmalm/Hermes/hermes_ws/install/hermes_urdf/share/ament_index/resource_index/package_run_dependencies/hermes_urdf
[0.950s] -- Up-to-date: /home/aleksmalm/Hermes/hermes_ws/install/hermes_urdf/share/ament_index/resource_index/parent_prefix_path/hermes_urdf
[0.950s] -- Up-to-date: /home/aleksmalm/Hermes/hermes_ws/install/hermes_urdf/share/hermes_urdf/environment/ament_prefix_path.sh
[0.950s] -- Up-to-date: /home/aleksmalm/Hermes/hermes_ws/install/hermes_urdf/share/hermes_urdf/environment/ament_prefix_path.dsv
[0.950s] -- Up-to-date: /home/aleksmalm/Hermes/hermes_ws/install/hermes_urdf/share/hermes_urdf/environment/path.sh
[0.950s] -- Up-to-date: /home/aleksmalm/Hermes/hermes_ws/install/hermes_urdf/share/hermes_urdf/environment/path.dsv
[0.951s] -- Up-to-date: /home/aleksmalm/Hermes/hermes_ws/install/hermes_urdf/share/hermes_urdf/local_setup.bash
[0.951s] -- Up-to-date: /home/aleksmalm/Hermes/hermes_ws/install/hermes_urdf/share/hermes_urdf/local_setup.sh
[0.951s] -- Up-to-date: /home/aleksmalm/Hermes/hermes_ws/install/hermes_urdf/share/hermes_urdf/local_setup.zsh
[0.951s] -- Up-to-date: /home/aleksmalm/Hermes/hermes_ws/install/hermes_urdf/share/hermes_urdf/local_setup.dsv
[0.952s] -- Installing: /home/aleksmalm/Hermes/hermes_ws/install/hermes_urdf/share/hermes_urdf/package.dsv
[0.952s] -- Up-to-date: /home/aleksmalm/Hermes/hermes_ws/install/hermes_urdf/share/ament_index/resource_index/packages/hermes_urdf
[0.952s] -- Up-to-date: /home/aleksmalm/Hermes/hermes_ws/install/hermes_urdf/share/hermes_urdf/cmake/hermes_urdfConfig.cmake
[0.952s] -- Up-to-date: /home/aleksmalm/Hermes/hermes_ws/install/hermes_urdf/share/hermes_urdf/cmake/hermes_urdfConfig-version.cmake
[0.952s] -- Up-to-date: /home/aleksmalm/Hermes/hermes_ws/install/hermes_urdf/share/hermes_urdf/package.xml
[0.965s] Invoked command in '/home/aleksmalm/Hermes/hermes_ws/build/hermes_urdf' returned '0': CMAKE_PREFIX_PATH=${CMAKE_PREFIX_PATH}:/home/aleksmalm/Hermes/hermes_ws/install/tof_publisher:/home/aleksmalm/Hermes/hermes_ws/install/teleop_control:/home/aleksmalm/Hermes/hermes_ws/install/opencv_tests:/home/aleksmalm/Hermes/hermes_ws/install/odometry:/home/aleksmalm/Hermes/hermes_ws/install/imu_publisher:/home/aleksmalm/Hermes/hermes_ws/install/cmd_vel:/home/aleksmalm/Hermes/hermes_ws/install/cameras:/opt/ros/humble /usr/bin/cmake --install /home/aleksmalm/Hermes/hermes_ws/build/hermes_urdf
