[3.421s] Invoking command in '/home/hermes/Hermes/hermes_ws/src/odometry': PYTHONPATH=/home/hermes/Hermes/hermes_ws/build/odometry/prefix_override:/home/hermes/Hermes/hermes_ws/install/odometry/lib/python3.10/site-packages:${PYTHONPATH} /usr/bin/python3 -W ignore:setup.py install is deprecated setup.py egg_info --egg-base ../../build/odometry build --build-base /home/hermes/Hermes/hermes_ws/build/odometry/build install --record /home/hermes/Hermes/hermes_ws/build/odometry/install.log --single-version-externally-managed install_data
[4.067s] running egg_info
[4.070s] writing ../../build/odometry/odometry.egg-info/PKG-INFO
[4.071s] writing dependency_links to ../../build/odometry/odometry.egg-info/dependency_links.txt
[4.072s] writing entry points to ../../build/odometry/odometry.egg-info/entry_points.txt
[4.073s] writing requirements to ../../build/odometry/odometry.egg-info/requires.txt
[4.074s] writing top-level names to ../../build/odometry/odometry.egg-info/top_level.txt
[4.080s] reading manifest file '../../build/odometry/odometry.egg-info/SOURCES.txt'
[4.081s] adding license file 'LICENSE'
[4.083s] writing manifest file '../../build/odometry/odometry.egg-info/SOURCES.txt'
[4.083s] running build
[4.084s] running build_py
[4.085s] running install
[4.086s] running install_lib
[4.090s] running install_data
[4.091s] running install_egg_info
[4.096s] removing '/home/hermes/Hermes/hermes_ws/install/odometry/lib/python3.10/site-packages/odometry-0.0.0-py3.10.egg-info' (and everything under it)
[4.097s] Copying ../../build/odometry/odometry.egg-info to /home/hermes/Hermes/hermes_ws/install/odometry/lib/python3.10/site-packages/odometry-0.0.0-py3.10.egg-info
[4.100s] running install_scripts
[4.166s] Installing odometry_node script to /home/hermes/Hermes/hermes_ws/install/odometry/lib/odometry
[4.167s] writing list of installed files to '/home/hermes/Hermes/hermes_ws/build/odometry/install.log'
[4.291s] Invoked command in '/home/hermes/Hermes/hermes_ws/src/odometry' returned '0': PYTHONPATH=/home/hermes/Hermes/hermes_ws/build/odometry/prefix_override:/home/hermes/Hermes/hermes_ws/install/odometry/lib/python3.10/site-packages:${PYTHONPATH} /usr/bin/python3 -W ignore:setup.py install is deprecated setup.py egg_info --egg-base ../../build/odometry build --build-base /home/hermes/Hermes/hermes_ws/build/odometry/build install --record /home/hermes/Hermes/hermes_ws/build/odometry/install.log --single-version-externally-managed install_data
