[0.047s] Invoking command in '/home/hermes/Hermes/hermes_ws/build/ldlidar_node': CMAKE_PREFIX_PATH=/home/hermes/Hermes/hermes_ws/install/ldlidar_component:/home/hermes/Hermes/hermes_ws/install/ldlidar_stl_ros2:/home/hermes/Hermes/hermes_ws/install/ldlidar:/home/hermes/Hermes/hermes_ws/install/ldlidar_node:/home/hermes/Hermes/hermes_ws/install/hermes_urdf:/home/hermes/Hermes/hermes_ws/install/hermes_navigation:/home/hermes/Hermes/hermes_ws/install/hermes_interfaces:/home/hermes/Hermes/hermes_ws/install/gps_publisher:/home/hermes/Downloads/hermes/Hermes/install/ldlidar_stl_ros2:/home/hermes/Downloads/hermes/ros2_ws/src/install/ldlidar:/home/hermes/Downloads/hermes/ros2_ws/src/install/ldlidar_node:/home/hermes/Downloads/hermes/ros2_ws/src/install/ldlidar_component:/home/hermes/Downloads/hermes/ros2_ws/src/install/ffmpeg_image_transport:/home/hermes/Downloads/hermes/ros2_ws/src/install/ffmpeg_image_transport_msgs:/home/hermes/Hermes/hermes_ws/install/tof_publisher:/home/hermes/Hermes/hermes_ws/install/teleop_control:/home/hermes/Hermes/hermes_ws/install/robot_model:/home/hermes/Hermes/hermes_ws/install/odometry:/home/hermes/Hermes/hermes_ws/install/my_robot_description:/home/hermes/Hermes/hermes_ws/install/lidar_publisher:/home/hermes/Hermes/hermes_ws/install/launch_files:/home/hermes/Hermes/hermes_ws/install/imu_publisher:/home/hermes/Hermes/hermes_ws/install/cmd_vel:/home/hermes/Hermes/hermes_ws/install/cameras:/home/hermes/Downloads/hermes/Hermes/install/tof_publisher:/home/hermes/Downloads/hermes/Hermes/install/teleop_control:/home/hermes/Downloads/hermes/Hermes/install/odometry:/home/hermes/Downloads/hermes/Hermes/install/imu_publisher:/home/hermes/Downloads/hermes/Hermes/install/gps_publisher:/home/hermes/Downloads/hermes/Hermes/install/cmd_vel:/home/hermes/Downloads/hermes/Hermes/install/cameras:/home/hermes/Downloads/hermes/ros2_ws/src/install/ros2_video_stream_pkg:/opt/ros/humble LD_LIBRARY_PATH=/home/hermes/Hermes/hermes_ws/install/ldlidar_component/lib:/home/hermes/Hermes/hermes_ws/install/hermes_interfaces/lib:/home/hermes/Downloads/hermes/ros2_ws/src/install/ldlidar_component/lib:/home/hermes/Downloads/hermes/ros2_ws/src/install/ffmpeg_image_transport/lib:/home/hermes/Downloads/hermes/ros2_ws/src/install/ffmpeg_image_transport_msgs/lib:/opt/ros/humble/opt/rviz_ogre_vendor/lib:/opt/ros/humble/lib/aarch64-linux-gnu:/opt/ros/humble/lib:/usr/local/cuda-12.2/lib64 /usr/bin/cmake /home/hermes/Hermes/hermes_ws/src/lidar_publisher/ldlidar_node -DAMENT_CMAKE_SYMLINK_INSTALL=1 -DCMAKE_INSTALL_PREFIX=/home/hermes/Hermes/hermes_ws/install/ldlidar_node
[0.643s] --  * Release Mode
[0.643s] -- * Found ROS2 humble
[0.643s] -- * ROS2 humble is officially supported by this package.
[0.643s] -- Found ament_cmake: 1.3.8 (/opt/ros/humble/share/ament_cmake/cmake)
[0.643s] -- Override CMake install command with custom implementation using symlinks instead of copying resources
[0.643s] -- Found rclcpp: 16.0.8 (/opt/ros/humble/share/rclcpp/cmake)
[0.687s] -- Found rosidl_generator_c: 3.1.5 (/opt/ros/humble/share/rosidl_generator_c/cmake)
[0.702s] -- Found rosidl_adapter: 3.1.5 (/opt/ros/humble/share/rosidl_adapter/cmake)
[0.710s] -- Found rosidl_generator_cpp: 3.1.5 (/opt/ros/humble/share/rosidl_generator_cpp/cmake)
[0.736s] -- Using all available rosidl_typesupport_c: rosidl_typesupport_fastrtps_c;rosidl_typesupport_introspection_c
[0.774s] -- Using all available rosidl_typesupport_cpp: rosidl_typesupport_fastrtps_cpp;rosidl_typesupport_introspection_cpp
[0.903s] -- Found rmw_implementation_cmake: 6.1.1 (/opt/ros/humble/share/rmw_implementation_cmake/cmake)
[0.918s] -- Found rmw_cyclonedds_cpp: 1.3.4 (/opt/ros/humble/share/rmw_cyclonedds_cpp/cmake)
[1.016s] -- Using RMW implementation 'rmw_cyclonedds_cpp' as default
[1.351s] -- Found rclcpp_components: 16.0.8 (/opt/ros/humble/share/rclcpp_components/cmake)
[1.496s] -- Found rclcpp_lifecycle: 16.0.8 (/opt/ros/humble/share/rclcpp_lifecycle/cmake)
[1.587s] -- Found ldlidar_component: 0.2.0 (/home/hermes/Hermes/hermes_ws/install/ldlidar_component/share/ldlidar_component/cmake)
[3.312s] -- Found eigen3_cmake_module: 0.1.1 (/opt/ros/humble/share/eigen3_cmake_module/cmake)
[3.315s] -- Ensuring Eigen3 include directory is part of orocos-kdl CMake target
[5.487s] -- Found ament_lint_auto: 0.12.10 (/opt/ros/humble/share/ament_lint_auto/cmake)
[5.857s] -- Found python_cmake_module: 0.10.0 (/opt/ros/humble/share/python_cmake_module/cmake)
[5.934s] -- Using PYTHON_EXECUTABLE: /usr/bin/python3
[5.935s] -- Using PYTHON_INCLUDE_DIRS: /usr/include/python3.10
[5.935s] -- Using PYTHON_LIBRARIES: /usr/lib/aarch64-linux-gnu/libpython3.10.so
[5.954s] -- Added test 'copyright' to check source files copyright and LICENSE
[5.959s] -- Added test 'cppcheck' to perform static code analysis on C / C++ code
[5.960s] -- Configured cppcheck include dirs: 
[5.960s] -- Configured cppcheck exclude dirs and/or files: 
[5.965s] -- Added test 'cpplint' to check C / C++ code against the Google style
[5.966s] -- Configured cpplint exclude dirs and/or files: 
[5.967s] -- Added test 'flake8' to check Python code syntax and style conventions
[5.969s] -- Added test 'lint_cmake' to check CMake code style
[5.971s] -- Added test 'pep257' to check Python code against some of the docstring style conventions in PEP 257
[5.974s] -- Added test 'uncrustify' to check C / C++ code style
[5.974s] -- Configured uncrustify additional arguments: 
[5.977s] -- Added test 'xmllint' to check XML markup files
[5.982s] -- Configuring done
[6.087s] -- Generating done
[6.093s] -- Build files have been written to: /home/hermes/Hermes/hermes_ws/build/ldlidar_node
