[7.131s] Invoking command in '/home/raivo/Hermes/hermes_ws/src/teleop_control': PYTHONPATH=/home/raivo/Hermes/hermes_ws/build/teleop_control/prefix_override:/home/raivo/Hermes/hermes_ws/install/teleop_control/lib/python3.8/site-packages:${PYTHONPATH} /usr/bin/python3 setup.py egg_info --egg-base ../../build/teleop_control build --build-base /home/raivo/Hermes/hermes_ws/build/teleop_control/build install --record /home/raivo/Hermes/hermes_ws/build/teleop_control/install.log --single-version-externally-managed
[8.192s] running egg_info
[8.192s] writing ../../build/teleop_control/teleop_control.egg-info/PKG-INFO
[8.193s] writing dependency_links to ../../build/teleop_control/teleop_control.egg-info/dependency_links.txt
[8.193s] writing entry points to ../../build/teleop_control/teleop_control.egg-info/entry_points.txt
[8.193s] writing requirements to ../../build/teleop_control/teleop_control.egg-info/requires.txt
[8.193s] writing top-level names to ../../build/teleop_control/teleop_control.egg-info/top_level.txt
[8.193s] reading manifest file '../../build/teleop_control/teleop_control.egg-info/SOURCES.txt'
[8.193s] writing manifest file '../../build/teleop_control/teleop_control.egg-info/SOURCES.txt'
[8.193s] running build
[8.193s] running build_py
[8.193s] running install
[8.193s] running install_lib
[8.193s] running install_data
[8.193s] running install_egg_info
[8.193s] removing '/home/raivo/Hermes/hermes_ws/install/teleop_control/lib/python3.8/site-packages/teleop_control-0.0.0-py3.8.egg-info' (and everything under it)
[8.193s] Copying ../../build/teleop_control/teleop_control.egg-info to /home/raivo/Hermes/hermes_ws/install/teleop_control/lib/python3.8/site-packages/teleop_control-0.0.0-py3.8.egg-info
[8.193s] running install_scripts
[8.211s] Installing teleop_control_node script to /home/raivo/Hermes/hermes_ws/install/teleop_control/lib/teleop_control
[8.212s] writing list of installed files to '/home/raivo/Hermes/hermes_ws/build/teleop_control/install.log'
[9.662s] Invoked command in '/home/raivo/Hermes/hermes_ws/src/teleop_control' returned '0': PYTHONPATH=/home/raivo/Hermes/hermes_ws/build/teleop_control/prefix_override:/home/raivo/Hermes/hermes_ws/install/teleop_control/lib/python3.8/site-packages:${PYTHONPATH} /usr/bin/python3 setup.py egg_info --egg-base ../../build/teleop_control build --build-base /home/raivo/Hermes/hermes_ws/build/teleop_control/build install --record /home/raivo/Hermes/hermes_ws/build/teleop_control/install.log --single-version-externally-managed
