[0.035s] Invoking command in '/home/aleksmalm/Hermes/hermes_ws/build/ldlidar_component': /usr/bin/cmake /home/aleksmalm/Hermes/hermes_ws/src/lidar_publisher/ldlidar_component -DCMAKE_INSTALL_PREFIX=/home/aleksmalm/Hermes/hermes_ws/install/ldlidar_component
[0.979s] --  * Release Mode
[0.979s] -- * Found ROS2 humble
[0.980s] -- * ROS2 humble is officially supported by this package.
[0.980s] -- Found ament_cmake: 1.3.8 (/opt/ros/humble/share/ament_cmake/cmake)
[0.980s] -- Found rclcpp_lifecycle: 16.0.8 (/opt/ros/humble/share/rclcpp_lifecycle/cmake)
[0.980s] -- Found rosidl_generator_c: 3.1.5 (/opt/ros/humble/share/rosidl_generator_c/cmake)
[0.980s] -- Found rosidl_adapter: 3.1.5 (/opt/ros/humble/share/rosidl_adapter/cmake)
[0.980s] -- Found rosidl_generator_cpp: 3.1.5 (/opt/ros/humble/share/rosidl_generator_cpp/cmake)
[0.980s] -- Configuring incomplete, errors occurred!
[0.981s] See also "/home/aleksmalm/Hermes/hermes_ws/build/ldlidar_component/CMakeFiles/CMakeOutput.log".
[0.981s] [31mCMake Error at /opt/ros/humble/share/rosidl_typesupport_c/cmake/get_used_typesupports.cmake:35 (message):
[0.981s]   No 'rosidl_typesupport_c' found
[0.981s] Call Stack (most recent call first):
[0.981s]   /opt/ros/humble/share/rosidl_typesupport_c/cmake/rosidl_typesupport_c-extras.cmake:8 (get_used_typesupports)
[0.981s]   /opt/ros/humble/share/rosidl_typesupport_c/cmake/rosidl_typesupport_cConfig.cmake:41 (include)
[0.981s]   /opt/ros/humble/share/builtin_interfaces/cmake/ament_cmake_export_dependencies-extras.cmake:21 (find_package)
[0.981s]   /opt/ros/humble/share/builtin_interfaces/cmake/builtin_interfacesConfig.cmake:41 (include)
[0.981s]   /opt/ros/humble/share/libstatistics_collector/cmake/ament_cmake_export_dependencies-extras.cmake:21 (find_package)
[0.981s]   /opt/ros/humble/share/libstatistics_collector/cmake/libstatistics_collectorConfig.cmake:41 (include)
[0.981s]   /opt/ros/humble/share/rclcpp/cmake/ament_cmake_export_dependencies-extras.cmake:21 (find_package)
[0.982s]   /opt/ros/humble/share/rclcpp/cmake/rclcppConfig.cmake:41 (include)
[0.982s]   /opt/ros/humble/share/rclcpp_lifecycle/cmake/ament_cmake_export_dependencies-extras.cmake:21 (find_package)
[0.982s]   /opt/ros/humble/share/rclcpp_lifecycle/cmake/rclcpp_lifecycleConfig.cmake:41 (include)
[0.982s]   CMakeLists.txt:96 (find_package)
[0.982s] 
[0.982s] [0m
[1.134s] Invoked command in '/home/aleksmalm/Hermes/hermes_ws/build/ldlidar_component' returned '1': /usr/bin/cmake /home/aleksmalm/Hermes/hermes_ws/src/lidar_publisher/ldlidar_component -DCMAKE_INSTALL_PREFIX=/home/aleksmalm/Hermes/hermes_ws/install/ldlidar_component
