[3.857s] Invoking command in '/home/hermes/Hermes/hermes_ws/src/gps_publisher': PYTHONPATH=/home/hermes/Hermes/hermes_ws/build/gps_publisher/prefix_override:/usr/lib/python3/dist-packages/colcon_core/task/python/colcon_distutils_commands:/home/hermes/Hermes/hermes_ws/install/gps_publisher/lib/python3.10/site-packages:${PYTHONPATH} /usr/bin/python3 -W ignore:setup.py install is deprecated setup.py egg_info --egg-base ../../build/gps_publisher build --build-base /home/hermes/Hermes/hermes_ws/build/gps_publisher/build install --record /home/hermes/Hermes/hermes_ws/build/gps_publisher/install.log --single-version-externally-managed install_data
[4.633s] running egg_info
[4.682s] writing ../../build/gps_publisher/gps_publisher.egg-info/PKG-INFO
[4.685s] writing dependency_links to ../../build/gps_publisher/gps_publisher.egg-info/dependency_links.txt
[4.687s] writing entry points to ../../build/gps_publisher/gps_publisher.egg-info/entry_points.txt
[4.688s] writing requirements to ../../build/gps_publisher/gps_publisher.egg-info/requires.txt
[4.688s] writing top-level names to ../../build/gps_publisher/gps_publisher.egg-info/top_level.txt
[4.775s] reading manifest file '../../build/gps_publisher/gps_publisher.egg-info/SOURCES.txt'
[4.779s] Traceback (most recent call last):
[4.779s]   File "/home/hermes/Hermes/hermes_ws/src/gps_publisher/setup.py", line 5, in <module>
[4.779s]     setup(
[4.780s]   File "/home/hermes/.local/lib/python3.10/site-packages/setuptools/__init__.py", line 117, in setup
[4.780s]     return distutils.core.setup(**attrs)
[4.780s]   File "/home/hermes/.local/lib/python3.10/site-packages/setuptools/_distutils/core.py", line 183, in setup
[4.780s]     return run_commands(dist)
[4.780s]   File "/home/hermes/.local/lib/python3.10/site-packages/setuptools/_distutils/core.py", line 199, in run_commands
[4.780s]     dist.run_commands()
[4.780s]   File "/home/hermes/.local/lib/python3.10/site-packages/setuptools/_distutils/dist.py", line 954, in run_commands
[4.781s]     self.run_command(cmd)
[4.781s]   File "/home/hermes/.local/lib/python3.10/site-packages/setuptools/dist.py", line 950, in run_command
[4.781s]     super().run_command(command)
[4.781s]   File "/home/hermes/.local/lib/python3.10/site-packages/setuptools/_distutils/dist.py", line 973, in run_command
[4.782s]     cmd_obj.run()
[4.782s]   File "/home/hermes/.local/lib/python3.10/site-packages/setuptools/command/egg_info.py", line 311, in run
[4.782s]     self.find_sources()
[4.782s]   File "/home/hermes/.local/lib/python3.10/site-packages/setuptools/command/egg_info.py", line 319, in find_sources
[4.782s]     mm.run()
[4.782s]   File "/home/hermes/.local/lib/python3.10/site-packages/setuptools/command/egg_info.py", line 545, in run
[4.782s]     self.prune_file_list()
[4.783s]   File "/home/hermes/.local/lib/python3.10/site-packages/setuptools/command/sdist.py", line 161, in prune_file_list
[4.783s]     super().prune_file_list()
[4.783s]   File "/home/hermes/.local/lib/python3.10/site-packages/setuptools/_distutils/command/sdist.py", line 380, in prune_file_list
[4.783s]     base_dir = self.distribution.get_fullname()
[4.783s]   File "/home/hermes/.local/lib/python3.10/site-packages/setuptools/_core_metadata.py", line 267, in get_fullname
[4.783s]     return _distribution_fullname(self.get_name(), self.get_version())
[4.783s]   File "/home/hermes/.local/lib/python3.10/site-packages/setuptools/_core_metadata.py", line 285, in _distribution_fullname
[4.784s]     canonicalize_version(version, strip_trailing_zero=False),
[4.784s] TypeError: canonicalize_version() got an unexpected keyword argument 'strip_trailing_zero'
[5.124s] Invoked command in '/home/hermes/Hermes/hermes_ws/src/gps_publisher' returned '1': PYTHONPATH=/home/hermes/Hermes/hermes_ws/build/gps_publisher/prefix_override:/usr/lib/python3/dist-packages/colcon_core/task/python/colcon_distutils_commands:/home/hermes/Hermes/hermes_ws/install/gps_publisher/lib/python3.10/site-packages:${PYTHONPATH} /usr/bin/python3 -W ignore:setup.py install is deprecated setup.py egg_info --egg-base ../../build/gps_publisher build --build-base /home/hermes/Hermes/hermes_ws/build/gps_publisher/build install --record /home/hermes/Hermes/hermes_ws/build/gps_publisher/install.log --single-version-externally-managed install_data
