[5.340s] Invoking command in '/home/aleksmalm/Hermes/hermes_ws/src/gps_publisher': PYTHONPATH=/home/aleksmalm/Hermes/hermes_ws/build/gps_publisher/prefix_override:/home/aleksmalm/Hermes/hermes_ws/install/gps_publisher/lib/python3.10/site-packages:${PYTHONPATH} /usr/bin/python3 -W ignore:setup.py install is deprecated setup.py egg_info --egg-base ../../build/gps_publisher build --build-base /home/aleksmalm/Hermes/hermes_ws/build/gps_publisher/build install --record /home/aleksmalm/Hermes/hermes_ws/build/gps_publisher/install.log --single-version-externally-managed install_data
[6.306s] running egg_info
[6.310s] writing ../../build/gps_publisher/gps_publisher.egg-info/PKG-INFO
[6.310s] writing dependency_links to ../../build/gps_publisher/gps_publisher.egg-info/dependency_links.txt
[6.311s] writing entry points to ../../build/gps_publisher/gps_publisher.egg-info/entry_points.txt
[6.311s] writing requirements to ../../build/gps_publisher/gps_publisher.egg-info/requires.txt
[6.311s] writing top-level names to ../../build/gps_publisher/gps_publisher.egg-info/top_level.txt
[6.318s] reading manifest file '../../build/gps_publisher/gps_publisher.egg-info/SOURCES.txt'
[6.320s] writing manifest file '../../build/gps_publisher/gps_publisher.egg-info/SOURCES.txt'
[6.321s] running build
[6.321s] running build_py
[6.323s] running install
[6.323s] running install_lib
[6.328s] running install_data
[6.335s] running install_egg_info
[6.349s] removing '/home/aleksmalm/Hermes/hermes_ws/install/gps_publisher/lib/python3.10/site-packages/gps_publisher-0.0.0-py3.10.egg-info' (and everything under it)
[6.350s] Copying ../../build/gps_publisher/gps_publisher.egg-info to /home/aleksmalm/Hermes/hermes_ws/install/gps_publisher/lib/python3.10/site-packages/gps_publisher-0.0.0-py3.10.egg-info
[6.353s] running install_scripts
[6.419s] Installing gps_publisher_node script to /home/aleksmalm/Hermes/hermes_ws/install/gps_publisher/lib/gps_publisher
[6.420s] writing list of installed files to '/home/aleksmalm/Hermes/hermes_ws/build/gps_publisher/install.log'
[6.565s] Invoked command in '/home/aleksmalm/Hermes/hermes_ws/src/gps_publisher' returned '0': PYTHONPATH=/home/aleksmalm/Hermes/hermes_ws/build/gps_publisher/prefix_override:/home/aleksmalm/Hermes/hermes_ws/install/gps_publisher/lib/python3.10/site-packages:${PYTHONPATH} /usr/bin/python3 -W ignore:setup.py install is deprecated setup.py egg_info --egg-base ../../build/gps_publisher build --build-base /home/aleksmalm/Hermes/hermes_ws/build/gps_publisher/build install --record /home/aleksmalm/Hermes/hermes_ws/build/gps_publisher/install.log --single-version-externally-managed install_data
