[35m[1mConsolidate compiler generated dependencies of target gtest_main[0m
[35m[1mConsolidate compiler generated dependencies of target gtest[0m
[35m[1mConsolidate compiler generated dependencies of target imu_filter_madgwick[0m
[ 14%] Built target gtest
[ 28%] Built target gtest_main
[ 57%] Built target imu_filter_madgwick
[35m[1mConsolidate compiler generated dependencies of target madgwick_test[0m
[35m[1mConsolidate compiler generated dependencies of target stateless_orientation_test[0m
[35m[1mConsolidate compiler generated dependencies of target imu_filter_madgwick_node[0m
[ 85%] Built target stateless_orientation_test
[ 85%] Built target madgwick_test
[100%] Built target imu_filter_madgwick_node
-- Install configuration: ""
-- Installing: /home/raivo/Hermes/hermes_ws/install/imu_filter_madgwick/lib/libimu_filter_madgwick.so
-- Set runtime path of "/home/raivo/Hermes/hermes_ws/install/imu_filter_madgwick/lib/libimu_filter_madgwick.so" to ""
-- Up-to-date: /home/raivo/Hermes/hermes_ws/install/imu_filter_madgwick/include
-- Up-to-date: /home/raivo/Hermes/hermes_ws/install/imu_filter_madgwick/include/imu_filter_madgwick
-- Up-to-date: /home/raivo/Hermes/hermes_ws/install/imu_filter_madgwick/include/imu_filter_madgwick/imu_filter_ros.h
-- Up-to-date: /home/raivo/Hermes/hermes_ws/install/imu_filter_madgwick/include/imu_filter_madgwick/base_node.hpp
-- Up-to-date: /home/raivo/Hermes/hermes_ws/install/imu_filter_madgwick/include/imu_filter_madgwick/stateless_orientation.h
-- Up-to-date: /home/raivo/Hermes/hermes_ws/install/imu_filter_madgwick/include/imu_filter_madgwick/imu_filter.h
-- Up-to-date: /home/raivo/Hermes/hermes_ws/install/imu_filter_madgwick/include/imu_filter_madgwick/world_frame.h
-- Up-to-date: /home/raivo/Hermes/hermes_ws/install/imu_filter_madgwick/include/imu_filter_madgwick/visibility_control.h
-- Installing: /home/raivo/Hermes/hermes_ws/install/imu_filter_madgwick/lib/imu_filter_madgwick/imu_filter_madgwick_node
-- Set runtime path of "/home/raivo/Hermes/hermes_ws/install/imu_filter_madgwick/lib/imu_filter_madgwick/imu_filter_madgwick_node" to ""
-- Up-to-date: /home/raivo/Hermes/hermes_ws/install/imu_filter_madgwick/share/imu_filter_madgwick/launch
-- Up-to-date: /home/raivo/Hermes/hermes_ws/install/imu_filter_madgwick/share/imu_filter_madgwick/launch/imu_filter_component.launch.py
-- Up-to-date: /home/raivo/Hermes/hermes_ws/install/imu_filter_madgwick/share/imu_filter_madgwick/launch/imu_filter.launch.py
-- Up-to-date: /home/raivo/Hermes/hermes_ws/install/imu_filter_madgwick/share/imu_filter_madgwick/launch/__pycache__
-- Up-to-date: /home/raivo/Hermes/hermes_ws/install/imu_filter_madgwick/share/imu_filter_madgwick/launch/__pycache__/imu_filter.launch.cpython-310.pyc
-- Up-to-date: /home/raivo/Hermes/hermes_ws/install/imu_filter_madgwick/share/imu_filter_madgwick/config
-- Up-to-date: /home/raivo/Hermes/hermes_ws/install/imu_filter_madgwick/share/imu_filter_madgwick/config/imu_filter.yaml
-- Installing: /home/raivo/Hermes/hermes_ws/install/imu_filter_madgwick/share/imu_filter_madgwick/environment/library_path.sh
-- Installing: /home/raivo/Hermes/hermes_ws/install/imu_filter_madgwick/share/imu_filter_madgwick/environment/library_path.dsv
-- Installing: /home/raivo/Hermes/hermes_ws/install/imu_filter_madgwick/share/ament_index/resource_index/package_run_dependencies/imu_filter_madgwick
-- Installing: /home/raivo/Hermes/hermes_ws/install/imu_filter_madgwick/share/ament_index/resource_index/parent_prefix_path/imu_filter_madgwick
-- Installing: /home/raivo/Hermes/hermes_ws/install/imu_filter_madgwick/share/imu_filter_madgwick/environment/ament_prefix_path.sh
-- Installing: /home/raivo/Hermes/hermes_ws/install/imu_filter_madgwick/share/imu_filter_madgwick/environment/ament_prefix_path.dsv
-- Installing: /home/raivo/Hermes/hermes_ws/install/imu_filter_madgwick/share/imu_filter_madgwick/environment/path.sh
-- Installing: /home/raivo/Hermes/hermes_ws/install/imu_filter_madgwick/share/imu_filter_madgwick/environment/path.dsv
-- Installing: /home/raivo/Hermes/hermes_ws/install/imu_filter_madgwick/share/imu_filter_madgwick/local_setup.bash
-- Installing: /home/raivo/Hermes/hermes_ws/install/imu_filter_madgwick/share/imu_filter_madgwick/local_setup.sh
-- Installing: /home/raivo/Hermes/hermes_ws/install/imu_filter_madgwick/share/imu_filter_madgwick/local_setup.zsh
-- Installing: /home/raivo/Hermes/hermes_ws/install/imu_filter_madgwick/share/imu_filter_madgwick/local_setup.dsv
-- Installing: /home/raivo/Hermes/hermes_ws/install/imu_filter_madgwick/share/imu_filter_madgwick/package.dsv
-- Installing: /home/raivo/Hermes/hermes_ws/install/imu_filter_madgwick/share/ament_index/resource_index/packages/imu_filter_madgwick
-- Installing: /home/raivo/Hermes/hermes_ws/install/imu_filter_madgwick/share/ament_index/resource_index/rclcpp_components/imu_filter_madgwick
-- Installing: /home/raivo/Hermes/hermes_ws/install/imu_filter_madgwick/share/imu_filter_madgwick/cmake/export_imu_filter_madgwickExport.cmake
-- Installing: /home/raivo/Hermes/hermes_ws/install/imu_filter_madgwick/share/imu_filter_madgwick/cmake/export_imu_filter_madgwickExport-noconfig.cmake
-- Installing: /home/raivo/Hermes/hermes_ws/install/imu_filter_madgwick/share/imu_filter_madgwick/cmake/ament_cmake_export_include_directories-extras.cmake
-- Installing: /home/raivo/Hermes/hermes_ws/install/imu_filter_madgwick/share/imu_filter_madgwick/cmake/ament_cmake_export_libraries-extras.cmake
-- Installing: /home/raivo/Hermes/hermes_ws/install/imu_filter_madgwick/share/imu_filter_madgwick/cmake/ament_cmake_export_targets-extras.cmake
-- Installing: /home/raivo/Hermes/hermes_ws/install/imu_filter_madgwick/share/imu_filter_madgwick/cmake/imu_filter_madgwickConfig.cmake
-- Installing: /home/raivo/Hermes/hermes_ws/install/imu_filter_madgwick/share/imu_filter_madgwick/cmake/imu_filter_madgwickConfig-version.cmake
-- Up-to-date: /home/raivo/Hermes/hermes_ws/install/imu_filter_madgwick/share/imu_filter_madgwick/package.xml
