[2.008s] Invoking command in '/home/aleksmalm/Hermes/hermes_ws/src/my_tf2_broadcaster': PYTHONPATH=/home/aleksmalm/Hermes/hermes_ws/build/my_tf2_broadcaster/prefix_override:/home/aleksmalm/Hermes/hermes_ws/install/my_tf2_broadcaster/lib/python3.10/site-packages:${PYTHONPATH} /usr/bin/python3 -W ignore:setup.py install is deprecated setup.py egg_info --egg-base ../../build/my_tf2_broadcaster build --build-base /home/aleksmalm/Hermes/hermes_ws/build/my_tf2_broadcaster/build install --record /home/aleksmalm/Hermes/hermes_ws/build/my_tf2_broadcaster/install.log --single-version-externally-managed install_data
[2.184s] running egg_info
[2.185s] writing ../../build/my_tf2_broadcaster/my_tf2_broadcaster.egg-info/PKG-INFO
[2.185s] writing dependency_links to ../../build/my_tf2_broadcaster/my_tf2_broadcaster.egg-info/dependency_links.txt
[2.185s] writing entry points to ../../build/my_tf2_broadcaster/my_tf2_broadcaster.egg-info/entry_points.txt
[2.185s] writing requirements to ../../build/my_tf2_broadcaster/my_tf2_broadcaster.egg-info/requires.txt
[2.185s] writing top-level names to ../../build/my_tf2_broadcaster/my_tf2_broadcaster.egg-info/top_level.txt
[2.186s] reading manifest file '../../build/my_tf2_broadcaster/my_tf2_broadcaster.egg-info/SOURCES.txt'
[2.187s] writing manifest file '../../build/my_tf2_broadcaster/my_tf2_broadcaster.egg-info/SOURCES.txt'
[2.187s] running build
[2.187s] running build_py
[2.187s] running install
[2.187s] running install_lib
[2.188s] running install_data
[2.188s] running install_egg_info
[2.189s] removing '/home/aleksmalm/Hermes/hermes_ws/install/my_tf2_broadcaster/lib/python3.10/site-packages/my_tf2_broadcaster-0.0.0-py3.10.egg-info' (and everything under it)
[2.189s] Copying ../../build/my_tf2_broadcaster/my_tf2_broadcaster.egg-info to /home/aleksmalm/Hermes/hermes_ws/install/my_tf2_broadcaster/lib/python3.10/site-packages/my_tf2_broadcaster-0.0.0-py3.10.egg-info
[2.190s] running install_scripts
[2.204s] Installing static_tf_broadcaster script to /home/aleksmalm/Hermes/hermes_ws/install/my_tf2_broadcaster/lib/my_tf2_broadcaster
[2.204s] writing list of installed files to '/home/aleksmalm/Hermes/hermes_ws/build/my_tf2_broadcaster/install.log'
[2.336s] Invoked command in '/home/aleksmalm/Hermes/hermes_ws/src/my_tf2_broadcaster' returned '0': PYTHONPATH=/home/aleksmalm/Hermes/hermes_ws/build/my_tf2_broadcaster/prefix_override:/home/aleksmalm/Hermes/hermes_ws/install/my_tf2_broadcaster/lib/python3.10/site-packages:${PYTHONPATH} /usr/bin/python3 -W ignore:setup.py install is deprecated setup.py egg_info --egg-base ../../build/my_tf2_broadcaster build --build-base /home/aleksmalm/Hermes/hermes_ws/build/my_tf2_broadcaster/build install --record /home/aleksmalm/Hermes/hermes_ws/build/my_tf2_broadcaster/install.log --single-version-externally-managed install_data
