[  0%] Built target gazebo_msgs__cpp
[  0%] Built target ament_cmake_python_symlink_gazebo_msgs
[ 12%] Built target gazebo_msgs__rosidl_generator_c
[ 24%] Built target gazebo_msgs__rosidl_typesupport_fastrtps_cpp
[ 37%] Built target gazebo_msgs__rosidl_typesupport_introspection_cpp
[ 49%] Built target gazebo_msgs__rosidl_typesupport_cpp
[ 62%] Built target gazebo_msgs__rosidl_typesupport_c
[ 75%] Built target gazebo_msgs__rosidl_typesupport_fastrtps_c
[ 88%] Built target gazebo_msgs__rosidl_typesupport_introspection_c
[ 88%] Built target gazebo_msgs
[ 88%] Built target gazebo_msgs__py
[100%] Built target gazebo_msgs__rosidl_generator_py
[100%] Built target gazebo_msgs__rosidl_typesupport_fastrtps_c__pyext
[100%] Built target gazebo_msgs__rosidl_typesupport_c__pyext
[100%] Built target gazebo_msgs__rosidl_typesupport_introspection_c__pyext
running egg_info
writing gazebo_msgs.egg-info/PKG-INFO
writing dependency_links to gazebo_msgs.egg-info/dependency_links.txt
writing top-level names to gazebo_msgs.egg-info/top_level.txt
reading manifest file 'gazebo_msgs.egg-info/SOURCES.txt'
writing manifest file 'gazebo_msgs.egg-info/SOURCES.txt'
[100%] Built target ament_cmake_python_build_gazebo_msgs_egg
