-- Install configuration: ""
-- Installing: /home/aleksmalm/Hermes/hermes_ws/install/rlbd_gazebo/share/rlbd_gazebo//config
-- Installing: /home/aleksmalm/Hermes/hermes_ws/install/rlbd_gazebo/share/rlbd_gazebo//config/twist_mux.yaml
-- Installing: /home/aleksmalm/Hermes/hermes_ws/install/rlbd_gazebo/share/rlbd_gazebo//config/gazebo_params.yaml
-- Installing: /home/aleksmalm/Hermes/hermes_ws/install/rlbd_gazebo/share/rlbd_gazebo//launch
-- Installing: /home/aleksmalm/Hermes/hermes_ws/install/rlbd_gazebo/share/rlbd_gazebo//launch/black_donut_sim_ros2_control.launch.py
-- Installing: /home/aleksmalm/Hermes/hermes_ws/install/rlbd_gazebo/share/rlbd_gazebo//launch/mapviz.launch.py
-- Installing: /home/aleksmalm/Hermes/hermes_ws/install/rlbd_gazebo/share/rlbd_gazebo//launch/controller_spawner.launch.py
-- Installing: /home/aleksmalm/Hermes/hermes_ws/install/rlbd_gazebo/share/rlbd_gazebo//launch/sim_ros2_control.launch.py
-- Installing: /home/aleksmalm/Hermes/hermes_ws/install/rlbd_gazebo/share/rlbd_gazebo//rviz2
-- Installing: /home/aleksmalm/Hermes/hermes_ws/install/rlbd_gazebo/share/rlbd_gazebo//rviz2/display.rviz
-- Installing: /home/aleksmalm/Hermes/hermes_ws/install/rlbd_gazebo/share/rlbd_gazebo//rviz2/slam.rviz
-- Installing: /home/aleksmalm/Hermes/hermes_ws/install/rlbd_gazebo/share/rlbd_gazebo//rviz2/nav2_default_view.rviz
-- Installing: /home/aleksmalm/Hermes/hermes_ws/install/rlbd_gazebo/share/rlbd_gazebo//rviz2/nav2_namespaced_view.rviz
-- Installing: /home/aleksmalm/Hermes/hermes_ws/install/rlbd_gazebo/share/rlbd_gazebo//rviz2/odom_fix.rviz
-- Installing: /home/aleksmalm/Hermes/hermes_ws/install/rlbd_gazebo/share/rlbd_gazebo//rviz2/rtabmap_test.rviz
-- Installing: /home/aleksmalm/Hermes/hermes_ws/install/rlbd_gazebo/share/rlbd_gazebo//worlds
-- Installing: /home/aleksmalm/Hermes/hermes_ws/install/rlbd_gazebo/share/rlbd_gazebo//worlds/hospital_3_floors.world
-- Installing: /home/aleksmalm/Hermes/hermes_ws/install/rlbd_gazebo/share/rlbd_gazebo//worlds/lawn.world
-- Installing: /home/aleksmalm/Hermes/hermes_ws/install/rlbd_gazebo/share/rlbd_gazebo//worlds/office.world
-- Installing: /home/aleksmalm/Hermes/hermes_ws/install/rlbd_gazebo/share/rlbd_gazebo//worlds/distribution_center.world
-- Installing: /home/aleksmalm/Hermes/hermes_ws/install/rlbd_gazebo/share/rlbd_gazebo//worlds/hospital_2_floors.world
-- Installing: /home/aleksmalm/Hermes/hermes_ws/install/rlbd_gazebo/share/rlbd_gazebo//worlds/factory.world
-- Installing: /home/aleksmalm/Hermes/hermes_ws/install/rlbd_gazebo/share/rlbd_gazebo//worlds/hospital.world
-- Installing: /home/aleksmalm/Hermes/hermes_ws/install/rlbd_gazebo/share/rlbd_gazebo//worlds/custom.world
-- Installing: /home/aleksmalm/Hermes/hermes_ws/install/rlbd_gazebo/share/rlbd_gazebo//worlds/sonoma_raceway.world
-- Installing: /home/aleksmalm/Hermes/hermes_ws/install/rlbd_gazebo/share/rlbd_gazebo//worlds/neighborhood.world
-- Installing: /home/aleksmalm/Hermes/hermes_ws/install/rlbd_gazebo/share/rlbd_gazebo//worlds/office_small.world
-- Installing: /home/aleksmalm/Hermes/hermes_ws/install/rlbd_gazebo/share/rlbd_gazebo//worlds/car.world
-- Installing: /home/aleksmalm/Hermes/hermes_ws/install/rlbd_gazebo/share/rlbd_gazebo//worlds/cafe.world
-- Installing: /home/aleksmalm/Hermes/hermes_ws/install/rlbd_gazebo/share/rlbd_gazebo//worlds/basic.world
-- Installing: /home/aleksmalm/Hermes/hermes_ws/install/rlbd_gazebo/share/rlbd_gazebo//worlds/warehouse.world
-- Installing: /home/aleksmalm/Hermes/hermes_ws/install/rlbd_gazebo/share/rlbd_gazebo//worlds/inventory.world
-- Installing: /home/aleksmalm/Hermes/hermes_ws/install/rlbd_gazebo/share/rlbd_gazebo//worlds/farm.world
-- Installing: /home/aleksmalm/Hermes/hermes_ws/install/rlbd_gazebo/share/rlbd_gazebo//worlds/world_only.model
-- Installing: /home/aleksmalm/Hermes/hermes_ws/install/rlbd_gazebo/share/rlbd_gazebo//worlds/house.world
-- Installing: /home/aleksmalm/Hermes/hermes_ws/install/rlbd_gazebo/share/ament_index/resource_index/package_run_dependencies/rlbd_gazebo
-- Installing: /home/aleksmalm/Hermes/hermes_ws/install/rlbd_gazebo/share/ament_index/resource_index/parent_prefix_path/rlbd_gazebo
-- Installing: /home/aleksmalm/Hermes/hermes_ws/install/rlbd_gazebo/share/rlbd_gazebo/environment/ament_prefix_path.sh
-- Installing: /home/aleksmalm/Hermes/hermes_ws/install/rlbd_gazebo/share/rlbd_gazebo/environment/ament_prefix_path.dsv
-- Installing: /home/aleksmalm/Hermes/hermes_ws/install/rlbd_gazebo/share/rlbd_gazebo/environment/path.sh
-- Installing: /home/aleksmalm/Hermes/hermes_ws/install/rlbd_gazebo/share/rlbd_gazebo/environment/path.dsv
-- Installing: /home/aleksmalm/Hermes/hermes_ws/install/rlbd_gazebo/share/rlbd_gazebo/local_setup.bash
-- Installing: /home/aleksmalm/Hermes/hermes_ws/install/rlbd_gazebo/share/rlbd_gazebo/local_setup.sh
-- Installing: /home/aleksmalm/Hermes/hermes_ws/install/rlbd_gazebo/share/rlbd_gazebo/local_setup.zsh
-- Installing: /home/aleksmalm/Hermes/hermes_ws/install/rlbd_gazebo/share/rlbd_gazebo/local_setup.dsv
-- Installing: /home/aleksmalm/Hermes/hermes_ws/install/rlbd_gazebo/share/rlbd_gazebo/package.dsv
-- Installing: /home/aleksmalm/Hermes/hermes_ws/install/rlbd_gazebo/share/ament_index/resource_index/packages/rlbd_gazebo
-- Installing: /home/aleksmalm/Hermes/hermes_ws/install/rlbd_gazebo/share/rlbd_gazebo/cmake/rlbd_gazeboConfig.cmake
-- Installing: /home/aleksmalm/Hermes/hermes_ws/install/rlbd_gazebo/share/rlbd_gazebo/cmake/rlbd_gazeboConfig-version.cmake
-- Installing: /home/aleksmalm/Hermes/hermes_ws/install/rlbd_gazebo/share/rlbd_gazebo/package.xml
