[1.837s] Invoking command in '/home/aleksmalm/Hermes/hermes_ws/src/imu_publisher': PYTHONPATH=/home/aleksmalm/Hermes/hermes_ws/build/imu_publisher/prefix_override:/home/aleksmalm/Hermes/hermes_ws/install/imu_publisher/lib/python3.10/site-packages:${PYTHONPATH} /usr/bin/python3 -W ignore:setup.py install is deprecated setup.py egg_info --egg-base ../../build/imu_publisher build --build-base /home/aleksmalm/Hermes/hermes_ws/build/imu_publisher/build install --record /home/aleksmalm/Hermes/hermes_ws/build/imu_publisher/install.log --single-version-externally-managed install_data
[2.119s] running egg_info
[2.120s] writing ../../build/imu_publisher/imu_publisher.egg-info/PKG-INFO
[2.120s] writing dependency_links to ../../build/imu_publisher/imu_publisher.egg-info/dependency_links.txt
[2.120s] writing entry points to ../../build/imu_publisher/imu_publisher.egg-info/entry_points.txt
[2.120s] writing requirements to ../../build/imu_publisher/imu_publisher.egg-info/requires.txt
[2.121s] writing top-level names to ../../build/imu_publisher/imu_publisher.egg-info/top_level.txt
[2.124s] reading manifest file '../../build/imu_publisher/imu_publisher.egg-info/SOURCES.txt'
[2.124s] adding license file 'LICENSE'
[2.124s] writing manifest file '../../build/imu_publisher/imu_publisher.egg-info/SOURCES.txt'
[2.125s] running build
[2.125s] running build_py
[2.125s] running install
[2.126s] running install_lib
[2.132s] running install_data
[2.132s] running install_egg_info
[2.133s] removing '/home/aleksmalm/Hermes/hermes_ws/install/imu_publisher/lib/python3.10/site-packages/imu_publisher-0.0.0-py3.10.egg-info' (and everything under it)
[2.133s] Copying ../../build/imu_publisher/imu_publisher.egg-info to /home/aleksmalm/Hermes/hermes_ws/install/imu_publisher/lib/python3.10/site-packages/imu_publisher-0.0.0-py3.10.egg-info
[2.133s] running install_scripts
[2.161s] Installing imu_publisher_node script to /home/aleksmalm/Hermes/hermes_ws/install/imu_publisher/lib/imu_publisher
[2.161s] writing list of installed files to '/home/aleksmalm/Hermes/hermes_ws/build/imu_publisher/install.log'
[2.213s] Invoked command in '/home/aleksmalm/Hermes/hermes_ws/src/imu_publisher' returned '0': PYTHONPATH=/home/aleksmalm/Hermes/hermes_ws/build/imu_publisher/prefix_override:/home/aleksmalm/Hermes/hermes_ws/install/imu_publisher/lib/python3.10/site-packages:${PYTHONPATH} /usr/bin/python3 -W ignore:setup.py install is deprecated setup.py egg_info --egg-base ../../build/imu_publisher build --build-base /home/aleksmalm/Hermes/hermes_ws/build/imu_publisher/build install --record /home/aleksmalm/Hermes/hermes_ws/build/imu_publisher/install.log --single-version-externally-managed install_data
