[1.694s] Invoking command in '/home/hermes/Hermes/hermes_ws/src/robot_localization_pkg': PYTHONPATH=/home/hermes/Hermes/hermes_ws/build/robot_localization_pkg/prefix_override:/usr/lib/python3/dist-packages/colcon_core/task/python/colcon_distutils_commands:/home/hermes/Hermes/hermes_ws/install/robot_localization_pkg/lib/python3.10/site-packages:${PYTHONPATH} /usr/bin/python3 -W ignore:setup.py install is deprecated setup.py egg_info --egg-base ../../build/robot_localization_pkg build --build-base /home/hermes/Hermes/hermes_ws/build/robot_localization_pkg/build install --record /home/hermes/Hermes/hermes_ws/build/robot_localization_pkg/install.log --single-version-externally-managed install_data
[2.062s] /home/hermes/.local/lib/python3.10/site-packages/setuptools/_distutils/dist.py:261: UserWarning: Unknown distribution option: 'tests_require'
[2.062s]   warnings.warn(msg)
[2.307s] running egg_info
[2.346s] writing ../../build/robot_localization_pkg/robot_localization_pkg.egg-info/PKG-INFO
[2.347s] writing dependency_links to ../../build/robot_localization_pkg/robot_localization_pkg.egg-info/dependency_links.txt
[2.348s] writing requirements to ../../build/robot_localization_pkg/robot_localization_pkg.egg-info/requires.txt
[2.348s] writing top-level names to ../../build/robot_localization_pkg/robot_localization_pkg.egg-info/top_level.txt
[2.431s] reading manifest file '../../build/robot_localization_pkg/robot_localization_pkg.egg-info/SOURCES.txt'
[2.433s] writing manifest file '../../build/robot_localization_pkg/robot_localization_pkg.egg-info/SOURCES.txt'
[2.434s] running build
[2.434s] running build_py
[2.434s] copying robot_localization_pkg/__init__.py -> /home/hermes/Hermes/hermes_ws/build/robot_localization_pkg/build/lib/robot_localization_pkg
[2.435s] running install
[2.445s] running install_lib
[2.487s] running install_data
[2.487s] copying package.xml -> /home/hermes/Hermes/hermes_ws/install/robot_localization_pkg/share/robot_localization_pkg
[2.488s] copying launch/localization.launch.py -> /home/hermes/Hermes/hermes_ws/install/robot_localization_pkg/share/robot_localization_pkg/launch
[2.489s] copying param/ekf.yaml -> /home/hermes/Hermes/hermes_ws/install/robot_localization_pkg/share/robot_localization_pkg/param
[2.489s] running install_egg_info
[2.533s] removing '/home/hermes/Hermes/hermes_ws/install/robot_localization_pkg/lib/python3.10/site-packages/robot_localization_pkg-0.0.1-py3.10.egg-info' (and everything under it)
[2.533s] Copying ../../build/robot_localization_pkg/robot_localization_pkg.egg-info to /home/hermes/Hermes/hermes_ws/install/robot_localization_pkg/lib/python3.10/site-packages/robot_localization_pkg-0.0.1-py3.10.egg-info
[2.535s] running install_scripts
[2.867s] writing list of installed files to '/home/hermes/Hermes/hermes_ws/build/robot_localization_pkg/install.log'
[2.939s] Invoked command in '/home/hermes/Hermes/hermes_ws/src/robot_localization_pkg' returned '0': PYTHONPATH=/home/hermes/Hermes/hermes_ws/build/robot_localization_pkg/prefix_override:/usr/lib/python3/dist-packages/colcon_core/task/python/colcon_distutils_commands:/home/hermes/Hermes/hermes_ws/install/robot_localization_pkg/lib/python3.10/site-packages:${PYTHONPATH} /usr/bin/python3 -W ignore:setup.py install is deprecated setup.py egg_info --egg-base ../../build/robot_localization_pkg build --build-base /home/hermes/Hermes/hermes_ws/build/robot_localization_pkg/build install --record /home/hermes/Hermes/hermes_ws/build/robot_localization_pkg/install.log --single-version-externally-managed install_data
