[0.077s] Invoking command in '/home/hermes/Hermes/hermes_ws/build/image_geometry': CMAKE_PREFIX_PATH=${CMAKE_PREFIX_PATH}:/home/hermes/Hermes/hermes_ws/install/tof_publisher:/home/hermes/Hermes/hermes_ws/install/teleop_control:/home/hermes/Hermes/hermes_ws/install/opencv_tests:/home/hermes/Hermes/hermes_ws/install/odometry:/home/hermes/Hermes/hermes_ws/install/imu_publisher:/home/hermes/Hermes/hermes_ws/install/cmd_vel:/home/hermes/Hermes/hermes_ws/install/cameras:/home/hermes/Downloads/hermes/Hermes/install/tof_publisher:/home/hermes/Downloads/hermes/Hermes/install/teleop_control:/home/hermes/Downloads/hermes/Hermes/install/odometry:/home/hermes/Downloads/hermes/Hermes/install/imu_publisher:/home/hermes/Downloads/hermes/Hermes/install/gps_publisher:/home/hermes/Downloads/hermes/Hermes/install/cmd_vel:/home/hermes/Downloads/hermes/Hermes/install/cameras:/home/hermes/Downloads/hermes/ros2_ws/src/install/ros2_video_stream_pkg:/opt/ros/humble /usr/bin/cmake --build /home/hermes/Hermes/hermes_ws/build/image_geometry -- -j6 -l6
[1.404s] [ 33%] Built target image_geometry
[1.405s] [ 55%] Built target gtest
[1.405s] [ 77%] Built target gtest_main
[1.406s] [ 77%] Built target ament_cmake_python_copy_image_geometry
[1.407s] [100%] Built target image_geometry-utest
[1.408s] running egg_info
[1.408s] writing image_geometry.egg-info/PKG-INFO
[1.409s] writing dependency_links to image_geometry.egg-info/dependency_links.txt
[1.409s] writing top-level names to image_geometry.egg-info/top_level.txt
[1.410s] reading manifest file 'image_geometry.egg-info/SOURCES.txt'
[1.410s] writing manifest file 'image_geometry.egg-info/SOURCES.txt'
[1.410s] [100%] Built target ament_cmake_python_build_image_geometry_egg
[1.415s] Invoked command in '/home/hermes/Hermes/hermes_ws/build/image_geometry' returned '0': CMAKE_PREFIX_PATH=${CMAKE_PREFIX_PATH}:/home/hermes/Hermes/hermes_ws/install/tof_publisher:/home/hermes/Hermes/hermes_ws/install/teleop_control:/home/hermes/Hermes/hermes_ws/install/opencv_tests:/home/hermes/Hermes/hermes_ws/install/odometry:/home/hermes/Hermes/hermes_ws/install/imu_publisher:/home/hermes/Hermes/hermes_ws/install/cmd_vel:/home/hermes/Hermes/hermes_ws/install/cameras:/home/hermes/Downloads/hermes/Hermes/install/tof_publisher:/home/hermes/Downloads/hermes/Hermes/install/teleop_control:/home/hermes/Downloads/hermes/Hermes/install/odometry:/home/hermes/Downloads/hermes/Hermes/install/imu_publisher:/home/hermes/Downloads/hermes/Hermes/install/gps_publisher:/home/hermes/Downloads/hermes/Hermes/install/cmd_vel:/home/hermes/Downloads/hermes/Hermes/install/cameras:/home/hermes/Downloads/hermes/ros2_ws/src/install/ros2_video_stream_pkg:/opt/ros/humble /usr/bin/cmake --build /home/hermes/Hermes/hermes_ws/build/image_geometry -- -j6 -l6
[1.503s] Invoking command in '/home/hermes/Hermes/hermes_ws/build/image_geometry': CMAKE_PREFIX_PATH=${CMAKE_PREFIX_PATH}:/home/hermes/Hermes/hermes_ws/install/tof_publisher:/home/hermes/Hermes/hermes_ws/install/teleop_control:/home/hermes/Hermes/hermes_ws/install/opencv_tests:/home/hermes/Hermes/hermes_ws/install/odometry:/home/hermes/Hermes/hermes_ws/install/imu_publisher:/home/hermes/Hermes/hermes_ws/install/cmd_vel:/home/hermes/Hermes/hermes_ws/install/cameras:/home/hermes/Downloads/hermes/Hermes/install/tof_publisher:/home/hermes/Downloads/hermes/Hermes/install/teleop_control:/home/hermes/Downloads/hermes/Hermes/install/odometry:/home/hermes/Downloads/hermes/Hermes/install/imu_publisher:/home/hermes/Downloads/hermes/Hermes/install/gps_publisher:/home/hermes/Downloads/hermes/Hermes/install/cmd_vel:/home/hermes/Downloads/hermes/Hermes/install/cameras:/home/hermes/Downloads/hermes/ros2_ws/src/install/ros2_video_stream_pkg:/opt/ros/humble /usr/bin/cmake --install /home/hermes/Hermes/hermes_ws/build/image_geometry
[1.521s] -- Install configuration: ""
[1.521s] -- Up-to-date: /home/hermes/Hermes/hermes_ws/install/image_geometry/share/image_geometry/environment/pythonpath.sh
[1.521s] -- Up-to-date: /home/hermes/Hermes/hermes_ws/install/image_geometry/share/image_geometry/environment/pythonpath.dsv
[1.522s] -- Up-to-date: /home/hermes/Hermes/hermes_ws/install/image_geometry/local/lib/python3.10/dist-packages/image_geometry-3.2.1-py3.10.egg-info
[1.522s] -- Installing: /home/hermes/Hermes/hermes_ws/install/image_geometry/local/lib/python3.10/dist-packages/image_geometry-3.2.1-py3.10.egg-info/dependency_links.txt
[1.522s] -- Installing: /home/hermes/Hermes/hermes_ws/install/image_geometry/local/lib/python3.10/dist-packages/image_geometry-3.2.1-py3.10.egg-info/SOURCES.txt
[1.522s] -- Installing: /home/hermes/Hermes/hermes_ws/install/image_geometry/local/lib/python3.10/dist-packages/image_geometry-3.2.1-py3.10.egg-info/PKG-INFO
[1.522s] -- Installing: /home/hermes/Hermes/hermes_ws/install/image_geometry/local/lib/python3.10/dist-packages/image_geometry-3.2.1-py3.10.egg-info/top_level.txt
[1.522s] -- Up-to-date: /home/hermes/Hermes/hermes_ws/install/image_geometry/local/lib/python3.10/dist-packages/image_geometry
[1.523s] -- Up-to-date: /home/hermes/Hermes/hermes_ws/install/image_geometry/local/lib/python3.10/dist-packages/image_geometry/__init__.py
[1.523s] -- Up-to-date: /home/hermes/Hermes/hermes_ws/install/image_geometry/local/lib/python3.10/dist-packages/image_geometry/cameramodels.py
[1.650s] Listing '/home/hermes/Hermes/hermes_ws/install/image_geometry/local/lib/python3.10/dist-packages/image_geometry'...
[1.664s] -- Up-to-date: /home/hermes/Hermes/hermes_ws/install/image_geometry/include/image_geometry
[1.664s] -- Up-to-date: /home/hermes/Hermes/hermes_ws/install/image_geometry/include/image_geometry/image_geometry
[1.665s] -- Up-to-date: /home/hermes/Hermes/hermes_ws/install/image_geometry/include/image_geometry/image_geometry/visibility_control.hpp
[1.665s] -- Up-to-date: /home/hermes/Hermes/hermes_ws/install/image_geometry/include/image_geometry/image_geometry/stereo_camera_model.h
[1.665s] -- Up-to-date: /home/hermes/Hermes/hermes_ws/install/image_geometry/include/image_geometry/image_geometry/pinhole_camera_model.h
[1.666s] -- Up-to-date: /home/hermes/Hermes/hermes_ws/install/image_geometry/lib/libimage_geometry.so
[1.666s] -- Up-to-date: /home/hermes/Hermes/hermes_ws/install/image_geometry/share/ament_index/resource_index/package_run_dependencies/image_geometry
[1.667s] -- Up-to-date: /home/hermes/Hermes/hermes_ws/install/image_geometry/share/ament_index/resource_index/parent_prefix_path/image_geometry
[1.667s] -- Up-to-date: /home/hermes/Hermes/hermes_ws/install/image_geometry/share/image_geometry/environment/ament_prefix_path.sh
[1.668s] -- Up-to-date: /home/hermes/Hermes/hermes_ws/install/image_geometry/share/image_geometry/environment/ament_prefix_path.dsv
[1.668s] -- Up-to-date: /home/hermes/Hermes/hermes_ws/install/image_geometry/share/image_geometry/environment/path.sh
[1.669s] -- Up-to-date: /home/hermes/Hermes/hermes_ws/install/image_geometry/share/image_geometry/environment/path.dsv
[1.670s] -- Up-to-date: /home/hermes/Hermes/hermes_ws/install/image_geometry/share/image_geometry/local_setup.bash
[1.670s] -- Up-to-date: /home/hermes/Hermes/hermes_ws/install/image_geometry/share/image_geometry/local_setup.sh
[1.671s] -- Up-to-date: /home/hermes/Hermes/hermes_ws/install/image_geometry/share/image_geometry/local_setup.zsh
[1.671s] -- Up-to-date: /home/hermes/Hermes/hermes_ws/install/image_geometry/share/image_geometry/local_setup.dsv
[1.672s] -- Installing: /home/hermes/Hermes/hermes_ws/install/image_geometry/share/image_geometry/package.dsv
[1.672s] -- Up-to-date: /home/hermes/Hermes/hermes_ws/install/image_geometry/share/ament_index/resource_index/packages/image_geometry
[1.673s] -- Up-to-date: /home/hermes/Hermes/hermes_ws/install/image_geometry/share/image_geometry/cmake/export_image_geometryExport.cmake
[1.673s] -- Up-to-date: /home/hermes/Hermes/hermes_ws/install/image_geometry/share/image_geometry/cmake/export_image_geometryExport-noconfig.cmake
[1.674s] -- Up-to-date: /home/hermes/Hermes/hermes_ws/install/image_geometry/share/image_geometry/cmake/ament_cmake_export_targets-extras.cmake
[1.674s] -- Up-to-date: /home/hermes/Hermes/hermes_ws/install/image_geometry/share/image_geometry/cmake/ament_cmake_export_dependencies-extras.cmake
[1.675s] -- Up-to-date: /home/hermes/Hermes/hermes_ws/install/image_geometry/share/image_geometry/cmake/image_geometryConfig.cmake
[1.676s] -- Up-to-date: /home/hermes/Hermes/hermes_ws/install/image_geometry/share/image_geometry/cmake/image_geometryConfig-version.cmake
[1.678s] -- Up-to-date: /home/hermes/Hermes/hermes_ws/install/image_geometry/share/image_geometry/package.xml
[1.728s] Invoked command in '/home/hermes/Hermes/hermes_ws/build/image_geometry' returned '0': CMAKE_PREFIX_PATH=${CMAKE_PREFIX_PATH}:/home/hermes/Hermes/hermes_ws/install/tof_publisher:/home/hermes/Hermes/hermes_ws/install/teleop_control:/home/hermes/Hermes/hermes_ws/install/opencv_tests:/home/hermes/Hermes/hermes_ws/install/odometry:/home/hermes/Hermes/hermes_ws/install/imu_publisher:/home/hermes/Hermes/hermes_ws/install/cmd_vel:/home/hermes/Hermes/hermes_ws/install/cameras:/home/hermes/Downloads/hermes/Hermes/install/tof_publisher:/home/hermes/Downloads/hermes/Hermes/install/teleop_control:/home/hermes/Downloads/hermes/Hermes/install/odometry:/home/hermes/Downloads/hermes/Hermes/install/imu_publisher:/home/hermes/Downloads/hermes/Hermes/install/gps_publisher:/home/hermes/Downloads/hermes/Hermes/install/cmd_vel:/home/hermes/Downloads/hermes/Hermes/install/cameras:/home/hermes/Downloads/hermes/ros2_ws/src/install/ros2_video_stream_pkg:/opt/ros/humble /usr/bin/cmake --install /home/hermes/Hermes/hermes_ws/build/image_geometry
