[4.814s] Invoking command in '/home/aleksmalm/Hermes/hermes_ws/src/cameras': PYTHONPATH=/home/aleksmalm/Hermes/hermes_ws/build/cameras/prefix_override:/home/aleksmalm/Hermes/hermes_ws/install/cameras/lib/python3.10/site-packages:${PYTHONPATH} /usr/bin/python3 -W ignore:setup.py install is deprecated setup.py egg_info --egg-base ../../build/cameras build --build-base /home/aleksmalm/Hermes/hermes_ws/build/cameras/build install --record /home/aleksmalm/Hermes/hermes_ws/build/cameras/install.log --single-version-externally-managed install_data
[5.593s] running egg_info
[5.597s] writing ../../build/cameras/cameras.egg-info/PKG-INFO
[5.598s] writing dependency_links to ../../build/cameras/cameras.egg-info/dependency_links.txt
[5.600s] writing entry points to ../../build/cameras/cameras.egg-info/entry_points.txt
[5.600s] writing requirements to ../../build/cameras/cameras.egg-info/requires.txt
[5.601s] writing top-level names to ../../build/cameras/cameras.egg-info/top_level.txt
[5.601s] reading manifest file '../../build/cameras/cameras.egg-info/SOURCES.txt'
[5.601s] adding license file 'LICENSE'
[5.602s] writing manifest file '../../build/cameras/cameras.egg-info/SOURCES.txt'
[5.602s] running build
[5.602s] running build_py
[5.603s] running install
[5.603s] running install_lib
[5.603s] running install_data
[5.603s] running install_egg_info
[5.609s] removing '/home/aleksmalm/Hermes/hermes_ws/install/cameras/lib/python3.10/site-packages/cameras-0.0.0-py3.10.egg-info' (and everything under it)
[5.609s] Copying ../../build/cameras/cameras.egg-info to /home/aleksmalm/Hermes/hermes_ws/install/cameras/lib/python3.10/site-packages/cameras-0.0.0-py3.10.egg-info
[5.612s] running install_scripts
[5.684s] Installing cameras_node script to /home/aleksmalm/Hermes/hermes_ws/install/cameras/lib/cameras
[5.685s] writing list of installed files to '/home/aleksmalm/Hermes/hermes_ws/build/cameras/install.log'
[5.796s] Invoked command in '/home/aleksmalm/Hermes/hermes_ws/src/cameras' returned '0': PYTHONPATH=/home/aleksmalm/Hermes/hermes_ws/build/cameras/prefix_override:/home/aleksmalm/Hermes/hermes_ws/install/cameras/lib/python3.10/site-packages:${PYTHONPATH} /usr/bin/python3 -W ignore:setup.py install is deprecated setup.py egg_info --egg-base ../../build/cameras build --build-base /home/aleksmalm/Hermes/hermes_ws/build/cameras/build install --record /home/aleksmalm/Hermes/hermes_ws/build/cameras/install.log --single-version-externally-managed install_data
