[0.010s] Invoking command in '/home/aleksmalm/Hermes/hermes_ws/build/ldlidar': CMAKE_PREFIX_PATH=/home/aleksmalm/Hermes/hermes_ws/install/ldlidar_node:/home/aleksmalm/Hermes/hermes_ws/install/ldlidar_component:/home/aleksmalm/navigation2/install/nav2_common:/home/aleksmalm/Hermes/hermes_ws/install/ldlidar:/home/aleksmalm/Hermes/hermes_ws/install/hermes_urdf:/home/aleksmalm/Hermes/hermes_ws/install/hermes_navigation:/home/aleksmalm/Hermes/hermes_ws/install/hermes_interfaces:/home/aleksmalm/Hermes/hermes_ws/install/gps_publisher:/home/aleksmalm/Hermes/hermes_ws/install/tof_publisher:/home/aleksmalm/Hermes/hermes_ws/install/teleop_control:/home/aleksmalm/Hermes/hermes_ws/install/odometry:/home/aleksmalm/Hermes/hermes_ws/install/imu_publisher:/home/aleksmalm/Hermes/hermes_ws/install/cmd_vel:/home/aleksmalm/Hermes/hermes_ws/install/cameras:/opt/ros/humble /usr/bin/cmake --build /home/aleksmalm/Hermes/hermes_ws/build/ldlidar -- -j12 -l12
[0.048s] Invoked command in '/home/aleksmalm/Hermes/hermes_ws/build/ldlidar' returned '0': CMAKE_PREFIX_PATH=/home/aleksmalm/Hermes/hermes_ws/install/ldlidar_node:/home/aleksmalm/Hermes/hermes_ws/install/ldlidar_component:/home/aleksmalm/navigation2/install/nav2_common:/home/aleksmalm/Hermes/hermes_ws/install/ldlidar:/home/aleksmalm/Hermes/hermes_ws/install/hermes_urdf:/home/aleksmalm/Hermes/hermes_ws/install/hermes_navigation:/home/aleksmalm/Hermes/hermes_ws/install/hermes_interfaces:/home/aleksmalm/Hermes/hermes_ws/install/gps_publisher:/home/aleksmalm/Hermes/hermes_ws/install/tof_publisher:/home/aleksmalm/Hermes/hermes_ws/install/teleop_control:/home/aleksmalm/Hermes/hermes_ws/install/odometry:/home/aleksmalm/Hermes/hermes_ws/install/imu_publisher:/home/aleksmalm/Hermes/hermes_ws/install/cmd_vel:/home/aleksmalm/Hermes/hermes_ws/install/cameras:/opt/ros/humble /usr/bin/cmake --build /home/aleksmalm/Hermes/hermes_ws/build/ldlidar -- -j12 -l12
[0.073s] Invoking command in '/home/aleksmalm/Hermes/hermes_ws/build/ldlidar': CMAKE_PREFIX_PATH=/home/aleksmalm/Hermes/hermes_ws/install/ldlidar_node:/home/aleksmalm/Hermes/hermes_ws/install/ldlidar_component:/home/aleksmalm/navigation2/install/nav2_common:/home/aleksmalm/Hermes/hermes_ws/install/ldlidar:/home/aleksmalm/Hermes/hermes_ws/install/hermes_urdf:/home/aleksmalm/Hermes/hermes_ws/install/hermes_navigation:/home/aleksmalm/Hermes/hermes_ws/install/hermes_interfaces:/home/aleksmalm/Hermes/hermes_ws/install/gps_publisher:/home/aleksmalm/Hermes/hermes_ws/install/tof_publisher:/home/aleksmalm/Hermes/hermes_ws/install/teleop_control:/home/aleksmalm/Hermes/hermes_ws/install/odometry:/home/aleksmalm/Hermes/hermes_ws/install/imu_publisher:/home/aleksmalm/Hermes/hermes_ws/install/cmd_vel:/home/aleksmalm/Hermes/hermes_ws/install/cameras:/opt/ros/humble /usr/bin/cmake --install /home/aleksmalm/Hermes/hermes_ws/build/ldlidar
[0.080s] -- Install configuration: ""
[0.080s] -- Up-to-date: /home/aleksmalm/Hermes/hermes_ws/install/ldlidar/share/ament_index/resource_index/package_run_dependencies/ldlidar
[0.080s] -- Up-to-date: /home/aleksmalm/Hermes/hermes_ws/install/ldlidar/share/ament_index/resource_index/parent_prefix_path/ldlidar
[0.080s] -- Up-to-date: /home/aleksmalm/Hermes/hermes_ws/install/ldlidar/share/ldlidar/environment/ament_prefix_path.sh
[0.080s] -- Up-to-date: /home/aleksmalm/Hermes/hermes_ws/install/ldlidar/share/ldlidar/environment/ament_prefix_path.dsv
[0.081s] -- Up-to-date: /home/aleksmalm/Hermes/hermes_ws/install/ldlidar/share/ldlidar/environment/path.sh
[0.081s] -- Up-to-date: /home/aleksmalm/Hermes/hermes_ws/install/ldlidar/share/ldlidar/environment/path.dsv
[0.081s] -- Up-to-date: /home/aleksmalm/Hermes/hermes_ws/install/ldlidar/share/ldlidar/local_setup.bash
[0.081s] -- Up-to-date: /home/aleksmalm/Hermes/hermes_ws/install/ldlidar/share/ldlidar/local_setup.sh
[0.081s] -- Up-to-date: /home/aleksmalm/Hermes/hermes_ws/install/ldlidar/share/ldlidar/local_setup.zsh
[0.081s] -- Up-to-date: /home/aleksmalm/Hermes/hermes_ws/install/ldlidar/share/ldlidar/local_setup.dsv
[0.081s] -- Installing: /home/aleksmalm/Hermes/hermes_ws/install/ldlidar/share/ldlidar/package.dsv
[0.081s] -- Up-to-date: /home/aleksmalm/Hermes/hermes_ws/install/ldlidar/share/ament_index/resource_index/packages/ldlidar
[0.081s] -- Up-to-date: /home/aleksmalm/Hermes/hermes_ws/install/ldlidar/share/ldlidar/cmake/ldlidarConfig.cmake
[0.081s] -- Up-to-date: /home/aleksmalm/Hermes/hermes_ws/install/ldlidar/share/ldlidar/cmake/ldlidarConfig-version.cmake
[0.081s] -- Up-to-date: /home/aleksmalm/Hermes/hermes_ws/install/ldlidar/share/ldlidar/package.xml
[0.083s] Invoked command in '/home/aleksmalm/Hermes/hermes_ws/build/ldlidar' returned '0': CMAKE_PREFIX_PATH=/home/aleksmalm/Hermes/hermes_ws/install/ldlidar_node:/home/aleksmalm/Hermes/hermes_ws/install/ldlidar_component:/home/aleksmalm/navigation2/install/nav2_common:/home/aleksmalm/Hermes/hermes_ws/install/ldlidar:/home/aleksmalm/Hermes/hermes_ws/install/hermes_urdf:/home/aleksmalm/Hermes/hermes_ws/install/hermes_navigation:/home/aleksmalm/Hermes/hermes_ws/install/hermes_interfaces:/home/aleksmalm/Hermes/hermes_ws/install/gps_publisher:/home/aleksmalm/Hermes/hermes_ws/install/tof_publisher:/home/aleksmalm/Hermes/hermes_ws/install/teleop_control:/home/aleksmalm/Hermes/hermes_ws/install/odometry:/home/aleksmalm/Hermes/hermes_ws/install/imu_publisher:/home/aleksmalm/Hermes/hermes_ws/install/cmd_vel:/home/aleksmalm/Hermes/hermes_ws/install/cameras:/opt/ros/humble /usr/bin/cmake --install /home/aleksmalm/Hermes/hermes_ws/build/ldlidar
