[0.647s] Invoking command in '/home/raivo/Hermes/hermes_ws/src/teleop_control': PYTHONPATH=/home/raivo/Hermes/hermes_ws/build/teleop_control/prefix_override:/home/raivo/Hermes/hermes_ws/install/teleop_control/lib/python3.10/site-packages:${PYTHONPATH} /usr/bin/python3 -W ignore:setup.py install is deprecated setup.py egg_info --egg-base ../../build/teleop_control build --build-base /home/raivo/Hermes/hermes_ws/build/teleop_control/build install --record /home/raivo/Hermes/hermes_ws/build/teleop_control/install.log --single-version-externally-managed install_data
[0.805s] running egg_info
[0.805s] writing ../../build/teleop_control/teleop_control.egg-info/PKG-INFO
[0.805s] writing dependency_links to ../../build/teleop_control/teleop_control.egg-info/dependency_links.txt
[0.805s] writing entry points to ../../build/teleop_control/teleop_control.egg-info/entry_points.txt
[0.806s] writing requirements to ../../build/teleop_control/teleop_control.egg-info/requires.txt
[0.806s] writing top-level names to ../../build/teleop_control/teleop_control.egg-info/top_level.txt
[0.807s] reading manifest file '../../build/teleop_control/teleop_control.egg-info/SOURCES.txt'
[0.807s] adding license file 'LICENSE'
[0.807s] writing manifest file '../../build/teleop_control/teleop_control.egg-info/SOURCES.txt'
[0.807s] running build
[0.807s] running build_py
[0.808s] running install
[0.808s] running install_lib
[0.809s] running install_data
[0.809s] running install_egg_info
[0.810s] removing '/home/raivo/Hermes/hermes_ws/install/teleop_control/lib/python3.10/site-packages/teleop_control-0.0.0-py3.10.egg-info' (and everything under it)
[0.810s] Copying ../../build/teleop_control/teleop_control.egg-info to /home/raivo/Hermes/hermes_ws/install/teleop_control/lib/python3.10/site-packages/teleop_control-0.0.0-py3.10.egg-info
[0.811s] running install_scripts
[0.823s] Installing teleop_control_node script to /home/raivo/Hermes/hermes_ws/install/teleop_control/lib/teleop_control
[0.824s] writing list of installed files to '/home/raivo/Hermes/hermes_ws/build/teleop_control/install.log'
[0.840s] Invoked command in '/home/raivo/Hermes/hermes_ws/src/teleop_control' returned '0': PYTHONPATH=/home/raivo/Hermes/hermes_ws/build/teleop_control/prefix_override:/home/raivo/Hermes/hermes_ws/install/teleop_control/lib/python3.10/site-packages:${PYTHONPATH} /usr/bin/python3 -W ignore:setup.py install is deprecated setup.py egg_info --egg-base ../../build/teleop_control build --build-base /home/raivo/Hermes/hermes_ws/build/teleop_control/build install --record /home/raivo/Hermes/hermes_ws/build/teleop_control/install.log --single-version-externally-managed install_data
