running egg_info
creating ../build/cameras/cameras.egg-info
writing ../build/cameras/cameras.egg-info/PKG-INFO
writing dependency_links to ../build/cameras/cameras.egg-info/dependency_links.txt
writing entry points to ../build/cameras/cameras.egg-info/entry_points.txt
writing requirements to ../build/cameras/cameras.egg-info/requires.txt
writing top-level names to ../build/cameras/cameras.egg-info/top_level.txt
writing manifest file '../build/cameras/cameras.egg-info/SOURCES.txt'
reading manifest file '../build/cameras/cameras.egg-info/SOURCES.txt'
writing manifest file '../build/cameras/cameras.egg-info/SOURCES.txt'
running build
running build_py
creating /home/raivo/Hermes/hermes_ws/src/build/cameras/build
creating /home/raivo/Hermes/hermes_ws/src/build/cameras/build/lib
creating /home/raivo/Hermes/hermes_ws/src/build/cameras/build/lib/cameras
copying cameras/cam2.py -> /home/raivo/Hermes/hermes_ws/src/build/cameras/build/lib/cameras
copying cameras/cameras_node.py -> /home/raivo/Hermes/hermes_ws/src/build/cameras/build/lib/cameras
copying cameras/__init__.py -> /home/raivo/Hermes/hermes_ws/src/build/cameras/build/lib/cameras
copying cameras/realsense.py -> /home/raivo/Hermes/hermes_ws/src/build/cameras/build/lib/cameras
running install
running install_lib
creating /home/raivo/Hermes/hermes_ws/src/install/cameras/lib/python3.8/site-packages/cameras
copying /home/raivo/Hermes/hermes_ws/src/build/cameras/build/lib/cameras/cam2.py -> /home/raivo/Hermes/hermes_ws/src/install/cameras/lib/python3.8/site-packages/cameras
copying /home/raivo/Hermes/hermes_ws/src/build/cameras/build/lib/cameras/cameras_node.py -> /home/raivo/Hermes/hermes_ws/src/install/cameras/lib/python3.8/site-packages/cameras
copying /home/raivo/Hermes/hermes_ws/src/build/cameras/build/lib/cameras/__init__.py -> /home/raivo/Hermes/hermes_ws/src/install/cameras/lib/python3.8/site-packages/cameras
copying /home/raivo/Hermes/hermes_ws/src/build/cameras/build/lib/cameras/realsense.py -> /home/raivo/Hermes/hermes_ws/src/install/cameras/lib/python3.8/site-packages/cameras
byte-compiling /home/raivo/Hermes/hermes_ws/src/install/cameras/lib/python3.8/site-packages/cameras/cam2.py to cam2.cpython-38.pyc
byte-compiling /home/raivo/Hermes/hermes_ws/src/install/cameras/lib/python3.8/site-packages/cameras/cameras_node.py to cameras_node.cpython-38.pyc
byte-compiling /home/raivo/Hermes/hermes_ws/src/install/cameras/lib/python3.8/site-packages/cameras/__init__.py to __init__.cpython-38.pyc
byte-compiling /home/raivo/Hermes/hermes_ws/src/install/cameras/lib/python3.8/site-packages/cameras/realsense.py to realsense.cpython-38.pyc
running install_data
creating /home/raivo/Hermes/hermes_ws/src/install/cameras/share/ament_index
creating /home/raivo/Hermes/hermes_ws/src/install/cameras/share/ament_index/resource_index
creating /home/raivo/Hermes/hermes_ws/src/install/cameras/share/ament_index/resource_index/packages
copying resource/cameras -> /home/raivo/Hermes/hermes_ws/src/install/cameras/share/ament_index/resource_index/packages
copying package.xml -> /home/raivo/Hermes/hermes_ws/src/install/cameras/share/cameras
running install_egg_info
Copying ../build/cameras/cameras.egg-info to /home/raivo/Hermes/hermes_ws/src/install/cameras/lib/python3.8/site-packages/cameras-0.0.0-py3.8.egg-info
running install_scripts
Installing cameras_node script to /home/raivo/Hermes/hermes_ws/src/install/cameras/lib/cameras
writing list of installed files to '/home/raivo/Hermes/hermes_ws/src/build/cameras/install.log'
