[0.360s] Invoking command in '/home/aleksmalm/Hermes/hermes_ws/build/hermes_interfaces': CMAKE_PREFIX_PATH=${CMAKE_PREFIX_PATH}:/home/aleksmalm/Hermes/hermes_ws/install/tof_publisher:/home/aleksmalm/Hermes/hermes_ws/install/teleop_control:/home/aleksmalm/Hermes/hermes_ws/install/odometry:/home/aleksmalm/Hermes/hermes_ws/install/nav2_gps_waypoint_follower_demo:/home/aleksmalm/Hermes/hermes_ws/install/imu_publisher:/home/aleksmalm/Hermes/hermes_ws/install/cmd_vel:/home/aleksmalm/Hermes/hermes_ws/install/cameras /usr/bin/cmake /home/aleksmalm/Hermes/hermes_ws/src/hermes_interfaces -DCMAKE_INSTALL_PREFIX=/home/aleksmalm/Hermes/hermes_ws/install/hermes_interfaces
[1.195s] -- The C compiler identification is GNU 11.4.0
[1.195s] -- The CXX compiler identification is GNU 11.4.0
[1.196s] -- Detecting C compiler ABI info
[1.196s] -- Detecting C compiler ABI info - done
[1.196s] -- Check for working C compiler: /usr/bin/cc - skipped
[1.196s] -- Detecting C compile features
[1.196s] -- Detecting C compile features - done
[1.196s] -- Detecting CXX compiler ABI info
[1.196s] -- Detecting CXX compiler ABI info - done
[1.196s] -- Check for working CXX compiler: /usr/bin/c++ - skipped
[1.196s] -- Detecting CXX compile features
[1.196s] -- Detecting CXX compile features - done
[1.196s] -- Found ament_cmake: 1.3.8 (/opt/ros/humble/share/ament_cmake/cmake)
[1.196s] -- Found Python3: /usr/bin/python3 (found version "3.10.12") found components: Interpreter 
[1.196s] -- Found rosidl_default_generators: 1.2.0 (/opt/ros/humble/share/rosidl_default_generators/cmake)
[1.196s] -- Configuring incomplete, errors occurred!
[1.196s] See also "/home/aleksmalm/Hermes/hermes_ws/build/hermes_interfaces/CMakeFiles/CMakeOutput.log".
[1.198s] [31mCMake Error at /opt/ros/humble/share/rosidl_typesupport_c/cmake/get_used_typesupports.cmake:35 (message):
[1.198s]   No 'rosidl_typesupport_c' found
[1.198s] Call Stack (most recent call first):
[1.198s]   /opt/ros/humble/share/rosidl_typesupport_c/cmake/rosidl_typesupport_c-extras.cmake:8 (get_used_typesupports)
[1.198s]   /opt/ros/humble/share/rosidl_typesupport_c/cmake/rosidl_typesupport_cConfig.cmake:41 (include)
[1.198s]   /opt/ros/humble/share/rosidl_default_generators/cmake/rosidl_default_generators-extras.cmake:21 (find_package)
[1.198s]   /opt/ros/humble/share/rosidl_default_generators/cmake/rosidl_default_generatorsConfig.cmake:41 (include)
[1.198s]   CMakeLists.txt:13 (find_package)
[1.198s] 
[1.199s] [0m
[1.352s] Invoked command in '/home/aleksmalm/Hermes/hermes_ws/build/hermes_interfaces' returned '1': CMAKE_PREFIX_PATH=${CMAKE_PREFIX_PATH}:/home/aleksmalm/Hermes/hermes_ws/install/tof_publisher:/home/aleksmalm/Hermes/hermes_ws/install/teleop_control:/home/aleksmalm/Hermes/hermes_ws/install/odometry:/home/aleksmalm/Hermes/hermes_ws/install/nav2_gps_waypoint_follower_demo:/home/aleksmalm/Hermes/hermes_ws/install/imu_publisher:/home/aleksmalm/Hermes/hermes_ws/install/cmd_vel:/home/aleksmalm/Hermes/hermes_ws/install/cameras /usr/bin/cmake /home/aleksmalm/Hermes/hermes_ws/src/hermes_interfaces -DCMAKE_INSTALL_PREFIX=/home/aleksmalm/Hermes/hermes_ws/install/hermes_interfaces
