[2.510s] Invoking command in '/home/hermes/Hermes/hermes_ws/src/cameras': PYTHONPATH=/home/hermes/Hermes/hermes_ws/build/cameras/prefix_override:/home/hermes/Hermes/hermes_ws/install/cameras/lib/python3.10/site-packages:${PYTHONPATH} /usr/bin/python3 -W ignore:setup.py install is deprecated setup.py egg_info --egg-base ../../build/cameras build --build-base /home/hermes/Hermes/hermes_ws/build/cameras/build install --record /home/hermes/Hermes/hermes_ws/build/cameras/install.log --single-version-externally-managed install_data
[3.104s] running egg_info
[3.105s] writing ../../build/cameras/cameras.egg-info/PKG-INFO
[3.106s] writing dependency_links to ../../build/cameras/cameras.egg-info/dependency_links.txt
[3.106s] writing entry points to ../../build/cameras/cameras.egg-info/entry_points.txt
[3.107s] writing requirements to ../../build/cameras/cameras.egg-info/requires.txt
[3.107s] writing top-level names to ../../build/cameras/cameras.egg-info/top_level.txt
[3.111s] reading manifest file '../../build/cameras/cameras.egg-info/SOURCES.txt'
[3.111s] adding license file 'LICENSE'
[3.112s] writing manifest file '../../build/cameras/cameras.egg-info/SOURCES.txt'
[3.112s] running build
[3.112s] running build_py
[3.113s] running install
[3.114s] running install_lib
[3.119s] running install_data
[3.119s] running install_egg_info
[3.124s] removing '/home/hermes/Hermes/hermes_ws/install/cameras/lib/python3.10/site-packages/cameras-0.0.0-py3.10.egg-info' (and everything under it)
[3.125s] Copying ../../build/cameras/cameras.egg-info to /home/hermes/Hermes/hermes_ws/install/cameras/lib/python3.10/site-packages/cameras-0.0.0-py3.10.egg-info
[3.127s] running install_scripts
[3.174s] Installing cameras_node script to /home/hermes/Hermes/hermes_ws/install/cameras/lib/cameras
[3.175s] writing list of installed files to '/home/hermes/Hermes/hermes_ws/build/cameras/install.log'
[3.508s] Invoked command in '/home/hermes/Hermes/hermes_ws/src/cameras' returned '0': PYTHONPATH=/home/hermes/Hermes/hermes_ws/build/cameras/prefix_override:/home/hermes/Hermes/hermes_ws/install/cameras/lib/python3.10/site-packages:${PYTHONPATH} /usr/bin/python3 -W ignore:setup.py install is deprecated setup.py egg_info --egg-base ../../build/cameras build --build-base /home/hermes/Hermes/hermes_ws/build/cameras/build install --record /home/hermes/Hermes/hermes_ws/build/cameras/install.log --single-version-externally-managed install_data
