[0.548s] Invoking command in '/home/aleksmalm/Hermes/hermes_ws/build/hermes_interfaces': CMAKE_PREFIX_PATH=${CMAKE_PREFIX_PATH}:/home/aleksmalm/Hermes/hermes_ws/install/tof_publisher:/home/aleksmalm/Hermes/hermes_ws/install/teleop_control:/home/aleksmalm/Hermes/hermes_ws/install/robot_localization_pkg:/home/aleksmalm/Hermes/hermes_ws/install/path_creator:/home/aleksmalm/Hermes/hermes_ws/install/my_tf2_broadcaster:/home/aleksmalm/Hermes/hermes_ws/install/icm20948_publisher:/home/aleksmalm/Hermes/hermes_ws/install/hermes_nav:/home/aleksmalm/Hermes/hermes_ws/install/gps_publisher:/home/aleksmalm/Hermes/hermes_ws/install/cmd_vel:/home/aleksmalm/Hermes/hermes_ws/install/cameras:/opt/ros/humble /usr/bin/cmake --build /home/aleksmalm/Hermes/hermes_ws/build/hermes_interfaces -- -j12 -l12
[1.444s] [  9%] Built target hermes_interfaces__rosidl_generator_c
[1.444s] [ 12%] Built target hermes_interfaces__cpp
[1.445s] [ 12%] Built target ament_cmake_python_copy_hermes_interfaces
[1.445s] [ 22%] Built target hermes_interfaces__rosidl_typesupport_introspection_c
[1.445s] [ 32%] Built target hermes_interfaces__rosidl_typesupport_fastrtps_cpp
[1.445s] [ 51%] Built target hermes_interfaces__rosidl_typesupport_c
[1.445s] [ 51%] Built target hermes_interfaces__rosidl_typesupport_fastrtps_c
[1.445s] [ 61%] Built target hermes_interfaces__rosidl_typesupport_introspection_cpp
[1.446s] [ 70%] Built target hermes_interfaces__rosidl_typesupport_cpp
[1.446s] [ 70%] Built target hermes_interfaces
[1.446s] [ 74%] Built target hermes_interfaces__py
[1.446s] [ 80%] Built target hermes_interfaces__rosidl_generator_py
[1.446s] [ 87%] Built target hermes_interfaces__rosidl_typesupport_introspection_c__pyext
[1.446s] [100%] Built target hermes_interfaces__rosidl_typesupport_c__pyext
[1.446s] [100%] Built target hermes_interfaces__rosidl_typesupport_fastrtps_c__pyext
[1.446s] running egg_info
[1.446s] writing hermes_interfaces.egg-info/PKG-INFO
[1.446s] writing dependency_links to hermes_interfaces.egg-info/dependency_links.txt
[1.446s] writing top-level names to hermes_interfaces.egg-info/top_level.txt
[1.446s] reading manifest file 'hermes_interfaces.egg-info/SOURCES.txt'
[1.446s] writing manifest file 'hermes_interfaces.egg-info/SOURCES.txt'
[1.447s] [100%] Built target ament_cmake_python_build_hermes_interfaces_egg
[1.622s] Invoked command in '/home/aleksmalm/Hermes/hermes_ws/build/hermes_interfaces' returned '0': CMAKE_PREFIX_PATH=${CMAKE_PREFIX_PATH}:/home/aleksmalm/Hermes/hermes_ws/install/tof_publisher:/home/aleksmalm/Hermes/hermes_ws/install/teleop_control:/home/aleksmalm/Hermes/hermes_ws/install/robot_localization_pkg:/home/aleksmalm/Hermes/hermes_ws/install/path_creator:/home/aleksmalm/Hermes/hermes_ws/install/my_tf2_broadcaster:/home/aleksmalm/Hermes/hermes_ws/install/icm20948_publisher:/home/aleksmalm/Hermes/hermes_ws/install/hermes_nav:/home/aleksmalm/Hermes/hermes_ws/install/gps_publisher:/home/aleksmalm/Hermes/hermes_ws/install/cmd_vel:/home/aleksmalm/Hermes/hermes_ws/install/cameras:/opt/ros/humble /usr/bin/cmake --build /home/aleksmalm/Hermes/hermes_ws/build/hermes_interfaces -- -j12 -l12
[1.698s] Invoking command in '/home/aleksmalm/Hermes/hermes_ws/build/hermes_interfaces': CMAKE_PREFIX_PATH=${CMAKE_PREFIX_PATH}:/home/aleksmalm/Hermes/hermes_ws/install/tof_publisher:/home/aleksmalm/Hermes/hermes_ws/install/teleop_control:/home/aleksmalm/Hermes/hermes_ws/install/robot_localization_pkg:/home/aleksmalm/Hermes/hermes_ws/install/path_creator:/home/aleksmalm/Hermes/hermes_ws/install/my_tf2_broadcaster:/home/aleksmalm/Hermes/hermes_ws/install/icm20948_publisher:/home/aleksmalm/Hermes/hermes_ws/install/hermes_nav:/home/aleksmalm/Hermes/hermes_ws/install/gps_publisher:/home/aleksmalm/Hermes/hermes_ws/install/cmd_vel:/home/aleksmalm/Hermes/hermes_ws/install/cameras:/opt/ros/humble /usr/bin/cmake --install /home/aleksmalm/Hermes/hermes_ws/build/hermes_interfaces
[1.704s] -- Install configuration: ""
[1.704s] -- Up-to-date: /home/aleksmalm/Hermes/hermes_ws/install/hermes_interfaces/share/ament_index/resource_index/rosidl_interfaces/hermes_interfaces
[1.704s] -- Up-to-date: /home/aleksmalm/Hermes/hermes_ws/install/hermes_interfaces/include/hermes_interfaces/hermes_interfaces
[1.709s] -- Up-to-date: /home/aleksmalm/Hermes/hermes_ws/install/hermes_interfaces/include/hermes_interfaces/hermes_interfaces/msg
[1.709s] -- Up-to-date: /home/aleksmalm/Hermes/hermes_ws/install/hermes_interfaces/include/hermes_interfaces/hermes_interfaces/msg/detail
[1.709s] -- Up-to-date: /home/aleksmalm/Hermes/hermes_ws/install/hermes_interfaces/include/hermes_interfaces/hermes_interfaces/msg/detail/gps_fixed__type_support.h
[1.709s] -- Up-to-date: /home/aleksmalm/Hermes/hermes_ws/install/hermes_interfaces/include/hermes_interfaces/hermes_interfaces/msg/detail/gps_fixed__struct.h
[1.709s] -- Up-to-date: /home/aleksmalm/Hermes/hermes_ws/install/hermes_interfaces/include/hermes_interfaces/hermes_interfaces/msg/detail/gps_fixed__functions.c
[1.709s] -- Up-to-date: /home/aleksmalm/Hermes/hermes_ws/install/hermes_interfaces/include/hermes_interfaces/hermes_interfaces/msg/detail/gps_fixed__functions.h
[1.709s] -- Up-to-date: /home/aleksmalm/Hermes/hermes_ws/install/hermes_interfaces/include/hermes_interfaces/hermes_interfaces/msg/gps_fixed.h
[1.709s] -- Up-to-date: /home/aleksmalm/Hermes/hermes_ws/install/hermes_interfaces/include/hermes_interfaces/hermes_interfaces/msg/rosidl_generator_c__visibility_control.h
[1.709s] -- Up-to-date: /home/aleksmalm/Hermes/hermes_ws/install/hermes_interfaces/share/hermes_interfaces/environment/library_path.sh
[1.709s] -- Up-to-date: /home/aleksmalm/Hermes/hermes_ws/install/hermes_interfaces/share/hermes_interfaces/environment/library_path.dsv
[1.709s] -- Up-to-date: /home/aleksmalm/Hermes/hermes_ws/install/hermes_interfaces/lib/libhermes_interfaces__rosidl_generator_c.so
[1.709s] -- Up-to-date: /home/aleksmalm/Hermes/hermes_ws/install/hermes_interfaces/include/hermes_interfaces/hermes_interfaces
[1.710s] -- Up-to-date: /home/aleksmalm/Hermes/hermes_ws/install/hermes_interfaces/include/hermes_interfaces/hermes_interfaces/msg
[1.710s] -- Up-to-date: /home/aleksmalm/Hermes/hermes_ws/install/hermes_interfaces/include/hermes_interfaces/hermes_interfaces/msg/rosidl_typesupport_fastrtps_c__visibility_control.h
[1.710s] -- Up-to-date: /home/aleksmalm/Hermes/hermes_ws/install/hermes_interfaces/include/hermes_interfaces/hermes_interfaces/msg/detail
[1.710s] -- Up-to-date: /home/aleksmalm/Hermes/hermes_ws/install/hermes_interfaces/include/hermes_interfaces/hermes_interfaces/msg/detail/gps_fixed__rosidl_typesupport_fastrtps_c.h
[1.710s] -- Up-to-date: /home/aleksmalm/Hermes/hermes_ws/install/hermes_interfaces/lib/libhermes_interfaces__rosidl_typesupport_fastrtps_c.so
[1.710s] -- Up-to-date: /home/aleksmalm/Hermes/hermes_ws/install/hermes_interfaces/include/hermes_interfaces/hermes_interfaces
[1.710s] -- Up-to-date: /home/aleksmalm/Hermes/hermes_ws/install/hermes_interfaces/include/hermes_interfaces/hermes_interfaces/msg
[1.710s] -- Up-to-date: /home/aleksmalm/Hermes/hermes_ws/install/hermes_interfaces/include/hermes_interfaces/hermes_interfaces/msg/rosidl_typesupport_introspection_c__visibility_control.h
[1.710s] -- Up-to-date: /home/aleksmalm/Hermes/hermes_ws/install/hermes_interfaces/include/hermes_interfaces/hermes_interfaces/msg/detail
[1.710s] -- Up-to-date: /home/aleksmalm/Hermes/hermes_ws/install/hermes_interfaces/include/hermes_interfaces/hermes_interfaces/msg/detail/gps_fixed__rosidl_typesupport_introspection_c.h
[1.710s] -- Up-to-date: /home/aleksmalm/Hermes/hermes_ws/install/hermes_interfaces/include/hermes_interfaces/hermes_interfaces/msg/detail/gps_fixed__type_support.c
[1.710s] -- Up-to-date: /home/aleksmalm/Hermes/hermes_ws/install/hermes_interfaces/lib/libhermes_interfaces__rosidl_typesupport_introspection_c.so
[1.710s] -- Up-to-date: /home/aleksmalm/Hermes/hermes_ws/install/hermes_interfaces/lib/libhermes_interfaces__rosidl_typesupport_c.so
[1.710s] -- Up-to-date: /home/aleksmalm/Hermes/hermes_ws/install/hermes_interfaces/include/hermes_interfaces/hermes_interfaces
[1.710s] -- Up-to-date: /home/aleksmalm/Hermes/hermes_ws/install/hermes_interfaces/include/hermes_interfaces/hermes_interfaces/msg
[1.711s] -- Up-to-date: /home/aleksmalm/Hermes/hermes_ws/install/hermes_interfaces/include/hermes_interfaces/hermes_interfaces/msg/detail
[1.711s] -- Up-to-date: /home/aleksmalm/Hermes/hermes_ws/install/hermes_interfaces/include/hermes_interfaces/hermes_interfaces/msg/detail/gps_fixed__traits.hpp
[1.711s] -- Up-to-date: /home/aleksmalm/Hermes/hermes_ws/install/hermes_interfaces/include/hermes_interfaces/hermes_interfaces/msg/detail/gps_fixed__struct.hpp
[1.711s] -- Up-to-date: /home/aleksmalm/Hermes/hermes_ws/install/hermes_interfaces/include/hermes_interfaces/hermes_interfaces/msg/detail/gps_fixed__builder.hpp
[1.711s] -- Up-to-date: /home/aleksmalm/Hermes/hermes_ws/install/hermes_interfaces/include/hermes_interfaces/hermes_interfaces/msg/gps_fixed.hpp
[1.711s] -- Up-to-date: /home/aleksmalm/Hermes/hermes_ws/install/hermes_interfaces/include/hermes_interfaces/hermes_interfaces
[1.711s] -- Up-to-date: /home/aleksmalm/Hermes/hermes_ws/install/hermes_interfaces/include/hermes_interfaces/hermes_interfaces/msg
[1.711s] -- Up-to-date: /home/aleksmalm/Hermes/hermes_ws/install/hermes_interfaces/include/hermes_interfaces/hermes_interfaces/msg/rosidl_typesupport_fastrtps_cpp__visibility_control.h
[1.711s] -- Up-to-date: /home/aleksmalm/Hermes/hermes_ws/install/hermes_interfaces/include/hermes_interfaces/hermes_interfaces/msg/detail
[1.711s] -- Up-to-date: /home/aleksmalm/Hermes/hermes_ws/install/hermes_interfaces/include/hermes_interfaces/hermes_interfaces/msg/detail/gps_fixed__rosidl_typesupport_fastrtps_cpp.hpp
[1.711s] -- Up-to-date: /home/aleksmalm/Hermes/hermes_ws/install/hermes_interfaces/include/hermes_interfaces/hermes_interfaces/msg/detail/dds_fastrtps
[1.711s] -- Up-to-date: /home/aleksmalm/Hermes/hermes_ws/install/hermes_interfaces/lib/libhermes_interfaces__rosidl_typesupport_fastrtps_cpp.so
[1.711s] -- Up-to-date: /home/aleksmalm/Hermes/hermes_ws/install/hermes_interfaces/include/hermes_interfaces/hermes_interfaces
[1.711s] -- Up-to-date: /home/aleksmalm/Hermes/hermes_ws/install/hermes_interfaces/include/hermes_interfaces/hermes_interfaces/msg
[1.711s] -- Up-to-date: /home/aleksmalm/Hermes/hermes_ws/install/hermes_interfaces/include/hermes_interfaces/hermes_interfaces/msg/detail
[1.712s] -- Up-to-date: /home/aleksmalm/Hermes/hermes_ws/install/hermes_interfaces/include/hermes_interfaces/hermes_interfaces/msg/detail/gps_fixed__rosidl_typesupport_introspection_cpp.hpp
[1.712s] -- Up-to-date: /home/aleksmalm/Hermes/hermes_ws/install/hermes_interfaces/include/hermes_interfaces/hermes_interfaces/msg/detail/gps_fixed__type_support.cpp
[1.712s] -- Up-to-date: /home/aleksmalm/Hermes/hermes_ws/install/hermes_interfaces/lib/libhermes_interfaces__rosidl_typesupport_introspection_cpp.so
[1.712s] -- Up-to-date: /home/aleksmalm/Hermes/hermes_ws/install/hermes_interfaces/lib/libhermes_interfaces__rosidl_typesupport_cpp.so
[1.712s] -- Up-to-date: /home/aleksmalm/Hermes/hermes_ws/install/hermes_interfaces/share/hermes_interfaces/environment/pythonpath.sh
[1.712s] -- Up-to-date: /home/aleksmalm/Hermes/hermes_ws/install/hermes_interfaces/share/hermes_interfaces/environment/pythonpath.dsv
[1.719s] -- Up-to-date: /home/aleksmalm/Hermes/hermes_ws/install/hermes_interfaces/local/lib/python3.10/dist-packages/hermes_interfaces-0.0.0-py3.10.egg-info
[1.719s] -- Installing: /home/aleksmalm/Hermes/hermes_ws/install/hermes_interfaces/local/lib/python3.10/dist-packages/hermes_interfaces-0.0.0-py3.10.egg-info/dependency_links.txt
[1.719s] -- Installing: /home/aleksmalm/Hermes/hermes_ws/install/hermes_interfaces/local/lib/python3.10/dist-packages/hermes_interfaces-0.0.0-py3.10.egg-info/top_level.txt
[1.719s] -- Installing: /home/aleksmalm/Hermes/hermes_ws/install/hermes_interfaces/local/lib/python3.10/dist-packages/hermes_interfaces-0.0.0-py3.10.egg-info/PKG-INFO
[1.719s] -- Installing: /home/aleksmalm/Hermes/hermes_ws/install/hermes_interfaces/local/lib/python3.10/dist-packages/hermes_interfaces-0.0.0-py3.10.egg-info/SOURCES.txt
[1.720s] -- Up-to-date: /home/aleksmalm/Hermes/hermes_ws/install/hermes_interfaces/local/lib/python3.10/dist-packages/hermes_interfaces
[1.720s] -- Up-to-date: /home/aleksmalm/Hermes/hermes_ws/install/hermes_interfaces/local/lib/python3.10/dist-packages/hermes_interfaces/__init__.py
[1.720s] -- Up-to-date: /home/aleksmalm/Hermes/hermes_ws/install/hermes_interfaces/local/lib/python3.10/dist-packages/hermes_interfaces/_hermes_interfaces_s.ep.rosidl_typesupport_fastrtps_c.c
[1.720s] -- Up-to-date: /home/aleksmalm/Hermes/hermes_ws/install/hermes_interfaces/local/lib/python3.10/dist-packages/hermes_interfaces/hermes_interfaces_s__rosidl_typesupport_fastrtps_c.cpython-310-x86_64-linux-gnu.so
[1.720s] -- Up-to-date: /home/aleksmalm/Hermes/hermes_ws/install/hermes_interfaces/local/lib/python3.10/dist-packages/hermes_interfaces/hermes_interfaces_s__rosidl_typesupport_c.cpython-310-x86_64-linux-gnu.so
[1.720s] -- Up-to-date: /home/aleksmalm/Hermes/hermes_ws/install/hermes_interfaces/local/lib/python3.10/dist-packages/hermes_interfaces/msg
[1.720s] -- Up-to-date: /home/aleksmalm/Hermes/hermes_ws/install/hermes_interfaces/local/lib/python3.10/dist-packages/hermes_interfaces/msg/__init__.py
[1.720s] -- Up-to-date: /home/aleksmalm/Hermes/hermes_ws/install/hermes_interfaces/local/lib/python3.10/dist-packages/hermes_interfaces/msg/_gps_fixed.py
[1.720s] -- Up-to-date: /home/aleksmalm/Hermes/hermes_ws/install/hermes_interfaces/local/lib/python3.10/dist-packages/hermes_interfaces/msg/_gps_fixed_s.c
[1.720s] -- Up-to-date: /home/aleksmalm/Hermes/hermes_ws/install/hermes_interfaces/local/lib/python3.10/dist-packages/hermes_interfaces/_hermes_interfaces_s.ep.rosidl_typesupport_c.c
[1.720s] -- Up-to-date: /home/aleksmalm/Hermes/hermes_ws/install/hermes_interfaces/local/lib/python3.10/dist-packages/hermes_interfaces/_hermes_interfaces_s.ep.rosidl_typesupport_introspection_c.c
[1.720s] -- Up-to-date: /home/aleksmalm/Hermes/hermes_ws/install/hermes_interfaces/local/lib/python3.10/dist-packages/hermes_interfaces/libhermes_interfaces__rosidl_generator_py.so
[1.720s] -- Up-to-date: /home/aleksmalm/Hermes/hermes_ws/install/hermes_interfaces/local/lib/python3.10/dist-packages/hermes_interfaces/hermes_interfaces_s__rosidl_typesupport_introspection_c.cpython-310-x86_64-linux-gnu.so
[1.750s] Listing '/home/aleksmalm/Hermes/hermes_ws/install/hermes_interfaces/local/lib/python3.10/dist-packages/hermes_interfaces'...
[1.750s] Listing '/home/aleksmalm/Hermes/hermes_ws/install/hermes_interfaces/local/lib/python3.10/dist-packages/hermes_interfaces/msg'...
[1.755s] -- Up-to-date: /home/aleksmalm/Hermes/hermes_ws/install/hermes_interfaces/local/lib/python3.10/dist-packages/hermes_interfaces/hermes_interfaces_s__rosidl_typesupport_fastrtps_c.cpython-310-x86_64-linux-gnu.so
[1.755s] -- Up-to-date: /home/aleksmalm/Hermes/hermes_ws/install/hermes_interfaces/local/lib/python3.10/dist-packages/hermes_interfaces/hermes_interfaces_s__rosidl_typesupport_introspection_c.cpython-310-x86_64-linux-gnu.so
[1.755s] -- Up-to-date: /home/aleksmalm/Hermes/hermes_ws/install/hermes_interfaces/local/lib/python3.10/dist-packages/hermes_interfaces/hermes_interfaces_s__rosidl_typesupport_c.cpython-310-x86_64-linux-gnu.so
[1.755s] -- Up-to-date: /home/aleksmalm/Hermes/hermes_ws/install/hermes_interfaces/lib/libhermes_interfaces__rosidl_generator_py.so
[1.756s] -- Up-to-date: /home/aleksmalm/Hermes/hermes_ws/install/hermes_interfaces/share/hermes_interfaces/msg/GpsFixed.idl
[1.756s] -- Up-to-date: /home/aleksmalm/Hermes/hermes_ws/install/hermes_interfaces/share/hermes_interfaces/msg/GpsFixed.msg
[1.756s] -- Up-to-date: /home/aleksmalm/Hermes/hermes_ws/install/hermes_interfaces/share/ament_index/resource_index/package_run_dependencies/hermes_interfaces
[1.756s] -- Up-to-date: /home/aleksmalm/Hermes/hermes_ws/install/hermes_interfaces/share/ament_index/resource_index/parent_prefix_path/hermes_interfaces
[1.756s] -- Up-to-date: /home/aleksmalm/Hermes/hermes_ws/install/hermes_interfaces/share/hermes_interfaces/environment/ament_prefix_path.sh
[1.756s] -- Up-to-date: /home/aleksmalm/Hermes/hermes_ws/install/hermes_interfaces/share/hermes_interfaces/environment/ament_prefix_path.dsv
[1.756s] -- Up-to-date: /home/aleksmalm/Hermes/hermes_ws/install/hermes_interfaces/share/hermes_interfaces/environment/path.sh
[1.756s] -- Up-to-date: /home/aleksmalm/Hermes/hermes_ws/install/hermes_interfaces/share/hermes_interfaces/environment/path.dsv
[1.756s] -- Up-to-date: /home/aleksmalm/Hermes/hermes_ws/install/hermes_interfaces/share/hermes_interfaces/local_setup.bash
[1.757s] -- Up-to-date: /home/aleksmalm/Hermes/hermes_ws/install/hermes_interfaces/share/hermes_interfaces/local_setup.sh
[1.757s] -- Up-to-date: /home/aleksmalm/Hermes/hermes_ws/install/hermes_interfaces/share/hermes_interfaces/local_setup.zsh
[1.757s] -- Up-to-date: /home/aleksmalm/Hermes/hermes_ws/install/hermes_interfaces/share/hermes_interfaces/local_setup.dsv
[1.757s] -- Installing: /home/aleksmalm/Hermes/hermes_ws/install/hermes_interfaces/share/hermes_interfaces/package.dsv
[1.757s] -- Up-to-date: /home/aleksmalm/Hermes/hermes_ws/install/hermes_interfaces/share/ament_index/resource_index/packages/hermes_interfaces
[1.757s] -- Up-to-date: /home/aleksmalm/Hermes/hermes_ws/install/hermes_interfaces/share/hermes_interfaces/cmake/export_hermes_interfaces__rosidl_generator_cExport.cmake
[1.757s] -- Up-to-date: /home/aleksmalm/Hermes/hermes_ws/install/hermes_interfaces/share/hermes_interfaces/cmake/export_hermes_interfaces__rosidl_generator_cExport-noconfig.cmake
[1.757s] -- Up-to-date: /home/aleksmalm/Hermes/hermes_ws/install/hermes_interfaces/share/hermes_interfaces/cmake/export_hermes_interfaces__rosidl_typesupport_fastrtps_cExport.cmake
[1.757s] -- Up-to-date: /home/aleksmalm/Hermes/hermes_ws/install/hermes_interfaces/share/hermes_interfaces/cmake/export_hermes_interfaces__rosidl_typesupport_fastrtps_cExport-noconfig.cmake
[1.757s] -- Up-to-date: /home/aleksmalm/Hermes/hermes_ws/install/hermes_interfaces/share/hermes_interfaces/cmake/hermes_interfaces__rosidl_typesupport_introspection_cExport.cmake
[1.757s] -- Up-to-date: /home/aleksmalm/Hermes/hermes_ws/install/hermes_interfaces/share/hermes_interfaces/cmake/hermes_interfaces__rosidl_typesupport_introspection_cExport-noconfig.cmake
[1.757s] -- Up-to-date: /home/aleksmalm/Hermes/hermes_ws/install/hermes_interfaces/share/hermes_interfaces/cmake/hermes_interfaces__rosidl_typesupport_cExport.cmake
[1.757s] -- Up-to-date: /home/aleksmalm/Hermes/hermes_ws/install/hermes_interfaces/share/hermes_interfaces/cmake/hermes_interfaces__rosidl_typesupport_cExport-noconfig.cmake
[1.757s] -- Up-to-date: /home/aleksmalm/Hermes/hermes_ws/install/hermes_interfaces/share/hermes_interfaces/cmake/export_hermes_interfaces__rosidl_generator_cppExport.cmake
[1.758s] -- Up-to-date: /home/aleksmalm/Hermes/hermes_ws/install/hermes_interfaces/share/hermes_interfaces/cmake/export_hermes_interfaces__rosidl_typesupport_fastrtps_cppExport.cmake
[1.758s] -- Up-to-date: /home/aleksmalm/Hermes/hermes_ws/install/hermes_interfaces/share/hermes_interfaces/cmake/export_hermes_interfaces__rosidl_typesupport_fastrtps_cppExport-noconfig.cmake
[1.758s] -- Up-to-date: /home/aleksmalm/Hermes/hermes_ws/install/hermes_interfaces/share/hermes_interfaces/cmake/hermes_interfaces__rosidl_typesupport_introspection_cppExport.cmake
[1.758s] -- Up-to-date: /home/aleksmalm/Hermes/hermes_ws/install/hermes_interfaces/share/hermes_interfaces/cmake/hermes_interfaces__rosidl_typesupport_introspection_cppExport-noconfig.cmake
[1.758s] -- Up-to-date: /home/aleksmalm/Hermes/hermes_ws/install/hermes_interfaces/share/hermes_interfaces/cmake/hermes_interfaces__rosidl_typesupport_cppExport.cmake
[1.758s] -- Up-to-date: /home/aleksmalm/Hermes/hermes_ws/install/hermes_interfaces/share/hermes_interfaces/cmake/hermes_interfaces__rosidl_typesupport_cppExport-noconfig.cmake
[1.758s] -- Up-to-date: /home/aleksmalm/Hermes/hermes_ws/install/hermes_interfaces/share/hermes_interfaces/cmake/export_hermes_interfaces__rosidl_generator_pyExport.cmake
[1.758s] -- Up-to-date: /home/aleksmalm/Hermes/hermes_ws/install/hermes_interfaces/share/hermes_interfaces/cmake/export_hermes_interfaces__rosidl_generator_pyExport-noconfig.cmake
[1.758s] -- Up-to-date: /home/aleksmalm/Hermes/hermes_ws/install/hermes_interfaces/share/hermes_interfaces/cmake/rosidl_cmake-extras.cmake
[1.758s] -- Up-to-date: /home/aleksmalm/Hermes/hermes_ws/install/hermes_interfaces/share/hermes_interfaces/cmake/ament_cmake_export_include_directories-extras.cmake
[1.758s] -- Up-to-date: /home/aleksmalm/Hermes/hermes_ws/install/hermes_interfaces/share/hermes_interfaces/cmake/ament_cmake_export_libraries-extras.cmake
[1.758s] -- Up-to-date: /home/aleksmalm/Hermes/hermes_ws/install/hermes_interfaces/share/hermes_interfaces/cmake/ament_cmake_export_targets-extras.cmake
[1.758s] -- Up-to-date: /home/aleksmalm/Hermes/hermes_ws/install/hermes_interfaces/share/hermes_interfaces/cmake/rosidl_cmake_export_typesupport_targets-extras.cmake
[1.758s] -- Up-to-date: /home/aleksmalm/Hermes/hermes_ws/install/hermes_interfaces/share/hermes_interfaces/cmake/ament_cmake_export_dependencies-extras.cmake
[1.758s] -- Up-to-date: /home/aleksmalm/Hermes/hermes_ws/install/hermes_interfaces/share/hermes_interfaces/cmake/rosidl_cmake_export_typesupport_libraries-extras.cmake
[1.758s] -- Up-to-date: /home/aleksmalm/Hermes/hermes_ws/install/hermes_interfaces/share/hermes_interfaces/cmake/hermes_interfacesConfig.cmake
[1.758s] -- Up-to-date: /home/aleksmalm/Hermes/hermes_ws/install/hermes_interfaces/share/hermes_interfaces/cmake/hermes_interfacesConfig-version.cmake
[1.758s] -- Up-to-date: /home/aleksmalm/Hermes/hermes_ws/install/hermes_interfaces/share/hermes_interfaces/package.xml
[2.047s] Invoked command in '/home/aleksmalm/Hermes/hermes_ws/build/hermes_interfaces' returned '0': CMAKE_PREFIX_PATH=${CMAKE_PREFIX_PATH}:/home/aleksmalm/Hermes/hermes_ws/install/tof_publisher:/home/aleksmalm/Hermes/hermes_ws/install/teleop_control:/home/aleksmalm/Hermes/hermes_ws/install/robot_localization_pkg:/home/aleksmalm/Hermes/hermes_ws/install/path_creator:/home/aleksmalm/Hermes/hermes_ws/install/my_tf2_broadcaster:/home/aleksmalm/Hermes/hermes_ws/install/icm20948_publisher:/home/aleksmalm/Hermes/hermes_ws/install/hermes_nav:/home/aleksmalm/Hermes/hermes_ws/install/gps_publisher:/home/aleksmalm/Hermes/hermes_ws/install/cmd_vel:/home/aleksmalm/Hermes/hermes_ws/install/cameras:/opt/ros/humble /usr/bin/cmake --install /home/aleksmalm/Hermes/hermes_ws/build/hermes_interfaces
