[0.573s] Invoking command in '/home/raivo/Hermes/hermes_ws/build/hermes_urdf': CMAKE_PREFIX_PATH=${CMAKE_PREFIX_PATH}:/home/raivo/Hermes/hermes_ws/install/tof_publisher:/home/raivo/Hermes/hermes_ws/install/teleop_control:/home/raivo/Hermes/hermes_ws/install/robot_localization_pkg:/home/raivo/Hermes/hermes_ws/install/path_creator:/home/raivo/Hermes/hermes_ws/install/odometry_publisher:/home/raivo/Hermes/hermes_ws/install/my_tf2_broadcaster:/home/raivo/Hermes/hermes_ws/install/multi_package_launcher:/home/raivo/Hermes/hermes_ws/install/icm20948_publisher:/home/raivo/Hermes/hermes_ws/install/hermes_nav:/home/raivo/Hermes/hermes_ws/install/gps_publisher:/home/raivo/Hermes/hermes_ws/install/cmd_vel:/home/raivo/Hermes/hermes_ws/install/cameras:/opt/ros/humble /usr/bin/cmake --build /home/raivo/Hermes/hermes_ws/build/hermes_urdf -- -j12 -l12
[1.238s] Invoked command in '/home/raivo/Hermes/hermes_ws/build/hermes_urdf' returned '0': CMAKE_PREFIX_PATH=${CMAKE_PREFIX_PATH}:/home/raivo/Hermes/hermes_ws/install/tof_publisher:/home/raivo/Hermes/hermes_ws/install/teleop_control:/home/raivo/Hermes/hermes_ws/install/robot_localization_pkg:/home/raivo/Hermes/hermes_ws/install/path_creator:/home/raivo/Hermes/hermes_ws/install/odometry_publisher:/home/raivo/Hermes/hermes_ws/install/my_tf2_broadcaster:/home/raivo/Hermes/hermes_ws/install/multi_package_launcher:/home/raivo/Hermes/hermes_ws/install/icm20948_publisher:/home/raivo/Hermes/hermes_ws/install/hermes_nav:/home/raivo/Hermes/hermes_ws/install/gps_publisher:/home/raivo/Hermes/hermes_ws/install/cmd_vel:/home/raivo/Hermes/hermes_ws/install/cameras:/opt/ros/humble /usr/bin/cmake --build /home/raivo/Hermes/hermes_ws/build/hermes_urdf -- -j12 -l12
[1.266s] Invoking command in '/home/raivo/Hermes/hermes_ws/build/hermes_urdf': CMAKE_PREFIX_PATH=${CMAKE_PREFIX_PATH}:/home/raivo/Hermes/hermes_ws/install/tof_publisher:/home/raivo/Hermes/hermes_ws/install/teleop_control:/home/raivo/Hermes/hermes_ws/install/robot_localization_pkg:/home/raivo/Hermes/hermes_ws/install/path_creator:/home/raivo/Hermes/hermes_ws/install/odometry_publisher:/home/raivo/Hermes/hermes_ws/install/my_tf2_broadcaster:/home/raivo/Hermes/hermes_ws/install/multi_package_launcher:/home/raivo/Hermes/hermes_ws/install/icm20948_publisher:/home/raivo/Hermes/hermes_ws/install/hermes_nav:/home/raivo/Hermes/hermes_ws/install/gps_publisher:/home/raivo/Hermes/hermes_ws/install/cmd_vel:/home/raivo/Hermes/hermes_ws/install/cameras:/opt/ros/humble /usr/bin/cmake --install /home/raivo/Hermes/hermes_ws/build/hermes_urdf
[1.277s] -- Install configuration: ""
[1.278s] -- Up-to-date: /home/raivo/Hermes/hermes_ws/install/hermes_urdf/share/hermes_urdf/launch
[1.278s] -- Up-to-date: /home/raivo/Hermes/hermes_ws/install/hermes_urdf/share/hermes_urdf/launch/logged_waypoint_follower.py
[1.279s] -- Up-to-date: /home/raivo/Hermes/hermes_ws/install/hermes_urdf/share/hermes_urdf/launch/dual_ekf_navsat.launch.py
[1.279s] -- Up-to-date: /home/raivo/Hermes/hermes_ws/install/hermes_urdf/share/hermes_urdf/launch/launch_sim.launch.py
[1.281s] -- Up-to-date: /home/raivo/Hermes/hermes_ws/install/hermes_urdf/share/hermes_urdf/launch/gps_waypoint_logger.py
[1.281s] -- Up-to-date: /home/raivo/Hermes/hermes_ws/install/hermes_urdf/share/hermes_urdf/launch/gps_waypoint_follower.launch.py
[1.281s] -- Up-to-date: /home/raivo/Hermes/hermes_ws/install/hermes_urdf/share/hermes_urdf/launch/gazebo_gps_world_hermes.launch.py
[1.281s] -- Up-to-date: /home/raivo/Hermes/hermes_ws/install/hermes_urdf/share/hermes_urdf/launch/rsp.launch.py
[1.281s] -- Up-to-date: /home/raivo/Hermes/hermes_ws/install/hermes_urdf/share/hermes_urdf/launch/interactive_waypoint_follower.py
[1.281s] -- Up-to-date: /home/raivo/Hermes/hermes_ws/install/hermes_urdf/share/hermes_urdf/launch/mapviz.launch.py
[1.281s] -- Up-to-date: /home/raivo/Hermes/hermes_ws/install/hermes_urdf/share/hermes_urdf/urdf
[1.281s] -- Up-to-date: /home/raivo/Hermes/hermes_ws/install/hermes_urdf/share/hermes_urdf/urdf/hermes_model.urdf
[1.281s] -- Up-to-date: /home/raivo/Hermes/hermes_ws/install/hermes_urdf/share/hermes_urdf/urdf/hermes_model.sdf
[1.282s] -- Up-to-date: /home/raivo/Hermes/hermes_ws/install/hermes_urdf/share/hermes_urdf/urdf/__init__.py
[1.282s] -- Up-to-date: /home/raivo/Hermes/hermes_ws/install/hermes_urdf/share/hermes_urdf/urdf/hermes.urdf
[1.282s] -- Up-to-date: /home/raivo/Hermes/hermes_ws/install/hermes_urdf/share/hermes_urdf/urdf/gazebo.material
[1.282s] -- Up-to-date: /home/raivo/Hermes/hermes_ws/install/hermes_urdf/share/hermes_urdf/urdf/rehv.part
[1.282s] -- Up-to-date: /home/raivo/Hermes/hermes_ws/install/hermes_urdf/share/hermes_urdf/urdf/rehv.stl
[1.282s] -- Up-to-date: /home/raivo/Hermes/hermes_ws/install/hermes_urdf/share/hermes_urdf/urdf/ld19.part
[1.282s] -- Up-to-date: /home/raivo/Hermes/hermes_ws/install/hermes_urdf/share/hermes_urdf/urdf/config.rviz
[1.283s] -- Up-to-date: /home/raivo/Hermes/hermes_ws/install/hermes_urdf/share/hermes_urdf/urdf/rehv_tagumine.stl
[1.283s] -- Up-to-date: /home/raivo/Hermes/hermes_ws/install/hermes_urdf/share/hermes_urdf/urdf/liigend.part
[1.283s] -- Up-to-date: /home/raivo/Hermes/hermes_ws/install/hermes_urdf/share/hermes_urdf/urdf/.robot.urdf.swp
[1.283s] -- Up-to-date: /home/raivo/Hermes/hermes_ws/install/hermes_urdf/share/hermes_urdf/urdf/kere.stl
[1.283s] -- Up-to-date: /home/raivo/Hermes/hermes_ws/install/hermes_urdf/share/hermes_urdf/urdf/rehv_tagumine.part
[1.283s] -- Up-to-date: /home/raivo/Hermes/hermes_ws/install/hermes_urdf/share/hermes_urdf/urdf/liigend.stl
[1.283s] -- Up-to-date: /home/raivo/Hermes/hermes_ws/install/hermes_urdf/share/hermes_urdf/urdf/my_world.sdf
[1.283s] -- Up-to-date: /home/raivo/Hermes/hermes_ws/install/hermes_urdf/share/hermes_urdf/urdf/ld19.stl
[1.283s] -- Up-to-date: /home/raivo/Hermes/hermes_ws/install/hermes_urdf/share/hermes_urdf/urdf/kere.part
[1.283s] -- Up-to-date: /home/raivo/Hermes/hermes_ws/install/hermes_urdf/share/hermes_urdf/urdf/config.json
[1.283s] -- Up-to-date: /home/raivo/Hermes/hermes_ws/install/hermes_urdf/share/hermes_urdf/custom_ground_plane
[1.284s] -- Up-to-date: /home/raivo/Hermes/hermes_ws/install/hermes_urdf/share/hermes_urdf/custom_ground_plane/my_world.config
[1.284s] -- Up-to-date: /home/raivo/Hermes/hermes_ws/install/hermes_urdf/share/hermes_urdf/custom_ground_plane/materials
[1.284s] -- Up-to-date: /home/raivo/Hermes/hermes_ws/install/hermes_urdf/share/hermes_urdf/custom_ground_plane/materials/scripts
[1.284s] -- Up-to-date: /home/raivo/Hermes/hermes_ws/install/hermes_urdf/share/hermes_urdf/custom_ground_plane/materials/scripts/ground.material
[1.284s] -- Up-to-date: /home/raivo/Hermes/hermes_ws/install/hermes_urdf/share/hermes_urdf/custom_ground_plane/materials/textures
[1.284s] -- Up-to-date: /home/raivo/Hermes/hermes_ws/install/hermes_urdf/share/hermes_urdf/custom_ground_plane/materials/textures/image.png
[1.284s] -- Up-to-date: /home/raivo/Hermes/hermes_ws/install/hermes_urdf/share/hermes_urdf/custom_ground_plane/image_png.sdf
[1.284s] -- Up-to-date: /home/raivo/Hermes/hermes_ws/install/hermes_urdf/share/hermes_urdf/custom_ground_plane/image_png.config
[1.284s] -- Up-to-date: /home/raivo/Hermes/hermes_ws/install/hermes_urdf/share/hermes_urdf/custom_ground_plane/my_world.sdf
[1.284s] -- Up-to-date: /home/raivo/Hermes/hermes_ws/install/hermes_urdf/share/hermes_urdf/historical_launch_files
[1.285s] -- Up-to-date: /home/raivo/Hermes/hermes_ws/install/hermes_urdf/share/hermes_urdf/historical_launch_files/gazebo_model.launch.py
[1.285s] -- Up-to-date: /home/raivo/Hermes/hermes_ws/install/hermes_urdf/share/hermes_urdf/historical_launch_files/hermes_launch.py
[1.285s] -- Up-to-date: /home/raivo/Hermes/hermes_ws/install/hermes_urdf/share/hermes_urdf/historical_launch_files/gazebo_world.launch.py
[1.286s] -- Up-to-date: /home/raivo/Hermes/hermes_ws/install/hermes_urdf/share/ament_index/resource_index/package_run_dependencies/hermes_urdf
[1.286s] -- Up-to-date: /home/raivo/Hermes/hermes_ws/install/hermes_urdf/share/ament_index/resource_index/parent_prefix_path/hermes_urdf
[1.286s] -- Up-to-date: /home/raivo/Hermes/hermes_ws/install/hermes_urdf/share/hermes_urdf/environment/ament_prefix_path.sh
[1.286s] -- Up-to-date: /home/raivo/Hermes/hermes_ws/install/hermes_urdf/share/hermes_urdf/environment/ament_prefix_path.dsv
[1.286s] -- Up-to-date: /home/raivo/Hermes/hermes_ws/install/hermes_urdf/share/hermes_urdf/environment/path.sh
[1.286s] -- Up-to-date: /home/raivo/Hermes/hermes_ws/install/hermes_urdf/share/hermes_urdf/environment/path.dsv
[1.286s] -- Up-to-date: /home/raivo/Hermes/hermes_ws/install/hermes_urdf/share/hermes_urdf/local_setup.bash
[1.286s] -- Up-to-date: /home/raivo/Hermes/hermes_ws/install/hermes_urdf/share/hermes_urdf/local_setup.sh
[1.286s] -- Up-to-date: /home/raivo/Hermes/hermes_ws/install/hermes_urdf/share/hermes_urdf/local_setup.zsh
[1.286s] -- Up-to-date: /home/raivo/Hermes/hermes_ws/install/hermes_urdf/share/hermes_urdf/local_setup.dsv
[1.286s] -- Installing: /home/raivo/Hermes/hermes_ws/install/hermes_urdf/share/hermes_urdf/package.dsv
[1.286s] -- Up-to-date: /home/raivo/Hermes/hermes_ws/install/hermes_urdf/share/ament_index/resource_index/packages/hermes_urdf
[1.286s] -- Up-to-date: /home/raivo/Hermes/hermes_ws/install/hermes_urdf/share/hermes_urdf/cmake/hermes_urdfConfig.cmake
[1.286s] -- Up-to-date: /home/raivo/Hermes/hermes_ws/install/hermes_urdf/share/hermes_urdf/cmake/hermes_urdfConfig-version.cmake
[1.287s] -- Up-to-date: /home/raivo/Hermes/hermes_ws/install/hermes_urdf/share/hermes_urdf/package.xml
[1.288s] Invoked command in '/home/raivo/Hermes/hermes_ws/build/hermes_urdf' returned '0': CMAKE_PREFIX_PATH=${CMAKE_PREFIX_PATH}:/home/raivo/Hermes/hermes_ws/install/tof_publisher:/home/raivo/Hermes/hermes_ws/install/teleop_control:/home/raivo/Hermes/hermes_ws/install/robot_localization_pkg:/home/raivo/Hermes/hermes_ws/install/path_creator:/home/raivo/Hermes/hermes_ws/install/odometry_publisher:/home/raivo/Hermes/hermes_ws/install/my_tf2_broadcaster:/home/raivo/Hermes/hermes_ws/install/multi_package_launcher:/home/raivo/Hermes/hermes_ws/install/icm20948_publisher:/home/raivo/Hermes/hermes_ws/install/hermes_nav:/home/raivo/Hermes/hermes_ws/install/gps_publisher:/home/raivo/Hermes/hermes_ws/install/cmd_vel:/home/raivo/Hermes/hermes_ws/install/cameras:/opt/ros/humble /usr/bin/cmake --install /home/raivo/Hermes/hermes_ws/build/hermes_urdf
