[0.000000] (-) TimerEvent: {}
[0.000671] (-) JobUnselected: {'identifier': 'cameras'}
[0.001191] (-) JobUnselected: {'identifier': 'cmd_vel'}
[0.001488] (-) JobUnselected: {'identifier': 'cv_bridge'}
[0.001755] (-) JobUnselected: {'identifier': 'gazebo_dev'}
[0.001859] (-) JobUnselected: {'identifier': 'gazebo_msgs'}
[0.001941] (-) JobUnselected: {'identifier': 'gazebo_ros'}
[0.002018] (-) JobUnselected: {'identifier': 'gazebo_ros_pkgs'}
[0.002094] (-) JobUnselected: {'identifier': 'gps_publisher'}
[0.002167] (-) JobUnselected: {'identifier': 'hermes_interfaces'}
[0.002238] (-) JobUnselected: {'identifier': 'hermes_navigation'}
[0.002310] (-) JobUnselected: {'identifier': 'hermes_urdf'}
[0.002381] (-) JobUnselected: {'identifier': 'image_geometry'}
[0.002452] (-) JobUnselected: {'identifier': 'imu_publisher'}
[0.002523] (-) JobUnselected: {'identifier': 'ldlidar'}
[0.002594] (-) JobUnselected: {'identifier': 'ldlidar_component'}
[0.002687] (-) JobUnselected: {'identifier': 'ldlidar_node'}
[0.002761] (-) JobUnselected: {'identifier': 'odometry'}
[0.002832] (-) JobUnselected: {'identifier': 'opencv_tests'}
[0.002902] (-) JobUnselected: {'identifier': 'teleop_control'}
[0.002974] (-) JobUnselected: {'identifier': 'tof_publisher'}
[0.003044] (-) JobUnselected: {'identifier': 'vision_opencv'}
[0.003122] (gazebo_plugins) JobQueued: {'identifier': 'gazebo_plugins', 'dependencies': OrderedDict([('cv_bridge', '/home/hermes/Hermes/hermes_ws/install/cv_bridge'), ('gazebo_dev', '/home/hermes/Hermes/hermes_ws/install/gazebo_dev'), ('gazebo_msgs', '/home/hermes/Hermes/hermes_ws/install/gazebo_msgs'), ('gazebo_ros', '/home/hermes/Hermes/hermes_ws/install/gazebo_ros')])}
[0.003221] (gazebo_plugins) JobStarted: {'identifier': 'gazebo_plugins'}
[0.040065] (gazebo_plugins) JobEnded: {'identifier': 'gazebo_plugins', 'rc': 1}
[0.050697] (-) EventReactorShutdown: {}
