[0.362s] Invoking command in '/home/raivo/Hermes/hermes_ws/src/gps_publisher': PYTHONPATH=/home/raivo/Hermes/hermes_ws/build/gps_publisher/prefix_override:/home/raivo/Hermes/hermes_ws/install/gps_publisher/lib/python3.10/site-packages:${PYTHONPATH} /usr/bin/python3 -W ignore:setup.py install is deprecated setup.py egg_info --egg-base ../../build/gps_publisher build --build-base /home/raivo/Hermes/hermes_ws/build/gps_publisher/build install --record /home/raivo/Hermes/hermes_ws/build/gps_publisher/install.log --single-version-externally-managed install_data
[0.479s] running egg_info
[0.479s] creating ../../build/gps_publisher/gps_publisher.egg-info
[0.479s] writing ../../build/gps_publisher/gps_publisher.egg-info/PKG-INFO
[0.479s] writing dependency_links to ../../build/gps_publisher/gps_publisher.egg-info/dependency_links.txt
[0.479s] writing entry points to ../../build/gps_publisher/gps_publisher.egg-info/entry_points.txt
[0.480s] writing requirements to ../../build/gps_publisher/gps_publisher.egg-info/requires.txt
[0.480s] writing top-level names to ../../build/gps_publisher/gps_publisher.egg-info/top_level.txt
[0.480s] writing manifest file '../../build/gps_publisher/gps_publisher.egg-info/SOURCES.txt'
[0.480s] reading manifest file '../../build/gps_publisher/gps_publisher.egg-info/SOURCES.txt'
[0.481s] writing manifest file '../../build/gps_publisher/gps_publisher.egg-info/SOURCES.txt'
[0.481s] running build
[0.481s] running build_py
[0.481s] creating /home/raivo/Hermes/hermes_ws/build/gps_publisher/build
[0.481s] creating /home/raivo/Hermes/hermes_ws/build/gps_publisher/build/lib
[0.481s] creating /home/raivo/Hermes/hermes_ws/build/gps_publisher/build/lib/gps_publisher
[0.481s] copying gps_publisher/__init__.py -> /home/raivo/Hermes/hermes_ws/build/gps_publisher/build/lib/gps_publisher
[0.481s] copying gps_publisher/gps_publisher_node.py -> /home/raivo/Hermes/hermes_ws/build/gps_publisher/build/lib/gps_publisher
[0.481s] running install
[0.481s] running install_lib
[0.482s] creating /home/raivo/Hermes/hermes_ws/install/gps_publisher/lib/python3.10/site-packages/gps_publisher
[0.482s] copying /home/raivo/Hermes/hermes_ws/build/gps_publisher/build/lib/gps_publisher/__init__.py -> /home/raivo/Hermes/hermes_ws/install/gps_publisher/lib/python3.10/site-packages/gps_publisher
[0.482s] copying /home/raivo/Hermes/hermes_ws/build/gps_publisher/build/lib/gps_publisher/gps_publisher_node.py -> /home/raivo/Hermes/hermes_ws/install/gps_publisher/lib/python3.10/site-packages/gps_publisher
[0.482s] byte-compiling /home/raivo/Hermes/hermes_ws/install/gps_publisher/lib/python3.10/site-packages/gps_publisher/__init__.py to __init__.cpython-310.pyc
[0.482s] byte-compiling /home/raivo/Hermes/hermes_ws/install/gps_publisher/lib/python3.10/site-packages/gps_publisher/gps_publisher_node.py to gps_publisher_node.cpython-310.pyc
[0.482s] running install_data
[0.482s] creating /home/raivo/Hermes/hermes_ws/install/gps_publisher/share/ament_index
[0.482s] creating /home/raivo/Hermes/hermes_ws/install/gps_publisher/share/ament_index/resource_index
[0.482s] creating /home/raivo/Hermes/hermes_ws/install/gps_publisher/share/ament_index/resource_index/packages
[0.482s] copying resource/gps_publisher -> /home/raivo/Hermes/hermes_ws/install/gps_publisher/share/ament_index/resource_index/packages
[0.482s] copying package.xml -> /home/raivo/Hermes/hermes_ws/install/gps_publisher/share/gps_publisher
[0.482s] running install_egg_info
[0.483s] Copying ../../build/gps_publisher/gps_publisher.egg-info to /home/raivo/Hermes/hermes_ws/install/gps_publisher/lib/python3.10/site-packages/gps_publisher-0.0.0-py3.10.egg-info
[0.484s] running install_scripts
[0.496s] Installing gps_publisher_node script to /home/raivo/Hermes/hermes_ws/install/gps_publisher/lib/gps_publisher
[0.496s] writing list of installed files to '/home/raivo/Hermes/hermes_ws/build/gps_publisher/install.log'
[0.509s] Invoked command in '/home/raivo/Hermes/hermes_ws/src/gps_publisher' returned '0': PYTHONPATH=/home/raivo/Hermes/hermes_ws/build/gps_publisher/prefix_override:/home/raivo/Hermes/hermes_ws/install/gps_publisher/lib/python3.10/site-packages:${PYTHONPATH} /usr/bin/python3 -W ignore:setup.py install is deprecated setup.py egg_info --egg-base ../../build/gps_publisher build --build-base /home/raivo/Hermes/hermes_ws/build/gps_publisher/build install --record /home/raivo/Hermes/hermes_ws/build/gps_publisher/install.log --single-version-externally-managed install_data
