[2.664s] Invoking command in '/home/hermes/Hermes/hermes_ws/src/tof_publisher': PYTHONPATH=/home/hermes/Hermes/hermes_ws/build/tof_publisher/prefix_override:/home/hermes/Hermes/hermes_ws/install/tof_publisher/lib/python3.10/site-packages:${PYTHONPATH} /usr/bin/python3 -W ignore:setup.py install is deprecated setup.py egg_info --egg-base ../../build/tof_publisher build --build-base /home/hermes/Hermes/hermes_ws/build/tof_publisher/build install --record /home/hermes/Hermes/hermes_ws/build/tof_publisher/install.log --install-scripts $base/lib/tof_publisher --single-version-externally-managed install_data
[3.488s] /usr/lib/python3/dist-packages/setuptools/dist.py:723: UserWarning: Usage of dash-separated 'script-dir' will not be supported in future versions. Please use the underscore name 'script_dir' instead
[3.489s]   warnings.warn(
[3.517s] running egg_info
[3.526s] creating ../../build/tof_publisher/tof_publisher.egg-info
[3.527s] writing ../../build/tof_publisher/tof_publisher.egg-info/PKG-INFO
[3.528s] writing dependency_links to ../../build/tof_publisher/tof_publisher.egg-info/dependency_links.txt
[3.529s] writing entry points to ../../build/tof_publisher/tof_publisher.egg-info/entry_points.txt
[3.529s] writing requirements to ../../build/tof_publisher/tof_publisher.egg-info/requires.txt
[3.530s] writing top-level names to ../../build/tof_publisher/tof_publisher.egg-info/top_level.txt
[3.531s] writing manifest file '../../build/tof_publisher/tof_publisher.egg-info/SOURCES.txt'
[3.547s] reading manifest file '../../build/tof_publisher/tof_publisher.egg-info/SOURCES.txt'
[3.549s] writing manifest file '../../build/tof_publisher/tof_publisher.egg-info/SOURCES.txt'
[3.550s] running build
[3.558s] running build_py
[3.559s] creating /home/hermes/Hermes/hermes_ws/build/tof_publisher/build
[3.566s] creating /home/hermes/Hermes/hermes_ws/build/tof_publisher/build/lib
[3.566s] creating /home/hermes/Hermes/hermes_ws/build/tof_publisher/build/lib/tof_publisher
[3.567s] copying tof_publisher/tof_data.py -> /home/hermes/Hermes/hermes_ws/build/tof_publisher/build/lib/tof_publisher
[3.568s] copying tof_publisher/__init__.py -> /home/hermes/Hermes/hermes_ws/build/tof_publisher/build/lib/tof_publisher
[3.569s] running install
[3.571s] running install_lib
[3.573s] creating /home/hermes/Hermes/hermes_ws/install/tof_publisher/lib/python3.10/site-packages/tof_publisher
[3.575s] copying /home/hermes/Hermes/hermes_ws/build/tof_publisher/build/lib/tof_publisher/tof_data.py -> /home/hermes/Hermes/hermes_ws/install/tof_publisher/lib/python3.10/site-packages/tof_publisher
[3.575s] copying /home/hermes/Hermes/hermes_ws/build/tof_publisher/build/lib/tof_publisher/__init__.py -> /home/hermes/Hermes/hermes_ws/install/tof_publisher/lib/python3.10/site-packages/tof_publisher
[3.595s] byte-compiling /home/hermes/Hermes/hermes_ws/install/tof_publisher/lib/python3.10/site-packages/tof_publisher/tof_data.py to tof_data.cpython-310.pyc
[3.596s] byte-compiling /home/hermes/Hermes/hermes_ws/install/tof_publisher/lib/python3.10/site-packages/tof_publisher/__init__.py to __init__.cpython-310.pyc
[3.597s] running install_data
[3.597s] creating /home/hermes/Hermes/hermes_ws/install/tof_publisher/share/ament_index
[3.597s] creating /home/hermes/Hermes/hermes_ws/install/tof_publisher/share/ament_index/resource_index
[3.597s] creating /home/hermes/Hermes/hermes_ws/install/tof_publisher/share/ament_index/resource_index/packages
[3.597s] copying resource/tof_publisher -> /home/hermes/Hermes/hermes_ws/install/tof_publisher/share/ament_index/resource_index/packages
[3.598s] copying package.xml -> /home/hermes/Hermes/hermes_ws/install/tof_publisher/share/tof_publisher
[3.598s] running install_egg_info
[3.606s] Copying ../../build/tof_publisher/tof_publisher.egg-info to /home/hermes/Hermes/hermes_ws/install/tof_publisher/lib/python3.10/site-packages/tof_publisher-0.0.0-py3.10.egg-info
[3.608s] running install_scripts
[3.704s] Installing tof_data = tof_publisher.tof_data:maininteractive_waypoint_follower script to /home/hermes/Hermes/hermes_ws/install/tof_publisher/lib/tof_publisher
[3.711s] writing list of installed files to '/home/hermes/Hermes/hermes_ws/build/tof_publisher/install.log'
[3.811s] Invoked command in '/home/hermes/Hermes/hermes_ws/src/tof_publisher' returned '0': PYTHONPATH=/home/hermes/Hermes/hermes_ws/build/tof_publisher/prefix_override:/home/hermes/Hermes/hermes_ws/install/tof_publisher/lib/python3.10/site-packages:${PYTHONPATH} /usr/bin/python3 -W ignore:setup.py install is deprecated setup.py egg_info --egg-base ../../build/tof_publisher build --build-base /home/hermes/Hermes/hermes_ws/build/tof_publisher/build install --record /home/hermes/Hermes/hermes_ws/build/tof_publisher/install.log --install-scripts $base/lib/tof_publisher --single-version-externally-managed install_data
