[1.310s] Invoking command in '/home/aleksmalm/Hermes/hermes_ws/src/cmd_vel': PYTHONPATH=/home/aleksmalm/Hermes/hermes_ws/build/cmd_vel/prefix_override:/home/aleksmalm/Hermes/hermes_ws/install/cmd_vel/lib/python3.10/site-packages:${PYTHONPATH} /usr/bin/python3 -W ignore:setup.py install is deprecated setup.py egg_info --egg-base ../../build/cmd_vel build --build-base /home/aleksmalm/Hermes/hermes_ws/build/cmd_vel/build install --record /home/aleksmalm/Hermes/hermes_ws/build/cmd_vel/install.log --single-version-externally-managed install_data
[1.505s] running egg_info
[1.505s] writing ../../build/cmd_vel/cmd_vel.egg-info/PKG-INFO
[1.505s] writing dependency_links to ../../build/cmd_vel/cmd_vel.egg-info/dependency_links.txt
[1.505s] writing entry points to ../../build/cmd_vel/cmd_vel.egg-info/entry_points.txt
[1.505s] writing requirements to ../../build/cmd_vel/cmd_vel.egg-info/requires.txt
[1.506s] writing top-level names to ../../build/cmd_vel/cmd_vel.egg-info/top_level.txt
[1.506s] reading manifest file '../../build/cmd_vel/cmd_vel.egg-info/SOURCES.txt'
[1.506s] writing manifest file '../../build/cmd_vel/cmd_vel.egg-info/SOURCES.txt'
[1.506s] running build
[1.506s] running build_py
[1.506s] running install
[1.507s] running install_lib
[1.507s] running install_data
[1.507s] running install_egg_info
[1.508s] removing '/home/aleksmalm/Hermes/hermes_ws/install/cmd_vel/lib/python3.10/site-packages/cmd_vel-0.0.0-py3.10.egg-info' (and everything under it)
[1.508s] Copying ../../build/cmd_vel/cmd_vel.egg-info to /home/aleksmalm/Hermes/hermes_ws/install/cmd_vel/lib/python3.10/site-packages/cmd_vel-0.0.0-py3.10.egg-info
[1.509s] running install_scripts
[1.522s] Installing cmd_vel_controll script to /home/aleksmalm/Hermes/hermes_ws/install/cmd_vel/lib/cmd_vel
[1.522s] writing list of installed files to '/home/aleksmalm/Hermes/hermes_ws/build/cmd_vel/install.log'
[1.539s] Invoked command in '/home/aleksmalm/Hermes/hermes_ws/src/cmd_vel' returned '0': PYTHONPATH=/home/aleksmalm/Hermes/hermes_ws/build/cmd_vel/prefix_override:/home/aleksmalm/Hermes/hermes_ws/install/cmd_vel/lib/python3.10/site-packages:${PYTHONPATH} /usr/bin/python3 -W ignore:setup.py install is deprecated setup.py egg_info --egg-base ../../build/cmd_vel build --build-base /home/aleksmalm/Hermes/hermes_ws/build/cmd_vel/build install --record /home/aleksmalm/Hermes/hermes_ws/build/cmd_vel/install.log --single-version-externally-managed install_data
