[2.394s] Invoking command in '/home/hermes/Hermes/hermes_ws/src/cmd_vel': PYTHONPATH=/home/hermes/Hermes/hermes_ws/build/cmd_vel/prefix_override:/home/hermes/Hermes/hermes_ws/install/cmd_vel/lib/python3.10/site-packages:${PYTHONPATH} /usr/bin/python3 -W ignore:setup.py install is deprecated setup.py egg_info --egg-base ../../build/cmd_vel build --build-base /home/hermes/Hermes/hermes_ws/build/cmd_vel/build install --record /home/hermes/Hermes/hermes_ws/build/cmd_vel/install.log --single-version-externally-managed install_data
[2.941s] running egg_info
[2.943s] writing ../../build/cmd_vel/cmd_vel.egg-info/PKG-INFO
[2.943s] writing dependency_links to ../../build/cmd_vel/cmd_vel.egg-info/dependency_links.txt
[2.944s] writing entry points to ../../build/cmd_vel/cmd_vel.egg-info/entry_points.txt
[2.944s] writing requirements to ../../build/cmd_vel/cmd_vel.egg-info/requires.txt
[2.944s] writing top-level names to ../../build/cmd_vel/cmd_vel.egg-info/top_level.txt
[2.948s] reading manifest file '../../build/cmd_vel/cmd_vel.egg-info/SOURCES.txt'
[2.949s] writing manifest file '../../build/cmd_vel/cmd_vel.egg-info/SOURCES.txt'
[2.950s] running build
[2.950s] running build_py
[2.950s] running install
[2.951s] running install_lib
[2.954s] running install_data
[2.954s] running install_egg_info
[2.958s] removing '/home/hermes/Hermes/hermes_ws/install/cmd_vel/lib/python3.10/site-packages/cmd_vel-0.0.0-py3.10.egg-info' (and everything under it)
[2.959s] Copying ../../build/cmd_vel/cmd_vel.egg-info to /home/hermes/Hermes/hermes_ws/install/cmd_vel/lib/python3.10/site-packages/cmd_vel-0.0.0-py3.10.egg-info
[2.961s] running install_scripts
[3.009s] Installing cmd_vel_controll script to /home/hermes/Hermes/hermes_ws/install/cmd_vel/lib/cmd_vel
[3.009s] writing list of installed files to '/home/hermes/Hermes/hermes_ws/build/cmd_vel/install.log'
[3.305s] Invoked command in '/home/hermes/Hermes/hermes_ws/src/cmd_vel' returned '0': PYTHONPATH=/home/hermes/Hermes/hermes_ws/build/cmd_vel/prefix_override:/home/hermes/Hermes/hermes_ws/install/cmd_vel/lib/python3.10/site-packages:${PYTHONPATH} /usr/bin/python3 -W ignore:setup.py install is deprecated setup.py egg_info --egg-base ../../build/cmd_vel build --build-base /home/hermes/Hermes/hermes_ws/build/cmd_vel/build install --record /home/hermes/Hermes/hermes_ws/build/cmd_vel/install.log --single-version-externally-managed install_data
