[0.032s] Invoking command in '/home/aleksmalm/Hermes/hermes_ws/build/ldlidar_component': CMAKE_PREFIX_PATH=${CMAKE_PREFIX_PATH}:/home/aleksmalm/Hermes/hermes_ws/install/tof_publisher:/home/aleksmalm/Hermes/hermes_ws/install/teleop_control:/home/aleksmalm/Hermes/hermes_ws/install/odometry:/home/aleksmalm/Hermes/hermes_ws/install/nav2_gps_waypoint_follower_demo:/home/aleksmalm/Hermes/hermes_ws/install/imu_publisher:/home/aleksmalm/Hermes/hermes_ws/install/cmd_vel:/home/aleksmalm/Hermes/hermes_ws/install/cameras:/opt/ros/humble /usr/bin/cmake /home/aleksmalm/Hermes/hermes_ws/src/lidar_publisher/ldlidar_component -DCMAKE_INSTALL_PREFIX=/home/aleksmalm/Hermes/hermes_ws/install/ldlidar_component
[0.941s] -- The C compiler identification is GNU 11.4.0
[0.941s] -- The CXX compiler identification is GNU 11.4.0
[0.941s] -- Detecting C compiler ABI info
[0.942s] -- Detecting C compiler ABI info - done
[0.942s] -- Check for working C compiler: /usr/bin/cc - skipped
[0.942s] -- Detecting C compile features
[0.942s] -- Detecting C compile features - done
[0.942s] -- Detecting CXX compiler ABI info
[0.942s] -- Detecting CXX compiler ABI info - done
[0.942s] -- Check for working CXX compiler: /usr/bin/c++ - skipped
[0.942s] -- Detecting CXX compile features
[0.942s] -- Detecting CXX compile features - done
[0.942s] --  * Release Mode
[0.942s] -- * Found ROS2 humble
[0.942s] -- * ROS2 humble is officially supported by this package.
[0.942s] -- Found ament_cmake: 1.3.9 (/opt/ros/humble/share/ament_cmake/cmake)
[0.942s] -- Found Python3: /usr/bin/python3 (found version "3.10.12") found components: Interpreter 
[0.943s] -- Found rclcpp_lifecycle: 16.0.9 (/opt/ros/humble/share/rclcpp_lifecycle/cmake)
[0.943s] -- Found rosidl_generator_c: 3.1.5 (/opt/ros/humble/share/rosidl_generator_c/cmake)
[0.943s] -- Found rosidl_adapter: 3.1.5 (/opt/ros/humble/share/rosidl_adapter/cmake)
[0.943s] -- Found rosidl_generator_cpp: 3.1.5 (/opt/ros/humble/share/rosidl_generator_cpp/cmake)
[0.943s] -- Using all available rosidl_typesupport_c: rosidl_typesupport_fastrtps_c;rosidl_typesupport_introspection_c
[0.944s] -- Using all available rosidl_typesupport_cpp: rosidl_typesupport_fastrtps_cpp;rosidl_typesupport_introspection_cpp
[0.944s] -- Found rmw_implementation_cmake: 6.1.2 (/opt/ros/humble/share/rmw_implementation_cmake/cmake)
[0.944s] -- Found rmw_fastrtps_cpp: 6.2.6 (/opt/ros/humble/share/rmw_fastrtps_cpp/cmake)
[0.945s] -- Found OpenSSL: /usr/lib/x86_64-linux-gnu/libcrypto.so (found version "3.0.2")  
[0.945s] -- Found FastRTPS: /opt/ros/humble/include  
[0.945s] -- Using RMW implementation 'rmw_fastrtps_cpp' as default
[0.945s] -- Looking for pthread.h
[0.946s] -- Looking for pthread.h - found
[0.946s] -- Performing Test CMAKE_HAVE_LIBC_PTHREAD
[0.960s] -- Performing Test CMAKE_HAVE_LIBC_PTHREAD - Success
[0.960s] -- Found Threads: TRUE  
[1.190s] -- Found rclcpp_components: 16.0.9 (/opt/ros/humble/share/rclcpp_components/cmake)
[1.281s] [31mCMake Error at CMakeLists.txt:99 (find_package):
[1.281s]   By not providing "Findnav2_util.cmake" in CMAKE_MODULE_PATH this project
[1.281s]   has asked CMake to find a package configuration file provided by
[1.281s]   "nav2_util", but CMake did not find one.
[1.281s] 
[1.281s]   Could not find a package configuration file provided by "nav2_util" with
[1.281s]   any of the following names:
[1.281s] 
[1.281s]     nav2_utilConfig.cmake
[1.281s]     nav2_util-config.cmake
[1.282s] 
[1.282s]   Add the installation prefix of "nav2_util" to CMAKE_PREFIX_PATH or set
[1.282s]   "nav2_util_DIR" to a directory containing one of the above files.  If
[1.282s]   "nav2_util" provides a separate development package or SDK, be sure it has
[1.282s]   been installed.
[1.282s] 
[1.282s] -- Configuring incomplete, errors occurred!
[1.282s] See also "/home/aleksmalm/Hermes/hermes_ws/build/ldlidar_component/CMakeFiles/CMakeOutput.log".
[1.282s] [0m
[1.613s] Invoked command in '/home/aleksmalm/Hermes/hermes_ws/build/ldlidar_component' returned '1': CMAKE_PREFIX_PATH=${CMAKE_PREFIX_PATH}:/home/aleksmalm/Hermes/hermes_ws/install/tof_publisher:/home/aleksmalm/Hermes/hermes_ws/install/teleop_control:/home/aleksmalm/Hermes/hermes_ws/install/odometry:/home/aleksmalm/Hermes/hermes_ws/install/nav2_gps_waypoint_follower_demo:/home/aleksmalm/Hermes/hermes_ws/install/imu_publisher:/home/aleksmalm/Hermes/hermes_ws/install/cmd_vel:/home/aleksmalm/Hermes/hermes_ws/install/cameras:/opt/ros/humble /usr/bin/cmake /home/aleksmalm/Hermes/hermes_ws/src/lidar_publisher/ldlidar_component -DCMAKE_INSTALL_PREFIX=/home/aleksmalm/Hermes/hermes_ws/install/ldlidar_component
