[1.258s] Invoking command in '/home/hermes/Hermes/hermes_ws/build/hermes_interfaces': CMAKE_PREFIX_PATH=${CMAKE_PREFIX_PATH}:/home/hermes/Hermes/hermes_ws/install/tof_publisher:/home/hermes/Hermes/hermes_ws/install/teleop_control:/home/hermes/Hermes/hermes_ws/install/robot_model:/home/hermes/Hermes/hermes_ws/install/odometry:/home/hermes/Hermes/hermes_ws/install/my_robot_description:/home/hermes/Hermes/hermes_ws/install/lidar_publisher:/home/hermes/Hermes/hermes_ws/install/launch_files:/home/hermes/Hermes/hermes_ws/install/imu_publisher:/home/hermes/Hermes/hermes_ws/install/cmd_vel:/home/hermes/Hermes/hermes_ws/install/cameras:/home/hermes/Downloads/hermes/ros2_ws/src/install/ros2_video_stream_pkg:/opt/ros/humble /usr/bin/cmake --build /home/hermes/Hermes/hermes_ws/build/hermes_interfaces -- -j6 -l6
[1.388s] [  9%] Built target hermes_interfaces__rosidl_generator_c
[1.392s] [ 12%] Built target hermes_interfaces__cpp
[1.410s] [ 12%] Built target ament_cmake_python_copy_hermes_interfaces
[1.474s] [ 22%] Built target hermes_interfaces__rosidl_typesupport_c
[1.480s] [ 32%] Built target hermes_interfaces__rosidl_typesupport_fastrtps_cpp
[1.500s] [ 41%] Built target hermes_interfaces__rosidl_typesupport_fastrtps_c
[1.508s] [ 51%] Built target hermes_interfaces__rosidl_typesupport_introspection_c
[1.513s] [ 61%] Built target hermes_interfaces__rosidl_typesupport_cpp
[1.527s] [ 70%] Built target hermes_interfaces__rosidl_typesupport_introspection_cpp
[1.590s] [ 70%] Built target hermes_interfaces
[1.666s] [ 74%] Built target hermes_interfaces__py
[1.725s] [ 80%] Built target hermes_interfaces__rosidl_generator_py
[1.780s] [ 87%] Built target hermes_interfaces__rosidl_typesupport_introspection_c__pyext
[1.791s] [ 93%] Built target hermes_interfaces__rosidl_typesupport_fastrtps_c__pyext
[1.807s] [100%] Built target hermes_interfaces__rosidl_typesupport_c__pyext
[2.095s] running egg_info
[2.096s] writing hermes_interfaces.egg-info/PKG-INFO
[2.097s] writing dependency_links to hermes_interfaces.egg-info/dependency_links.txt
[2.097s] writing top-level names to hermes_interfaces.egg-info/top_level.txt
[2.103s] reading manifest file 'hermes_interfaces.egg-info/SOURCES.txt'
[2.104s] writing manifest file 'hermes_interfaces.egg-info/SOURCES.txt'
[2.174s] [100%] Built target ament_cmake_python_build_hermes_interfaces_egg
[2.381s] Invoked command in '/home/hermes/Hermes/hermes_ws/build/hermes_interfaces' returned '0': CMAKE_PREFIX_PATH=${CMAKE_PREFIX_PATH}:/home/hermes/Hermes/hermes_ws/install/tof_publisher:/home/hermes/Hermes/hermes_ws/install/teleop_control:/home/hermes/Hermes/hermes_ws/install/robot_model:/home/hermes/Hermes/hermes_ws/install/odometry:/home/hermes/Hermes/hermes_ws/install/my_robot_description:/home/hermes/Hermes/hermes_ws/install/lidar_publisher:/home/hermes/Hermes/hermes_ws/install/launch_files:/home/hermes/Hermes/hermes_ws/install/imu_publisher:/home/hermes/Hermes/hermes_ws/install/cmd_vel:/home/hermes/Hermes/hermes_ws/install/cameras:/home/hermes/Downloads/hermes/ros2_ws/src/install/ros2_video_stream_pkg:/opt/ros/humble /usr/bin/cmake --build /home/hermes/Hermes/hermes_ws/build/hermes_interfaces -- -j6 -l6
[2.536s] Invoking command in '/home/hermes/Hermes/hermes_ws/build/hermes_interfaces': CMAKE_PREFIX_PATH=${CMAKE_PREFIX_PATH}:/home/hermes/Hermes/hermes_ws/install/tof_publisher:/home/hermes/Hermes/hermes_ws/install/teleop_control:/home/hermes/Hermes/hermes_ws/install/robot_model:/home/hermes/Hermes/hermes_ws/install/odometry:/home/hermes/Hermes/hermes_ws/install/my_robot_description:/home/hermes/Hermes/hermes_ws/install/lidar_publisher:/home/hermes/Hermes/hermes_ws/install/launch_files:/home/hermes/Hermes/hermes_ws/install/imu_publisher:/home/hermes/Hermes/hermes_ws/install/cmd_vel:/home/hermes/Hermes/hermes_ws/install/cameras:/home/hermes/Downloads/hermes/ros2_ws/src/install/ros2_video_stream_pkg:/opt/ros/humble /usr/bin/cmake --install /home/hermes/Hermes/hermes_ws/build/hermes_interfaces
[2.561s] -- Install configuration: ""
[2.564s] -- Up-to-date: /home/hermes/Hermes/hermes_ws/install/hermes_interfaces/share/ament_index/resource_index/rosidl_interfaces/hermes_interfaces
[2.564s] -- Up-to-date: /home/hermes/Hermes/hermes_ws/install/hermes_interfaces/include/hermes_interfaces/hermes_interfaces
[2.565s] -- Up-to-date: /home/hermes/Hermes/hermes_ws/install/hermes_interfaces/include/hermes_interfaces/hermes_interfaces/msg
[2.566s] -- Up-to-date: /home/hermes/Hermes/hermes_ws/install/hermes_interfaces/include/hermes_interfaces/hermes_interfaces/msg/rosidl_generator_c__visibility_control.h
[2.566s] -- Up-to-date: /home/hermes/Hermes/hermes_ws/install/hermes_interfaces/include/hermes_interfaces/hermes_interfaces/msg/detail
[2.567s] -- Up-to-date: /home/hermes/Hermes/hermes_ws/install/hermes_interfaces/include/hermes_interfaces/hermes_interfaces/msg/detail/gps_fixed__functions.h
[2.567s] -- Up-to-date: /home/hermes/Hermes/hermes_ws/install/hermes_interfaces/include/hermes_interfaces/hermes_interfaces/msg/detail/gps_fixed__functions.c
[2.568s] -- Up-to-date: /home/hermes/Hermes/hermes_ws/install/hermes_interfaces/include/hermes_interfaces/hermes_interfaces/msg/detail/gps_fixed__type_support.h
[2.568s] -- Up-to-date: /home/hermes/Hermes/hermes_ws/install/hermes_interfaces/include/hermes_interfaces/hermes_interfaces/msg/detail/gps_fixed__struct.h
[2.568s] -- Up-to-date: /home/hermes/Hermes/hermes_ws/install/hermes_interfaces/include/hermes_interfaces/hermes_interfaces/msg/gps_fixed.h
[2.569s] -- Up-to-date: /home/hermes/Hermes/hermes_ws/install/hermes_interfaces/share/hermes_interfaces/environment/library_path.sh
[2.569s] -- Up-to-date: /home/hermes/Hermes/hermes_ws/install/hermes_interfaces/share/hermes_interfaces/environment/library_path.dsv
[2.569s] -- Up-to-date: /home/hermes/Hermes/hermes_ws/install/hermes_interfaces/lib/libhermes_interfaces__rosidl_generator_c.so
[2.569s] -- Up-to-date: /home/hermes/Hermes/hermes_ws/install/hermes_interfaces/include/hermes_interfaces/hermes_interfaces
[2.569s] -- Up-to-date: /home/hermes/Hermes/hermes_ws/install/hermes_interfaces/include/hermes_interfaces/hermes_interfaces/msg
[2.569s] -- Up-to-date: /home/hermes/Hermes/hermes_ws/install/hermes_interfaces/include/hermes_interfaces/hermes_interfaces/msg/rosidl_typesupport_fastrtps_c__visibility_control.h
[2.569s] -- Up-to-date: /home/hermes/Hermes/hermes_ws/install/hermes_interfaces/include/hermes_interfaces/hermes_interfaces/msg/detail
[2.569s] -- Up-to-date: /home/hermes/Hermes/hermes_ws/install/hermes_interfaces/include/hermes_interfaces/hermes_interfaces/msg/detail/gps_fixed__rosidl_typesupport_fastrtps_c.h
[2.570s] -- Up-to-date: /home/hermes/Hermes/hermes_ws/install/hermes_interfaces/lib/libhermes_interfaces__rosidl_typesupport_fastrtps_c.so
[2.570s] -- Up-to-date: /home/hermes/Hermes/hermes_ws/install/hermes_interfaces/include/hermes_interfaces/hermes_interfaces
[2.570s] -- Up-to-date: /home/hermes/Hermes/hermes_ws/install/hermes_interfaces/include/hermes_interfaces/hermes_interfaces/msg
[2.570s] -- Up-to-date: /home/hermes/Hermes/hermes_ws/install/hermes_interfaces/include/hermes_interfaces/hermes_interfaces/msg/detail
[2.570s] -- Up-to-date: /home/hermes/Hermes/hermes_ws/install/hermes_interfaces/include/hermes_interfaces/hermes_interfaces/msg/detail/gps_fixed__type_support.c
[2.570s] -- Up-to-date: /home/hermes/Hermes/hermes_ws/install/hermes_interfaces/include/hermes_interfaces/hermes_interfaces/msg/detail/gps_fixed__rosidl_typesupport_introspection_c.h
[2.570s] -- Up-to-date: /home/hermes/Hermes/hermes_ws/install/hermes_interfaces/include/hermes_interfaces/hermes_interfaces/msg/rosidl_typesupport_introspection_c__visibility_control.h
[2.570s] -- Up-to-date: /home/hermes/Hermes/hermes_ws/install/hermes_interfaces/lib/libhermes_interfaces__rosidl_typesupport_introspection_c.so
[2.571s] -- Up-to-date: /home/hermes/Hermes/hermes_ws/install/hermes_interfaces/lib/libhermes_interfaces__rosidl_typesupport_c.so
[2.571s] -- Up-to-date: /home/hermes/Hermes/hermes_ws/install/hermes_interfaces/include/hermes_interfaces/hermes_interfaces
[2.571s] -- Up-to-date: /home/hermes/Hermes/hermes_ws/install/hermes_interfaces/include/hermes_interfaces/hermes_interfaces/msg
[2.571s] -- Up-to-date: /home/hermes/Hermes/hermes_ws/install/hermes_interfaces/include/hermes_interfaces/hermes_interfaces/msg/gps_fixed.hpp
[2.571s] -- Up-to-date: /home/hermes/Hermes/hermes_ws/install/hermes_interfaces/include/hermes_interfaces/hermes_interfaces/msg/detail
[2.571s] -- Up-to-date: /home/hermes/Hermes/hermes_ws/install/hermes_interfaces/include/hermes_interfaces/hermes_interfaces/msg/detail/gps_fixed__traits.hpp
[2.571s] -- Up-to-date: /home/hermes/Hermes/hermes_ws/install/hermes_interfaces/include/hermes_interfaces/hermes_interfaces/msg/detail/gps_fixed__struct.hpp
[2.571s] -- Up-to-date: /home/hermes/Hermes/hermes_ws/install/hermes_interfaces/include/hermes_interfaces/hermes_interfaces/msg/detail/gps_fixed__builder.hpp
[2.571s] -- Up-to-date: /home/hermes/Hermes/hermes_ws/install/hermes_interfaces/include/hermes_interfaces/hermes_interfaces
[2.572s] -- Up-to-date: /home/hermes/Hermes/hermes_ws/install/hermes_interfaces/include/hermes_interfaces/hermes_interfaces/msg
[2.572s] -- Up-to-date: /home/hermes/Hermes/hermes_ws/install/hermes_interfaces/include/hermes_interfaces/hermes_interfaces/msg/detail
[2.572s] -- Up-to-date: /home/hermes/Hermes/hermes_ws/install/hermes_interfaces/include/hermes_interfaces/hermes_interfaces/msg/detail/gps_fixed__rosidl_typesupport_fastrtps_cpp.hpp
[2.573s] -- Up-to-date: /home/hermes/Hermes/hermes_ws/install/hermes_interfaces/include/hermes_interfaces/hermes_interfaces/msg/detail/dds_fastrtps
[2.573s] -- Up-to-date: /home/hermes/Hermes/hermes_ws/install/hermes_interfaces/include/hermes_interfaces/hermes_interfaces/msg/rosidl_typesupport_fastrtps_cpp__visibility_control.h
[2.573s] -- Up-to-date: /home/hermes/Hermes/hermes_ws/install/hermes_interfaces/lib/libhermes_interfaces__rosidl_typesupport_fastrtps_cpp.so
[2.573s] -- Up-to-date: /home/hermes/Hermes/hermes_ws/install/hermes_interfaces/include/hermes_interfaces/hermes_interfaces
[2.573s] -- Up-to-date: /home/hermes/Hermes/hermes_ws/install/hermes_interfaces/include/hermes_interfaces/hermes_interfaces/msg
[2.573s] -- Up-to-date: /home/hermes/Hermes/hermes_ws/install/hermes_interfaces/include/hermes_interfaces/hermes_interfaces/msg/detail
[2.573s] -- Up-to-date: /home/hermes/Hermes/hermes_ws/install/hermes_interfaces/include/hermes_interfaces/hermes_interfaces/msg/detail/gps_fixed__rosidl_typesupport_introspection_cpp.hpp
[2.573s] -- Up-to-date: /home/hermes/Hermes/hermes_ws/install/hermes_interfaces/include/hermes_interfaces/hermes_interfaces/msg/detail/gps_fixed__type_support.cpp
[2.574s] -- Up-to-date: /home/hermes/Hermes/hermes_ws/install/hermes_interfaces/lib/libhermes_interfaces__rosidl_typesupport_introspection_cpp.so
[2.574s] -- Up-to-date: /home/hermes/Hermes/hermes_ws/install/hermes_interfaces/lib/libhermes_interfaces__rosidl_typesupport_cpp.so
[2.574s] -- Up-to-date: /home/hermes/Hermes/hermes_ws/install/hermes_interfaces/share/hermes_interfaces/environment/pythonpath.sh
[2.574s] -- Up-to-date: /home/hermes/Hermes/hermes_ws/install/hermes_interfaces/share/hermes_interfaces/environment/pythonpath.dsv
[2.574s] -- Up-to-date: /home/hermes/Hermes/hermes_ws/install/hermes_interfaces/local/lib/python3.10/dist-packages/hermes_interfaces-0.0.0-py3.10.egg-info
[2.574s] -- Installing: /home/hermes/Hermes/hermes_ws/install/hermes_interfaces/local/lib/python3.10/dist-packages/hermes_interfaces-0.0.0-py3.10.egg-info/dependency_links.txt
[2.574s] -- Installing: /home/hermes/Hermes/hermes_ws/install/hermes_interfaces/local/lib/python3.10/dist-packages/hermes_interfaces-0.0.0-py3.10.egg-info/SOURCES.txt
[2.574s] -- Installing: /home/hermes/Hermes/hermes_ws/install/hermes_interfaces/local/lib/python3.10/dist-packages/hermes_interfaces-0.0.0-py3.10.egg-info/PKG-INFO
[2.575s] -- Installing: /home/hermes/Hermes/hermes_ws/install/hermes_interfaces/local/lib/python3.10/dist-packages/hermes_interfaces-0.0.0-py3.10.egg-info/top_level.txt
[2.575s] -- Up-to-date: /home/hermes/Hermes/hermes_ws/install/hermes_interfaces/local/lib/python3.10/dist-packages/hermes_interfaces
[2.575s] -- Up-to-date: /home/hermes/Hermes/hermes_ws/install/hermes_interfaces/local/lib/python3.10/dist-packages/hermes_interfaces/libhermes_interfaces__rosidl_generator_py.so
[2.575s] -- Up-to-date: /home/hermes/Hermes/hermes_ws/install/hermes_interfaces/local/lib/python3.10/dist-packages/hermes_interfaces/hermes_interfaces_s__rosidl_typesupport_introspection_c.cpython-310-aarch64-linux-gnu.so
[2.575s] -- Up-to-date: /home/hermes/Hermes/hermes_ws/install/hermes_interfaces/local/lib/python3.10/dist-packages/hermes_interfaces/_hermes_interfaces_s.ep.rosidl_typesupport_introspection_c.c
[2.575s] -- Up-to-date: /home/hermes/Hermes/hermes_ws/install/hermes_interfaces/local/lib/python3.10/dist-packages/hermes_interfaces/__init__.py
[2.575s] -- Up-to-date: /home/hermes/Hermes/hermes_ws/install/hermes_interfaces/local/lib/python3.10/dist-packages/hermes_interfaces/msg
[2.575s] -- Up-to-date: /home/hermes/Hermes/hermes_ws/install/hermes_interfaces/local/lib/python3.10/dist-packages/hermes_interfaces/msg/__init__.py
[2.576s] -- Up-to-date: /home/hermes/Hermes/hermes_ws/install/hermes_interfaces/local/lib/python3.10/dist-packages/hermes_interfaces/msg/_gps_fixed.py
[2.576s] -- Up-to-date: /home/hermes/Hermes/hermes_ws/install/hermes_interfaces/local/lib/python3.10/dist-packages/hermes_interfaces/msg/_gps_fixed_s.c
[2.576s] -- Up-to-date: /home/hermes/Hermes/hermes_ws/install/hermes_interfaces/local/lib/python3.10/dist-packages/hermes_interfaces/_hermes_interfaces_s.ep.rosidl_typesupport_c.c
[2.576s] -- Up-to-date: /home/hermes/Hermes/hermes_ws/install/hermes_interfaces/local/lib/python3.10/dist-packages/hermes_interfaces/hermes_interfaces_s__rosidl_typesupport_fastrtps_c.cpython-310-aarch64-linux-gnu.so
[2.576s] -- Up-to-date: /home/hermes/Hermes/hermes_ws/install/hermes_interfaces/local/lib/python3.10/dist-packages/hermes_interfaces/_hermes_interfaces_s.ep.rosidl_typesupport_fastrtps_c.c
[2.576s] -- Up-to-date: /home/hermes/Hermes/hermes_ws/install/hermes_interfaces/local/lib/python3.10/dist-packages/hermes_interfaces/hermes_interfaces_s__rosidl_typesupport_c.cpython-310-aarch64-linux-gnu.so
[2.652s] Listing '/home/hermes/Hermes/hermes_ws/install/hermes_interfaces/local/lib/python3.10/dist-packages/hermes_interfaces'...
[2.652s] Listing '/home/hermes/Hermes/hermes_ws/install/hermes_interfaces/local/lib/python3.10/dist-packages/hermes_interfaces/msg'...
[2.662s] -- Up-to-date: /home/hermes/Hermes/hermes_ws/install/hermes_interfaces/local/lib/python3.10/dist-packages/hermes_interfaces/hermes_interfaces_s__rosidl_typesupport_fastrtps_c.cpython-310-aarch64-linux-gnu.so
[2.662s] -- Up-to-date: /home/hermes/Hermes/hermes_ws/install/hermes_interfaces/local/lib/python3.10/dist-packages/hermes_interfaces/hermes_interfaces_s__rosidl_typesupport_introspection_c.cpython-310-aarch64-linux-gnu.so
[2.663s] -- Up-to-date: /home/hermes/Hermes/hermes_ws/install/hermes_interfaces/local/lib/python3.10/dist-packages/hermes_interfaces/hermes_interfaces_s__rosidl_typesupport_c.cpython-310-aarch64-linux-gnu.so
[2.663s] -- Up-to-date: /home/hermes/Hermes/hermes_ws/install/hermes_interfaces/lib/libhermes_interfaces__rosidl_generator_py.so
[2.663s] -- Up-to-date: /home/hermes/Hermes/hermes_ws/install/hermes_interfaces/share/hermes_interfaces/msg/GpsFixed.idl
[2.663s] -- Up-to-date: /home/hermes/Hermes/hermes_ws/install/hermes_interfaces/share/hermes_interfaces/msg/GpsFixed.msg
[2.664s] -- Up-to-date: /home/hermes/Hermes/hermes_ws/install/hermes_interfaces/share/ament_index/resource_index/package_run_dependencies/hermes_interfaces
[2.664s] -- Up-to-date: /home/hermes/Hermes/hermes_ws/install/hermes_interfaces/share/ament_index/resource_index/parent_prefix_path/hermes_interfaces
[2.664s] -- Up-to-date: /home/hermes/Hermes/hermes_ws/install/hermes_interfaces/share/hermes_interfaces/environment/ament_prefix_path.sh
[2.664s] -- Up-to-date: /home/hermes/Hermes/hermes_ws/install/hermes_interfaces/share/hermes_interfaces/environment/ament_prefix_path.dsv
[2.664s] -- Up-to-date: /home/hermes/Hermes/hermes_ws/install/hermes_interfaces/share/hermes_interfaces/environment/path.sh
[2.664s] -- Up-to-date: /home/hermes/Hermes/hermes_ws/install/hermes_interfaces/share/hermes_interfaces/environment/path.dsv
[2.665s] -- Up-to-date: /home/hermes/Hermes/hermes_ws/install/hermes_interfaces/share/hermes_interfaces/local_setup.bash
[2.665s] -- Up-to-date: /home/hermes/Hermes/hermes_ws/install/hermes_interfaces/share/hermes_interfaces/local_setup.sh
[2.665s] -- Up-to-date: /home/hermes/Hermes/hermes_ws/install/hermes_interfaces/share/hermes_interfaces/local_setup.zsh
[2.665s] -- Up-to-date: /home/hermes/Hermes/hermes_ws/install/hermes_interfaces/share/hermes_interfaces/local_setup.dsv
[2.665s] -- Installing: /home/hermes/Hermes/hermes_ws/install/hermes_interfaces/share/hermes_interfaces/package.dsv
[2.665s] -- Up-to-date: /home/hermes/Hermes/hermes_ws/install/hermes_interfaces/share/ament_index/resource_index/packages/hermes_interfaces
[2.666s] -- Up-to-date: /home/hermes/Hermes/hermes_ws/install/hermes_interfaces/share/hermes_interfaces/cmake/export_hermes_interfaces__rosidl_generator_cExport.cmake
[2.666s] -- Up-to-date: /home/hermes/Hermes/hermes_ws/install/hermes_interfaces/share/hermes_interfaces/cmake/export_hermes_interfaces__rosidl_generator_cExport-noconfig.cmake
[2.666s] -- Up-to-date: /home/hermes/Hermes/hermes_ws/install/hermes_interfaces/share/hermes_interfaces/cmake/export_hermes_interfaces__rosidl_typesupport_fastrtps_cExport.cmake
[2.666s] -- Up-to-date: /home/hermes/Hermes/hermes_ws/install/hermes_interfaces/share/hermes_interfaces/cmake/export_hermes_interfaces__rosidl_typesupport_fastrtps_cExport-noconfig.cmake
[2.666s] -- Up-to-date: /home/hermes/Hermes/hermes_ws/install/hermes_interfaces/share/hermes_interfaces/cmake/hermes_interfaces__rosidl_typesupport_introspection_cExport.cmake
[2.667s] -- Up-to-date: /home/hermes/Hermes/hermes_ws/install/hermes_interfaces/share/hermes_interfaces/cmake/hermes_interfaces__rosidl_typesupport_introspection_cExport-noconfig.cmake
[2.667s] -- Up-to-date: /home/hermes/Hermes/hermes_ws/install/hermes_interfaces/share/hermes_interfaces/cmake/hermes_interfaces__rosidl_typesupport_cExport.cmake
[2.667s] -- Up-to-date: /home/hermes/Hermes/hermes_ws/install/hermes_interfaces/share/hermes_interfaces/cmake/hermes_interfaces__rosidl_typesupport_cExport-noconfig.cmake
[2.667s] -- Up-to-date: /home/hermes/Hermes/hermes_ws/install/hermes_interfaces/share/hermes_interfaces/cmake/export_hermes_interfaces__rosidl_generator_cppExport.cmake
[2.668s] -- Up-to-date: /home/hermes/Hermes/hermes_ws/install/hermes_interfaces/share/hermes_interfaces/cmake/export_hermes_interfaces__rosidl_typesupport_fastrtps_cppExport.cmake
[2.668s] -- Up-to-date: /home/hermes/Hermes/hermes_ws/install/hermes_interfaces/share/hermes_interfaces/cmake/export_hermes_interfaces__rosidl_typesupport_fastrtps_cppExport-noconfig.cmake
[2.668s] -- Up-to-date: /home/hermes/Hermes/hermes_ws/install/hermes_interfaces/share/hermes_interfaces/cmake/hermes_interfaces__rosidl_typesupport_introspection_cppExport.cmake
[2.668s] -- Up-to-date: /home/hermes/Hermes/hermes_ws/install/hermes_interfaces/share/hermes_interfaces/cmake/hermes_interfaces__rosidl_typesupport_introspection_cppExport-noconfig.cmake
[2.668s] -- Up-to-date: /home/hermes/Hermes/hermes_ws/install/hermes_interfaces/share/hermes_interfaces/cmake/hermes_interfaces__rosidl_typesupport_cppExport.cmake
[2.669s] -- Up-to-date: /home/hermes/Hermes/hermes_ws/install/hermes_interfaces/share/hermes_interfaces/cmake/hermes_interfaces__rosidl_typesupport_cppExport-noconfig.cmake
[2.669s] -- Up-to-date: /home/hermes/Hermes/hermes_ws/install/hermes_interfaces/share/hermes_interfaces/cmake/export_hermes_interfaces__rosidl_generator_pyExport.cmake
[2.669s] -- Up-to-date: /home/hermes/Hermes/hermes_ws/install/hermes_interfaces/share/hermes_interfaces/cmake/export_hermes_interfaces__rosidl_generator_pyExport-noconfig.cmake
[2.669s] -- Up-to-date: /home/hermes/Hermes/hermes_ws/install/hermes_interfaces/share/hermes_interfaces/cmake/rosidl_cmake-extras.cmake
[2.669s] -- Up-to-date: /home/hermes/Hermes/hermes_ws/install/hermes_interfaces/share/hermes_interfaces/cmake/ament_cmake_export_include_directories-extras.cmake
[2.669s] -- Up-to-date: /home/hermes/Hermes/hermes_ws/install/hermes_interfaces/share/hermes_interfaces/cmake/ament_cmake_export_libraries-extras.cmake
[2.669s] -- Up-to-date: /home/hermes/Hermes/hermes_ws/install/hermes_interfaces/share/hermes_interfaces/cmake/ament_cmake_export_targets-extras.cmake
[2.670s] -- Up-to-date: /home/hermes/Hermes/hermes_ws/install/hermes_interfaces/share/hermes_interfaces/cmake/rosidl_cmake_export_typesupport_targets-extras.cmake
[2.670s] -- Up-to-date: /home/hermes/Hermes/hermes_ws/install/hermes_interfaces/share/hermes_interfaces/cmake/ament_cmake_export_dependencies-extras.cmake
[2.670s] -- Up-to-date: /home/hermes/Hermes/hermes_ws/install/hermes_interfaces/share/hermes_interfaces/cmake/rosidl_cmake_export_typesupport_libraries-extras.cmake
[2.670s] -- Up-to-date: /home/hermes/Hermes/hermes_ws/install/hermes_interfaces/share/hermes_interfaces/cmake/hermes_interfacesConfig.cmake
[2.670s] -- Up-to-date: /home/hermes/Hermes/hermes_ws/install/hermes_interfaces/share/hermes_interfaces/cmake/hermes_interfacesConfig-version.cmake
[2.670s] -- Up-to-date: /home/hermes/Hermes/hermes_ws/install/hermes_interfaces/share/hermes_interfaces/package.xml
[3.252s] Invoked command in '/home/hermes/Hermes/hermes_ws/build/hermes_interfaces' returned '0': CMAKE_PREFIX_PATH=${CMAKE_PREFIX_PATH}:/home/hermes/Hermes/hermes_ws/install/tof_publisher:/home/hermes/Hermes/hermes_ws/install/teleop_control:/home/hermes/Hermes/hermes_ws/install/robot_model:/home/hermes/Hermes/hermes_ws/install/odometry:/home/hermes/Hermes/hermes_ws/install/my_robot_description:/home/hermes/Hermes/hermes_ws/install/lidar_publisher:/home/hermes/Hermes/hermes_ws/install/launch_files:/home/hermes/Hermes/hermes_ws/install/imu_publisher:/home/hermes/Hermes/hermes_ws/install/cmd_vel:/home/hermes/Hermes/hermes_ws/install/cameras:/home/hermes/Downloads/hermes/ros2_ws/src/install/ros2_video_stream_pkg:/opt/ros/humble /usr/bin/cmake --install /home/hermes/Hermes/hermes_ws/build/hermes_interfaces
