[3.946s] Invoking command in '/home/hermes/Hermes/hermes_ws/src/imu_publisher': PYTHONPATH=/home/hermes/Hermes/hermes_ws/build/imu_publisher/prefix_override:/home/hermes/Hermes/hermes_ws/install/imu_publisher/lib/python3.10/site-packages:${PYTHONPATH} /usr/bin/python3 -W ignore:setup.py install is deprecated setup.py egg_info --egg-base ../../build/imu_publisher build --build-base /home/hermes/Hermes/hermes_ws/build/imu_publisher/build install --record /home/hermes/Hermes/hermes_ws/build/imu_publisher/install.log --single-version-externally-managed install_data
[4.539s] running egg_info
[4.540s] writing ../../build/imu_publisher/imu_publisher.egg-info/PKG-INFO
[4.541s] writing dependency_links to ../../build/imu_publisher/imu_publisher.egg-info/dependency_links.txt
[4.541s] writing entry points to ../../build/imu_publisher/imu_publisher.egg-info/entry_points.txt
[4.541s] writing requirements to ../../build/imu_publisher/imu_publisher.egg-info/requires.txt
[4.542s] writing top-level names to ../../build/imu_publisher/imu_publisher.egg-info/top_level.txt
[4.547s] reading manifest file '../../build/imu_publisher/imu_publisher.egg-info/SOURCES.txt'
[4.547s] adding license file 'LICENSE'
[4.548s] writing manifest file '../../build/imu_publisher/imu_publisher.egg-info/SOURCES.txt'
[4.549s] running build
[4.549s] running build_py
[4.549s] running install
[4.550s] running install_lib
[4.553s] running install_data
[4.554s] running install_egg_info
[4.557s] removing '/home/hermes/Hermes/hermes_ws/install/imu_publisher/lib/python3.10/site-packages/imu_publisher-0.0.0-py3.10.egg-info' (and everything under it)
[4.558s] Copying ../../build/imu_publisher/imu_publisher.egg-info to /home/hermes/Hermes/hermes_ws/install/imu_publisher/lib/python3.10/site-packages/imu_publisher-0.0.0-py3.10.egg-info
[4.560s] running install_scripts
[4.614s] Installing imu_publisher_node script to /home/hermes/Hermes/hermes_ws/install/imu_publisher/lib/imu_publisher
[4.616s] writing list of installed files to '/home/hermes/Hermes/hermes_ws/build/imu_publisher/install.log'
[4.736s] Invoked command in '/home/hermes/Hermes/hermes_ws/src/imu_publisher' returned '0': PYTHONPATH=/home/hermes/Hermes/hermes_ws/build/imu_publisher/prefix_override:/home/hermes/Hermes/hermes_ws/install/imu_publisher/lib/python3.10/site-packages:${PYTHONPATH} /usr/bin/python3 -W ignore:setup.py install is deprecated setup.py egg_info --egg-base ../../build/imu_publisher build --build-base /home/hermes/Hermes/hermes_ws/build/imu_publisher/build install --record /home/hermes/Hermes/hermes_ws/build/imu_publisher/install.log --single-version-externally-managed install_data
