[1.800s] Invoking command in '/home/hermes/Hermes/hermes_ws/src/multi_package_launcher': PYTHONPATH=/home/hermes/Hermes/hermes_ws/build/multi_package_launcher/prefix_override:/usr/lib/python3/dist-packages/colcon_core/task/python/colcon_distutils_commands:/home/hermes/Hermes/hermes_ws/install/multi_package_launcher/lib/python3.10/site-packages:${PYTHONPATH} /usr/bin/python3 -W ignore:setup.py install is deprecated setup.py egg_info --egg-base ../../build/multi_package_launcher build --build-base /home/hermes/Hermes/hermes_ws/build/multi_package_launcher/build install --record /home/hermes/Hermes/hermes_ws/build/multi_package_launcher/install.log --single-version-externally-managed install_data
[2.170s] /home/hermes/.local/lib/python3.10/site-packages/setuptools/_distutils/dist.py:261: UserWarning: Unknown distribution option: 'tests_require'
[2.170s]   warnings.warn(msg)
[2.422s] running egg_info
[2.463s] writing ../../build/multi_package_launcher/multi_package_launcher.egg-info/PKG-INFO
[2.464s] writing dependency_links to ../../build/multi_package_launcher/multi_package_launcher.egg-info/dependency_links.txt
[2.464s] writing requirements to ../../build/multi_package_launcher/multi_package_launcher.egg-info/requires.txt
[2.465s] writing top-level names to ../../build/multi_package_launcher/multi_package_launcher.egg-info/top_level.txt
[2.548s] reading manifest file '../../build/multi_package_launcher/multi_package_launcher.egg-info/SOURCES.txt'
[2.551s] writing manifest file '../../build/multi_package_launcher/multi_package_launcher.egg-info/SOURCES.txt'
[2.552s] running build
[2.552s] running build_py
[2.552s] copying multi_package_launcher/__init__.py -> /home/hermes/Hermes/hermes_ws/build/multi_package_launcher/build/lib/multi_package_launcher
[2.553s] running install
[2.562s] running install_lib
[2.605s] running install_data
[2.606s] copying resource/multi_package_launcher -> /home/hermes/Hermes/hermes_ws/install/multi_package_launcher/share/ament_index/resource_index/packages
[2.606s] copying package.xml -> /home/hermes/Hermes/hermes_ws/install/multi_package_launcher/share/multi_package_launcher
[2.607s] copying launch/launch_all_packages.launch.py -> /home/hermes/Hermes/hermes_ws/install/multi_package_launcher/share/multi_package_launcher/launch
[2.607s] running install_egg_info
[2.653s] removing '/home/hermes/Hermes/hermes_ws/install/multi_package_launcher/lib/python3.10/site-packages/multi_package_launcher-0.0.0-py3.10.egg-info' (and everything under it)
[2.654s] Copying ../../build/multi_package_launcher/multi_package_launcher.egg-info to /home/hermes/Hermes/hermes_ws/install/multi_package_launcher/lib/python3.10/site-packages/multi_package_launcher-0.0.0-py3.10.egg-info
[2.656s] running install_scripts
[2.992s] writing list of installed files to '/home/hermes/Hermes/hermes_ws/build/multi_package_launcher/install.log'
[3.072s] Invoked command in '/home/hermes/Hermes/hermes_ws/src/multi_package_launcher' returned '0': PYTHONPATH=/home/hermes/Hermes/hermes_ws/build/multi_package_launcher/prefix_override:/usr/lib/python3/dist-packages/colcon_core/task/python/colcon_distutils_commands:/home/hermes/Hermes/hermes_ws/install/multi_package_launcher/lib/python3.10/site-packages:${PYTHONPATH} /usr/bin/python3 -W ignore:setup.py install is deprecated setup.py egg_info --egg-base ../../build/multi_package_launcher build --build-base /home/hermes/Hermes/hermes_ws/build/multi_package_launcher/build install --record /home/hermes/Hermes/hermes_ws/build/multi_package_launcher/install.log --single-version-externally-managed install_data
