[4.763s] Invoking command in '/home/raivo/Hermes/hermes_ws/src/lidar_publisher': PYTHONPATH=/home/raivo/Hermes/hermes_ws/build/lidar_publisher/prefix_override:/home/raivo/Hermes/hermes_ws/install/lidar_publisher/lib/python3.8/site-packages:${PYTHONPATH} /usr/bin/python3 setup.py egg_info --egg-base ../../build/lidar_publisher build --build-base /home/raivo/Hermes/hermes_ws/build/lidar_publisher/build install --record /home/raivo/Hermes/hermes_ws/build/lidar_publisher/install.log --single-version-externally-managed
[5.288s] running egg_info
[5.288s] creating ../../build/lidar_publisher/lidar_publisher.egg-info
[5.288s] writing ../../build/lidar_publisher/lidar_publisher.egg-info/PKG-INFO
[5.288s] writing dependency_links to ../../build/lidar_publisher/lidar_publisher.egg-info/dependency_links.txt
[5.288s] writing entry points to ../../build/lidar_publisher/lidar_publisher.egg-info/entry_points.txt
[5.289s] writing requirements to ../../build/lidar_publisher/lidar_publisher.egg-info/requires.txt
[5.289s] writing top-level names to ../../build/lidar_publisher/lidar_publisher.egg-info/top_level.txt
[5.289s] writing manifest file '../../build/lidar_publisher/lidar_publisher.egg-info/SOURCES.txt'
[5.315s] reading manifest file '../../build/lidar_publisher/lidar_publisher.egg-info/SOURCES.txt'
[5.315s] writing manifest file '../../build/lidar_publisher/lidar_publisher.egg-info/SOURCES.txt'
[5.315s] running build
[5.316s] running build_py
[5.316s] creating /home/raivo/Hermes/hermes_ws/build/lidar_publisher/build
[5.316s] creating /home/raivo/Hermes/hermes_ws/build/lidar_publisher/build/lib
[5.316s] creating /home/raivo/Hermes/hermes_ws/build/lidar_publisher/build/lib/lidar_publisher
[5.316s] copying lidar_publisher/__init__.py -> /home/raivo/Hermes/hermes_ws/build/lidar_publisher/build/lib/lidar_publisher
[5.316s] copying lidar_publisher/lidar_publisher_node.py -> /home/raivo/Hermes/hermes_ws/build/lidar_publisher/build/lib/lidar_publisher
[5.316s] running install
[5.317s] running install_lib
[5.319s] running install_data
[5.319s] running install_egg_info
[5.321s] removing '/home/raivo/Hermes/hermes_ws/install/lidar_publisher/lib/python3.8/site-packages/lidar_publisher-0.0.0-py3.8.egg-info' (and everything under it)
[5.321s] Copying ../../build/lidar_publisher/lidar_publisher.egg-info to /home/raivo/Hermes/hermes_ws/install/lidar_publisher/lib/python3.8/site-packages/lidar_publisher-0.0.0-py3.8.egg-info
[5.321s] running install_scripts
[5.338s] Installing lidar_publisher_node script to /home/raivo/Hermes/hermes_ws/install/lidar_publisher/lib/lidar_publisher
[5.338s] writing list of installed files to '/home/raivo/Hermes/hermes_ws/build/lidar_publisher/install.log'
[5.457s] Invoked command in '/home/raivo/Hermes/hermes_ws/src/lidar_publisher' returned '0': PYTHONPATH=/home/raivo/Hermes/hermes_ws/build/lidar_publisher/prefix_override:/home/raivo/Hermes/hermes_ws/install/lidar_publisher/lib/python3.8/site-packages:${PYTHONPATH} /usr/bin/python3 setup.py egg_info --egg-base ../../build/lidar_publisher build --build-base /home/raivo/Hermes/hermes_ws/build/lidar_publisher/build install --record /home/raivo/Hermes/hermes_ws/build/lidar_publisher/install.log --single-version-externally-managed
