-- Install configuration: ""
-- Up-to-date: /home/hermes/Hermes/hermes_ws/install/hermes_urdf/share/hermes_urdf/launch
-- Installing: /home/hermes/Hermes/hermes_ws/install/hermes_urdf/share/hermes_urdf/launch/display.launch.xml
-- Up-to-date: /home/hermes/Hermes/hermes_ws/install/hermes_urdf/share/hermes_urdf/urdf
-- Up-to-date: /home/hermes/Hermes/hermes_ws/install/hermes_urdf/share/hermes_urdf/urdf/rehv1.stl
-- Installing: /home/hermes/Hermes/hermes_ws/install/hermes_urdf/share/hermes_urdf/urdf/surface_7.part
-- Installing: /home/hermes/Hermes/hermes_ws/install/hermes_urdf/share/hermes_urdf/urdf/ld19.part
-- Installing: /home/hermes/Hermes/hermes_ws/install/hermes_urdf/share/hermes_urdf/urdf/surface_43.stl
-- Installing: /home/hermes/Hermes/hermes_ws/install/hermes_urdf/share/hermes_urdf/urdf/surface_37.part
-- Installing: /home/hermes/Hermes/hermes_ws/install/hermes_urdf/share/hermes_urdf/urdf/surface_43.part
-- Installing: /home/hermes/Hermes/hermes_ws/install/hermes_urdf/share/hermes_urdf/urdf/surface_7.stl
-- Installing: /home/hermes/Hermes/hermes_ws/install/hermes_urdf/share/hermes_urdf/urdf/ld19.stl
-- Installing: /home/hermes/Hermes/hermes_ws/install/hermes_urdf/share/hermes_urdf/urdf/lidar urdf
-- Installing: /home/hermes/Hermes/hermes_ws/install/hermes_urdf/share/hermes_urdf/urdf/lidar urdf/ldlidar_descr.urdf.xml
-- Installing: /home/hermes/Hermes/hermes_ws/install/hermes_urdf/share/hermes_urdf/urdf/lidar urdf/model
-- Installing: /home/hermes/Hermes/hermes_ws/install/hermes_urdf/share/hermes_urdf/urdf/lidar urdf/model/LD19.stl
-- Installing: /home/hermes/Hermes/hermes_ws/install/hermes_urdf/share/hermes_urdf/urdf/surface_37.stl
-- Up-to-date: /home/hermes/Hermes/hermes_ws/install/hermes_urdf/share/hermes_urdf/urdf/__init__.py
-- Installing: /home/hermes/Hermes/hermes_ws/install/hermes_urdf/share/hermes_urdf/urdf/config.rviz
-- Up-to-date: /home/hermes/Hermes/hermes_ws/install/hermes_urdf/share/hermes_urdf/urdf/part_1.stl
-- Installing: /home/hermes/Hermes/hermes_ws/install/hermes_urdf/share/hermes_urdf/urdf/.robot.urdf.swp
-- Up-to-date: /home/hermes/Hermes/hermes_ws/install/hermes_urdf/share/hermes_urdf/urdf/config.json
-- Installing: /home/hermes/Hermes/hermes_ws/install/hermes_urdf/share/hermes_urdf/urdf/hermes.urdf
-- Installing: /home/hermes/Hermes/hermes_ws/install/hermes_urdf/share/hermes_urdf/urdf/surface_75.part
-- Installing: /home/hermes/Hermes/hermes_ws/install/hermes_urdf/share/hermes_urdf/urdf/surface_75.stl
-- Installing: /home/hermes/Hermes/hermes_ws/install/hermes_urdf/share/hermes_urdf/urdf/part_1.part
-- Installing: /home/hermes/Hermes/hermes_ws/install/hermes_urdf/share/hermes_urdf/urdf/rehv1.part
-- Up-to-date: /home/hermes/Hermes/hermes_ws/install/hermes_urdf/share/ament_index/resource_index/package_run_dependencies/hermes_urdf
-- Up-to-date: /home/hermes/Hermes/hermes_ws/install/hermes_urdf/share/ament_index/resource_index/parent_prefix_path/hermes_urdf
-- Up-to-date: /home/hermes/Hermes/hermes_ws/install/hermes_urdf/share/hermes_urdf/environment/ament_prefix_path.sh
-- Up-to-date: /home/hermes/Hermes/hermes_ws/install/hermes_urdf/share/hermes_urdf/environment/ament_prefix_path.dsv
-- Up-to-date: /home/hermes/Hermes/hermes_ws/install/hermes_urdf/share/hermes_urdf/environment/path.sh
-- Up-to-date: /home/hermes/Hermes/hermes_ws/install/hermes_urdf/share/hermes_urdf/environment/path.dsv
-- Up-to-date: /home/hermes/Hermes/hermes_ws/install/hermes_urdf/share/hermes_urdf/local_setup.bash
-- Up-to-date: /home/hermes/Hermes/hermes_ws/install/hermes_urdf/share/hermes_urdf/local_setup.sh
-- Up-to-date: /home/hermes/Hermes/hermes_ws/install/hermes_urdf/share/hermes_urdf/local_setup.zsh
-- Up-to-date: /home/hermes/Hermes/hermes_ws/install/hermes_urdf/share/hermes_urdf/local_setup.dsv
-- Installing: /home/hermes/Hermes/hermes_ws/install/hermes_urdf/share/hermes_urdf/package.dsv
-- Up-to-date: /home/hermes/Hermes/hermes_ws/install/hermes_urdf/share/ament_index/resource_index/packages/hermes_urdf
-- Up-to-date: /home/hermes/Hermes/hermes_ws/install/hermes_urdf/share/hermes_urdf/cmake/hermes_urdfConfig.cmake
-- Up-to-date: /home/hermes/Hermes/hermes_ws/install/hermes_urdf/share/hermes_urdf/cmake/hermes_urdfConfig-version.cmake
-- Up-to-date: /home/hermes/Hermes/hermes_ws/install/hermes_urdf/share/hermes_urdf/package.xml
