[3.317s] Invoking command in '/home/hermes/Hermes/hermes_ws/src/hermes_nav': PYTHONPATH=/home/hermes/Hermes/hermes_ws/build/hermes_nav/prefix_override:/home/hermes/Hermes/hermes_ws/install/hermes_nav/lib/python3.10/site-packages:${PYTHONPATH} /usr/bin/python3 -W ignore:setup.py install is deprecated setup.py egg_info --egg-base ../../build/hermes_nav build --build-base /home/hermes/Hermes/hermes_ws/build/hermes_nav/build install --record /home/hermes/Hermes/hermes_ws/build/hermes_nav/install.log --single-version-externally-managed install_data
[17.117s] running egg_info
[17.117s] creating ../../build/hermes_nav/hermes_nav.egg-info
[17.118s] writing ../../build/hermes_nav/hermes_nav.egg-info/PKG-INFO
[17.118s] writing dependency_links to ../../build/hermes_nav/hermes_nav.egg-info/dependency_links.txt
[17.118s] writing entry points to ../../build/hermes_nav/hermes_nav.egg-info/entry_points.txt
[17.118s] writing requirements to ../../build/hermes_nav/hermes_nav.egg-info/requires.txt
[17.118s] writing top-level names to ../../build/hermes_nav/hermes_nav.egg-info/top_level.txt
[17.118s] writing manifest file '../../build/hermes_nav/hermes_nav.egg-info/SOURCES.txt'
[17.118s] reading manifest file '../../build/hermes_nav/hermes_nav.egg-info/SOURCES.txt'
[17.119s] writing manifest file '../../build/hermes_nav/hermes_nav.egg-info/SOURCES.txt'
[17.119s] running build
[17.127s] running build_py
[17.127s] creating /home/hermes/Hermes/hermes_ws/build/hermes_nav/build
[17.127s] creating /home/hermes/Hermes/hermes_ws/build/hermes_nav/build/lib
[17.127s] creating /home/hermes/Hermes/hermes_ws/build/hermes_nav/build/lib/hermes_nav
[17.127s] copying hermes_nav/interactive_waypoint_follower.py -> /home/hermes/Hermes/hermes_ws/build/hermes_nav/build/lib/hermes_nav
[17.127s] copying hermes_nav/gps_converter_node.py -> /home/hermes/Hermes/hermes_ws/build/hermes_nav/build/lib/hermes_nav
[17.127s] copying hermes_nav/__init__.py -> /home/hermes/Hermes/hermes_ws/build/hermes_nav/build/lib/hermes_nav
[17.128s] copying hermes_nav/logged_waypoint_follower.py -> /home/hermes/Hermes/hermes_ws/build/hermes_nav/build/lib/hermes_nav
[17.128s] copying hermes_nav/gps_waypoint_logger.py -> /home/hermes/Hermes/hermes_ws/build/hermes_nav/build/lib/hermes_nav
[17.128s] running install
[17.128s] running install_lib
[17.128s] creating /home/hermes/Hermes/hermes_ws/install/hermes_nav/lib/python3.10/site-packages/hermes_nav
[17.128s] copying /home/hermes/Hermes/hermes_ws/build/hermes_nav/build/lib/hermes_nav/interactive_waypoint_follower.py -> /home/hermes/Hermes/hermes_ws/install/hermes_nav/lib/python3.10/site-packages/hermes_nav
[17.128s] copying /home/hermes/Hermes/hermes_ws/build/hermes_nav/build/lib/hermes_nav/gps_converter_node.py -> /home/hermes/Hermes/hermes_ws/install/hermes_nav/lib/python3.10/site-packages/hermes_nav
[17.128s] copying /home/hermes/Hermes/hermes_ws/build/hermes_nav/build/lib/hermes_nav/__init__.py -> /home/hermes/Hermes/hermes_ws/install/hermes_nav/lib/python3.10/site-packages/hermes_nav
[17.129s] copying /home/hermes/Hermes/hermes_ws/build/hermes_nav/build/lib/hermes_nav/logged_waypoint_follower.py -> /home/hermes/Hermes/hermes_ws/install/hermes_nav/lib/python3.10/site-packages/hermes_nav
[17.129s] copying /home/hermes/Hermes/hermes_ws/build/hermes_nav/build/lib/hermes_nav/gps_waypoint_logger.py -> /home/hermes/Hermes/hermes_ws/install/hermes_nav/lib/python3.10/site-packages/hermes_nav
[17.129s] byte-compiling /home/hermes/Hermes/hermes_ws/install/hermes_nav/lib/python3.10/site-packages/hermes_nav/interactive_waypoint_follower.py to interactive_waypoint_follower.cpython-310.pyc
[17.129s] byte-compiling /home/hermes/Hermes/hermes_ws/install/hermes_nav/lib/python3.10/site-packages/hermes_nav/gps_converter_node.py to gps_converter_node.cpython-310.pyc
[17.129s] byte-compiling /home/hermes/Hermes/hermes_ws/install/hermes_nav/lib/python3.10/site-packages/hermes_nav/__init__.py to __init__.cpython-310.pyc
[17.129s] byte-compiling /home/hermes/Hermes/hermes_ws/install/hermes_nav/lib/python3.10/site-packages/hermes_nav/logged_waypoint_follower.py to logged_waypoint_follower.cpython-310.pyc
[17.129s] byte-compiling /home/hermes/Hermes/hermes_ws/install/hermes_nav/lib/python3.10/site-packages/hermes_nav/gps_waypoint_logger.py to gps_waypoint_logger.cpython-310.pyc
[17.130s] running install_data
[17.130s] creating /home/hermes/Hermes/hermes_ws/install/hermes_nav/share/ament_index
[17.130s] creating /home/hermes/Hermes/hermes_ws/install/hermes_nav/share/ament_index/resource_index
[17.130s] creating /home/hermes/Hermes/hermes_ws/install/hermes_nav/share/ament_index/resource_index/packages
[17.130s] copying resource/hermes_nav -> /home/hermes/Hermes/hermes_ws/install/hermes_nav/share/ament_index/resource_index/packages
[17.130s] copying package.xml -> /home/hermes/Hermes/hermes_ws/install/hermes_nav/share/hermes_nav
[17.130s] creating /home/hermes/Hermes/hermes_ws/install/hermes_nav/share/hermes_nav/launch
[17.130s] copying launch/launch_sim.launch.py -> /home/hermes/Hermes/hermes_ws/install/hermes_nav/share/hermes_nav/launch
[17.131s] copying launch/dual_ekf_navsat.launch.py -> /home/hermes/Hermes/hermes_ws/install/hermes_nav/share/hermes_nav/launch
[17.131s] copying launch/gps_waypoint_follower.launch.py -> /home/hermes/Hermes/hermes_ws/install/hermes_nav/share/hermes_nav/launch
[17.131s] copying launch/mapviz.launch.py -> /home/hermes/Hermes/hermes_ws/install/hermes_nav/share/hermes_nav/launch
[17.131s] copying launch/gazebo_gps_world_hermes.launch.py -> /home/hermes/Hermes/hermes_ws/install/hermes_nav/share/hermes_nav/launch
[17.131s] copying launch/rsp.launch.py -> /home/hermes/Hermes/hermes_ws/install/hermes_nav/share/hermes_nav/launch
[17.131s] running install_egg_info
[17.131s] Copying ../../build/hermes_nav/hermes_nav.egg-info to /home/hermes/Hermes/hermes_ws/install/hermes_nav/lib/python3.10/site-packages/hermes_nav-0.0.0-py3.10.egg-info
[17.131s] running install_scripts
[17.131s] Installing gps_converter_node script to /home/hermes/Hermes/hermes_ws/install/hermes_nav/lib/hermes_nav
[17.132s] Installing gps_waypoint_logger script to /home/hermes/Hermes/hermes_ws/install/hermes_nav/lib/hermes_nav
[17.132s] Installing interactive_waypoint_follower script to /home/hermes/Hermes/hermes_ws/install/hermes_nav/lib/hermes_nav
[17.132s] Installing logged_waypoint_follower script to /home/hermes/Hermes/hermes_ws/install/hermes_nav/lib/hermes_nav
[17.132s] writing list of installed files to '/home/hermes/Hermes/hermes_ws/build/hermes_nav/install.log'
[17.147s] Invoked command in '/home/hermes/Hermes/hermes_ws/src/hermes_nav' returned '0': PYTHONPATH=/home/hermes/Hermes/hermes_ws/build/hermes_nav/prefix_override:/home/hermes/Hermes/hermes_ws/install/hermes_nav/lib/python3.10/site-packages:${PYTHONPATH} /usr/bin/python3 -W ignore:setup.py install is deprecated setup.py egg_info --egg-base ../../build/hermes_nav build --build-base /home/hermes/Hermes/hermes_ws/build/hermes_nav/build install --record /home/hermes/Hermes/hermes_ws/build/hermes_nav/install.log --single-version-externally-managed install_data
