[2.542s] Invoking command in '/home/hermes/Hermes/hermes_ws/src/cmd_vel': PYTHONPATH=/home/hermes/Hermes/hermes_ws/build/cmd_vel/prefix_override:/home/hermes/Hermes/hermes_ws/install/cmd_vel/lib/python3.10/site-packages:${PYTHONPATH} /usr/bin/python3 -W ignore:setup.py install is deprecated setup.py egg_info --egg-base ../../build/cmd_vel build --build-base /home/hermes/Hermes/hermes_ws/build/cmd_vel/build install --record /home/hermes/Hermes/hermes_ws/build/cmd_vel/install.log --single-version-externally-managed install_data
[3.171s] running egg_info
[3.173s] writing ../../build/cmd_vel/cmd_vel.egg-info/PKG-INFO
[3.173s] writing dependency_links to ../../build/cmd_vel/cmd_vel.egg-info/dependency_links.txt
[3.174s] writing entry points to ../../build/cmd_vel/cmd_vel.egg-info/entry_points.txt
[3.174s] writing requirements to ../../build/cmd_vel/cmd_vel.egg-info/requires.txt
[3.174s] writing top-level names to ../../build/cmd_vel/cmd_vel.egg-info/top_level.txt
[3.178s] reading manifest file '../../build/cmd_vel/cmd_vel.egg-info/SOURCES.txt'
[3.180s] writing manifest file '../../build/cmd_vel/cmd_vel.egg-info/SOURCES.txt'
[3.180s] running build
[3.180s] running build_py
[3.181s] running install
[3.182s] running install_lib
[3.185s] running install_data
[3.185s] running install_egg_info
[3.193s] removing '/home/hermes/Hermes/hermes_ws/install/cmd_vel/lib/python3.10/site-packages/cmd_vel-0.0.0-py3.10.egg-info' (and everything under it)
[3.193s] Copying ../../build/cmd_vel/cmd_vel.egg-info to /home/hermes/Hermes/hermes_ws/install/cmd_vel/lib/python3.10/site-packages/cmd_vel-0.0.0-py3.10.egg-info
[3.196s] running install_scripts
[3.244s] Installing cmd_vel_controll script to /home/hermes/Hermes/hermes_ws/install/cmd_vel/lib/cmd_vel
[3.245s] writing list of installed files to '/home/hermes/Hermes/hermes_ws/build/cmd_vel/install.log'
[3.467s] Invoked command in '/home/hermes/Hermes/hermes_ws/src/cmd_vel' returned '0': PYTHONPATH=/home/hermes/Hermes/hermes_ws/build/cmd_vel/prefix_override:/home/hermes/Hermes/hermes_ws/install/cmd_vel/lib/python3.10/site-packages:${PYTHONPATH} /usr/bin/python3 -W ignore:setup.py install is deprecated setup.py egg_info --egg-base ../../build/cmd_vel build --build-base /home/hermes/Hermes/hermes_ws/build/cmd_vel/build install --record /home/hermes/Hermes/hermes_ws/build/cmd_vel/install.log --single-version-externally-managed install_data
