[3.508s] Invoking command in '/home/hermes/Hermes/hermes_ws/src/odometry_publisher': PYTHONPATH=/home/hermes/Hermes/hermes_ws/build/odometry_publisher/prefix_override:/usr/lib/python3/dist-packages/colcon_core/task/python/colcon_distutils_commands:/home/hermes/Hermes/hermes_ws/install/odometry_publisher/lib/python3.10/site-packages:${PYTHONPATH} /usr/bin/python3 -W ignore:setup.py install is deprecated setup.py egg_info --egg-base ../../build/odometry_publisher build --build-base /home/hermes/Hermes/hermes_ws/build/odometry_publisher/build install --record /home/hermes/Hermes/hermes_ws/build/odometry_publisher/install.log --single-version-externally-managed
[4.468s] /home/hermes/.local/lib/python3.10/site-packages/setuptools/_distutils/dist.py:261: UserWarning: Unknown distribution option: 'tests_require'
[4.469s]   warnings.warn(msg)
[4.997s] running egg_info
[5.089s] writing ../../build/odometry_publisher/odometry_publisher.egg-info/PKG-INFO
[5.103s] writing dependency_links to ../../build/odometry_publisher/odometry_publisher.egg-info/dependency_links.txt
[5.104s] writing entry points to ../../build/odometry_publisher/odometry_publisher.egg-info/entry_points.txt
[5.105s] writing requirements to ../../build/odometry_publisher/odometry_publisher.egg-info/requires.txt
[5.107s] writing top-level names to ../../build/odometry_publisher/odometry_publisher.egg-info/top_level.txt
[5.323s] reading manifest file '../../build/odometry_publisher/odometry_publisher.egg-info/SOURCES.txt'
[5.332s] writing manifest file '../../build/odometry_publisher/odometry_publisher.egg-info/SOURCES.txt'
[5.333s] running build
[5.334s] running build_py
[5.334s] copying odometry_publisher/odometry_publisher_node.py -> /home/hermes/Hermes/hermes_ws/build/odometry_publisher/build/lib/odometry_publisher
[5.337s] copying odometry_publisher/__init__.py -> /home/hermes/Hermes/hermes_ws/build/odometry_publisher/build/lib/odometry_publisher
[5.337s] running install
[5.358s] running install_lib
[5.454s] copying /home/hermes/Hermes/hermes_ws/build/odometry_publisher/build/lib/odometry_publisher/odometry_publisher_node.py -> /home/hermes/Hermes/hermes_ws/install/odometry_publisher/lib/python3.10/site-packages/odometry_publisher
[5.459s] copying /home/hermes/Hermes/hermes_ws/build/odometry_publisher/build/lib/odometry_publisher/__init__.py -> /home/hermes/Hermes/hermes_ws/install/odometry_publisher/lib/python3.10/site-packages/odometry_publisher
[5.466s] byte-compiling /home/hermes/Hermes/hermes_ws/install/odometry_publisher/lib/python3.10/site-packages/odometry_publisher/odometry_publisher_node.py to odometry_publisher_node.cpython-310.pyc
[5.468s] byte-compiling /home/hermes/Hermes/hermes_ws/install/odometry_publisher/lib/python3.10/site-packages/odometry_publisher/__init__.py to __init__.cpython-310.pyc
[5.476s] running install_data
[5.586s] copying resource/odometry_publisher -> /home/hermes/Hermes/hermes_ws/install/odometry_publisher/share/ament_index/resource_index/packages
[5.591s] copying package.xml -> /home/hermes/Hermes/hermes_ws/install/odometry_publisher/share/odometry_publisher
[5.592s] running install_egg_info
[5.700s] removing '/home/hermes/Hermes/hermes_ws/install/odometry_publisher/lib/python3.10/site-packages/odometry_publisher-0.0.0-py3.10.egg-info' (and everything under it)
[5.713s] Copying ../../build/odometry_publisher/odometry_publisher.egg-info to /home/hermes/Hermes/hermes_ws/install/odometry_publisher/lib/python3.10/site-packages/odometry_publisher-0.0.0-py3.10.egg-info
[5.723s] running install_scripts
[6.422s] Installing odometry_publisher script to /home/hermes/Hermes/hermes_ws/install/odometry_publisher/lib/odometry_publisher
[6.446s] writing list of installed files to '/home/hermes/Hermes/hermes_ws/build/odometry_publisher/install.log'
