-- Found ament_cmake_ros: 0.10.0 (/opt/ros/humble/share/ament_cmake_ros/cmake)
-- Found Python3: /usr/bin/python3 (found version "3.10.12") found components: Interpreter 
-- Override CMake install command with custom implementation using symlinks instead of copying resources
-- Found Python3: /usr/include/python3.10 (found version "3.10.12") found components: Development NumPy Interpreter Development.Module Development.Embed 
-- Found rcpputils: 2.4.2 (/opt/ros/humble/share/rcpputils/cmake)
-- Found sensor_msgs: 4.2.3 (/opt/ros/humble/share/sensor_msgs/cmake)
-- Found rosidl_generator_c: 3.1.5 (/opt/ros/humble/share/rosidl_generator_c/cmake)
-- Found rosidl_adapter: 3.1.5 (/opt/ros/humble/share/rosidl_adapter/cmake)
-- Found rosidl_generator_cpp: 3.1.5 (/opt/ros/humble/share/rosidl_generator_cpp/cmake)
-- Using all available rosidl_typesupport_c: rosidl_typesupport_fastrtps_c;rosidl_typesupport_introspection_c
-- Using all available rosidl_typesupport_cpp: rosidl_typesupport_fastrtps_cpp;rosidl_typesupport_introspection_cpp
-- Found ament_lint_auto: 0.12.10 (/opt/ros/humble/share/ament_lint_auto/cmake)
-- Found gtest sources under '/opt/ros/humble/src/gtest_vendor': C++ tests using 'Google Test' will be built
-- Configuring done
-- Generating done
-- Build files have been written to: /home/hermes/Hermes/hermes_ws/build/cv_bridge
[35m[1mConsolidate compiler generated dependencies of target gtest_main[0m
[35m[1mConsolidate compiler generated dependencies of target cv_bridge[0m
[35m[1mConsolidate compiler generated dependencies of target gtest[0m
[ 12%] Built target gtest_main
[ 31%] Built target cv_bridge
[ 31%] Built target ament_cmake_python_symlink_cv_bridge
[ 43%] Built target gtest
[35m[1mConsolidate compiler generated dependencies of target cv_bridge_boost[0m
[35m[1mConsolidate compiler generated dependencies of target cv_bridge-utest[0m
[ 50%] [32mBuilding CXX object src/CMakeFiles/cv_bridge_boost.dir/module.cpp.o[0m
[ 56%] [32mBuilding CXX object src/CMakeFiles/cv_bridge_boost.dir/module_opencv3.cpp.o[0m
[ 62%] [32mBuilding CXX object test/CMakeFiles/cv_bridge-utest.dir/test_endian.cpp.o[0m
[ 68%] [32mBuilding CXX object test/CMakeFiles/cv_bridge-utest.dir/test_compression.cpp.o[0m
[ 75%] [32mBuilding CXX object test/CMakeFiles/cv_bridge-utest.dir/utest.cpp.o[0m
running egg_info
writing cv_bridge.egg-info/PKG-INFO
writing dependency_links to cv_bridge.egg-info/dependency_links.txt
writing top-level names to cv_bridge.egg-info/top_level.txt
reading manifest file 'cv_bridge.egg-info/SOURCES.txt'
writing manifest file 'cv_bridge.egg-info/SOURCES.txt'
[ 75%] Built target ament_cmake_python_build_cv_bridge_egg
[ 81%] [32mBuilding CXX object test/CMakeFiles/cv_bridge-utest.dir/utest2.cpp.o[0m
[ 87%] [32m[1mLinking CXX executable cv_bridge-utest[0m
[ 93%] Built target cv_bridge-utest
[100%] [32m[1mLinking CXX shared module boost/cv_bridge_boost.so[0m
[100%] Built target cv_bridge_boost
