[7.797s] Invoking command in '/home/hermes/Hermes/hermes_ws/src/odometry': PYTHONPATH=/home/hermes/Hermes/hermes_ws/build/odometry/prefix_override:/home/hermes/Hermes/hermes_ws/install/odometry/lib/python3.8/site-packages:${PYTHONPATH} /usr/bin/python3 setup.py egg_info --egg-base ../../build/odometry build --build-base /home/hermes/Hermes/hermes_ws/build/odometry/build install --record /home/hermes/Hermes/hermes_ws/build/odometry/install.log --single-version-externally-managed
[8.325s] running egg_info
[8.326s] writing ../../build/odometry/odometry.egg-info/PKG-INFO
[8.327s] writing dependency_links to ../../build/odometry/odometry.egg-info/dependency_links.txt
[8.327s] writing entry points to ../../build/odometry/odometry.egg-info/entry_points.txt
[8.327s] writing requirements to ../../build/odometry/odometry.egg-info/requires.txt
[8.328s] writing top-level names to ../../build/odometry/odometry.egg-info/top_level.txt
[8.396s] reading manifest file '../../build/odometry/odometry.egg-info/SOURCES.txt'
[8.398s] writing manifest file '../../build/odometry/odometry.egg-info/SOURCES.txt'
[8.398s] running build
[8.398s] running build_py
[8.399s] running install
[8.401s] running install_lib
[8.404s] running install_data
[8.406s] running install_egg_info
[8.410s] removing '/home/hermes/Hermes/hermes_ws/install/odometry/lib/python3.8/site-packages/odometry-0.0.0-py3.8.egg-info' (and everything under it)
[8.411s] Copying ../../build/odometry/odometry.egg-info to /home/hermes/Hermes/hermes_ws/install/odometry/lib/python3.8/site-packages/odometry-0.0.0-py3.8.egg-info
[8.413s] running install_scripts
[8.457s] Installing odometry_node script to /home/hermes/Hermes/hermes_ws/install/odometry/lib/odometry
[8.458s] writing list of installed files to '/home/hermes/Hermes/hermes_ws/build/odometry/install.log'
[9.418s] Invoked command in '/home/hermes/Hermes/hermes_ws/src/odometry' returned '0': PYTHONPATH=/home/hermes/Hermes/hermes_ws/build/odometry/prefix_override:/home/hermes/Hermes/hermes_ws/install/odometry/lib/python3.8/site-packages:${PYTHONPATH} /usr/bin/python3 setup.py egg_info --egg-base ../../build/odometry build --build-base /home/hermes/Hermes/hermes_ws/build/odometry/build install --record /home/hermes/Hermes/hermes_ws/build/odometry/install.log --single-version-externally-managed
