[0.241s] Invoking command in '/home/hermes/Hermes/hermes_ws/build/ldlidar_component': CMAKE_PREFIX_PATH=${CMAKE_PREFIX_PATH}:/home/hermes/Hermes/hermes_ws/install/tof_publisher:/home/hermes/Hermes/hermes_ws/install/teleop_control:/home/hermes/Hermes/hermes_ws/install/opencv_tests:/home/hermes/Hermes/hermes_ws/install/odometry:/home/hermes/Hermes/hermes_ws/install/imu_publisher:/home/hermes/Hermes/hermes_ws/install/cmd_vel:/home/hermes/Hermes/hermes_ws/install/cameras:/home/hermes/Downloads/hermes/Hermes/install/tof_publisher:/home/hermes/Downloads/hermes/Hermes/install/teleop_control:/home/hermes/Downloads/hermes/Hermes/install/odometry:/home/hermes/Downloads/hermes/Hermes/install/imu_publisher:/home/hermes/Downloads/hermes/Hermes/install/gps_publisher:/home/hermes/Downloads/hermes/Hermes/install/cmd_vel:/home/hermes/Downloads/hermes/Hermes/install/cameras:/home/hermes/Downloads/hermes/ros2_ws/src/install/ros2_video_stream_pkg:/opt/ros/humble /usr/bin/cmake --build /home/hermes/Hermes/hermes_ws/build/ldlidar_component -- -j6 -l6
[4.343s] [ 70%] Built target ldlidar
[4.343s] [100%] Built target ldlidar_component
[4.349s] Invoked command in '/home/hermes/Hermes/hermes_ws/build/ldlidar_component' returned '0': CMAKE_PREFIX_PATH=${CMAKE_PREFIX_PATH}:/home/hermes/Hermes/hermes_ws/install/tof_publisher:/home/hermes/Hermes/hermes_ws/install/teleop_control:/home/hermes/Hermes/hermes_ws/install/opencv_tests:/home/hermes/Hermes/hermes_ws/install/odometry:/home/hermes/Hermes/hermes_ws/install/imu_publisher:/home/hermes/Hermes/hermes_ws/install/cmd_vel:/home/hermes/Hermes/hermes_ws/install/cameras:/home/hermes/Downloads/hermes/Hermes/install/tof_publisher:/home/hermes/Downloads/hermes/Hermes/install/teleop_control:/home/hermes/Downloads/hermes/Hermes/install/odometry:/home/hermes/Downloads/hermes/Hermes/install/imu_publisher:/home/hermes/Downloads/hermes/Hermes/install/gps_publisher:/home/hermes/Downloads/hermes/Hermes/install/cmd_vel:/home/hermes/Downloads/hermes/Hermes/install/cameras:/home/hermes/Downloads/hermes/ros2_ws/src/install/ros2_video_stream_pkg:/opt/ros/humble /usr/bin/cmake --build /home/hermes/Hermes/hermes_ws/build/ldlidar_component -- -j6 -l6
[4.560s] Invoking command in '/home/hermes/Hermes/hermes_ws/build/ldlidar_component': CMAKE_PREFIX_PATH=${CMAKE_PREFIX_PATH}:/home/hermes/Hermes/hermes_ws/install/tof_publisher:/home/hermes/Hermes/hermes_ws/install/teleop_control:/home/hermes/Hermes/hermes_ws/install/opencv_tests:/home/hermes/Hermes/hermes_ws/install/odometry:/home/hermes/Hermes/hermes_ws/install/imu_publisher:/home/hermes/Hermes/hermes_ws/install/cmd_vel:/home/hermes/Hermes/hermes_ws/install/cameras:/home/hermes/Downloads/hermes/Hermes/install/tof_publisher:/home/hermes/Downloads/hermes/Hermes/install/teleop_control:/home/hermes/Downloads/hermes/Hermes/install/odometry:/home/hermes/Downloads/hermes/Hermes/install/imu_publisher:/home/hermes/Downloads/hermes/Hermes/install/gps_publisher:/home/hermes/Downloads/hermes/Hermes/install/cmd_vel:/home/hermes/Downloads/hermes/Hermes/install/cameras:/home/hermes/Downloads/hermes/ros2_ws/src/install/ros2_video_stream_pkg:/opt/ros/humble /usr/bin/cmake --install /home/hermes/Hermes/hermes_ws/build/ldlidar_component
[4.588s] -- Install configuration: "Release"
[4.594s] -- Up-to-date: /home/hermes/Hermes/hermes_ws/install/ldlidar_component/lib/libldlidar_component.so
[4.595s] -- Up-to-date: /home/hermes/Hermes/hermes_ws/install/ldlidar_component/include/ldlidar_component/
[4.595s] -- Up-to-date: /home/hermes/Hermes/hermes_ws/install/ldlidar_component/include/ldlidar_component//ldlidar_component.hpp
[4.595s] -- Up-to-date: /home/hermes/Hermes/hermes_ws/install/ldlidar_component/include/ldlidar_component//defines.hpp
[4.596s] -- Up-to-date: /home/hermes/Hermes/hermes_ws/install/ldlidar_component/include/ldlidar_component/
[4.596s] -- Up-to-date: /home/hermes/Hermes/hermes_ws/install/ldlidar_component/include/ldlidar_component//ldlidar_tools.hpp
[4.596s] -- Up-to-date: /home/hermes/Hermes/hermes_ws/install/ldlidar_component/include/ldlidar_component/
[4.596s] -- Up-to-date: /home/hermes/Hermes/hermes_ws/install/ldlidar_component/include/ldlidar_component//visibility_control.hpp
[4.601s] -- Up-to-date: /home/hermes/Hermes/hermes_ws/install/ldlidar_component/include/ldlidar_component/
[4.601s] -- Up-to-date: /home/hermes/Hermes/hermes_ws/install/ldlidar_component/include/ldlidar_component//ldlidar_datatype.h
[4.601s] -- Up-to-date: /home/hermes/Hermes/hermes_ws/install/ldlidar_component/include/ldlidar_component//ldlidar_driver.h
[4.602s] -- Up-to-date: /home/hermes/Hermes/hermes_ws/install/ldlidar_component/include/ldlidar_component/
[4.602s] -- Up-to-date: /home/hermes/Hermes/hermes_ws/install/ldlidar_component/include/ldlidar_component//lipkg.h
[4.602s] -- Up-to-date: /home/hermes/Hermes/hermes_ws/install/ldlidar_component/include/ldlidar_component/
[4.602s] -- Up-to-date: /home/hermes/Hermes/hermes_ws/install/ldlidar_component/include/ldlidar_component//tofbf.h
[4.603s] -- Up-to-date: /home/hermes/Hermes/hermes_ws/install/ldlidar_component/include/ldlidar_component/
[4.603s] -- Up-to-date: /home/hermes/Hermes/hermes_ws/install/ldlidar_component/include/ldlidar_component//log_module.h
[4.603s] -- Up-to-date: /home/hermes/Hermes/hermes_ws/install/ldlidar_component/include/ldlidar_component/
[4.603s] -- Up-to-date: /home/hermes/Hermes/hermes_ws/install/ldlidar_component/include/ldlidar_component//network_socket_interface_linux.h
[4.603s] -- Up-to-date: /home/hermes/Hermes/hermes_ws/install/ldlidar_component/include/ldlidar_component/
[4.604s] -- Up-to-date: /home/hermes/Hermes/hermes_ws/install/ldlidar_component/include/ldlidar_component//serial_interface_linux.h
[4.604s] -- Up-to-date: /home/hermes/Hermes/hermes_ws/install/ldlidar_component/share/ldlidar_component/environment/library_path.sh
[4.604s] -- Up-to-date: /home/hermes/Hermes/hermes_ws/install/ldlidar_component/share/ldlidar_component/environment/library_path.dsv
[4.604s] -- Up-to-date: /home/hermes/Hermes/hermes_ws/install/ldlidar_component/share/ament_index/resource_index/package_run_dependencies/ldlidar_component
[4.605s] -- Up-to-date: /home/hermes/Hermes/hermes_ws/install/ldlidar_component/share/ament_index/resource_index/parent_prefix_path/ldlidar_component
[4.605s] -- Up-to-date: /home/hermes/Hermes/hermes_ws/install/ldlidar_component/share/ldlidar_component/environment/ament_prefix_path.sh
[4.605s] -- Up-to-date: /home/hermes/Hermes/hermes_ws/install/ldlidar_component/share/ldlidar_component/environment/ament_prefix_path.dsv
[4.605s] -- Up-to-date: /home/hermes/Hermes/hermes_ws/install/ldlidar_component/share/ldlidar_component/environment/path.sh
[4.605s] -- Up-to-date: /home/hermes/Hermes/hermes_ws/install/ldlidar_component/share/ldlidar_component/environment/path.dsv
[4.606s] -- Up-to-date: /home/hermes/Hermes/hermes_ws/install/ldlidar_component/share/ldlidar_component/local_setup.bash
[4.606s] -- Up-to-date: /home/hermes/Hermes/hermes_ws/install/ldlidar_component/share/ldlidar_component/local_setup.sh
[4.606s] -- Up-to-date: /home/hermes/Hermes/hermes_ws/install/ldlidar_component/share/ldlidar_component/local_setup.zsh
[4.606s] -- Up-to-date: /home/hermes/Hermes/hermes_ws/install/ldlidar_component/share/ldlidar_component/local_setup.dsv
[4.606s] -- Installing: /home/hermes/Hermes/hermes_ws/install/ldlidar_component/share/ldlidar_component/package.dsv
[4.606s] -- Up-to-date: /home/hermes/Hermes/hermes_ws/install/ldlidar_component/share/ament_index/resource_index/packages/ldlidar_component
[4.606s] -- Up-to-date: /home/hermes/Hermes/hermes_ws/install/ldlidar_component/share/ament_index/resource_index/rclcpp_components/ldlidar_component
[4.607s] -- Up-to-date: /home/hermes/Hermes/hermes_ws/install/ldlidar_component/share/ldlidar_component/cmake/ament_cmake_export_include_directories-extras.cmake
[4.607s] -- Up-to-date: /home/hermes/Hermes/hermes_ws/install/ldlidar_component/share/ldlidar_component/cmake/ament_cmake_export_libraries-extras.cmake
[4.607s] -- Up-to-date: /home/hermes/Hermes/hermes_ws/install/ldlidar_component/share/ldlidar_component/cmake/ament_cmake_export_dependencies-extras.cmake
[4.607s] -- Up-to-date: /home/hermes/Hermes/hermes_ws/install/ldlidar_component/share/ldlidar_component/cmake/ldlidar_componentConfig.cmake
[4.607s] -- Up-to-date: /home/hermes/Hermes/hermes_ws/install/ldlidar_component/share/ldlidar_component/cmake/ldlidar_componentConfig-version.cmake
[4.607s] -- Up-to-date: /home/hermes/Hermes/hermes_ws/install/ldlidar_component/share/ldlidar_component/package.xml
[4.612s] Invoked command in '/home/hermes/Hermes/hermes_ws/build/ldlidar_component' returned '0': CMAKE_PREFIX_PATH=${CMAKE_PREFIX_PATH}:/home/hermes/Hermes/hermes_ws/install/tof_publisher:/home/hermes/Hermes/hermes_ws/install/teleop_control:/home/hermes/Hermes/hermes_ws/install/opencv_tests:/home/hermes/Hermes/hermes_ws/install/odometry:/home/hermes/Hermes/hermes_ws/install/imu_publisher:/home/hermes/Hermes/hermes_ws/install/cmd_vel:/home/hermes/Hermes/hermes_ws/install/cameras:/home/hermes/Downloads/hermes/Hermes/install/tof_publisher:/home/hermes/Downloads/hermes/Hermes/install/teleop_control:/home/hermes/Downloads/hermes/Hermes/install/odometry:/home/hermes/Downloads/hermes/Hermes/install/imu_publisher:/home/hermes/Downloads/hermes/Hermes/install/gps_publisher:/home/hermes/Downloads/hermes/Hermes/install/cmd_vel:/home/hermes/Downloads/hermes/Hermes/install/cameras:/home/hermes/Downloads/hermes/ros2_ws/src/install/ros2_video_stream_pkg:/opt/ros/humble /usr/bin/cmake --install /home/hermes/Hermes/hermes_ws/build/ldlidar_component
