[7.220s] Invoking command in '/home/raivo/Hermes/hermes_ws/src/imu_publisher': PYTHONPATH=/home/raivo/Hermes/hermes_ws/build/imu_publisher/prefix_override:/home/raivo/Hermes/hermes_ws/install/imu_publisher/lib/python3.8/site-packages:${PYTHONPATH} /usr/bin/python3 setup.py egg_info --egg-base ../../build/imu_publisher build --build-base /home/raivo/Hermes/hermes_ws/build/imu_publisher/build install --record /home/raivo/Hermes/hermes_ws/build/imu_publisher/install.log --single-version-externally-managed
[7.975s] running egg_info
[7.976s] writing ../../build/imu_publisher/imu_publisher.egg-info/PKG-INFO
[7.976s] writing dependency_links to ../../build/imu_publisher/imu_publisher.egg-info/dependency_links.txt
[7.976s] writing entry points to ../../build/imu_publisher/imu_publisher.egg-info/entry_points.txt
[7.976s] writing requirements to ../../build/imu_publisher/imu_publisher.egg-info/requires.txt
[7.976s] writing top-level names to ../../build/imu_publisher/imu_publisher.egg-info/top_level.txt
[8.079s] reading manifest file '../../build/imu_publisher/imu_publisher.egg-info/SOURCES.txt'
[8.083s] writing manifest file '../../build/imu_publisher/imu_publisher.egg-info/SOURCES.txt'
[8.085s] running build
[8.086s] running build_py
[8.087s] running install
[8.107s] running install_lib
[8.134s] running install_data
[8.134s] running install_egg_info
[8.141s] removing '/home/raivo/Hermes/hermes_ws/install/imu_publisher/lib/python3.8/site-packages/imu_publisher-0.0.0-py3.8.egg-info' (and everything under it)
[8.141s] Copying ../../build/imu_publisher/imu_publisher.egg-info to /home/raivo/Hermes/hermes_ws/install/imu_publisher/lib/python3.8/site-packages/imu_publisher-0.0.0-py3.8.egg-info
[8.142s] running install_scripts
[8.189s] Installing imu_publisher_node script to /home/raivo/Hermes/hermes_ws/install/imu_publisher/lib/imu_publisher
[8.189s] writing list of installed files to '/home/raivo/Hermes/hermes_ws/build/imu_publisher/install.log'
[10.401s] Invoked command in '/home/raivo/Hermes/hermes_ws/src/imu_publisher' returned '0': PYTHONPATH=/home/raivo/Hermes/hermes_ws/build/imu_publisher/prefix_override:/home/raivo/Hermes/hermes_ws/install/imu_publisher/lib/python3.8/site-packages:${PYTHONPATH} /usr/bin/python3 setup.py egg_info --egg-base ../../build/imu_publisher build --build-base /home/raivo/Hermes/hermes_ws/build/imu_publisher/build install --record /home/raivo/Hermes/hermes_ws/build/imu_publisher/install.log --single-version-externally-managed
