[3.416s] Invoking command in '/home/aleksmalm/Hermes/hermes_ws/src/odometry_publisher': PYTHONPATH=/home/aleksmalm/Hermes/hermes_ws/build/odometry_publisher/prefix_override:/home/aleksmalm/Hermes/hermes_ws/install/odometry_publisher/lib/python3.10/site-packages:${PYTHONPATH} /usr/bin/python3 -W ignore:setup.py install is deprecated setup.py egg_info --egg-base ../../build/odometry_publisher build --build-base /home/aleksmalm/Hermes/hermes_ws/build/odometry_publisher/build install --record /home/aleksmalm/Hermes/hermes_ws/build/odometry_publisher/install.log --single-version-externally-managed install_data
[4.181s] running egg_info
[4.183s] writing ../../build/odometry_publisher/odometry_publisher.egg-info/PKG-INFO
[4.184s] writing dependency_links to ../../build/odometry_publisher/odometry_publisher.egg-info/dependency_links.txt
[4.184s] writing entry points to ../../build/odometry_publisher/odometry_publisher.egg-info/entry_points.txt
[4.184s] writing requirements to ../../build/odometry_publisher/odometry_publisher.egg-info/requires.txt
[4.184s] writing top-level names to ../../build/odometry_publisher/odometry_publisher.egg-info/top_level.txt
[4.188s] reading manifest file '../../build/odometry_publisher/odometry_publisher.egg-info/SOURCES.txt'
[4.190s] writing manifest file '../../build/odometry_publisher/odometry_publisher.egg-info/SOURCES.txt'
[4.190s] running build
[4.191s] running build_py
[4.192s] running install
[4.193s] running install_lib
[4.195s] running install_data
[4.196s] running install_egg_info
[4.201s] removing '/home/aleksmalm/Hermes/hermes_ws/install/odometry_publisher/lib/python3.10/site-packages/odometry_publisher-0.0.0-py3.10.egg-info' (and everything under it)
[4.201s] Copying ../../build/odometry_publisher/odometry_publisher.egg-info to /home/aleksmalm/Hermes/hermes_ws/install/odometry_publisher/lib/python3.10/site-packages/odometry_publisher-0.0.0-py3.10.egg-info
[4.202s] running install_scripts
[4.256s] Installing odometry_publisher script to /home/aleksmalm/Hermes/hermes_ws/install/odometry_publisher/lib/odometry_publisher
[4.256s] writing list of installed files to '/home/aleksmalm/Hermes/hermes_ws/build/odometry_publisher/install.log'
[4.513s] Invoked command in '/home/aleksmalm/Hermes/hermes_ws/src/odometry_publisher' returned '0': PYTHONPATH=/home/aleksmalm/Hermes/hermes_ws/build/odometry_publisher/prefix_override:/home/aleksmalm/Hermes/hermes_ws/install/odometry_publisher/lib/python3.10/site-packages:${PYTHONPATH} /usr/bin/python3 -W ignore:setup.py install is deprecated setup.py egg_info --egg-base ../../build/odometry_publisher build --build-base /home/aleksmalm/Hermes/hermes_ws/build/odometry_publisher/build install --record /home/aleksmalm/Hermes/hermes_ws/build/odometry_publisher/install.log --single-version-externally-managed install_data
