[0.303s] Invoking command in '/home/aleksmalm/Hermes/hermes_ws/build/gps_publisher': CMAKE_PREFIX_PATH=${CMAKE_PREFIX_PATH}:/home/aleksmalm/Hermes/hermes_ws/install/tof_publisher:/home/aleksmalm/Hermes/hermes_ws/install/teleop_control:/home/aleksmalm/Hermes/hermes_ws/install/opencv_tests:/home/aleksmalm/Hermes/hermes_ws/install/odometry:/home/aleksmalm/Hermes/hermes_ws/install/imu_publisher:/home/aleksmalm/Hermes/hermes_ws/install/cmd_vel:/home/aleksmalm/Hermes/hermes_ws/install/cameras:/opt/ros/humble /usr/bin/cmake --build /home/aleksmalm/Hermes/hermes_ws/build/gps_publisher -- -j12 -l12
[0.919s] Invoked command in '/home/aleksmalm/Hermes/hermes_ws/build/gps_publisher' returned '0': CMAKE_PREFIX_PATH=${CMAKE_PREFIX_PATH}:/home/aleksmalm/Hermes/hermes_ws/install/tof_publisher:/home/aleksmalm/Hermes/hermes_ws/install/teleop_control:/home/aleksmalm/Hermes/hermes_ws/install/opencv_tests:/home/aleksmalm/Hermes/hermes_ws/install/odometry:/home/aleksmalm/Hermes/hermes_ws/install/imu_publisher:/home/aleksmalm/Hermes/hermes_ws/install/cmd_vel:/home/aleksmalm/Hermes/hermes_ws/install/cameras:/opt/ros/humble /usr/bin/cmake --build /home/aleksmalm/Hermes/hermes_ws/build/gps_publisher -- -j12 -l12
[0.947s] Invoking command in '/home/aleksmalm/Hermes/hermes_ws/build/gps_publisher': CMAKE_PREFIX_PATH=${CMAKE_PREFIX_PATH}:/home/aleksmalm/Hermes/hermes_ws/install/tof_publisher:/home/aleksmalm/Hermes/hermes_ws/install/teleop_control:/home/aleksmalm/Hermes/hermes_ws/install/opencv_tests:/home/aleksmalm/Hermes/hermes_ws/install/odometry:/home/aleksmalm/Hermes/hermes_ws/install/imu_publisher:/home/aleksmalm/Hermes/hermes_ws/install/cmd_vel:/home/aleksmalm/Hermes/hermes_ws/install/cameras:/opt/ros/humble /usr/bin/cmake --install /home/aleksmalm/Hermes/hermes_ws/build/gps_publisher
[0.954s] -- Install configuration: ""
[0.954s] -- Up-to-date: /home/aleksmalm/Hermes/hermes_ws/install/gps_publisher/share/ament_index/resource_index/package_run_dependencies/gps_publisher
[0.955s] -- Up-to-date: /home/aleksmalm/Hermes/hermes_ws/install/gps_publisher/share/ament_index/resource_index/parent_prefix_path/gps_publisher
[0.955s] -- Up-to-date: /home/aleksmalm/Hermes/hermes_ws/install/gps_publisher/share/gps_publisher/environment/ament_prefix_path.sh
[0.955s] -- Up-to-date: /home/aleksmalm/Hermes/hermes_ws/install/gps_publisher/share/gps_publisher/environment/ament_prefix_path.dsv
[0.955s] -- Up-to-date: /home/aleksmalm/Hermes/hermes_ws/install/gps_publisher/share/gps_publisher/environment/path.sh
[0.956s] -- Up-to-date: /home/aleksmalm/Hermes/hermes_ws/install/gps_publisher/share/gps_publisher/environment/path.dsv
[0.956s] -- Up-to-date: /home/aleksmalm/Hermes/hermes_ws/install/gps_publisher/share/gps_publisher/local_setup.bash
[0.956s] -- Up-to-date: /home/aleksmalm/Hermes/hermes_ws/install/gps_publisher/share/gps_publisher/local_setup.sh
[0.957s] -- Up-to-date: /home/aleksmalm/Hermes/hermes_ws/install/gps_publisher/share/gps_publisher/local_setup.zsh
[0.958s] -- Up-to-date: /home/aleksmalm/Hermes/hermes_ws/install/gps_publisher/share/gps_publisher/local_setup.dsv
[0.958s] -- Installing: /home/aleksmalm/Hermes/hermes_ws/install/gps_publisher/share/gps_publisher/package.dsv
[0.963s] -- Up-to-date: /home/aleksmalm/Hermes/hermes_ws/install/gps_publisher/share/ament_index/resource_index/packages/gps_publisher
[0.963s] -- Up-to-date: /home/aleksmalm/Hermes/hermes_ws/install/gps_publisher/share/gps_publisher/cmake/gps_publisherConfig.cmake
[0.963s] -- Up-to-date: /home/aleksmalm/Hermes/hermes_ws/install/gps_publisher/share/gps_publisher/cmake/gps_publisherConfig-version.cmake
[0.963s] -- Up-to-date: /home/aleksmalm/Hermes/hermes_ws/install/gps_publisher/share/gps_publisher/package.xml
[0.977s] Invoked command in '/home/aleksmalm/Hermes/hermes_ws/build/gps_publisher' returned '0': CMAKE_PREFIX_PATH=${CMAKE_PREFIX_PATH}:/home/aleksmalm/Hermes/hermes_ws/install/tof_publisher:/home/aleksmalm/Hermes/hermes_ws/install/teleop_control:/home/aleksmalm/Hermes/hermes_ws/install/opencv_tests:/home/aleksmalm/Hermes/hermes_ws/install/odometry:/home/aleksmalm/Hermes/hermes_ws/install/imu_publisher:/home/aleksmalm/Hermes/hermes_ws/install/cmd_vel:/home/aleksmalm/Hermes/hermes_ws/install/cameras:/opt/ros/humble /usr/bin/cmake --install /home/aleksmalm/Hermes/hermes_ws/build/gps_publisher
