[7.599s] Invoking command in '/home/hermes/Hermes/hermes_ws/src/teleop_control': PYTHONPATH=/home/hermes/Hermes/hermes_ws/build/teleop_control/prefix_override:/home/hermes/Hermes/hermes_ws/install/teleop_control/lib/python3.8/site-packages:${PYTHONPATH} /usr/bin/python3 setup.py egg_info --egg-base ../../build/teleop_control build --build-base /home/hermes/Hermes/hermes_ws/build/teleop_control/build install --record /home/hermes/Hermes/hermes_ws/build/teleop_control/install.log --single-version-externally-managed
[8.129s] running egg_info
[8.130s] writing ../../build/teleop_control/teleop_control.egg-info/PKG-INFO
[8.131s] writing dependency_links to ../../build/teleop_control/teleop_control.egg-info/dependency_links.txt
[8.131s] writing entry points to ../../build/teleop_control/teleop_control.egg-info/entry_points.txt
[8.132s] writing requirements to ../../build/teleop_control/teleop_control.egg-info/requires.txt
[8.132s] writing top-level names to ../../build/teleop_control/teleop_control.egg-info/top_level.txt
[8.199s] reading manifest file '../../build/teleop_control/teleop_control.egg-info/SOURCES.txt'
[8.201s] writing manifest file '../../build/teleop_control/teleop_control.egg-info/SOURCES.txt'
[8.201s] running build
[8.201s] running build_py
[8.202s] running install
[8.204s] running install_lib
[8.208s] running install_data
[8.209s] running install_egg_info
[8.213s] removing '/home/hermes/Hermes/hermes_ws/install/teleop_control/lib/python3.8/site-packages/teleop_control-0.0.0-py3.8.egg-info' (and everything under it)
[8.214s] Copying ../../build/teleop_control/teleop_control.egg-info to /home/hermes/Hermes/hermes_ws/install/teleop_control/lib/python3.8/site-packages/teleop_control-0.0.0-py3.8.egg-info
[8.216s] running install_scripts
[8.257s] Installing teleop_control_node script to /home/hermes/Hermes/hermes_ws/install/teleop_control/lib/teleop_control
[8.258s] writing list of installed files to '/home/hermes/Hermes/hermes_ws/build/teleop_control/install.log'
[8.914s] Invoked command in '/home/hermes/Hermes/hermes_ws/src/teleop_control' returned '0': PYTHONPATH=/home/hermes/Hermes/hermes_ws/build/teleop_control/prefix_override:/home/hermes/Hermes/hermes_ws/install/teleop_control/lib/python3.8/site-packages:${PYTHONPATH} /usr/bin/python3 setup.py egg_info --egg-base ../../build/teleop_control build --build-base /home/hermes/Hermes/hermes_ws/build/teleop_control/build install --record /home/hermes/Hermes/hermes_ws/build/teleop_control/install.log --single-version-externally-managed
