[2.448s] Invoking command in '/home/hermes/Hermes/hermes_ws/src/robot_localization_pkg': PYTHONPATH=/home/hermes/Hermes/hermes_ws/build/robot_localization_pkg/prefix_override:/home/hermes/Hermes/hermes_ws/install/robot_localization_pkg/lib/python3.10/site-packages:${PYTHONPATH} /usr/bin/python3 -W ignore:setup.py install is deprecated setup.py egg_info --egg-base ../../build/robot_localization_pkg build --build-base /home/hermes/Hermes/hermes_ws/build/robot_localization_pkg/build install --record /home/hermes/Hermes/hermes_ws/build/robot_localization_pkg/install.log --single-version-externally-managed install_data
[3.152s] running egg_info
[3.157s] creating ../../build/robot_localization_pkg/robot_localization_pkg.egg-info
[3.157s] writing ../../build/robot_localization_pkg/robot_localization_pkg.egg-info/PKG-INFO
[3.158s] writing dependency_links to ../../build/robot_localization_pkg/robot_localization_pkg.egg-info/dependency_links.txt
[3.158s] writing entry points to ../../build/robot_localization_pkg/robot_localization_pkg.egg-info/entry_points.txt
[3.158s] writing requirements to ../../build/robot_localization_pkg/robot_localization_pkg.egg-info/requires.txt
[3.159s] writing top-level names to ../../build/robot_localization_pkg/robot_localization_pkg.egg-info/top_level.txt
[3.159s] writing manifest file '../../build/robot_localization_pkg/robot_localization_pkg.egg-info/SOURCES.txt'
[3.164s] reading manifest file '../../build/robot_localization_pkg/robot_localization_pkg.egg-info/SOURCES.txt'
[3.165s] writing manifest file '../../build/robot_localization_pkg/robot_localization_pkg.egg-info/SOURCES.txt'
[3.166s] running build
[3.166s] running build_py
[3.166s] creating /home/hermes/Hermes/hermes_ws/build/robot_localization_pkg/build
[3.166s] creating /home/hermes/Hermes/hermes_ws/build/robot_localization_pkg/build/lib
[3.166s] creating /home/hermes/Hermes/hermes_ws/build/robot_localization_pkg/build/lib/robot_localization_pkg
[3.167s] copying robot_localization_pkg/__init__.py -> /home/hermes/Hermes/hermes_ws/build/robot_localization_pkg/build/lib/robot_localization_pkg
[3.167s] running install
[3.168s] running install_lib
[3.170s] creating /home/hermes/Hermes/hermes_ws/install/robot_localization_pkg/lib/python3.10/site-packages/robot_localization_pkg
[3.170s] copying /home/hermes/Hermes/hermes_ws/build/robot_localization_pkg/build/lib/robot_localization_pkg/__init__.py -> /home/hermes/Hermes/hermes_ws/install/robot_localization_pkg/lib/python3.10/site-packages/robot_localization_pkg
[3.172s] byte-compiling /home/hermes/Hermes/hermes_ws/install/robot_localization_pkg/lib/python3.10/site-packages/robot_localization_pkg/__init__.py to __init__.cpython-310.pyc
[3.173s] running install_data
[3.173s] copying package.xml -> /home/hermes/Hermes/hermes_ws/install/robot_localization_pkg/share/robot_localization_pkg
[3.174s] creating /home/hermes/Hermes/hermes_ws/install/robot_localization_pkg/share/robot_localization_pkg/launch
[3.174s] copying launch/localization.launch.py -> /home/hermes/Hermes/hermes_ws/install/robot_localization_pkg/share/robot_localization_pkg/launch
[3.174s] creating /home/hermes/Hermes/hermes_ws/install/robot_localization_pkg/share/robot_localization_pkg/param
[3.174s] copying param/ekf.yaml -> /home/hermes/Hermes/hermes_ws/install/robot_localization_pkg/share/robot_localization_pkg/param
[3.175s] running install_egg_info
[3.180s] Copying ../../build/robot_localization_pkg/robot_localization_pkg.egg-info to /home/hermes/Hermes/hermes_ws/install/robot_localization_pkg/lib/python3.10/site-packages/robot_localization_pkg-0.0.1-py3.10.egg-info
[3.183s] running install_scripts
[3.239s] writing list of installed files to '/home/hermes/Hermes/hermes_ws/build/robot_localization_pkg/install.log'
[3.331s] Invoked command in '/home/hermes/Hermes/hermes_ws/src/robot_localization_pkg' returned '0': PYTHONPATH=/home/hermes/Hermes/hermes_ws/build/robot_localization_pkg/prefix_override:/home/hermes/Hermes/hermes_ws/install/robot_localization_pkg/lib/python3.10/site-packages:${PYTHONPATH} /usr/bin/python3 -W ignore:setup.py install is deprecated setup.py egg_info --egg-base ../../build/robot_localization_pkg build --build-base /home/hermes/Hermes/hermes_ws/build/robot_localization_pkg/build install --record /home/hermes/Hermes/hermes_ws/build/robot_localization_pkg/install.log --single-version-externally-managed install_data
