[3.778s] Invoking command in '/home/hermes/Hermes/hermes_ws/src/robot_localization_pkg': PYTHONPATH=/home/hermes/Hermes/hermes_ws/build/robot_localization_pkg/prefix_override:/home/hermes/Hermes/hermes_ws/install/robot_localization_pkg/lib/python3.10/site-packages:${PYTHONPATH} /usr/bin/python3 -W ignore:setup.py install is deprecated setup.py egg_info --egg-base ../../build/robot_localization_pkg build --build-base /home/hermes/Hermes/hermes_ws/build/robot_localization_pkg/build install --record /home/hermes/Hermes/hermes_ws/build/robot_localization_pkg/install.log --single-version-externally-managed install_data
[4.426s] running egg_info
[4.428s] writing ../../build/robot_localization_pkg/robot_localization_pkg.egg-info/PKG-INFO
[4.429s] writing dependency_links to ../../build/robot_localization_pkg/robot_localization_pkg.egg-info/dependency_links.txt
[4.430s] writing entry points to ../../build/robot_localization_pkg/robot_localization_pkg.egg-info/entry_points.txt
[4.430s] writing requirements to ../../build/robot_localization_pkg/robot_localization_pkg.egg-info/requires.txt
[4.430s] writing top-level names to ../../build/robot_localization_pkg/robot_localization_pkg.egg-info/top_level.txt
[4.433s] reading manifest file '../../build/robot_localization_pkg/robot_localization_pkg.egg-info/SOURCES.txt'
[4.435s] writing manifest file '../../build/robot_localization_pkg/robot_localization_pkg.egg-info/SOURCES.txt'
[4.436s] running build
[4.436s] running build_py
[4.436s] running install
[4.437s] running install_lib
[4.440s] running install_data
[4.440s] running install_egg_info
[4.447s] removing '/home/hermes/Hermes/hermes_ws/install/robot_localization_pkg/lib/python3.10/site-packages/robot_localization_pkg-0.0.1-py3.10.egg-info' (and everything under it)
[4.448s] Copying ../../build/robot_localization_pkg/robot_localization_pkg.egg-info to /home/hermes/Hermes/hermes_ws/install/robot_localization_pkg/lib/python3.10/site-packages/robot_localization_pkg-0.0.1-py3.10.egg-info
[4.450s] running install_scripts
[4.502s] writing list of installed files to '/home/hermes/Hermes/hermes_ws/build/robot_localization_pkg/install.log'
[4.587s] Invoked command in '/home/hermes/Hermes/hermes_ws/src/robot_localization_pkg' returned '0': PYTHONPATH=/home/hermes/Hermes/hermes_ws/build/robot_localization_pkg/prefix_override:/home/hermes/Hermes/hermes_ws/install/robot_localization_pkg/lib/python3.10/site-packages:${PYTHONPATH} /usr/bin/python3 -W ignore:setup.py install is deprecated setup.py egg_info --egg-base ../../build/robot_localization_pkg build --build-base /home/hermes/Hermes/hermes_ws/build/robot_localization_pkg/build install --record /home/hermes/Hermes/hermes_ws/build/robot_localization_pkg/install.log --single-version-externally-managed install_data
