[0.069s] Invoking command in '/home/hermes/Hermes/hermes_ws/build/image_geometry': CMAKE_PREFIX_PATH=${CMAKE_PREFIX_PATH}:/home/hermes/Hermes/hermes_ws/install/tof_publisher:/home/hermes/Hermes/hermes_ws/install/teleop_control:/home/hermes/Hermes/hermes_ws/install/robot_model:/home/hermes/Hermes/hermes_ws/install/odometry:/home/hermes/Hermes/hermes_ws/install/my_robot_description:/home/hermes/Hermes/hermes_ws/install/lidar_publisher:/home/hermes/Hermes/hermes_ws/install/launch_files:/home/hermes/Hermes/hermes_ws/install/imu_publisher:/home/hermes/Hermes/hermes_ws/install/hermes_navigation:/home/hermes/Hermes/hermes_ws/install/cmd_vel:/home/hermes/Hermes/hermes_ws/install/cameras:/home/hermes/Downloads/hermes/Hermes/install/tof_publisher:/home/hermes/Downloads/hermes/Hermes/install/teleop_control:/home/hermes/Downloads/hermes/Hermes/install/odometry:/home/hermes/Downloads/hermes/Hermes/install/imu_publisher:/home/hermes/Downloads/hermes/Hermes/install/gps_publisher:/home/hermes/Downloads/hermes/Hermes/install/cmd_vel:/home/hermes/Downloads/hermes/Hermes/install/cameras:/home/hermes/Downloads/hermes/ros2_ws/src/install/ros2_video_stream_pkg:/opt/ros/humble /usr/bin/cmake --build /home/hermes/Hermes/hermes_ws/build/image_geometry -- -j6 -l6
[0.236s] [ 33%] Built target image_geometry
[0.248s] [ 55%] Built target gtest_main
[0.258s] [ 55%] Built target ament_cmake_python_symlink_image_geometry
[0.313s] [ 77%] Built target gtest
[0.447s] [100%] Built target image_geometry-utest
[1.051s] running egg_info
[1.053s] writing image_geometry.egg-info/PKG-INFO
[1.054s] writing dependency_links to image_geometry.egg-info/dependency_links.txt
[1.054s] writing top-level names to image_geometry.egg-info/top_level.txt
[1.060s] reading manifest file 'image_geometry.egg-info/SOURCES.txt'
[1.061s] writing manifest file 'image_geometry.egg-info/SOURCES.txt'
[1.149s] [100%] Built target ament_cmake_python_build_image_geometry_egg
[1.365s] Invoked command in '/home/hermes/Hermes/hermes_ws/build/image_geometry' returned '0': CMAKE_PREFIX_PATH=${CMAKE_PREFIX_PATH}:/home/hermes/Hermes/hermes_ws/install/tof_publisher:/home/hermes/Hermes/hermes_ws/install/teleop_control:/home/hermes/Hermes/hermes_ws/install/robot_model:/home/hermes/Hermes/hermes_ws/install/odometry:/home/hermes/Hermes/hermes_ws/install/my_robot_description:/home/hermes/Hermes/hermes_ws/install/lidar_publisher:/home/hermes/Hermes/hermes_ws/install/launch_files:/home/hermes/Hermes/hermes_ws/install/imu_publisher:/home/hermes/Hermes/hermes_ws/install/hermes_navigation:/home/hermes/Hermes/hermes_ws/install/cmd_vel:/home/hermes/Hermes/hermes_ws/install/cameras:/home/hermes/Downloads/hermes/Hermes/install/tof_publisher:/home/hermes/Downloads/hermes/Hermes/install/teleop_control:/home/hermes/Downloads/hermes/Hermes/install/odometry:/home/hermes/Downloads/hermes/Hermes/install/imu_publisher:/home/hermes/Downloads/hermes/Hermes/install/gps_publisher:/home/hermes/Downloads/hermes/Hermes/install/cmd_vel:/home/hermes/Downloads/hermes/Hermes/install/cameras:/home/hermes/Downloads/hermes/ros2_ws/src/install/ros2_video_stream_pkg:/opt/ros/humble /usr/bin/cmake --build /home/hermes/Hermes/hermes_ws/build/image_geometry -- -j6 -l6
[2.150s] Invoking command in '/home/hermes/Hermes/hermes_ws/build/image_geometry': CMAKE_PREFIX_PATH=${CMAKE_PREFIX_PATH}:/home/hermes/Hermes/hermes_ws/install/tof_publisher:/home/hermes/Hermes/hermes_ws/install/teleop_control:/home/hermes/Hermes/hermes_ws/install/robot_model:/home/hermes/Hermes/hermes_ws/install/odometry:/home/hermes/Hermes/hermes_ws/install/my_robot_description:/home/hermes/Hermes/hermes_ws/install/lidar_publisher:/home/hermes/Hermes/hermes_ws/install/launch_files:/home/hermes/Hermes/hermes_ws/install/imu_publisher:/home/hermes/Hermes/hermes_ws/install/hermes_navigation:/home/hermes/Hermes/hermes_ws/install/cmd_vel:/home/hermes/Hermes/hermes_ws/install/cameras:/home/hermes/Downloads/hermes/Hermes/install/tof_publisher:/home/hermes/Downloads/hermes/Hermes/install/teleop_control:/home/hermes/Downloads/hermes/Hermes/install/odometry:/home/hermes/Downloads/hermes/Hermes/install/imu_publisher:/home/hermes/Downloads/hermes/Hermes/install/gps_publisher:/home/hermes/Downloads/hermes/Hermes/install/cmd_vel:/home/hermes/Downloads/hermes/Hermes/install/cameras:/home/hermes/Downloads/hermes/ros2_ws/src/install/ros2_video_stream_pkg:/opt/ros/humble /usr/bin/cmake --install /home/hermes/Hermes/hermes_ws/build/image_geometry
[2.170s] -- Install configuration: ""
[2.171s] -- Execute custom install script
[2.174s] -- Up-to-date symlink: /home/hermes/Hermes/hermes_ws/install/image_geometry/share/image_geometry/environment/pythonpath.sh
[2.174s] -- Up-to-date symlink: /home/hermes/Hermes/hermes_ws/install/image_geometry/share/image_geometry/environment/pythonpath.dsv
[2.174s] -- Up-to-date symlink: /home/hermes/Hermes/hermes_ws/install/image_geometry/local/lib/python3.10/dist-packages/image_geometry-3.2.1-py3.10.egg-info/PKG-INFO
[2.174s] -- Up-to-date symlink: /home/hermes/Hermes/hermes_ws/install/image_geometry/local/lib/python3.10/dist-packages/image_geometry-3.2.1-py3.10.egg-info/SOURCES.txt
[2.174s] -- Up-to-date symlink: /home/hermes/Hermes/hermes_ws/install/image_geometry/local/lib/python3.10/dist-packages/image_geometry-3.2.1-py3.10.egg-info/dependency_links.txt
[2.181s] -- Up-to-date symlink: /home/hermes/Hermes/hermes_ws/install/image_geometry/local/lib/python3.10/dist-packages/image_geometry-3.2.1-py3.10.egg-info/top_level.txt
[2.182s] -- Up-to-date symlink: /home/hermes/Hermes/hermes_ws/install/image_geometry/local/lib/python3.10/dist-packages/image_geometry/__init__.py
[2.182s] -- Up-to-date symlink: /home/hermes/Hermes/hermes_ws/install/image_geometry/local/lib/python3.10/dist-packages/image_geometry/cameramodels.py
[2.182s] -- Up-to-date symlink: /home/hermes/Hermes/hermes_ws/install/image_geometry/include/image_geometry/image_geometry/pinhole_camera_model.h
[2.183s] -- Up-to-date symlink: /home/hermes/Hermes/hermes_ws/install/image_geometry/include/image_geometry/image_geometry/stereo_camera_model.h
[2.183s] -- Up-to-date symlink: /home/hermes/Hermes/hermes_ws/install/image_geometry/include/image_geometry/image_geometry/visibility_control.hpp
[2.183s] -- Up-to-date symlink: /home/hermes/Hermes/hermes_ws/install/image_geometry/share/ament_index/resource_index/package_run_dependencies/image_geometry
[2.183s] -- Up-to-date symlink: /home/hermes/Hermes/hermes_ws/install/image_geometry/share/ament_index/resource_index/parent_prefix_path/image_geometry
[2.184s] -- Up-to-date symlink: /home/hermes/Hermes/hermes_ws/install/image_geometry/share/image_geometry/environment/ament_prefix_path.sh
[2.184s] -- Up-to-date symlink: /home/hermes/Hermes/hermes_ws/install/image_geometry/share/image_geometry/environment/ament_prefix_path.dsv
[2.187s] -- Up-to-date symlink: /home/hermes/Hermes/hermes_ws/install/image_geometry/share/image_geometry/environment/path.sh
[2.187s] -- Up-to-date symlink: /home/hermes/Hermes/hermes_ws/install/image_geometry/share/image_geometry/environment/path.dsv
[2.187s] -- Up-to-date symlink: /home/hermes/Hermes/hermes_ws/install/image_geometry/share/image_geometry/local_setup.bash
[2.187s] -- Up-to-date symlink: /home/hermes/Hermes/hermes_ws/install/image_geometry/share/image_geometry/local_setup.sh
[2.188s] -- Up-to-date symlink: /home/hermes/Hermes/hermes_ws/install/image_geometry/share/image_geometry/local_setup.zsh
[2.188s] -- Up-to-date symlink: /home/hermes/Hermes/hermes_ws/install/image_geometry/share/image_geometry/local_setup.dsv
[2.188s] -- Symlinking: /home/hermes/Hermes/hermes_ws/install/image_geometry/share/image_geometry/package.dsv
[2.211s] -- Up-to-date symlink: /home/hermes/Hermes/hermes_ws/install/image_geometry/share/ament_index/resource_index/packages/image_geometry
[2.212s] -- Up-to-date symlink: /home/hermes/Hermes/hermes_ws/install/image_geometry/share/image_geometry/cmake/ament_cmake_export_targets-extras.cmake
[2.212s] -- Up-to-date symlink: /home/hermes/Hermes/hermes_ws/install/image_geometry/share/image_geometry/cmake/ament_cmake_export_dependencies-extras.cmake
[2.212s] -- Up-to-date symlink: /home/hermes/Hermes/hermes_ws/install/image_geometry/share/image_geometry/cmake/image_geometryConfig.cmake
[2.212s] -- Up-to-date symlink: /home/hermes/Hermes/hermes_ws/install/image_geometry/share/image_geometry/cmake/image_geometryConfig-version.cmake
[2.213s] -- Up-to-date symlink: /home/hermes/Hermes/hermes_ws/install/image_geometry/share/image_geometry/package.xml
[2.312s] Listing '/home/hermes/Hermes/hermes_ws/install/image_geometry/local/lib/python3.10/dist-packages/image_geometry'...
[2.327s] -- Up-to-date: /home/hermes/Hermes/hermes_ws/install/image_geometry/lib/libimage_geometry.so
[2.328s] -- Up-to-date: /home/hermes/Hermes/hermes_ws/install/image_geometry/share/image_geometry/cmake/export_image_geometryExport.cmake
[2.328s] -- Up-to-date: /home/hermes/Hermes/hermes_ws/install/image_geometry/share/image_geometry/cmake/export_image_geometryExport-noconfig.cmake
[2.353s] Invoked command in '/home/hermes/Hermes/hermes_ws/build/image_geometry' returned '0': CMAKE_PREFIX_PATH=${CMAKE_PREFIX_PATH}:/home/hermes/Hermes/hermes_ws/install/tof_publisher:/home/hermes/Hermes/hermes_ws/install/teleop_control:/home/hermes/Hermes/hermes_ws/install/robot_model:/home/hermes/Hermes/hermes_ws/install/odometry:/home/hermes/Hermes/hermes_ws/install/my_robot_description:/home/hermes/Hermes/hermes_ws/install/lidar_publisher:/home/hermes/Hermes/hermes_ws/install/launch_files:/home/hermes/Hermes/hermes_ws/install/imu_publisher:/home/hermes/Hermes/hermes_ws/install/hermes_navigation:/home/hermes/Hermes/hermes_ws/install/cmd_vel:/home/hermes/Hermes/hermes_ws/install/cameras:/home/hermes/Downloads/hermes/Hermes/install/tof_publisher:/home/hermes/Downloads/hermes/Hermes/install/teleop_control:/home/hermes/Downloads/hermes/Hermes/install/odometry:/home/hermes/Downloads/hermes/Hermes/install/imu_publisher:/home/hermes/Downloads/hermes/Hermes/install/gps_publisher:/home/hermes/Downloads/hermes/Hermes/install/cmd_vel:/home/hermes/Downloads/hermes/Hermes/install/cameras:/home/hermes/Downloads/hermes/ros2_ws/src/install/ros2_video_stream_pkg:/opt/ros/humble /usr/bin/cmake --install /home/hermes/Hermes/hermes_ws/build/image_geometry
