[0.724s] Invoking command in '/home/aleksmalm/Hermes/hermes_ws/src/teleop_control': PYTHONPATH=/home/aleksmalm/Hermes/hermes_ws/build/teleop_control/prefix_override:/home/aleksmalm/Hermes/hermes_ws/install/teleop_control/lib/python3.10/site-packages:${PYTHONPATH} /usr/bin/python3 -W ignore:setup.py install is deprecated setup.py egg_info --egg-base ../../build/teleop_control build --build-base /home/aleksmalm/Hermes/hermes_ws/build/teleop_control/build install --record /home/aleksmalm/Hermes/hermes_ws/build/teleop_control/install.log --single-version-externally-managed install_data
[0.874s] running egg_info
[0.875s] writing ../../build/teleop_control/teleop_control.egg-info/PKG-INFO
[0.875s] writing dependency_links to ../../build/teleop_control/teleop_control.egg-info/dependency_links.txt
[0.875s] writing entry points to ../../build/teleop_control/teleop_control.egg-info/entry_points.txt
[0.875s] writing requirements to ../../build/teleop_control/teleop_control.egg-info/requires.txt
[0.875s] writing top-level names to ../../build/teleop_control/teleop_control.egg-info/top_level.txt
[0.876s] reading manifest file '../../build/teleop_control/teleop_control.egg-info/SOURCES.txt'
[0.876s] adding license file 'LICENSE'
[0.877s] writing manifest file '../../build/teleop_control/teleop_control.egg-info/SOURCES.txt'
[0.877s] running build
[0.877s] running build_py
[0.877s] running install
[0.877s] running install_lib
[0.878s] running install_data
[0.878s] running install_egg_info
[0.879s] removing '/home/aleksmalm/Hermes/hermes_ws/install/teleop_control/lib/python3.10/site-packages/teleop_control-0.0.0-py3.10.egg-info' (and everything under it)
[0.880s] Copying ../../build/teleop_control/teleop_control.egg-info to /home/aleksmalm/Hermes/hermes_ws/install/teleop_control/lib/python3.10/site-packages/teleop_control-0.0.0-py3.10.egg-info
[0.880s] running install_scripts
[0.892s] Installing teleop_control_node script to /home/aleksmalm/Hermes/hermes_ws/install/teleop_control/lib/teleop_control
[0.892s] writing list of installed files to '/home/aleksmalm/Hermes/hermes_ws/build/teleop_control/install.log'
[0.907s] Invoked command in '/home/aleksmalm/Hermes/hermes_ws/src/teleop_control' returned '0': PYTHONPATH=/home/aleksmalm/Hermes/hermes_ws/build/teleop_control/prefix_override:/home/aleksmalm/Hermes/hermes_ws/install/teleop_control/lib/python3.10/site-packages:${PYTHONPATH} /usr/bin/python3 -W ignore:setup.py install is deprecated setup.py egg_info --egg-base ../../build/teleop_control build --build-base /home/aleksmalm/Hermes/hermes_ws/build/teleop_control/build install --record /home/aleksmalm/Hermes/hermes_ws/build/teleop_control/install.log --single-version-externally-managed install_data
