[1.979s] Invoking command in '/home/aleksmalm/Hermes/hermes_ws/src/path_creator': PYTHONPATH=/home/aleksmalm/Hermes/hermes_ws/build/path_creator/prefix_override:/home/aleksmalm/Hermes/hermes_ws/install/path_creator/lib/python3.10/site-packages:${PYTHONPATH} /usr/bin/python3 -W ignore:setup.py install is deprecated setup.py egg_info --egg-base ../../build/path_creator build --build-base /home/aleksmalm/Hermes/hermes_ws/build/path_creator/build install --record /home/aleksmalm/Hermes/hermes_ws/build/path_creator/install.log --single-version-externally-managed install_data
[2.190s] running egg_info
[2.191s] writing ../../build/path_creator/path_creator.egg-info/PKG-INFO
[2.191s] writing dependency_links to ../../build/path_creator/path_creator.egg-info/dependency_links.txt
[2.191s] writing entry points to ../../build/path_creator/path_creator.egg-info/entry_points.txt
[2.191s] writing requirements to ../../build/path_creator/path_creator.egg-info/requires.txt
[2.191s] writing top-level names to ../../build/path_creator/path_creator.egg-info/top_level.txt
[2.192s] reading manifest file '../../build/path_creator/path_creator.egg-info/SOURCES.txt'
[2.193s] writing manifest file '../../build/path_creator/path_creator.egg-info/SOURCES.txt'
[2.193s] running build
[2.193s] running build_py
[2.193s] running install
[2.193s] running install_lib
[2.194s] running install_data
[2.194s] running install_egg_info
[2.195s] removing '/home/aleksmalm/Hermes/hermes_ws/install/path_creator/lib/python3.10/site-packages/path_creator-0.0.0-py3.10.egg-info' (and everything under it)
[2.196s] Copying ../../build/path_creator/path_creator.egg-info to /home/aleksmalm/Hermes/hermes_ws/install/path_creator/lib/python3.10/site-packages/path_creator-0.0.0-py3.10.egg-info
[2.196s] running install_scripts
[2.210s] Installing path_creator_node script to /home/aleksmalm/Hermes/hermes_ws/install/path_creator/lib/path_creator
[2.210s] writing list of installed files to '/home/aleksmalm/Hermes/hermes_ws/build/path_creator/install.log'
[2.253s] Invoked command in '/home/aleksmalm/Hermes/hermes_ws/src/path_creator' returned '0': PYTHONPATH=/home/aleksmalm/Hermes/hermes_ws/build/path_creator/prefix_override:/home/aleksmalm/Hermes/hermes_ws/install/path_creator/lib/python3.10/site-packages:${PYTHONPATH} /usr/bin/python3 -W ignore:setup.py install is deprecated setup.py egg_info --egg-base ../../build/path_creator build --build-base /home/aleksmalm/Hermes/hermes_ws/build/path_creator/build install --record /home/aleksmalm/Hermes/hermes_ws/build/path_creator/install.log --single-version-externally-managed install_data
