[1.724s] Invoking command in '/home/aleksmalm/Hermes/hermes_ws/src/odometry': PYTHONPATH=/home/aleksmalm/Hermes/hermes_ws/build/odometry/prefix_override:/home/aleksmalm/Hermes/hermes_ws/install/odometry/lib/python3.10/site-packages:${PYTHONPATH} /usr/bin/python3 -W ignore:setup.py install is deprecated setup.py egg_info --egg-base ../../build/odometry build --build-base /home/aleksmalm/Hermes/hermes_ws/build/odometry/build install --record /home/aleksmalm/Hermes/hermes_ws/build/odometry/install.log --single-version-externally-managed install_data
[1.994s] running egg_info
[1.995s] writing ../../build/odometry/odometry.egg-info/PKG-INFO
[1.995s] writing dependency_links to ../../build/odometry/odometry.egg-info/dependency_links.txt
[1.996s] writing entry points to ../../build/odometry/odometry.egg-info/entry_points.txt
[1.996s] writing requirements to ../../build/odometry/odometry.egg-info/requires.txt
[1.996s] writing top-level names to ../../build/odometry/odometry.egg-info/top_level.txt
[1.998s] reading manifest file '../../build/odometry/odometry.egg-info/SOURCES.txt'
[1.998s] adding license file 'LICENSE'
[1.999s] writing manifest file '../../build/odometry/odometry.egg-info/SOURCES.txt'
[1.999s] running build
[1.999s] running build_py
[1.999s] running install
[1.999s] running install_lib
[2.001s] running install_data
[2.001s] running install_egg_info
[2.003s] removing '/home/aleksmalm/Hermes/hermes_ws/install/odometry/lib/python3.10/site-packages/odometry-0.0.0-py3.10.egg-info' (and everything under it)
[2.003s] Copying ../../build/odometry/odometry.egg-info to /home/aleksmalm/Hermes/hermes_ws/install/odometry/lib/python3.10/site-packages/odometry-0.0.0-py3.10.egg-info
[2.004s] running install_scripts
[2.030s] Installing odometry_node script to /home/aleksmalm/Hermes/hermes_ws/install/odometry/lib/odometry
[2.031s] writing list of installed files to '/home/aleksmalm/Hermes/hermes_ws/build/odometry/install.log'
[2.070s] Invoked command in '/home/aleksmalm/Hermes/hermes_ws/src/odometry' returned '0': PYTHONPATH=/home/aleksmalm/Hermes/hermes_ws/build/odometry/prefix_override:/home/aleksmalm/Hermes/hermes_ws/install/odometry/lib/python3.10/site-packages:${PYTHONPATH} /usr/bin/python3 -W ignore:setup.py install is deprecated setup.py egg_info --egg-base ../../build/odometry build --build-base /home/aleksmalm/Hermes/hermes_ws/build/odometry/build install --record /home/aleksmalm/Hermes/hermes_ws/build/odometry/install.log --single-version-externally-managed install_data
