[0.064s] Invoking command in '/home/hermes/Hermes/hermes_ws/build/hermes_interfaces': CMAKE_PREFIX_PATH=${CMAKE_PREFIX_PATH}:/home/hermes/Hermes/hermes_ws/install/tof_publisher:/home/hermes/Hermes/hermes_ws/install/teleop_control:/home/hermes/Hermes/hermes_ws/install/opencv_tests:/home/hermes/Hermes/hermes_ws/install/odometry:/home/hermes/Hermes/hermes_ws/install/imu_publisher:/home/hermes/Hermes/hermes_ws/install/cmd_vel:/home/hermes/Hermes/hermes_ws/install/cameras:/home/hermes/Downloads/hermes/Hermes/install/tof_publisher:/home/hermes/Downloads/hermes/Hermes/install/teleop_control:/home/hermes/Downloads/hermes/Hermes/install/odometry:/home/hermes/Downloads/hermes/Hermes/install/imu_publisher:/home/hermes/Downloads/hermes/Hermes/install/gps_publisher:/home/hermes/Downloads/hermes/Hermes/install/cmd_vel:/home/hermes/Downloads/hermes/Hermes/install/cameras:/home/hermes/Downloads/hermes/ros2_ws/src/install/ros2_video_stream_pkg:/opt/ros/humble /usr/bin/cmake --build /home/hermes/Hermes/hermes_ws/build/hermes_interfaces -- -j6 -l6
[0.220s] [  9%] Built target hermes_interfaces__rosidl_generator_c
[0.255s] [ 12%] Built target hermes_interfaces__cpp
[0.295s] [ 12%] Built target ament_cmake_python_copy_hermes_interfaces
[0.335s] [ 22%] Built target hermes_interfaces__rosidl_typesupport_fastrtps_c
[0.377s] [ 41%] Built target hermes_interfaces__rosidl_typesupport_c
[0.378s] [ 41%] Built target hermes_interfaces__rosidl_typesupport_fastrtps_cpp
[0.386s] [ 51%] Built target hermes_interfaces__rosidl_typesupport_introspection_c
[0.402s] [ 61%] Built target hermes_interfaces__rosidl_typesupport_introspection_cpp
[0.431s] [ 70%] Built target hermes_interfaces__rosidl_typesupport_cpp
[0.509s] [ 70%] Built target hermes_interfaces
[0.565s] [ 74%] Built target hermes_interfaces__py
[0.620s] [ 80%] Built target hermes_interfaces__rosidl_generator_py
[0.677s] [ 87%] Built target hermes_interfaces__rosidl_typesupport_introspection_c__pyext
[0.698s] [ 93%] Built target hermes_interfaces__rosidl_typesupport_c__pyext
[0.713s] [100%] Built target hermes_interfaces__rosidl_typesupport_fastrtps_c__pyext
[1.077s] running egg_info
[1.079s] writing hermes_interfaces.egg-info/PKG-INFO
[1.079s] writing dependency_links to hermes_interfaces.egg-info/dependency_links.txt
[1.080s] writing top-level names to hermes_interfaces.egg-info/top_level.txt
[1.086s] reading manifest file 'hermes_interfaces.egg-info/SOURCES.txt'
[1.087s] writing manifest file 'hermes_interfaces.egg-info/SOURCES.txt'
[1.172s] [100%] Built target ament_cmake_python_build_hermes_interfaces_egg
[1.317s] Invoked command in '/home/hermes/Hermes/hermes_ws/build/hermes_interfaces' returned '0': CMAKE_PREFIX_PATH=${CMAKE_PREFIX_PATH}:/home/hermes/Hermes/hermes_ws/install/tof_publisher:/home/hermes/Hermes/hermes_ws/install/teleop_control:/home/hermes/Hermes/hermes_ws/install/opencv_tests:/home/hermes/Hermes/hermes_ws/install/odometry:/home/hermes/Hermes/hermes_ws/install/imu_publisher:/home/hermes/Hermes/hermes_ws/install/cmd_vel:/home/hermes/Hermes/hermes_ws/install/cameras:/home/hermes/Downloads/hermes/Hermes/install/tof_publisher:/home/hermes/Downloads/hermes/Hermes/install/teleop_control:/home/hermes/Downloads/hermes/Hermes/install/odometry:/home/hermes/Downloads/hermes/Hermes/install/imu_publisher:/home/hermes/Downloads/hermes/Hermes/install/gps_publisher:/home/hermes/Downloads/hermes/Hermes/install/cmd_vel:/home/hermes/Downloads/hermes/Hermes/install/cameras:/home/hermes/Downloads/hermes/ros2_ws/src/install/ros2_video_stream_pkg:/opt/ros/humble /usr/bin/cmake --build /home/hermes/Hermes/hermes_ws/build/hermes_interfaces -- -j6 -l6
[2.214s] Invoking command in '/home/hermes/Hermes/hermes_ws/build/hermes_interfaces': CMAKE_PREFIX_PATH=${CMAKE_PREFIX_PATH}:/home/hermes/Hermes/hermes_ws/install/tof_publisher:/home/hermes/Hermes/hermes_ws/install/teleop_control:/home/hermes/Hermes/hermes_ws/install/opencv_tests:/home/hermes/Hermes/hermes_ws/install/odometry:/home/hermes/Hermes/hermes_ws/install/imu_publisher:/home/hermes/Hermes/hermes_ws/install/cmd_vel:/home/hermes/Hermes/hermes_ws/install/cameras:/home/hermes/Downloads/hermes/Hermes/install/tof_publisher:/home/hermes/Downloads/hermes/Hermes/install/teleop_control:/home/hermes/Downloads/hermes/Hermes/install/odometry:/home/hermes/Downloads/hermes/Hermes/install/imu_publisher:/home/hermes/Downloads/hermes/Hermes/install/gps_publisher:/home/hermes/Downloads/hermes/Hermes/install/cmd_vel:/home/hermes/Downloads/hermes/Hermes/install/cameras:/home/hermes/Downloads/hermes/ros2_ws/src/install/ros2_video_stream_pkg:/opt/ros/humble /usr/bin/cmake --install /home/hermes/Hermes/hermes_ws/build/hermes_interfaces
[2.240s] -- Install configuration: ""
[2.241s] -- Up-to-date: /home/hermes/Hermes/hermes_ws/install/hermes_interfaces/share/ament_index/resource_index/rosidl_interfaces/hermes_interfaces
[2.241s] -- Up-to-date: /home/hermes/Hermes/hermes_ws/install/hermes_interfaces/include/hermes_interfaces/hermes_interfaces
[2.241s] -- Up-to-date: /home/hermes/Hermes/hermes_ws/install/hermes_interfaces/include/hermes_interfaces/hermes_interfaces/msg
[2.241s] -- Up-to-date: /home/hermes/Hermes/hermes_ws/install/hermes_interfaces/include/hermes_interfaces/hermes_interfaces/msg/rosidl_generator_c__visibility_control.h
[2.242s] -- Up-to-date: /home/hermes/Hermes/hermes_ws/install/hermes_interfaces/include/hermes_interfaces/hermes_interfaces/msg/detail
[2.242s] -- Up-to-date: /home/hermes/Hermes/hermes_ws/install/hermes_interfaces/include/hermes_interfaces/hermes_interfaces/msg/detail/gps_fixed__functions.h
[2.242s] -- Up-to-date: /home/hermes/Hermes/hermes_ws/install/hermes_interfaces/include/hermes_interfaces/hermes_interfaces/msg/detail/gps_fixed__functions.c
[2.242s] -- Up-to-date: /home/hermes/Hermes/hermes_ws/install/hermes_interfaces/include/hermes_interfaces/hermes_interfaces/msg/detail/gps_fixed__type_support.h
[2.242s] -- Up-to-date: /home/hermes/Hermes/hermes_ws/install/hermes_interfaces/include/hermes_interfaces/hermes_interfaces/msg/detail/gps_fixed__struct.h
[2.242s] -- Up-to-date: /home/hermes/Hermes/hermes_ws/install/hermes_interfaces/include/hermes_interfaces/hermes_interfaces/msg/gps_fixed.h
[2.243s] -- Up-to-date: /home/hermes/Hermes/hermes_ws/install/hermes_interfaces/share/hermes_interfaces/environment/library_path.sh
[2.243s] -- Up-to-date: /home/hermes/Hermes/hermes_ws/install/hermes_interfaces/share/hermes_interfaces/environment/library_path.dsv
[2.243s] -- Up-to-date: /home/hermes/Hermes/hermes_ws/install/hermes_interfaces/lib/libhermes_interfaces__rosidl_generator_c.so
[2.243s] -- Up-to-date: /home/hermes/Hermes/hermes_ws/install/hermes_interfaces/include/hermes_interfaces/hermes_interfaces
[2.243s] -- Up-to-date: /home/hermes/Hermes/hermes_ws/install/hermes_interfaces/include/hermes_interfaces/hermes_interfaces/msg
[2.244s] -- Up-to-date: /home/hermes/Hermes/hermes_ws/install/hermes_interfaces/include/hermes_interfaces/hermes_interfaces/msg/rosidl_typesupport_fastrtps_c__visibility_control.h
[2.244s] -- Up-to-date: /home/hermes/Hermes/hermes_ws/install/hermes_interfaces/include/hermes_interfaces/hermes_interfaces/msg/detail
[2.244s] -- Up-to-date: /home/hermes/Hermes/hermes_ws/install/hermes_interfaces/include/hermes_interfaces/hermes_interfaces/msg/detail/gps_fixed__rosidl_typesupport_fastrtps_c.h
[2.244s] -- Up-to-date: /home/hermes/Hermes/hermes_ws/install/hermes_interfaces/lib/libhermes_interfaces__rosidl_typesupport_fastrtps_c.so
[2.244s] -- Up-to-date: /home/hermes/Hermes/hermes_ws/install/hermes_interfaces/include/hermes_interfaces/hermes_interfaces
[2.244s] -- Up-to-date: /home/hermes/Hermes/hermes_ws/install/hermes_interfaces/include/hermes_interfaces/hermes_interfaces/msg
[2.245s] -- Up-to-date: /home/hermes/Hermes/hermes_ws/install/hermes_interfaces/include/hermes_interfaces/hermes_interfaces/msg/detail
[2.252s] -- Up-to-date: /home/hermes/Hermes/hermes_ws/install/hermes_interfaces/include/hermes_interfaces/hermes_interfaces/msg/detail/gps_fixed__type_support.c
[2.252s] -- Up-to-date: /home/hermes/Hermes/hermes_ws/install/hermes_interfaces/include/hermes_interfaces/hermes_interfaces/msg/detail/gps_fixed__rosidl_typesupport_introspection_c.h
[2.252s] -- Up-to-date: /home/hermes/Hermes/hermes_ws/install/hermes_interfaces/include/hermes_interfaces/hermes_interfaces/msg/rosidl_typesupport_introspection_c__visibility_control.h
[2.252s] -- Up-to-date: /home/hermes/Hermes/hermes_ws/install/hermes_interfaces/lib/libhermes_interfaces__rosidl_typesupport_introspection_c.so
[2.252s] -- Up-to-date: /home/hermes/Hermes/hermes_ws/install/hermes_interfaces/lib/libhermes_interfaces__rosidl_typesupport_c.so
[2.253s] -- Up-to-date: /home/hermes/Hermes/hermes_ws/install/hermes_interfaces/include/hermes_interfaces/hermes_interfaces
[2.253s] -- Up-to-date: /home/hermes/Hermes/hermes_ws/install/hermes_interfaces/include/hermes_interfaces/hermes_interfaces/msg
[2.253s] -- Up-to-date: /home/hermes/Hermes/hermes_ws/install/hermes_interfaces/include/hermes_interfaces/hermes_interfaces/msg/gps_fixed.hpp
[2.253s] -- Up-to-date: /home/hermes/Hermes/hermes_ws/install/hermes_interfaces/include/hermes_interfaces/hermes_interfaces/msg/detail
[2.253s] -- Up-to-date: /home/hermes/Hermes/hermes_ws/install/hermes_interfaces/include/hermes_interfaces/hermes_interfaces/msg/detail/gps_fixed__traits.hpp
[2.253s] -- Up-to-date: /home/hermes/Hermes/hermes_ws/install/hermes_interfaces/include/hermes_interfaces/hermes_interfaces/msg/detail/gps_fixed__struct.hpp
[2.253s] -- Up-to-date: /home/hermes/Hermes/hermes_ws/install/hermes_interfaces/include/hermes_interfaces/hermes_interfaces/msg/detail/gps_fixed__builder.hpp
[2.253s] -- Up-to-date: /home/hermes/Hermes/hermes_ws/install/hermes_interfaces/include/hermes_interfaces/hermes_interfaces
[2.254s] -- Up-to-date: /home/hermes/Hermes/hermes_ws/install/hermes_interfaces/include/hermes_interfaces/hermes_interfaces/msg
[2.254s] -- Up-to-date: /home/hermes/Hermes/hermes_ws/install/hermes_interfaces/include/hermes_interfaces/hermes_interfaces/msg/detail
[2.254s] -- Up-to-date: /home/hermes/Hermes/hermes_ws/install/hermes_interfaces/include/hermes_interfaces/hermes_interfaces/msg/detail/gps_fixed__rosidl_typesupport_fastrtps_cpp.hpp
[2.254s] -- Up-to-date: /home/hermes/Hermes/hermes_ws/install/hermes_interfaces/include/hermes_interfaces/hermes_interfaces/msg/detail/dds_fastrtps
[2.254s] -- Up-to-date: /home/hermes/Hermes/hermes_ws/install/hermes_interfaces/include/hermes_interfaces/hermes_interfaces/msg/rosidl_typesupport_fastrtps_cpp__visibility_control.h
[2.254s] -- Up-to-date: /home/hermes/Hermes/hermes_ws/install/hermes_interfaces/lib/libhermes_interfaces__rosidl_typesupport_fastrtps_cpp.so
[2.254s] -- Up-to-date: /home/hermes/Hermes/hermes_ws/install/hermes_interfaces/include/hermes_interfaces/hermes_interfaces
[2.254s] -- Up-to-date: /home/hermes/Hermes/hermes_ws/install/hermes_interfaces/include/hermes_interfaces/hermes_interfaces/msg
[2.255s] -- Up-to-date: /home/hermes/Hermes/hermes_ws/install/hermes_interfaces/include/hermes_interfaces/hermes_interfaces/msg/detail
[2.255s] -- Up-to-date: /home/hermes/Hermes/hermes_ws/install/hermes_interfaces/include/hermes_interfaces/hermes_interfaces/msg/detail/gps_fixed__rosidl_typesupport_introspection_cpp.hpp
[2.255s] -- Up-to-date: /home/hermes/Hermes/hermes_ws/install/hermes_interfaces/include/hermes_interfaces/hermes_interfaces/msg/detail/gps_fixed__type_support.cpp
[2.255s] -- Up-to-date: /home/hermes/Hermes/hermes_ws/install/hermes_interfaces/lib/libhermes_interfaces__rosidl_typesupport_introspection_cpp.so
[2.255s] -- Up-to-date: /home/hermes/Hermes/hermes_ws/install/hermes_interfaces/lib/libhermes_interfaces__rosidl_typesupport_cpp.so
[2.255s] -- Up-to-date: /home/hermes/Hermes/hermes_ws/install/hermes_interfaces/share/hermes_interfaces/environment/pythonpath.sh
[2.255s] -- Up-to-date: /home/hermes/Hermes/hermes_ws/install/hermes_interfaces/share/hermes_interfaces/environment/pythonpath.dsv
[2.256s] -- Up-to-date: /home/hermes/Hermes/hermes_ws/install/hermes_interfaces/local/lib/python3.10/dist-packages/hermes_interfaces-0.0.0-py3.10.egg-info
[2.256s] -- Installing: /home/hermes/Hermes/hermes_ws/install/hermes_interfaces/local/lib/python3.10/dist-packages/hermes_interfaces-0.0.0-py3.10.egg-info/dependency_links.txt
[2.256s] -- Installing: /home/hermes/Hermes/hermes_ws/install/hermes_interfaces/local/lib/python3.10/dist-packages/hermes_interfaces-0.0.0-py3.10.egg-info/SOURCES.txt
[2.257s] -- Installing: /home/hermes/Hermes/hermes_ws/install/hermes_interfaces/local/lib/python3.10/dist-packages/hermes_interfaces-0.0.0-py3.10.egg-info/PKG-INFO
[2.257s] -- Installing: /home/hermes/Hermes/hermes_ws/install/hermes_interfaces/local/lib/python3.10/dist-packages/hermes_interfaces-0.0.0-py3.10.egg-info/top_level.txt
[2.257s] -- Up-to-date: /home/hermes/Hermes/hermes_ws/install/hermes_interfaces/local/lib/python3.10/dist-packages/hermes_interfaces
[2.257s] -- Up-to-date: /home/hermes/Hermes/hermes_ws/install/hermes_interfaces/local/lib/python3.10/dist-packages/hermes_interfaces/libhermes_interfaces__rosidl_generator_py.so
[2.257s] -- Up-to-date: /home/hermes/Hermes/hermes_ws/install/hermes_interfaces/local/lib/python3.10/dist-packages/hermes_interfaces/hermes_interfaces_s__rosidl_typesupport_introspection_c.cpython-310-aarch64-linux-gnu.so
[2.257s] -- Up-to-date: /home/hermes/Hermes/hermes_ws/install/hermes_interfaces/local/lib/python3.10/dist-packages/hermes_interfaces/_hermes_interfaces_s.ep.rosidl_typesupport_introspection_c.c
[2.257s] -- Up-to-date: /home/hermes/Hermes/hermes_ws/install/hermes_interfaces/local/lib/python3.10/dist-packages/hermes_interfaces/__init__.py
[2.258s] -- Up-to-date: /home/hermes/Hermes/hermes_ws/install/hermes_interfaces/local/lib/python3.10/dist-packages/hermes_interfaces/msg
[2.258s] -- Up-to-date: /home/hermes/Hermes/hermes_ws/install/hermes_interfaces/local/lib/python3.10/dist-packages/hermes_interfaces/msg/__init__.py
[2.258s] -- Up-to-date: /home/hermes/Hermes/hermes_ws/install/hermes_interfaces/local/lib/python3.10/dist-packages/hermes_interfaces/msg/_gps_fixed.py
[2.258s] -- Up-to-date: /home/hermes/Hermes/hermes_ws/install/hermes_interfaces/local/lib/python3.10/dist-packages/hermes_interfaces/msg/_gps_fixed_s.c
[2.258s] -- Up-to-date: /home/hermes/Hermes/hermes_ws/install/hermes_interfaces/local/lib/python3.10/dist-packages/hermes_interfaces/_hermes_interfaces_s.ep.rosidl_typesupport_c.c
[2.258s] -- Up-to-date: /home/hermes/Hermes/hermes_ws/install/hermes_interfaces/local/lib/python3.10/dist-packages/hermes_interfaces/hermes_interfaces_s__rosidl_typesupport_fastrtps_c.cpython-310-aarch64-linux-gnu.so
[2.258s] -- Up-to-date: /home/hermes/Hermes/hermes_ws/install/hermes_interfaces/local/lib/python3.10/dist-packages/hermes_interfaces/_hermes_interfaces_s.ep.rosidl_typesupport_fastrtps_c.c
[2.258s] -- Up-to-date: /home/hermes/Hermes/hermes_ws/install/hermes_interfaces/local/lib/python3.10/dist-packages/hermes_interfaces/hermes_interfaces_s__rosidl_typesupport_c.cpython-310-aarch64-linux-gnu.so
[2.387s] Listing '/home/hermes/Hermes/hermes_ws/install/hermes_interfaces/local/lib/python3.10/dist-packages/hermes_interfaces'...
[2.388s] Listing '/home/hermes/Hermes/hermes_ws/install/hermes_interfaces/local/lib/python3.10/dist-packages/hermes_interfaces/msg'...
[2.406s] -- Up-to-date: /home/hermes/Hermes/hermes_ws/install/hermes_interfaces/local/lib/python3.10/dist-packages/hermes_interfaces/hermes_interfaces_s__rosidl_typesupport_fastrtps_c.cpython-310-aarch64-linux-gnu.so
[2.407s] -- Up-to-date: /home/hermes/Hermes/hermes_ws/install/hermes_interfaces/local/lib/python3.10/dist-packages/hermes_interfaces/hermes_interfaces_s__rosidl_typesupport_introspection_c.cpython-310-aarch64-linux-gnu.so
[2.408s] -- Up-to-date: /home/hermes/Hermes/hermes_ws/install/hermes_interfaces/local/lib/python3.10/dist-packages/hermes_interfaces/hermes_interfaces_s__rosidl_typesupport_c.cpython-310-aarch64-linux-gnu.so
[2.408s] -- Up-to-date: /home/hermes/Hermes/hermes_ws/install/hermes_interfaces/lib/libhermes_interfaces__rosidl_generator_py.so
[2.408s] -- Up-to-date: /home/hermes/Hermes/hermes_ws/install/hermes_interfaces/share/hermes_interfaces/msg/GpsFixed.idl
[2.408s] -- Up-to-date: /home/hermes/Hermes/hermes_ws/install/hermes_interfaces/share/hermes_interfaces/msg/GpsFixed.msg
[2.408s] -- Up-to-date: /home/hermes/Hermes/hermes_ws/install/hermes_interfaces/share/ament_index/resource_index/package_run_dependencies/hermes_interfaces
[2.408s] -- Up-to-date: /home/hermes/Hermes/hermes_ws/install/hermes_interfaces/share/ament_index/resource_index/parent_prefix_path/hermes_interfaces
[2.409s] -- Up-to-date: /home/hermes/Hermes/hermes_ws/install/hermes_interfaces/share/hermes_interfaces/environment/ament_prefix_path.sh
[2.410s] -- Up-to-date: /home/hermes/Hermes/hermes_ws/install/hermes_interfaces/share/hermes_interfaces/environment/ament_prefix_path.dsv
[2.411s] -- Up-to-date: /home/hermes/Hermes/hermes_ws/install/hermes_interfaces/share/hermes_interfaces/environment/path.sh
[2.411s] -- Up-to-date: /home/hermes/Hermes/hermes_ws/install/hermes_interfaces/share/hermes_interfaces/environment/path.dsv
[2.411s] -- Up-to-date: /home/hermes/Hermes/hermes_ws/install/hermes_interfaces/share/hermes_interfaces/local_setup.bash
[2.411s] -- Up-to-date: /home/hermes/Hermes/hermes_ws/install/hermes_interfaces/share/hermes_interfaces/local_setup.sh
[2.411s] -- Up-to-date: /home/hermes/Hermes/hermes_ws/install/hermes_interfaces/share/hermes_interfaces/local_setup.zsh
[2.411s] -- Up-to-date: /home/hermes/Hermes/hermes_ws/install/hermes_interfaces/share/hermes_interfaces/local_setup.dsv
[2.412s] -- Installing: /home/hermes/Hermes/hermes_ws/install/hermes_interfaces/share/hermes_interfaces/package.dsv
[2.412s] -- Up-to-date: /home/hermes/Hermes/hermes_ws/install/hermes_interfaces/share/ament_index/resource_index/packages/hermes_interfaces
[2.412s] -- Up-to-date: /home/hermes/Hermes/hermes_ws/install/hermes_interfaces/share/hermes_interfaces/cmake/export_hermes_interfaces__rosidl_generator_cExport.cmake
[2.413s] -- Up-to-date: /home/hermes/Hermes/hermes_ws/install/hermes_interfaces/share/hermes_interfaces/cmake/export_hermes_interfaces__rosidl_generator_cExport-noconfig.cmake
[2.413s] -- Up-to-date: /home/hermes/Hermes/hermes_ws/install/hermes_interfaces/share/hermes_interfaces/cmake/export_hermes_interfaces__rosidl_typesupport_fastrtps_cExport.cmake
[2.413s] -- Up-to-date: /home/hermes/Hermes/hermes_ws/install/hermes_interfaces/share/hermes_interfaces/cmake/export_hermes_interfaces__rosidl_typesupport_fastrtps_cExport-noconfig.cmake
[2.413s] -- Up-to-date: /home/hermes/Hermes/hermes_ws/install/hermes_interfaces/share/hermes_interfaces/cmake/hermes_interfaces__rosidl_typesupport_introspection_cExport.cmake
[2.413s] -- Up-to-date: /home/hermes/Hermes/hermes_ws/install/hermes_interfaces/share/hermes_interfaces/cmake/hermes_interfaces__rosidl_typesupport_introspection_cExport-noconfig.cmake
[2.413s] -- Up-to-date: /home/hermes/Hermes/hermes_ws/install/hermes_interfaces/share/hermes_interfaces/cmake/hermes_interfaces__rosidl_typesupport_cExport.cmake
[2.414s] -- Up-to-date: /home/hermes/Hermes/hermes_ws/install/hermes_interfaces/share/hermes_interfaces/cmake/hermes_interfaces__rosidl_typesupport_cExport-noconfig.cmake
[2.414s] -- Up-to-date: /home/hermes/Hermes/hermes_ws/install/hermes_interfaces/share/hermes_interfaces/cmake/export_hermes_interfaces__rosidl_generator_cppExport.cmake
[2.414s] -- Up-to-date: /home/hermes/Hermes/hermes_ws/install/hermes_interfaces/share/hermes_interfaces/cmake/export_hermes_interfaces__rosidl_typesupport_fastrtps_cppExport.cmake
[2.414s] -- Up-to-date: /home/hermes/Hermes/hermes_ws/install/hermes_interfaces/share/hermes_interfaces/cmake/export_hermes_interfaces__rosidl_typesupport_fastrtps_cppExport-noconfig.cmake
[2.414s] -- Up-to-date: /home/hermes/Hermes/hermes_ws/install/hermes_interfaces/share/hermes_interfaces/cmake/hermes_interfaces__rosidl_typesupport_introspection_cppExport.cmake
[2.415s] -- Up-to-date: /home/hermes/Hermes/hermes_ws/install/hermes_interfaces/share/hermes_interfaces/cmake/hermes_interfaces__rosidl_typesupport_introspection_cppExport-noconfig.cmake
[2.415s] -- Up-to-date: /home/hermes/Hermes/hermes_ws/install/hermes_interfaces/share/hermes_interfaces/cmake/hermes_interfaces__rosidl_typesupport_cppExport.cmake
[2.415s] -- Up-to-date: /home/hermes/Hermes/hermes_ws/install/hermes_interfaces/share/hermes_interfaces/cmake/hermes_interfaces__rosidl_typesupport_cppExport-noconfig.cmake
[2.425s] -- Up-to-date: /home/hermes/Hermes/hermes_ws/install/hermes_interfaces/share/hermes_interfaces/cmake/export_hermes_interfaces__rosidl_generator_pyExport.cmake
[2.425s] -- Up-to-date: /home/hermes/Hermes/hermes_ws/install/hermes_interfaces/share/hermes_interfaces/cmake/export_hermes_interfaces__rosidl_generator_pyExport-noconfig.cmake
[2.425s] -- Up-to-date: /home/hermes/Hermes/hermes_ws/install/hermes_interfaces/share/hermes_interfaces/cmake/rosidl_cmake-extras.cmake
[2.425s] -- Up-to-date: /home/hermes/Hermes/hermes_ws/install/hermes_interfaces/share/hermes_interfaces/cmake/ament_cmake_export_include_directories-extras.cmake
[2.426s] -- Up-to-date: /home/hermes/Hermes/hermes_ws/install/hermes_interfaces/share/hermes_interfaces/cmake/ament_cmake_export_libraries-extras.cmake
[2.426s] -- Up-to-date: /home/hermes/Hermes/hermes_ws/install/hermes_interfaces/share/hermes_interfaces/cmake/ament_cmake_export_targets-extras.cmake
[2.426s] -- Up-to-date: /home/hermes/Hermes/hermes_ws/install/hermes_interfaces/share/hermes_interfaces/cmake/rosidl_cmake_export_typesupport_targets-extras.cmake
[2.427s] -- Up-to-date: /home/hermes/Hermes/hermes_ws/install/hermes_interfaces/share/hermes_interfaces/cmake/ament_cmake_export_dependencies-extras.cmake
[2.427s] -- Up-to-date: /home/hermes/Hermes/hermes_ws/install/hermes_interfaces/share/hermes_interfaces/cmake/rosidl_cmake_export_typesupport_libraries-extras.cmake
[2.428s] -- Up-to-date: /home/hermes/Hermes/hermes_ws/install/hermes_interfaces/share/hermes_interfaces/cmake/hermes_interfacesConfig.cmake
[2.435s] -- Up-to-date: /home/hermes/Hermes/hermes_ws/install/hermes_interfaces/share/hermes_interfaces/cmake/hermes_interfacesConfig-version.cmake
[2.435s] -- Up-to-date: /home/hermes/Hermes/hermes_ws/install/hermes_interfaces/share/hermes_interfaces/package.xml
[3.017s] Invoked command in '/home/hermes/Hermes/hermes_ws/build/hermes_interfaces' returned '0': CMAKE_PREFIX_PATH=${CMAKE_PREFIX_PATH}:/home/hermes/Hermes/hermes_ws/install/tof_publisher:/home/hermes/Hermes/hermes_ws/install/teleop_control:/home/hermes/Hermes/hermes_ws/install/opencv_tests:/home/hermes/Hermes/hermes_ws/install/odometry:/home/hermes/Hermes/hermes_ws/install/imu_publisher:/home/hermes/Hermes/hermes_ws/install/cmd_vel:/home/hermes/Hermes/hermes_ws/install/cameras:/home/hermes/Downloads/hermes/Hermes/install/tof_publisher:/home/hermes/Downloads/hermes/Hermes/install/teleop_control:/home/hermes/Downloads/hermes/Hermes/install/odometry:/home/hermes/Downloads/hermes/Hermes/install/imu_publisher:/home/hermes/Downloads/hermes/Hermes/install/gps_publisher:/home/hermes/Downloads/hermes/Hermes/install/cmd_vel:/home/hermes/Downloads/hermes/Hermes/install/cameras:/home/hermes/Downloads/hermes/ros2_ws/src/install/ros2_video_stream_pkg:/opt/ros/humble /usr/bin/cmake --install /home/hermes/Hermes/hermes_ws/build/hermes_interfaces
