[3.833s] Invoking command in '/home/hermes/Hermes/hermes_ws/src/my_tf2_broadcaster': PYTHONPATH=/home/hermes/Hermes/hermes_ws/build/my_tf2_broadcaster/prefix_override:/usr/lib/python3/dist-packages/colcon_core/task/python/colcon_distutils_commands:/home/hermes/Hermes/hermes_ws/install/my_tf2_broadcaster/lib/python3.10/site-packages:${PYTHONPATH} /usr/bin/python3 -W ignore:setup.py install is deprecated setup.py egg_info --egg-base ../../build/my_tf2_broadcaster build --build-base /home/hermes/Hermes/hermes_ws/build/my_tf2_broadcaster/build install --record /home/hermes/Hermes/hermes_ws/build/my_tf2_broadcaster/install.log --single-version-externally-managed install_data
[4.573s] /home/hermes/.local/lib/python3.10/site-packages/setuptools/_distutils/dist.py:261: UserWarning: Unknown distribution option: 'tests_require'
[4.573s]   warnings.warn(msg)
[4.885s] running egg_info
[4.930s] writing ../../build/my_tf2_broadcaster/my_tf2_broadcaster.egg-info/PKG-INFO
[4.931s] writing dependency_links to ../../build/my_tf2_broadcaster/my_tf2_broadcaster.egg-info/dependency_links.txt
[4.932s] writing entry points to ../../build/my_tf2_broadcaster/my_tf2_broadcaster.egg-info/entry_points.txt
[4.932s] writing requirements to ../../build/my_tf2_broadcaster/my_tf2_broadcaster.egg-info/requires.txt
[4.932s] writing top-level names to ../../build/my_tf2_broadcaster/my_tf2_broadcaster.egg-info/top_level.txt
[5.053s] reading manifest file '../../build/my_tf2_broadcaster/my_tf2_broadcaster.egg-info/SOURCES.txt'
[5.061s] writing manifest file '../../build/my_tf2_broadcaster/my_tf2_broadcaster.egg-info/SOURCES.txt'
[5.061s] running build
[5.061s] running build_py
[5.064s] copying my_tf2_broadcaster/__init__.py -> /home/hermes/Hermes/hermes_ws/build/my_tf2_broadcaster/build/lib/my_tf2_broadcaster
[5.065s] copying my_tf2_broadcaster/static_tf_broadcaster.py -> /home/hermes/Hermes/hermes_ws/build/my_tf2_broadcaster/build/lib/my_tf2_broadcaster
[5.065s] running install
[5.082s] running install_lib
[5.190s] copying /home/hermes/Hermes/hermes_ws/build/my_tf2_broadcaster/build/lib/my_tf2_broadcaster/__init__.py -> /home/hermes/Hermes/hermes_ws/install/my_tf2_broadcaster/lib/python3.10/site-packages/my_tf2_broadcaster
[5.202s] copying /home/hermes/Hermes/hermes_ws/build/my_tf2_broadcaster/build/lib/my_tf2_broadcaster/static_tf_broadcaster.py -> /home/hermes/Hermes/hermes_ws/install/my_tf2_broadcaster/lib/python3.10/site-packages/my_tf2_broadcaster
[5.205s] running install_data
[5.214s] copying resource/my_tf2_broadcaster -> /home/hermes/Hermes/hermes_ws/install/my_tf2_broadcaster/share/ament_index/resource_index/packages
[5.216s] copying package.xml -> /home/hermes/Hermes/hermes_ws/install/my_tf2_broadcaster/share/my_tf2_broadcaster
[5.216s] running install_egg_info
[5.382s] removing '/home/hermes/Hermes/hermes_ws/install/my_tf2_broadcaster/lib/python3.10/site-packages/my_tf2_broadcaster-0.0.0-py3.10.egg-info' (and everything under it)
[5.404s] Copying ../../build/my_tf2_broadcaster/my_tf2_broadcaster.egg-info to /home/hermes/Hermes/hermes_ws/install/my_tf2_broadcaster/lib/python3.10/site-packages/my_tf2_broadcaster-0.0.0-py3.10.egg-info
[5.420s] running install_scripts
[6.392s] Installing static_tf_broadcaster script to /home/hermes/Hermes/hermes_ws/install/my_tf2_broadcaster/lib/my_tf2_broadcaster
[6.398s] writing list of installed files to '/home/hermes/Hermes/hermes_ws/build/my_tf2_broadcaster/install.log'
[6.607s] Invoked command in '/home/hermes/Hermes/hermes_ws/src/my_tf2_broadcaster' returned '0': PYTHONPATH=/home/hermes/Hermes/hermes_ws/build/my_tf2_broadcaster/prefix_override:/usr/lib/python3/dist-packages/colcon_core/task/python/colcon_distutils_commands:/home/hermes/Hermes/hermes_ws/install/my_tf2_broadcaster/lib/python3.10/site-packages:${PYTHONPATH} /usr/bin/python3 -W ignore:setup.py install is deprecated setup.py egg_info --egg-base ../../build/my_tf2_broadcaster build --build-base /home/hermes/Hermes/hermes_ws/build/my_tf2_broadcaster/build install --record /home/hermes/Hermes/hermes_ws/build/my_tf2_broadcaster/install.log --single-version-externally-managed install_data
