[4.432s] Invoking command in '/home/hermes/Hermes/hermes_ws/src/cmd_vel': PYTHONPATH=/home/hermes/Hermes/hermes_ws/build/cmd_vel/prefix_override:/home/hermes/Hermes/hermes_ws/install/cmd_vel/lib/python3.10/site-packages:${PYTHONPATH} /usr/bin/python3 -W ignore:setup.py install is deprecated setup.py egg_info --egg-base ../../build/cmd_vel build --build-base /home/hermes/Hermes/hermes_ws/build/cmd_vel/build install --record /home/hermes/Hermes/hermes_ws/build/cmd_vel/install.log --install-scripts $base/lib/cmd_vel --single-version-externally-managed install_data
[4.998s] /usr/lib/python3/dist-packages/setuptools/dist.py:723: UserWarning: Usage of dash-separated 'script-dir' will not be supported in future versions. Please use the underscore name 'script_dir' instead
[4.998s]   warnings.warn(
[5.021s] running egg_info
[5.023s] writing ../../build/cmd_vel/cmd_vel.egg-info/PKG-INFO
[5.024s] writing dependency_links to ../../build/cmd_vel/cmd_vel.egg-info/dependency_links.txt
[5.024s] writing entry points to ../../build/cmd_vel/cmd_vel.egg-info/entry_points.txt
[5.025s] writing requirements to ../../build/cmd_vel/cmd_vel.egg-info/requires.txt
[5.026s] writing top-level names to ../../build/cmd_vel/cmd_vel.egg-info/top_level.txt
[5.030s] reading manifest file '../../build/cmd_vel/cmd_vel.egg-info/SOURCES.txt'
[5.032s] writing manifest file '../../build/cmd_vel/cmd_vel.egg-info/SOURCES.txt'
[5.033s] running build
[5.033s] running build_py
[5.034s] running install
[5.034s] running install_lib
[5.038s] running install_data
[5.038s] running install_egg_info
[5.043s] removing '/home/hermes/Hermes/hermes_ws/install/cmd_vel/lib/python3.10/site-packages/cmd_vel-0.0.0-py3.10.egg-info' (and everything under it)
[5.044s] Copying ../../build/cmd_vel/cmd_vel.egg-info to /home/hermes/Hermes/hermes_ws/install/cmd_vel/lib/python3.10/site-packages/cmd_vel-0.0.0-py3.10.egg-info
[5.047s] running install_scripts
[5.101s] Installing cmd_vel_controll script to /home/hermes/Hermes/hermes_ws/install/cmd_vel/lib/cmd_vel
[5.102s] writing list of installed files to '/home/hermes/Hermes/hermes_ws/build/cmd_vel/install.log'
[5.847s] Invoked command in '/home/hermes/Hermes/hermes_ws/src/cmd_vel' returned '0': PYTHONPATH=/home/hermes/Hermes/hermes_ws/build/cmd_vel/prefix_override:/home/hermes/Hermes/hermes_ws/install/cmd_vel/lib/python3.10/site-packages:${PYTHONPATH} /usr/bin/python3 -W ignore:setup.py install is deprecated setup.py egg_info --egg-base ../../build/cmd_vel build --build-base /home/hermes/Hermes/hermes_ws/build/cmd_vel/build install --record /home/hermes/Hermes/hermes_ws/build/cmd_vel/install.log --install-scripts $base/lib/cmd_vel --single-version-externally-managed install_data
