[4.127s] Invoking command in '/home/hermes/Hermes/hermes_ws/src/hermes_nav': PYTHONPATH=/home/hermes/Hermes/hermes_ws/build/hermes_nav/prefix_override:/usr/lib/python3/dist-packages/colcon_core/task/python/colcon_distutils_commands:/home/hermes/Hermes/hermes_ws/install/hermes_nav/lib/python3.10/site-packages:${PYTHONPATH} /usr/bin/python3 -W ignore:setup.py install is deprecated setup.py egg_info --egg-base ../../build/hermes_nav build --build-base /home/hermes/Hermes/hermes_ws/build/hermes_nav/build install --record /home/hermes/Hermes/hermes_ws/build/hermes_nav/install.log --single-version-externally-managed install_data
[4.849s] running egg_info
[4.851s] writing ../../build/hermes_nav/hermes_nav.egg-info/PKG-INFO
[4.852s] writing dependency_links to ../../build/hermes_nav/hermes_nav.egg-info/dependency_links.txt
[4.853s] writing entry points to ../../build/hermes_nav/hermes_nav.egg-info/entry_points.txt
[4.853s] writing requirements to ../../build/hermes_nav/hermes_nav.egg-info/requires.txt
[4.854s] writing top-level names to ../../build/hermes_nav/hermes_nav.egg-info/top_level.txt
[4.867s] reading manifest file '../../build/hermes_nav/hermes_nav.egg-info/SOURCES.txt'
[4.869s] writing manifest file '../../build/hermes_nav/hermes_nav.egg-info/SOURCES.txt'
[4.870s] running build
[4.870s] running build_py
[4.871s] running install
[4.872s] running install_lib
[4.876s] running install_data
[4.877s] running install_egg_info
[4.882s] removing '/home/hermes/Hermes/hermes_ws/install/hermes_nav/lib/python3.10/site-packages/hermes_nav-0.0.0-py3.10.egg-info' (and everything under it)
[4.887s] Copying ../../build/hermes_nav/hermes_nav.egg-info to /home/hermes/Hermes/hermes_ws/install/hermes_nav/lib/python3.10/site-packages/hermes_nav-0.0.0-py3.10.egg-info
[4.888s] running install_scripts
[4.986s] Installing display script to /home/hermes/Hermes/hermes_ws/install/hermes_nav/lib/hermes_nav
[4.990s] Installing gps_converter_node script to /home/hermes/Hermes/hermes_ws/install/hermes_nav/lib/hermes_nav
[4.991s] Installing gps_waypoint_follower script to /home/hermes/Hermes/hermes_ws/install/hermes_nav/lib/hermes_nav
[4.991s] Installing gps_waypoint_logger script to /home/hermes/Hermes/hermes_ws/install/hermes_nav/lib/hermes_nav
[4.991s] Installing interactive_waypoint_follower script to /home/hermes/Hermes/hermes_ws/install/hermes_nav/lib/hermes_nav
[4.991s] Installing logged_waypoint_follower script to /home/hermes/Hermes/hermes_ws/install/hermes_nav/lib/hermes_nav
[4.991s] writing list of installed files to '/home/hermes/Hermes/hermes_ws/build/hermes_nav/install.log'
[5.162s] Invoked command in '/home/hermes/Hermes/hermes_ws/src/hermes_nav' returned '0': PYTHONPATH=/home/hermes/Hermes/hermes_ws/build/hermes_nav/prefix_override:/usr/lib/python3/dist-packages/colcon_core/task/python/colcon_distutils_commands:/home/hermes/Hermes/hermes_ws/install/hermes_nav/lib/python3.10/site-packages:${PYTHONPATH} /usr/bin/python3 -W ignore:setup.py install is deprecated setup.py egg_info --egg-base ../../build/hermes_nav build --build-base /home/hermes/Hermes/hermes_ws/build/hermes_nav/build install --record /home/hermes/Hermes/hermes_ws/build/hermes_nav/install.log --single-version-externally-managed install_data
