[2.171s] Invoking command in '/home/hermes/Hermes/hermes_ws/src/tof_publisher': PYTHONPATH=/home/hermes/Hermes/hermes_ws/build/tof_publisher/prefix_override:/home/hermes/Hermes/hermes_ws/install/tof_publisher/lib/python3.10/site-packages:${PYTHONPATH} /usr/bin/python3 -W ignore:setup.py install is deprecated setup.py egg_info --egg-base ../../build/tof_publisher build --build-base /home/hermes/Hermes/hermes_ws/build/tof_publisher/build install --record /home/hermes/Hermes/hermes_ws/build/tof_publisher/install.log --install-scripts $base/lib/tof_publisher --single-version-externally-managed install_data
[2.709s] /usr/lib/python3/dist-packages/setuptools/dist.py:723: UserWarning: Usage of dash-separated 'script-dir' will not be supported in future versions. Please use the underscore name 'script_dir' instead
[2.709s]   warnings.warn(
[2.727s] running egg_info
[2.728s] writing ../../build/tof_publisher/tof_publisher.egg-info/PKG-INFO
[2.729s] writing dependency_links to ../../build/tof_publisher/tof_publisher.egg-info/dependency_links.txt
[2.729s] writing entry points to ../../build/tof_publisher/tof_publisher.egg-info/entry_points.txt
[2.730s] writing requirements to ../../build/tof_publisher/tof_publisher.egg-info/requires.txt
[2.730s] writing top-level names to ../../build/tof_publisher/tof_publisher.egg-info/top_level.txt
[2.734s] reading manifest file '../../build/tof_publisher/tof_publisher.egg-info/SOURCES.txt'
[2.735s] writing manifest file '../../build/tof_publisher/tof_publisher.egg-info/SOURCES.txt'
[2.736s] running build
[2.736s] running build_py
[2.736s] running install
[2.737s] running install_lib
[2.740s] running install_data
[2.740s] running install_egg_info
[2.744s] removing '/home/hermes/Hermes/hermes_ws/install/tof_publisher/lib/python3.10/site-packages/tof_publisher-0.0.0-py3.10.egg-info' (and everything under it)
[2.745s] Copying ../../build/tof_publisher/tof_publisher.egg-info to /home/hermes/Hermes/hermes_ws/install/tof_publisher/lib/python3.10/site-packages/tof_publisher-0.0.0-py3.10.egg-info
[2.747s] running install_scripts
[2.794s] Installing tof_data script to /home/hermes/Hermes/hermes_ws/install/tof_publisher/lib/tof_publisher
[2.795s] writing list of installed files to '/home/hermes/Hermes/hermes_ws/build/tof_publisher/install.log'
[2.870s] Invoked command in '/home/hermes/Hermes/hermes_ws/src/tof_publisher' returned '0': PYTHONPATH=/home/hermes/Hermes/hermes_ws/build/tof_publisher/prefix_override:/home/hermes/Hermes/hermes_ws/install/tof_publisher/lib/python3.10/site-packages:${PYTHONPATH} /usr/bin/python3 -W ignore:setup.py install is deprecated setup.py egg_info --egg-base ../../build/tof_publisher build --build-base /home/hermes/Hermes/hermes_ws/build/tof_publisher/build install --record /home/hermes/Hermes/hermes_ws/build/tof_publisher/install.log --install-scripts $base/lib/tof_publisher --single-version-externally-managed install_data
