[1.674s] Invoking command in '/home/raivo/Hermes/hermes_ws/src/imu_raw_publisher': PYTHONPATH=/home/raivo/Hermes/hermes_ws/build/icm20948_publisher/prefix_override:/home/raivo/Hermes/hermes_ws/install/icm20948_publisher/lib/python3.10/site-packages:${PYTHONPATH} /usr/bin/python3 -W ignore:setup.py install is deprecated setup.py egg_info --egg-base ../../build/icm20948_publisher build --build-base /home/raivo/Hermes/hermes_ws/build/icm20948_publisher/build install --record /home/raivo/Hermes/hermes_ws/build/icm20948_publisher/install.log --single-version-externally-managed install_data
[1.891s] /home/raivo/.local/lib/python3.10/site-packages/setuptools/_distutils/dist.py:261: UserWarning: Unknown distribution option: 'tests_require'
[1.891s]   warnings.warn(msg)
[1.976s] running egg_info
[1.986s] writing ../../build/icm20948_publisher/icm20948_publisher.egg-info/PKG-INFO
[1.987s] writing dependency_links to ../../build/icm20948_publisher/icm20948_publisher.egg-info/dependency_links.txt
[1.987s] writing entry points to ../../build/icm20948_publisher/icm20948_publisher.egg-info/entry_points.txt
[1.987s] writing requirements to ../../build/icm20948_publisher/icm20948_publisher.egg-info/requires.txt
[1.987s] writing top-level names to ../../build/icm20948_publisher/icm20948_publisher.egg-info/top_level.txt
[2.018s] reading manifest file '../../build/icm20948_publisher/icm20948_publisher.egg-info/SOURCES.txt'
[2.018s] Traceback (most recent call last):
[2.018s]   File "/home/raivo/Hermes/hermes_ws/src/imu_raw_publisher/setup.py", line 5, in <module>
[2.019s]     setup(
[2.019s]   File "/home/raivo/.local/lib/python3.10/site-packages/setuptools/__init__.py", line 117, in setup
[2.019s]     return distutils.core.setup(**attrs)
[2.019s]   File "/home/raivo/.local/lib/python3.10/site-packages/setuptools/_distutils/core.py", line 183, in setup
[2.019s]     return run_commands(dist)
[2.029s]   File "/home/raivo/.local/lib/python3.10/site-packages/setuptools/_distutils/core.py", line 199, in run_commands
[2.029s]     dist.run_commands()
[2.029s]   File "/home/raivo/.local/lib/python3.10/site-packages/setuptools/_distutils/dist.py", line 954, in run_commands
[2.029s]     self.run_command(cmd)
[2.030s]   File "/home/raivo/.local/lib/python3.10/site-packages/setuptools/dist.py", line 950, in run_command
[2.030s]     super().run_command(command)
[2.030s]   File "/home/raivo/.local/lib/python3.10/site-packages/setuptools/_distutils/dist.py", line 973, in run_command
[2.030s]     cmd_obj.run()
[2.030s]   File "/home/raivo/.local/lib/python3.10/site-packages/setuptools/command/egg_info.py", line 311, in run
[2.030s]     self.find_sources()
[2.030s]   File "/home/raivo/.local/lib/python3.10/site-packages/setuptools/command/egg_info.py", line 319, in find_sources
[2.030s]     mm.run()
[2.030s]   File "/home/raivo/.local/lib/python3.10/site-packages/setuptools/command/egg_info.py", line 545, in run
[2.030s]     self.prune_file_list()
[2.030s]   File "/home/raivo/.local/lib/python3.10/site-packages/setuptools/command/sdist.py", line 161, in prune_file_list
[2.030s]     super().prune_file_list()
[2.030s]   File "/home/raivo/.local/lib/python3.10/site-packages/setuptools/_distutils/command/sdist.py", line 380, in prune_file_list
[2.030s]     base_dir = self.distribution.get_fullname()
[2.030s]   File "/home/raivo/.local/lib/python3.10/site-packages/setuptools/_core_metadata.py", line 267, in get_fullname
[2.030s]     return _distribution_fullname(self.get_name(), self.get_version())
[2.030s]   File "/home/raivo/.local/lib/python3.10/site-packages/setuptools/_core_metadata.py", line 285, in _distribution_fullname
[2.031s]     canonicalize_version(version, strip_trailing_zero=False),
[2.031s] TypeError: canonicalize_version() got an unexpected keyword argument 'strip_trailing_zero'
