[3.857s] Invoking command in '/home/hermes/Hermes/hermes_ws/src/multi_package_launcher': PYTHONPATH=/home/hermes/Hermes/hermes_ws/build/multi_package_launcher/prefix_override:/usr/lib/python3/dist-packages/colcon_core/task/python/colcon_distutils_commands:/home/hermes/Hermes/hermes_ws/install/multi_package_launcher/lib/python3.10/site-packages:${PYTHONPATH} /usr/bin/python3 -W ignore:setup.py install is deprecated setup.py egg_info --egg-base ../../build/multi_package_launcher build --build-base /home/hermes/Hermes/hermes_ws/build/multi_package_launcher/build install --record /home/hermes/Hermes/hermes_ws/build/multi_package_launcher/install.log --single-version-externally-managed install_data
[4.756s] /home/hermes/.local/lib/python3.10/site-packages/setuptools/_distutils/dist.py:261: UserWarning: Unknown distribution option: 'tests_require'
[4.756s]   warnings.warn(msg)
[5.442s] running egg_info
[5.538s] writing ../../build/multi_package_launcher/multi_package_launcher.egg-info/PKG-INFO
[5.541s] writing dependency_links to ../../build/multi_package_launcher/multi_package_launcher.egg-info/dependency_links.txt
[5.541s] deleting ../../build/multi_package_launcher/multi_package_launcher.egg-info/entry_points.txt
[5.542s] writing requirements to ../../build/multi_package_launcher/multi_package_launcher.egg-info/requires.txt
[5.542s] writing top-level names to ../../build/multi_package_launcher/multi_package_launcher.egg-info/top_level.txt
[5.643s] reading manifest file '../../build/multi_package_launcher/multi_package_launcher.egg-info/SOURCES.txt'
[5.650s] writing manifest file '../../build/multi_package_launcher/multi_package_launcher.egg-info/SOURCES.txt'
[5.651s] running build
[5.651s] running build_py
[5.655s] copying multi_package_launcher/__init__.py -> /home/hermes/Hermes/hermes_ws/build/multi_package_launcher/build/lib/multi_package_launcher
[5.657s] running install
[5.679s] running install_lib
[5.773s] copying /home/hermes/Hermes/hermes_ws/build/multi_package_launcher/build/lib/multi_package_launcher/__init__.py -> /home/hermes/Hermes/hermes_ws/install/multi_package_launcher/lib/python3.10/site-packages/multi_package_launcher
[5.789s] byte-compiling /home/hermes/Hermes/hermes_ws/install/multi_package_launcher/lib/python3.10/site-packages/multi_package_launcher/__init__.py to __init__.cpython-310.pyc
[5.791s] running install_data
[5.791s] copying resource/multi_package_launcher -> /home/hermes/Hermes/hermes_ws/install/multi_package_launcher/share/ament_index/resource_index/packages
[5.807s] copying package.xml -> /home/hermes/Hermes/hermes_ws/install/multi_package_launcher/share/multi_package_launcher
[5.809s] copying launch/launch_all_packages.launch.py -> /home/hermes/Hermes/hermes_ws/install/multi_package_launcher/share/multi_package_launcher/launch
[5.810s] running install_egg_info
[5.902s] removing '/home/hermes/Hermes/hermes_ws/install/multi_package_launcher/lib/python3.10/site-packages/multi_package_launcher-0.0.0-py3.10.egg-info' (and everything under it)
[5.921s] Copying ../../build/multi_package_launcher/multi_package_launcher.egg-info to /home/hermes/Hermes/hermes_ws/install/multi_package_launcher/lib/python3.10/site-packages/multi_package_launcher-0.0.0-py3.10.egg-info
[5.928s] running install_scripts
[6.748s] writing list of installed files to '/home/hermes/Hermes/hermes_ws/build/multi_package_launcher/install.log'
[7.991s] Invoked command in '/home/hermes/Hermes/hermes_ws/src/multi_package_launcher' returned '0': PYTHONPATH=/home/hermes/Hermes/hermes_ws/build/multi_package_launcher/prefix_override:/usr/lib/python3/dist-packages/colcon_core/task/python/colcon_distutils_commands:/home/hermes/Hermes/hermes_ws/install/multi_package_launcher/lib/python3.10/site-packages:${PYTHONPATH} /usr/bin/python3 -W ignore:setup.py install is deprecated setup.py egg_info --egg-base ../../build/multi_package_launcher build --build-base /home/hermes/Hermes/hermes_ws/build/multi_package_launcher/build install --record /home/hermes/Hermes/hermes_ws/build/multi_package_launcher/install.log --single-version-externally-managed install_data
