[1.504s] Invoking command in '/home/aleksmalm/Hermes/hermes_ws/src/cameras': PYTHONPATH=/home/aleksmalm/Hermes/hermes_ws/build/cameras/prefix_override:/home/aleksmalm/Hermes/hermes_ws/install/cameras/lib/python3.10/site-packages:${PYTHONPATH} /usr/bin/python3 -W ignore:setup.py install is deprecated setup.py egg_info --egg-base ../../build/cameras build --build-base /home/aleksmalm/Hermes/hermes_ws/build/cameras/build install --record /home/aleksmalm/Hermes/hermes_ws/build/cameras/install.log --single-version-externally-managed install_data
[1.734s] running egg_info
[1.734s] writing ../../build/cameras/cameras.egg-info/PKG-INFO
[1.734s] writing dependency_links to ../../build/cameras/cameras.egg-info/dependency_links.txt
[1.734s] writing entry points to ../../build/cameras/cameras.egg-info/entry_points.txt
[1.734s] writing requirements to ../../build/cameras/cameras.egg-info/requires.txt
[1.734s] writing top-level names to ../../build/cameras/cameras.egg-info/top_level.txt
[1.735s] reading manifest file '../../build/cameras/cameras.egg-info/SOURCES.txt'
[1.735s] adding license file 'LICENSE'
[1.736s] writing manifest file '../../build/cameras/cameras.egg-info/SOURCES.txt'
[1.736s] running build
[1.736s] running build_py
[1.736s] running install
[1.736s] running install_lib
[1.737s] running install_data
[1.737s] running install_egg_info
[1.738s] removing '/home/aleksmalm/Hermes/hermes_ws/install/cameras/lib/python3.10/site-packages/cameras-0.0.0-py3.10.egg-info' (and everything under it)
[1.738s] Copying ../../build/cameras/cameras.egg-info to /home/aleksmalm/Hermes/hermes_ws/install/cameras/lib/python3.10/site-packages/cameras-0.0.0-py3.10.egg-info
[1.739s] running install_scripts
[1.755s] Installing cameras_node script to /home/aleksmalm/Hermes/hermes_ws/install/cameras/lib/cameras
[1.755s] writing list of installed files to '/home/aleksmalm/Hermes/hermes_ws/build/cameras/install.log'
[1.775s] Invoked command in '/home/aleksmalm/Hermes/hermes_ws/src/cameras' returned '0': PYTHONPATH=/home/aleksmalm/Hermes/hermes_ws/build/cameras/prefix_override:/home/aleksmalm/Hermes/hermes_ws/install/cameras/lib/python3.10/site-packages:${PYTHONPATH} /usr/bin/python3 -W ignore:setup.py install is deprecated setup.py egg_info --egg-base ../../build/cameras build --build-base /home/aleksmalm/Hermes/hermes_ws/build/cameras/build install --record /home/aleksmalm/Hermes/hermes_ws/build/cameras/install.log --single-version-externally-managed install_data
