[7.104s] Invoking command in '/home/hermes/Hermes/hermes_ws/src/teleop_control': PYTHONPATH=/home/hermes/Hermes/hermes_ws/build/teleop_control/prefix_override:/home/hermes/Hermes/hermes_ws/install/teleop_control/lib/python3.8/site-packages:${PYTHONPATH} /usr/bin/python3 setup.py egg_info --egg-base ../../build/teleop_control build --build-base /home/hermes/Hermes/hermes_ws/build/teleop_control/build install --record /home/hermes/Hermes/hermes_ws/build/teleop_control/install.log --single-version-externally-managed
[7.637s] running egg_info
[7.638s] writing ../../build/teleop_control/teleop_control.egg-info/PKG-INFO
[7.639s] writing dependency_links to ../../build/teleop_control/teleop_control.egg-info/dependency_links.txt
[7.640s] writing entry points to ../../build/teleop_control/teleop_control.egg-info/entry_points.txt
[7.640s] writing requirements to ../../build/teleop_control/teleop_control.egg-info/requires.txt
[7.640s] writing top-level names to ../../build/teleop_control/teleop_control.egg-info/top_level.txt
[7.709s] reading manifest file '../../build/teleop_control/teleop_control.egg-info/SOURCES.txt'
[7.711s] writing manifest file '../../build/teleop_control/teleop_control.egg-info/SOURCES.txt'
[7.711s] running build
[7.711s] running build_py
[7.712s] running install
[7.714s] running install_lib
[7.718s] running install_data
[7.720s] running install_egg_info
[7.724s] removing '/home/hermes/Hermes/hermes_ws/install/teleop_control/lib/python3.8/site-packages/teleop_control-0.0.0-py3.8.egg-info' (and everything under it)
[7.724s] Copying ../../build/teleop_control/teleop_control.egg-info to /home/hermes/Hermes/hermes_ws/install/teleop_control/lib/python3.8/site-packages/teleop_control-0.0.0-py3.8.egg-info
[7.727s] running install_scripts
[7.771s] Installing teleop_control_node script to /home/hermes/Hermes/hermes_ws/install/teleop_control/lib/teleop_control
[7.773s] writing list of installed files to '/home/hermes/Hermes/hermes_ws/build/teleop_control/install.log'
[8.994s] Invoked command in '/home/hermes/Hermes/hermes_ws/src/teleop_control' returned '0': PYTHONPATH=/home/hermes/Hermes/hermes_ws/build/teleop_control/prefix_override:/home/hermes/Hermes/hermes_ws/install/teleop_control/lib/python3.8/site-packages:${PYTHONPATH} /usr/bin/python3 setup.py egg_info --egg-base ../../build/teleop_control build --build-base /home/hermes/Hermes/hermes_ws/build/teleop_control/build install --record /home/hermes/Hermes/hermes_ws/build/teleop_control/install.log --single-version-externally-managed
