running egg_info
writing ../../build/cameras/cameras.egg-info/PKG-INFO
writing dependency_links to ../../build/cameras/cameras.egg-info/dependency_links.txt
writing entry points to ../../build/cameras/cameras.egg-info/entry_points.txt
writing requirements to ../../build/cameras/cameras.egg-info/requires.txt
writing top-level names to ../../build/cameras/cameras.egg-info/top_level.txt
reading manifest file '../../build/cameras/cameras.egg-info/SOURCES.txt'
adding license file 'LICENSE'
writing manifest file '../../build/cameras/cameras.egg-info/SOURCES.txt'
running build
running build_py
running install
running install_lib
running install_data
running install_egg_info
removing '/home/hermes/Hermes/hermes_ws/install/cameras/lib/python3.10/site-packages/cameras-0.0.0-py3.10.egg-info' (and everything under it)
Copying ../../build/cameras/cameras.egg-info to /home/hermes/Hermes/hermes_ws/install/cameras/lib/python3.10/site-packages/cameras-0.0.0-py3.10.egg-info
running install_scripts
Installing cameras_node script to /home/hermes/Hermes/hermes_ws/install/cameras/lib/cameras
writing list of installed files to '/home/hermes/Hermes/hermes_ws/build/cameras/install.log'
