[8.669s] Invoking command in '/home/hermes/Hermes/hermes_ws/src/cameras': PYTHONPATH=/home/hermes/Hermes/hermes_ws/build/cameras/prefix_override:/home/hermes/Hermes/hermes_ws/install/cameras/lib/python3.8/site-packages:${PYTHONPATH} /usr/bin/python3 setup.py egg_info --egg-base ../../build/cameras build --build-base /home/hermes/Hermes/hermes_ws/build/cameras/build install --record /home/hermes/Hermes/hermes_ws/build/cameras/install.log --single-version-externally-managed
[9.232s] running egg_info
[9.244s] writing ../../build/cameras/cameras.egg-info/PKG-INFO
[9.244s] writing dependency_links to ../../build/cameras/cameras.egg-info/dependency_links.txt
[9.245s] writing entry points to ../../build/cameras/cameras.egg-info/entry_points.txt
[9.245s] writing requirements to ../../build/cameras/cameras.egg-info/requires.txt
[9.245s] writing top-level names to ../../build/cameras/cameras.egg-info/top_level.txt
[9.390s] reading manifest file '../../build/cameras/cameras.egg-info/SOURCES.txt'
[9.393s] writing manifest file '../../build/cameras/cameras.egg-info/SOURCES.txt'
[9.393s] running build
[9.393s] running build_py
[9.394s] running install
[9.397s] running install_lib
[9.414s] running install_data
[9.415s] running install_egg_info
[9.420s] removing '/home/hermes/Hermes/hermes_ws/install/cameras/lib/python3.8/site-packages/cameras-0.0.0-py3.8.egg-info' (and everything under it)
[9.421s] Copying ../../build/cameras/cameras.egg-info to /home/hermes/Hermes/hermes_ws/install/cameras/lib/python3.8/site-packages/cameras-0.0.0-py3.8.egg-info
[9.423s] running install_scripts
[9.510s] Installing cameras_node script to /home/hermes/Hermes/hermes_ws/install/cameras/lib/cameras
[9.511s] writing list of installed files to '/home/hermes/Hermes/hermes_ws/build/cameras/install.log'
[10.347s] Invoked command in '/home/hermes/Hermes/hermes_ws/src/cameras' returned '0': PYTHONPATH=/home/hermes/Hermes/hermes_ws/build/cameras/prefix_override:/home/hermes/Hermes/hermes_ws/install/cameras/lib/python3.8/site-packages:${PYTHONPATH} /usr/bin/python3 setup.py egg_info --egg-base ../../build/cameras build --build-base /home/hermes/Hermes/hermes_ws/build/cameras/build install --record /home/hermes/Hermes/hermes_ws/build/cameras/install.log --single-version-externally-managed
