running egg_info
writing ../../build/robot_localization_pkg/robot_localization_pkg.egg-info/PKG-INFO
writing dependency_links to ../../build/robot_localization_pkg/robot_localization_pkg.egg-info/dependency_links.txt
deleting ../../build/robot_localization_pkg/robot_localization_pkg.egg-info/entry_points.txt
writing requirements to ../../build/robot_localization_pkg/robot_localization_pkg.egg-info/requires.txt
writing top-level names to ../../build/robot_localization_pkg/robot_localization_pkg.egg-info/top_level.txt
reading manifest file '../../build/robot_localization_pkg/robot_localization_pkg.egg-info/SOURCES.txt'
writing manifest file '../../build/robot_localization_pkg/robot_localization_pkg.egg-info/SOURCES.txt'
running build
running build_py
copying robot_localization_pkg/__init__.py -> /home/hermes/Hermes/hermes_ws/build/robot_localization_pkg/build/lib/robot_localization_pkg
running install
running install_lib
copying /home/hermes/Hermes/hermes_ws/build/robot_localization_pkg/build/lib/robot_localization_pkg/__init__.py -> /home/hermes/Hermes/hermes_ws/install/robot_localization_pkg/lib/python3.10/site-packages/robot_localization_pkg
byte-compiling /home/hermes/Hermes/hermes_ws/install/robot_localization_pkg/lib/python3.10/site-packages/robot_localization_pkg/__init__.py to __init__.cpython-310.pyc
running install_data
copying package.xml -> /home/hermes/Hermes/hermes_ws/install/robot_localization_pkg/share/robot_localization_pkg
copying launch/localization.launch.py -> /home/hermes/Hermes/hermes_ws/install/robot_localization_pkg/share/robot_localization_pkg/launch
copying param/ekf.yaml -> /home/hermes/Hermes/hermes_ws/install/robot_localization_pkg/share/robot_localization_pkg/param
running install_egg_info
removing '/home/hermes/Hermes/hermes_ws/install/robot_localization_pkg/lib/python3.10/site-packages/robot_localization_pkg-0.0.1-py3.10.egg-info' (and everything under it)
Copying ../../build/robot_localization_pkg/robot_localization_pkg.egg-info to /home/hermes/Hermes/hermes_ws/install/robot_localization_pkg/lib/python3.10/site-packages/robot_localization_pkg-0.0.1-py3.10.egg-info
running install_scripts
writing list of installed files to '/home/hermes/Hermes/hermes_ws/build/robot_localization_pkg/install.log'
