[4.009s] Invoking command in '/home/hermes/Hermes/hermes_ws/src/robot_localization_pkg': PYTHONPATH=/home/hermes/Hermes/hermes_ws/build/robot_localization_pkg/prefix_override:/usr/lib/python3/dist-packages/colcon_core/task/python/colcon_distutils_commands:/home/hermes/Hermes/hermes_ws/install/robot_localization_pkg/lib/python3.10/site-packages:${PYTHONPATH} /usr/bin/python3 -W ignore:setup.py install is deprecated setup.py egg_info --egg-base ../../build/robot_localization_pkg build --build-base /home/hermes/Hermes/hermes_ws/build/robot_localization_pkg/build install --record /home/hermes/Hermes/hermes_ws/build/robot_localization_pkg/install.log --single-version-externally-managed install_data
[4.800s] /home/hermes/.local/lib/python3.10/site-packages/setuptools/_distutils/dist.py:261: UserWarning: Unknown distribution option: 'tests_require'
[4.801s]   warnings.warn(msg)
[5.160s] running egg_info
[5.208s] writing ../../build/robot_localization_pkg/robot_localization_pkg.egg-info/PKG-INFO
[5.209s] writing dependency_links to ../../build/robot_localization_pkg/robot_localization_pkg.egg-info/dependency_links.txt
[5.210s] deleting ../../build/robot_localization_pkg/robot_localization_pkg.egg-info/entry_points.txt
[5.210s] writing requirements to ../../build/robot_localization_pkg/robot_localization_pkg.egg-info/requires.txt
[5.210s] writing top-level names to ../../build/robot_localization_pkg/robot_localization_pkg.egg-info/top_level.txt
[5.319s] reading manifest file '../../build/robot_localization_pkg/robot_localization_pkg.egg-info/SOURCES.txt'
[5.327s] writing manifest file '../../build/robot_localization_pkg/robot_localization_pkg.egg-info/SOURCES.txt'
[5.328s] running build
[5.328s] running build_py
[5.329s] copying robot_localization_pkg/__init__.py -> /home/hermes/Hermes/hermes_ws/build/robot_localization_pkg/build/lib/robot_localization_pkg
[5.330s] running install
[5.340s] running install_lib
[5.388s] copying /home/hermes/Hermes/hermes_ws/build/robot_localization_pkg/build/lib/robot_localization_pkg/__init__.py -> /home/hermes/Hermes/hermes_ws/install/robot_localization_pkg/lib/python3.10/site-packages/robot_localization_pkg
[5.390s] byte-compiling /home/hermes/Hermes/hermes_ws/install/robot_localization_pkg/lib/python3.10/site-packages/robot_localization_pkg/__init__.py to __init__.cpython-310.pyc
[5.391s] running install_data
[5.392s] copying package.xml -> /home/hermes/Hermes/hermes_ws/install/robot_localization_pkg/share/robot_localization_pkg
[5.393s] copying launch/localization.launch.py -> /home/hermes/Hermes/hermes_ws/install/robot_localization_pkg/share/robot_localization_pkg/launch
[5.394s] copying param/ekf.yaml -> /home/hermes/Hermes/hermes_ws/install/robot_localization_pkg/share/robot_localization_pkg/param
[5.394s] running install_egg_info
[5.445s] removing '/home/hermes/Hermes/hermes_ws/install/robot_localization_pkg/lib/python3.10/site-packages/robot_localization_pkg-0.0.1-py3.10.egg-info' (and everything under it)
[5.446s] Copying ../../build/robot_localization_pkg/robot_localization_pkg.egg-info to /home/hermes/Hermes/hermes_ws/install/robot_localization_pkg/lib/python3.10/site-packages/robot_localization_pkg-0.0.1-py3.10.egg-info
[5.451s] running install_scripts
[5.847s] writing list of installed files to '/home/hermes/Hermes/hermes_ws/build/robot_localization_pkg/install.log'
