[4.041s] Invoking command in '/home/hermes/Hermes/hermes_ws/build/ldlidar_stl_ros2': CMAKE_PREFIX_PATH=/opt/ros/foxy:/home/hermes/ros2_teleop_ws/install/teleop_pkg /usr/local/bin/cmake /home/hermes/Hermes/hermes_ws/src/lidar_publisher -DCMAKE_INSTALL_PREFIX=/home/hermes/Hermes/hermes_ws/install/ldlidar_stl_ros2
[5.910s] -- The C compiler identification is GNU 9.4.0
[5.910s] -- The CXX compiler identification is GNU 9.4.0
[5.911s] -- Detecting C compiler ABI info
[5.911s] -- Detecting C compiler ABI info - done
[5.911s] -- Check for working C compiler: /usr/bin/cc - skipped
[5.912s] -- Detecting C compile features
[5.914s] -- Detecting C compile features - done
[5.914s] -- Detecting CXX compiler ABI info
[5.915s] -- Detecting CXX compiler ABI info - done
[5.915s] -- Check for working CXX compiler: /usr/bin/c++ - skipped
[5.916s] -- Detecting CXX compile features
[5.916s] -- Detecting CXX compile features - done
[5.917s] -- Found ament_cmake: 0.9.12 (/opt/ros/foxy/share/ament_cmake/cmake)
[5.917s] -- Found PythonInterp: /usr/bin/python3 (found suitable version "3.8.10", minimum required is "3") 
[5.920s] -- Using PYTHON_EXECUTABLE: /usr/bin/python3
[5.921s] -- Found rclcpp: 2.4.3 (/opt/ros/foxy/share/rclcpp/cmake)
[5.921s] -- Using all available rosidl_typesupport_c: rosidl_typesupport_fastrtps_c;rosidl_typesupport_introspection_c
[5.921s] -- Found rosidl_adapter: 1.3.1 (/opt/ros/foxy/share/rosidl_adapter/cmake)
[5.921s] -- Found OpenSSL: /usr/lib/aarch64-linux-gnu/libcrypto.so (found version "1.1.1f")  
[5.921s] -- Found FastRTPS: /opt/ros/foxy/include  
[5.922s] -- Using all available rosidl_typesupport_cpp: rosidl_typesupport_fastrtps_cpp;rosidl_typesupport_introspection_cpp
[5.922s] [33mCMake Warning (dev) at /opt/ros/foxy/share/ament_cmake_core/cmake/core/python.cmake:22 (find_package):
[5.923s]   Policy CMP0148 is not set: The FindPythonInterp and FindPythonLibs modules
[5.924s]   are removed.  Run "cmake --help-policy CMP0148" for policy details.  Use
[5.925s]   the cmake_policy command to set the policy and suppress this warning.
[5.925s] 
[5.926s] Call Stack (most recent call first):
[5.926s]   /opt/ros/foxy/share/ament_cmake_core/cmake/core/all.cmake:53 (include)
[5.927s]   /opt/ros/foxy/share/ament_cmake_core/cmake/ament_cmake_core-extras.cmake:17 (include)
[5.930s]   /opt/ros/foxy/share/ament_cmake_core/cmake/ament_cmake_coreConfig.cmake:41 (include)
[5.931s]   /opt/ros/foxy/share/ament_cmake/cmake/ament_cmake_export_dependencies-extras.cmake:15 (find_package)
[5.931s]   /opt/ros/foxy/share/ament_cmake/cmake/ament_cmakeConfig.cmake:41 (include)
[5.931s]   CMakeLists.txt:19 (find_package)
[5.931s] This warning is for project developers.  Use -Wno-dev to suppress it.
[5.931s] [0m
[5.993s] -- Found rmw_implementation_cmake: 1.0.4 (/opt/ros/foxy/share/rmw_implementation_cmake/cmake)
[5.998s] -- Using RMW implementation 'rmw_fastrtps_cpp' as default
[6.002s] -- Performing Test CMAKE_HAVE_LIBC_PTHREAD
[6.149s] -- Performing Test CMAKE_HAVE_LIBC_PTHREAD - Failed
[6.149s] -- Looking for pthread_create in pthreads
[6.250s] -- Looking for pthread_create in pthreads - not found
[6.251s] -- Looking for pthread_create in pthread
[6.368s] -- Looking for pthread_create in pthread - found
[6.371s] -- Found Threads: TRUE  
[6.695s] -- Found sensor_msgs: 2.0.5 (/opt/ros/foxy/share/sensor_msgs/cmake)
[6.936s] -- Found ament_lint_auto: 0.9.8 (/opt/ros/foxy/share/ament_lint_auto/cmake)
[7.116s] -- Added test 'copyright' to check source files copyright and LICENSE
[7.124s] -- Added test 'cppcheck' to perform static code analysis on C / C++ code
[7.127s] -- Configured cppcheck include dirs: /home/hermes/Hermes/hermes_ws/src/lidar_publisher/include;/home/hermes/Hermes/hermes_ws/src/lidar_publisher/ldlidar_driver/include/core;/home/hermes/Hermes/hermes_ws/src/lidar_publisher/ldlidar_driver/include/dataprocess;/home/hermes/Hermes/hermes_ws/src/lidar_publisher/ldlidar_driver/include/filter;/home/hermes/Hermes/hermes_ws/src/lidar_publisher/ldlidar_driver/include/logger;/home/hermes/Hermes/hermes_ws/src/lidar_publisher/ldlidar_driver/include/networkcom;/home/hermes/Hermes/hermes_ws/src/lidar_publisher/ldlidar_driver/include/serialcom
[7.127s] -- Configured cppcheck exclude dirs and/or files: 
[7.134s] -- Added test 'cpplint' to check C / C++ code against the Google style
[7.135s] -- Configured cpplint exclude dirs and/or files: 
[7.138s] -- Added test 'flake8' to check Python code syntax and style conventions
[7.141s] -- Added test 'lint_cmake' to check CMake code style
[7.144s] -- Added test 'pep257' to check Python code against some of the style conventions in PEP 257
[7.151s] -- Added test 'uncrustify' to check C / C++ code style
[7.151s] -- Configured uncrustify additional arguments: 
[7.154s] -- Added test 'xmllint' to check XML markup files
[7.159s] -- Configuring done (3.0s)
[7.187s] -- Generating done (0.0s)
[7.191s] -- Build files have been written to: /home/hermes/Hermes/hermes_ws/build/ldlidar_stl_ros2
[7.257s] Invoked command in '/home/hermes/Hermes/hermes_ws/build/ldlidar_stl_ros2' returned '0': CMAKE_PREFIX_PATH=/opt/ros/foxy:/home/hermes/ros2_teleop_ws/install/teleop_pkg /usr/local/bin/cmake /home/hermes/Hermes/hermes_ws/src/lidar_publisher -DCMAKE_INSTALL_PREFIX=/home/hermes/Hermes/hermes_ws/install/ldlidar_stl_ros2
[7.259s] Invoking command in '/home/hermes/Hermes/hermes_ws/build/ldlidar_stl_ros2': CMAKE_PREFIX_PATH=/opt/ros/foxy:/home/hermes/ros2_teleop_ws/install/teleop_pkg /usr/local/bin/cmake --build /home/hermes/Hermes/hermes_ws/build/ldlidar_stl_ros2 -- -j6 -l6
[8.090s] [ 12%] [32mBuilding CXX object CMakeFiles/ldlidar_stl_ros2_node.dir/src/demo.cpp.o[0m
[8.090s] [ 25%] [32mBuilding CXX object CMakeFiles/ldlidar_stl_ros2_node.dir/ldlidar_driver/src/filter/tofbf.cpp.o[0m
[8.090s] [ 37%] [32mBuilding CXX object CMakeFiles/ldlidar_stl_ros2_node.dir/ldlidar_driver/src/core/ldlidar_driver.cpp.o[0m
[8.091s] [ 50%] [32mBuilding CXX object CMakeFiles/ldlidar_stl_ros2_node.dir/ldlidar_driver/src/dataprocess/lipkg.cpp.o[0m
[8.091s] [ 62%] [32mBuilding CXX object CMakeFiles/ldlidar_stl_ros2_node.dir/ldlidar_driver/src/logger/log_module.cpp.o[0m
[8.091s] [ 75%] [32mBuilding CXX object CMakeFiles/ldlidar_stl_ros2_node.dir/ldlidar_driver/src/networkcom/network_socket_interface_linux.cpp.o[0m
[8.704s] [ 87%] [32mBuilding CXX object CMakeFiles/ldlidar_stl_ros2_node.dir/ldlidar_driver/src/serialcom/serial_interface_linux.cpp.o[0m
[15.055s] [100%] [32m[1mLinking CXX executable ldlidar_stl_ros2_node[0m
[15.407s] [100%] Built target ldlidar_stl_ros2_node
[15.427s] Invoked command in '/home/hermes/Hermes/hermes_ws/build/ldlidar_stl_ros2' returned '0': CMAKE_PREFIX_PATH=/opt/ros/foxy:/home/hermes/ros2_teleop_ws/install/teleop_pkg /usr/local/bin/cmake --build /home/hermes/Hermes/hermes_ws/build/ldlidar_stl_ros2 -- -j6 -l6
[15.611s] Invoking command in '/home/hermes/Hermes/hermes_ws/build/ldlidar_stl_ros2': CMAKE_PREFIX_PATH=/opt/ros/foxy:/home/hermes/ros2_teleop_ws/install/teleop_pkg /usr/local/bin/cmake --install /home/hermes/Hermes/hermes_ws/build/ldlidar_stl_ros2
[15.667s] -- Install configuration: ""
[15.667s] -- Installing: /home/hermes/Hermes/hermes_ws/install/ldlidar_stl_ros2/lib/ldlidar_stl_ros2/ldlidar_stl_ros2_node
[15.669s] -- Set runtime path of "/home/hermes/Hermes/hermes_ws/install/ldlidar_stl_ros2/lib/ldlidar_stl_ros2/ldlidar_stl_ros2_node" to ""
[15.670s] -- Installing: /home/hermes/Hermes/hermes_ws/install/ldlidar_stl_ros2/share/ldlidar_stl_ros2//launch
[15.670s] -- Installing: /home/hermes/Hermes/hermes_ws/install/ldlidar_stl_ros2/share/ldlidar_stl_ros2//launch/viewer_ld19.launch.py
[15.670s] -- Installing: /home/hermes/Hermes/hermes_ws/install/ldlidar_stl_ros2/share/ldlidar_stl_ros2//launch/viewer_stl27l.launch.py
[15.670s] -- Installing: /home/hermes/Hermes/hermes_ws/install/ldlidar_stl_ros2/share/ldlidar_stl_ros2//launch/stl27l.launch.py
[15.670s] -- Installing: /home/hermes/Hermes/hermes_ws/install/ldlidar_stl_ros2/share/ldlidar_stl_ros2//launch/ld19.launch.py
[15.671s] -- Installing: /home/hermes/Hermes/hermes_ws/install/ldlidar_stl_ros2/share/ldlidar_stl_ros2//launch/ld06.launch.py
[15.671s] -- Installing: /home/hermes/Hermes/hermes_ws/install/ldlidar_stl_ros2/share/ldlidar_stl_ros2//launch/viewer_ld06.launch.py
[15.671s] -- Installing: /home/hermes/Hermes/hermes_ws/install/ldlidar_stl_ros2/share/ldlidar_stl_ros2//rviz2
[15.671s] -- Installing: /home/hermes/Hermes/hermes_ws/install/ldlidar_stl_ros2/share/ldlidar_stl_ros2//rviz2/ldlidar.rviz
[15.672s] -- Installing: /home/hermes/Hermes/hermes_ws/install/ldlidar_stl_ros2/share/ament_index/resource_index/package_run_dependencies/ldlidar_stl_ros2
[15.672s] -- Installing: /home/hermes/Hermes/hermes_ws/install/ldlidar_stl_ros2/share/ament_index/resource_index/parent_prefix_path/ldlidar_stl_ros2
[15.672s] -- Installing: /home/hermes/Hermes/hermes_ws/install/ldlidar_stl_ros2/share/ldlidar_stl_ros2/environment/ament_prefix_path.sh
[15.673s] -- Installing: /home/hermes/Hermes/hermes_ws/install/ldlidar_stl_ros2/share/ldlidar_stl_ros2/environment/ament_prefix_path.dsv
[15.673s] -- Installing: /home/hermes/Hermes/hermes_ws/install/ldlidar_stl_ros2/share/ldlidar_stl_ros2/environment/path.sh
[15.673s] -- Installing: /home/hermes/Hermes/hermes_ws/install/ldlidar_stl_ros2/share/ldlidar_stl_ros2/environment/path.dsv
[15.673s] -- Installing: /home/hermes/Hermes/hermes_ws/install/ldlidar_stl_ros2/share/ldlidar_stl_ros2/local_setup.bash
[15.674s] -- Installing: /home/hermes/Hermes/hermes_ws/install/ldlidar_stl_ros2/share/ldlidar_stl_ros2/local_setup.sh
[15.674s] -- Installing: /home/hermes/Hermes/hermes_ws/install/ldlidar_stl_ros2/share/ldlidar_stl_ros2/local_setup.zsh
[15.674s] -- Installing: /home/hermes/Hermes/hermes_ws/install/ldlidar_stl_ros2/share/ldlidar_stl_ros2/local_setup.dsv
[15.674s] -- Installing: /home/hermes/Hermes/hermes_ws/install/ldlidar_stl_ros2/share/ldlidar_stl_ros2/package.dsv
[15.675s] -- Installing: /home/hermes/Hermes/hermes_ws/install/ldlidar_stl_ros2/share/ament_index/resource_index/packages/ldlidar_stl_ros2
[15.675s] -- Installing: /home/hermes/Hermes/hermes_ws/install/ldlidar_stl_ros2/share/ldlidar_stl_ros2/cmake/ldlidar_stl_ros2Config.cmake
[15.676s] -- Installing: /home/hermes/Hermes/hermes_ws/install/ldlidar_stl_ros2/share/ldlidar_stl_ros2/cmake/ldlidar_stl_ros2Config-version.cmake
[15.676s] -- Installing: /home/hermes/Hermes/hermes_ws/install/ldlidar_stl_ros2/share/ldlidar_stl_ros2/package.xml
[15.688s] Invoked command in '/home/hermes/Hermes/hermes_ws/build/ldlidar_stl_ros2' returned '0': CMAKE_PREFIX_PATH=/opt/ros/foxy:/home/hermes/ros2_teleop_ws/install/teleop_pkg /usr/local/bin/cmake --install /home/hermes/Hermes/hermes_ws/build/ldlidar_stl_ros2
