[1.334s] Invoking command in '/home/aleksmalm/Hermes/hermes_ws/src/cmd_vel': PYTHONPATH=/home/aleksmalm/Hermes/hermes_ws/build/cmd_vel/prefix_override:/home/aleksmalm/Hermes/hermes_ws/install/cmd_vel/lib/python3.10/site-packages:${PYTHONPATH} /usr/bin/python3 -W ignore:setup.py install is deprecated setup.py egg_info --egg-base ../../build/cmd_vel build --build-base /home/aleksmalm/Hermes/hermes_ws/build/cmd_vel/build install --record /home/aleksmalm/Hermes/hermes_ws/build/cmd_vel/install.log --single-version-externally-managed install_data
[1.499s] running egg_info
[1.499s] writing ../../build/cmd_vel/cmd_vel.egg-info/PKG-INFO
[1.499s] writing dependency_links to ../../build/cmd_vel/cmd_vel.egg-info/dependency_links.txt
[1.500s] writing entry points to ../../build/cmd_vel/cmd_vel.egg-info/entry_points.txt
[1.500s] writing requirements to ../../build/cmd_vel/cmd_vel.egg-info/requires.txt
[1.500s] writing top-level names to ../../build/cmd_vel/cmd_vel.egg-info/top_level.txt
[1.500s] reading manifest file '../../build/cmd_vel/cmd_vel.egg-info/SOURCES.txt'
[1.501s] writing manifest file '../../build/cmd_vel/cmd_vel.egg-info/SOURCES.txt'
[1.501s] running build
[1.501s] running build_py
[1.501s] running install
[1.501s] running install_lib
[1.502s] running install_data
[1.502s] running install_egg_info
[1.503s] removing '/home/aleksmalm/Hermes/hermes_ws/install/cmd_vel/lib/python3.10/site-packages/cmd_vel-0.0.0-py3.10.egg-info' (and everything under it)
[1.503s] Copying ../../build/cmd_vel/cmd_vel.egg-info to /home/aleksmalm/Hermes/hermes_ws/install/cmd_vel/lib/python3.10/site-packages/cmd_vel-0.0.0-py3.10.egg-info
[1.503s] running install_scripts
[1.518s] Installing cmd_vel_controll script to /home/aleksmalm/Hermes/hermes_ws/install/cmd_vel/lib/cmd_vel
[1.518s] writing list of installed files to '/home/aleksmalm/Hermes/hermes_ws/build/cmd_vel/install.log'
[1.535s] Invoked command in '/home/aleksmalm/Hermes/hermes_ws/src/cmd_vel' returned '0': PYTHONPATH=/home/aleksmalm/Hermes/hermes_ws/build/cmd_vel/prefix_override:/home/aleksmalm/Hermes/hermes_ws/install/cmd_vel/lib/python3.10/site-packages:${PYTHONPATH} /usr/bin/python3 -W ignore:setup.py install is deprecated setup.py egg_info --egg-base ../../build/cmd_vel build --build-base /home/aleksmalm/Hermes/hermes_ws/build/cmd_vel/build install --record /home/aleksmalm/Hermes/hermes_ws/build/cmd_vel/install.log --single-version-externally-managed install_data
