[2.791s] Invoking command in '/home/aleksmalm/Hermes/hermes_ws/src/hermes_nav': PYTHONPATH=/home/aleksmalm/Hermes/hermes_ws/build/hermes_nav/prefix_override:/home/aleksmalm/Hermes/hermes_ws/install/hermes_nav/lib/python3.10/site-packages:${PYTHONPATH} /usr/bin/python3 -W ignore:setup.py install is deprecated setup.py egg_info --egg-base ../../build/hermes_nav build --build-base /home/aleksmalm/Hermes/hermes_ws/build/hermes_nav/build install --record /home/aleksmalm/Hermes/hermes_ws/build/hermes_nav/install.log --single-version-externally-managed install_data
[3.108s] running egg_info
[3.109s] writing ../../build/hermes_nav/hermes_nav.egg-info/PKG-INFO
[3.109s] writing dependency_links to ../../build/hermes_nav/hermes_nav.egg-info/dependency_links.txt
[3.109s] writing entry points to ../../build/hermes_nav/hermes_nav.egg-info/entry_points.txt
[3.110s] writing requirements to ../../build/hermes_nav/hermes_nav.egg-info/requires.txt
[3.110s] writing top-level names to ../../build/hermes_nav/hermes_nav.egg-info/top_level.txt
[3.112s] reading manifest file '../../build/hermes_nav/hermes_nav.egg-info/SOURCES.txt'
[3.114s] writing manifest file '../../build/hermes_nav/hermes_nav.egg-info/SOURCES.txt'
[3.114s] running build
[3.114s] running build_py
[3.117s] running install
[3.117s] running install_lib
[3.117s] running install_data
[3.118s] running install_egg_info
[3.120s] removing '/home/aleksmalm/Hermes/hermes_ws/install/hermes_nav/lib/python3.10/site-packages/hermes_nav-0.0.0-py3.10.egg-info' (and everything under it)
[3.121s] Copying ../../build/hermes_nav/hermes_nav.egg-info to /home/aleksmalm/Hermes/hermes_ws/install/hermes_nav/lib/python3.10/site-packages/hermes_nav-0.0.0-py3.10.egg-info
[3.127s] running install_scripts
[3.150s] Installing gps_converter_node script to /home/aleksmalm/Hermes/hermes_ws/install/hermes_nav/lib/hermes_nav
[3.150s] Installing gps_waypoint_follower script to /home/aleksmalm/Hermes/hermes_ws/install/hermes_nav/lib/hermes_nav
[3.150s] Installing gps_waypoint_logger script to /home/aleksmalm/Hermes/hermes_ws/install/hermes_nav/lib/hermes_nav
[3.150s] Installing interactive_waypoint_follower script to /home/aleksmalm/Hermes/hermes_ws/install/hermes_nav/lib/hermes_nav
[3.154s] Installing logged_waypoint_follower script to /home/aleksmalm/Hermes/hermes_ws/install/hermes_nav/lib/hermes_nav
[3.154s] writing list of installed files to '/home/aleksmalm/Hermes/hermes_ws/build/hermes_nav/install.log'
[3.231s] Invoked command in '/home/aleksmalm/Hermes/hermes_ws/src/hermes_nav' returned '0': PYTHONPATH=/home/aleksmalm/Hermes/hermes_ws/build/hermes_nav/prefix_override:/home/aleksmalm/Hermes/hermes_ws/install/hermes_nav/lib/python3.10/site-packages:${PYTHONPATH} /usr/bin/python3 -W ignore:setup.py install is deprecated setup.py egg_info --egg-base ../../build/hermes_nav build --build-base /home/aleksmalm/Hermes/hermes_ws/build/hermes_nav/build install --record /home/aleksmalm/Hermes/hermes_ws/build/hermes_nav/install.log --single-version-externally-managed install_data
