[3.877s] Invoking command in '/home/hermes/Hermes/hermes_ws/build/cmd_vel': PYTHONPATH=/home/hermes/Hermes/hermes_ws/build/cmd_vel/prefix_override:/usr/lib/python3/dist-packages/colcon_core/task/python/colcon_distutils_commands:/home/hermes/Hermes/hermes_ws/install/cmd_vel/lib/python3.10/site-packages:${PYTHONPATH} /usr/bin/python3 -W ignore:setup.py install is deprecated setup.py develop --editable --build-directory /home/hermes/Hermes/hermes_ws/build/cmd_vel/build --no-deps symlink_data --force
[4.550s] /home/hermes/.local/lib/python3.10/site-packages/setuptools/_distutils/dist.py:261: UserWarning: Unknown distribution option: 'tests_require'
[4.551s]   warnings.warn(msg)
[5.405s] running develop
[5.405s] /home/hermes/.local/lib/python3.10/site-packages/setuptools/command/develop.py:41: EasyInstallDeprecationWarning: easy_install command is deprecated.
[5.406s] !!
[5.406s] 
[5.406s]         ********************************************************************************
[5.406s]         Please avoid running ``setup.py`` and ``easy_install``.
[5.406s]         Instead, use pypa/build, pypa/installer or other
[5.406s]         standards-based tools.
[5.407s] 
[5.407s]         See https://github.com/pypa/setuptools/issues/917 for details.
[5.407s]         ********************************************************************************
[5.407s] 
[5.407s] !!
[5.407s]   easy_install.initialize_options(self)
[6.248s] running egg_info
[6.298s] writing cmd_vel.egg-info/PKG-INFO
[6.299s] writing dependency_links to cmd_vel.egg-info/dependency_links.txt
[6.299s] writing entry points to cmd_vel.egg-info/entry_points.txt
[6.300s] writing requirements to cmd_vel.egg-info/requires.txt
[6.300s] writing top-level names to cmd_vel.egg-info/top_level.txt
[6.411s] reading manifest file 'cmd_vel.egg-info/SOURCES.txt'
[6.417s] writing manifest file 'cmd_vel.egg-info/SOURCES.txt'
[6.482s] running build_ext
[6.482s] Creating /home/hermes/Hermes/hermes_ws/install/cmd_vel/lib/python3.10/site-packages/cmd-vel.egg-link (link to .)
[6.484s] Installing cmd_vel_controll script to /home/hermes/Hermes/hermes_ws/install/cmd_vel/lib/cmd_vel
[6.488s] 
[6.489s] Installed /home/hermes/Hermes/hermes_ws/build/cmd_vel
[6.489s] running symlink_data
[6.489s] symbolically linking /home/hermes/Hermes/hermes_ws/build/cmd_vel/resource/cmd_vel -> /home/hermes/Hermes/hermes_ws/install/cmd_vel/share/ament_index/resource_index/packages
[6.490s] symbolically linking /home/hermes/Hermes/hermes_ws/build/cmd_vel/package.xml -> /home/hermes/Hermes/hermes_ws/install/cmd_vel/share/cmd_vel
[7.202s] Invoked command in '/home/hermes/Hermes/hermes_ws/build/cmd_vel' returned '0': PYTHONPATH=/home/hermes/Hermes/hermes_ws/build/cmd_vel/prefix_override:/usr/lib/python3/dist-packages/colcon_core/task/python/colcon_distutils_commands:/home/hermes/Hermes/hermes_ws/install/cmd_vel/lib/python3.10/site-packages:${PYTHONPATH} /usr/bin/python3 -W ignore:setup.py install is deprecated setup.py develop --editable --build-directory /home/hermes/Hermes/hermes_ws/build/cmd_vel/build --no-deps symlink_data --force
