[4.930s] Invoking command in '/home/raivo/Hermes/hermes_ws/src/imu_publisher': PYTHONPATH=/home/raivo/Hermes/hermes_ws/build/imu_publisher/prefix_override:/home/raivo/Hermes/hermes_ws/install/imu_publisher/lib/python3.8/site-packages:${PYTHONPATH} /usr/bin/python3 setup.py egg_info --egg-base ../../build/imu_publisher build --build-base /home/raivo/Hermes/hermes_ws/build/imu_publisher/build install --record /home/raivo/Hermes/hermes_ws/build/imu_publisher/install.log --single-version-externally-managed
[5.594s] running egg_info
[5.595s] creating ../../build/imu_publisher/imu_publisher.egg-info
[5.595s] writing ../../build/imu_publisher/imu_publisher.egg-info/PKG-INFO
[5.595s] writing dependency_links to ../../build/imu_publisher/imu_publisher.egg-info/dependency_links.txt
[5.595s] writing entry points to ../../build/imu_publisher/imu_publisher.egg-info/entry_points.txt
[5.595s] writing requirements to ../../build/imu_publisher/imu_publisher.egg-info/requires.txt
[5.595s] writing top-level names to ../../build/imu_publisher/imu_publisher.egg-info/top_level.txt
[5.596s] writing manifest file '../../build/imu_publisher/imu_publisher.egg-info/SOURCES.txt'
[5.637s] reading manifest file '../../build/imu_publisher/imu_publisher.egg-info/SOURCES.txt'
[5.637s] writing manifest file '../../build/imu_publisher/imu_publisher.egg-info/SOURCES.txt'
[5.638s] running build
[5.638s] running build_py
[5.639s] creating /home/raivo/Hermes/hermes_ws/build/imu_publisher/build
[5.639s] creating /home/raivo/Hermes/hermes_ws/build/imu_publisher/build/lib
[5.640s] creating /home/raivo/Hermes/hermes_ws/build/imu_publisher/build/lib/imu_publisher
[5.640s] copying imu_publisher/imu_publisher_node.py -> /home/raivo/Hermes/hermes_ws/build/imu_publisher/build/lib/imu_publisher
[5.641s] copying imu_publisher/__init__.py -> /home/raivo/Hermes/hermes_ws/build/imu_publisher/build/lib/imu_publisher
[5.641s] running install
[5.642s] running install_lib
[5.643s] running install_data
[5.643s] running install_egg_info
[5.646s] removing '/home/raivo/Hermes/hermes_ws/install/imu_publisher/lib/python3.8/site-packages/imu_publisher-0.0.0-py3.8.egg-info' (and everything under it)
[5.646s] Copying ../../build/imu_publisher/imu_publisher.egg-info to /home/raivo/Hermes/hermes_ws/install/imu_publisher/lib/python3.8/site-packages/imu_publisher-0.0.0-py3.8.egg-info
[5.647s] running install_scripts
[5.667s] Installing imu_publisher_node script to /home/raivo/Hermes/hermes_ws/install/imu_publisher/lib/imu_publisher
[5.667s] writing list of installed files to '/home/raivo/Hermes/hermes_ws/build/imu_publisher/install.log'
[5.893s] Invoked command in '/home/raivo/Hermes/hermes_ws/src/imu_publisher' returned '0': PYTHONPATH=/home/raivo/Hermes/hermes_ws/build/imu_publisher/prefix_override:/home/raivo/Hermes/hermes_ws/install/imu_publisher/lib/python3.8/site-packages:${PYTHONPATH} /usr/bin/python3 setup.py egg_info --egg-base ../../build/imu_publisher build --build-base /home/raivo/Hermes/hermes_ws/build/imu_publisher/build install --record /home/raivo/Hermes/hermes_ws/build/imu_publisher/install.log --single-version-externally-managed
