[10.631s] Invoking command in '/home/hermes/Hermes/hermes_ws/src/gps_publisher': PYTHONPATH=/home/hermes/Hermes/hermes_ws/build/gps_publisher/prefix_override:/home/hermes/Hermes/hermes_ws/install/gps_publisher/lib/python3.8/site-packages:${PYTHONPATH} /usr/bin/python3 setup.py egg_info --egg-base ../../build/gps_publisher build --build-base /home/hermes/Hermes/hermes_ws/build/gps_publisher/build install --record /home/hermes/Hermes/hermes_ws/build/gps_publisher/install.log --single-version-externally-managed
[11.167s] running egg_info
[11.168s] writing ../../build/gps_publisher/gps_publisher.egg-info/PKG-INFO
[11.169s] writing dependency_links to ../../build/gps_publisher/gps_publisher.egg-info/dependency_links.txt
[11.170s] writing entry points to ../../build/gps_publisher/gps_publisher.egg-info/entry_points.txt
[11.170s] writing requirements to ../../build/gps_publisher/gps_publisher.egg-info/requires.txt
[11.171s] writing top-level names to ../../build/gps_publisher/gps_publisher.egg-info/top_level.txt
[11.244s] reading manifest file '../../build/gps_publisher/gps_publisher.egg-info/SOURCES.txt'
[11.247s] writing manifest file '../../build/gps_publisher/gps_publisher.egg-info/SOURCES.txt'
[11.248s] running build
[11.248s] running build_py
[11.249s] running install
[11.251s] running install_lib
[11.254s] running install_data
[11.256s] running install_egg_info
[11.261s] removing '/home/hermes/Hermes/hermes_ws/install/gps_publisher/lib/python3.8/site-packages/gps_publisher-0.0.0-py3.8.egg-info' (and everything under it)
[11.261s] Copying ../../build/gps_publisher/gps_publisher.egg-info to /home/hermes/Hermes/hermes_ws/install/gps_publisher/lib/python3.8/site-packages/gps_publisher-0.0.0-py3.8.egg-info
[11.264s] running install_scripts
[11.305s] Installing gps_publisher_node script to /home/hermes/Hermes/hermes_ws/install/gps_publisher/lib/gps_publisher
[11.307s] writing list of installed files to '/home/hermes/Hermes/hermes_ws/build/gps_publisher/install.log'
[11.654s] Invoked command in '/home/hermes/Hermes/hermes_ws/src/gps_publisher' returned '0': PYTHONPATH=/home/hermes/Hermes/hermes_ws/build/gps_publisher/prefix_override:/home/hermes/Hermes/hermes_ws/install/gps_publisher/lib/python3.8/site-packages:${PYTHONPATH} /usr/bin/python3 setup.py egg_info --egg-base ../../build/gps_publisher build --build-base /home/hermes/Hermes/hermes_ws/build/gps_publisher/build install --record /home/hermes/Hermes/hermes_ws/build/gps_publisher/install.log --single-version-externally-managed
