[5.537s] DEBUG:colcon:Command line arguments: ['/usr/bin/colcon', 'build']
[5.537s] DEBUG:colcon:Parsed command line arguments: Namespace(allow_overriding=[], ament_cmake_args=None, base_paths=['.'], build_base='build', catkin_cmake_args=None, catkin_skip_building_tests=False, cmake_args=None, cmake_clean_cache=False, cmake_clean_first=False, cmake_force_configure=False, cmake_target=None, cmake_target_skip_unavailable=False, continue_on_error=False, event_handlers=None, executor='parallel', ignore_user_meta=False, install_base='install', log_base=None, log_level=None, main=<bound method BuildVerb.main of <colcon_core.verb.build.BuildVerb object at 0xffff856e3790>>, merge_install=False, metas=['./colcon.meta'], packages_above=None, packages_above_and_dependencies=None, packages_above_depth=None, packages_end=None, packages_ignore=None, packages_ignore_regex=None, packages_select=None, packages_select_build_failed=False, packages_select_by_dep=None, packages_select_regex=None, packages_select_test_failures=False, packages_skip=None, packages_skip_build_finished=False, packages_skip_by_dep=None, packages_skip_regex=None, packages_skip_test_passed=False, packages_skip_up_to=None, packages_start=None, packages_up_to=None, packages_up_to_regex=None, parallel_workers=6, paths=None, symlink_install=False, test_result_base=None, verb_extension=<colcon_core.verb.build.BuildVerb object at 0xffff856e3790>, verb_name='build', verb_parser=<colcon_defaults.argument_parser.defaults.DefaultArgumentsDecorator object at 0xffff852e70d0>)
[5.769s] Level 1:colcon.colcon_core.package_discovery:discover_packages(colcon_meta) check parameters
[5.769s] Level 1:colcon.colcon_core.package_discovery:discover_packages(recursive) check parameters
[5.769s] Level 1:colcon.colcon_core.package_discovery:discover_packages(ignore) check parameters
[5.769s] Level 1:colcon.colcon_core.package_discovery:discover_packages(path) check parameters
[5.769s] Level 1:colcon.colcon_core.package_discovery:discover_packages(colcon_meta) discover
[5.769s] Level 1:colcon.colcon_core.package_discovery:discover_packages(recursive) discover
[5.770s] INFO:colcon.colcon_core.package_discovery:Crawling recursively for packages in '/home/hermes/Hermes/hermes_ws'
[5.770s] Level 1:colcon.colcon_core.package_identification:_identify(.) by extensions ['ignore', 'ignore_ament_install']
[5.770s] Level 1:colcon.colcon_core.package_identification:_identify(.) by extension 'ignore'
[5.770s] Level 1:colcon.colcon_core.package_identification:_identify(.) by extension 'ignore_ament_install'
[5.770s] Level 1:colcon.colcon_core.package_identification:_identify(.) by extensions ['colcon_pkg']
[5.770s] Level 1:colcon.colcon_core.package_identification:_identify(.) by extension 'colcon_pkg'
[5.770s] Level 1:colcon.colcon_core.package_identification:_identify(.) by extensions ['colcon_meta']
[5.771s] Level 1:colcon.colcon_core.package_identification:_identify(.) by extension 'colcon_meta'
[5.771s] Level 1:colcon.colcon_core.package_identification:_identify(.) by extensions ['ros']
[5.771s] Level 1:colcon.colcon_core.package_identification:_identify(.) by extension 'ros'
[5.792s] Level 1:colcon.colcon_core.package_identification:_identify(.) by extensions ['cmake', 'python']
[5.793s] Level 1:colcon.colcon_core.package_identification:_identify(.) by extension 'cmake'
[5.793s] Level 1:colcon.colcon_core.package_identification:_identify(.) by extension 'python'
[5.793s] Level 1:colcon.colcon_core.package_identification:_identify(.) by extensions ['python_setup_py']
[5.793s] Level 1:colcon.colcon_core.package_identification:_identify(.) by extension 'python_setup_py'
[5.793s] Level 1:colcon.colcon_core.package_identification:_identify(build) by extensions ['ignore', 'ignore_ament_install']
[5.793s] Level 1:colcon.colcon_core.package_identification:_identify(build) by extension 'ignore'
[5.793s] Level 1:colcon.colcon_core.package_identification:_identify(build) ignored
[5.794s] Level 1:colcon.colcon_core.package_identification:_identify(install) by extensions ['ignore', 'ignore_ament_install']
[5.794s] Level 1:colcon.colcon_core.package_identification:_identify(install) by extension 'ignore'
[5.794s] Level 1:colcon.colcon_core.package_identification:_identify(install) ignored
[5.794s] Level 1:colcon.colcon_core.package_identification:_identify(log) by extensions ['ignore', 'ignore_ament_install']
[5.794s] Level 1:colcon.colcon_core.package_identification:_identify(log) by extension 'ignore'
[5.795s] Level 1:colcon.colcon_core.package_identification:_identify(log) ignored
[5.795s] Level 1:colcon.colcon_core.package_identification:_identify(src) by extensions ['ignore', 'ignore_ament_install']
[5.795s] Level 1:colcon.colcon_core.package_identification:_identify(src) by extension 'ignore'
[5.795s] Level 1:colcon.colcon_core.package_identification:_identify(src) by extension 'ignore_ament_install'
[5.795s] Level 1:colcon.colcon_core.package_identification:_identify(src) by extensions ['colcon_pkg']
[5.795s] Level 1:colcon.colcon_core.package_identification:_identify(src) by extension 'colcon_pkg'
[5.795s] Level 1:colcon.colcon_core.package_identification:_identify(src) by extensions ['colcon_meta']
[5.795s] Level 1:colcon.colcon_core.package_identification:_identify(src) by extension 'colcon_meta'
[5.795s] Level 1:colcon.colcon_core.package_identification:_identify(src) by extensions ['ros']
[5.796s] Level 1:colcon.colcon_core.package_identification:_identify(src) by extension 'ros'
[5.796s] Level 1:colcon.colcon_core.package_identification:_identify(src) by extensions ['cmake', 'python']
[5.796s] Level 1:colcon.colcon_core.package_identification:_identify(src) by extension 'cmake'
[5.796s] Level 1:colcon.colcon_core.package_identification:_identify(src) by extension 'python'
[5.796s] Level 1:colcon.colcon_core.package_identification:_identify(src) by extensions ['python_setup_py']
[5.796s] Level 1:colcon.colcon_core.package_identification:_identify(src) by extension 'python_setup_py'
[5.796s] Level 1:colcon.colcon_core.package_identification:_identify(src/cameras) by extensions ['ignore', 'ignore_ament_install']
[5.796s] Level 1:colcon.colcon_core.package_identification:_identify(src/cameras) by extension 'ignore'
[5.797s] Level 1:colcon.colcon_core.package_identification:_identify(src/cameras) by extension 'ignore_ament_install'
[5.797s] Level 1:colcon.colcon_core.package_identification:_identify(src/cameras) by extensions ['colcon_pkg']
[5.797s] Level 1:colcon.colcon_core.package_identification:_identify(src/cameras) by extension 'colcon_pkg'
[5.797s] Level 1:colcon.colcon_core.package_identification:_identify(src/cameras) by extensions ['colcon_meta']
[5.797s] Level 1:colcon.colcon_core.package_identification:_identify(src/cameras) by extension 'colcon_meta'
[5.797s] Level 1:colcon.colcon_core.package_identification:_identify(src/cameras) by extensions ['ros']
[5.797s] Level 1:colcon.colcon_core.package_identification:_identify(src/cameras) by extension 'ros'
[5.801s] DEBUG:colcon.colcon_core.package_identification:Package 'src/cameras' with type 'ros.ament_python' and name 'cameras'
[5.802s] Level 1:colcon.colcon_core.package_identification:_identify(src/gps_publisher) by extensions ['ignore', 'ignore_ament_install']
[5.802s] Level 1:colcon.colcon_core.package_identification:_identify(src/gps_publisher) by extension 'ignore'
[5.802s] Level 1:colcon.colcon_core.package_identification:_identify(src/gps_publisher) by extension 'ignore_ament_install'
[5.802s] Level 1:colcon.colcon_core.package_identification:_identify(src/gps_publisher) by extensions ['colcon_pkg']
[5.802s] Level 1:colcon.colcon_core.package_identification:_identify(src/gps_publisher) by extension 'colcon_pkg'
[5.802s] Level 1:colcon.colcon_core.package_identification:_identify(src/gps_publisher) by extensions ['colcon_meta']
[5.802s] Level 1:colcon.colcon_core.package_identification:_identify(src/gps_publisher) by extension 'colcon_meta'
[5.802s] Level 1:colcon.colcon_core.package_identification:_identify(src/gps_publisher) by extensions ['ros']
[5.803s] Level 1:colcon.colcon_core.package_identification:_identify(src/gps_publisher) by extension 'ros'
[5.803s] DEBUG:colcon.colcon_core.package_identification:Package 'src/gps_publisher' with type 'ros.ament_python' and name 'gps_publisher'
[5.804s] Level 1:colcon.colcon_core.package_identification:_identify(src/imu_publisher) by extensions ['ignore', 'ignore_ament_install']
[5.804s] Level 1:colcon.colcon_core.package_identification:_identify(src/imu_publisher) by extension 'ignore'
[5.804s] Level 1:colcon.colcon_core.package_identification:_identify(src/imu_publisher) by extension 'ignore_ament_install'
[5.804s] Level 1:colcon.colcon_core.package_identification:_identify(src/imu_publisher) by extensions ['colcon_pkg']
[5.804s] Level 1:colcon.colcon_core.package_identification:_identify(src/imu_publisher) by extension 'colcon_pkg'
[5.804s] Level 1:colcon.colcon_core.package_identification:_identify(src/imu_publisher) by extensions ['colcon_meta']
[5.804s] Level 1:colcon.colcon_core.package_identification:_identify(src/imu_publisher) by extension 'colcon_meta'
[5.804s] Level 1:colcon.colcon_core.package_identification:_identify(src/imu_publisher) by extensions ['ros']
[5.805s] Level 1:colcon.colcon_core.package_identification:_identify(src/imu_publisher) by extension 'ros'
[5.805s] DEBUG:colcon.colcon_core.package_identification:Package 'src/imu_publisher' with type 'ros.ament_python' and name 'imu_publisher'
[5.806s] Level 1:colcon.colcon_core.package_identification:_identify(src/lidar_publisher) by extensions ['ignore', 'ignore_ament_install']
[5.806s] Level 1:colcon.colcon_core.package_identification:_identify(src/lidar_publisher) by extension 'ignore'
[5.806s] Level 1:colcon.colcon_core.package_identification:_identify(src/lidar_publisher) by extension 'ignore_ament_install'
[5.806s] Level 1:colcon.colcon_core.package_identification:_identify(src/lidar_publisher) by extensions ['colcon_pkg']
[5.806s] Level 1:colcon.colcon_core.package_identification:_identify(src/lidar_publisher) by extension 'colcon_pkg'
[5.806s] Level 1:colcon.colcon_core.package_identification:_identify(src/lidar_publisher) by extensions ['colcon_meta']
[5.806s] Level 1:colcon.colcon_core.package_identification:_identify(src/lidar_publisher) by extension 'colcon_meta'
[5.807s] Level 1:colcon.colcon_core.package_identification:_identify(src/lidar_publisher) by extensions ['ros']
[5.807s] Level 1:colcon.colcon_core.package_identification:_identify(src/lidar_publisher) by extension 'ros'
[5.807s] Level 1:colcon.colcon_core.package_identification:_identify(src/lidar_publisher) by extensions ['cmake', 'python']
[5.807s] Level 1:colcon.colcon_core.package_identification:_identify(src/lidar_publisher) by extension 'cmake'
[5.807s] Level 1:colcon.colcon_core.package_identification:_identify(src/lidar_publisher) by extension 'python'
[5.807s] Level 1:colcon.colcon_core.package_identification:_identify(src/lidar_publisher) by extensions ['python_setup_py']
[5.807s] Level 1:colcon.colcon_core.package_identification:_identify(src/lidar_publisher) by extension 'python_setup_py'
[5.807s] Level 1:colcon.colcon_core.package_identification:_identify(src/lidar_publisher/src) by extensions ['ignore', 'ignore_ament_install']
[5.808s] Level 1:colcon.colcon_core.package_identification:_identify(src/lidar_publisher/src) by extension 'ignore'
[5.808s] Level 1:colcon.colcon_core.package_identification:_identify(src/lidar_publisher/src) by extension 'ignore_ament_install'
[5.808s] Level 1:colcon.colcon_core.package_identification:_identify(src/lidar_publisher/src) by extensions ['colcon_pkg']
[5.808s] Level 1:colcon.colcon_core.package_identification:_identify(src/lidar_publisher/src) by extension 'colcon_pkg'
[5.808s] Level 1:colcon.colcon_core.package_identification:_identify(src/lidar_publisher/src) by extensions ['colcon_meta']
[5.808s] Level 1:colcon.colcon_core.package_identification:_identify(src/lidar_publisher/src) by extension 'colcon_meta'
[5.808s] Level 1:colcon.colcon_core.package_identification:_identify(src/lidar_publisher/src) by extensions ['ros']
[5.808s] Level 1:colcon.colcon_core.package_identification:_identify(src/lidar_publisher/src) by extension 'ros'
[5.808s] Level 1:colcon.colcon_core.package_identification:_identify(src/lidar_publisher/src) by extensions ['cmake', 'python']
[5.808s] Level 1:colcon.colcon_core.package_identification:_identify(src/lidar_publisher/src) by extension 'cmake'
[5.808s] Level 1:colcon.colcon_core.package_identification:_identify(src/lidar_publisher/src) by extension 'python'
[5.809s] Level 1:colcon.colcon_core.package_identification:_identify(src/lidar_publisher/src) by extensions ['python_setup_py']
[5.809s] Level 1:colcon.colcon_core.package_identification:_identify(src/lidar_publisher/src) by extension 'python_setup_py'
[5.809s] Level 1:colcon.colcon_core.package_identification:_identify(src/lidar_publisher/src/ldlidar_stl_ros2) by extensions ['ignore', 'ignore_ament_install']
[5.809s] Level 1:colcon.colcon_core.package_identification:_identify(src/lidar_publisher/src/ldlidar_stl_ros2) by extension 'ignore'
[5.809s] Level 1:colcon.colcon_core.package_identification:_identify(src/lidar_publisher/src/ldlidar_stl_ros2) by extension 'ignore_ament_install'
[5.809s] Level 1:colcon.colcon_core.package_identification:_identify(src/lidar_publisher/src/ldlidar_stl_ros2) by extensions ['colcon_pkg']
[5.809s] Level 1:colcon.colcon_core.package_identification:_identify(src/lidar_publisher/src/ldlidar_stl_ros2) by extension 'colcon_pkg'
[5.809s] Level 1:colcon.colcon_core.package_identification:_identify(src/lidar_publisher/src/ldlidar_stl_ros2) by extensions ['colcon_meta']
[5.809s] Level 1:colcon.colcon_core.package_identification:_identify(src/lidar_publisher/src/ldlidar_stl_ros2) by extension 'colcon_meta'
[5.810s] Level 1:colcon.colcon_core.package_identification:_identify(src/lidar_publisher/src/ldlidar_stl_ros2) by extensions ['ros']
[5.810s] Level 1:colcon.colcon_core.package_identification:_identify(src/lidar_publisher/src/ldlidar_stl_ros2) by extension 'ros'
[5.811s] DEBUG:colcon.colcon_core.package_identification:Package 'src/lidar_publisher/src/ldlidar_stl_ros2' with type 'ros.ament_cmake' and name 'ldlidar_stl_ros2'
[5.811s] Level 1:colcon.colcon_core.package_identification:_identify(src/odometry) by extensions ['ignore', 'ignore_ament_install']
[5.811s] Level 1:colcon.colcon_core.package_identification:_identify(src/odometry) by extension 'ignore'
[5.811s] Level 1:colcon.colcon_core.package_identification:_identify(src/odometry) by extension 'ignore_ament_install'
[5.811s] Level 1:colcon.colcon_core.package_identification:_identify(src/odometry) by extensions ['colcon_pkg']
[5.812s] Level 1:colcon.colcon_core.package_identification:_identify(src/odometry) by extension 'colcon_pkg'
[5.812s] Level 1:colcon.colcon_core.package_identification:_identify(src/odometry) by extensions ['colcon_meta']
[5.812s] Level 1:colcon.colcon_core.package_identification:_identify(src/odometry) by extension 'colcon_meta'
[5.812s] Level 1:colcon.colcon_core.package_identification:_identify(src/odometry) by extensions ['ros']
[5.812s] Level 1:colcon.colcon_core.package_identification:_identify(src/odometry) by extension 'ros'
[5.813s] DEBUG:colcon.colcon_core.package_identification:Package 'src/odometry' with type 'ros.ament_python' and name 'odometry'
[5.813s] Level 1:colcon.colcon_core.package_identification:_identify(src/teleop_control) by extensions ['ignore', 'ignore_ament_install']
[5.813s] Level 1:colcon.colcon_core.package_identification:_identify(src/teleop_control) by extension 'ignore'
[5.813s] Level 1:colcon.colcon_core.package_identification:_identify(src/teleop_control) by extension 'ignore_ament_install'
[5.813s] Level 1:colcon.colcon_core.package_identification:_identify(src/teleop_control) by extensions ['colcon_pkg']
[5.813s] Level 1:colcon.colcon_core.package_identification:_identify(src/teleop_control) by extension 'colcon_pkg'
[5.813s] Level 1:colcon.colcon_core.package_identification:_identify(src/teleop_control) by extensions ['colcon_meta']
[5.814s] Level 1:colcon.colcon_core.package_identification:_identify(src/teleop_control) by extension 'colcon_meta'
[5.814s] Level 1:colcon.colcon_core.package_identification:_identify(src/teleop_control) by extensions ['ros']
[5.814s] Level 1:colcon.colcon_core.package_identification:_identify(src/teleop_control) by extension 'ros'
[5.815s] DEBUG:colcon.colcon_core.package_identification:Package 'src/teleop_control' with type 'ros.ament_python' and name 'teleop_control'
[5.815s] Level 1:colcon.colcon_core.package_discovery:discover_packages(recursive) using defaults
[5.815s] Level 1:colcon.colcon_core.package_discovery:discover_packages(ignore) discover
[5.815s] Level 1:colcon.colcon_core.package_discovery:discover_packages(ignore) using defaults
[5.815s] Level 1:colcon.colcon_core.package_discovery:discover_packages(path) discover
[5.815s] Level 1:colcon.colcon_core.package_discovery:discover_packages(path) using defaults
[6.348s] Level 1:colcon.colcon_core.package_discovery:discover_packages(prefix_path) check parameters
[6.348s] Level 1:colcon.colcon_core.package_discovery:discover_packages(prefix_path) discover
[6.444s] WARNING:colcon.colcon_ros.prefix_path.ament:The path '/home/hermes/Hermes/hermes_ws/install/lidar_publisher' in the environment variable AMENT_PREFIX_PATH doesn't exist
[6.539s] DEBUG:colcon.colcon_installed_package_information.package_discovery:Found 6 installed packages in /home/hermes/Hermes/hermes_ws/install
[6.633s] DEBUG:colcon.colcon_installed_package_information.package_discovery:Found 1 installed packages in /home/hermes/lidar_sub_ros2_ws/install
[6.727s] DEBUG:colcon.colcon_installed_package_information.package_discovery:Found 1 installed packages in /home/hermes/ros2_teleop_ws/install
[6.821s] DEBUG:colcon.colcon_installed_package_information.package_discovery:Found 260 installed packages in /opt/ros/foxy
[6.824s] Level 1:colcon.colcon_core.package_discovery:discover_packages(prefix_path) using defaults
[7.180s] Level 5:colcon.colcon_core.verb:set package 'cameras' build argument 'cmake_args' from command line to 'None'
[7.180s] Level 5:colcon.colcon_core.verb:set package 'cameras' build argument 'cmake_target' from command line to 'None'
[7.180s] Level 5:colcon.colcon_core.verb:set package 'cameras' build argument 'cmake_target_skip_unavailable' from command line to 'False'
[7.180s] Level 5:colcon.colcon_core.verb:set package 'cameras' build argument 'cmake_clean_cache' from command line to 'False'
[7.180s] Level 5:colcon.colcon_core.verb:set package 'cameras' build argument 'cmake_clean_first' from command line to 'False'
[7.180s] Level 5:colcon.colcon_core.verb:set package 'cameras' build argument 'cmake_force_configure' from command line to 'False'
[7.180s] Level 5:colcon.colcon_core.verb:set package 'cameras' build argument 'ament_cmake_args' from command line to 'None'
[7.180s] Level 5:colcon.colcon_core.verb:set package 'cameras' build argument 'catkin_cmake_args' from command line to 'None'
[7.180s] Level 5:colcon.colcon_core.verb:set package 'cameras' build argument 'catkin_skip_building_tests' from command line to 'False'
[7.180s] DEBUG:colcon.colcon_core.verb:Building package 'cameras' with the following arguments: {'ament_cmake_args': None, 'build_base': '/home/hermes/Hermes/hermes_ws/build/cameras', 'catkin_cmake_args': None, 'catkin_skip_building_tests': False, 'cmake_args': None, 'cmake_clean_cache': False, 'cmake_clean_first': False, 'cmake_force_configure': False, 'cmake_target': None, 'cmake_target_skip_unavailable': False, 'install_base': '/home/hermes/Hermes/hermes_ws/install/cameras', 'merge_install': False, 'path': '/home/hermes/Hermes/hermes_ws/src/cameras', 'symlink_install': False, 'test_result_base': None}
[7.274s] Level 5:colcon.colcon_core.verb:set package 'gps_publisher' build argument 'cmake_args' from command line to 'None'
[7.274s] Level 5:colcon.colcon_core.verb:set package 'gps_publisher' build argument 'cmake_target' from command line to 'None'
[7.274s] Level 5:colcon.colcon_core.verb:set package 'gps_publisher' build argument 'cmake_target_skip_unavailable' from command line to 'False'
[7.274s] Level 5:colcon.colcon_core.verb:set package 'gps_publisher' build argument 'cmake_clean_cache' from command line to 'False'
[7.274s] Level 5:colcon.colcon_core.verb:set package 'gps_publisher' build argument 'cmake_clean_first' from command line to 'False'
[7.274s] Level 5:colcon.colcon_core.verb:set package 'gps_publisher' build argument 'cmake_force_configure' from command line to 'False'
[7.274s] Level 5:colcon.colcon_core.verb:set package 'gps_publisher' build argument 'ament_cmake_args' from command line to 'None'
[7.274s] Level 5:colcon.colcon_core.verb:set package 'gps_publisher' build argument 'catkin_cmake_args' from command line to 'None'
[7.274s] Level 5:colcon.colcon_core.verb:set package 'gps_publisher' build argument 'catkin_skip_building_tests' from command line to 'False'
[7.274s] DEBUG:colcon.colcon_core.verb:Building package 'gps_publisher' with the following arguments: {'ament_cmake_args': None, 'build_base': '/home/hermes/Hermes/hermes_ws/build/gps_publisher', 'catkin_cmake_args': None, 'catkin_skip_building_tests': False, 'cmake_args': None, 'cmake_clean_cache': False, 'cmake_clean_first': False, 'cmake_force_configure': False, 'cmake_target': None, 'cmake_target_skip_unavailable': False, 'install_base': '/home/hermes/Hermes/hermes_ws/install/gps_publisher', 'merge_install': False, 'path': '/home/hermes/Hermes/hermes_ws/src/gps_publisher', 'symlink_install': False, 'test_result_base': None}
[7.367s] Level 5:colcon.colcon_core.verb:set package 'imu_publisher' build argument 'cmake_args' from command line to 'None'
[7.368s] Level 5:colcon.colcon_core.verb:set package 'imu_publisher' build argument 'cmake_target' from command line to 'None'
[7.368s] Level 5:colcon.colcon_core.verb:set package 'imu_publisher' build argument 'cmake_target_skip_unavailable' from command line to 'False'
[7.368s] Level 5:colcon.colcon_core.verb:set package 'imu_publisher' build argument 'cmake_clean_cache' from command line to 'False'
[7.368s] Level 5:colcon.colcon_core.verb:set package 'imu_publisher' build argument 'cmake_clean_first' from command line to 'False'
[7.368s] Level 5:colcon.colcon_core.verb:set package 'imu_publisher' build argument 'cmake_force_configure' from command line to 'False'
[7.368s] Level 5:colcon.colcon_core.verb:set package 'imu_publisher' build argument 'ament_cmake_args' from command line to 'None'
[7.368s] Level 5:colcon.colcon_core.verb:set package 'imu_publisher' build argument 'catkin_cmake_args' from command line to 'None'
[7.368s] Level 5:colcon.colcon_core.verb:set package 'imu_publisher' build argument 'catkin_skip_building_tests' from command line to 'False'
[7.368s] DEBUG:colcon.colcon_core.verb:Building package 'imu_publisher' with the following arguments: {'ament_cmake_args': None, 'build_base': '/home/hermes/Hermes/hermes_ws/build/imu_publisher', 'catkin_cmake_args': None, 'catkin_skip_building_tests': False, 'cmake_args': None, 'cmake_clean_cache': False, 'cmake_clean_first': False, 'cmake_force_configure': False, 'cmake_target': None, 'cmake_target_skip_unavailable': False, 'install_base': '/home/hermes/Hermes/hermes_ws/install/imu_publisher', 'merge_install': False, 'path': '/home/hermes/Hermes/hermes_ws/src/imu_publisher', 'symlink_install': False, 'test_result_base': None}
[7.461s] Level 5:colcon.colcon_core.verb:set package 'ldlidar_stl_ros2' build argument 'cmake_args' from command line to 'None'
[7.461s] Level 5:colcon.colcon_core.verb:set package 'ldlidar_stl_ros2' build argument 'cmake_target' from command line to 'None'
[7.461s] Level 5:colcon.colcon_core.verb:set package 'ldlidar_stl_ros2' build argument 'cmake_target_skip_unavailable' from command line to 'False'
[7.461s] Level 5:colcon.colcon_core.verb:set package 'ldlidar_stl_ros2' build argument 'cmake_clean_cache' from command line to 'False'
[7.461s] Level 5:colcon.colcon_core.verb:set package 'ldlidar_stl_ros2' build argument 'cmake_clean_first' from command line to 'False'
[7.461s] Level 5:colcon.colcon_core.verb:set package 'ldlidar_stl_ros2' build argument 'cmake_force_configure' from command line to 'False'
[7.461s] Level 5:colcon.colcon_core.verb:set package 'ldlidar_stl_ros2' build argument 'ament_cmake_args' from command line to 'None'
[7.461s] Level 5:colcon.colcon_core.verb:set package 'ldlidar_stl_ros2' build argument 'catkin_cmake_args' from command line to 'None'
[7.461s] Level 5:colcon.colcon_core.verb:set package 'ldlidar_stl_ros2' build argument 'catkin_skip_building_tests' from command line to 'False'
[7.461s] DEBUG:colcon.colcon_core.verb:Building package 'ldlidar_stl_ros2' with the following arguments: {'ament_cmake_args': None, 'build_base': '/home/hermes/Hermes/hermes_ws/build/ldlidar_stl_ros2', 'catkin_cmake_args': None, 'catkin_skip_building_tests': False, 'cmake_args': None, 'cmake_clean_cache': False, 'cmake_clean_first': False, 'cmake_force_configure': False, 'cmake_target': None, 'cmake_target_skip_unavailable': False, 'install_base': '/home/hermes/Hermes/hermes_ws/install/ldlidar_stl_ros2', 'merge_install': False, 'path': '/home/hermes/Hermes/hermes_ws/src/lidar_publisher/src/ldlidar_stl_ros2', 'symlink_install': False, 'test_result_base': None}
[7.554s] Level 5:colcon.colcon_core.verb:set package 'odometry' build argument 'cmake_args' from command line to 'None'
[7.554s] Level 5:colcon.colcon_core.verb:set package 'odometry' build argument 'cmake_target' from command line to 'None'
[7.554s] Level 5:colcon.colcon_core.verb:set package 'odometry' build argument 'cmake_target_skip_unavailable' from command line to 'False'
[7.554s] Level 5:colcon.colcon_core.verb:set package 'odometry' build argument 'cmake_clean_cache' from command line to 'False'
[7.554s] Level 5:colcon.colcon_core.verb:set package 'odometry' build argument 'cmake_clean_first' from command line to 'False'
[7.554s] Level 5:colcon.colcon_core.verb:set package 'odometry' build argument 'cmake_force_configure' from command line to 'False'
[7.554s] Level 5:colcon.colcon_core.verb:set package 'odometry' build argument 'ament_cmake_args' from command line to 'None'
[7.554s] Level 5:colcon.colcon_core.verb:set package 'odometry' build argument 'catkin_cmake_args' from command line to 'None'
[7.554s] Level 5:colcon.colcon_core.verb:set package 'odometry' build argument 'catkin_skip_building_tests' from command line to 'False'
[7.554s] DEBUG:colcon.colcon_core.verb:Building package 'odometry' with the following arguments: {'ament_cmake_args': None, 'build_base': '/home/hermes/Hermes/hermes_ws/build/odometry', 'catkin_cmake_args': None, 'catkin_skip_building_tests': False, 'cmake_args': None, 'cmake_clean_cache': False, 'cmake_clean_first': False, 'cmake_force_configure': False, 'cmake_target': None, 'cmake_target_skip_unavailable': False, 'install_base': '/home/hermes/Hermes/hermes_ws/install/odometry', 'merge_install': False, 'path': '/home/hermes/Hermes/hermes_ws/src/odometry', 'symlink_install': False, 'test_result_base': None}
[7.647s] Level 5:colcon.colcon_core.verb:set package 'teleop_control' build argument 'cmake_args' from command line to 'None'
[7.647s] Level 5:colcon.colcon_core.verb:set package 'teleop_control' build argument 'cmake_target' from command line to 'None'
[7.647s] Level 5:colcon.colcon_core.verb:set package 'teleop_control' build argument 'cmake_target_skip_unavailable' from command line to 'False'
[7.647s] Level 5:colcon.colcon_core.verb:set package 'teleop_control' build argument 'cmake_clean_cache' from command line to 'False'
[7.647s] Level 5:colcon.colcon_core.verb:set package 'teleop_control' build argument 'cmake_clean_first' from command line to 'False'
[7.647s] Level 5:colcon.colcon_core.verb:set package 'teleop_control' build argument 'cmake_force_configure' from command line to 'False'
[7.647s] Level 5:colcon.colcon_core.verb:set package 'teleop_control' build argument 'ament_cmake_args' from command line to 'None'
[7.647s] Level 5:colcon.colcon_core.verb:set package 'teleop_control' build argument 'catkin_cmake_args' from command line to 'None'
[7.647s] Level 5:colcon.colcon_core.verb:set package 'teleop_control' build argument 'catkin_skip_building_tests' from command line to 'False'
[7.648s] DEBUG:colcon.colcon_core.verb:Building package 'teleop_control' with the following arguments: {'ament_cmake_args': None, 'build_base': '/home/hermes/Hermes/hermes_ws/build/teleop_control', 'catkin_cmake_args': None, 'catkin_skip_building_tests': False, 'cmake_args': None, 'cmake_clean_cache': False, 'cmake_clean_first': False, 'cmake_force_configure': False, 'cmake_target': None, 'cmake_target_skip_unavailable': False, 'install_base': '/home/hermes/Hermes/hermes_ws/install/teleop_control', 'merge_install': False, 'path': '/home/hermes/Hermes/hermes_ws/src/teleop_control', 'symlink_install': False, 'test_result_base': None}
[7.739s] INFO:colcon.colcon_core.executor:Executing jobs using 'parallel' executor
[7.833s] DEBUG:colcon.colcon_parallel_executor.executor.parallel:run_until_complete
[7.834s] INFO:colcon.colcon_ros.task.ament_python.build:Building ROS package in '/home/hermes/Hermes/hermes_ws/src/cameras' with build type 'ament_python'
[7.834s] Level 1:colcon.colcon_core.shell:create_environment_hook('cameras', 'ament_prefix_path')
[7.933s] INFO:colcon.colcon_core.plugin_system:Skipping extension 'colcon_core.shell.bat': Not used on non-Windows systems
[7.933s] INFO:colcon.colcon_core.shell:Creating environment hook '/home/hermes/Hermes/hermes_ws/install/cameras/share/cameras/hook/ament_prefix_path.ps1'
[7.935s] INFO:colcon.colcon_core.shell:Creating environment descriptor '/home/hermes/Hermes/hermes_ws/install/cameras/share/cameras/hook/ament_prefix_path.dsv'
[7.936s] INFO:colcon.colcon_core.shell:Creating environment hook '/home/hermes/Hermes/hermes_ws/install/cameras/share/cameras/hook/ament_prefix_path.sh'
[8.032s] INFO:colcon.colcon_core.shell:Skip shell extension 'powershell' for command environment: Not usable outside of PowerShell
[8.032s] DEBUG:colcon.colcon_core.shell:Skip shell extension 'dsv' for command environment
[8.512s] INFO:colcon.colcon_ros.task.ament_python.build:Building ROS package in '/home/hermes/Hermes/hermes_ws/src/gps_publisher' with build type 'ament_python'
[8.513s] Level 1:colcon.colcon_core.shell:create_environment_hook('gps_publisher', 'ament_prefix_path')
[8.611s] INFO:colcon.colcon_core.shell:Creating environment hook '/home/hermes/Hermes/hermes_ws/install/gps_publisher/share/gps_publisher/hook/ament_prefix_path.ps1'
[8.612s] INFO:colcon.colcon_core.shell:Creating environment descriptor '/home/hermes/Hermes/hermes_ws/install/gps_publisher/share/gps_publisher/hook/ament_prefix_path.dsv'
[8.613s] INFO:colcon.colcon_core.shell:Creating environment hook '/home/hermes/Hermes/hermes_ws/install/gps_publisher/share/gps_publisher/hook/ament_prefix_path.sh'
[8.710s] INFO:colcon.colcon_core.shell:Skip shell extension 'powershell' for command environment: Not usable outside of PowerShell
[8.710s] DEBUG:colcon.colcon_core.shell:Skip shell extension 'dsv' for command environment
[9.197s] INFO:colcon.colcon_ros.task.ament_python.build:Building ROS package in '/home/hermes/Hermes/hermes_ws/src/imu_publisher' with build type 'ament_python'
[9.198s] Level 1:colcon.colcon_core.shell:create_environment_hook('imu_publisher', 'ament_prefix_path')
[9.295s] INFO:colcon.colcon_core.shell:Creating environment hook '/home/hermes/Hermes/hermes_ws/install/imu_publisher/share/imu_publisher/hook/ament_prefix_path.ps1'
[9.296s] INFO:colcon.colcon_core.shell:Creating environment descriptor '/home/hermes/Hermes/hermes_ws/install/imu_publisher/share/imu_publisher/hook/ament_prefix_path.dsv'
[9.297s] INFO:colcon.colcon_core.shell:Creating environment hook '/home/hermes/Hermes/hermes_ws/install/imu_publisher/share/imu_publisher/hook/ament_prefix_path.sh'
[9.393s] INFO:colcon.colcon_core.shell:Skip shell extension 'powershell' for command environment: Not usable outside of PowerShell
[9.393s] DEBUG:colcon.colcon_core.shell:Skip shell extension 'dsv' for command environment
[9.876s] INFO:colcon.colcon_ros.task.ament_cmake.build:Building ROS package in '/home/hermes/Hermes/hermes_ws/src/lidar_publisher/src/ldlidar_stl_ros2' with build type 'ament_cmake'
[9.876s] INFO:colcon.colcon_cmake.task.cmake.build:Building CMake package in '/home/hermes/Hermes/hermes_ws/src/lidar_publisher/src/ldlidar_stl_ros2'
[9.975s] INFO:colcon.colcon_core.shell:Skip shell extension 'powershell' for command environment: Not usable outside of PowerShell
[9.975s] DEBUG:colcon.colcon_core.shell:Skip shell extension 'dsv' for command environment
[10.491s] INFO:colcon.colcon_ros.task.ament_python.build:Building ROS package in '/home/hermes/Hermes/hermes_ws/src/odometry' with build type 'ament_python'
[10.492s] Level 1:colcon.colcon_core.shell:create_environment_hook('odometry', 'ament_prefix_path')
[10.589s] INFO:colcon.colcon_core.shell:Creating environment hook '/home/hermes/Hermes/hermes_ws/install/odometry/share/odometry/hook/ament_prefix_path.ps1'
[10.590s] INFO:colcon.colcon_core.shell:Creating environment descriptor '/home/hermes/Hermes/hermes_ws/install/odometry/share/odometry/hook/ament_prefix_path.dsv'
[10.591s] INFO:colcon.colcon_core.shell:Creating environment hook '/home/hermes/Hermes/hermes_ws/install/odometry/share/odometry/hook/ament_prefix_path.sh'
[10.687s] INFO:colcon.colcon_core.shell:Skip shell extension 'powershell' for command environment: Not usable outside of PowerShell
[10.688s] DEBUG:colcon.colcon_core.shell:Skip shell extension 'dsv' for command environment
[11.171s] INFO:colcon.colcon_ros.task.ament_python.build:Building ROS package in '/home/hermes/Hermes/hermes_ws/src/teleop_control' with build type 'ament_python'
[11.172s] Level 1:colcon.colcon_core.shell:create_environment_hook('teleop_control', 'ament_prefix_path')
[11.269s] INFO:colcon.colcon_core.shell:Creating environment hook '/home/hermes/Hermes/hermes_ws/install/teleop_control/share/teleop_control/hook/ament_prefix_path.ps1'
[11.270s] INFO:colcon.colcon_core.shell:Creating environment descriptor '/home/hermes/Hermes/hermes_ws/install/teleop_control/share/teleop_control/hook/ament_prefix_path.dsv'
[11.271s] INFO:colcon.colcon_core.shell:Creating environment hook '/home/hermes/Hermes/hermes_ws/install/teleop_control/share/teleop_control/hook/ament_prefix_path.sh'
[11.367s] INFO:colcon.colcon_core.shell:Skip shell extension 'powershell' for command environment: Not usable outside of PowerShell
[11.367s] DEBUG:colcon.colcon_core.shell:Skip shell extension 'dsv' for command environment
[12.373s] INFO:colcon.colcon_core.task.python.build:Building Python package in '/home/hermes/Hermes/hermes_ws/src/cameras'
[12.474s] INFO:colcon.colcon_core.shell:Skip shell extension 'powershell' for command environment: Not usable outside of PowerShell
[12.474s] DEBUG:colcon.colcon_core.shell:Skip shell extension 'dsv' for command environment
[13.483s] INFO:colcon.colcon_core.task.python.build:Building Python package in '/home/hermes/Hermes/hermes_ws/src/gps_publisher'
[13.582s] INFO:colcon.colcon_core.shell:Skip shell extension 'powershell' for command environment: Not usable outside of PowerShell
[13.583s] DEBUG:colcon.colcon_core.shell:Skip shell extension 'dsv' for command environment
[14.585s] INFO:colcon.colcon_core.task.python.build:Building Python package in '/home/hermes/Hermes/hermes_ws/src/imu_publisher'
[14.716s] INFO:colcon.colcon_core.shell:Skip shell extension 'powershell' for command environment: Not usable outside of PowerShell
[14.716s] DEBUG:colcon.colcon_core.shell:Skip shell extension 'dsv' for command environment
[15.207s] DEBUG:colcon.colcon_core.event_handler.log_command:Invoking command in '/home/hermes/Hermes/hermes_ws/build/ldlidar_stl_ros2': CMAKE_PREFIX_PATH=${CMAKE_PREFIX_PATH}:/home/hermes/Hermes/hermes_ws/install/teleop_control:/home/hermes/Hermes/hermes_ws/install/odometry:/home/hermes/Hermes/hermes_ws/install/lidar_publisher:/home/hermes/Hermes/hermes_ws/install/imu_publisher:/home/hermes/Hermes/hermes_ws/install/gps_publisher:/home/hermes/Hermes/hermes_ws/install/cameras:/home/hermes/lidar_sub_ros2_ws/install/lidar_sub_ros2:/opt/ros/foxy:/home/hermes/ros2_teleop_ws/install/teleop_pkg /usr/local/bin/cmake --build /home/hermes/Hermes/hermes_ws/build/ldlidar_stl_ros2 -- -j6 -l6
[15.738s] INFO:colcon.colcon_core.task.python.build:Building Python package in '/home/hermes/Hermes/hermes_ws/src/odometry'
[15.838s] INFO:colcon.colcon_core.shell:Skip shell extension 'powershell' for command environment: Not usable outside of PowerShell
[15.838s] DEBUG:colcon.colcon_core.shell:Skip shell extension 'dsv' for command environment
[16.842s] INFO:colcon.colcon_core.task.python.build:Building Python package in '/home/hermes/Hermes/hermes_ws/src/teleop_control'
[16.942s] INFO:colcon.colcon_core.shell:Skip shell extension 'powershell' for command environment: Not usable outside of PowerShell
[16.942s] DEBUG:colcon.colcon_core.shell:Skip shell extension 'dsv' for command environment
[17.437s] DEBUG:colcon.colcon_core.event_handler.log_command:Invoked command in '/home/hermes/Hermes/hermes_ws/build/ldlidar_stl_ros2' returned '0': CMAKE_PREFIX_PATH=${CMAKE_PREFIX_PATH}:/home/hermes/Hermes/hermes_ws/install/teleop_control:/home/hermes/Hermes/hermes_ws/install/odometry:/home/hermes/Hermes/hermes_ws/install/lidar_publisher:/home/hermes/Hermes/hermes_ws/install/imu_publisher:/home/hermes/Hermes/hermes_ws/install/gps_publisher:/home/hermes/Hermes/hermes_ws/install/cameras:/home/hermes/lidar_sub_ros2_ws/install/lidar_sub_ros2:/opt/ros/foxy:/home/hermes/ros2_teleop_ws/install/teleop_pkg /usr/local/bin/cmake --build /home/hermes/Hermes/hermes_ws/build/ldlidar_stl_ros2 -- -j6 -l6
[17.670s] DEBUG:colcon.colcon_core.event_handler.log_command:Invoking command in '/home/hermes/Hermes/hermes_ws/build/ldlidar_stl_ros2': CMAKE_PREFIX_PATH=${CMAKE_PREFIX_PATH}:/home/hermes/Hermes/hermes_ws/install/teleop_control:/home/hermes/Hermes/hermes_ws/install/odometry:/home/hermes/Hermes/hermes_ws/install/lidar_publisher:/home/hermes/Hermes/hermes_ws/install/imu_publisher:/home/hermes/Hermes/hermes_ws/install/gps_publisher:/home/hermes/Hermes/hermes_ws/install/cameras:/home/hermes/lidar_sub_ros2_ws/install/lidar_sub_ros2:/opt/ros/foxy:/home/hermes/ros2_teleop_ws/install/teleop_pkg /usr/local/bin/cmake --install /home/hermes/Hermes/hermes_ws/build/ldlidar_stl_ros2
[17.763s] Level 1:colcon.colcon_core.environment:create_environment_scripts_only(ldlidar_stl_ros2)
[17.772s] DEBUG:colcon.colcon_core.event_handler.log_command:Invoked command in '/home/hermes/Hermes/hermes_ws/build/ldlidar_stl_ros2' returned '0': CMAKE_PREFIX_PATH=${CMAKE_PREFIX_PATH}:/home/hermes/Hermes/hermes_ws/install/teleop_control:/home/hermes/Hermes/hermes_ws/install/odometry:/home/hermes/Hermes/hermes_ws/install/lidar_publisher:/home/hermes/Hermes/hermes_ws/install/imu_publisher:/home/hermes/Hermes/hermes_ws/install/gps_publisher:/home/hermes/Hermes/hermes_ws/install/cameras:/home/hermes/lidar_sub_ros2_ws/install/lidar_sub_ros2:/opt/ros/foxy:/home/hermes/ros2_teleop_ws/install/teleop_pkg /usr/local/bin/cmake --install /home/hermes/Hermes/hermes_ws/build/ldlidar_stl_ros2
[17.876s] Level 1:colcon.colcon_core.environment:checking '/home/hermes/Hermes/hermes_ws/install/ldlidar_stl_ros2' for CMake module files
[17.877s] Level 1:colcon.colcon_core.environment:checking '/home/hermes/Hermes/hermes_ws/install/ldlidar_stl_ros2' for CMake config files
[17.878s] Level 1:colcon.colcon_core.shell:create_environment_hook('ldlidar_stl_ros2', 'cmake_prefix_path')
[17.985s] INFO:colcon.colcon_core.shell:Creating environment hook '/home/hermes/Hermes/hermes_ws/install/ldlidar_stl_ros2/share/ldlidar_stl_ros2/hook/cmake_prefix_path.ps1'
[17.986s] INFO:colcon.colcon_core.shell:Creating environment descriptor '/home/hermes/Hermes/hermes_ws/install/ldlidar_stl_ros2/share/ldlidar_stl_ros2/hook/cmake_prefix_path.dsv'
[17.987s] INFO:colcon.colcon_core.shell:Creating environment hook '/home/hermes/Hermes/hermes_ws/install/ldlidar_stl_ros2/share/ldlidar_stl_ros2/hook/cmake_prefix_path.sh'
[17.989s] Level 1:colcon.colcon_core.environment:checking '/home/hermes/Hermes/hermes_ws/install/ldlidar_stl_ros2/lib'
[17.990s] Level 1:colcon.colcon_core.environment:checking '/home/hermes/Hermes/hermes_ws/install/ldlidar_stl_ros2/bin'
[17.990s] Level 1:colcon.colcon_core.environment:checking '/home/hermes/Hermes/hermes_ws/install/ldlidar_stl_ros2/lib/pkgconfig/ldlidar_stl_ros2.pc'
[17.990s] Level 1:colcon.colcon_core.environment:checking '/home/hermes/Hermes/hermes_ws/install/ldlidar_stl_ros2/lib/python3.8/site-packages'
[17.991s] Level 1:colcon.colcon_core.environment:checking '/home/hermes/Hermes/hermes_ws/install/ldlidar_stl_ros2/bin'
[18.100s] INFO:colcon.colcon_core.shell:Creating package script '/home/hermes/Hermes/hermes_ws/install/ldlidar_stl_ros2/share/ldlidar_stl_ros2/package.ps1'
[18.102s] INFO:colcon.colcon_core.shell:Creating package descriptor '/home/hermes/Hermes/hermes_ws/install/ldlidar_stl_ros2/share/ldlidar_stl_ros2/package.dsv'
[18.105s] INFO:colcon.colcon_core.shell:Creating package script '/home/hermes/Hermes/hermes_ws/install/ldlidar_stl_ros2/share/ldlidar_stl_ros2/package.sh'
[18.107s] INFO:colcon.colcon_core.shell:Creating package script '/home/hermes/Hermes/hermes_ws/install/ldlidar_stl_ros2/share/ldlidar_stl_ros2/package.bash'
[18.109s] INFO:colcon.colcon_core.shell:Creating package script '/home/hermes/Hermes/hermes_ws/install/ldlidar_stl_ros2/share/ldlidar_stl_ros2/package.zsh'
[18.110s] Level 1:colcon.colcon_core.environment:create_file_with_runtime_dependencies(/home/hermes/Hermes/hermes_ws/install/ldlidar_stl_ros2/share/colcon-core/packages/ldlidar_stl_ros2)
[18.364s] Level 1:colcon.colcon_core.environment:create_environment_scripts_only(ldlidar_stl_ros2)
[18.473s] Level 1:colcon.colcon_core.environment:checking '/home/hermes/Hermes/hermes_ws/install/ldlidar_stl_ros2' for CMake module files
[18.475s] Level 1:colcon.colcon_core.environment:checking '/home/hermes/Hermes/hermes_ws/install/ldlidar_stl_ros2' for CMake config files
[18.476s] Level 1:colcon.colcon_core.shell:create_environment_hook('ldlidar_stl_ros2', 'cmake_prefix_path')
[18.587s] INFO:colcon.colcon_core.shell:Creating environment hook '/home/hermes/Hermes/hermes_ws/install/ldlidar_stl_ros2/share/ldlidar_stl_ros2/hook/cmake_prefix_path.ps1'
[18.589s] INFO:colcon.colcon_core.shell:Creating environment descriptor '/home/hermes/Hermes/hermes_ws/install/ldlidar_stl_ros2/share/ldlidar_stl_ros2/hook/cmake_prefix_path.dsv'
[18.591s] INFO:colcon.colcon_core.shell:Creating environment hook '/home/hermes/Hermes/hermes_ws/install/ldlidar_stl_ros2/share/ldlidar_stl_ros2/hook/cmake_prefix_path.sh'
[18.593s] Level 1:colcon.colcon_core.environment:checking '/home/hermes/Hermes/hermes_ws/install/ldlidar_stl_ros2/lib'
[18.593s] Level 1:colcon.colcon_core.environment:checking '/home/hermes/Hermes/hermes_ws/install/ldlidar_stl_ros2/bin'
[18.593s] Level 1:colcon.colcon_core.environment:checking '/home/hermes/Hermes/hermes_ws/install/ldlidar_stl_ros2/lib/pkgconfig/ldlidar_stl_ros2.pc'
[18.594s] Level 1:colcon.colcon_core.environment:checking '/home/hermes/Hermes/hermes_ws/install/ldlidar_stl_ros2/lib/python3.8/site-packages'
[18.594s] Level 1:colcon.colcon_core.environment:checking '/home/hermes/Hermes/hermes_ws/install/ldlidar_stl_ros2/bin'
[18.706s] INFO:colcon.colcon_core.shell:Creating package script '/home/hermes/Hermes/hermes_ws/install/ldlidar_stl_ros2/share/ldlidar_stl_ros2/package.ps1'
[18.708s] INFO:colcon.colcon_core.shell:Creating package descriptor '/home/hermes/Hermes/hermes_ws/install/ldlidar_stl_ros2/share/ldlidar_stl_ros2/package.dsv'
[18.709s] INFO:colcon.colcon_core.shell:Creating package script '/home/hermes/Hermes/hermes_ws/install/ldlidar_stl_ros2/share/ldlidar_stl_ros2/package.sh'
[18.711s] INFO:colcon.colcon_core.shell:Creating package script '/home/hermes/Hermes/hermes_ws/install/ldlidar_stl_ros2/share/ldlidar_stl_ros2/package.bash'
[18.712s] INFO:colcon.colcon_core.shell:Creating package script '/home/hermes/Hermes/hermes_ws/install/ldlidar_stl_ros2/share/ldlidar_stl_ros2/package.zsh'
[18.713s] Level 1:colcon.colcon_core.environment:create_file_with_runtime_dependencies(/home/hermes/Hermes/hermes_ws/install/ldlidar_stl_ros2/share/colcon-core/packages/ldlidar_stl_ros2)
[18.725s] DEBUG:colcon.colcon_core.event_handler.log_command:Invoking command in '/home/hermes/Hermes/hermes_ws/src/imu_publisher': PYTHONPATH=/home/hermes/Hermes/hermes_ws/build/imu_publisher/prefix_override:/home/hermes/Hermes/hermes_ws/install/imu_publisher/lib/python3.8/site-packages:${PYTHONPATH} /usr/bin/python3 setup.py egg_info --egg-base ../../build/imu_publisher build --build-base /home/hermes/Hermes/hermes_ws/build/imu_publisher/build install --record /home/hermes/Hermes/hermes_ws/build/imu_publisher/install.log --single-version-externally-managed
[18.735s] DEBUG:colcon.colcon_core.event_handler.log_command:Invoking command in '/home/hermes/Hermes/hermes_ws/src/cameras': PYTHONPATH=/home/hermes/Hermes/hermes_ws/build/cameras/prefix_override:/home/hermes/Hermes/hermes_ws/install/cameras/lib/python3.8/site-packages:${PYTHONPATH} /usr/bin/python3 setup.py egg_info --egg-base ../../build/cameras build --build-base /home/hermes/Hermes/hermes_ws/build/cameras/build install --record /home/hermes/Hermes/hermes_ws/build/cameras/install.log --single-version-externally-managed
[18.748s] DEBUG:colcon.colcon_core.event_handler.log_command:Invoking command in '/home/hermes/Hermes/hermes_ws/src/gps_publisher': PYTHONPATH=/home/hermes/Hermes/hermes_ws/build/gps_publisher/prefix_override:/home/hermes/Hermes/hermes_ws/install/gps_publisher/lib/python3.8/site-packages:${PYTHONPATH} /usr/bin/python3 setup.py egg_info --egg-base ../../build/gps_publisher build --build-base /home/hermes/Hermes/hermes_ws/build/gps_publisher/build install --record /home/hermes/Hermes/hermes_ws/build/gps_publisher/install.log --single-version-externally-managed
[18.761s] DEBUG:colcon.colcon_core.event_handler.log_command:Invoking command in '/home/hermes/Hermes/hermes_ws/src/odometry': PYTHONPATH=/home/hermes/Hermes/hermes_ws/build/odometry/prefix_override:/home/hermes/Hermes/hermes_ws/install/odometry/lib/python3.8/site-packages:${PYTHONPATH} /usr/bin/python3 setup.py egg_info --egg-base ../../build/odometry build --build-base /home/hermes/Hermes/hermes_ws/build/odometry/build install --record /home/hermes/Hermes/hermes_ws/build/odometry/install.log --single-version-externally-managed
[18.771s] DEBUG:colcon.colcon_core.event_handler.log_command:Invoking command in '/home/hermes/Hermes/hermes_ws/src/teleop_control': PYTHONPATH=/home/hermes/Hermes/hermes_ws/build/teleop_control/prefix_override:/home/hermes/Hermes/hermes_ws/install/teleop_control/lib/python3.8/site-packages:${PYTHONPATH} /usr/bin/python3 setup.py egg_info --egg-base ../../build/teleop_control build --build-base /home/hermes/Hermes/hermes_ws/build/teleop_control/build install --record /home/hermes/Hermes/hermes_ws/build/teleop_control/install.log --single-version-externally-managed
[19.427s] DEBUG:colcon.colcon_core.event_handler.log_command:Invoked command in '/home/hermes/Hermes/hermes_ws/src/imu_publisher' returned '0': PYTHONPATH=/home/hermes/Hermes/hermes_ws/build/imu_publisher/prefix_override:/home/hermes/Hermes/hermes_ws/install/imu_publisher/lib/python3.8/site-packages:${PYTHONPATH} /usr/bin/python3 setup.py egg_info --egg-base ../../build/imu_publisher build --build-base /home/hermes/Hermes/hermes_ws/build/imu_publisher/build install --record /home/hermes/Hermes/hermes_ws/build/imu_publisher/install.log --single-version-externally-managed
[19.579s] Level 1:colcon.colcon_core.environment:checking '/home/hermes/Hermes/hermes_ws/install/imu_publisher' for CMake module files
[19.580s] Level 1:colcon.colcon_core.environment:checking '/home/hermes/Hermes/hermes_ws/install/imu_publisher' for CMake config files
[19.581s] Level 1:colcon.colcon_core.environment:checking '/home/hermes/Hermes/hermes_ws/install/imu_publisher/lib'
[19.581s] Level 1:colcon.colcon_core.environment:checking '/home/hermes/Hermes/hermes_ws/install/imu_publisher/bin'
[19.581s] Level 1:colcon.colcon_core.environment:checking '/home/hermes/Hermes/hermes_ws/install/imu_publisher/lib/pkgconfig/imu_publisher.pc'
[19.582s] Level 1:colcon.colcon_core.environment:checking '/home/hermes/Hermes/hermes_ws/install/imu_publisher/lib/python3.8/site-packages'
[19.582s] Level 1:colcon.colcon_core.shell:create_environment_hook('imu_publisher', 'pythonpath')
[19.679s] INFO:colcon.colcon_core.shell:Creating environment hook '/home/hermes/Hermes/hermes_ws/install/imu_publisher/share/imu_publisher/hook/pythonpath.ps1'
[19.680s] INFO:colcon.colcon_core.shell:Creating environment descriptor '/home/hermes/Hermes/hermes_ws/install/imu_publisher/share/imu_publisher/hook/pythonpath.dsv'
[19.681s] INFO:colcon.colcon_core.shell:Creating environment hook '/home/hermes/Hermes/hermes_ws/install/imu_publisher/share/imu_publisher/hook/pythonpath.sh'
[19.682s] Level 1:colcon.colcon_core.environment:checking '/home/hermes/Hermes/hermes_ws/install/imu_publisher/bin'
[19.682s] Level 1:colcon.colcon_core.environment:create_environment_scripts_only(imu_publisher)
[19.778s] INFO:colcon.colcon_core.shell:Creating package script '/home/hermes/Hermes/hermes_ws/install/imu_publisher/share/imu_publisher/package.ps1'
[19.780s] INFO:colcon.colcon_core.shell:Creating package descriptor '/home/hermes/Hermes/hermes_ws/install/imu_publisher/share/imu_publisher/package.dsv'
[19.780s] INFO:colcon.colcon_core.shell:Creating package script '/home/hermes/Hermes/hermes_ws/install/imu_publisher/share/imu_publisher/package.sh'
[19.781s] INFO:colcon.colcon_core.shell:Creating package script '/home/hermes/Hermes/hermes_ws/install/imu_publisher/share/imu_publisher/package.bash'
[19.782s] INFO:colcon.colcon_core.shell:Creating package script '/home/hermes/Hermes/hermes_ws/install/imu_publisher/share/imu_publisher/package.zsh'
[19.783s] Level 1:colcon.colcon_core.environment:create_file_with_runtime_dependencies(/home/hermes/Hermes/hermes_ws/install/imu_publisher/share/colcon-core/packages/imu_publisher)
[19.787s] DEBUG:colcon.colcon_core.event_handler.log_command:Invoked command in '/home/hermes/Hermes/hermes_ws/src/gps_publisher' returned '0': PYTHONPATH=/home/hermes/Hermes/hermes_ws/build/gps_publisher/prefix_override:/home/hermes/Hermes/hermes_ws/install/gps_publisher/lib/python3.8/site-packages:${PYTHONPATH} /usr/bin/python3 setup.py egg_info --egg-base ../../build/gps_publisher build --build-base /home/hermes/Hermes/hermes_ws/build/gps_publisher/build install --record /home/hermes/Hermes/hermes_ws/build/gps_publisher/install.log --single-version-externally-managed
[19.883s] Level 1:colcon.colcon_core.environment:checking '/home/hermes/Hermes/hermes_ws/install/gps_publisher' for CMake module files
[19.884s] Level 1:colcon.colcon_core.environment:checking '/home/hermes/Hermes/hermes_ws/install/gps_publisher' for CMake config files
[19.885s] Level 1:colcon.colcon_core.environment:checking '/home/hermes/Hermes/hermes_ws/install/gps_publisher/lib'
[19.885s] Level 1:colcon.colcon_core.environment:checking '/home/hermes/Hermes/hermes_ws/install/gps_publisher/bin'
[19.885s] Level 1:colcon.colcon_core.environment:checking '/home/hermes/Hermes/hermes_ws/install/gps_publisher/lib/pkgconfig/gps_publisher.pc'
[19.886s] Level 1:colcon.colcon_core.environment:checking '/home/hermes/Hermes/hermes_ws/install/gps_publisher/lib/python3.8/site-packages'
[19.886s] Level 1:colcon.colcon_core.shell:create_environment_hook('gps_publisher', 'pythonpath')
[19.982s] INFO:colcon.colcon_core.shell:Creating environment hook '/home/hermes/Hermes/hermes_ws/install/gps_publisher/share/gps_publisher/hook/pythonpath.ps1'
[19.982s] INFO:colcon.colcon_core.shell:Creating environment descriptor '/home/hermes/Hermes/hermes_ws/install/gps_publisher/share/gps_publisher/hook/pythonpath.dsv'
[19.983s] INFO:colcon.colcon_core.shell:Creating environment hook '/home/hermes/Hermes/hermes_ws/install/gps_publisher/share/gps_publisher/hook/pythonpath.sh'
[19.984s] Level 1:colcon.colcon_core.environment:checking '/home/hermes/Hermes/hermes_ws/install/gps_publisher/bin'
[19.984s] Level 1:colcon.colcon_core.environment:create_environment_scripts_only(gps_publisher)
[20.080s] INFO:colcon.colcon_core.shell:Creating package script '/home/hermes/Hermes/hermes_ws/install/gps_publisher/share/gps_publisher/package.ps1'
[20.081s] INFO:colcon.colcon_core.shell:Creating package descriptor '/home/hermes/Hermes/hermes_ws/install/gps_publisher/share/gps_publisher/package.dsv'
[20.082s] INFO:colcon.colcon_core.shell:Creating package script '/home/hermes/Hermes/hermes_ws/install/gps_publisher/share/gps_publisher/package.sh'
[20.083s] INFO:colcon.colcon_core.shell:Creating package script '/home/hermes/Hermes/hermes_ws/install/gps_publisher/share/gps_publisher/package.bash'
[20.083s] INFO:colcon.colcon_core.shell:Creating package script '/home/hermes/Hermes/hermes_ws/install/gps_publisher/share/gps_publisher/package.zsh'
[20.084s] Level 1:colcon.colcon_core.environment:create_file_with_runtime_dependencies(/home/hermes/Hermes/hermes_ws/install/gps_publisher/share/colcon-core/packages/gps_publisher)
[20.086s] DEBUG:colcon.colcon_core.event_handler.log_command:Invoked command in '/home/hermes/Hermes/hermes_ws/src/teleop_control' returned '0': PYTHONPATH=/home/hermes/Hermes/hermes_ws/build/teleop_control/prefix_override:/home/hermes/Hermes/hermes_ws/install/teleop_control/lib/python3.8/site-packages:${PYTHONPATH} /usr/bin/python3 setup.py egg_info --egg-base ../../build/teleop_control build --build-base /home/hermes/Hermes/hermes_ws/build/teleop_control/build install --record /home/hermes/Hermes/hermes_ws/build/teleop_control/install.log --single-version-externally-managed
[20.181s] Level 1:colcon.colcon_core.environment:checking '/home/hermes/Hermes/hermes_ws/install/teleop_control' for CMake module files
[20.181s] Level 1:colcon.colcon_core.environment:checking '/home/hermes/Hermes/hermes_ws/install/teleop_control' for CMake config files
[20.183s] Level 1:colcon.colcon_core.environment:checking '/home/hermes/Hermes/hermes_ws/install/teleop_control/lib'
[20.183s] Level 1:colcon.colcon_core.environment:checking '/home/hermes/Hermes/hermes_ws/install/teleop_control/bin'
[20.183s] Level 1:colcon.colcon_core.environment:checking '/home/hermes/Hermes/hermes_ws/install/teleop_control/lib/pkgconfig/teleop_control.pc'
[20.183s] Level 1:colcon.colcon_core.environment:checking '/home/hermes/Hermes/hermes_ws/install/teleop_control/lib/python3.8/site-packages'
[20.183s] Level 1:colcon.colcon_core.shell:create_environment_hook('teleop_control', 'pythonpath')
[20.278s] INFO:colcon.colcon_core.shell:Creating environment hook '/home/hermes/Hermes/hermes_ws/install/teleop_control/share/teleop_control/hook/pythonpath.ps1'
[20.279s] INFO:colcon.colcon_core.shell:Creating environment descriptor '/home/hermes/Hermes/hermes_ws/install/teleop_control/share/teleop_control/hook/pythonpath.dsv'
[20.280s] INFO:colcon.colcon_core.shell:Creating environment hook '/home/hermes/Hermes/hermes_ws/install/teleop_control/share/teleop_control/hook/pythonpath.sh'
[20.281s] Level 1:colcon.colcon_core.environment:checking '/home/hermes/Hermes/hermes_ws/install/teleop_control/bin'
[20.281s] Level 1:colcon.colcon_core.environment:create_environment_scripts_only(teleop_control)
[20.377s] INFO:colcon.colcon_core.shell:Creating package script '/home/hermes/Hermes/hermes_ws/install/teleop_control/share/teleop_control/package.ps1'
[20.378s] INFO:colcon.colcon_core.shell:Creating package descriptor '/home/hermes/Hermes/hermes_ws/install/teleop_control/share/teleop_control/package.dsv'
[20.379s] INFO:colcon.colcon_core.shell:Creating package script '/home/hermes/Hermes/hermes_ws/install/teleop_control/share/teleop_control/package.sh'
[20.380s] INFO:colcon.colcon_core.shell:Creating package script '/home/hermes/Hermes/hermes_ws/install/teleop_control/share/teleop_control/package.bash'
[20.380s] INFO:colcon.colcon_core.shell:Creating package script '/home/hermes/Hermes/hermes_ws/install/teleop_control/share/teleop_control/package.zsh'
[20.381s] Level 1:colcon.colcon_core.environment:create_file_with_runtime_dependencies(/home/hermes/Hermes/hermes_ws/install/teleop_control/share/colcon-core/packages/teleop_control)
[20.382s] DEBUG:colcon.colcon_core.event_handler.log_command:Invoked command in '/home/hermes/Hermes/hermes_ws/src/cameras' returned '0': PYTHONPATH=/home/hermes/Hermes/hermes_ws/build/cameras/prefix_override:/home/hermes/Hermes/hermes_ws/install/cameras/lib/python3.8/site-packages:${PYTHONPATH} /usr/bin/python3 setup.py egg_info --egg-base ../../build/cameras build --build-base /home/hermes/Hermes/hermes_ws/build/cameras/build install --record /home/hermes/Hermes/hermes_ws/build/cameras/install.log --single-version-externally-managed
[20.477s] Level 1:colcon.colcon_core.environment:checking '/home/hermes/Hermes/hermes_ws/install/cameras' for CMake module files
[20.478s] Level 1:colcon.colcon_core.environment:checking '/home/hermes/Hermes/hermes_ws/install/cameras' for CMake config files
[20.479s] Level 1:colcon.colcon_core.environment:checking '/home/hermes/Hermes/hermes_ws/install/cameras/lib'
[20.479s] Level 1:colcon.colcon_core.environment:checking '/home/hermes/Hermes/hermes_ws/install/cameras/bin'
[20.480s] Level 1:colcon.colcon_core.environment:checking '/home/hermes/Hermes/hermes_ws/install/cameras/lib/pkgconfig/cameras.pc'
[20.480s] Level 1:colcon.colcon_core.environment:checking '/home/hermes/Hermes/hermes_ws/install/cameras/lib/python3.8/site-packages'
[20.480s] Level 1:colcon.colcon_core.shell:create_environment_hook('cameras', 'pythonpath')
[20.575s] INFO:colcon.colcon_core.shell:Creating environment hook '/home/hermes/Hermes/hermes_ws/install/cameras/share/cameras/hook/pythonpath.ps1'
[20.576s] INFO:colcon.colcon_core.shell:Creating environment descriptor '/home/hermes/Hermes/hermes_ws/install/cameras/share/cameras/hook/pythonpath.dsv'
[20.576s] INFO:colcon.colcon_core.shell:Creating environment hook '/home/hermes/Hermes/hermes_ws/install/cameras/share/cameras/hook/pythonpath.sh'
[20.577s] Level 1:colcon.colcon_core.environment:checking '/home/hermes/Hermes/hermes_ws/install/cameras/bin'
[20.577s] Level 1:colcon.colcon_core.environment:create_environment_scripts_only(cameras)
[20.674s] INFO:colcon.colcon_core.shell:Creating package script '/home/hermes/Hermes/hermes_ws/install/cameras/share/cameras/package.ps1'
[20.675s] INFO:colcon.colcon_core.shell:Creating package descriptor '/home/hermes/Hermes/hermes_ws/install/cameras/share/cameras/package.dsv'
[20.676s] INFO:colcon.colcon_core.shell:Creating package script '/home/hermes/Hermes/hermes_ws/install/cameras/share/cameras/package.sh'
[20.677s] INFO:colcon.colcon_core.shell:Creating package script '/home/hermes/Hermes/hermes_ws/install/cameras/share/cameras/package.bash'
[20.678s] INFO:colcon.colcon_core.shell:Creating package script '/home/hermes/Hermes/hermes_ws/install/cameras/share/cameras/package.zsh'
[20.678s] Level 1:colcon.colcon_core.environment:create_file_with_runtime_dependencies(/home/hermes/Hermes/hermes_ws/install/cameras/share/colcon-core/packages/cameras)
[20.681s] DEBUG:colcon.colcon_core.event_handler.log_command:Invoked command in '/home/hermes/Hermes/hermes_ws/src/odometry' returned '0': PYTHONPATH=/home/hermes/Hermes/hermes_ws/build/odometry/prefix_override:/home/hermes/Hermes/hermes_ws/install/odometry/lib/python3.8/site-packages:${PYTHONPATH} /usr/bin/python3 setup.py egg_info --egg-base ../../build/odometry build --build-base /home/hermes/Hermes/hermes_ws/build/odometry/build install --record /home/hermes/Hermes/hermes_ws/build/odometry/install.log --single-version-externally-managed
[20.777s] Level 1:colcon.colcon_core.environment:checking '/home/hermes/Hermes/hermes_ws/install/odometry' for CMake module files
[20.777s] Level 1:colcon.colcon_core.environment:checking '/home/hermes/Hermes/hermes_ws/install/odometry' for CMake config files
[20.779s] Level 1:colcon.colcon_core.environment:checking '/home/hermes/Hermes/hermes_ws/install/odometry/lib'
[20.779s] Level 1:colcon.colcon_core.environment:checking '/home/hermes/Hermes/hermes_ws/install/odometry/bin'
[20.779s] Level 1:colcon.colcon_core.environment:checking '/home/hermes/Hermes/hermes_ws/install/odometry/lib/pkgconfig/odometry.pc'
[20.779s] Level 1:colcon.colcon_core.environment:checking '/home/hermes/Hermes/hermes_ws/install/odometry/lib/python3.8/site-packages'
[20.779s] Level 1:colcon.colcon_core.shell:create_environment_hook('odometry', 'pythonpath')
[20.875s] INFO:colcon.colcon_core.shell:Creating environment hook '/home/hermes/Hermes/hermes_ws/install/odometry/share/odometry/hook/pythonpath.ps1'
[20.876s] INFO:colcon.colcon_core.shell:Creating environment descriptor '/home/hermes/Hermes/hermes_ws/install/odometry/share/odometry/hook/pythonpath.dsv'
[20.876s] INFO:colcon.colcon_core.shell:Creating environment hook '/home/hermes/Hermes/hermes_ws/install/odometry/share/odometry/hook/pythonpath.sh'
[20.877s] Level 1:colcon.colcon_core.environment:checking '/home/hermes/Hermes/hermes_ws/install/odometry/bin'
[20.877s] Level 1:colcon.colcon_core.environment:create_environment_scripts_only(odometry)
[20.973s] INFO:colcon.colcon_core.shell:Creating package script '/home/hermes/Hermes/hermes_ws/install/odometry/share/odometry/package.ps1'
[20.974s] INFO:colcon.colcon_core.shell:Creating package descriptor '/home/hermes/Hermes/hermes_ws/install/odometry/share/odometry/package.dsv'
[20.975s] INFO:colcon.colcon_core.shell:Creating package script '/home/hermes/Hermes/hermes_ws/install/odometry/share/odometry/package.sh'
[20.976s] INFO:colcon.colcon_core.shell:Creating package script '/home/hermes/Hermes/hermes_ws/install/odometry/share/odometry/package.bash'
[20.977s] INFO:colcon.colcon_core.shell:Creating package script '/home/hermes/Hermes/hermes_ws/install/odometry/share/odometry/package.zsh'
[20.977s] Level 1:colcon.colcon_core.environment:create_file_with_runtime_dependencies(/home/hermes/Hermes/hermes_ws/install/odometry/share/colcon-core/packages/odometry)
[20.978s] DEBUG:colcon.colcon_parallel_executor.executor.parallel:closing loop
[20.978s] DEBUG:colcon.colcon_parallel_executor.executor.parallel:loop closed
[20.979s] DEBUG:colcon.colcon_parallel_executor.executor.parallel:run_until_complete finished with '0'
[20.979s] DEBUG:colcon.colcon_core.event_reactor:joining thread
[21.084s] INFO:colcon.colcon_core.plugin_system:Skipping extension 'colcon_notification.desktop_notification.terminal_notifier': Not used on non-Darwin systems
[21.085s] INFO:colcon.colcon_core.plugin_system:Skipping extension 'colcon_notification.desktop_notification.win32': Not used on non-Windows systems
[21.085s] INFO:colcon.colcon_notification.desktop_notification:Sending desktop notification using 'notify2'
[21.122s] DEBUG:colcon.colcon_core.event_reactor:joined thread
[21.219s] INFO:colcon.colcon_core.shell:Creating prefix script '/home/hermes/Hermes/hermes_ws/install/local_setup.ps1'
[21.221s] INFO:colcon.colcon_core.shell:Creating prefix util module '/home/hermes/Hermes/hermes_ws/install/_local_setup_util_ps1.py'
[21.223s] INFO:colcon.colcon_core.shell:Creating prefix chain script '/home/hermes/Hermes/hermes_ws/install/setup.ps1'
[21.323s] INFO:colcon.colcon_core.shell:Creating prefix script '/home/hermes/Hermes/hermes_ws/install/local_setup.sh'
[21.324s] INFO:colcon.colcon_core.shell:Creating prefix util module '/home/hermes/Hermes/hermes_ws/install/_local_setup_util_sh.py'
[21.325s] INFO:colcon.colcon_core.shell:Creating prefix chain script '/home/hermes/Hermes/hermes_ws/install/setup.sh'
[21.423s] INFO:colcon.colcon_core.shell:Creating prefix script '/home/hermes/Hermes/hermes_ws/install/local_setup.bash'
[21.424s] INFO:colcon.colcon_core.shell:Creating prefix chain script '/home/hermes/Hermes/hermes_ws/install/setup.bash'
[21.522s] INFO:colcon.colcon_core.shell:Creating prefix script '/home/hermes/Hermes/hermes_ws/install/local_setup.zsh'
[21.523s] INFO:colcon.colcon_core.shell:Creating prefix chain script '/home/hermes/Hermes/hermes_ws/install/setup.zsh'
