[4.685s] Invoking command in '/home/hermes/Hermes/hermes_ws/src/gps_publisher': PYTHONPATH=/home/hermes/Hermes/hermes_ws/build/gps_publisher/prefix_override:/home/hermes/Hermes/hermes_ws/install/gps_publisher/lib/python3.10/site-packages:${PYTHONPATH} /usr/bin/python3 -W ignore:setup.py install is deprecated setup.py egg_info --egg-base ../../build/gps_publisher build --build-base /home/hermes/Hermes/hermes_ws/build/gps_publisher/build install --record /home/hermes/Hermes/hermes_ws/build/gps_publisher/install.log --single-version-externally-managed install_data
[5.263s] running egg_info
[5.265s] writing ../../build/gps_publisher/gps_publisher.egg-info/PKG-INFO
[5.266s] writing dependency_links to ../../build/gps_publisher/gps_publisher.egg-info/dependency_links.txt
[5.267s] writing entry points to ../../build/gps_publisher/gps_publisher.egg-info/entry_points.txt
[5.267s] writing requirements to ../../build/gps_publisher/gps_publisher.egg-info/requires.txt
[5.267s] writing top-level names to ../../build/gps_publisher/gps_publisher.egg-info/top_level.txt
[5.272s] reading manifest file '../../build/gps_publisher/gps_publisher.egg-info/SOURCES.txt'
[5.272s] adding license file 'LICENSE'
[5.274s] writing manifest file '../../build/gps_publisher/gps_publisher.egg-info/SOURCES.txt'
[5.274s] running build
[5.275s] running build_py
[5.275s] running install
[5.276s] running install_lib
[5.279s] running install_data
[5.280s] running install_egg_info
[5.284s] removing '/home/hermes/Hermes/hermes_ws/install/gps_publisher/lib/python3.10/site-packages/gps_publisher-0.0.0-py3.10.egg-info' (and everything under it)
[5.285s] Copying ../../build/gps_publisher/gps_publisher.egg-info to /home/hermes/Hermes/hermes_ws/install/gps_publisher/lib/python3.10/site-packages/gps_publisher-0.0.0-py3.10.egg-info
[5.287s] running install_scripts
[5.341s] Installing gps_publisher_node script to /home/hermes/Hermes/hermes_ws/install/gps_publisher/lib/gps_publisher
[5.342s] writing list of installed files to '/home/hermes/Hermes/hermes_ws/build/gps_publisher/install.log'
[5.480s] Invoked command in '/home/hermes/Hermes/hermes_ws/src/gps_publisher' returned '0': PYTHONPATH=/home/hermes/Hermes/hermes_ws/build/gps_publisher/prefix_override:/home/hermes/Hermes/hermes_ws/install/gps_publisher/lib/python3.10/site-packages:${PYTHONPATH} /usr/bin/python3 -W ignore:setup.py install is deprecated setup.py egg_info --egg-base ../../build/gps_publisher build --build-base /home/hermes/Hermes/hermes_ws/build/gps_publisher/build install --record /home/hermes/Hermes/hermes_ws/build/gps_publisher/install.log --single-version-externally-managed install_data
