[2.479s] Invoking command in '/home/hermes/Hermes/hermes_ws/build/hermes_urdf': CMAKE_PREFIX_PATH=/opt/ros/humble CONDA_PROMPT_MODIFIER=(base) /usr/bin/cmake /home/hermes/Hermes/hermes_ws/src/hermes_urdf -DCMAKE_INSTALL_PREFIX=/home/hermes/Hermes/hermes_ws/install/hermes_urdf
[2.509s] -- Found ament_cmake: 1.3.10 (/opt/ros/humble/share/ament_cmake/cmake)
[3.715s] -- Found Python3: /home/hermes/miniconda3/bin/python3 (found version "3.12.4") found components: Interpreter 
[4.024s] -- Found ament_lint_auto: 0.12.11 (/opt/ros/humble/share/ament_lint_auto/cmake)
[4.087s] Traceback (most recent call last):
[4.088s]   File "/opt/ros/humble/share/ament_cmake_core/cmake/core/package_xml_2_cmake.py", line 22, in <module>
[4.089s]     from catkin_pkg.package import parse_package_string
[4.091s] ModuleNotFoundError: No module named 'catkin_pkg'
[4.105s] [31mCMake Error at /opt/ros/humble/share/ament_cmake_core/cmake/core/ament_package_xml.cmake:95 (message):
[4.105s]   execute_process(/home/hermes/miniconda3/bin/python3
[4.105s]   /opt/ros/humble/share/ament_cmake_core/cmake/core/package_xml_2_cmake.py
[4.105s]   /home/hermes/Hermes/hermes_ws/src/hermes_urdf/package.xml
[4.106s]   /home/hermes/Hermes/hermes_ws/build/hermes_urdf/ament_cmake_core/package.cmake)
[4.106s]   returned error code 1
[4.106s] Call Stack (most recent call first):
[4.106s]   /opt/ros/humble/share/ament_cmake_core/cmake/core/ament_package_xml.cmake:49 (_ament_package_xml)
[4.106s]   /opt/ros/humble/share/ament_lint_auto/cmake/ament_lint_auto_find_test_dependencies.cmake:31 (ament_package_xml)
[4.106s]   CMakeLists.txt:28 (ament_lint_auto_find_test_dependencies)
[4.106s] 
[4.107s] [0m
[4.108s] -- Configuring incomplete, errors occurred!
[4.108s] See also "/home/hermes/Hermes/hermes_ws/build/hermes_urdf/CMakeFiles/CMakeOutput.log".
