[0.076s] Invoking command in '/home/hermes/Hermes/hermes_ws/build/image_geometry': CMAKE_PREFIX_PATH=${CMAKE_PREFIX_PATH}:/home/hermes/Hermes/hermes_ws/install/tof_publisher:/home/hermes/Hermes/hermes_ws/install/teleop_control:/home/hermes/Hermes/hermes_ws/install/robot_model:/home/hermes/Hermes/hermes_ws/install/odometry:/home/hermes/Hermes/hermes_ws/install/my_robot_description:/home/hermes/Hermes/hermes_ws/install/lidar_publisher:/home/hermes/Hermes/hermes_ws/install/launch_files:/home/hermes/Hermes/hermes_ws/install/imu_publisher:/home/hermes/Hermes/hermes_ws/install/hermes_navigation:/home/hermes/Hermes/hermes_ws/install/cmd_vel:/home/hermes/Hermes/hermes_ws/install/cameras:/home/hermes/Downloads/hermes/Hermes/install/tof_publisher:/home/hermes/Downloads/hermes/Hermes/install/teleop_control:/home/hermes/Downloads/hermes/Hermes/install/odometry:/home/hermes/Downloads/hermes/Hermes/install/imu_publisher:/home/hermes/Downloads/hermes/Hermes/install/gps_publisher:/home/hermes/Downloads/hermes/Hermes/install/cmd_vel:/home/hermes/Downloads/hermes/Hermes/install/cameras:/home/hermes/Downloads/hermes/ros2_ws/src/install/ros2_video_stream_pkg:/opt/ros/humble /usr/bin/cmake /home/hermes/Hermes/hermes_ws/src/vision_opencv/image_geometry -DCMAKE_INSTALL_PREFIX=/home/hermes/Hermes/hermes_ws/install/image_geometry
[0.125s] -- Found ament_cmake_python: 1.3.8 (/opt/ros/humble/share/ament_cmake_python/cmake)
[0.125s] -- Found ament_cmake_ros: 0.10.0 (/opt/ros/humble/share/ament_cmake_ros/cmake)
[0.535s] -- Override CMake install command with custom implementation using symlinks instead of copying resources
[0.753s] -- Found sensor_msgs: 4.2.3 (/opt/ros/humble/share/sensor_msgs/cmake)
[0.835s] -- Found rosidl_generator_c: 3.1.5 (/opt/ros/humble/share/rosidl_generator_c/cmake)
[0.840s] -- Found rosidl_adapter: 3.1.5 (/opt/ros/humble/share/rosidl_adapter/cmake)
[0.852s] -- Found rosidl_generator_cpp: 3.1.5 (/opt/ros/humble/share/rosidl_generator_cpp/cmake)
[0.877s] -- Using all available rosidl_typesupport_c: rosidl_typesupport_fastrtps_c;rosidl_typesupport_introspection_c
[0.911s] -- Using all available rosidl_typesupport_cpp: rosidl_typesupport_fastrtps_cpp;rosidl_typesupport_introspection_cpp
[1.338s] -- Found gtest sources under '/opt/ros/humble/src/gtest_vendor': C++ tests using 'Google Test' will be built
[1.526s] -- Configuring done
[1.562s] -- Generating done
[1.566s] -- Build files have been written to: /home/hermes/Hermes/hermes_ws/build/image_geometry
[1.586s] Invoked command in '/home/hermes/Hermes/hermes_ws/build/image_geometry' returned '0': CMAKE_PREFIX_PATH=${CMAKE_PREFIX_PATH}:/home/hermes/Hermes/hermes_ws/install/tof_publisher:/home/hermes/Hermes/hermes_ws/install/teleop_control:/home/hermes/Hermes/hermes_ws/install/robot_model:/home/hermes/Hermes/hermes_ws/install/odometry:/home/hermes/Hermes/hermes_ws/install/my_robot_description:/home/hermes/Hermes/hermes_ws/install/lidar_publisher:/home/hermes/Hermes/hermes_ws/install/launch_files:/home/hermes/Hermes/hermes_ws/install/imu_publisher:/home/hermes/Hermes/hermes_ws/install/hermes_navigation:/home/hermes/Hermes/hermes_ws/install/cmd_vel:/home/hermes/Hermes/hermes_ws/install/cameras:/home/hermes/Downloads/hermes/Hermes/install/tof_publisher:/home/hermes/Downloads/hermes/Hermes/install/teleop_control:/home/hermes/Downloads/hermes/Hermes/install/odometry:/home/hermes/Downloads/hermes/Hermes/install/imu_publisher:/home/hermes/Downloads/hermes/Hermes/install/gps_publisher:/home/hermes/Downloads/hermes/Hermes/install/cmd_vel:/home/hermes/Downloads/hermes/Hermes/install/cameras:/home/hermes/Downloads/hermes/ros2_ws/src/install/ros2_video_stream_pkg:/opt/ros/humble /usr/bin/cmake /home/hermes/Hermes/hermes_ws/src/vision_opencv/image_geometry -DCMAKE_INSTALL_PREFIX=/home/hermes/Hermes/hermes_ws/install/image_geometry
[1.587s] Invoking command in '/home/hermes/Hermes/hermes_ws/build/image_geometry': CMAKE_PREFIX_PATH=${CMAKE_PREFIX_PATH}:/home/hermes/Hermes/hermes_ws/install/tof_publisher:/home/hermes/Hermes/hermes_ws/install/teleop_control:/home/hermes/Hermes/hermes_ws/install/robot_model:/home/hermes/Hermes/hermes_ws/install/odometry:/home/hermes/Hermes/hermes_ws/install/my_robot_description:/home/hermes/Hermes/hermes_ws/install/lidar_publisher:/home/hermes/Hermes/hermes_ws/install/launch_files:/home/hermes/Hermes/hermes_ws/install/imu_publisher:/home/hermes/Hermes/hermes_ws/install/hermes_navigation:/home/hermes/Hermes/hermes_ws/install/cmd_vel:/home/hermes/Hermes/hermes_ws/install/cameras:/home/hermes/Downloads/hermes/Hermes/install/tof_publisher:/home/hermes/Downloads/hermes/Hermes/install/teleop_control:/home/hermes/Downloads/hermes/Hermes/install/odometry:/home/hermes/Downloads/hermes/Hermes/install/imu_publisher:/home/hermes/Downloads/hermes/Hermes/install/gps_publisher:/home/hermes/Downloads/hermes/Hermes/install/cmd_vel:/home/hermes/Downloads/hermes/Hermes/install/cameras:/home/hermes/Downloads/hermes/ros2_ws/src/install/ros2_video_stream_pkg:/opt/ros/humble /usr/bin/cmake --build /home/hermes/Hermes/hermes_ws/build/image_geometry -- -j6 -l6
[1.694s] [35m[1mConsolidate compiler generated dependencies of target image_geometry[0m
[1.709s] [35m[1mConsolidate compiler generated dependencies of target gtest_main[0m
[1.721s] [35m[1mConsolidate compiler generated dependencies of target gtest[0m
[1.765s] [  0%] Built target ament_cmake_python_symlink_image_geometry
[1.774s] [ 22%] Built target gtest_main
[1.785s] [ 55%] Built target image_geometry
[1.796s] [ 77%] Built target gtest
[1.822s] [35m[1mConsolidate compiler generated dependencies of target image_geometry-utest[0m
[1.877s] [100%] Built target image_geometry-utest
[2.451s] running egg_info
[2.453s] writing image_geometry.egg-info/PKG-INFO
[2.454s] writing dependency_links to image_geometry.egg-info/dependency_links.txt
[2.454s] writing top-level names to image_geometry.egg-info/top_level.txt
[2.461s] reading manifest file 'image_geometry.egg-info/SOURCES.txt'
[2.463s] writing manifest file 'image_geometry.egg-info/SOURCES.txt'
[2.552s] [100%] Built target ament_cmake_python_build_image_geometry_egg
[2.588s] Invoked command in '/home/hermes/Hermes/hermes_ws/build/image_geometry' returned '0': CMAKE_PREFIX_PATH=${CMAKE_PREFIX_PATH}:/home/hermes/Hermes/hermes_ws/install/tof_publisher:/home/hermes/Hermes/hermes_ws/install/teleop_control:/home/hermes/Hermes/hermes_ws/install/robot_model:/home/hermes/Hermes/hermes_ws/install/odometry:/home/hermes/Hermes/hermes_ws/install/my_robot_description:/home/hermes/Hermes/hermes_ws/install/lidar_publisher:/home/hermes/Hermes/hermes_ws/install/launch_files:/home/hermes/Hermes/hermes_ws/install/imu_publisher:/home/hermes/Hermes/hermes_ws/install/hermes_navigation:/home/hermes/Hermes/hermes_ws/install/cmd_vel:/home/hermes/Hermes/hermes_ws/install/cameras:/home/hermes/Downloads/hermes/Hermes/install/tof_publisher:/home/hermes/Downloads/hermes/Hermes/install/teleop_control:/home/hermes/Downloads/hermes/Hermes/install/odometry:/home/hermes/Downloads/hermes/Hermes/install/imu_publisher:/home/hermes/Downloads/hermes/Hermes/install/gps_publisher:/home/hermes/Downloads/hermes/Hermes/install/cmd_vel:/home/hermes/Downloads/hermes/Hermes/install/cameras:/home/hermes/Downloads/hermes/ros2_ws/src/install/ros2_video_stream_pkg:/opt/ros/humble /usr/bin/cmake --build /home/hermes/Hermes/hermes_ws/build/image_geometry -- -j6 -l6
[3.473s] Invoking command in '/home/hermes/Hermes/hermes_ws/build/image_geometry': CMAKE_PREFIX_PATH=${CMAKE_PREFIX_PATH}:/home/hermes/Hermes/hermes_ws/install/tof_publisher:/home/hermes/Hermes/hermes_ws/install/teleop_control:/home/hermes/Hermes/hermes_ws/install/robot_model:/home/hermes/Hermes/hermes_ws/install/odometry:/home/hermes/Hermes/hermes_ws/install/my_robot_description:/home/hermes/Hermes/hermes_ws/install/lidar_publisher:/home/hermes/Hermes/hermes_ws/install/launch_files:/home/hermes/Hermes/hermes_ws/install/imu_publisher:/home/hermes/Hermes/hermes_ws/install/hermes_navigation:/home/hermes/Hermes/hermes_ws/install/cmd_vel:/home/hermes/Hermes/hermes_ws/install/cameras:/home/hermes/Downloads/hermes/Hermes/install/tof_publisher:/home/hermes/Downloads/hermes/Hermes/install/teleop_control:/home/hermes/Downloads/hermes/Hermes/install/odometry:/home/hermes/Downloads/hermes/Hermes/install/imu_publisher:/home/hermes/Downloads/hermes/Hermes/install/gps_publisher:/home/hermes/Downloads/hermes/Hermes/install/cmd_vel:/home/hermes/Downloads/hermes/Hermes/install/cameras:/home/hermes/Downloads/hermes/ros2_ws/src/install/ros2_video_stream_pkg:/opt/ros/humble /usr/bin/cmake --install /home/hermes/Hermes/hermes_ws/build/image_geometry
[3.506s] -- Install configuration: ""
[3.510s] -- Execute custom install script
[3.511s] -- Up-to-date symlink: /home/hermes/Hermes/hermes_ws/install/image_geometry/share/image_geometry/environment/pythonpath.sh
[3.512s] -- Up-to-date symlink: /home/hermes/Hermes/hermes_ws/install/image_geometry/share/image_geometry/environment/pythonpath.dsv
[3.513s] -- Up-to-date symlink: /home/hermes/Hermes/hermes_ws/install/image_geometry/local/lib/python3.10/dist-packages/image_geometry-3.2.1-py3.10.egg-info/PKG-INFO
[3.514s] -- Up-to-date symlink: /home/hermes/Hermes/hermes_ws/install/image_geometry/local/lib/python3.10/dist-packages/image_geometry-3.2.1-py3.10.egg-info/SOURCES.txt
[3.514s] -- Up-to-date symlink: /home/hermes/Hermes/hermes_ws/install/image_geometry/local/lib/python3.10/dist-packages/image_geometry-3.2.1-py3.10.egg-info/dependency_links.txt
[3.516s] -- Up-to-date symlink: /home/hermes/Hermes/hermes_ws/install/image_geometry/local/lib/python3.10/dist-packages/image_geometry-3.2.1-py3.10.egg-info/top_level.txt
[3.517s] -- Up-to-date symlink: /home/hermes/Hermes/hermes_ws/install/image_geometry/local/lib/python3.10/dist-packages/image_geometry/__init__.py
[3.518s] -- Up-to-date symlink: /home/hermes/Hermes/hermes_ws/install/image_geometry/local/lib/python3.10/dist-packages/image_geometry/cameramodels.py
[3.518s] -- Up-to-date symlink: /home/hermes/Hermes/hermes_ws/install/image_geometry/include/image_geometry/image_geometry/pinhole_camera_model.h
[3.519s] -- Up-to-date symlink: /home/hermes/Hermes/hermes_ws/install/image_geometry/include/image_geometry/image_geometry/stereo_camera_model.h
[3.519s] -- Up-to-date symlink: /home/hermes/Hermes/hermes_ws/install/image_geometry/include/image_geometry/image_geometry/visibility_control.hpp
[3.520s] -- Up-to-date symlink: /home/hermes/Hermes/hermes_ws/install/image_geometry/share/ament_index/resource_index/package_run_dependencies/image_geometry
[3.520s] -- Up-to-date symlink: /home/hermes/Hermes/hermes_ws/install/image_geometry/share/ament_index/resource_index/parent_prefix_path/image_geometry
[3.520s] -- Up-to-date symlink: /home/hermes/Hermes/hermes_ws/install/image_geometry/share/image_geometry/environment/ament_prefix_path.sh
[3.521s] -- Up-to-date symlink: /home/hermes/Hermes/hermes_ws/install/image_geometry/share/image_geometry/environment/ament_prefix_path.dsv
[3.521s] -- Up-to-date symlink: /home/hermes/Hermes/hermes_ws/install/image_geometry/share/image_geometry/environment/path.sh
[3.521s] -- Up-to-date symlink: /home/hermes/Hermes/hermes_ws/install/image_geometry/share/image_geometry/environment/path.dsv
[3.522s] -- Up-to-date symlink: /home/hermes/Hermes/hermes_ws/install/image_geometry/share/image_geometry/local_setup.bash
[3.522s] -- Up-to-date symlink: /home/hermes/Hermes/hermes_ws/install/image_geometry/share/image_geometry/local_setup.sh
[3.523s] -- Up-to-date symlink: /home/hermes/Hermes/hermes_ws/install/image_geometry/share/image_geometry/local_setup.zsh
[3.523s] -- Up-to-date symlink: /home/hermes/Hermes/hermes_ws/install/image_geometry/share/image_geometry/local_setup.dsv
[3.523s] -- Symlinking: /home/hermes/Hermes/hermes_ws/install/image_geometry/share/image_geometry/package.dsv
[3.548s] -- Up-to-date symlink: /home/hermes/Hermes/hermes_ws/install/image_geometry/share/ament_index/resource_index/packages/image_geometry
[3.549s] -- Up-to-date symlink: /home/hermes/Hermes/hermes_ws/install/image_geometry/share/image_geometry/cmake/ament_cmake_export_targets-extras.cmake
[3.550s] -- Up-to-date symlink: /home/hermes/Hermes/hermes_ws/install/image_geometry/share/image_geometry/cmake/ament_cmake_export_dependencies-extras.cmake
[3.551s] -- Up-to-date symlink: /home/hermes/Hermes/hermes_ws/install/image_geometry/share/image_geometry/cmake/image_geometryConfig.cmake
[3.551s] -- Up-to-date symlink: /home/hermes/Hermes/hermes_ws/install/image_geometry/share/image_geometry/cmake/image_geometryConfig-version.cmake
[3.551s] -- Up-to-date symlink: /home/hermes/Hermes/hermes_ws/install/image_geometry/share/image_geometry/package.xml
[3.668s] Listing '/home/hermes/Hermes/hermes_ws/install/image_geometry/local/lib/python3.10/dist-packages/image_geometry'...
[3.681s] -- Up-to-date: /home/hermes/Hermes/hermes_ws/install/image_geometry/lib/libimage_geometry.so
[3.682s] -- Up-to-date: /home/hermes/Hermes/hermes_ws/install/image_geometry/share/image_geometry/cmake/export_image_geometryExport.cmake
[3.682s] -- Up-to-date: /home/hermes/Hermes/hermes_ws/install/image_geometry/share/image_geometry/cmake/export_image_geometryExport-noconfig.cmake
[3.690s] Invoked command in '/home/hermes/Hermes/hermes_ws/build/image_geometry' returned '0': CMAKE_PREFIX_PATH=${CMAKE_PREFIX_PATH}:/home/hermes/Hermes/hermes_ws/install/tof_publisher:/home/hermes/Hermes/hermes_ws/install/teleop_control:/home/hermes/Hermes/hermes_ws/install/robot_model:/home/hermes/Hermes/hermes_ws/install/odometry:/home/hermes/Hermes/hermes_ws/install/my_robot_description:/home/hermes/Hermes/hermes_ws/install/lidar_publisher:/home/hermes/Hermes/hermes_ws/install/launch_files:/home/hermes/Hermes/hermes_ws/install/imu_publisher:/home/hermes/Hermes/hermes_ws/install/hermes_navigation:/home/hermes/Hermes/hermes_ws/install/cmd_vel:/home/hermes/Hermes/hermes_ws/install/cameras:/home/hermes/Downloads/hermes/Hermes/install/tof_publisher:/home/hermes/Downloads/hermes/Hermes/install/teleop_control:/home/hermes/Downloads/hermes/Hermes/install/odometry:/home/hermes/Downloads/hermes/Hermes/install/imu_publisher:/home/hermes/Downloads/hermes/Hermes/install/gps_publisher:/home/hermes/Downloads/hermes/Hermes/install/cmd_vel:/home/hermes/Downloads/hermes/Hermes/install/cameras:/home/hermes/Downloads/hermes/ros2_ws/src/install/ros2_video_stream_pkg:/opt/ros/humble /usr/bin/cmake --install /home/hermes/Hermes/hermes_ws/build/image_geometry
