[2.011s] Invoking command in '/home/raivo/Hermes/hermes_ws/src/odometry_publisher': PYTHONPATH=/home/raivo/Hermes/hermes_ws/build/odometry_publisher/prefix_override:/home/raivo/Hermes/hermes_ws/install/odometry_publisher/lib/python3.10/site-packages:${PYTHONPATH} /usr/bin/python3 -W ignore:setup.py install is deprecated setup.py egg_info --egg-base ../../build/odometry_publisher build --build-base /home/raivo/Hermes/hermes_ws/build/odometry_publisher/build install --record /home/raivo/Hermes/hermes_ws/build/odometry_publisher/install.log --single-version-externally-managed install_data
[2.284s] running egg_info
[2.285s] creating ../../build/odometry_publisher/odometry_publisher.egg-info
[2.297s] writing ../../build/odometry_publisher/odometry_publisher.egg-info/PKG-INFO
[2.298s] writing dependency_links to ../../build/odometry_publisher/odometry_publisher.egg-info/dependency_links.txt
[2.298s] writing entry points to ../../build/odometry_publisher/odometry_publisher.egg-info/entry_points.txt
[2.299s] writing requirements to ../../build/odometry_publisher/odometry_publisher.egg-info/requires.txt
[2.299s] writing top-level names to ../../build/odometry_publisher/odometry_publisher.egg-info/top_level.txt
[2.299s] writing manifest file '../../build/odometry_publisher/odometry_publisher.egg-info/SOURCES.txt'
[2.332s] reading manifest file '../../build/odometry_publisher/odometry_publisher.egg-info/SOURCES.txt'
[2.333s] Traceback (most recent call last):
[2.333s]   File "/home/raivo/Hermes/hermes_ws/src/odometry_publisher/setup.py", line 7, in <module>
[2.333s]     setup(
[2.333s]   File "/home/raivo/.local/lib/python3.10/site-packages/setuptools/__init__.py", line 117, in setup
[2.333s]     return distutils.core.setup(**attrs)
[2.333s]   File "/home/raivo/.local/lib/python3.10/site-packages/setuptools/_distutils/core.py", line 183, in setup
[2.333s]     return run_commands(dist)
[2.333s]   File "/home/raivo/.local/lib/python3.10/site-packages/setuptools/_distutils/core.py", line 199, in run_commands
[2.333s]     dist.run_commands()
[2.333s]   File "/home/raivo/.local/lib/python3.10/site-packages/setuptools/_distutils/dist.py", line 954, in run_commands
[2.333s]     self.run_command(cmd)
[2.333s]   File "/home/raivo/.local/lib/python3.10/site-packages/setuptools/dist.py", line 950, in run_command
[2.333s]     super().run_command(command)
[2.333s]   File "/home/raivo/.local/lib/python3.10/site-packages/setuptools/_distutils/dist.py", line 973, in run_command
[2.333s]     cmd_obj.run()
[2.333s]   File "/home/raivo/.local/lib/python3.10/site-packages/setuptools/command/egg_info.py", line 311, in run
[2.334s]     self.find_sources()
[2.334s]   File "/home/raivo/.local/lib/python3.10/site-packages/setuptools/command/egg_info.py", line 319, in find_sources
[2.334s]     mm.run()
[2.334s]   File "/home/raivo/.local/lib/python3.10/site-packages/setuptools/command/egg_info.py", line 545, in run
[2.334s]     self.prune_file_list()
[2.334s]   File "/home/raivo/.local/lib/python3.10/site-packages/setuptools/command/sdist.py", line 161, in prune_file_list
[2.334s]     super().prune_file_list()
[2.334s]   File "/home/raivo/.local/lib/python3.10/site-packages/setuptools/_distutils/command/sdist.py", line 380, in prune_file_list
[2.334s]     base_dir = self.distribution.get_fullname()
[2.334s]   File "/home/raivo/.local/lib/python3.10/site-packages/setuptools/_core_metadata.py", line 267, in get_fullname
[2.334s]     return _distribution_fullname(self.get_name(), self.get_version())
[2.334s]   File "/home/raivo/.local/lib/python3.10/site-packages/setuptools/_core_metadata.py", line 285, in _distribution_fullname
[2.334s]     canonicalize_version(version, strip_trailing_zero=False),
[2.334s] TypeError: canonicalize_version() got an unexpected keyword argument 'strip_trailing_zero'
[2.365s] Invoked command in '/home/raivo/Hermes/hermes_ws/src/odometry_publisher' returned '1': PYTHONPATH=/home/raivo/Hermes/hermes_ws/build/odometry_publisher/prefix_override:/home/raivo/Hermes/hermes_ws/install/odometry_publisher/lib/python3.10/site-packages:${PYTHONPATH} /usr/bin/python3 -W ignore:setup.py install is deprecated setup.py egg_info --egg-base ../../build/odometry_publisher build --build-base /home/raivo/Hermes/hermes_ws/build/odometry_publisher/build install --record /home/raivo/Hermes/hermes_ws/build/odometry_publisher/install.log --single-version-externally-managed install_data
