[1.795s] Invoking command in '/home/raivo/Hermes/hermes_ws/src/path_creator': PYTHONPATH=/home/raivo/Hermes/hermes_ws/build/path_creator/prefix_override:/home/raivo/Hermes/hermes_ws/install/path_creator/lib/python3.10/site-packages:${PYTHONPATH} /usr/bin/python3 -W ignore:setup.py install is deprecated setup.py egg_info --egg-base ../../build/path_creator build --build-base /home/raivo/Hermes/hermes_ws/build/path_creator/build install --record /home/raivo/Hermes/hermes_ws/build/path_creator/install.log --single-version-externally-managed install_data
[2.171s] running egg_info
[2.194s] writing ../../build/path_creator/path_creator.egg-info/PKG-INFO
[2.194s] writing dependency_links to ../../build/path_creator/path_creator.egg-info/dependency_links.txt
[2.194s] writing entry points to ../../build/path_creator/path_creator.egg-info/entry_points.txt
[2.194s] writing requirements to ../../build/path_creator/path_creator.egg-info/requires.txt
[2.194s] writing top-level names to ../../build/path_creator/path_creator.egg-info/top_level.txt
[2.233s] reading manifest file '../../build/path_creator/path_creator.egg-info/SOURCES.txt'
[2.235s] Traceback (most recent call last):
[2.235s]   File "/home/raivo/Hermes/hermes_ws/src/path_creator/setup.py", line 5, in <module>
[2.235s]     setup(
[2.235s]   File "/home/raivo/.local/lib/python3.10/site-packages/setuptools/__init__.py", line 117, in setup
[2.235s]     return distutils.core.setup(**attrs)
[2.235s]   File "/home/raivo/.local/lib/python3.10/site-packages/setuptools/_distutils/core.py", line 183, in setup
[2.235s]     return run_commands(dist)
[2.235s]   File "/home/raivo/.local/lib/python3.10/site-packages/setuptools/_distutils/core.py", line 199, in run_commands
[2.235s]     dist.run_commands()
[2.235s]   File "/home/raivo/.local/lib/python3.10/site-packages/setuptools/_distutils/dist.py", line 954, in run_commands
[2.235s]     self.run_command(cmd)
[2.235s]   File "/home/raivo/.local/lib/python3.10/site-packages/setuptools/dist.py", line 950, in run_command
[2.236s]     super().run_command(command)
[2.236s]   File "/home/raivo/.local/lib/python3.10/site-packages/setuptools/_distutils/dist.py", line 973, in run_command
[2.236s]     cmd_obj.run()
[2.236s]   File "/home/raivo/.local/lib/python3.10/site-packages/setuptools/command/egg_info.py", line 311, in run
[2.236s]     self.find_sources()
[2.236s]   File "/home/raivo/.local/lib/python3.10/site-packages/setuptools/command/egg_info.py", line 319, in find_sources
[2.236s]     mm.run()
[2.236s]   File "/home/raivo/.local/lib/python3.10/site-packages/setuptools/command/egg_info.py", line 545, in run
[2.236s]     self.prune_file_list()
[2.236s]   File "/home/raivo/.local/lib/python3.10/site-packages/setuptools/command/sdist.py", line 161, in prune_file_list
[2.236s]     super().prune_file_list()
[2.236s]   File "/home/raivo/.local/lib/python3.10/site-packages/setuptools/_distutils/command/sdist.py", line 380, in prune_file_list
[2.236s]     base_dir = self.distribution.get_fullname()
[2.236s]   File "/home/raivo/.local/lib/python3.10/site-packages/setuptools/_core_metadata.py", line 267, in get_fullname
[2.236s]     return _distribution_fullname(self.get_name(), self.get_version())
[2.237s]   File "/home/raivo/.local/lib/python3.10/site-packages/setuptools/_core_metadata.py", line 285, in _distribution_fullname
[2.237s]     canonicalize_version(version, strip_trailing_zero=False),
[2.237s] TypeError: canonicalize_version() got an unexpected keyword argument 'strip_trailing_zero'
[2.270s] Invoked command in '/home/raivo/Hermes/hermes_ws/src/path_creator' returned '1': PYTHONPATH=/home/raivo/Hermes/hermes_ws/build/path_creator/prefix_override:/home/raivo/Hermes/hermes_ws/install/path_creator/lib/python3.10/site-packages:${PYTHONPATH} /usr/bin/python3 -W ignore:setup.py install is deprecated setup.py egg_info --egg-base ../../build/path_creator build --build-base /home/raivo/Hermes/hermes_ws/build/path_creator/build install --record /home/raivo/Hermes/hermes_ws/build/path_creator/install.log --single-version-externally-managed install_data
