[3.029s] Invoking command in '/home/raivo/Hermes/hermes_ws/src/gps_publisher': PYTHONPATH=/home/raivo/Hermes/hermes_ws/build/gps_publisher/prefix_override:/home/raivo/Hermes/hermes_ws/install/gps_publisher/lib/python3.10/site-packages:${PYTHONPATH} /usr/bin/python3 -W ignore:setup.py install is deprecated setup.py egg_info --egg-base ../../build/gps_publisher build --build-base /home/raivo/Hermes/hermes_ws/build/gps_publisher/build install --record /home/raivo/Hermes/hermes_ws/build/gps_publisher/install.log --single-version-externally-managed install_data
[3.448s] /home/raivo/.local/lib/python3.10/site-packages/setuptools/_distutils/dist.py:261: UserWarning: Unknown distribution option: 'tests_require'
[3.448s]   warnings.warn(msg)
[3.578s] running egg_info
[3.598s] writing ../../build/gps_publisher/gps_publisher.egg-info/PKG-INFO
[3.599s] writing dependency_links to ../../build/gps_publisher/gps_publisher.egg-info/dependency_links.txt
[3.599s] writing entry points to ../../build/gps_publisher/gps_publisher.egg-info/entry_points.txt
[3.599s] writing requirements to ../../build/gps_publisher/gps_publisher.egg-info/requires.txt
[3.599s] writing top-level names to ../../build/gps_publisher/gps_publisher.egg-info/top_level.txt
[3.639s] reading manifest file '../../build/gps_publisher/gps_publisher.egg-info/SOURCES.txt'
[3.640s] Traceback (most recent call last):
[3.640s]   File "/home/raivo/Hermes/hermes_ws/src/gps_publisher/setup.py", line 5, in <module>
[3.640s]     setup(
[3.640s]   File "/home/raivo/.local/lib/python3.10/site-packages/setuptools/__init__.py", line 117, in setup
[3.640s]     return distutils.core.setup(**attrs)
[3.640s]   File "/home/raivo/.local/lib/python3.10/site-packages/setuptools/_distutils/core.py", line 183, in setup
[3.640s]     return run_commands(dist)
[3.640s]   File "/home/raivo/.local/lib/python3.10/site-packages/setuptools/_distutils/core.py", line 199, in run_commands
[3.640s]     dist.run_commands()
[3.640s]   File "/home/raivo/.local/lib/python3.10/site-packages/setuptools/_distutils/dist.py", line 954, in run_commands
[3.640s]     self.run_command(cmd)
[3.640s]   File "/home/raivo/.local/lib/python3.10/site-packages/setuptools/dist.py", line 950, in run_command
[3.641s]     super().run_command(command)
[3.641s]   File "/home/raivo/.local/lib/python3.10/site-packages/setuptools/_distutils/dist.py", line 973, in run_command
[3.641s]     cmd_obj.run()
[3.641s]   File "/home/raivo/.local/lib/python3.10/site-packages/setuptools/command/egg_info.py", line 311, in run
[3.641s]     self.find_sources()
[3.641s]   File "/home/raivo/.local/lib/python3.10/site-packages/setuptools/command/egg_info.py", line 319, in find_sources
[3.641s]     mm.run()
[3.641s]   File "/home/raivo/.local/lib/python3.10/site-packages/setuptools/command/egg_info.py", line 545, in run
[3.641s]     self.prune_file_list()
[3.641s]   File "/home/raivo/.local/lib/python3.10/site-packages/setuptools/command/sdist.py", line 161, in prune_file_list
[3.641s]     super().prune_file_list()
[3.641s]   File "/home/raivo/.local/lib/python3.10/site-packages/setuptools/_distutils/command/sdist.py", line 380, in prune_file_list
[3.641s]     base_dir = self.distribution.get_fullname()
[3.641s]   File "/home/raivo/.local/lib/python3.10/site-packages/setuptools/_core_metadata.py", line 267, in get_fullname
[3.642s]     return _distribution_fullname(self.get_name(), self.get_version())
[3.642s]   File "/home/raivo/.local/lib/python3.10/site-packages/setuptools/_core_metadata.py", line 285, in _distribution_fullname
[3.642s]     canonicalize_version(version, strip_trailing_zero=False),
[3.642s] TypeError: canonicalize_version() got an unexpected keyword argument 'strip_trailing_zero'
