[1.633s] Invoking command in '/home/hermes/Hermes/hermes_ws/src/object_detection': PYTHONPATH=/home/hermes/Hermes/hermes_ws/build/object_detection/prefix_override:/usr/lib/python3/dist-packages/colcon_core/task/python/colcon_distutils_commands:/home/hermes/Hermes/hermes_ws/install/object_detection/lib/python3.10/site-packages:${PYTHONPATH} /usr/bin/python3 -W ignore:setup.py install is deprecated setup.py egg_info --egg-base ../../build/object_detection build --build-base /home/hermes/Hermes/hermes_ws/build/object_detection/build install --record /home/hermes/Hermes/hermes_ws/build/object_detection/install.log --single-version-externally-managed install_data
[2.234s] running egg_info
[2.235s] writing ../../build/object_detection/object_detection.egg-info/PKG-INFO
[2.236s] writing dependency_links to ../../build/object_detection/object_detection.egg-info/dependency_links.txt
[2.238s] writing entry points to ../../build/object_detection/object_detection.egg-info/entry_points.txt
[2.239s] writing requirements to ../../build/object_detection/object_detection.egg-info/requires.txt
[2.239s] writing top-level names to ../../build/object_detection/object_detection.egg-info/top_level.txt
[2.241s] reading manifest file '../../build/object_detection/object_detection.egg-info/SOURCES.txt'
[2.243s] writing manifest file '../../build/object_detection/object_detection.egg-info/SOURCES.txt'
[2.244s] running build
[2.244s] running build_py
[2.245s] running install
[2.246s] running install_lib
[2.248s] running install_data
[2.248s] running install_egg_info
[2.266s] removing '/home/hermes/Hermes/hermes_ws/install/object_detection/lib/python3.10/site-packages/object_detection-0.0.0-py3.10.egg-info' (and everything under it)
[2.266s] Copying ../../build/object_detection/object_detection.egg-info to /home/hermes/Hermes/hermes_ws/install/object_detection/lib/python3.10/site-packages/object_detection-0.0.0-py3.10.egg-info
[2.266s] running install_scripts
[2.301s] Installing object_detection script to /home/hermes/Hermes/hermes_ws/install/object_detection/lib/object_detection
[2.302s] writing list of installed files to '/home/hermes/Hermes/hermes_ws/build/object_detection/install.log'
[2.377s] Invoked command in '/home/hermes/Hermes/hermes_ws/src/object_detection' returned '0': PYTHONPATH=/home/hermes/Hermes/hermes_ws/build/object_detection/prefix_override:/usr/lib/python3/dist-packages/colcon_core/task/python/colcon_distutils_commands:/home/hermes/Hermes/hermes_ws/install/object_detection/lib/python3.10/site-packages:${PYTHONPATH} /usr/bin/python3 -W ignore:setup.py install is deprecated setup.py egg_info --egg-base ../../build/object_detection build --build-base /home/hermes/Hermes/hermes_ws/build/object_detection/build install --record /home/hermes/Hermes/hermes_ws/build/object_detection/install.log --single-version-externally-managed install_data
