[3.944s] Invoking command in '/home/hermes/Hermes/hermes_ws/build/cameras': PYTHONPATH=/home/hermes/Hermes/hermes_ws/build/cameras/prefix_override:/home/hermes/Hermes/hermes_ws/install/cameras/lib/python3.10/site-packages:${PYTHONPATH} /usr/bin/python3 -W ignore:setup.py install is deprecated setup.py develop --uninstall --editable --build-directory /home/hermes/Hermes/hermes_ws/build/cameras/build
[4.570s] running develop
[4.570s] /usr/lib/python3/dist-packages/setuptools/command/easy_install.py:158: EasyInstallDeprecationWarning: easy_install command is deprecated. Use build and pip and other standards-based tools.
[4.570s]   warnings.warn(
[4.947s] Removing /home/hermes/Hermes/hermes_ws/install/cameras/lib/python3.10/site-packages/cameras.egg-link (link to .)
[5.070s] Invoked command in '/home/hermes/Hermes/hermes_ws/build/cameras' returned '0': PYTHONPATH=/home/hermes/Hermes/hermes_ws/build/cameras/prefix_override:/home/hermes/Hermes/hermes_ws/install/cameras/lib/python3.10/site-packages:${PYTHONPATH} /usr/bin/python3 -W ignore:setup.py install is deprecated setup.py develop --uninstall --editable --build-directory /home/hermes/Hermes/hermes_ws/build/cameras/build
[5.071s] Invoking command in '/home/hermes/Hermes/hermes_ws/src/cameras': PYTHONPATH=/home/hermes/Hermes/hermes_ws/build/cameras/prefix_override:/home/hermes/Hermes/hermes_ws/install/cameras/lib/python3.10/site-packages:${PYTHONPATH} /usr/bin/python3 -W ignore:setup.py install is deprecated setup.py egg_info --egg-base ../../build/cameras build --build-base /home/hermes/Hermes/hermes_ws/build/cameras/build install --record /home/hermes/Hermes/hermes_ws/build/cameras/install.log --single-version-externally-managed install_data --force
[5.659s] running egg_info
[5.661s] writing ../../build/cameras/cameras.egg-info/PKG-INFO
[5.662s] writing dependency_links to ../../build/cameras/cameras.egg-info/dependency_links.txt
[5.662s] writing entry points to ../../build/cameras/cameras.egg-info/entry_points.txt
[5.663s] writing requirements to ../../build/cameras/cameras.egg-info/requires.txt
[5.663s] writing top-level names to ../../build/cameras/cameras.egg-info/top_level.txt
[5.669s] reading manifest file '../../build/cameras/cameras.egg-info/SOURCES.txt'
[5.669s] adding license file 'LICENSE'
[5.671s] writing manifest file '../../build/cameras/cameras.egg-info/SOURCES.txt'
[5.671s] running build
[5.671s] running build_py
[5.672s] running install
[5.673s] running install_lib
[5.675s] creating /home/hermes/Hermes/hermes_ws/install/cameras/lib/python3.10/site-packages/cameras
[5.675s] copying /home/hermes/Hermes/hermes_ws/build/cameras/build/lib/cameras/realsense.py -> /home/hermes/Hermes/hermes_ws/install/cameras/lib/python3.10/site-packages/cameras
[5.675s] copying /home/hermes/Hermes/hermes_ws/build/cameras/build/lib/cameras/cameras_node.py -> /home/hermes/Hermes/hermes_ws/install/cameras/lib/python3.10/site-packages/cameras
[5.676s] copying /home/hermes/Hermes/hermes_ws/build/cameras/build/lib/cameras/__init__.py -> /home/hermes/Hermes/hermes_ws/install/cameras/lib/python3.10/site-packages/cameras
[5.676s] copying /home/hermes/Hermes/hermes_ws/build/cameras/build/lib/cameras/cam2.py -> /home/hermes/Hermes/hermes_ws/install/cameras/lib/python3.10/site-packages/cameras
[5.678s] byte-compiling /home/hermes/Hermes/hermes_ws/install/cameras/lib/python3.10/site-packages/cameras/realsense.py to realsense.cpython-310.pyc
[5.680s] byte-compiling /home/hermes/Hermes/hermes_ws/install/cameras/lib/python3.10/site-packages/cameras/cameras_node.py to cameras_node.cpython-310.pyc
[5.680s] byte-compiling /home/hermes/Hermes/hermes_ws/install/cameras/lib/python3.10/site-packages/cameras/__init__.py to __init__.cpython-310.pyc
[5.681s] byte-compiling /home/hermes/Hermes/hermes_ws/install/cameras/lib/python3.10/site-packages/cameras/cam2.py to cam2.cpython-310.pyc
[5.682s] running install_data
[5.682s] copying resource/cameras -> /home/hermes/Hermes/hermes_ws/install/cameras/share/ament_index/resource_index/packages
[5.683s] copying package.xml -> /home/hermes/Hermes/hermes_ws/install/cameras/share/cameras
[5.683s] running install_egg_info
[5.689s] Copying ../../build/cameras/cameras.egg-info to /home/hermes/Hermes/hermes_ws/install/cameras/lib/python3.10/site-packages/cameras-0.0.0-py3.10.egg-info
[5.691s] running install_scripts
[5.747s] Installing cameras_node script to /home/hermes/Hermes/hermes_ws/install/cameras/lib/cameras
[5.749s] writing list of installed files to '/home/hermes/Hermes/hermes_ws/build/cameras/install.log'
[6.402s] Invoked command in '/home/hermes/Hermes/hermes_ws/src/cameras' returned '0': PYTHONPATH=/home/hermes/Hermes/hermes_ws/build/cameras/prefix_override:/home/hermes/Hermes/hermes_ws/install/cameras/lib/python3.10/site-packages:${PYTHONPATH} /usr/bin/python3 -W ignore:setup.py install is deprecated setup.py egg_info --egg-base ../../build/cameras build --build-base /home/hermes/Hermes/hermes_ws/build/cameras/build install --record /home/hermes/Hermes/hermes_ws/build/cameras/install.log --single-version-externally-managed install_data --force
