[0.044s] Invoking command in '/home/hermes/Hermes/hermes_ws/build/ldlidar_component': CONDA_PROMPT_MODIFIER=(base) /usr/bin/cmake /home/hermes/Hermes/hermes_ws/src/lidar_publisher/ldlidar_component -DCMAKE_INSTALL_PREFIX=/home/hermes/Hermes/hermes_ws/install/ldlidar_component
[1.841s] -- The C compiler identification is GNU 11.4.0
[1.842s] -- The CXX compiler identification is GNU 11.4.0
[1.842s] -- Detecting C compiler ABI info
[1.842s] -- Detecting C compiler ABI info - done
[1.842s] -- Check for working C compiler: /usr/bin/cc - skipped
[1.842s] -- Detecting C compile features
[1.843s] -- Detecting C compile features - done
[1.843s] -- Detecting CXX compiler ABI info
[1.843s] -- Detecting CXX compiler ABI info - done
[1.843s] -- Check for working CXX compiler: /usr/bin/c++ - skipped
[1.843s] -- Detecting CXX compile features
[1.843s] -- Detecting CXX compile features - done
[1.843s] --  * Release Mode
[1.843s] -- Configuring incomplete, errors occurred!
[1.844s] See also "/home/hermes/Hermes/hermes_ws/build/ldlidar_component/CMakeFiles/CMakeOutput.log".
[1.844s] [33mCMake Warning at CMakeLists.txt:52 (message):
[1.844s]   * ROS2 distro variable not set.  Trying to figure it out...
[1.844s] 
[1.844s] [0m
[1.844s] [31mCMake Error at CMakeLists.txt:75 (message):
[1.844s]   *** WARNING *** ROS2 distro is unknown.  This package could not work
[1.844s]   correctly.
[1.845s] 
[1.845s] [0m
[1.848s] Invoked command in '/home/hermes/Hermes/hermes_ws/build/ldlidar_component' returned '1': CONDA_PROMPT_MODIFIER=(base) /usr/bin/cmake /home/hermes/Hermes/hermes_ws/src/lidar_publisher/ldlidar_component -DCMAKE_INSTALL_PREFIX=/home/hermes/Hermes/hermes_ws/install/ldlidar_component
