[5.579s] Invoking command in '/home/raivo/Hermes/hermes_ws/src/cameras': PYTHONPATH=/home/raivo/Hermes/hermes_ws/build/cameras/prefix_override:/home/raivo/Hermes/hermes_ws/install/cameras/lib/python3.8/site-packages:${PYTHONPATH} /usr/bin/python3 setup.py egg_info --egg-base ../../build/cameras build --build-base /home/raivo/Hermes/hermes_ws/build/cameras/build install --record /home/raivo/Hermes/hermes_ws/build/cameras/install.log --single-version-externally-managed
[6.035s] running egg_info
[6.036s] writing ../../build/cameras/cameras.egg-info/PKG-INFO
[6.036s] writing dependency_links to ../../build/cameras/cameras.egg-info/dependency_links.txt
[6.036s] writing entry points to ../../build/cameras/cameras.egg-info/entry_points.txt
[6.036s] writing requirements to ../../build/cameras/cameras.egg-info/requires.txt
[6.036s] writing top-level names to ../../build/cameras/cameras.egg-info/top_level.txt
[6.080s] reading manifest file '../../build/cameras/cameras.egg-info/SOURCES.txt'
[6.081s] writing manifest file '../../build/cameras/cameras.egg-info/SOURCES.txt'
[6.081s] running build
[6.081s] running build_py
[6.081s] running install
[6.084s] running install_lib
[6.088s] running install_data
[6.089s] running install_egg_info
[6.093s] removing '/home/raivo/Hermes/hermes_ws/install/cameras/lib/python3.8/site-packages/cameras-0.0.0-py3.8.egg-info' (and everything under it)
[6.093s] Copying ../../build/cameras/cameras.egg-info to /home/raivo/Hermes/hermes_ws/install/cameras/lib/python3.8/site-packages/cameras-0.0.0-py3.8.egg-info
[6.094s] running install_scripts
[6.122s] Installing cameras_node script to /home/raivo/Hermes/hermes_ws/install/cameras/lib/cameras
[6.122s] writing list of installed files to '/home/raivo/Hermes/hermes_ws/build/cameras/install.log'
[6.142s] Invoked command in '/home/raivo/Hermes/hermes_ws/src/cameras' returned '0': PYTHONPATH=/home/raivo/Hermes/hermes_ws/build/cameras/prefix_override:/home/raivo/Hermes/hermes_ws/install/cameras/lib/python3.8/site-packages:${PYTHONPATH} /usr/bin/python3 setup.py egg_info --egg-base ../../build/cameras build --build-base /home/raivo/Hermes/hermes_ws/build/cameras/build install --record /home/raivo/Hermes/hermes_ws/build/cameras/install.log --single-version-externally-managed
