[4.258s] Invoking command in '/home/hermes/Hermes/hermes_ws/src/cmd_vel': PYTHONPATH=/home/hermes/Hermes/hermes_ws/build/cmd_vel/prefix_override:/usr/lib/python3/dist-packages/colcon_core/task/python/colcon_distutils_commands:/home/hermes/Hermes/hermes_ws/install/cmd_vel/lib/python3.10/site-packages:${PYTHONPATH} /usr/bin/python3 -W ignore:setup.py install is deprecated setup.py egg_info --egg-base ../../build/cmd_vel build --build-base /home/hermes/Hermes/hermes_ws/build/cmd_vel/build install --record /home/hermes/Hermes/hermes_ws/build/cmd_vel/install.log --single-version-externally-managed install_data
[5.003s] running egg_info
[5.006s] writing ../../build/cmd_vel/cmd_vel.egg-info/PKG-INFO
[5.007s] writing dependency_links to ../../build/cmd_vel/cmd_vel.egg-info/dependency_links.txt
[5.007s] writing entry points to ../../build/cmd_vel/cmd_vel.egg-info/entry_points.txt
[5.007s] writing requirements to ../../build/cmd_vel/cmd_vel.egg-info/requires.txt
[5.008s] writing top-level names to ../../build/cmd_vel/cmd_vel.egg-info/top_level.txt
[5.012s] reading manifest file '../../build/cmd_vel/cmd_vel.egg-info/SOURCES.txt'
[5.014s] writing manifest file '../../build/cmd_vel/cmd_vel.egg-info/SOURCES.txt'
[5.015s] running build
[5.015s] running build_py
[5.017s] running install
[5.018s] running install_lib
[5.022s] running install_data
[5.023s] running install_egg_info
[5.030s] removing '/home/hermes/Hermes/hermes_ws/install/cmd_vel/lib/python3.10/site-packages/cmd_vel-0.0.0-py3.10.egg-info' (and everything under it)
[5.030s] Copying ../../build/cmd_vel/cmd_vel.egg-info to /home/hermes/Hermes/hermes_ws/install/cmd_vel/lib/python3.10/site-packages/cmd_vel-0.0.0-py3.10.egg-info
[5.032s] running install_scripts
[5.088s] Installing cmd_vel_controll script to /home/hermes/Hermes/hermes_ws/install/cmd_vel/lib/cmd_vel
[5.090s] writing list of installed files to '/home/hermes/Hermes/hermes_ws/build/cmd_vel/install.log'
[5.223s] Invoked command in '/home/hermes/Hermes/hermes_ws/src/cmd_vel' returned '0': PYTHONPATH=/home/hermes/Hermes/hermes_ws/build/cmd_vel/prefix_override:/usr/lib/python3/dist-packages/colcon_core/task/python/colcon_distutils_commands:/home/hermes/Hermes/hermes_ws/install/cmd_vel/lib/python3.10/site-packages:${PYTHONPATH} /usr/bin/python3 -W ignore:setup.py install is deprecated setup.py egg_info --egg-base ../../build/cmd_vel build --build-base /home/hermes/Hermes/hermes_ws/build/cmd_vel/build install --record /home/hermes/Hermes/hermes_ws/build/cmd_vel/install.log --single-version-externally-managed install_data
