[1.941s] Invoking command in '/home/raivo/Hermes/hermes_ws/src/multi_package_launcher': PYTHONPATH=/home/raivo/Hermes/hermes_ws/build/multi_package_launcher/prefix_override:/home/raivo/Hermes/hermes_ws/install/multi_package_launcher/lib/python3.10/site-packages:${PYTHONPATH} /usr/bin/python3 -W ignore:setup.py install is deprecated setup.py egg_info --egg-base ../../build/multi_package_launcher build --build-base /home/raivo/Hermes/hermes_ws/build/multi_package_launcher/build install --record /home/raivo/Hermes/hermes_ws/build/multi_package_launcher/install.log --single-version-externally-managed install_data
[2.215s] running egg_info
[2.216s] writing ../../build/multi_package_launcher/multi_package_launcher.egg-info/PKG-INFO
[2.216s] writing dependency_links to ../../build/multi_package_launcher/multi_package_launcher.egg-info/dependency_links.txt
[2.216s] writing entry points to ../../build/multi_package_launcher/multi_package_launcher.egg-info/entry_points.txt
[2.216s] writing requirements to ../../build/multi_package_launcher/multi_package_launcher.egg-info/requires.txt
[2.216s] writing top-level names to ../../build/multi_package_launcher/multi_package_launcher.egg-info/top_level.txt
[2.218s] reading manifest file '../../build/multi_package_launcher/multi_package_launcher.egg-info/SOURCES.txt'
[2.218s] writing manifest file '../../build/multi_package_launcher/multi_package_launcher.egg-info/SOURCES.txt'
[2.218s] running build
[2.219s] running build_py
[2.219s] creating /home/raivo/Hermes/hermes_ws/build/multi_package_launcher/build
[2.219s] creating /home/raivo/Hermes/hermes_ws/build/multi_package_launcher/build/lib
[2.219s] creating /home/raivo/Hermes/hermes_ws/build/multi_package_launcher/build/lib/multi_package_launcher
[2.219s] copying multi_package_launcher/__init__.py -> /home/raivo/Hermes/hermes_ws/build/multi_package_launcher/build/lib/multi_package_launcher
[2.219s] running install
[2.219s] running install_lib
[2.220s] running install_data
[2.220s] running install_egg_info
[2.222s] removing '/home/raivo/Hermes/hermes_ws/install/multi_package_launcher/lib/python3.10/site-packages/multi_package_launcher-0.0.0-py3.10.egg-info' (and everything under it)
[2.222s] Copying ../../build/multi_package_launcher/multi_package_launcher.egg-info to /home/raivo/Hermes/hermes_ws/install/multi_package_launcher/lib/python3.10/site-packages/multi_package_launcher-0.0.0-py3.10.egg-info
[2.223s] running install_scripts
[2.239s] writing list of installed files to '/home/raivo/Hermes/hermes_ws/build/multi_package_launcher/install.log'
[2.321s] Invoked command in '/home/raivo/Hermes/hermes_ws/src/multi_package_launcher' returned '0': PYTHONPATH=/home/raivo/Hermes/hermes_ws/build/multi_package_launcher/prefix_override:/home/raivo/Hermes/hermes_ws/install/multi_package_launcher/lib/python3.10/site-packages:${PYTHONPATH} /usr/bin/python3 -W ignore:setup.py install is deprecated setup.py egg_info --egg-base ../../build/multi_package_launcher build --build-base /home/raivo/Hermes/hermes_ws/build/multi_package_launcher/build install --record /home/raivo/Hermes/hermes_ws/build/multi_package_launcher/install.log --single-version-externally-managed install_data
