[2.058s] Invoking command in '/home/raivo/Hermes/hermes_ws/src/cmd_vel': PYTHONPATH=/home/raivo/Hermes/hermes_ws/build/cmd_vel/prefix_override:/home/raivo/Hermes/hermes_ws/install/cmd_vel/lib/python3.10/site-packages:${PYTHONPATH} /usr/bin/python3 -W ignore:setup.py install is deprecated setup.py egg_info --egg-base ../../build/cmd_vel build --build-base /home/raivo/Hermes/hermes_ws/build/cmd_vel/build install --record /home/raivo/Hermes/hermes_ws/build/cmd_vel/install.log --single-version-externally-managed install_data
[2.263s] /home/raivo/.local/lib/python3.10/site-packages/setuptools/_distutils/dist.py:261: UserWarning: Unknown distribution option: 'tests_require'
[2.263s]   warnings.warn(msg)
[2.382s] running egg_info
[2.383s] creating ../../build/cmd_vel/cmd_vel.egg-info
[2.402s] writing ../../build/cmd_vel/cmd_vel.egg-info/PKG-INFO
[2.402s] writing dependency_links to ../../build/cmd_vel/cmd_vel.egg-info/dependency_links.txt
[2.402s] writing entry points to ../../build/cmd_vel/cmd_vel.egg-info/entry_points.txt
[2.402s] writing requirements to ../../build/cmd_vel/cmd_vel.egg-info/requires.txt
[2.403s] writing top-level names to ../../build/cmd_vel/cmd_vel.egg-info/top_level.txt
[2.403s] writing manifest file '../../build/cmd_vel/cmd_vel.egg-info/SOURCES.txt'
[2.444s] reading manifest file '../../build/cmd_vel/cmd_vel.egg-info/SOURCES.txt'
[2.444s] Traceback (most recent call last):
[2.444s]   File "/home/raivo/Hermes/hermes_ws/src/cmd_vel/setup.py", line 5, in <module>
[2.444s]     setup(
[2.444s]   File "/home/raivo/.local/lib/python3.10/site-packages/setuptools/__init__.py", line 117, in setup
[2.444s]     return distutils.core.setup(**attrs)
[2.444s]   File "/home/raivo/.local/lib/python3.10/site-packages/setuptools/_distutils/core.py", line 183, in setup
[2.444s]     return run_commands(dist)
[2.445s]   File "/home/raivo/.local/lib/python3.10/site-packages/setuptools/_distutils/core.py", line 199, in run_commands
[2.445s]     dist.run_commands()
[2.445s]   File "/home/raivo/.local/lib/python3.10/site-packages/setuptools/_distutils/dist.py", line 954, in run_commands
[2.445s]     self.run_command(cmd)
[2.445s]   File "/home/raivo/.local/lib/python3.10/site-packages/setuptools/dist.py", line 950, in run_command
[2.445s]     super().run_command(command)
[2.445s]   File "/home/raivo/.local/lib/python3.10/site-packages/setuptools/_distutils/dist.py", line 973, in run_command
[2.445s]     cmd_obj.run()
[2.445s]   File "/home/raivo/.local/lib/python3.10/site-packages/setuptools/command/egg_info.py", line 311, in run
[2.445s]     self.find_sources()
[2.445s]   File "/home/raivo/.local/lib/python3.10/site-packages/setuptools/command/egg_info.py", line 319, in find_sources
[2.446s]     mm.run()
[2.446s]   File "/home/raivo/.local/lib/python3.10/site-packages/setuptools/command/egg_info.py", line 545, in run
[2.446s]     self.prune_file_list()
[2.446s]   File "/home/raivo/.local/lib/python3.10/site-packages/setuptools/command/sdist.py", line 161, in prune_file_list
[2.446s]     super().prune_file_list()
[2.446s]   File "/home/raivo/.local/lib/python3.10/site-packages/setuptools/_distutils/command/sdist.py", line 380, in prune_file_list
[2.446s]     base_dir = self.distribution.get_fullname()
[2.446s]   File "/home/raivo/.local/lib/python3.10/site-packages/setuptools/_core_metadata.py", line 267, in get_fullname
[2.446s]     return _distribution_fullname(self.get_name(), self.get_version())
[2.446s]   File "/home/raivo/.local/lib/python3.10/site-packages/setuptools/_core_metadata.py", line 285, in _distribution_fullname
[2.446s]     canonicalize_version(version, strip_trailing_zero=False),
[2.446s] TypeError: canonicalize_version() got an unexpected keyword argument 'strip_trailing_zero'
