[2.476s] Invoking command in '/home/aleksmalm/Hermes/hermes_ws/src/my_tf2_broadcaster': PYTHONPATH=/home/aleksmalm/Hermes/hermes_ws/build/my_tf2_broadcaster/prefix_override:/home/aleksmalm/Hermes/hermes_ws/install/my_tf2_broadcaster/lib/python3.10/site-packages:${PYTHONPATH} /usr/bin/python3 -W ignore:setup.py install is deprecated setup.py egg_info --egg-base ../../build/my_tf2_broadcaster build --build-base /home/aleksmalm/Hermes/hermes_ws/build/my_tf2_broadcaster/build install --record /home/aleksmalm/Hermes/hermes_ws/build/my_tf2_broadcaster/install.log --single-version-externally-managed install_data
[3.247s] running egg_info
[3.248s] creating ../../build/my_tf2_broadcaster/my_tf2_broadcaster.egg-info
[3.249s] writing ../../build/my_tf2_broadcaster/my_tf2_broadcaster.egg-info/PKG-INFO
[3.249s] writing dependency_links to ../../build/my_tf2_broadcaster/my_tf2_broadcaster.egg-info/dependency_links.txt
[3.249s] writing entry points to ../../build/my_tf2_broadcaster/my_tf2_broadcaster.egg-info/entry_points.txt
[3.249s] writing requirements to ../../build/my_tf2_broadcaster/my_tf2_broadcaster.egg-info/requires.txt
[3.249s] writing top-level names to ../../build/my_tf2_broadcaster/my_tf2_broadcaster.egg-info/top_level.txt
[3.249s] writing manifest file '../../build/my_tf2_broadcaster/my_tf2_broadcaster.egg-info/SOURCES.txt'
[3.264s] reading manifest file '../../build/my_tf2_broadcaster/my_tf2_broadcaster.egg-info/SOURCES.txt'
[3.272s] writing manifest file '../../build/my_tf2_broadcaster/my_tf2_broadcaster.egg-info/SOURCES.txt'
[3.272s] running build
[3.272s] running build_py
[3.274s] creating /home/aleksmalm/Hermes/hermes_ws/build/my_tf2_broadcaster/build
[3.274s] creating /home/aleksmalm/Hermes/hermes_ws/build/my_tf2_broadcaster/build/lib
[3.274s] creating /home/aleksmalm/Hermes/hermes_ws/build/my_tf2_broadcaster/build/lib/my_tf2_broadcaster
[3.274s] copying my_tf2_broadcaster/__init__.py -> /home/aleksmalm/Hermes/hermes_ws/build/my_tf2_broadcaster/build/lib/my_tf2_broadcaster
[3.274s] copying my_tf2_broadcaster/static_tf_broadcaster.py -> /home/aleksmalm/Hermes/hermes_ws/build/my_tf2_broadcaster/build/lib/my_tf2_broadcaster
[3.274s] running install
[3.274s] running install_lib
[3.275s] creating /home/aleksmalm/Hermes/hermes_ws/install/my_tf2_broadcaster/lib/python3.10/site-packages/my_tf2_broadcaster
[3.275s] copying /home/aleksmalm/Hermes/hermes_ws/build/my_tf2_broadcaster/build/lib/my_tf2_broadcaster/__init__.py -> /home/aleksmalm/Hermes/hermes_ws/install/my_tf2_broadcaster/lib/python3.10/site-packages/my_tf2_broadcaster
[3.275s] copying /home/aleksmalm/Hermes/hermes_ws/build/my_tf2_broadcaster/build/lib/my_tf2_broadcaster/static_tf_broadcaster.py -> /home/aleksmalm/Hermes/hermes_ws/install/my_tf2_broadcaster/lib/python3.10/site-packages/my_tf2_broadcaster
[3.277s] byte-compiling /home/aleksmalm/Hermes/hermes_ws/install/my_tf2_broadcaster/lib/python3.10/site-packages/my_tf2_broadcaster/__init__.py to __init__.cpython-310.pyc
[3.278s] byte-compiling /home/aleksmalm/Hermes/hermes_ws/install/my_tf2_broadcaster/lib/python3.10/site-packages/my_tf2_broadcaster/static_tf_broadcaster.py to static_tf_broadcaster.cpython-310.pyc
[3.284s] running install_data
[3.284s] creating /home/aleksmalm/Hermes/hermes_ws/install/my_tf2_broadcaster/share/ament_index
[3.284s] creating /home/aleksmalm/Hermes/hermes_ws/install/my_tf2_broadcaster/share/ament_index/resource_index
[3.285s] creating /home/aleksmalm/Hermes/hermes_ws/install/my_tf2_broadcaster/share/ament_index/resource_index/packages
[3.285s] copying resource/my_tf2_broadcaster -> /home/aleksmalm/Hermes/hermes_ws/install/my_tf2_broadcaster/share/ament_index/resource_index/packages
[3.285s] copying package.xml -> /home/aleksmalm/Hermes/hermes_ws/install/my_tf2_broadcaster/share/my_tf2_broadcaster
[3.285s] running install_egg_info
[3.307s] Copying ../../build/my_tf2_broadcaster/my_tf2_broadcaster.egg-info to /home/aleksmalm/Hermes/hermes_ws/install/my_tf2_broadcaster/lib/python3.10/site-packages/my_tf2_broadcaster-0.0.0-py3.10.egg-info
[3.307s] running install_scripts
[3.368s] Installing static_tf_broadcaster script to /home/aleksmalm/Hermes/hermes_ws/install/my_tf2_broadcaster/lib/my_tf2_broadcaster
[3.368s] writing list of installed files to '/home/aleksmalm/Hermes/hermes_ws/build/my_tf2_broadcaster/install.log'
[3.424s] Invoked command in '/home/aleksmalm/Hermes/hermes_ws/src/my_tf2_broadcaster' returned '0': PYTHONPATH=/home/aleksmalm/Hermes/hermes_ws/build/my_tf2_broadcaster/prefix_override:/home/aleksmalm/Hermes/hermes_ws/install/my_tf2_broadcaster/lib/python3.10/site-packages:${PYTHONPATH} /usr/bin/python3 -W ignore:setup.py install is deprecated setup.py egg_info --egg-base ../../build/my_tf2_broadcaster build --build-base /home/aleksmalm/Hermes/hermes_ws/build/my_tf2_broadcaster/build install --record /home/aleksmalm/Hermes/hermes_ws/build/my_tf2_broadcaster/install.log --single-version-externally-managed install_data
