[4.385s] Invoking command in '/home/hermes/Hermes/hermes_ws/src/path_creator': PYTHONPATH=/home/hermes/Hermes/hermes_ws/build/path_creator/prefix_override:/home/hermes/Hermes/hermes_ws/install/path_creator/lib/python3.10/site-packages:${PYTHONPATH} /usr/bin/python3 -W ignore:setup.py install is deprecated setup.py egg_info --egg-base ../../build/path_creator build --build-base /home/hermes/Hermes/hermes_ws/build/path_creator/build install --record /home/hermes/Hermes/hermes_ws/build/path_creator/install.log --single-version-externally-managed install_data
[5.077s] running egg_info
[5.081s] creating ../../build/path_creator/path_creator.egg-info
[5.081s] writing ../../build/path_creator/path_creator.egg-info/PKG-INFO
[5.081s] writing dependency_links to ../../build/path_creator/path_creator.egg-info/dependency_links.txt
[5.082s] writing entry points to ../../build/path_creator/path_creator.egg-info/entry_points.txt
[5.082s] writing requirements to ../../build/path_creator/path_creator.egg-info/requires.txt
[5.082s] writing top-level names to ../../build/path_creator/path_creator.egg-info/top_level.txt
[5.083s] writing manifest file '../../build/path_creator/path_creator.egg-info/SOURCES.txt'
[5.087s] reading manifest file '../../build/path_creator/path_creator.egg-info/SOURCES.txt'
[5.089s] writing manifest file '../../build/path_creator/path_creator.egg-info/SOURCES.txt'
[5.091s] running build
[5.091s] running build_py
[5.091s] creating /home/hermes/Hermes/hermes_ws/build/path_creator/build
[5.092s] creating /home/hermes/Hermes/hermes_ws/build/path_creator/build/lib
[5.092s] creating /home/hermes/Hermes/hermes_ws/build/path_creator/build/lib/path_creator
[5.092s] copying path_creator/__init__.py -> /home/hermes/Hermes/hermes_ws/build/path_creator/build/lib/path_creator
[5.092s] copying path_creator/path_creator_node.py -> /home/hermes/Hermes/hermes_ws/build/path_creator/build/lib/path_creator
[5.092s] running install
[5.092s] running install_lib
[5.093s] creating /home/hermes/Hermes/hermes_ws/install/path_creator/lib/python3.10/site-packages/path_creator
[5.093s] copying /home/hermes/Hermes/hermes_ws/build/path_creator/build/lib/path_creator/__init__.py -> /home/hermes/Hermes/hermes_ws/install/path_creator/lib/python3.10/site-packages/path_creator
[5.094s] copying /home/hermes/Hermes/hermes_ws/build/path_creator/build/lib/path_creator/path_creator_node.py -> /home/hermes/Hermes/hermes_ws/install/path_creator/lib/python3.10/site-packages/path_creator
[5.095s] byte-compiling /home/hermes/Hermes/hermes_ws/install/path_creator/lib/python3.10/site-packages/path_creator/__init__.py to __init__.cpython-310.pyc
[5.096s] byte-compiling /home/hermes/Hermes/hermes_ws/install/path_creator/lib/python3.10/site-packages/path_creator/path_creator_node.py to path_creator_node.cpython-310.pyc
[5.097s] running install_data
[5.097s] creating /home/hermes/Hermes/hermes_ws/install/path_creator/share/ament_index
[5.097s] creating /home/hermes/Hermes/hermes_ws/install/path_creator/share/ament_index/resource_index
[5.098s] creating /home/hermes/Hermes/hermes_ws/install/path_creator/share/ament_index/resource_index/packages
[5.099s] copying resource/path_creator -> /home/hermes/Hermes/hermes_ws/install/path_creator/share/ament_index/resource_index/packages
[5.099s] copying package.xml -> /home/hermes/Hermes/hermes_ws/install/path_creator/share/path_creator
[5.099s] running install_egg_info
[5.102s] Copying ../../build/path_creator/path_creator.egg-info to /home/hermes/Hermes/hermes_ws/install/path_creator/lib/python3.10/site-packages/path_creator-0.0.0-py3.10.egg-info
[5.107s] running install_scripts
[5.155s] Installing path_creator_node script to /home/hermes/Hermes/hermes_ws/install/path_creator/lib/path_creator
[5.155s] writing list of installed files to '/home/hermes/Hermes/hermes_ws/build/path_creator/install.log'
[5.267s] Invoked command in '/home/hermes/Hermes/hermes_ws/src/path_creator' returned '0': PYTHONPATH=/home/hermes/Hermes/hermes_ws/build/path_creator/prefix_override:/home/hermes/Hermes/hermes_ws/install/path_creator/lib/python3.10/site-packages:${PYTHONPATH} /usr/bin/python3 -W ignore:setup.py install is deprecated setup.py egg_info --egg-base ../../build/path_creator build --build-base /home/hermes/Hermes/hermes_ws/build/path_creator/build install --record /home/hermes/Hermes/hermes_ws/build/path_creator/install.log --single-version-externally-managed install_data
