[4.102s] Invoking command in '/home/raivo/Hermes/hermes_ws/src/teleop_control': PYTHONPATH=/home/raivo/Hermes/hermes_ws/build/teleop_control/prefix_override:/home/raivo/Hermes/hermes_ws/install/teleop_control/lib/python3.8/site-packages:${PYTHONPATH} /usr/bin/python3 setup.py egg_info --egg-base ../../build/teleop_control build --build-base /home/raivo/Hermes/hermes_ws/build/teleop_control/build install --record /home/raivo/Hermes/hermes_ws/build/teleop_control/install.log --single-version-externally-managed
[4.605s] running egg_info
[4.606s] creating ../../build/teleop_control/teleop_control.egg-info
[4.606s] writing ../../build/teleop_control/teleop_control.egg-info/PKG-INFO
[4.606s] writing dependency_links to ../../build/teleop_control/teleop_control.egg-info/dependency_links.txt
[4.606s] writing entry points to ../../build/teleop_control/teleop_control.egg-info/entry_points.txt
[4.606s] writing requirements to ../../build/teleop_control/teleop_control.egg-info/requires.txt
[4.606s] writing top-level names to ../../build/teleop_control/teleop_control.egg-info/top_level.txt
[4.606s] writing manifest file '../../build/teleop_control/teleop_control.egg-info/SOURCES.txt'
[4.649s] reading manifest file '../../build/teleop_control/teleop_control.egg-info/SOURCES.txt'
[4.649s] writing manifest file '../../build/teleop_control/teleop_control.egg-info/SOURCES.txt'
[4.649s] running build
[4.649s] running build_py
[4.649s] creating /home/raivo/Hermes/hermes_ws/build/teleop_control/build
[4.649s] creating /home/raivo/Hermes/hermes_ws/build/teleop_control/build/lib
[4.649s] creating /home/raivo/Hermes/hermes_ws/build/teleop_control/build/lib/teleop_control
[4.649s] copying teleop_control/joytopub.py -> /home/raivo/Hermes/hermes_ws/build/teleop_control/build/lib/teleop_control
[4.650s] copying teleop_control/teleop_control_node.py -> /home/raivo/Hermes/hermes_ws/build/teleop_control/build/lib/teleop_control
[4.650s] copying teleop_control/__init__.py -> /home/raivo/Hermes/hermes_ws/build/teleop_control/build/lib/teleop_control
[4.650s] copying teleop_control/joytorec.py -> /home/raivo/Hermes/hermes_ws/build/teleop_control/build/lib/teleop_control
[4.650s] copying teleop_control/keyboard_teleop.py -> /home/raivo/Hermes/hermes_ws/build/teleop_control/build/lib/teleop_control
[4.650s] running install
[4.652s] running install_lib
[4.656s] running install_data
[4.656s] running install_egg_info
[4.660s] removing '/home/raivo/Hermes/hermes_ws/install/teleop_control/lib/python3.8/site-packages/teleop_control-0.0.0-py3.8.egg-info' (and everything under it)
[4.660s] Copying ../../build/teleop_control/teleop_control.egg-info to /home/raivo/Hermes/hermes_ws/install/teleop_control/lib/python3.8/site-packages/teleop_control-0.0.0-py3.8.egg-info
[4.660s] running install_scripts
[4.690s] Installing teleop_control_node script to /home/raivo/Hermes/hermes_ws/install/teleop_control/lib/teleop_control
[4.690s] writing list of installed files to '/home/raivo/Hermes/hermes_ws/build/teleop_control/install.log'
[5.316s] Invoked command in '/home/raivo/Hermes/hermes_ws/src/teleop_control' returned '0': PYTHONPATH=/home/raivo/Hermes/hermes_ws/build/teleop_control/prefix_override:/home/raivo/Hermes/hermes_ws/install/teleop_control/lib/python3.8/site-packages:${PYTHONPATH} /usr/bin/python3 setup.py egg_info --egg-base ../../build/teleop_control build --build-base /home/raivo/Hermes/hermes_ws/build/teleop_control/build install --record /home/raivo/Hermes/hermes_ws/build/teleop_control/install.log --single-version-externally-managed
