[0.065s] Invoking command in '/home/hermes/Hermes/hermes_ws/build/imu_filter_madgwick': CMAKE_PREFIX_PATH=${CMAKE_PREFIX_PATH}:/home/hermes/Hermes/hermes_ws/src/install/icm20948_publisher:/home/hermes/Hermes/hermes_ws/install/tof_publisher:/home/hermes/Hermes/hermes_ws/install/teleop_control:/home/hermes/Hermes/hermes_ws/install/odometry:/home/hermes/Hermes/hermes_ws/install/nav2_gps_waypoint_follower_demo:/home/hermes/Hermes/hermes_ws/install/imu_publisher:/home/hermes/Hermes/hermes_ws/install/icm20948_publisher:/home/hermes/Hermes/hermes_ws/install/hermes_nav:/home/hermes/Hermes/hermes_ws/install/gps_publisher:/home/hermes/Hermes/hermes_ws/install/cmd_vel:/home/hermes/Hermes/hermes_ws/install/cameras:/opt/ros/humble /usr/bin/cmake /home/hermes/Hermes/hermes_ws/src/imu_tools/imu_filter_madgwick -DCMAKE_INSTALL_PREFIX=/home/hermes/Hermes/hermes_ws/install/imu_filter_madgwick
[0.692s] -- The C compiler identification is GNU 11.4.0
[0.692s] -- The CXX compiler identification is GNU 11.4.0
[0.692s] -- Detecting C compiler ABI info
[0.692s] -- Detecting C compiler ABI info - done
[0.693s] -- Check for working C compiler: /usr/bin/cc - skipped
[0.693s] -- Detecting C compile features
[0.693s] -- Detecting C compile features - done
[0.693s] -- Detecting CXX compiler ABI info
[0.811s] -- Detecting CXX compiler ABI info - done
[0.826s] -- Check for working CXX compiler: /usr/bin/c++ - skipped
[0.826s] -- Detecting CXX compile features
[0.827s] -- Detecting CXX compile features - done
[0.831s] -- Found ament_cmake: 1.3.9 (/opt/ros/humble/share/ament_cmake/cmake)
[1.220s] -- Found Python3: /usr/bin/python3 (found version "3.10.12") found components: Interpreter 
[1.443s] -- Found rclcpp: 16.0.9 (/opt/ros/humble/share/rclcpp/cmake)
[1.573s] -- Found rosidl_generator_c: 3.1.5 (/opt/ros/humble/share/rosidl_generator_c/cmake)
[1.586s] -- Found rosidl_adapter: 3.1.5 (/opt/ros/humble/share/rosidl_adapter/cmake)
[1.608s] -- Found rosidl_generator_cpp: 3.1.5 (/opt/ros/humble/share/rosidl_generator_cpp/cmake)
[1.646s] -- Using all available rosidl_typesupport_c: rosidl_typesupport_fastrtps_c;rosidl_typesupport_introspection_c
[1.694s] -- Using all available rosidl_typesupport_cpp: rosidl_typesupport_fastrtps_cpp;rosidl_typesupport_introspection_cpp
[1.865s] -- Found rmw_implementation_cmake: 6.1.2 (/opt/ros/humble/share/rmw_implementation_cmake/cmake)
[1.889s] -- Found rmw_fastrtps_cpp: 6.2.6 (/opt/ros/humble/share/rmw_fastrtps_cpp/cmake)
[2.278s] -- Found OpenSSL: /usr/lib/aarch64-linux-gnu/libcrypto.so (found version "3.0.2")  
[2.336s] -- Found FastRTPS: /opt/ros/humble/include  
[2.445s] -- Using RMW implementation 'rmw_fastrtps_cpp' as default
[2.471s] -- Looking for pthread.h
[2.664s] -- Looking for pthread.h - found
[2.665s] -- Performing Test CMAKE_HAVE_LIBC_PTHREAD
[2.857s] -- Performing Test CMAKE_HAVE_LIBC_PTHREAD - Success
[2.861s] -- Found Threads: TRUE  
[3.260s] -- Found rclcpp_components: 16.0.9 (/opt/ros/humble/share/rclcpp_components/cmake)
[3.430s] -- Found geometry_msgs: 4.2.3 (/opt/ros/humble/share/geometry_msgs/cmake)
[3.521s] -- Found tf2_geometry_msgs: 0.25.6 (/opt/ros/humble/share/tf2_geometry_msgs/cmake)
[3.559s] -- Found eigen3_cmake_module: 0.1.1 (/opt/ros/humble/share/eigen3_cmake_module/cmake)
[3.562s] -- Found Eigen3: TRUE (found version "3.4.0") 
[3.563s] -- Ensuring Eigen3 include directory is part of orocos-kdl CMake target
[4.148s] -- Found sensor_msgs: 4.2.3 (/opt/ros/humble/share/sensor_msgs/cmake)
[4.362s] -- Found ament_cmake_gtest: 1.3.9 (/opt/ros/humble/share/ament_cmake_gtest/cmake)
[4.373s] -- Found gtest sources under '/opt/ros/humble/src/gtest_vendor': C++ tests using 'Google Test' will be built
[4.561s] -- Configuring done
[4.622s] -- Generating done
[4.627s] -- Build files have been written to: /home/hermes/Hermes/hermes_ws/build/imu_filter_madgwick
[4.671s] Invoked command in '/home/hermes/Hermes/hermes_ws/build/imu_filter_madgwick' returned '0': CMAKE_PREFIX_PATH=${CMAKE_PREFIX_PATH}:/home/hermes/Hermes/hermes_ws/src/install/icm20948_publisher:/home/hermes/Hermes/hermes_ws/install/tof_publisher:/home/hermes/Hermes/hermes_ws/install/teleop_control:/home/hermes/Hermes/hermes_ws/install/odometry:/home/hermes/Hermes/hermes_ws/install/nav2_gps_waypoint_follower_demo:/home/hermes/Hermes/hermes_ws/install/imu_publisher:/home/hermes/Hermes/hermes_ws/install/icm20948_publisher:/home/hermes/Hermes/hermes_ws/install/hermes_nav:/home/hermes/Hermes/hermes_ws/install/gps_publisher:/home/hermes/Hermes/hermes_ws/install/cmd_vel:/home/hermes/Hermes/hermes_ws/install/cameras:/opt/ros/humble /usr/bin/cmake /home/hermes/Hermes/hermes_ws/src/imu_tools/imu_filter_madgwick -DCMAKE_INSTALL_PREFIX=/home/hermes/Hermes/hermes_ws/install/imu_filter_madgwick
[4.672s] Invoking command in '/home/hermes/Hermes/hermes_ws/build/imu_filter_madgwick': CMAKE_PREFIX_PATH=${CMAKE_PREFIX_PATH}:/home/hermes/Hermes/hermes_ws/src/install/icm20948_publisher:/home/hermes/Hermes/hermes_ws/install/tof_publisher:/home/hermes/Hermes/hermes_ws/install/teleop_control:/home/hermes/Hermes/hermes_ws/install/odometry:/home/hermes/Hermes/hermes_ws/install/nav2_gps_waypoint_follower_demo:/home/hermes/Hermes/hermes_ws/install/imu_publisher:/home/hermes/Hermes/hermes_ws/install/icm20948_publisher:/home/hermes/Hermes/hermes_ws/install/hermes_nav:/home/hermes/Hermes/hermes_ws/install/gps_publisher:/home/hermes/Hermes/hermes_ws/install/cmd_vel:/home/hermes/Hermes/hermes_ws/install/cameras:/opt/ros/humble /usr/bin/cmake --build /home/hermes/Hermes/hermes_ws/build/imu_filter_madgwick -- -j6 -l6
[4.849s] [  7%] [32mBuilding CXX object gtest/CMakeFiles/gtest.dir/src/gtest-all.cc.o[0m
[4.873s] [ 14%] [32mBuilding CXX object CMakeFiles/imu_filter_madgwick.dir/src/imu_filter_ros.cpp.o[0m
[4.890s] [ 21%] [32mBuilding CXX object CMakeFiles/imu_filter_madgwick.dir/src/imu_filter.cpp.o[0m
[4.905s] [ 28%] [32mBuilding CXX object CMakeFiles/imu_filter_madgwick.dir/src/stateless_orientation.cpp.o[0m
[4.912s] [ 35%] [32mBuilding CXX object gtest/CMakeFiles/gtest_main.dir/src/gtest_main.cc.o[0m
[8.728s] [ 42%] [32m[1mLinking CXX static library libgtest_main.a[0m
[8.959s] [ 42%] Built target gtest_main
[23.999s] [ 50%] [32m[1mLinking CXX static library libgtest.a[0m
[24.417s] [ 50%] Built target gtest
[72.559s] [ 57%] [32m[1mLinking CXX shared library libimu_filter_madgwick.so[0m
[75.102s] [ 57%] Built target imu_filter_madgwick
[75.150s] [ 64%] [32mBuilding CXX object CMakeFiles/imu_filter_madgwick_node.dir/src/imu_filter_node.cpp.o[0m
[82.385s] [ 71%] [32m[1mLinking CXX executable imu_filter_madgwick_node[0m
[83.412s] [ 71%] Built target imu_filter_madgwick_node
[83.461s] [ 78%] [32mBuilding CXX object test/CMakeFiles/stateless_orientation_test.dir/stateless_orientation_test.cpp.o[0m
[86.699s] [ 85%] [32m[1mLinking CXX executable stateless_orientation_test[0m
[87.944s] [ 85%] Built target stateless_orientation_test
[87.997s] [ 92%] [32mBuilding CXX object test/CMakeFiles/madgwick_test.dir/madgwick_test.cpp.o[0m
[91.050s] [100%] [32m[1mLinking CXX executable madgwick_test[0m
[92.281s] [100%] Built target madgwick_test
[92.316s] Invoked command in '/home/hermes/Hermes/hermes_ws/build/imu_filter_madgwick' returned '0': CMAKE_PREFIX_PATH=${CMAKE_PREFIX_PATH}:/home/hermes/Hermes/hermes_ws/src/install/icm20948_publisher:/home/hermes/Hermes/hermes_ws/install/tof_publisher:/home/hermes/Hermes/hermes_ws/install/teleop_control:/home/hermes/Hermes/hermes_ws/install/odometry:/home/hermes/Hermes/hermes_ws/install/nav2_gps_waypoint_follower_demo:/home/hermes/Hermes/hermes_ws/install/imu_publisher:/home/hermes/Hermes/hermes_ws/install/icm20948_publisher:/home/hermes/Hermes/hermes_ws/install/hermes_nav:/home/hermes/Hermes/hermes_ws/install/gps_publisher:/home/hermes/Hermes/hermes_ws/install/cmd_vel:/home/hermes/Hermes/hermes_ws/install/cameras:/opt/ros/humble /usr/bin/cmake --build /home/hermes/Hermes/hermes_ws/build/imu_filter_madgwick -- -j6 -l6
[92.390s] Invoking command in '/home/hermes/Hermes/hermes_ws/build/imu_filter_madgwick': CMAKE_PREFIX_PATH=${CMAKE_PREFIX_PATH}:/home/hermes/Hermes/hermes_ws/src/install/icm20948_publisher:/home/hermes/Hermes/hermes_ws/install/tof_publisher:/home/hermes/Hermes/hermes_ws/install/teleop_control:/home/hermes/Hermes/hermes_ws/install/odometry:/home/hermes/Hermes/hermes_ws/install/nav2_gps_waypoint_follower_demo:/home/hermes/Hermes/hermes_ws/install/imu_publisher:/home/hermes/Hermes/hermes_ws/install/icm20948_publisher:/home/hermes/Hermes/hermes_ws/install/hermes_nav:/home/hermes/Hermes/hermes_ws/install/gps_publisher:/home/hermes/Hermes/hermes_ws/install/cmd_vel:/home/hermes/Hermes/hermes_ws/install/cameras:/opt/ros/humble /usr/bin/cmake --install /home/hermes/Hermes/hermes_ws/build/imu_filter_madgwick
[92.410s] -- Install configuration: ""
[92.410s] -- Installing: /home/hermes/Hermes/hermes_ws/install/imu_filter_madgwick/lib/libimu_filter_madgwick.so
[92.445s] -- Set runtime path of "/home/hermes/Hermes/hermes_ws/install/imu_filter_madgwick/lib/libimu_filter_madgwick.so" to ""
[92.446s] -- Installing: /home/hermes/Hermes/hermes_ws/install/imu_filter_madgwick/include
[92.446s] -- Installing: /home/hermes/Hermes/hermes_ws/install/imu_filter_madgwick/include/imu_filter_madgwick
[92.446s] -- Installing: /home/hermes/Hermes/hermes_ws/install/imu_filter_madgwick/include/imu_filter_madgwick/base_node.hpp
[92.446s] -- Installing: /home/hermes/Hermes/hermes_ws/install/imu_filter_madgwick/include/imu_filter_madgwick/imu_filter_ros.h
[92.446s] -- Installing: /home/hermes/Hermes/hermes_ws/install/imu_filter_madgwick/include/imu_filter_madgwick/visibility_control.h
[92.447s] -- Installing: /home/hermes/Hermes/hermes_ws/install/imu_filter_madgwick/include/imu_filter_madgwick/world_frame.h
[92.447s] -- Installing: /home/hermes/Hermes/hermes_ws/install/imu_filter_madgwick/include/imu_filter_madgwick/stateless_orientation.h
[92.447s] -- Installing: /home/hermes/Hermes/hermes_ws/install/imu_filter_madgwick/include/imu_filter_madgwick/imu_filter.h
[92.447s] -- Installing: /home/hermes/Hermes/hermes_ws/install/imu_filter_madgwick/lib/imu_filter_madgwick/imu_filter_madgwick_node
[92.448s] -- Set runtime path of "/home/hermes/Hermes/hermes_ws/install/imu_filter_madgwick/lib/imu_filter_madgwick/imu_filter_madgwick_node" to ""
[92.448s] -- Installing: /home/hermes/Hermes/hermes_ws/install/imu_filter_madgwick/share/imu_filter_madgwick/launch
[92.448s] -- Installing: /home/hermes/Hermes/hermes_ws/install/imu_filter_madgwick/share/imu_filter_madgwick/launch/imu_filter_component.launch.py
[92.449s] -- Installing: /home/hermes/Hermes/hermes_ws/install/imu_filter_madgwick/share/imu_filter_madgwick/launch/imu_filter.launch.py
[92.449s] -- Installing: /home/hermes/Hermes/hermes_ws/install/imu_filter_madgwick/share/imu_filter_madgwick/config
[92.449s] -- Installing: /home/hermes/Hermes/hermes_ws/install/imu_filter_madgwick/share/imu_filter_madgwick/config/imu_filter.yaml
[92.450s] -- Installing: /home/hermes/Hermes/hermes_ws/install/imu_filter_madgwick/share/imu_filter_madgwick/environment/library_path.sh
[92.450s] -- Installing: /home/hermes/Hermes/hermes_ws/install/imu_filter_madgwick/share/imu_filter_madgwick/environment/library_path.dsv
[92.451s] -- Installing: /home/hermes/Hermes/hermes_ws/install/imu_filter_madgwick/share/ament_index/resource_index/package_run_dependencies/imu_filter_madgwick
[92.452s] -- Installing: /home/hermes/Hermes/hermes_ws/install/imu_filter_madgwick/share/ament_index/resource_index/parent_prefix_path/imu_filter_madgwick
[92.452s] -- Installing: /home/hermes/Hermes/hermes_ws/install/imu_filter_madgwick/share/imu_filter_madgwick/environment/ament_prefix_path.sh
[92.452s] -- Installing: /home/hermes/Hermes/hermes_ws/install/imu_filter_madgwick/share/imu_filter_madgwick/environment/ament_prefix_path.dsv
[92.453s] -- Installing: /home/hermes/Hermes/hermes_ws/install/imu_filter_madgwick/share/imu_filter_madgwick/environment/path.sh
[92.453s] -- Installing: /home/hermes/Hermes/hermes_ws/install/imu_filter_madgwick/share/imu_filter_madgwick/environment/path.dsv
[92.453s] -- Installing: /home/hermes/Hermes/hermes_ws/install/imu_filter_madgwick/share/imu_filter_madgwick/local_setup.bash
[92.454s] -- Installing: /home/hermes/Hermes/hermes_ws/install/imu_filter_madgwick/share/imu_filter_madgwick/local_setup.sh
[92.454s] -- Installing: /home/hermes/Hermes/hermes_ws/install/imu_filter_madgwick/share/imu_filter_madgwick/local_setup.zsh
[92.454s] -- Installing: /home/hermes/Hermes/hermes_ws/install/imu_filter_madgwick/share/imu_filter_madgwick/local_setup.dsv
[92.455s] -- Installing: /home/hermes/Hermes/hermes_ws/install/imu_filter_madgwick/share/imu_filter_madgwick/package.dsv
[92.455s] -- Installing: /home/hermes/Hermes/hermes_ws/install/imu_filter_madgwick/share/ament_index/resource_index/packages/imu_filter_madgwick
[92.456s] -- Installing: /home/hermes/Hermes/hermes_ws/install/imu_filter_madgwick/share/ament_index/resource_index/rclcpp_components/imu_filter_madgwick
[92.457s] -- Installing: /home/hermes/Hermes/hermes_ws/install/imu_filter_madgwick/share/imu_filter_madgwick/cmake/export_imu_filter_madgwickExport.cmake
[92.457s] -- Installing: /home/hermes/Hermes/hermes_ws/install/imu_filter_madgwick/share/imu_filter_madgwick/cmake/export_imu_filter_madgwickExport-noconfig.cmake
[92.458s] -- Installing: /home/hermes/Hermes/hermes_ws/install/imu_filter_madgwick/share/imu_filter_madgwick/cmake/ament_cmake_export_include_directories-extras.cmake
[92.458s] -- Installing: /home/hermes/Hermes/hermes_ws/install/imu_filter_madgwick/share/imu_filter_madgwick/cmake/ament_cmake_export_libraries-extras.cmake
[92.458s] -- Installing: /home/hermes/Hermes/hermes_ws/install/imu_filter_madgwick/share/imu_filter_madgwick/cmake/ament_cmake_export_targets-extras.cmake
[92.459s] -- Installing: /home/hermes/Hermes/hermes_ws/install/imu_filter_madgwick/share/imu_filter_madgwick/cmake/imu_filter_madgwickConfig.cmake
[92.459s] -- Installing: /home/hermes/Hermes/hermes_ws/install/imu_filter_madgwick/share/imu_filter_madgwick/cmake/imu_filter_madgwickConfig-version.cmake
[92.460s] -- Installing: /home/hermes/Hermes/hermes_ws/install/imu_filter_madgwick/share/imu_filter_madgwick/package.xml
[92.466s] Invoked command in '/home/hermes/Hermes/hermes_ws/build/imu_filter_madgwick' returned '0': CMAKE_PREFIX_PATH=${CMAKE_PREFIX_PATH}:/home/hermes/Hermes/hermes_ws/src/install/icm20948_publisher:/home/hermes/Hermes/hermes_ws/install/tof_publisher:/home/hermes/Hermes/hermes_ws/install/teleop_control:/home/hermes/Hermes/hermes_ws/install/odometry:/home/hermes/Hermes/hermes_ws/install/nav2_gps_waypoint_follower_demo:/home/hermes/Hermes/hermes_ws/install/imu_publisher:/home/hermes/Hermes/hermes_ws/install/icm20948_publisher:/home/hermes/Hermes/hermes_ws/install/hermes_nav:/home/hermes/Hermes/hermes_ws/install/gps_publisher:/home/hermes/Hermes/hermes_ws/install/cmd_vel:/home/hermes/Hermes/hermes_ws/install/cameras:/opt/ros/humble /usr/bin/cmake --install /home/hermes/Hermes/hermes_ws/build/imu_filter_madgwick
