[0.048s] Invoking command in '/home/hermes/Hermes/hermes_ws/build/gazebo_ros': CMAKE_PREFIX_PATH=/home/hermes/Hermes/hermes_ws/install/gazebo_msgs:/home/hermes/Hermes/hermes_ws/install/gazebo_dev:/home/hermes/Hermes/hermes_ws/install/hermes_navigation:/home/hermes/Hermes/hermes_ws/install/turtlebot3_simulations:/home/hermes/Hermes/hermes_ws/install/turtlebot3_gazebo:/home/hermes/Hermes/hermes_ws/install/turtlebot3_fake_node:/home/hermes/Hermes/hermes_ws/install/ldlidar_stl_ros2:/home/hermes/Hermes/hermes_ws/install/ldlidar:/home/hermes/Hermes/hermes_ws/install/ldlidar_node:/home/hermes/Hermes/hermes_ws/install/ldlidar_component:/home/hermes/Hermes/hermes_ws/install/image_geometry:/home/hermes/Hermes/hermes_ws/install/hermes_urdf:/home/hermes/Hermes/hermes_ws/install/hermes_interfaces:/home/hermes/Hermes/hermes_ws/install/gps_publisher:/home/hermes/Hermes/hermes_ws/install/gazebo_ros_pkgs:/home/hermes/Hermes/hermes_ws/install/gazebo_plugins:/home/hermes/Hermes/hermes_ws/install/gazebo_ros:/home/hermes/Hermes/hermes_ws/install/cv_bridge:/home/hermes/Downloads/hermes/Hermes/install/ldlidar_stl_ros2:/home/hermes/Downloads/hermes/ros2_ws/src/install/ldlidar:/home/hermes/Downloads/hermes/ros2_ws/src/install/ldlidar_node:/home/hermes/Downloads/hermes/ros2_ws/src/install/ldlidar_component:/home/hermes/Downloads/hermes/ros2_ws/src/install/ffmpeg_image_transport:/home/hermes/Downloads/hermes/ros2_ws/src/install/ffmpeg_image_transport_msgs:/home/hermes/Hermes/hermes_ws/install/tof_publisher:/home/hermes/Hermes/hermes_ws/install/teleop_control:/home/hermes/Hermes/hermes_ws/install/robot_model:/home/hermes/Hermes/hermes_ws/install/odometry:/home/hermes/Hermes/hermes_ws/install/my_robot_description:/home/hermes/Hermes/hermes_ws/install/lidar_publisher:/home/hermes/Hermes/hermes_ws/install/launch_files:/home/hermes/Hermes/hermes_ws/install/imu_publisher:/home/hermes/Hermes/hermes_ws/install/cmd_vel:/home/hermes/Hermes/hermes_ws/install/cameras:/home/hermes/Downloads/hermes/Hermes/install/tof_publisher:/home/hermes/Downloads/hermes/Hermes/install/teleop_control:/home/hermes/Downloads/hermes/Hermes/install/odometry:/home/hermes/Downloads/hermes/Hermes/install/imu_publisher:/home/hermes/Downloads/hermes/Hermes/install/gps_publisher:/home/hermes/Downloads/hermes/Hermes/install/cmd_vel:/home/hermes/Downloads/hermes/Hermes/install/cameras:/home/hermes/Downloads/hermes/ros2_ws/src/install/ros2_video_stream_pkg:/opt/ros/humble LD_LIBRARY_PATH=/home/hermes/Hermes/hermes_ws/install/gazebo_msgs/lib:/home/hermes/Hermes/hermes_ws/install/ldlidar_component/lib:/home/hermes/Hermes/hermes_ws/install/image_geometry/lib:/home/hermes/Hermes/hermes_ws/install/hermes_interfaces/lib:/usr/lib/aarch64-linux-gnu/gazebo-11/plugins:/home/hermes/Hermes/hermes_ws/install/gazebo_plugins/lib:/home/hermes/Hermes/hermes_ws/install/gazebo_ros/lib:/home/hermes/Hermes/hermes_ws/install/cv_bridge/lib:/home/hermes/Downloads/hermes/ros2_ws/src/install/ldlidar_component/lib:/home/hermes/Downloads/hermes/ros2_ws/src/install/ffmpeg_image_transport/lib:/home/hermes/Downloads/hermes/ros2_ws/src/install/ffmpeg_image_transport_msgs/lib:/opt/ros/humble/opt/rviz_ogre_vendor/lib:/opt/ros/humble/lib/aarch64-linux-gnu:/opt/ros/humble/lib:/usr/local/cuda-12.2/lib64 /usr/bin/cmake /home/hermes/Hermes/hermes_ws/src/gazebo_ros_pkgs/gazebo_ros -DCMAKE_INSTALL_PREFIX=/home/hermes/Hermes/hermes_ws/install/gazebo_ros
[0.078s] -- Found ament_cmake: 1.3.8 (/opt/ros/humble/share/ament_cmake/cmake)
[0.438s] -- Override CMake install command with custom implementation using symlinks instead of copying resources
[0.453s] -- Found builtin_interfaces: 1.2.1 (/opt/ros/humble/share/builtin_interfaces/cmake)
[0.508s] -- Found rosidl_generator_c: 3.1.5 (/opt/ros/humble/share/rosidl_generator_c/cmake)
[0.512s] -- Found rosidl_adapter: 3.1.5 (/opt/ros/humble/share/rosidl_adapter/cmake)
[0.525s] -- Found rosidl_generator_cpp: 3.1.5 (/opt/ros/humble/share/rosidl_generator_cpp/cmake)
[0.550s] -- Using all available rosidl_typesupport_c: rosidl_typesupport_fastrtps_c;rosidl_typesupport_introspection_c
[0.584s] -- Using all available rosidl_typesupport_cpp: rosidl_typesupport_fastrtps_cpp;rosidl_typesupport_introspection_cpp
[0.616s] -- Found gazebo_dev: 3.7.0 (/home/hermes/Hermes/hermes_ws/install/gazebo_dev/share/gazebo_dev/cmake)
[0.683s] -- Found DART: /usr/include (Required is at least version "6.6") found components: dart 
[0.749s] -- Found Protobuf: /usr/lib/aarch64-linux-gnu/libprotobuf.so (found version "3.12.4") 
[0.753s] -- Looking for ignition-math6 -- found version 6.15.1
[0.764s] -- Searching for dependencies of ignition-math6
[0.767s] -- Looking for OGRE...
[0.780s] -- Found Ogre Ghadamon (1.9.0)
[0.780s] -- Found OGRE: optimized;/usr/lib/aarch64-linux-gnu/libOgreMain.so;debug;/usr/lib/aarch64-linux-gnu/libOgreMain.so
[0.801s] -- Looking for OGRE_Paging...
[0.802s] -- Found OGRE_Paging: optimized;/usr/lib/aarch64-linux-gnu/libOgrePaging.so;debug;/usr/lib/aarch64-linux-gnu/libOgrePaging.so
[0.802s] -- Looking for OGRE_Terrain...
[0.802s] -- Found OGRE_Terrain: optimized;/usr/lib/aarch64-linux-gnu/libOgreTerrain.so;debug;/usr/lib/aarch64-linux-gnu/libOgreTerrain.so
[0.802s] -- Looking for OGRE_Property...
[0.803s] -- Found OGRE_Property: optimized;/usr/lib/aarch64-linux-gnu/libOgreProperty.so;debug;/usr/lib/aarch64-linux-gnu/libOgreProperty.so
[0.803s] -- Looking for OGRE_RTShaderSystem...
[0.803s] -- Found OGRE_RTShaderSystem: optimized;/usr/lib/aarch64-linux-gnu/libOgreRTShaderSystem.so;debug;/usr/lib/aarch64-linux-gnu/libOgreRTShaderSystem.so
[0.803s] -- Looking for OGRE_Volume...
[0.803s] -- Found OGRE_Volume: optimized;/usr/lib/aarch64-linux-gnu/libOgreVolume.so;debug;/usr/lib/aarch64-linux-gnu/libOgreVolume.so
[0.803s] -- Looking for OGRE_Overlay...
[0.803s] -- Found OGRE_Overlay: optimized;/usr/lib/aarch64-linux-gnu/libOgreOverlay.so;debug;/usr/lib/aarch64-linux-gnu/libOgreOverlay.so
[1.311s] -- Looking for ignition-math6 -- found version 6.15.1
[1.313s] -- Looking for ignition-transport8 -- found version 8.2.1
[1.314s] -- Searching for dependencies of ignition-transport8
[1.362s] -- Found Protobuf: /usr/lib/aarch64-linux-gnu/libprotobuf.so (found suitable version "3.12.4", minimum required is "3") 
[1.392s] -- Config-file not installed for ZeroMQ -- checking for pkg-config
[1.403s] -- Checking for module 'libzmq >= 4'
[1.436s] --   Found libzmq , version 4.3.4
[1.533s] -- Checking for module 'uuid'
[1.571s] --   Found uuid, version 2.37.2
[1.647s] -- Looking for ignition-msgs5 -- found version 5.8.1
[1.647s] -- Searching for dependencies of ignition-msgs5
[1.709s] -- Looking for ignition-math6 -- found version 6.15.1
[1.722s] -- Checking for module 'tinyxml2'
[1.761s] --   Found tinyxml2, version 9.0.0
[1.833s] -- Looking for ignition-msgs5 -- found version 5.8.1
[1.835s] -- Looking for ignition-common3 -- found version 3.14.0
[1.837s] -- Searching for dependencies of ignition-common3
[1.839s] -- Looking for dlfcn.h - found
[1.839s] -- Looking for libdl - found
[1.874s] -- Searching for <ignition-common3> component [graphics]
[1.875s] -- Looking for ignition-common3-graphics -- found version 3.14.0
[1.876s] -- Searching for dependencies of ignition-common3-graphics
[1.877s] -- Looking for ignition-math6 -- found version 6.15.1
[1.879s] -- Looking for ignition-fuel_tools4 -- found version 4.4.0
[1.880s] -- Searching for dependencies of ignition-fuel_tools4
[1.994s] -- Checking for module 'jsoncpp'
[2.033s] --   Found jsoncpp, version 1.9.5
[2.122s] -- Checking for module 'libzip'
[2.157s] --   Found libzip, version 1.7.3
[2.231s] -- Looking for ignition-common3 -- found version 3.14.0
[2.233s] -- Looking for ignition-math6 -- found version 6.15.1
[2.234s] -- Looking for ignition-msgs5 -- found version 5.8.1
[2.241s] -- Gazebo version: 11.10
[2.243s] -- Found gazebo_msgs: 3.7.0 (/opt/ros/humble/share/gazebo_msgs/cmake)
[2.784s] -- Found rcl: 5.3.7 (/opt/ros/humble/share/rcl/cmake)
[2.862s] -- Found rmw_implementation_cmake: 6.1.1 (/opt/ros/humble/share/rmw_implementation_cmake/cmake)
[2.867s] -- Found rmw_cyclonedds_cpp: 1.3.4 (/opt/ros/humble/share/rmw_cyclonedds_cpp/cmake)
[2.924s] -- Using RMW implementation 'rmw_cyclonedds_cpp' as default
[2.942s] -- Found rclcpp: 16.0.8 (/opt/ros/humble/share/rclcpp/cmake)
[3.175s] -- Found std_srvs: 4.2.3 (/opt/ros/humble/share/std_srvs/cmake)
[3.210s] -- Found tinyxml_vendor: 0.8.3 (/opt/ros/humble/share/tinyxml_vendor/cmake)
[3.588s] -- Found ament_cmake_gtest: 1.3.8 (/opt/ros/humble/share/ament_cmake_gtest/cmake)
[3.590s] -- Found launch_testing_ament_cmake: 1.0.5 (/opt/ros/humble/share/launch_testing_ament_cmake/cmake)
[3.591s] -- Found python_cmake_module: 0.10.0 (/opt/ros/humble/share/python_cmake_module/cmake)
[3.652s] -- Using PYTHON_EXECUTABLE: /usr/bin/python3
[3.652s] -- Using PYTHON_INCLUDE_DIRS: /usr/include/python3.10
[3.652s] -- Using PYTHON_LIBRARIES: /usr/lib/aarch64-linux-gnu/libpython3.10.so
[3.654s] -- Found sensor_msgs: 4.2.3 (/opt/ros/humble/share/sensor_msgs/cmake)
[3.952s] -- Found gtest sources under '/opt/ros/humble/src/gtest_vendor': C++ tests using 'Google Test' will be built
[4.532s] -- Found ament_lint_auto: 0.12.10 (/opt/ros/humble/share/ament_lint_auto/cmake)
[4.709s] -- Found python_cmake_module: 0.10.0 (/opt/ros/humble/share/python_cmake_module/cmake)
[4.777s] -- Using PYTHON_EXECUTABLE: /usr/bin/python3
[4.777s] -- Using PYTHON_INCLUDE_DIRS: /usr/include/python3.10
[4.777s] -- Using PYTHON_LIBRARIES: /usr/lib/aarch64-linux-gnu/libpython3.10.so
[4.982s] -- Added test 'copyright' to check source files copyright and LICENSE
[4.990s] -- Added test 'cppcheck' to perform static code analysis on C / C++ code
[4.992s] -- Configured cppcheck include dirs: $<BUILD_INTERFACE:/home/hermes/Hermes/hermes_ws/src/gazebo_ros_pkgs/gazebo_ros/include>
[4.992s] -- Configured cppcheck exclude dirs and/or files: 
[4.994s] -- Added test 'flake8' to check Python code syntax and style conventions
[4.996s] -- Added test 'lint_cmake' to check CMake code style
[4.997s] -- Added test 'pep257' to check Python code against some of the docstring style conventions in PEP 257
[5.003s] -- Added test 'uncrustify' to check C / C++ code style
[5.003s] -- Configured uncrustify additional arguments: 
[5.005s] -- Added test 'xmllint' to check XML markup files
[5.011s] -- Configuring done
[5.560s] -- Generating done
[5.572s] -- Build files have been written to: /home/hermes/Hermes/hermes_ws/build/gazebo_ros
[5.621s] Invoked command in '/home/hermes/Hermes/hermes_ws/build/gazebo_ros' returned '0': CMAKE_PREFIX_PATH=/home/hermes/Hermes/hermes_ws/install/gazebo_msgs:/home/hermes/Hermes/hermes_ws/install/gazebo_dev:/home/hermes/Hermes/hermes_ws/install/hermes_navigation:/home/hermes/Hermes/hermes_ws/install/turtlebot3_simulations:/home/hermes/Hermes/hermes_ws/install/turtlebot3_gazebo:/home/hermes/Hermes/hermes_ws/install/turtlebot3_fake_node:/home/hermes/Hermes/hermes_ws/install/ldlidar_stl_ros2:/home/hermes/Hermes/hermes_ws/install/ldlidar:/home/hermes/Hermes/hermes_ws/install/ldlidar_node:/home/hermes/Hermes/hermes_ws/install/ldlidar_component:/home/hermes/Hermes/hermes_ws/install/image_geometry:/home/hermes/Hermes/hermes_ws/install/hermes_urdf:/home/hermes/Hermes/hermes_ws/install/hermes_interfaces:/home/hermes/Hermes/hermes_ws/install/gps_publisher:/home/hermes/Hermes/hermes_ws/install/gazebo_ros_pkgs:/home/hermes/Hermes/hermes_ws/install/gazebo_plugins:/home/hermes/Hermes/hermes_ws/install/gazebo_ros:/home/hermes/Hermes/hermes_ws/install/cv_bridge:/home/hermes/Downloads/hermes/Hermes/install/ldlidar_stl_ros2:/home/hermes/Downloads/hermes/ros2_ws/src/install/ldlidar:/home/hermes/Downloads/hermes/ros2_ws/src/install/ldlidar_node:/home/hermes/Downloads/hermes/ros2_ws/src/install/ldlidar_component:/home/hermes/Downloads/hermes/ros2_ws/src/install/ffmpeg_image_transport:/home/hermes/Downloads/hermes/ros2_ws/src/install/ffmpeg_image_transport_msgs:/home/hermes/Hermes/hermes_ws/install/tof_publisher:/home/hermes/Hermes/hermes_ws/install/teleop_control:/home/hermes/Hermes/hermes_ws/install/robot_model:/home/hermes/Hermes/hermes_ws/install/odometry:/home/hermes/Hermes/hermes_ws/install/my_robot_description:/home/hermes/Hermes/hermes_ws/install/lidar_publisher:/home/hermes/Hermes/hermes_ws/install/launch_files:/home/hermes/Hermes/hermes_ws/install/imu_publisher:/home/hermes/Hermes/hermes_ws/install/cmd_vel:/home/hermes/Hermes/hermes_ws/install/cameras:/home/hermes/Downloads/hermes/Hermes/install/tof_publisher:/home/hermes/Downloads/hermes/Hermes/install/teleop_control:/home/hermes/Downloads/hermes/Hermes/install/odometry:/home/hermes/Downloads/hermes/Hermes/install/imu_publisher:/home/hermes/Downloads/hermes/Hermes/install/gps_publisher:/home/hermes/Downloads/hermes/Hermes/install/cmd_vel:/home/hermes/Downloads/hermes/Hermes/install/cameras:/home/hermes/Downloads/hermes/ros2_ws/src/install/ros2_video_stream_pkg:/opt/ros/humble LD_LIBRARY_PATH=/home/hermes/Hermes/hermes_ws/install/gazebo_msgs/lib:/home/hermes/Hermes/hermes_ws/install/ldlidar_component/lib:/home/hermes/Hermes/hermes_ws/install/image_geometry/lib:/home/hermes/Hermes/hermes_ws/install/hermes_interfaces/lib:/usr/lib/aarch64-linux-gnu/gazebo-11/plugins:/home/hermes/Hermes/hermes_ws/install/gazebo_plugins/lib:/home/hermes/Hermes/hermes_ws/install/gazebo_ros/lib:/home/hermes/Hermes/hermes_ws/install/cv_bridge/lib:/home/hermes/Downloads/hermes/ros2_ws/src/install/ldlidar_component/lib:/home/hermes/Downloads/hermes/ros2_ws/src/install/ffmpeg_image_transport/lib:/home/hermes/Downloads/hermes/ros2_ws/src/install/ffmpeg_image_transport_msgs/lib:/opt/ros/humble/opt/rviz_ogre_vendor/lib:/opt/ros/humble/lib/aarch64-linux-gnu:/opt/ros/humble/lib:/usr/local/cuda-12.2/lib64 /usr/bin/cmake /home/hermes/Hermes/hermes_ws/src/gazebo_ros_pkgs/gazebo_ros -DCMAKE_INSTALL_PREFIX=/home/hermes/Hermes/hermes_ws/install/gazebo_ros
[5.627s] Invoking command in '/home/hermes/Hermes/hermes_ws/build/gazebo_ros': CMAKE_PREFIX_PATH=/home/hermes/Hermes/hermes_ws/install/gazebo_msgs:/home/hermes/Hermes/hermes_ws/install/gazebo_dev:/home/hermes/Hermes/hermes_ws/install/hermes_navigation:/home/hermes/Hermes/hermes_ws/install/turtlebot3_simulations:/home/hermes/Hermes/hermes_ws/install/turtlebot3_gazebo:/home/hermes/Hermes/hermes_ws/install/turtlebot3_fake_node:/home/hermes/Hermes/hermes_ws/install/ldlidar_stl_ros2:/home/hermes/Hermes/hermes_ws/install/ldlidar:/home/hermes/Hermes/hermes_ws/install/ldlidar_node:/home/hermes/Hermes/hermes_ws/install/ldlidar_component:/home/hermes/Hermes/hermes_ws/install/image_geometry:/home/hermes/Hermes/hermes_ws/install/hermes_urdf:/home/hermes/Hermes/hermes_ws/install/hermes_interfaces:/home/hermes/Hermes/hermes_ws/install/gps_publisher:/home/hermes/Hermes/hermes_ws/install/gazebo_ros_pkgs:/home/hermes/Hermes/hermes_ws/install/gazebo_plugins:/home/hermes/Hermes/hermes_ws/install/gazebo_ros:/home/hermes/Hermes/hermes_ws/install/cv_bridge:/home/hermes/Downloads/hermes/Hermes/install/ldlidar_stl_ros2:/home/hermes/Downloads/hermes/ros2_ws/src/install/ldlidar:/home/hermes/Downloads/hermes/ros2_ws/src/install/ldlidar_node:/home/hermes/Downloads/hermes/ros2_ws/src/install/ldlidar_component:/home/hermes/Downloads/hermes/ros2_ws/src/install/ffmpeg_image_transport:/home/hermes/Downloads/hermes/ros2_ws/src/install/ffmpeg_image_transport_msgs:/home/hermes/Hermes/hermes_ws/install/tof_publisher:/home/hermes/Hermes/hermes_ws/install/teleop_control:/home/hermes/Hermes/hermes_ws/install/robot_model:/home/hermes/Hermes/hermes_ws/install/odometry:/home/hermes/Hermes/hermes_ws/install/my_robot_description:/home/hermes/Hermes/hermes_ws/install/lidar_publisher:/home/hermes/Hermes/hermes_ws/install/launch_files:/home/hermes/Hermes/hermes_ws/install/imu_publisher:/home/hermes/Hermes/hermes_ws/install/cmd_vel:/home/hermes/Hermes/hermes_ws/install/cameras:/home/hermes/Downloads/hermes/Hermes/install/tof_publisher:/home/hermes/Downloads/hermes/Hermes/install/teleop_control:/home/hermes/Downloads/hermes/Hermes/install/odometry:/home/hermes/Downloads/hermes/Hermes/install/imu_publisher:/home/hermes/Downloads/hermes/Hermes/install/gps_publisher:/home/hermes/Downloads/hermes/Hermes/install/cmd_vel:/home/hermes/Downloads/hermes/Hermes/install/cameras:/home/hermes/Downloads/hermes/ros2_ws/src/install/ros2_video_stream_pkg:/opt/ros/humble LD_LIBRARY_PATH=/home/hermes/Hermes/hermes_ws/install/gazebo_msgs/lib:/home/hermes/Hermes/hermes_ws/install/ldlidar_component/lib:/home/hermes/Hermes/hermes_ws/install/image_geometry/lib:/home/hermes/Hermes/hermes_ws/install/hermes_interfaces/lib:/usr/lib/aarch64-linux-gnu/gazebo-11/plugins:/home/hermes/Hermes/hermes_ws/install/gazebo_plugins/lib:/home/hermes/Hermes/hermes_ws/install/gazebo_ros/lib:/home/hermes/Hermes/hermes_ws/install/cv_bridge/lib:/home/hermes/Downloads/hermes/ros2_ws/src/install/ldlidar_component/lib:/home/hermes/Downloads/hermes/ros2_ws/src/install/ffmpeg_image_transport/lib:/home/hermes/Downloads/hermes/ros2_ws/src/install/ffmpeg_image_transport_msgs/lib:/opt/ros/humble/opt/rviz_ogre_vendor/lib:/opt/ros/humble/lib/aarch64-linux-gnu:/opt/ros/humble/lib:/usr/local/cuda-12.2/lib64 /usr/bin/cmake --build /home/hermes/Hermes/hermes_ws/build/gazebo_ros -- -j6 -l6
[5.732s] [35m[1mConsolidate compiler generated dependencies of target gtest_main[0m
[5.732s] [35m[1mConsolidate compiler generated dependencies of target gtest[0m
[5.732s] [35m[1mConsolidate compiler generated dependencies of target mock_robot_state_publisher[0m
[5.734s] [35m[1mConsolidate compiler generated dependencies of target gazebo_ros_utils[0m
[5.742s] [35m[1mConsolidate compiler generated dependencies of target gazebo_ros_node[0m
[5.766s] [  3%] Built target gtest_main
[5.766s] [  6%] Built target gtest
[5.771s] [ 10%] Built target mock_robot_state_publisher
[5.779s] [ 10%] Built target ament_cmake_python_symlink_scripts
[5.792s] [35m[1mConsolidate compiler generated dependencies of target mock_gazebo_ros_factory[0m
[5.810s] [ 13%] Built target gazebo_ros_utils
[5.815s] [ 20%] Built target gazebo_ros_node
[5.834s] [ 23%] Built target mock_gazebo_ros_factory
[5.844s] [35m[1mConsolidate compiler generated dependencies of target gazebo_ros_properties[0m
[5.844s] [35m[1mConsolidate compiler generated dependencies of target gazebo_ros_factory[0m
[5.845s] [35m[1mConsolidate compiler generated dependencies of target gazebo_ros_init[0m
[5.847s] [35m[1mConsolidate compiler generated dependencies of target gazebo_ros_state[0m
[5.866s] [35m[1mConsolidate compiler generated dependencies of target gazebo_ros_force_system[0m
[5.936s] [ 28%] Built target gazebo_ros_state
[5.936s] [ 30%] Built target gazebo_ros_force_system
[5.941s] [ 35%] Built target gazebo_ros_factory
[5.942s] [ 36%] Built target gazebo_ros_properties
[5.942s] [ 40%] Built target gazebo_ros_init
[5.964s] [35m[1mConsolidate compiler generated dependencies of target args_init[0m
[5.968s] [35m[1mConsolidate compiler generated dependencies of target create_node_without_init[0m
[5.968s] [35m[1mConsolidate compiler generated dependencies of target multiple_nodes[0m
[5.973s] [35m[1mConsolidate compiler generated dependencies of target ros_world_plugin[0m
[5.979s] [35m[1mConsolidate compiler generated dependencies of target sdf_node[0m
[6.031s] [ 43%] Built target args_init
[6.035s] [ 50%] Built target create_node_without_init
[6.035s] [ 50%] Built target multiple_nodes
[6.043s] [ 53%] Built target ros_world_plugin
[6.051s] [ 56%] Built target sdf_node
[6.056s] [35m[1mConsolidate compiler generated dependencies of target test_conversions[0m
[6.065s] [35m[1mConsolidate compiler generated dependencies of target test_gazebo_ros_factory[0m
[6.072s] [35m[1mConsolidate compiler generated dependencies of target test_gazebo_ros_init[0m
[6.078s] [35m[1mConsolidate compiler generated dependencies of target test_gazebo_ros_joint_effort[0m
[6.082s] [35m[1mConsolidate compiler generated dependencies of target test_gazebo_ros_link_wrench[0m
[6.093s] [ 60%] Built target test_conversions
[6.126s] [35m[1mConsolidate compiler generated dependencies of target test_gazebo_ros_properties[0m
[6.176s] [ 68%] Built target test_gazebo_ros_init
[6.176s] [ 70%] Built target test_gazebo_ros_joint_effort
[6.176s] [ 68%] Built target test_gazebo_ros_factory
[6.182s] [ 73%] Built target test_gazebo_ros_link_wrench
[6.202s] [35m[1mConsolidate compiler generated dependencies of target test_node[0m
[6.205s] [35m[1mConsolidate compiler generated dependencies of target test_gazebo_ros_state[0m
[6.206s] [35m[1mConsolidate compiler generated dependencies of target test_reject_duplicate_nodes[0m
[6.216s] [35m[1mConsolidate compiler generated dependencies of target test_plugins[0m
[6.229s] [ 76%] Built target test_gazebo_ros_properties
[6.255s] [35m[1mConsolidate compiler generated dependencies of target test_qos[0m
[6.272s] [ 81%] Built target test_node
[6.272s] [ 83%] Built target test_plugins
[6.275s] [ 86%] Built target test_reject_duplicate_nodes
[6.297s] [35m[1mConsolidate compiler generated dependencies of target test_sim_time[0m
[6.299s] [ 93%] Built target test_gazebo_ros_state
[6.299s] [ 93%] Built target test_qos
[6.299s] [35m[1mConsolidate compiler generated dependencies of target test_utils[0m
[6.335s] [ 96%] Built target test_sim_time
[6.357s] [100%] Built target test_utils
[6.410s] running egg_info
[6.411s] writing scripts.egg-info/PKG-INFO
[6.411s] writing dependency_links to scripts.egg-info/dependency_links.txt
[6.412s] writing top-level names to scripts.egg-info/top_level.txt
[6.417s] reading manifest file 'scripts.egg-info/SOURCES.txt'
[6.419s] writing manifest file 'scripts.egg-info/SOURCES.txt'
[6.494s] [100%] Built target ament_cmake_python_build_scripts_egg
[6.524s] Invoked command in '/home/hermes/Hermes/hermes_ws/build/gazebo_ros' returned '0': CMAKE_PREFIX_PATH=/home/hermes/Hermes/hermes_ws/install/gazebo_msgs:/home/hermes/Hermes/hermes_ws/install/gazebo_dev:/home/hermes/Hermes/hermes_ws/install/hermes_navigation:/home/hermes/Hermes/hermes_ws/install/turtlebot3_simulations:/home/hermes/Hermes/hermes_ws/install/turtlebot3_gazebo:/home/hermes/Hermes/hermes_ws/install/turtlebot3_fake_node:/home/hermes/Hermes/hermes_ws/install/ldlidar_stl_ros2:/home/hermes/Hermes/hermes_ws/install/ldlidar:/home/hermes/Hermes/hermes_ws/install/ldlidar_node:/home/hermes/Hermes/hermes_ws/install/ldlidar_component:/home/hermes/Hermes/hermes_ws/install/image_geometry:/home/hermes/Hermes/hermes_ws/install/hermes_urdf:/home/hermes/Hermes/hermes_ws/install/hermes_interfaces:/home/hermes/Hermes/hermes_ws/install/gps_publisher:/home/hermes/Hermes/hermes_ws/install/gazebo_ros_pkgs:/home/hermes/Hermes/hermes_ws/install/gazebo_plugins:/home/hermes/Hermes/hermes_ws/install/gazebo_ros:/home/hermes/Hermes/hermes_ws/install/cv_bridge:/home/hermes/Downloads/hermes/Hermes/install/ldlidar_stl_ros2:/home/hermes/Downloads/hermes/ros2_ws/src/install/ldlidar:/home/hermes/Downloads/hermes/ros2_ws/src/install/ldlidar_node:/home/hermes/Downloads/hermes/ros2_ws/src/install/ldlidar_component:/home/hermes/Downloads/hermes/ros2_ws/src/install/ffmpeg_image_transport:/home/hermes/Downloads/hermes/ros2_ws/src/install/ffmpeg_image_transport_msgs:/home/hermes/Hermes/hermes_ws/install/tof_publisher:/home/hermes/Hermes/hermes_ws/install/teleop_control:/home/hermes/Hermes/hermes_ws/install/robot_model:/home/hermes/Hermes/hermes_ws/install/odometry:/home/hermes/Hermes/hermes_ws/install/my_robot_description:/home/hermes/Hermes/hermes_ws/install/lidar_publisher:/home/hermes/Hermes/hermes_ws/install/launch_files:/home/hermes/Hermes/hermes_ws/install/imu_publisher:/home/hermes/Hermes/hermes_ws/install/cmd_vel:/home/hermes/Hermes/hermes_ws/install/cameras:/home/hermes/Downloads/hermes/Hermes/install/tof_publisher:/home/hermes/Downloads/hermes/Hermes/install/teleop_control:/home/hermes/Downloads/hermes/Hermes/install/odometry:/home/hermes/Downloads/hermes/Hermes/install/imu_publisher:/home/hermes/Downloads/hermes/Hermes/install/gps_publisher:/home/hermes/Downloads/hermes/Hermes/install/cmd_vel:/home/hermes/Downloads/hermes/Hermes/install/cameras:/home/hermes/Downloads/hermes/ros2_ws/src/install/ros2_video_stream_pkg:/opt/ros/humble LD_LIBRARY_PATH=/home/hermes/Hermes/hermes_ws/install/gazebo_msgs/lib:/home/hermes/Hermes/hermes_ws/install/ldlidar_component/lib:/home/hermes/Hermes/hermes_ws/install/image_geometry/lib:/home/hermes/Hermes/hermes_ws/install/hermes_interfaces/lib:/usr/lib/aarch64-linux-gnu/gazebo-11/plugins:/home/hermes/Hermes/hermes_ws/install/gazebo_plugins/lib:/home/hermes/Hermes/hermes_ws/install/gazebo_ros/lib:/home/hermes/Hermes/hermes_ws/install/cv_bridge/lib:/home/hermes/Downloads/hermes/ros2_ws/src/install/ldlidar_component/lib:/home/hermes/Downloads/hermes/ros2_ws/src/install/ffmpeg_image_transport/lib:/home/hermes/Downloads/hermes/ros2_ws/src/install/ffmpeg_image_transport_msgs/lib:/opt/ros/humble/opt/rviz_ogre_vendor/lib:/opt/ros/humble/lib/aarch64-linux-gnu:/opt/ros/humble/lib:/usr/local/cuda-12.2/lib64 /usr/bin/cmake --build /home/hermes/Hermes/hermes_ws/build/gazebo_ros -- -j6 -l6
[6.716s] Invoking command in '/home/hermes/Hermes/hermes_ws/build/gazebo_ros': CMAKE_PREFIX_PATH=/home/hermes/Hermes/hermes_ws/install/gazebo_msgs:/home/hermes/Hermes/hermes_ws/install/gazebo_dev:/home/hermes/Hermes/hermes_ws/install/hermes_navigation:/home/hermes/Hermes/hermes_ws/install/turtlebot3_simulations:/home/hermes/Hermes/hermes_ws/install/turtlebot3_gazebo:/home/hermes/Hermes/hermes_ws/install/turtlebot3_fake_node:/home/hermes/Hermes/hermes_ws/install/ldlidar_stl_ros2:/home/hermes/Hermes/hermes_ws/install/ldlidar:/home/hermes/Hermes/hermes_ws/install/ldlidar_node:/home/hermes/Hermes/hermes_ws/install/ldlidar_component:/home/hermes/Hermes/hermes_ws/install/image_geometry:/home/hermes/Hermes/hermes_ws/install/hermes_urdf:/home/hermes/Hermes/hermes_ws/install/hermes_interfaces:/home/hermes/Hermes/hermes_ws/install/gps_publisher:/home/hermes/Hermes/hermes_ws/install/gazebo_ros_pkgs:/home/hermes/Hermes/hermes_ws/install/gazebo_plugins:/home/hermes/Hermes/hermes_ws/install/gazebo_ros:/home/hermes/Hermes/hermes_ws/install/cv_bridge:/home/hermes/Downloads/hermes/Hermes/install/ldlidar_stl_ros2:/home/hermes/Downloads/hermes/ros2_ws/src/install/ldlidar:/home/hermes/Downloads/hermes/ros2_ws/src/install/ldlidar_node:/home/hermes/Downloads/hermes/ros2_ws/src/install/ldlidar_component:/home/hermes/Downloads/hermes/ros2_ws/src/install/ffmpeg_image_transport:/home/hermes/Downloads/hermes/ros2_ws/src/install/ffmpeg_image_transport_msgs:/home/hermes/Hermes/hermes_ws/install/tof_publisher:/home/hermes/Hermes/hermes_ws/install/teleop_control:/home/hermes/Hermes/hermes_ws/install/robot_model:/home/hermes/Hermes/hermes_ws/install/odometry:/home/hermes/Hermes/hermes_ws/install/my_robot_description:/home/hermes/Hermes/hermes_ws/install/lidar_publisher:/home/hermes/Hermes/hermes_ws/install/launch_files:/home/hermes/Hermes/hermes_ws/install/imu_publisher:/home/hermes/Hermes/hermes_ws/install/cmd_vel:/home/hermes/Hermes/hermes_ws/install/cameras:/home/hermes/Downloads/hermes/Hermes/install/tof_publisher:/home/hermes/Downloads/hermes/Hermes/install/teleop_control:/home/hermes/Downloads/hermes/Hermes/install/odometry:/home/hermes/Downloads/hermes/Hermes/install/imu_publisher:/home/hermes/Downloads/hermes/Hermes/install/gps_publisher:/home/hermes/Downloads/hermes/Hermes/install/cmd_vel:/home/hermes/Downloads/hermes/Hermes/install/cameras:/home/hermes/Downloads/hermes/ros2_ws/src/install/ros2_video_stream_pkg:/opt/ros/humble LD_LIBRARY_PATH=/home/hermes/Hermes/hermes_ws/install/gazebo_msgs/lib:/home/hermes/Hermes/hermes_ws/install/ldlidar_component/lib:/home/hermes/Hermes/hermes_ws/install/image_geometry/lib:/home/hermes/Hermes/hermes_ws/install/hermes_interfaces/lib:/usr/lib/aarch64-linux-gnu/gazebo-11/plugins:/home/hermes/Hermes/hermes_ws/install/gazebo_plugins/lib:/home/hermes/Hermes/hermes_ws/install/gazebo_ros/lib:/home/hermes/Hermes/hermes_ws/install/cv_bridge/lib:/home/hermes/Downloads/hermes/ros2_ws/src/install/ldlidar_component/lib:/home/hermes/Downloads/hermes/ros2_ws/src/install/ffmpeg_image_transport/lib:/home/hermes/Downloads/hermes/ros2_ws/src/install/ffmpeg_image_transport_msgs/lib:/opt/ros/humble/opt/rviz_ogre_vendor/lib:/opt/ros/humble/lib/aarch64-linux-gnu:/opt/ros/humble/lib:/usr/local/cuda-12.2/lib64 /usr/bin/cmake --install /home/hermes/Hermes/hermes_ws/build/gazebo_ros
[6.735s] -- Install configuration: ""
[6.736s] -- Execute custom install script
[6.736s] -- Up-to-date symlink: /home/hermes/Hermes/hermes_ws/install/gazebo_ros/share/gazebo_ros/environment/pythonpath.sh
[6.737s] -- Up-to-date symlink: /home/hermes/Hermes/hermes_ws/install/gazebo_ros/share/gazebo_ros/environment/pythonpath.dsv
[6.737s] -- Up-to-date symlink: /home/hermes/Hermes/hermes_ws/install/gazebo_ros/local/lib/python3.10/dist-packages/scripts-3.7.0-py3.10.egg-info/PKG-INFO
[6.738s] -- Up-to-date symlink: /home/hermes/Hermes/hermes_ws/install/gazebo_ros/local/lib/python3.10/dist-packages/scripts-3.7.0-py3.10.egg-info/SOURCES.txt
[6.739s] -- Up-to-date symlink: /home/hermes/Hermes/hermes_ws/install/gazebo_ros/local/lib/python3.10/dist-packages/scripts-3.7.0-py3.10.egg-info/dependency_links.txt
[6.739s] -- Up-to-date symlink: /home/hermes/Hermes/hermes_ws/install/gazebo_ros/local/lib/python3.10/dist-packages/scripts-3.7.0-py3.10.egg-info/top_level.txt
[6.740s] -- Up-to-date symlink: /home/hermes/Hermes/hermes_ws/install/gazebo_ros/local/lib/python3.10/dist-packages/scripts/__init__.py
[6.740s] -- Up-to-date symlink: /home/hermes/Hermes/hermes_ws/install/gazebo_ros/local/lib/python3.10/dist-packages/scripts/gazebo_ros_paths.py
[6.741s] -- Up-to-date symlink: /home/hermes/Hermes/hermes_ws/install/gazebo_ros/local/lib/python3.10/dist-packages/scripts/spawn_entity.py
[6.741s] -- Up-to-date symlink: /home/hermes/Hermes/hermes_ws/install/gazebo_ros/share/gazebo_ros/environment/library_path.sh
[6.742s] -- Up-to-date symlink: /home/hermes/Hermes/hermes_ws/install/gazebo_ros/share/gazebo_ros/environment/library_path.dsv
[6.742s] -- Up-to-date symlink: /home/hermes/Hermes/hermes_ws/install/gazebo_ros/share/ament_index/resource_index/package_run_dependencies/gazebo_ros
[6.743s] -- Up-to-date symlink: /home/hermes/Hermes/hermes_ws/install/gazebo_ros/share/ament_index/resource_index/parent_prefix_path/gazebo_ros
[6.743s] -- Up-to-date symlink: /home/hermes/Hermes/hermes_ws/install/gazebo_ros/share/gazebo_ros/environment/ament_prefix_path.sh
[6.743s] -- Up-to-date symlink: /home/hermes/Hermes/hermes_ws/install/gazebo_ros/share/gazebo_ros/environment/ament_prefix_path.dsv
[6.744s] -- Up-to-date symlink: /home/hermes/Hermes/hermes_ws/install/gazebo_ros/share/gazebo_ros/environment/path.sh
[6.744s] -- Up-to-date symlink: /home/hermes/Hermes/hermes_ws/install/gazebo_ros/share/gazebo_ros/environment/path.dsv
[6.745s] -- Up-to-date symlink: /home/hermes/Hermes/hermes_ws/install/gazebo_ros/share/gazebo_ros/local_setup.bash
[6.745s] -- Up-to-date symlink: /home/hermes/Hermes/hermes_ws/install/gazebo_ros/share/gazebo_ros/local_setup.sh
[6.745s] -- Up-to-date symlink: /home/hermes/Hermes/hermes_ws/install/gazebo_ros/share/gazebo_ros/local_setup.zsh
[6.746s] -- Up-to-date symlink: /home/hermes/Hermes/hermes_ws/install/gazebo_ros/share/gazebo_ros/local_setup.dsv
[6.746s] -- Symlinking: /home/hermes/Hermes/hermes_ws/install/gazebo_ros/share/gazebo_ros/package.dsv
[6.767s] -- Up-to-date symlink: /home/hermes/Hermes/hermes_ws/install/gazebo_ros/share/ament_index/resource_index/packages/gazebo_ros
[6.767s] -- Up-to-date symlink: /home/hermes/Hermes/hermes_ws/install/gazebo_ros/share/gazebo_ros/cmake/ament_cmake_export_libraries-extras.cmake
[6.768s] -- Up-to-date symlink: /home/hermes/Hermes/hermes_ws/install/gazebo_ros/share/gazebo_ros/cmake/ament_cmake_export_include_directories-extras.cmake
[6.768s] -- Up-to-date symlink: /home/hermes/Hermes/hermes_ws/install/gazebo_ros/share/gazebo_ros/cmake/ament_cmake_export_dependencies-extras.cmake
[6.769s] -- Up-to-date symlink: /home/hermes/Hermes/hermes_ws/install/gazebo_ros/share/gazebo_ros/cmake/gazebo_rosConfig.cmake
[6.769s] -- Up-to-date symlink: /home/hermes/Hermes/hermes_ws/install/gazebo_ros/share/gazebo_ros/cmake/gazebo_rosConfig-version.cmake
[6.770s] -- Up-to-date symlink: /home/hermes/Hermes/hermes_ws/install/gazebo_ros/share/gazebo_ros/package.xml
[6.772s] -- Up-to-date symlink: /home/hermes/Hermes/hermes_ws/install/gazebo_ros/include/gazebo_ros/conversions/builtin_interfaces.hpp
[6.772s] -- Up-to-date symlink: /home/hermes/Hermes/hermes_ws/install/gazebo_ros/include/gazebo_ros/conversions/gazebo_msgs.hpp
[6.773s] -- Up-to-date symlink: /home/hermes/Hermes/hermes_ws/install/gazebo_ros/include/gazebo_ros/conversions/generic.hpp
[6.773s] -- Up-to-date symlink: /home/hermes/Hermes/hermes_ws/install/gazebo_ros/include/gazebo_ros/conversions/geometry_msgs.hpp
[6.774s] -- Up-to-date symlink: /home/hermes/Hermes/hermes_ws/install/gazebo_ros/include/gazebo_ros/conversions/sensor_msgs.hpp
[6.774s] -- Up-to-date symlink: /home/hermes/Hermes/hermes_ws/install/gazebo_ros/include/gazebo_ros/executor.hpp
[6.774s] -- Up-to-date symlink: /home/hermes/Hermes/hermes_ws/install/gazebo_ros/include/gazebo_ros/gazebo_ros_factory.hpp
[6.774s] -- Up-to-date symlink: /home/hermes/Hermes/hermes_ws/install/gazebo_ros/include/gazebo_ros/gazebo_ros_force_system.hpp
[6.775s] -- Up-to-date symlink: /home/hermes/Hermes/hermes_ws/install/gazebo_ros/include/gazebo_ros/gazebo_ros_init.hpp
[6.775s] -- Up-to-date symlink: /home/hermes/Hermes/hermes_ws/install/gazebo_ros/include/gazebo_ros/gazebo_ros_properties.hpp
[6.775s] -- Up-to-date symlink: /home/hermes/Hermes/hermes_ws/install/gazebo_ros/include/gazebo_ros/gazebo_ros_state.hpp
[6.776s] -- Up-to-date symlink: /home/hermes/Hermes/hermes_ws/install/gazebo_ros/include/gazebo_ros/node.hpp
[6.776s] -- Up-to-date symlink: /home/hermes/Hermes/hermes_ws/install/gazebo_ros/include/gazebo_ros/node_visibility_control.h
[6.776s] -- Up-to-date symlink: /home/hermes/Hermes/hermes_ws/install/gazebo_ros/include/gazebo_ros/qos.hpp
[6.777s] -- Up-to-date symlink: /home/hermes/Hermes/hermes_ws/install/gazebo_ros/include/gazebo_ros/testing_utils.hpp
[6.777s] -- Up-to-date symlink: /home/hermes/Hermes/hermes_ws/install/gazebo_ros/include/gazebo_ros/utils.hpp
[6.777s] -- Up-to-date symlink: /home/hermes/Hermes/hermes_ws/install/gazebo_ros/include/gazebo_ros/utils_visibility_control.h
[6.778s] -- Up-to-date symlink: /home/hermes/Hermes/hermes_ws/install/gazebo_ros/lib/gazebo_ros//gazebo_ros_paths.py
[6.779s] -- Up-to-date symlink: /home/hermes/Hermes/hermes_ws/install/gazebo_ros/lib/libgazebo_ros_factory.so
[6.779s] -- Up-to-date symlink: /home/hermes/Hermes/hermes_ws/install/gazebo_ros/lib/libgazebo_ros_force_system.so
[6.779s] -- Up-to-date symlink: /home/hermes/Hermes/hermes_ws/install/gazebo_ros/lib/libgazebo_ros_init.so
[6.780s] -- Up-to-date symlink: /home/hermes/Hermes/hermes_ws/install/gazebo_ros/lib/libgazebo_ros_node.so
[6.780s] -- Up-to-date symlink: /home/hermes/Hermes/hermes_ws/install/gazebo_ros/lib/libgazebo_ros_properties.so
[6.781s] -- Up-to-date symlink: /home/hermes/Hermes/hermes_ws/install/gazebo_ros/lib/libgazebo_ros_state.so
[6.781s] -- Up-to-date symlink: /home/hermes/Hermes/hermes_ws/install/gazebo_ros/lib/libgazebo_ros_utils.so
[6.782s] -- Up-to-date symlink: /home/hermes/Hermes/hermes_ws/install/gazebo_ros/lib/gazebo_ros//spawn_entity.py
[6.783s] -- Up-to-date symlink: /home/hermes/Hermes/hermes_ws/install/gazebo_ros/share/gazebo_ros//launch/gazebo.launch.py
[6.783s] -- Up-to-date symlink: /home/hermes/Hermes/hermes_ws/install/gazebo_ros/share/gazebo_ros//launch/gzclient.launch.py
[6.783s] -- Up-to-date symlink: /home/hermes/Hermes/hermes_ws/install/gazebo_ros/share/gazebo_ros//launch/gzserver.launch.py
[6.784s] -- Up-to-date symlink: /home/hermes/Hermes/hermes_ws/install/gazebo_ros/share/gazebo_ros//launch/spawn_entity_demo.launch.py
[6.785s] -- Up-to-date symlink: /home/hermes/Hermes/hermes_ws/install/gazebo_ros/share/gazebo_ros//worlds/empty.world
[6.785s] -- Up-to-date symlink: /home/hermes/Hermes/hermes_ws/install/gazebo_ros/share/gazebo_ros//worlds/gazebo_ros_force_system_demo.world
[6.785s] -- Up-to-date symlink: /home/hermes/Hermes/hermes_ws/install/gazebo_ros/share/gazebo_ros//worlds/gazebo_ros_properties_demo.world
[6.786s] -- Up-to-date symlink: /home/hermes/Hermes/hermes_ws/install/gazebo_ros/share/gazebo_ros//worlds/gazebo_ros_state_demo.world
[6.878s] Listing '/home/hermes/Hermes/hermes_ws/install/gazebo_ros/local/lib/python3.10/dist-packages/scripts'...
[6.895s] Invoked command in '/home/hermes/Hermes/hermes_ws/build/gazebo_ros' returned '0': CMAKE_PREFIX_PATH=/home/hermes/Hermes/hermes_ws/install/gazebo_msgs:/home/hermes/Hermes/hermes_ws/install/gazebo_dev:/home/hermes/Hermes/hermes_ws/install/hermes_navigation:/home/hermes/Hermes/hermes_ws/install/turtlebot3_simulations:/home/hermes/Hermes/hermes_ws/install/turtlebot3_gazebo:/home/hermes/Hermes/hermes_ws/install/turtlebot3_fake_node:/home/hermes/Hermes/hermes_ws/install/ldlidar_stl_ros2:/home/hermes/Hermes/hermes_ws/install/ldlidar:/home/hermes/Hermes/hermes_ws/install/ldlidar_node:/home/hermes/Hermes/hermes_ws/install/ldlidar_component:/home/hermes/Hermes/hermes_ws/install/image_geometry:/home/hermes/Hermes/hermes_ws/install/hermes_urdf:/home/hermes/Hermes/hermes_ws/install/hermes_interfaces:/home/hermes/Hermes/hermes_ws/install/gps_publisher:/home/hermes/Hermes/hermes_ws/install/gazebo_ros_pkgs:/home/hermes/Hermes/hermes_ws/install/gazebo_plugins:/home/hermes/Hermes/hermes_ws/install/gazebo_ros:/home/hermes/Hermes/hermes_ws/install/cv_bridge:/home/hermes/Downloads/hermes/Hermes/install/ldlidar_stl_ros2:/home/hermes/Downloads/hermes/ros2_ws/src/install/ldlidar:/home/hermes/Downloads/hermes/ros2_ws/src/install/ldlidar_node:/home/hermes/Downloads/hermes/ros2_ws/src/install/ldlidar_component:/home/hermes/Downloads/hermes/ros2_ws/src/install/ffmpeg_image_transport:/home/hermes/Downloads/hermes/ros2_ws/src/install/ffmpeg_image_transport_msgs:/home/hermes/Hermes/hermes_ws/install/tof_publisher:/home/hermes/Hermes/hermes_ws/install/teleop_control:/home/hermes/Hermes/hermes_ws/install/robot_model:/home/hermes/Hermes/hermes_ws/install/odometry:/home/hermes/Hermes/hermes_ws/install/my_robot_description:/home/hermes/Hermes/hermes_ws/install/lidar_publisher:/home/hermes/Hermes/hermes_ws/install/launch_files:/home/hermes/Hermes/hermes_ws/install/imu_publisher:/home/hermes/Hermes/hermes_ws/install/cmd_vel:/home/hermes/Hermes/hermes_ws/install/cameras:/home/hermes/Downloads/hermes/Hermes/install/tof_publisher:/home/hermes/Downloads/hermes/Hermes/install/teleop_control:/home/hermes/Downloads/hermes/Hermes/install/odometry:/home/hermes/Downloads/hermes/Hermes/install/imu_publisher:/home/hermes/Downloads/hermes/Hermes/install/gps_publisher:/home/hermes/Downloads/hermes/Hermes/install/cmd_vel:/home/hermes/Downloads/hermes/Hermes/install/cameras:/home/hermes/Downloads/hermes/ros2_ws/src/install/ros2_video_stream_pkg:/opt/ros/humble LD_LIBRARY_PATH=/home/hermes/Hermes/hermes_ws/install/gazebo_msgs/lib:/home/hermes/Hermes/hermes_ws/install/ldlidar_component/lib:/home/hermes/Hermes/hermes_ws/install/image_geometry/lib:/home/hermes/Hermes/hermes_ws/install/hermes_interfaces/lib:/usr/lib/aarch64-linux-gnu/gazebo-11/plugins:/home/hermes/Hermes/hermes_ws/install/gazebo_plugins/lib:/home/hermes/Hermes/hermes_ws/install/gazebo_ros/lib:/home/hermes/Hermes/hermes_ws/install/cv_bridge/lib:/home/hermes/Downloads/hermes/ros2_ws/src/install/ldlidar_component/lib:/home/hermes/Downloads/hermes/ros2_ws/src/install/ffmpeg_image_transport/lib:/home/hermes/Downloads/hermes/ros2_ws/src/install/ffmpeg_image_transport_msgs/lib:/opt/ros/humble/opt/rviz_ogre_vendor/lib:/opt/ros/humble/lib/aarch64-linux-gnu:/opt/ros/humble/lib:/usr/local/cuda-12.2/lib64 /usr/bin/cmake --install /home/hermes/Hermes/hermes_ws/build/gazebo_ros
