[4.194s] Invoking command in '/home/hermes/Hermes/hermes_ws/src/odometry': PYTHONPATH=/home/hermes/Hermes/hermes_ws/build/odometry/prefix_override:/home/hermes/Hermes/hermes_ws/install/odometry/lib/python3.10/site-packages:${PYTHONPATH} /usr/bin/python3 -W ignore:setup.py install is deprecated setup.py egg_info --egg-base ../../build/odometry build --build-base /home/hermes/Hermes/hermes_ws/build/odometry/build install --record /home/hermes/Hermes/hermes_ws/build/odometry/install.log --single-version-externally-managed install_data
[4.730s] running egg_info
[4.731s] writing ../../build/odometry/odometry.egg-info/PKG-INFO
[4.732s] writing dependency_links to ../../build/odometry/odometry.egg-info/dependency_links.txt
[4.732s] writing entry points to ../../build/odometry/odometry.egg-info/entry_points.txt
[4.732s] writing requirements to ../../build/odometry/odometry.egg-info/requires.txt
[4.733s] writing top-level names to ../../build/odometry/odometry.egg-info/top_level.txt
[4.737s] reading manifest file '../../build/odometry/odometry.egg-info/SOURCES.txt'
[4.737s] adding license file 'LICENSE'
[4.739s] writing manifest file '../../build/odometry/odometry.egg-info/SOURCES.txt'
[4.739s] running build
[4.739s] running build_py
[4.739s] running install
[4.740s] running install_lib
[4.743s] running install_data
[4.744s] running install_egg_info
[4.747s] removing '/home/hermes/Hermes/hermes_ws/install/odometry/lib/python3.10/site-packages/odometry-0.0.0-py3.10.egg-info' (and everything under it)
[4.748s] Copying ../../build/odometry/odometry.egg-info to /home/hermes/Hermes/hermes_ws/install/odometry/lib/python3.10/site-packages/odometry-0.0.0-py3.10.egg-info
[4.750s] running install_scripts
[4.799s] Installing odometry_node script to /home/hermes/Hermes/hermes_ws/install/odometry/lib/odometry
[4.800s] writing list of installed files to '/home/hermes/Hermes/hermes_ws/build/odometry/install.log'
[4.918s] Invoked command in '/home/hermes/Hermes/hermes_ws/src/odometry' returned '0': PYTHONPATH=/home/hermes/Hermes/hermes_ws/build/odometry/prefix_override:/home/hermes/Hermes/hermes_ws/install/odometry/lib/python3.10/site-packages:${PYTHONPATH} /usr/bin/python3 -W ignore:setup.py install is deprecated setup.py egg_info --egg-base ../../build/odometry build --build-base /home/hermes/Hermes/hermes_ws/build/odometry/build install --record /home/hermes/Hermes/hermes_ws/build/odometry/install.log --single-version-externally-managed install_data
