[3.316s] Invoking command in '/home/hermes/Hermes/hermes_ws/src/imu_publisher': PYTHONPATH=/home/hermes/Hermes/hermes_ws/build/imu_publisher/prefix_override:/home/hermes/Hermes/hermes_ws/install/imu_publisher/lib/python3.10/site-packages:${PYTHONPATH} /usr/bin/python3 -W ignore:setup.py install is deprecated setup.py egg_info --egg-base ../../build/imu_publisher build --build-base /home/hermes/Hermes/hermes_ws/build/imu_publisher/build install --record /home/hermes/Hermes/hermes_ws/build/imu_publisher/install.log --single-version-externally-managed install_data
[3.900s] running egg_info
[3.902s] writing ../../build/imu_publisher/imu_publisher.egg-info/PKG-INFO
[3.903s] writing dependency_links to ../../build/imu_publisher/imu_publisher.egg-info/dependency_links.txt
[3.903s] writing entry points to ../../build/imu_publisher/imu_publisher.egg-info/entry_points.txt
[3.903s] writing requirements to ../../build/imu_publisher/imu_publisher.egg-info/requires.txt
[3.904s] writing top-level names to ../../build/imu_publisher/imu_publisher.egg-info/top_level.txt
[3.909s] reading manifest file '../../build/imu_publisher/imu_publisher.egg-info/SOURCES.txt'
[3.909s] adding license file 'LICENSE'
[3.910s] writing manifest file '../../build/imu_publisher/imu_publisher.egg-info/SOURCES.txt'
[3.911s] running build
[3.911s] running build_py
[3.911s] running install
[3.912s] running install_lib
[3.916s] running install_data
[3.916s] running install_egg_info
[3.920s] removing '/home/hermes/Hermes/hermes_ws/install/imu_publisher/lib/python3.10/site-packages/imu_publisher-0.0.0-py3.10.egg-info' (and everything under it)
[3.921s] Copying ../../build/imu_publisher/imu_publisher.egg-info to /home/hermes/Hermes/hermes_ws/install/imu_publisher/lib/python3.10/site-packages/imu_publisher-0.0.0-py3.10.egg-info
[3.923s] running install_scripts
[3.976s] Installing imu_publisher_node script to /home/hermes/Hermes/hermes_ws/install/imu_publisher/lib/imu_publisher
[3.977s] writing list of installed files to '/home/hermes/Hermes/hermes_ws/build/imu_publisher/install.log'
[4.400s] Invoked command in '/home/hermes/Hermes/hermes_ws/src/imu_publisher' returned '0': PYTHONPATH=/home/hermes/Hermes/hermes_ws/build/imu_publisher/prefix_override:/home/hermes/Hermes/hermes_ws/install/imu_publisher/lib/python3.10/site-packages:${PYTHONPATH} /usr/bin/python3 -W ignore:setup.py install is deprecated setup.py egg_info --egg-base ../../build/imu_publisher build --build-base /home/hermes/Hermes/hermes_ws/build/imu_publisher/build install --record /home/hermes/Hermes/hermes_ws/build/imu_publisher/install.log --single-version-externally-managed install_data
