[35m[1mConsolidate compiler generated dependencies of target gtest_main[0m
[35m[1mConsolidate compiler generated dependencies of target gazebo_ros_utils[0m
[35m[1mConsolidate compiler generated dependencies of target gtest[0m
[35m[1mConsolidate compiler generated dependencies of target gazebo_ros_node[0m
[35m[1mConsolidate compiler generated dependencies of target mock_robot_state_publisher[0m
[  3%] Built target gtest_main
[  3%] Built target ament_cmake_python_symlink_scripts
[  6%] Built target gtest
[35m[1mConsolidate compiler generated dependencies of target mock_gazebo_ros_factory[0m
[ 10%] Built target mock_robot_state_publisher
[ 16%] Built target gazebo_ros_node
[ 20%] Built target gazebo_ros_utils
[ 23%] Built target mock_gazebo_ros_factory
[35m[1mConsolidate compiler generated dependencies of target gazebo_ros_force_system[0m
[ 25%] [32mBuilding CXX object CMakeFiles/gazebo_ros_init.dir/src/gazebo_ros_init.cpp.o[0m
[ 26%] [32mBuilding CXX object CMakeFiles/gazebo_ros_factory.dir/src/gazebo_ros_factory.cpp.o[0m
[ 28%] [32mBuilding CXX object CMakeFiles/gazebo_ros_state.dir/src/gazebo_ros_state.cpp.o[0m
[ 30%] [32mBuilding CXX object CMakeFiles/gazebo_ros_properties.dir/src/gazebo_ros_properties.cpp.o[0m
[ 33%] Built target gazebo_ros_force_system
[35m[1mConsolidate compiler generated dependencies of target args_init[0m
[ 36%] Built target args_init
[35m[1mConsolidate compiler generated dependencies of target create_node_without_init[0m
[ 40%] Built target create_node_without_init
[35m[1mConsolidate compiler generated dependencies of target multiple_nodes[0m
[ 43%] Built target multiple_nodes
[35m[1mConsolidate compiler generated dependencies of target ros_world_plugin[0m
[ 46%] Built target ros_world_plugin
[35m[1mConsolidate compiler generated dependencies of target sdf_node[0m
running egg_info
writing scripts.egg-info/PKG-INFO
writing dependency_links to scripts.egg-info/dependency_links.txt
writing top-level names to scripts.egg-info/top_level.txt
reading manifest file 'scripts.egg-info/SOURCES.txt'
writing manifest file 'scripts.egg-info/SOURCES.txt'
[ 50%] Built target sdf_node
[ 50%] Built target ament_cmake_python_build_scripts_egg
[35m[1mConsolidate compiler generated dependencies of target test_conversions[0m
[35m[1mConsolidate compiler generated dependencies of target test_gazebo_ros_factory[0m
[ 53%] Built target test_conversions
[ 55%] [32mBuilding CXX object test/CMakeFiles/test_gazebo_ros_init.dir/test_gazebo_ros_init.cpp.o[0m
[ 58%] Built target test_gazebo_ros_factory
[ 60%] [32mBuilding CXX object test/CMakeFiles/test_gazebo_ros_joint_effort.dir/test_gazebo_ros_joint_effort.cpp.o[0m
