[3.505s] Invoking command in '/home/hermes/Hermes/hermes_ws/src/object_detection': PYTHONPATH=/home/hermes/Hermes/hermes_ws/build/object_detection/prefix_override:/usr/lib/python3/dist-packages/colcon_core/task/python/colcon_distutils_commands:/home/hermes/Hermes/hermes_ws/install/object_detection/lib/python3.10/site-packages:${PYTHONPATH} /usr/bin/python3 -W ignore:setup.py install is deprecated setup.py egg_info --egg-base ../../build/object_detection build --build-base /home/hermes/Hermes/hermes_ws/build/object_detection/build install --record /home/hermes/Hermes/hermes_ws/build/object_detection/install.log --single-version-externally-managed install_data
[4.165s] running egg_info
[4.167s] writing ../../build/object_detection/object_detection.egg-info/PKG-INFO
[4.169s] writing dependency_links to ../../build/object_detection/object_detection.egg-info/dependency_links.txt
[4.169s] writing entry points to ../../build/object_detection/object_detection.egg-info/entry_points.txt
[4.170s] writing requirements to ../../build/object_detection/object_detection.egg-info/requires.txt
[4.171s] writing top-level names to ../../build/object_detection/object_detection.egg-info/top_level.txt
[4.176s] reading manifest file '../../build/object_detection/object_detection.egg-info/SOURCES.txt'
[4.180s] writing manifest file '../../build/object_detection/object_detection.egg-info/SOURCES.txt'
[4.181s] running build
[4.181s] running build_py
[4.184s] running install
[4.186s] running install_lib
[4.191s] running install_data
[4.194s] running install_egg_info
[4.199s] removing '/home/hermes/Hermes/hermes_ws/install/object_detection/lib/python3.10/site-packages/object_detection-0.0.0-py3.10.egg-info' (and everything under it)
[4.201s] Copying ../../build/object_detection/object_detection.egg-info to /home/hermes/Hermes/hermes_ws/install/object_detection/lib/python3.10/site-packages/object_detection-0.0.0-py3.10.egg-info
[4.207s] running install_scripts
[4.262s] writing list of installed files to '/home/hermes/Hermes/hermes_ws/build/object_detection/install.log'
[4.442s] Invoked command in '/home/hermes/Hermes/hermes_ws/src/object_detection' returned '0': PYTHONPATH=/home/hermes/Hermes/hermes_ws/build/object_detection/prefix_override:/usr/lib/python3/dist-packages/colcon_core/task/python/colcon_distutils_commands:/home/hermes/Hermes/hermes_ws/install/object_detection/lib/python3.10/site-packages:${PYTHONPATH} /usr/bin/python3 -W ignore:setup.py install is deprecated setup.py egg_info --egg-base ../../build/object_detection build --build-base /home/hermes/Hermes/hermes_ws/build/object_detection/build install --record /home/hermes/Hermes/hermes_ws/build/object_detection/install.log --single-version-externally-managed install_data
