[1.662s] Invoking command in '/home/aleksmalm/Hermes/hermes_ws/src/hermes_nav': PYTHONPATH=/home/aleksmalm/Hermes/hermes_ws/build/hermes_nav/prefix_override:/home/aleksmalm/Hermes/hermes_ws/install/hermes_nav/lib/python3.10/site-packages:${PYTHONPATH} /usr/bin/python3 -W ignore:setup.py install is deprecated setup.py egg_info --egg-base ../../build/hermes_nav build --build-base /home/aleksmalm/Hermes/hermes_ws/build/hermes_nav/build install --record /home/aleksmalm/Hermes/hermes_ws/build/hermes_nav/install.log --single-version-externally-managed install_data
[1.937s] running egg_info
[1.938s] writing ../../build/hermes_nav/hermes_nav.egg-info/PKG-INFO
[1.938s] writing dependency_links to ../../build/hermes_nav/hermes_nav.egg-info/dependency_links.txt
[1.938s] writing entry points to ../../build/hermes_nav/hermes_nav.egg-info/entry_points.txt
[1.938s] writing requirements to ../../build/hermes_nav/hermes_nav.egg-info/requires.txt
[1.938s] writing top-level names to ../../build/hermes_nav/hermes_nav.egg-info/top_level.txt
[1.940s] reading manifest file '../../build/hermes_nav/hermes_nav.egg-info/SOURCES.txt'
[1.941s] writing manifest file '../../build/hermes_nav/hermes_nav.egg-info/SOURCES.txt'
[1.941s] running build
[1.941s] running build_py
[1.942s] running install
[1.942s] running install_lib
[1.944s] running install_data
[1.944s] creating /home/aleksmalm/Hermes/hermes_ws/install/hermes_nav/share/hermes_nav/launch
[1.944s] copying launch/launch_sim.launch.py -> /home/aleksmalm/Hermes/hermes_ws/install/hermes_nav/share/hermes_nav/launch
[1.944s] copying launch/mapviz.launch.py -> /home/aleksmalm/Hermes/hermes_ws/install/hermes_nav/share/hermes_nav/launch
[1.944s] copying launch/rsp.launch.py -> /home/aleksmalm/Hermes/hermes_ws/install/hermes_nav/share/hermes_nav/launch
[1.945s] copying launch/gazebo_gps_world_hermes.launch.py -> /home/aleksmalm/Hermes/hermes_ws/install/hermes_nav/share/hermes_nav/launch
[1.945s] copying launch/dual_ekf_navsat.launch.py -> /home/aleksmalm/Hermes/hermes_ws/install/hermes_nav/share/hermes_nav/launch
[1.945s] copying launch/gps_waypoint_follower.launch.py -> /home/aleksmalm/Hermes/hermes_ws/install/hermes_nav/share/hermes_nav/launch
[1.945s] running install_egg_info
[1.947s] removing '/home/aleksmalm/Hermes/hermes_ws/install/hermes_nav/lib/python3.10/site-packages/hermes_nav-0.0.0-py3.10.egg-info' (and everything under it)
[1.948s] Copying ../../build/hermes_nav/hermes_nav.egg-info to /home/aleksmalm/Hermes/hermes_ws/install/hermes_nav/lib/python3.10/site-packages/hermes_nav-0.0.0-py3.10.egg-info
[1.949s] running install_scripts
[1.973s] Installing gps_waypoint_logger script to /home/aleksmalm/Hermes/hermes_ws/install/hermes_nav/lib/hermes_nav
[1.973s] Installing interactive_waypoint_follower script to /home/aleksmalm/Hermes/hermes_ws/install/hermes_nav/lib/hermes_nav
[1.973s] Installing logged_waypoint_follower script to /home/aleksmalm/Hermes/hermes_ws/install/hermes_nav/lib/hermes_nav
[1.973s] writing list of installed files to '/home/aleksmalm/Hermes/hermes_ws/build/hermes_nav/install.log'
[2.013s] Invoked command in '/home/aleksmalm/Hermes/hermes_ws/src/hermes_nav' returned '0': PYTHONPATH=/home/aleksmalm/Hermes/hermes_ws/build/hermes_nav/prefix_override:/home/aleksmalm/Hermes/hermes_ws/install/hermes_nav/lib/python3.10/site-packages:${PYTHONPATH} /usr/bin/python3 -W ignore:setup.py install is deprecated setup.py egg_info --egg-base ../../build/hermes_nav build --build-base /home/aleksmalm/Hermes/hermes_ws/build/hermes_nav/build install --record /home/aleksmalm/Hermes/hermes_ws/build/hermes_nav/install.log --single-version-externally-managed install_data
