[2.475s] Invoking command in '/home/aleksmalm/Hermes/hermes_ws/src/icm20948_publisher': PYTHONPATH=/home/aleksmalm/Hermes/hermes_ws/build/icm20948_publisher/prefix_override:/home/aleksmalm/Hermes/hermes_ws/install/icm20948_publisher/lib/python3.10/site-packages:${PYTHONPATH} /usr/bin/python3 -W ignore:setup.py install is deprecated setup.py egg_info --egg-base ../../build/icm20948_publisher build --build-base /home/aleksmalm/Hermes/hermes_ws/build/icm20948_publisher/build install --record /home/aleksmalm/Hermes/hermes_ws/build/icm20948_publisher/install.log --single-version-externally-managed install_data
[3.179s] running egg_info
[3.179s] creating ../../build/icm20948_publisher/icm20948_publisher.egg-info
[3.180s] writing ../../build/icm20948_publisher/icm20948_publisher.egg-info/PKG-INFO
[3.180s] writing dependency_links to ../../build/icm20948_publisher/icm20948_publisher.egg-info/dependency_links.txt
[3.180s] writing entry points to ../../build/icm20948_publisher/icm20948_publisher.egg-info/entry_points.txt
[3.180s] writing requirements to ../../build/icm20948_publisher/icm20948_publisher.egg-info/requires.txt
[3.180s] writing top-level names to ../../build/icm20948_publisher/icm20948_publisher.egg-info/top_level.txt
[3.180s] writing manifest file '../../build/icm20948_publisher/icm20948_publisher.egg-info/SOURCES.txt'
[3.181s] reading manifest file '../../build/icm20948_publisher/icm20948_publisher.egg-info/SOURCES.txt'
[3.181s] writing manifest file '../../build/icm20948_publisher/icm20948_publisher.egg-info/SOURCES.txt'
[3.182s] running build
[3.186s] running build_py
[3.186s] creating /home/aleksmalm/Hermes/hermes_ws/build/icm20948_publisher/build
[3.186s] creating /home/aleksmalm/Hermes/hermes_ws/build/icm20948_publisher/build/lib
[3.186s] creating /home/aleksmalm/Hermes/hermes_ws/build/icm20948_publisher/build/lib/icm20948_publisher
[3.186s] copying icm20948_publisher/__init__.py -> /home/aleksmalm/Hermes/hermes_ws/build/icm20948_publisher/build/lib/icm20948_publisher
[3.186s] copying icm20948_publisher/icm_imu.py -> /home/aleksmalm/Hermes/hermes_ws/build/icm20948_publisher/build/lib/icm20948_publisher
[3.186s] running install
[3.187s] running install_lib
[3.187s] creating /home/aleksmalm/Hermes/hermes_ws/install/icm20948_publisher/lib/python3.10/site-packages/icm20948_publisher
[3.187s] copying /home/aleksmalm/Hermes/hermes_ws/build/icm20948_publisher/build/lib/icm20948_publisher/__init__.py -> /home/aleksmalm/Hermes/hermes_ws/install/icm20948_publisher/lib/python3.10/site-packages/icm20948_publisher
[3.187s] copying /home/aleksmalm/Hermes/hermes_ws/build/icm20948_publisher/build/lib/icm20948_publisher/icm_imu.py -> /home/aleksmalm/Hermes/hermes_ws/install/icm20948_publisher/lib/python3.10/site-packages/icm20948_publisher
[3.187s] byte-compiling /home/aleksmalm/Hermes/hermes_ws/install/icm20948_publisher/lib/python3.10/site-packages/icm20948_publisher/__init__.py to __init__.cpython-310.pyc
[3.187s] byte-compiling /home/aleksmalm/Hermes/hermes_ws/install/icm20948_publisher/lib/python3.10/site-packages/icm20948_publisher/icm_imu.py to icm_imu.cpython-310.pyc
[3.190s] running install_data
[3.190s] creating /home/aleksmalm/Hermes/hermes_ws/install/icm20948_publisher/share/ament_index
[3.190s] creating /home/aleksmalm/Hermes/hermes_ws/install/icm20948_publisher/share/ament_index/resource_index
[3.190s] creating /home/aleksmalm/Hermes/hermes_ws/install/icm20948_publisher/share/ament_index/resource_index/packages
[3.190s] copying resource/icm20948_publisher -> /home/aleksmalm/Hermes/hermes_ws/install/icm20948_publisher/share/ament_index/resource_index/packages
[3.190s] copying package.xml -> /home/aleksmalm/Hermes/hermes_ws/install/icm20948_publisher/share/icm20948_publisher
[3.190s] running install_egg_info
[3.196s] Copying ../../build/icm20948_publisher/icm20948_publisher.egg-info to /home/aleksmalm/Hermes/hermes_ws/install/icm20948_publisher/lib/python3.10/site-packages/icm20948_publisher-0.0.0-py3.10.egg-info
[3.197s] running install_scripts
[3.230s] Installing icm_imu script to /home/aleksmalm/Hermes/hermes_ws/install/icm20948_publisher/lib/icm20948_publisher
[3.231s] writing list of installed files to '/home/aleksmalm/Hermes/hermes_ws/build/icm20948_publisher/install.log'
[3.282s] Invoked command in '/home/aleksmalm/Hermes/hermes_ws/src/icm20948_publisher' returned '0': PYTHONPATH=/home/aleksmalm/Hermes/hermes_ws/build/icm20948_publisher/prefix_override:/home/aleksmalm/Hermes/hermes_ws/install/icm20948_publisher/lib/python3.10/site-packages:${PYTHONPATH} /usr/bin/python3 -W ignore:setup.py install is deprecated setup.py egg_info --egg-base ../../build/icm20948_publisher build --build-base /home/aleksmalm/Hermes/hermes_ws/build/icm20948_publisher/build install --record /home/aleksmalm/Hermes/hermes_ws/build/icm20948_publisher/install.log --single-version-externally-managed install_data
