[5.393s] Invoking command in '/home/aleksmalm/Hermes/hermes_ws/src/gps_publisher': PYTHONPATH=/home/aleksmalm/Hermes/hermes_ws/build/gps_publisher/prefix_override:/home/aleksmalm/Hermes/hermes_ws/install/gps_publisher/lib/python3.10/site-packages:${PYTHONPATH} /usr/bin/python3 -W ignore:setup.py install is deprecated setup.py egg_info --egg-base ../../build/gps_publisher build --build-base /home/aleksmalm/Hermes/hermes_ws/build/gps_publisher/build install --record /home/aleksmalm/Hermes/hermes_ws/build/gps_publisher/install.log --single-version-externally-managed install_data
[6.328s] running egg_info
[6.331s] writing ../../build/gps_publisher/gps_publisher.egg-info/PKG-INFO
[6.332s] writing dependency_links to ../../build/gps_publisher/gps_publisher.egg-info/dependency_links.txt
[6.333s] writing entry points to ../../build/gps_publisher/gps_publisher.egg-info/entry_points.txt
[6.334s] writing requirements to ../../build/gps_publisher/gps_publisher.egg-info/requires.txt
[6.334s] writing top-level names to ../../build/gps_publisher/gps_publisher.egg-info/top_level.txt
[6.340s] reading manifest file '../../build/gps_publisher/gps_publisher.egg-info/SOURCES.txt'
[6.343s] writing manifest file '../../build/gps_publisher/gps_publisher.egg-info/SOURCES.txt'
[6.344s] running build
[6.344s] running build_py
[6.345s] running install
[6.346s] running install_lib
[6.350s] running install_data
[6.350s] running install_egg_info
[6.358s] removing '/home/aleksmalm/Hermes/hermes_ws/install/gps_publisher/lib/python3.10/site-packages/gps_publisher-0.0.0-py3.10.egg-info' (and everything under it)
[6.359s] Copying ../../build/gps_publisher/gps_publisher.egg-info to /home/aleksmalm/Hermes/hermes_ws/install/gps_publisher/lib/python3.10/site-packages/gps_publisher-0.0.0-py3.10.egg-info
[6.362s] running install_scripts
[6.441s] Installing gps_publisher_node script to /home/aleksmalm/Hermes/hermes_ws/install/gps_publisher/lib/gps_publisher
[6.443s] writing list of installed files to '/home/aleksmalm/Hermes/hermes_ws/build/gps_publisher/install.log'
[6.604s] Invoked command in '/home/aleksmalm/Hermes/hermes_ws/src/gps_publisher' returned '0': PYTHONPATH=/home/aleksmalm/Hermes/hermes_ws/build/gps_publisher/prefix_override:/home/aleksmalm/Hermes/hermes_ws/install/gps_publisher/lib/python3.10/site-packages:${PYTHONPATH} /usr/bin/python3 -W ignore:setup.py install is deprecated setup.py egg_info --egg-base ../../build/gps_publisher build --build-base /home/aleksmalm/Hermes/hermes_ws/build/gps_publisher/build install --record /home/aleksmalm/Hermes/hermes_ws/build/gps_publisher/install.log --single-version-externally-managed install_data
