[1.672s] Invoking command in '/home/aleksmalm/Hermes/hermes_ws/src/cameras': PYTHONPATH=/home/aleksmalm/Hermes/hermes_ws/build/cameras/prefix_override:/home/aleksmalm/Hermes/hermes_ws/install/cameras/lib/python3.10/site-packages:${PYTHONPATH} /usr/bin/python3 -W ignore:setup.py install is deprecated setup.py egg_info --egg-base ../../build/cameras build --build-base /home/aleksmalm/Hermes/hermes_ws/build/cameras/build install --record /home/aleksmalm/Hermes/hermes_ws/build/cameras/install.log --single-version-externally-managed install_data
[2.095s] running egg_info
[2.096s] writing ../../build/cameras/cameras.egg-info/PKG-INFO
[2.097s] writing dependency_links to ../../build/cameras/cameras.egg-info/dependency_links.txt
[2.097s] writing entry points to ../../build/cameras/cameras.egg-info/entry_points.txt
[2.097s] writing requirements to ../../build/cameras/cameras.egg-info/requires.txt
[2.097s] writing top-level names to ../../build/cameras/cameras.egg-info/top_level.txt
[2.100s] reading manifest file '../../build/cameras/cameras.egg-info/SOURCES.txt'
[2.100s] adding license file 'LICENSE'
[2.101s] writing manifest file '../../build/cameras/cameras.egg-info/SOURCES.txt'
[2.102s] running build
[2.102s] running build_py
[2.102s] running install
[2.103s] running install_lib
[2.106s] running install_data
[2.106s] running install_egg_info
[2.109s] removing '/home/aleksmalm/Hermes/hermes_ws/install/cameras/lib/python3.10/site-packages/cameras-0.0.0-py3.10.egg-info' (and everything under it)
[2.110s] Copying ../../build/cameras/cameras.egg-info to /home/aleksmalm/Hermes/hermes_ws/install/cameras/lib/python3.10/site-packages/cameras-0.0.0-py3.10.egg-info
[2.111s] running install_scripts
[2.149s] Installing cameras_node script to /home/aleksmalm/Hermes/hermes_ws/install/cameras/lib/cameras
[2.150s] writing list of installed files to '/home/aleksmalm/Hermes/hermes_ws/build/cameras/install.log'
[2.198s] Invoked command in '/home/aleksmalm/Hermes/hermes_ws/src/cameras' returned '0': PYTHONPATH=/home/aleksmalm/Hermes/hermes_ws/build/cameras/prefix_override:/home/aleksmalm/Hermes/hermes_ws/install/cameras/lib/python3.10/site-packages:${PYTHONPATH} /usr/bin/python3 -W ignore:setup.py install is deprecated setup.py egg_info --egg-base ../../build/cameras build --build-base /home/aleksmalm/Hermes/hermes_ws/build/cameras/build install --record /home/aleksmalm/Hermes/hermes_ws/build/cameras/install.log --single-version-externally-managed install_data
