[1.850s] Invoking command in '/home/hermes/Hermes/hermes_ws/src/tof_publisher': PYTHONPATH=/home/hermes/Hermes/hermes_ws/build/tof_publisher/prefix_override:/home/hermes/Hermes/hermes_ws/install/tof_publisher/lib/python3.10/site-packages:${PYTHONPATH} /usr/bin/python3 -W ignore:setup.py install is deprecated setup.py egg_info --egg-base ../../build/tof_publisher build --build-base /home/hermes/Hermes/hermes_ws/build/tof_publisher/build install --record /home/hermes/Hermes/hermes_ws/build/tof_publisher/install.log --install-scripts $base/lib/tof_publisher --single-version-externally-managed install_data
[2.365s] /usr/lib/python3/dist-packages/setuptools/dist.py:723: UserWarning: Usage of dash-separated 'script-dir' will not be supported in future versions. Please use the underscore name 'script_dir' instead
[2.365s]   warnings.warn(
[2.386s] running egg_info
[2.388s] writing ../../build/tof_publisher/tof_publisher.egg-info/PKG-INFO
[2.389s] writing dependency_links to ../../build/tof_publisher/tof_publisher.egg-info/dependency_links.txt
[2.389s] writing entry points to ../../build/tof_publisher/tof_publisher.egg-info/entry_points.txt
[2.389s] writing requirements to ../../build/tof_publisher/tof_publisher.egg-info/requires.txt
[2.390s] writing top-level names to ../../build/tof_publisher/tof_publisher.egg-info/top_level.txt
[2.394s] reading manifest file '../../build/tof_publisher/tof_publisher.egg-info/SOURCES.txt'
[2.396s] writing manifest file '../../build/tof_publisher/tof_publisher.egg-info/SOURCES.txt'
[2.396s] running build
[2.396s] running build_py
[2.397s] running install
[2.398s] running install_lib
[2.401s] running install_data
[2.401s] running install_egg_info
[2.406s] removing '/home/hermes/Hermes/hermes_ws/install/tof_publisher/lib/python3.10/site-packages/tof_publisher-0.0.0-py3.10.egg-info' (and everything under it)
[2.407s] Copying ../../build/tof_publisher/tof_publisher.egg-info to /home/hermes/Hermes/hermes_ws/install/tof_publisher/lib/python3.10/site-packages/tof_publisher-0.0.0-py3.10.egg-info
[2.409s] running install_scripts
[2.460s] Installing tof_data script to /home/hermes/Hermes/hermes_ws/install/tof_publisher/lib/tof_publisher
[2.460s] writing list of installed files to '/home/hermes/Hermes/hermes_ws/build/tof_publisher/install.log'
[2.542s] Invoked command in '/home/hermes/Hermes/hermes_ws/src/tof_publisher' returned '0': PYTHONPATH=/home/hermes/Hermes/hermes_ws/build/tof_publisher/prefix_override:/home/hermes/Hermes/hermes_ws/install/tof_publisher/lib/python3.10/site-packages:${PYTHONPATH} /usr/bin/python3 -W ignore:setup.py install is deprecated setup.py egg_info --egg-base ../../build/tof_publisher build --build-base /home/hermes/Hermes/hermes_ws/build/tof_publisher/build install --record /home/hermes/Hermes/hermes_ws/build/tof_publisher/install.log --install-scripts $base/lib/tof_publisher --single-version-externally-managed install_data
