-- Install configuration: ""
-- Up-to-date: /home/raivo/Hermes/hermes_ws/install/ublox_dgnss/share/ublox_dgnss/launch
-- Up-to-date: /home/raivo/Hermes/hermes_ws/install/ublox_dgnss/share/ublox_dgnss/launch/ublox_rover_hpposllh.launch.py
-- Up-to-date: /home/raivo/Hermes/hermes_ws/install/ublox_dgnss/share/ublox_dgnss/launch/ublox_rover_hpposllh_navsatfix.launch.py
-- Up-to-date: /home/raivo/Hermes/hermes_ws/install/ublox_dgnss/share/ublox_dgnss/launch/ublox_mb+r_base.launch.py
-- Up-to-date: /home/raivo/Hermes/hermes_ws/install/ublox_dgnss/share/ublox_dgnss/launch/ublox_mb+r_rover.launch.py
-- Up-to-date: /home/raivo/Hermes/hermes_ws/install/ublox_dgnss/share/ublox_dgnss/launch/ublox_rover_hpposecef.launch.py
-- Up-to-date: /home/raivo/Hermes/hermes_ws/install/ublox_dgnss/share/ublox_dgnss/launch/ntrip_client.launch.py
-- Up-to-date: /home/raivo/Hermes/hermes_ws/install/ublox_dgnss/share/ament_index/resource_index/package_run_dependencies/ublox_dgnss
-- Up-to-date: /home/raivo/Hermes/hermes_ws/install/ublox_dgnss/share/ament_index/resource_index/parent_prefix_path/ublox_dgnss
-- Up-to-date: /home/raivo/Hermes/hermes_ws/install/ublox_dgnss/share/ublox_dgnss/environment/ament_prefix_path.dsv
-- Up-to-date: /home/raivo/Hermes/hermes_ws/install/ublox_dgnss/share/ublox_dgnss/environment/path.dsv
-- Up-to-date: /home/raivo/Hermes/hermes_ws/install/ublox_dgnss/share/ublox_dgnss/local_setup.bash
-- Up-to-date: /home/raivo/Hermes/hermes_ws/install/ublox_dgnss/share/ublox_dgnss/local_setup.sh
-- Up-to-date: /home/raivo/Hermes/hermes_ws/install/ublox_dgnss/share/ublox_dgnss/local_setup.zsh
-- Up-to-date: /home/raivo/Hermes/hermes_ws/install/ublox_dgnss/share/ublox_dgnss/local_setup.dsv
-- Installing: /home/raivo/Hermes/hermes_ws/install/ublox_dgnss/share/ublox_dgnss/package.dsv
-- Up-to-date: /home/raivo/Hermes/hermes_ws/install/ublox_dgnss/share/ament_index/resource_index/packages/ublox_dgnss
-- Up-to-date: /home/raivo/Hermes/hermes_ws/install/ublox_dgnss/share/ublox_dgnss/cmake/ublox_dgnssConfig.cmake
-- Up-to-date: /home/raivo/Hermes/hermes_ws/install/ublox_dgnss/share/ublox_dgnss/cmake/ublox_dgnssConfig-version.cmake
-- Up-to-date: /home/raivo/Hermes/hermes_ws/install/ublox_dgnss/share/ublox_dgnss/package.xml
