[5.530s] DEBUG:colcon:Command line arguments: ['/usr/bin/colcon', 'build']
[5.530s] DEBUG:colcon:Parsed command line arguments: Namespace(allow_overriding=[], ament_cmake_args=None, base_paths=['.'], build_base='build', catkin_cmake_args=None, catkin_skip_building_tests=False, cmake_args=None, cmake_clean_cache=False, cmake_clean_first=False, cmake_force_configure=False, cmake_target=None, cmake_target_skip_unavailable=False, continue_on_error=False, event_handlers=None, executor='parallel', ignore_user_meta=False, install_base='install', log_base=None, log_level=None, main=<bound method BuildVerb.main of <colcon_core.verb.build.BuildVerb object at 0xffffa3fcaa60>>, merge_install=False, metas=['./colcon.meta'], packages_above=None, packages_above_and_dependencies=None, packages_above_depth=None, packages_end=None, packages_ignore=None, packages_ignore_regex=None, packages_select=None, packages_select_build_failed=False, packages_select_by_dep=None, packages_select_regex=None, packages_select_test_failures=False, packages_skip=None, packages_skip_build_finished=False, packages_skip_by_dep=None, packages_skip_regex=None, packages_skip_test_passed=False, packages_skip_up_to=None, packages_start=None, packages_up_to=None, packages_up_to_regex=None, parallel_workers=6, paths=None, symlink_install=False, test_result_base=None, verb_extension=<colcon_core.verb.build.BuildVerb object at 0xffffa3fcaa60>, verb_name='build', verb_parser=<colcon_defaults.argument_parser.defaults.DefaultArgumentsDecorator object at 0xffffa3beb3d0>)
[5.783s] Level 1:colcon.colcon_core.package_discovery:discover_packages(colcon_meta) check parameters
[5.783s] Level 1:colcon.colcon_core.package_discovery:discover_packages(recursive) check parameters
[5.784s] Level 1:colcon.colcon_core.package_discovery:discover_packages(ignore) check parameters
[5.784s] Level 1:colcon.colcon_core.package_discovery:discover_packages(path) check parameters
[5.784s] Level 1:colcon.colcon_core.package_discovery:discover_packages(colcon_meta) discover
[5.784s] Level 1:colcon.colcon_core.package_discovery:discover_packages(recursive) discover
[5.784s] INFO:colcon.colcon_core.package_discovery:Crawling recursively for packages in '/home/hermes/Hermes/hermes_ws'
[5.784s] Level 1:colcon.colcon_core.package_identification:_identify(.) by extensions ['ignore', 'ignore_ament_install']
[5.784s] Level 1:colcon.colcon_core.package_identification:_identify(.) by extension 'ignore'
[5.785s] Level 1:colcon.colcon_core.package_identification:_identify(.) by extension 'ignore_ament_install'
[5.785s] Level 1:colcon.colcon_core.package_identification:_identify(.) by extensions ['colcon_pkg']
[5.785s] Level 1:colcon.colcon_core.package_identification:_identify(.) by extension 'colcon_pkg'
[5.785s] Level 1:colcon.colcon_core.package_identification:_identify(.) by extensions ['colcon_meta']
[5.785s] Level 1:colcon.colcon_core.package_identification:_identify(.) by extension 'colcon_meta'
[5.785s] Level 1:colcon.colcon_core.package_identification:_identify(.) by extensions ['ros']
[5.785s] Level 1:colcon.colcon_core.package_identification:_identify(.) by extension 'ros'
[5.807s] Level 1:colcon.colcon_core.package_identification:_identify(.) by extensions ['cmake', 'python']
[5.807s] Level 1:colcon.colcon_core.package_identification:_identify(.) by extension 'cmake'
[5.807s] Level 1:colcon.colcon_core.package_identification:_identify(.) by extension 'python'
[5.807s] Level 1:colcon.colcon_core.package_identification:_identify(.) by extensions ['python_setup_py']
[5.807s] Level 1:colcon.colcon_core.package_identification:_identify(.) by extension 'python_setup_py'
[5.808s] Level 1:colcon.colcon_core.package_identification:_identify(build) by extensions ['ignore', 'ignore_ament_install']
[5.808s] Level 1:colcon.colcon_core.package_identification:_identify(build) by extension 'ignore'
[5.808s] Level 1:colcon.colcon_core.package_identification:_identify(build) ignored
[5.808s] Level 1:colcon.colcon_core.package_identification:_identify(install) by extensions ['ignore', 'ignore_ament_install']
[5.808s] Level 1:colcon.colcon_core.package_identification:_identify(install) by extension 'ignore'
[5.809s] Level 1:colcon.colcon_core.package_identification:_identify(install) ignored
[5.809s] Level 1:colcon.colcon_core.package_identification:_identify(log) by extensions ['ignore', 'ignore_ament_install']
[5.809s] Level 1:colcon.colcon_core.package_identification:_identify(log) by extension 'ignore'
[5.809s] Level 1:colcon.colcon_core.package_identification:_identify(log) ignored
[5.809s] Level 1:colcon.colcon_core.package_identification:_identify(src) by extensions ['ignore', 'ignore_ament_install']
[5.809s] Level 1:colcon.colcon_core.package_identification:_identify(src) by extension 'ignore'
[5.810s] Level 1:colcon.colcon_core.package_identification:_identify(src) by extension 'ignore_ament_install'
[5.810s] Level 1:colcon.colcon_core.package_identification:_identify(src) by extensions ['colcon_pkg']
[5.810s] Level 1:colcon.colcon_core.package_identification:_identify(src) by extension 'colcon_pkg'
[5.810s] Level 1:colcon.colcon_core.package_identification:_identify(src) by extensions ['colcon_meta']
[5.810s] Level 1:colcon.colcon_core.package_identification:_identify(src) by extension 'colcon_meta'
[5.810s] Level 1:colcon.colcon_core.package_identification:_identify(src) by extensions ['ros']
[5.810s] Level 1:colcon.colcon_core.package_identification:_identify(src) by extension 'ros'
[5.810s] Level 1:colcon.colcon_core.package_identification:_identify(src) by extensions ['cmake', 'python']
[5.810s] Level 1:colcon.colcon_core.package_identification:_identify(src) by extension 'cmake'
[5.810s] Level 1:colcon.colcon_core.package_identification:_identify(src) by extension 'python'
[5.810s] Level 1:colcon.colcon_core.package_identification:_identify(src) by extensions ['python_setup_py']
[5.811s] Level 1:colcon.colcon_core.package_identification:_identify(src) by extension 'python_setup_py'
[5.811s] Level 1:colcon.colcon_core.package_identification:_identify(src/cameras) by extensions ['ignore', 'ignore_ament_install']
[5.811s] Level 1:colcon.colcon_core.package_identification:_identify(src/cameras) by extension 'ignore'
[5.811s] Level 1:colcon.colcon_core.package_identification:_identify(src/cameras) by extension 'ignore_ament_install'
[5.811s] Level 1:colcon.colcon_core.package_identification:_identify(src/cameras) by extensions ['colcon_pkg']
[5.811s] Level 1:colcon.colcon_core.package_identification:_identify(src/cameras) by extension 'colcon_pkg'
[5.811s] Level 1:colcon.colcon_core.package_identification:_identify(src/cameras) by extensions ['colcon_meta']
[5.811s] Level 1:colcon.colcon_core.package_identification:_identify(src/cameras) by extension 'colcon_meta'
[5.811s] Level 1:colcon.colcon_core.package_identification:_identify(src/cameras) by extensions ['ros']
[5.812s] Level 1:colcon.colcon_core.package_identification:_identify(src/cameras) by extension 'ros'
[5.818s] DEBUG:colcon.colcon_core.package_identification:Package 'src/cameras' with type 'ros.ament_python' and name 'cameras'
[5.818s] Level 1:colcon.colcon_core.package_identification:_identify(src/gps_publisher) by extensions ['ignore', 'ignore_ament_install']
[5.818s] Level 1:colcon.colcon_core.package_identification:_identify(src/gps_publisher) by extension 'ignore'
[5.818s] Level 1:colcon.colcon_core.package_identification:_identify(src/gps_publisher) by extension 'ignore_ament_install'
[5.818s] Level 1:colcon.colcon_core.package_identification:_identify(src/gps_publisher) by extensions ['colcon_pkg']
[5.818s] Level 1:colcon.colcon_core.package_identification:_identify(src/gps_publisher) by extension 'colcon_pkg'
[5.819s] Level 1:colcon.colcon_core.package_identification:_identify(src/gps_publisher) by extensions ['colcon_meta']
[5.819s] Level 1:colcon.colcon_core.package_identification:_identify(src/gps_publisher) by extension 'colcon_meta'
[5.819s] Level 1:colcon.colcon_core.package_identification:_identify(src/gps_publisher) by extensions ['ros']
[5.819s] Level 1:colcon.colcon_core.package_identification:_identify(src/gps_publisher) by extension 'ros'
[5.820s] DEBUG:colcon.colcon_core.package_identification:Package 'src/gps_publisher' with type 'ros.ament_python' and name 'gps_publisher'
[5.820s] Level 1:colcon.colcon_core.package_identification:_identify(src/imu_publisher) by extensions ['ignore', 'ignore_ament_install']
[5.820s] Level 1:colcon.colcon_core.package_identification:_identify(src/imu_publisher) by extension 'ignore'
[5.820s] Level 1:colcon.colcon_core.package_identification:_identify(src/imu_publisher) by extension 'ignore_ament_install'
[5.820s] Level 1:colcon.colcon_core.package_identification:_identify(src/imu_publisher) by extensions ['colcon_pkg']
[5.821s] Level 1:colcon.colcon_core.package_identification:_identify(src/imu_publisher) by extension 'colcon_pkg'
[5.821s] Level 1:colcon.colcon_core.package_identification:_identify(src/imu_publisher) by extensions ['colcon_meta']
[5.821s] Level 1:colcon.colcon_core.package_identification:_identify(src/imu_publisher) by extension 'colcon_meta'
[5.821s] Level 1:colcon.colcon_core.package_identification:_identify(src/imu_publisher) by extensions ['ros']
[5.821s] Level 1:colcon.colcon_core.package_identification:_identify(src/imu_publisher) by extension 'ros'
[5.822s] DEBUG:colcon.colcon_core.package_identification:Package 'src/imu_publisher' with type 'ros.ament_python' and name 'imu_publisher'
[5.822s] Level 1:colcon.colcon_core.package_identification:_identify(src/lidar_publisher) by extensions ['ignore', 'ignore_ament_install']
[5.822s] Level 1:colcon.colcon_core.package_identification:_identify(src/lidar_publisher) by extension 'ignore'
[5.822s] Level 1:colcon.colcon_core.package_identification:_identify(src/lidar_publisher) by extension 'ignore_ament_install'
[5.822s] Level 1:colcon.colcon_core.package_identification:_identify(src/lidar_publisher) by extensions ['colcon_pkg']
[5.822s] Level 1:colcon.colcon_core.package_identification:_identify(src/lidar_publisher) by extension 'colcon_pkg'
[5.822s] Level 1:colcon.colcon_core.package_identification:_identify(src/lidar_publisher) by extensions ['colcon_meta']
[5.823s] Level 1:colcon.colcon_core.package_identification:_identify(src/lidar_publisher) by extension 'colcon_meta'
[5.823s] Level 1:colcon.colcon_core.package_identification:_identify(src/lidar_publisher) by extensions ['ros']
[5.823s] Level 1:colcon.colcon_core.package_identification:_identify(src/lidar_publisher) by extension 'ros'
[5.823s] Level 1:colcon.colcon_core.package_identification:_identify(src/lidar_publisher) by extensions ['cmake', 'python']
[5.823s] Level 1:colcon.colcon_core.package_identification:_identify(src/lidar_publisher) by extension 'cmake'
[5.823s] Level 1:colcon.colcon_core.package_identification:_identify(src/lidar_publisher) by extension 'python'
[5.823s] Level 1:colcon.colcon_core.package_identification:_identify(src/lidar_publisher) by extensions ['python_setup_py']
[5.823s] Level 1:colcon.colcon_core.package_identification:_identify(src/lidar_publisher) by extension 'python_setup_py'
[5.823s] Level 1:colcon.colcon_core.package_identification:_identify(src/lidar_publisher/ldlidar_stl_ros2) by extensions ['ignore', 'ignore_ament_install']
[5.824s] Level 1:colcon.colcon_core.package_identification:_identify(src/lidar_publisher/ldlidar_stl_ros2) by extension 'ignore'
[5.824s] Level 1:colcon.colcon_core.package_identification:_identify(src/lidar_publisher/ldlidar_stl_ros2) by extension 'ignore_ament_install'
[5.824s] Level 1:colcon.colcon_core.package_identification:_identify(src/lidar_publisher/ldlidar_stl_ros2) by extensions ['colcon_pkg']
[5.824s] Level 1:colcon.colcon_core.package_identification:_identify(src/lidar_publisher/ldlidar_stl_ros2) by extension 'colcon_pkg'
[5.824s] Level 1:colcon.colcon_core.package_identification:_identify(src/lidar_publisher/ldlidar_stl_ros2) by extensions ['colcon_meta']
[5.824s] Level 1:colcon.colcon_core.package_identification:_identify(src/lidar_publisher/ldlidar_stl_ros2) by extension 'colcon_meta'
[5.824s] Level 1:colcon.colcon_core.package_identification:_identify(src/lidar_publisher/ldlidar_stl_ros2) by extensions ['ros']
[5.824s] Level 1:colcon.colcon_core.package_identification:_identify(src/lidar_publisher/ldlidar_stl_ros2) by extension 'ros'
[5.825s] DEBUG:colcon.colcon_core.package_identification:Package 'src/lidar_publisher/ldlidar_stl_ros2' with type 'ros.ament_cmake' and name 'ldlidar_stl_ros2'
[5.826s] Level 1:colcon.colcon_core.package_identification:_identify(src/odometry) by extensions ['ignore', 'ignore_ament_install']
[5.826s] Level 1:colcon.colcon_core.package_identification:_identify(src/odometry) by extension 'ignore'
[5.826s] Level 1:colcon.colcon_core.package_identification:_identify(src/odometry) by extension 'ignore_ament_install'
[5.826s] Level 1:colcon.colcon_core.package_identification:_identify(src/odometry) by extensions ['colcon_pkg']
[5.826s] Level 1:colcon.colcon_core.package_identification:_identify(src/odometry) by extension 'colcon_pkg'
[5.826s] Level 1:colcon.colcon_core.package_identification:_identify(src/odometry) by extensions ['colcon_meta']
[5.826s] Level 1:colcon.colcon_core.package_identification:_identify(src/odometry) by extension 'colcon_meta'
[5.826s] Level 1:colcon.colcon_core.package_identification:_identify(src/odometry) by extensions ['ros']
[5.827s] Level 1:colcon.colcon_core.package_identification:_identify(src/odometry) by extension 'ros'
[5.827s] DEBUG:colcon.colcon_core.package_identification:Package 'src/odometry' with type 'ros.ament_python' and name 'odometry'
[5.828s] Level 1:colcon.colcon_core.package_identification:_identify(src/teleop_control) by extensions ['ignore', 'ignore_ament_install']
[5.828s] Level 1:colcon.colcon_core.package_identification:_identify(src/teleop_control) by extension 'ignore'
[5.828s] Level 1:colcon.colcon_core.package_identification:_identify(src/teleop_control) by extension 'ignore_ament_install'
[5.828s] Level 1:colcon.colcon_core.package_identification:_identify(src/teleop_control) by extensions ['colcon_pkg']
[5.828s] Level 1:colcon.colcon_core.package_identification:_identify(src/teleop_control) by extension 'colcon_pkg'
[5.828s] Level 1:colcon.colcon_core.package_identification:_identify(src/teleop_control) by extensions ['colcon_meta']
[5.828s] Level 1:colcon.colcon_core.package_identification:_identify(src/teleop_control) by extension 'colcon_meta'
[5.828s] Level 1:colcon.colcon_core.package_identification:_identify(src/teleop_control) by extensions ['ros']
[5.828s] Level 1:colcon.colcon_core.package_identification:_identify(src/teleop_control) by extension 'ros'
[5.829s] DEBUG:colcon.colcon_core.package_identification:Package 'src/teleop_control' with type 'ros.ament_python' and name 'teleop_control'
[5.829s] Level 1:colcon.colcon_core.package_discovery:discover_packages(recursive) using defaults
[5.829s] Level 1:colcon.colcon_core.package_discovery:discover_packages(ignore) discover
[5.829s] Level 1:colcon.colcon_core.package_discovery:discover_packages(ignore) using defaults
[5.829s] Level 1:colcon.colcon_core.package_discovery:discover_packages(path) discover
[5.830s] Level 1:colcon.colcon_core.package_discovery:discover_packages(path) using defaults
[6.332s] Level 1:colcon.colcon_core.package_discovery:discover_packages(prefix_path) check parameters
[6.332s] Level 1:colcon.colcon_core.package_discovery:discover_packages(prefix_path) discover
[6.523s] DEBUG:colcon.colcon_installed_package_information.package_discovery:Found 1 installed packages in /home/hermes/lidar_sub_ros2_ws/install
[6.617s] DEBUG:colcon.colcon_installed_package_information.package_discovery:Found 1 installed packages in /home/hermes/ros2_teleop_ws/install
[6.712s] DEBUG:colcon.colcon_installed_package_information.package_discovery:Found 260 installed packages in /opt/ros/foxy
[6.715s] Level 1:colcon.colcon_core.package_discovery:discover_packages(prefix_path) using defaults
[7.069s] Level 5:colcon.colcon_core.verb:set package 'cameras' build argument 'cmake_args' from command line to 'None'
[7.070s] Level 5:colcon.colcon_core.verb:set package 'cameras' build argument 'cmake_target' from command line to 'None'
[7.070s] Level 5:colcon.colcon_core.verb:set package 'cameras' build argument 'cmake_target_skip_unavailable' from command line to 'False'
[7.070s] Level 5:colcon.colcon_core.verb:set package 'cameras' build argument 'cmake_clean_cache' from command line to 'False'
[7.070s] Level 5:colcon.colcon_core.verb:set package 'cameras' build argument 'cmake_clean_first' from command line to 'False'
[7.070s] Level 5:colcon.colcon_core.verb:set package 'cameras' build argument 'cmake_force_configure' from command line to 'False'
[7.070s] Level 5:colcon.colcon_core.verb:set package 'cameras' build argument 'ament_cmake_args' from command line to 'None'
[7.070s] Level 5:colcon.colcon_core.verb:set package 'cameras' build argument 'catkin_cmake_args' from command line to 'None'
[7.070s] Level 5:colcon.colcon_core.verb:set package 'cameras' build argument 'catkin_skip_building_tests' from command line to 'False'
[7.070s] DEBUG:colcon.colcon_core.verb:Building package 'cameras' with the following arguments: {'ament_cmake_args': None, 'build_base': '/home/hermes/Hermes/hermes_ws/build/cameras', 'catkin_cmake_args': None, 'catkin_skip_building_tests': False, 'cmake_args': None, 'cmake_clean_cache': False, 'cmake_clean_first': False, 'cmake_force_configure': False, 'cmake_target': None, 'cmake_target_skip_unavailable': False, 'install_base': '/home/hermes/Hermes/hermes_ws/install/cameras', 'merge_install': False, 'path': '/home/hermes/Hermes/hermes_ws/src/cameras', 'symlink_install': False, 'test_result_base': None}
[7.164s] Level 5:colcon.colcon_core.verb:set package 'gps_publisher' build argument 'cmake_args' from command line to 'None'
[7.164s] Level 5:colcon.colcon_core.verb:set package 'gps_publisher' build argument 'cmake_target' from command line to 'None'
[7.164s] Level 5:colcon.colcon_core.verb:set package 'gps_publisher' build argument 'cmake_target_skip_unavailable' from command line to 'False'
[7.164s] Level 5:colcon.colcon_core.verb:set package 'gps_publisher' build argument 'cmake_clean_cache' from command line to 'False'
[7.164s] Level 5:colcon.colcon_core.verb:set package 'gps_publisher' build argument 'cmake_clean_first' from command line to 'False'
[7.164s] Level 5:colcon.colcon_core.verb:set package 'gps_publisher' build argument 'cmake_force_configure' from command line to 'False'
[7.164s] Level 5:colcon.colcon_core.verb:set package 'gps_publisher' build argument 'ament_cmake_args' from command line to 'None'
[7.164s] Level 5:colcon.colcon_core.verb:set package 'gps_publisher' build argument 'catkin_cmake_args' from command line to 'None'
[7.164s] Level 5:colcon.colcon_core.verb:set package 'gps_publisher' build argument 'catkin_skip_building_tests' from command line to 'False'
[7.164s] DEBUG:colcon.colcon_core.verb:Building package 'gps_publisher' with the following arguments: {'ament_cmake_args': None, 'build_base': '/home/hermes/Hermes/hermes_ws/build/gps_publisher', 'catkin_cmake_args': None, 'catkin_skip_building_tests': False, 'cmake_args': None, 'cmake_clean_cache': False, 'cmake_clean_first': False, 'cmake_force_configure': False, 'cmake_target': None, 'cmake_target_skip_unavailable': False, 'install_base': '/home/hermes/Hermes/hermes_ws/install/gps_publisher', 'merge_install': False, 'path': '/home/hermes/Hermes/hermes_ws/src/gps_publisher', 'symlink_install': False, 'test_result_base': None}
[7.257s] Level 5:colcon.colcon_core.verb:set package 'imu_publisher' build argument 'cmake_args' from command line to 'None'
[7.258s] Level 5:colcon.colcon_core.verb:set package 'imu_publisher' build argument 'cmake_target' from command line to 'None'
[7.258s] Level 5:colcon.colcon_core.verb:set package 'imu_publisher' build argument 'cmake_target_skip_unavailable' from command line to 'False'
[7.258s] Level 5:colcon.colcon_core.verb:set package 'imu_publisher' build argument 'cmake_clean_cache' from command line to 'False'
[7.258s] Level 5:colcon.colcon_core.verb:set package 'imu_publisher' build argument 'cmake_clean_first' from command line to 'False'
[7.258s] Level 5:colcon.colcon_core.verb:set package 'imu_publisher' build argument 'cmake_force_configure' from command line to 'False'
[7.258s] Level 5:colcon.colcon_core.verb:set package 'imu_publisher' build argument 'ament_cmake_args' from command line to 'None'
[7.258s] Level 5:colcon.colcon_core.verb:set package 'imu_publisher' build argument 'catkin_cmake_args' from command line to 'None'
[7.258s] Level 5:colcon.colcon_core.verb:set package 'imu_publisher' build argument 'catkin_skip_building_tests' from command line to 'False'
[7.258s] DEBUG:colcon.colcon_core.verb:Building package 'imu_publisher' with the following arguments: {'ament_cmake_args': None, 'build_base': '/home/hermes/Hermes/hermes_ws/build/imu_publisher', 'catkin_cmake_args': None, 'catkin_skip_building_tests': False, 'cmake_args': None, 'cmake_clean_cache': False, 'cmake_clean_first': False, 'cmake_force_configure': False, 'cmake_target': None, 'cmake_target_skip_unavailable': False, 'install_base': '/home/hermes/Hermes/hermes_ws/install/imu_publisher', 'merge_install': False, 'path': '/home/hermes/Hermes/hermes_ws/src/imu_publisher', 'symlink_install': False, 'test_result_base': None}
[7.353s] Level 5:colcon.colcon_core.verb:set package 'ldlidar_stl_ros2' build argument 'cmake_args' from command line to 'None'
[7.353s] Level 5:colcon.colcon_core.verb:set package 'ldlidar_stl_ros2' build argument 'cmake_target' from command line to 'None'
[7.353s] Level 5:colcon.colcon_core.verb:set package 'ldlidar_stl_ros2' build argument 'cmake_target_skip_unavailable' from command line to 'False'
[7.353s] Level 5:colcon.colcon_core.verb:set package 'ldlidar_stl_ros2' build argument 'cmake_clean_cache' from command line to 'False'
[7.353s] Level 5:colcon.colcon_core.verb:set package 'ldlidar_stl_ros2' build argument 'cmake_clean_first' from command line to 'False'
[7.353s] Level 5:colcon.colcon_core.verb:set package 'ldlidar_stl_ros2' build argument 'cmake_force_configure' from command line to 'False'
[7.353s] Level 5:colcon.colcon_core.verb:set package 'ldlidar_stl_ros2' build argument 'ament_cmake_args' from command line to 'None'
[7.353s] Level 5:colcon.colcon_core.verb:set package 'ldlidar_stl_ros2' build argument 'catkin_cmake_args' from command line to 'None'
[7.353s] Level 5:colcon.colcon_core.verb:set package 'ldlidar_stl_ros2' build argument 'catkin_skip_building_tests' from command line to 'False'
[7.353s] DEBUG:colcon.colcon_core.verb:Building package 'ldlidar_stl_ros2' with the following arguments: {'ament_cmake_args': None, 'build_base': '/home/hermes/Hermes/hermes_ws/build/ldlidar_stl_ros2', 'catkin_cmake_args': None, 'catkin_skip_building_tests': False, 'cmake_args': None, 'cmake_clean_cache': False, 'cmake_clean_first': False, 'cmake_force_configure': False, 'cmake_target': None, 'cmake_target_skip_unavailable': False, 'install_base': '/home/hermes/Hermes/hermes_ws/install/ldlidar_stl_ros2', 'merge_install': False, 'path': '/home/hermes/Hermes/hermes_ws/src/lidar_publisher/ldlidar_stl_ros2', 'symlink_install': False, 'test_result_base': None}
[7.447s] Level 5:colcon.colcon_core.verb:set package 'odometry' build argument 'cmake_args' from command line to 'None'
[7.447s] Level 5:colcon.colcon_core.verb:set package 'odometry' build argument 'cmake_target' from command line to 'None'
[7.448s] Level 5:colcon.colcon_core.verb:set package 'odometry' build argument 'cmake_target_skip_unavailable' from command line to 'False'
[7.448s] Level 5:colcon.colcon_core.verb:set package 'odometry' build argument 'cmake_clean_cache' from command line to 'False'
[7.448s] Level 5:colcon.colcon_core.verb:set package 'odometry' build argument 'cmake_clean_first' from command line to 'False'
[7.448s] Level 5:colcon.colcon_core.verb:set package 'odometry' build argument 'cmake_force_configure' from command line to 'False'
[7.448s] Level 5:colcon.colcon_core.verb:set package 'odometry' build argument 'ament_cmake_args' from command line to 'None'
[7.448s] Level 5:colcon.colcon_core.verb:set package 'odometry' build argument 'catkin_cmake_args' from command line to 'None'
[7.448s] Level 5:colcon.colcon_core.verb:set package 'odometry' build argument 'catkin_skip_building_tests' from command line to 'False'
[7.448s] DEBUG:colcon.colcon_core.verb:Building package 'odometry' with the following arguments: {'ament_cmake_args': None, 'build_base': '/home/hermes/Hermes/hermes_ws/build/odometry', 'catkin_cmake_args': None, 'catkin_skip_building_tests': False, 'cmake_args': None, 'cmake_clean_cache': False, 'cmake_clean_first': False, 'cmake_force_configure': False, 'cmake_target': None, 'cmake_target_skip_unavailable': False, 'install_base': '/home/hermes/Hermes/hermes_ws/install/odometry', 'merge_install': False, 'path': '/home/hermes/Hermes/hermes_ws/src/odometry', 'symlink_install': False, 'test_result_base': None}
[7.542s] Level 5:colcon.colcon_core.verb:set package 'teleop_control' build argument 'cmake_args' from command line to 'None'
[7.542s] Level 5:colcon.colcon_core.verb:set package 'teleop_control' build argument 'cmake_target' from command line to 'None'
[7.542s] Level 5:colcon.colcon_core.verb:set package 'teleop_control' build argument 'cmake_target_skip_unavailable' from command line to 'False'
[7.542s] Level 5:colcon.colcon_core.verb:set package 'teleop_control' build argument 'cmake_clean_cache' from command line to 'False'
[7.542s] Level 5:colcon.colcon_core.verb:set package 'teleop_control' build argument 'cmake_clean_first' from command line to 'False'
[7.542s] Level 5:colcon.colcon_core.verb:set package 'teleop_control' build argument 'cmake_force_configure' from command line to 'False'
[7.542s] Level 5:colcon.colcon_core.verb:set package 'teleop_control' build argument 'ament_cmake_args' from command line to 'None'
[7.543s] Level 5:colcon.colcon_core.verb:set package 'teleop_control' build argument 'catkin_cmake_args' from command line to 'None'
[7.543s] Level 5:colcon.colcon_core.verb:set package 'teleop_control' build argument 'catkin_skip_building_tests' from command line to 'False'
[7.543s] DEBUG:colcon.colcon_core.verb:Building package 'teleop_control' with the following arguments: {'ament_cmake_args': None, 'build_base': '/home/hermes/Hermes/hermes_ws/build/teleop_control', 'catkin_cmake_args': None, 'catkin_skip_building_tests': False, 'cmake_args': None, 'cmake_clean_cache': False, 'cmake_clean_first': False, 'cmake_force_configure': False, 'cmake_target': None, 'cmake_target_skip_unavailable': False, 'install_base': '/home/hermes/Hermes/hermes_ws/install/teleop_control', 'merge_install': False, 'path': '/home/hermes/Hermes/hermes_ws/src/teleop_control', 'symlink_install': False, 'test_result_base': None}
[7.636s] INFO:colcon.colcon_core.executor:Executing jobs using 'parallel' executor
[7.760s] DEBUG:colcon.colcon_parallel_executor.executor.parallel:run_until_complete
[7.761s] INFO:colcon.colcon_ros.task.ament_python.build:Building ROS package in '/home/hermes/Hermes/hermes_ws/src/cameras' with build type 'ament_python'
[7.761s] Level 1:colcon.colcon_core.shell:create_environment_hook('cameras', 'ament_prefix_path')
[7.862s] INFO:colcon.colcon_core.plugin_system:Skipping extension 'colcon_core.shell.bat': Not used on non-Windows systems
[7.862s] INFO:colcon.colcon_core.shell:Creating environment hook '/home/hermes/Hermes/hermes_ws/install/cameras/share/cameras/hook/ament_prefix_path.ps1'
[7.863s] INFO:colcon.colcon_core.shell:Creating environment descriptor '/home/hermes/Hermes/hermes_ws/install/cameras/share/cameras/hook/ament_prefix_path.dsv'
[7.864s] INFO:colcon.colcon_core.shell:Creating environment hook '/home/hermes/Hermes/hermes_ws/install/cameras/share/cameras/hook/ament_prefix_path.sh'
[7.962s] INFO:colcon.colcon_core.shell:Skip shell extension 'powershell' for command environment: Not usable outside of PowerShell
[7.962s] DEBUG:colcon.colcon_core.shell:Skip shell extension 'dsv' for command environment
[8.356s] INFO:colcon.colcon_ros.task.ament_python.build:Building ROS package in '/home/hermes/Hermes/hermes_ws/src/gps_publisher' with build type 'ament_python'
[8.357s] Level 1:colcon.colcon_core.shell:create_environment_hook('gps_publisher', 'ament_prefix_path')
[8.456s] INFO:colcon.colcon_core.shell:Creating environment hook '/home/hermes/Hermes/hermes_ws/install/gps_publisher/share/gps_publisher/hook/ament_prefix_path.ps1'
[8.458s] INFO:colcon.colcon_core.shell:Creating environment descriptor '/home/hermes/Hermes/hermes_ws/install/gps_publisher/share/gps_publisher/hook/ament_prefix_path.dsv'
[8.458s] INFO:colcon.colcon_core.shell:Creating environment hook '/home/hermes/Hermes/hermes_ws/install/gps_publisher/share/gps_publisher/hook/ament_prefix_path.sh'
[8.556s] INFO:colcon.colcon_core.shell:Skip shell extension 'powershell' for command environment: Not usable outside of PowerShell
[8.556s] DEBUG:colcon.colcon_core.shell:Skip shell extension 'dsv' for command environment
[8.951s] INFO:colcon.colcon_ros.task.ament_python.build:Building ROS package in '/home/hermes/Hermes/hermes_ws/src/imu_publisher' with build type 'ament_python'
[8.952s] Level 1:colcon.colcon_core.shell:create_environment_hook('imu_publisher', 'ament_prefix_path')
[9.051s] INFO:colcon.colcon_core.shell:Creating environment hook '/home/hermes/Hermes/hermes_ws/install/imu_publisher/share/imu_publisher/hook/ament_prefix_path.ps1'
[9.053s] INFO:colcon.colcon_core.shell:Creating environment descriptor '/home/hermes/Hermes/hermes_ws/install/imu_publisher/share/imu_publisher/hook/ament_prefix_path.dsv'
[9.053s] INFO:colcon.colcon_core.shell:Creating environment hook '/home/hermes/Hermes/hermes_ws/install/imu_publisher/share/imu_publisher/hook/ament_prefix_path.sh'
[9.151s] INFO:colcon.colcon_core.shell:Skip shell extension 'powershell' for command environment: Not usable outside of PowerShell
[9.151s] DEBUG:colcon.colcon_core.shell:Skip shell extension 'dsv' for command environment
[9.576s] INFO:colcon.colcon_ros.task.ament_cmake.build:Building ROS package in '/home/hermes/Hermes/hermes_ws/src/lidar_publisher/ldlidar_stl_ros2' with build type 'ament_cmake'
[9.577s] INFO:colcon.colcon_cmake.task.cmake.build:Building CMake package in '/home/hermes/Hermes/hermes_ws/src/lidar_publisher/ldlidar_stl_ros2'
[9.675s] INFO:colcon.colcon_core.shell:Skip shell extension 'powershell' for command environment: Not usable outside of PowerShell
[9.676s] DEBUG:colcon.colcon_core.shell:Skip shell extension 'dsv' for command environment
[10.069s] INFO:colcon.colcon_ros.task.ament_python.build:Building ROS package in '/home/hermes/Hermes/hermes_ws/src/odometry' with build type 'ament_python'
[10.070s] Level 1:colcon.colcon_core.shell:create_environment_hook('odometry', 'ament_prefix_path')
[10.168s] INFO:colcon.colcon_core.shell:Creating environment hook '/home/hermes/Hermes/hermes_ws/install/odometry/share/odometry/hook/ament_prefix_path.ps1'
[10.170s] INFO:colcon.colcon_core.shell:Creating environment descriptor '/home/hermes/Hermes/hermes_ws/install/odometry/share/odometry/hook/ament_prefix_path.dsv'
[10.170s] INFO:colcon.colcon_core.shell:Creating environment hook '/home/hermes/Hermes/hermes_ws/install/odometry/share/odometry/hook/ament_prefix_path.sh'
[10.267s] INFO:colcon.colcon_core.shell:Skip shell extension 'powershell' for command environment: Not usable outside of PowerShell
[10.267s] DEBUG:colcon.colcon_core.shell:Skip shell extension 'dsv' for command environment
[10.656s] INFO:colcon.colcon_ros.task.ament_python.build:Building ROS package in '/home/hermes/Hermes/hermes_ws/src/teleop_control' with build type 'ament_python'
[10.657s] Level 1:colcon.colcon_core.shell:create_environment_hook('teleop_control', 'ament_prefix_path')
[10.757s] INFO:colcon.colcon_core.shell:Creating environment hook '/home/hermes/Hermes/hermes_ws/install/teleop_control/share/teleop_control/hook/ament_prefix_path.ps1'
[10.758s] INFO:colcon.colcon_core.shell:Creating environment descriptor '/home/hermes/Hermes/hermes_ws/install/teleop_control/share/teleop_control/hook/ament_prefix_path.dsv'
[10.759s] INFO:colcon.colcon_core.shell:Creating environment hook '/home/hermes/Hermes/hermes_ws/install/teleop_control/share/teleop_control/hook/ament_prefix_path.sh'
[10.856s] INFO:colcon.colcon_core.shell:Skip shell extension 'powershell' for command environment: Not usable outside of PowerShell
[10.856s] DEBUG:colcon.colcon_core.shell:Skip shell extension 'dsv' for command environment
[11.788s] INFO:colcon.colcon_core.task.python.build:Building Python package in '/home/hermes/Hermes/hermes_ws/src/cameras'
[11.889s] INFO:colcon.colcon_core.shell:Skip shell extension 'powershell' for command environment: Not usable outside of PowerShell
[11.889s] DEBUG:colcon.colcon_core.shell:Skip shell extension 'dsv' for command environment
[12.798s] INFO:colcon.colcon_core.task.python.build:Building Python package in '/home/hermes/Hermes/hermes_ws/src/gps_publisher'
[12.900s] INFO:colcon.colcon_core.shell:Skip shell extension 'powershell' for command environment: Not usable outside of PowerShell
[12.900s] DEBUG:colcon.colcon_core.shell:Skip shell extension 'dsv' for command environment
[13.803s] INFO:colcon.colcon_core.task.python.build:Building Python package in '/home/hermes/Hermes/hermes_ws/src/imu_publisher'
[13.904s] INFO:colcon.colcon_core.shell:Skip shell extension 'powershell' for command environment: Not usable outside of PowerShell
[13.904s] DEBUG:colcon.colcon_core.shell:Skip shell extension 'dsv' for command environment
[14.304s] DEBUG:colcon.colcon_core.event_handler.log_command:Invoking command in '/home/hermes/Hermes/hermes_ws/build/ldlidar_stl_ros2': CMAKE_PREFIX_PATH=/home/hermes/lidar_sub_ros2_ws/install/lidar_sub_ros2:/opt/ros/foxy:/home/hermes/ros2_teleop_ws/install/teleop_pkg /usr/local/bin/cmake --build /home/hermes/Hermes/hermes_ws/build/ldlidar_stl_ros2 -- -j6 -l6
[14.824s] INFO:colcon.colcon_core.task.python.build:Building Python package in '/home/hermes/Hermes/hermes_ws/src/odometry'
[14.927s] INFO:colcon.colcon_core.shell:Skip shell extension 'powershell' for command environment: Not usable outside of PowerShell
[14.927s] DEBUG:colcon.colcon_core.shell:Skip shell extension 'dsv' for command environment
[15.845s] INFO:colcon.colcon_core.task.python.build:Building Python package in '/home/hermes/Hermes/hermes_ws/src/teleop_control'
[15.944s] INFO:colcon.colcon_core.shell:Skip shell extension 'powershell' for command environment: Not usable outside of PowerShell
[15.944s] DEBUG:colcon.colcon_core.shell:Skip shell extension 'dsv' for command environment
[16.345s] DEBUG:colcon.colcon_core.event_handler.log_command:Invoked command in '/home/hermes/Hermes/hermes_ws/build/ldlidar_stl_ros2' returned '0': CMAKE_PREFIX_PATH=/home/hermes/lidar_sub_ros2_ws/install/lidar_sub_ros2:/opt/ros/foxy:/home/hermes/ros2_teleop_ws/install/teleop_pkg /usr/local/bin/cmake --build /home/hermes/Hermes/hermes_ws/build/ldlidar_stl_ros2 -- -j6 -l6
[16.570s] DEBUG:colcon.colcon_core.event_handler.log_command:Invoking command in '/home/hermes/Hermes/hermes_ws/build/ldlidar_stl_ros2': CMAKE_PREFIX_PATH=/home/hermes/lidar_sub_ros2_ws/install/lidar_sub_ros2:/opt/ros/foxy:/home/hermes/ros2_teleop_ws/install/teleop_pkg /usr/local/bin/cmake --install /home/hermes/Hermes/hermes_ws/build/ldlidar_stl_ros2
[16.653s] Level 1:colcon.colcon_core.environment:create_environment_scripts_only(ldlidar_stl_ros2)
[16.661s] DEBUG:colcon.colcon_core.event_handler.log_command:Invoked command in '/home/hermes/Hermes/hermes_ws/build/ldlidar_stl_ros2' returned '0': CMAKE_PREFIX_PATH=/home/hermes/lidar_sub_ros2_ws/install/lidar_sub_ros2:/opt/ros/foxy:/home/hermes/ros2_teleop_ws/install/teleop_pkg /usr/local/bin/cmake --install /home/hermes/Hermes/hermes_ws/build/ldlidar_stl_ros2
[16.761s] Level 1:colcon.colcon_core.environment:checking '/home/hermes/Hermes/hermes_ws/install/ldlidar_stl_ros2' for CMake module files
[16.762s] Level 1:colcon.colcon_core.environment:checking '/home/hermes/Hermes/hermes_ws/install/ldlidar_stl_ros2' for CMake config files
[16.763s] Level 1:colcon.colcon_core.shell:create_environment_hook('ldlidar_stl_ros2', 'cmake_prefix_path')
[16.864s] INFO:colcon.colcon_core.shell:Creating environment hook '/home/hermes/Hermes/hermes_ws/install/ldlidar_stl_ros2/share/ldlidar_stl_ros2/hook/cmake_prefix_path.ps1'
[16.865s] INFO:colcon.colcon_core.shell:Creating environment descriptor '/home/hermes/Hermes/hermes_ws/install/ldlidar_stl_ros2/share/ldlidar_stl_ros2/hook/cmake_prefix_path.dsv'
[16.866s] INFO:colcon.colcon_core.shell:Creating environment hook '/home/hermes/Hermes/hermes_ws/install/ldlidar_stl_ros2/share/ldlidar_stl_ros2/hook/cmake_prefix_path.sh'
[16.868s] Level 1:colcon.colcon_core.environment:checking '/home/hermes/Hermes/hermes_ws/install/ldlidar_stl_ros2/lib'
[16.868s] Level 1:colcon.colcon_core.environment:checking '/home/hermes/Hermes/hermes_ws/install/ldlidar_stl_ros2/bin'
[16.868s] Level 1:colcon.colcon_core.environment:checking '/home/hermes/Hermes/hermes_ws/install/ldlidar_stl_ros2/lib/pkgconfig/ldlidar_stl_ros2.pc'
[16.869s] Level 1:colcon.colcon_core.environment:checking '/home/hermes/Hermes/hermes_ws/install/ldlidar_stl_ros2/lib/python3.8/site-packages'
[16.869s] Level 1:colcon.colcon_core.environment:checking '/home/hermes/Hermes/hermes_ws/install/ldlidar_stl_ros2/bin'
[16.971s] INFO:colcon.colcon_core.shell:Creating package script '/home/hermes/Hermes/hermes_ws/install/ldlidar_stl_ros2/share/ldlidar_stl_ros2/package.ps1'
[16.973s] INFO:colcon.colcon_core.shell:Creating package descriptor '/home/hermes/Hermes/hermes_ws/install/ldlidar_stl_ros2/share/ldlidar_stl_ros2/package.dsv'
[16.975s] INFO:colcon.colcon_core.shell:Creating package script '/home/hermes/Hermes/hermes_ws/install/ldlidar_stl_ros2/share/ldlidar_stl_ros2/package.sh'
[16.976s] INFO:colcon.colcon_core.shell:Creating package script '/home/hermes/Hermes/hermes_ws/install/ldlidar_stl_ros2/share/ldlidar_stl_ros2/package.bash'
[16.977s] INFO:colcon.colcon_core.shell:Creating package script '/home/hermes/Hermes/hermes_ws/install/ldlidar_stl_ros2/share/ldlidar_stl_ros2/package.zsh'
[16.979s] Level 1:colcon.colcon_core.environment:create_file_with_runtime_dependencies(/home/hermes/Hermes/hermes_ws/install/ldlidar_stl_ros2/share/colcon-core/packages/ldlidar_stl_ros2)
[17.226s] Level 1:colcon.colcon_core.environment:create_environment_scripts_only(ldlidar_stl_ros2)
[17.331s] Level 1:colcon.colcon_core.environment:checking '/home/hermes/Hermes/hermes_ws/install/ldlidar_stl_ros2' for CMake module files
[17.332s] Level 1:colcon.colcon_core.environment:checking '/home/hermes/Hermes/hermes_ws/install/ldlidar_stl_ros2' for CMake config files
[17.333s] Level 1:colcon.colcon_core.shell:create_environment_hook('ldlidar_stl_ros2', 'cmake_prefix_path')
[17.481s] INFO:colcon.colcon_core.shell:Creating environment hook '/home/hermes/Hermes/hermes_ws/install/ldlidar_stl_ros2/share/ldlidar_stl_ros2/hook/cmake_prefix_path.ps1'
[17.483s] INFO:colcon.colcon_core.shell:Creating environment descriptor '/home/hermes/Hermes/hermes_ws/install/ldlidar_stl_ros2/share/ldlidar_stl_ros2/hook/cmake_prefix_path.dsv'
[17.484s] INFO:colcon.colcon_core.shell:Creating environment hook '/home/hermes/Hermes/hermes_ws/install/ldlidar_stl_ros2/share/ldlidar_stl_ros2/hook/cmake_prefix_path.sh'
[17.485s] Level 1:colcon.colcon_core.environment:checking '/home/hermes/Hermes/hermes_ws/install/ldlidar_stl_ros2/lib'
[17.486s] Level 1:colcon.colcon_core.environment:checking '/home/hermes/Hermes/hermes_ws/install/ldlidar_stl_ros2/bin'
[17.486s] Level 1:colcon.colcon_core.environment:checking '/home/hermes/Hermes/hermes_ws/install/ldlidar_stl_ros2/lib/pkgconfig/ldlidar_stl_ros2.pc'
[17.487s] Level 1:colcon.colcon_core.environment:checking '/home/hermes/Hermes/hermes_ws/install/ldlidar_stl_ros2/lib/python3.8/site-packages'
[17.487s] Level 1:colcon.colcon_core.environment:checking '/home/hermes/Hermes/hermes_ws/install/ldlidar_stl_ros2/bin'
[17.594s] INFO:colcon.colcon_core.shell:Creating package script '/home/hermes/Hermes/hermes_ws/install/ldlidar_stl_ros2/share/ldlidar_stl_ros2/package.ps1'
[17.596s] INFO:colcon.colcon_core.shell:Creating package descriptor '/home/hermes/Hermes/hermes_ws/install/ldlidar_stl_ros2/share/ldlidar_stl_ros2/package.dsv'
[17.597s] INFO:colcon.colcon_core.shell:Creating package script '/home/hermes/Hermes/hermes_ws/install/ldlidar_stl_ros2/share/ldlidar_stl_ros2/package.sh'
[17.598s] INFO:colcon.colcon_core.shell:Creating package script '/home/hermes/Hermes/hermes_ws/install/ldlidar_stl_ros2/share/ldlidar_stl_ros2/package.bash'
[17.599s] INFO:colcon.colcon_core.shell:Creating package script '/home/hermes/Hermes/hermes_ws/install/ldlidar_stl_ros2/share/ldlidar_stl_ros2/package.zsh'
[17.600s] Level 1:colcon.colcon_core.environment:create_file_with_runtime_dependencies(/home/hermes/Hermes/hermes_ws/install/ldlidar_stl_ros2/share/colcon-core/packages/ldlidar_stl_ros2)
[17.629s] DEBUG:colcon.colcon_core.event_handler.log_command:Invoking command in '/home/hermes/Hermes/hermes_ws/src/teleop_control': PYTHONPATH=/home/hermes/Hermes/hermes_ws/build/teleop_control/prefix_override:/home/hermes/Hermes/hermes_ws/install/teleop_control/lib/python3.8/site-packages:${PYTHONPATH} /usr/bin/python3 setup.py egg_info --egg-base ../../build/teleop_control build --build-base /home/hermes/Hermes/hermes_ws/build/teleop_control/build install --record /home/hermes/Hermes/hermes_ws/build/teleop_control/install.log --single-version-externally-managed
[17.641s] DEBUG:colcon.colcon_core.event_handler.log_command:Invoking command in '/home/hermes/Hermes/hermes_ws/src/gps_publisher': PYTHONPATH=/home/hermes/Hermes/hermes_ws/build/gps_publisher/prefix_override:/home/hermes/Hermes/hermes_ws/install/gps_publisher/lib/python3.8/site-packages:${PYTHONPATH} /usr/bin/python3 setup.py egg_info --egg-base ../../build/gps_publisher build --build-base /home/hermes/Hermes/hermes_ws/build/gps_publisher/build install --record /home/hermes/Hermes/hermes_ws/build/gps_publisher/install.log --single-version-externally-managed
[17.650s] DEBUG:colcon.colcon_core.event_handler.log_command:Invoking command in '/home/hermes/Hermes/hermes_ws/src/cameras': PYTHONPATH=/home/hermes/Hermes/hermes_ws/build/cameras/prefix_override:/home/hermes/Hermes/hermes_ws/install/cameras/lib/python3.8/site-packages:${PYTHONPATH} /usr/bin/python3 setup.py egg_info --egg-base ../../build/cameras build --build-base /home/hermes/Hermes/hermes_ws/build/cameras/build install --record /home/hermes/Hermes/hermes_ws/build/cameras/install.log --single-version-externally-managed
[17.663s] DEBUG:colcon.colcon_core.event_handler.log_command:Invoking command in '/home/hermes/Hermes/hermes_ws/src/imu_publisher': PYTHONPATH=/home/hermes/Hermes/hermes_ws/build/imu_publisher/prefix_override:/home/hermes/Hermes/hermes_ws/install/imu_publisher/lib/python3.8/site-packages:${PYTHONPATH} /usr/bin/python3 setup.py egg_info --egg-base ../../build/imu_publisher build --build-base /home/hermes/Hermes/hermes_ws/build/imu_publisher/build install --record /home/hermes/Hermes/hermes_ws/build/imu_publisher/install.log --single-version-externally-managed
[17.682s] DEBUG:colcon.colcon_core.event_handler.log_command:Invoking command in '/home/hermes/Hermes/hermes_ws/src/odometry': PYTHONPATH=/home/hermes/Hermes/hermes_ws/build/odometry/prefix_override:/home/hermes/Hermes/hermes_ws/install/odometry/lib/python3.8/site-packages:${PYTHONPATH} /usr/bin/python3 setup.py egg_info --egg-base ../../build/odometry build --build-base /home/hermes/Hermes/hermes_ws/build/odometry/build install --record /home/hermes/Hermes/hermes_ws/build/odometry/install.log --single-version-externally-managed
[18.346s] DEBUG:colcon.colcon_core.event_handler.log_command:Invoked command in '/home/hermes/Hermes/hermes_ws/src/gps_publisher' returned '0': PYTHONPATH=/home/hermes/Hermes/hermes_ws/build/gps_publisher/prefix_override:/home/hermes/Hermes/hermes_ws/install/gps_publisher/lib/python3.8/site-packages:${PYTHONPATH} /usr/bin/python3 setup.py egg_info --egg-base ../../build/gps_publisher build --build-base /home/hermes/Hermes/hermes_ws/build/gps_publisher/build install --record /home/hermes/Hermes/hermes_ws/build/gps_publisher/install.log --single-version-externally-managed
[18.451s] Level 1:colcon.colcon_core.environment:checking '/home/hermes/Hermes/hermes_ws/install/gps_publisher' for CMake module files
[18.452s] Level 1:colcon.colcon_core.environment:checking '/home/hermes/Hermes/hermes_ws/install/gps_publisher' for CMake config files
[18.453s] Level 1:colcon.colcon_core.environment:checking '/home/hermes/Hermes/hermes_ws/install/gps_publisher/lib'
[18.454s] Level 1:colcon.colcon_core.environment:checking '/home/hermes/Hermes/hermes_ws/install/gps_publisher/bin'
[18.454s] Level 1:colcon.colcon_core.environment:checking '/home/hermes/Hermes/hermes_ws/install/gps_publisher/lib/pkgconfig/gps_publisher.pc'
[18.454s] Level 1:colcon.colcon_core.environment:checking '/home/hermes/Hermes/hermes_ws/install/gps_publisher/lib/python3.8/site-packages'
[18.454s] Level 1:colcon.colcon_core.shell:create_environment_hook('gps_publisher', 'pythonpath')
[18.552s] INFO:colcon.colcon_core.shell:Creating environment hook '/home/hermes/Hermes/hermes_ws/install/gps_publisher/share/gps_publisher/hook/pythonpath.ps1'
[18.553s] INFO:colcon.colcon_core.shell:Creating environment descriptor '/home/hermes/Hermes/hermes_ws/install/gps_publisher/share/gps_publisher/hook/pythonpath.dsv'
[18.554s] INFO:colcon.colcon_core.shell:Creating environment hook '/home/hermes/Hermes/hermes_ws/install/gps_publisher/share/gps_publisher/hook/pythonpath.sh'
[18.555s] Level 1:colcon.colcon_core.environment:checking '/home/hermes/Hermes/hermes_ws/install/gps_publisher/bin'
[18.555s] Level 1:colcon.colcon_core.environment:create_environment_scripts_only(gps_publisher)
[18.651s] INFO:colcon.colcon_core.shell:Creating package script '/home/hermes/Hermes/hermes_ws/install/gps_publisher/share/gps_publisher/package.ps1'
[18.653s] INFO:colcon.colcon_core.shell:Creating package descriptor '/home/hermes/Hermes/hermes_ws/install/gps_publisher/share/gps_publisher/package.dsv'
[18.654s] INFO:colcon.colcon_core.shell:Creating package script '/home/hermes/Hermes/hermes_ws/install/gps_publisher/share/gps_publisher/package.sh'
[18.654s] INFO:colcon.colcon_core.shell:Creating package script '/home/hermes/Hermes/hermes_ws/install/gps_publisher/share/gps_publisher/package.bash'
[18.655s] INFO:colcon.colcon_core.shell:Creating package script '/home/hermes/Hermes/hermes_ws/install/gps_publisher/share/gps_publisher/package.zsh'
[18.656s] Level 1:colcon.colcon_core.environment:create_file_with_runtime_dependencies(/home/hermes/Hermes/hermes_ws/install/gps_publisher/share/colcon-core/packages/gps_publisher)
[18.661s] DEBUG:colcon.colcon_core.event_handler.log_command:Invoked command in '/home/hermes/Hermes/hermes_ws/src/teleop_control' returned '0': PYTHONPATH=/home/hermes/Hermes/hermes_ws/build/teleop_control/prefix_override:/home/hermes/Hermes/hermes_ws/install/teleop_control/lib/python3.8/site-packages:${PYTHONPATH} /usr/bin/python3 setup.py egg_info --egg-base ../../build/teleop_control build --build-base /home/hermes/Hermes/hermes_ws/build/teleop_control/build install --record /home/hermes/Hermes/hermes_ws/build/teleop_control/install.log --single-version-externally-managed
[18.758s] Level 1:colcon.colcon_core.environment:checking '/home/hermes/Hermes/hermes_ws/install/teleop_control' for CMake module files
[18.759s] Level 1:colcon.colcon_core.environment:checking '/home/hermes/Hermes/hermes_ws/install/teleop_control' for CMake config files
[18.760s] Level 1:colcon.colcon_core.environment:checking '/home/hermes/Hermes/hermes_ws/install/teleop_control/lib'
[18.761s] Level 1:colcon.colcon_core.environment:checking '/home/hermes/Hermes/hermes_ws/install/teleop_control/bin'
[18.761s] Level 1:colcon.colcon_core.environment:checking '/home/hermes/Hermes/hermes_ws/install/teleop_control/lib/pkgconfig/teleop_control.pc'
[18.761s] Level 1:colcon.colcon_core.environment:checking '/home/hermes/Hermes/hermes_ws/install/teleop_control/lib/python3.8/site-packages'
[18.761s] Level 1:colcon.colcon_core.shell:create_environment_hook('teleop_control', 'pythonpath')
[18.858s] INFO:colcon.colcon_core.shell:Creating environment hook '/home/hermes/Hermes/hermes_ws/install/teleop_control/share/teleop_control/hook/pythonpath.ps1'
[18.859s] INFO:colcon.colcon_core.shell:Creating environment descriptor '/home/hermes/Hermes/hermes_ws/install/teleop_control/share/teleop_control/hook/pythonpath.dsv'
[18.860s] INFO:colcon.colcon_core.shell:Creating environment hook '/home/hermes/Hermes/hermes_ws/install/teleop_control/share/teleop_control/hook/pythonpath.sh'
[18.861s] Level 1:colcon.colcon_core.environment:checking '/home/hermes/Hermes/hermes_ws/install/teleop_control/bin'
[18.861s] Level 1:colcon.colcon_core.environment:create_environment_scripts_only(teleop_control)
[18.957s] INFO:colcon.colcon_core.shell:Creating package script '/home/hermes/Hermes/hermes_ws/install/teleop_control/share/teleop_control/package.ps1'
[18.959s] INFO:colcon.colcon_core.shell:Creating package descriptor '/home/hermes/Hermes/hermes_ws/install/teleop_control/share/teleop_control/package.dsv'
[18.960s] INFO:colcon.colcon_core.shell:Creating package script '/home/hermes/Hermes/hermes_ws/install/teleop_control/share/teleop_control/package.sh'
[18.960s] INFO:colcon.colcon_core.shell:Creating package script '/home/hermes/Hermes/hermes_ws/install/teleop_control/share/teleop_control/package.bash'
[18.961s] INFO:colcon.colcon_core.shell:Creating package script '/home/hermes/Hermes/hermes_ws/install/teleop_control/share/teleop_control/package.zsh'
[18.962s] Level 1:colcon.colcon_core.environment:create_file_with_runtime_dependencies(/home/hermes/Hermes/hermes_ws/install/teleop_control/share/colcon-core/packages/teleop_control)
[18.964s] DEBUG:colcon.colcon_core.event_handler.log_command:Invoked command in '/home/hermes/Hermes/hermes_ws/src/cameras' returned '0': PYTHONPATH=/home/hermes/Hermes/hermes_ws/build/cameras/prefix_override:/home/hermes/Hermes/hermes_ws/install/cameras/lib/python3.8/site-packages:${PYTHONPATH} /usr/bin/python3 setup.py egg_info --egg-base ../../build/cameras build --build-base /home/hermes/Hermes/hermes_ws/build/cameras/build install --record /home/hermes/Hermes/hermes_ws/build/cameras/install.log --single-version-externally-managed
[19.060s] Level 1:colcon.colcon_core.environment:checking '/home/hermes/Hermes/hermes_ws/install/cameras' for CMake module files
[19.061s] Level 1:colcon.colcon_core.environment:checking '/home/hermes/Hermes/hermes_ws/install/cameras' for CMake config files
[19.062s] Level 1:colcon.colcon_core.environment:checking '/home/hermes/Hermes/hermes_ws/install/cameras/lib'
[19.062s] Level 1:colcon.colcon_core.environment:checking '/home/hermes/Hermes/hermes_ws/install/cameras/bin'
[19.063s] Level 1:colcon.colcon_core.environment:checking '/home/hermes/Hermes/hermes_ws/install/cameras/lib/pkgconfig/cameras.pc'
[19.063s] Level 1:colcon.colcon_core.environment:checking '/home/hermes/Hermes/hermes_ws/install/cameras/lib/python3.8/site-packages'
[19.063s] Level 1:colcon.colcon_core.shell:create_environment_hook('cameras', 'pythonpath')
[19.161s] INFO:colcon.colcon_core.shell:Creating environment hook '/home/hermes/Hermes/hermes_ws/install/cameras/share/cameras/hook/pythonpath.ps1'
[19.162s] INFO:colcon.colcon_core.shell:Creating environment descriptor '/home/hermes/Hermes/hermes_ws/install/cameras/share/cameras/hook/pythonpath.dsv'
[19.163s] INFO:colcon.colcon_core.shell:Creating environment hook '/home/hermes/Hermes/hermes_ws/install/cameras/share/cameras/hook/pythonpath.sh'
[19.164s] Level 1:colcon.colcon_core.environment:checking '/home/hermes/Hermes/hermes_ws/install/cameras/bin'
[19.164s] Level 1:colcon.colcon_core.environment:create_environment_scripts_only(cameras)
[19.261s] INFO:colcon.colcon_core.shell:Creating package script '/home/hermes/Hermes/hermes_ws/install/cameras/share/cameras/package.ps1'
[19.262s] INFO:colcon.colcon_core.shell:Creating package descriptor '/home/hermes/Hermes/hermes_ws/install/cameras/share/cameras/package.dsv'
[19.263s] INFO:colcon.colcon_core.shell:Creating package script '/home/hermes/Hermes/hermes_ws/install/cameras/share/cameras/package.sh'
[19.264s] INFO:colcon.colcon_core.shell:Creating package script '/home/hermes/Hermes/hermes_ws/install/cameras/share/cameras/package.bash'
[19.264s] INFO:colcon.colcon_core.shell:Creating package script '/home/hermes/Hermes/hermes_ws/install/cameras/share/cameras/package.zsh'
[19.265s] Level 1:colcon.colcon_core.environment:create_file_with_runtime_dependencies(/home/hermes/Hermes/hermes_ws/install/cameras/share/colcon-core/packages/cameras)
[19.267s] DEBUG:colcon.colcon_core.event_handler.log_command:Invoked command in '/home/hermes/Hermes/hermes_ws/src/imu_publisher' returned '0': PYTHONPATH=/home/hermes/Hermes/hermes_ws/build/imu_publisher/prefix_override:/home/hermes/Hermes/hermes_ws/install/imu_publisher/lib/python3.8/site-packages:${PYTHONPATH} /usr/bin/python3 setup.py egg_info --egg-base ../../build/imu_publisher build --build-base /home/hermes/Hermes/hermes_ws/build/imu_publisher/build install --record /home/hermes/Hermes/hermes_ws/build/imu_publisher/install.log --single-version-externally-managed
[19.363s] Level 1:colcon.colcon_core.environment:checking '/home/hermes/Hermes/hermes_ws/install/imu_publisher' for CMake module files
[19.364s] Level 1:colcon.colcon_core.environment:checking '/home/hermes/Hermes/hermes_ws/install/imu_publisher' for CMake config files
[19.365s] Level 1:colcon.colcon_core.environment:checking '/home/hermes/Hermes/hermes_ws/install/imu_publisher/lib'
[19.366s] Level 1:colcon.colcon_core.environment:checking '/home/hermes/Hermes/hermes_ws/install/imu_publisher/bin'
[19.366s] Level 1:colcon.colcon_core.environment:checking '/home/hermes/Hermes/hermes_ws/install/imu_publisher/lib/pkgconfig/imu_publisher.pc'
[19.366s] Level 1:colcon.colcon_core.environment:checking '/home/hermes/Hermes/hermes_ws/install/imu_publisher/lib/python3.8/site-packages'
[19.366s] Level 1:colcon.colcon_core.shell:create_environment_hook('imu_publisher', 'pythonpath')
[19.462s] INFO:colcon.colcon_core.shell:Creating environment hook '/home/hermes/Hermes/hermes_ws/install/imu_publisher/share/imu_publisher/hook/pythonpath.ps1'
[19.463s] INFO:colcon.colcon_core.shell:Creating environment descriptor '/home/hermes/Hermes/hermes_ws/install/imu_publisher/share/imu_publisher/hook/pythonpath.dsv'
[19.464s] INFO:colcon.colcon_core.shell:Creating environment hook '/home/hermes/Hermes/hermes_ws/install/imu_publisher/share/imu_publisher/hook/pythonpath.sh'
[19.465s] Level 1:colcon.colcon_core.environment:checking '/home/hermes/Hermes/hermes_ws/install/imu_publisher/bin'
[19.465s] Level 1:colcon.colcon_core.environment:create_environment_scripts_only(imu_publisher)
[19.561s] INFO:colcon.colcon_core.shell:Creating package script '/home/hermes/Hermes/hermes_ws/install/imu_publisher/share/imu_publisher/package.ps1'
[19.562s] INFO:colcon.colcon_core.shell:Creating package descriptor '/home/hermes/Hermes/hermes_ws/install/imu_publisher/share/imu_publisher/package.dsv'
[19.563s] INFO:colcon.colcon_core.shell:Creating package script '/home/hermes/Hermes/hermes_ws/install/imu_publisher/share/imu_publisher/package.sh'
[19.564s] INFO:colcon.colcon_core.shell:Creating package script '/home/hermes/Hermes/hermes_ws/install/imu_publisher/share/imu_publisher/package.bash'
[19.565s] INFO:colcon.colcon_core.shell:Creating package script '/home/hermes/Hermes/hermes_ws/install/imu_publisher/share/imu_publisher/package.zsh'
[19.565s] Level 1:colcon.colcon_core.environment:create_file_with_runtime_dependencies(/home/hermes/Hermes/hermes_ws/install/imu_publisher/share/colcon-core/packages/imu_publisher)
[19.567s] DEBUG:colcon.colcon_core.event_handler.log_command:Invoked command in '/home/hermes/Hermes/hermes_ws/src/odometry' returned '0': PYTHONPATH=/home/hermes/Hermes/hermes_ws/build/odometry/prefix_override:/home/hermes/Hermes/hermes_ws/install/odometry/lib/python3.8/site-packages:${PYTHONPATH} /usr/bin/python3 setup.py egg_info --egg-base ../../build/odometry build --build-base /home/hermes/Hermes/hermes_ws/build/odometry/build install --record /home/hermes/Hermes/hermes_ws/build/odometry/install.log --single-version-externally-managed
[19.663s] Level 1:colcon.colcon_core.environment:checking '/home/hermes/Hermes/hermes_ws/install/odometry' for CMake module files
[19.664s] Level 1:colcon.colcon_core.environment:checking '/home/hermes/Hermes/hermes_ws/install/odometry' for CMake config files
[19.666s] Level 1:colcon.colcon_core.environment:checking '/home/hermes/Hermes/hermes_ws/install/odometry/lib'
[19.666s] Level 1:colcon.colcon_core.environment:checking '/home/hermes/Hermes/hermes_ws/install/odometry/bin'
[19.666s] Level 1:colcon.colcon_core.environment:checking '/home/hermes/Hermes/hermes_ws/install/odometry/lib/pkgconfig/odometry.pc'
[19.666s] Level 1:colcon.colcon_core.environment:checking '/home/hermes/Hermes/hermes_ws/install/odometry/lib/python3.8/site-packages'
[19.666s] Level 1:colcon.colcon_core.shell:create_environment_hook('odometry', 'pythonpath')
[19.793s] INFO:colcon.colcon_core.shell:Creating environment hook '/home/hermes/Hermes/hermes_ws/install/odometry/share/odometry/hook/pythonpath.ps1'
[19.794s] INFO:colcon.colcon_core.shell:Creating environment descriptor '/home/hermes/Hermes/hermes_ws/install/odometry/share/odometry/hook/pythonpath.dsv'
[19.795s] INFO:colcon.colcon_core.shell:Creating environment hook '/home/hermes/Hermes/hermes_ws/install/odometry/share/odometry/hook/pythonpath.sh'
[19.796s] Level 1:colcon.colcon_core.environment:checking '/home/hermes/Hermes/hermes_ws/install/odometry/bin'
[19.796s] Level 1:colcon.colcon_core.environment:create_environment_scripts_only(odometry)
[19.893s] INFO:colcon.colcon_core.shell:Creating package script '/home/hermes/Hermes/hermes_ws/install/odometry/share/odometry/package.ps1'
[19.894s] INFO:colcon.colcon_core.shell:Creating package descriptor '/home/hermes/Hermes/hermes_ws/install/odometry/share/odometry/package.dsv'
[19.895s] INFO:colcon.colcon_core.shell:Creating package script '/home/hermes/Hermes/hermes_ws/install/odometry/share/odometry/package.sh'
[19.896s] INFO:colcon.colcon_core.shell:Creating package script '/home/hermes/Hermes/hermes_ws/install/odometry/share/odometry/package.bash'
[19.896s] INFO:colcon.colcon_core.shell:Creating package script '/home/hermes/Hermes/hermes_ws/install/odometry/share/odometry/package.zsh'
[19.897s] Level 1:colcon.colcon_core.environment:create_file_with_runtime_dependencies(/home/hermes/Hermes/hermes_ws/install/odometry/share/colcon-core/packages/odometry)
[19.897s] DEBUG:colcon.colcon_parallel_executor.executor.parallel:closing loop
[19.898s] DEBUG:colcon.colcon_parallel_executor.executor.parallel:loop closed
[19.898s] DEBUG:colcon.colcon_parallel_executor.executor.parallel:run_until_complete finished with '0'
[19.899s] DEBUG:colcon.colcon_core.event_reactor:joining thread
[20.005s] INFO:colcon.colcon_core.plugin_system:Skipping extension 'colcon_notification.desktop_notification.terminal_notifier': Not used on non-Darwin systems
[20.005s] INFO:colcon.colcon_core.plugin_system:Skipping extension 'colcon_notification.desktop_notification.win32': Not used on non-Windows systems
[20.005s] INFO:colcon.colcon_notification.desktop_notification:Sending desktop notification using 'notify2'
[20.037s] DEBUG:colcon.colcon_core.event_reactor:joined thread
[20.135s] INFO:colcon.colcon_core.shell:Creating prefix script '/home/hermes/Hermes/hermes_ws/install/local_setup.ps1'
[20.137s] INFO:colcon.colcon_core.shell:Creating prefix util module '/home/hermes/Hermes/hermes_ws/install/_local_setup_util_ps1.py'
[20.140s] INFO:colcon.colcon_core.shell:Creating prefix chain script '/home/hermes/Hermes/hermes_ws/install/setup.ps1'
[20.239s] INFO:colcon.colcon_core.shell:Creating prefix script '/home/hermes/Hermes/hermes_ws/install/local_setup.sh'
[20.240s] INFO:colcon.colcon_core.shell:Creating prefix util module '/home/hermes/Hermes/hermes_ws/install/_local_setup_util_sh.py'
[20.241s] INFO:colcon.colcon_core.shell:Creating prefix chain script '/home/hermes/Hermes/hermes_ws/install/setup.sh'
[20.338s] INFO:colcon.colcon_core.shell:Creating prefix script '/home/hermes/Hermes/hermes_ws/install/local_setup.bash'
[20.339s] INFO:colcon.colcon_core.shell:Creating prefix chain script '/home/hermes/Hermes/hermes_ws/install/setup.bash'
[20.435s] INFO:colcon.colcon_core.shell:Creating prefix script '/home/hermes/Hermes/hermes_ws/install/local_setup.zsh'
[20.436s] INFO:colcon.colcon_core.shell:Creating prefix chain script '/home/hermes/Hermes/hermes_ws/install/setup.zsh'
