[2.091s] Invoking command in '/home/raivo/Hermes/hermes_ws/src/multi_package_launcher': PYTHONPATH=/home/raivo/Hermes/hermes_ws/build/multi_package_launcher/prefix_override:/home/raivo/Hermes/hermes_ws/install/multi_package_launcher/lib/python3.10/site-packages:${PYTHONPATH} /usr/bin/python3 -W ignore:setup.py install is deprecated setup.py egg_info --egg-base ../../build/multi_package_launcher build --build-base /home/raivo/Hermes/hermes_ws/build/multi_package_launcher/build install --record /home/raivo/Hermes/hermes_ws/build/multi_package_launcher/install.log --single-version-externally-managed install_data
[2.479s] running egg_info
[2.481s] writing ../../build/multi_package_launcher/multi_package_launcher.egg-info/PKG-INFO
[2.481s] writing dependency_links to ../../build/multi_package_launcher/multi_package_launcher.egg-info/dependency_links.txt
[2.483s] writing entry points to ../../build/multi_package_launcher/multi_package_launcher.egg-info/entry_points.txt
[2.483s] writing requirements to ../../build/multi_package_launcher/multi_package_launcher.egg-info/requires.txt
[2.483s] writing top-level names to ../../build/multi_package_launcher/multi_package_launcher.egg-info/top_level.txt
[2.484s] reading manifest file '../../build/multi_package_launcher/multi_package_launcher.egg-info/SOURCES.txt'
[2.488s] writing manifest file '../../build/multi_package_launcher/multi_package_launcher.egg-info/SOURCES.txt'
[2.489s] running build
[2.489s] running build_py
[2.489s] running install
[2.489s] running install_lib
[2.489s] running install_data
[2.489s] running install_egg_info
[2.491s] removing '/home/raivo/Hermes/hermes_ws/install/multi_package_launcher/lib/python3.10/site-packages/multi_package_launcher-0.0.0-py3.10.egg-info' (and everything under it)
[2.493s] Copying ../../build/multi_package_launcher/multi_package_launcher.egg-info to /home/raivo/Hermes/hermes_ws/install/multi_package_launcher/lib/python3.10/site-packages/multi_package_launcher-0.0.0-py3.10.egg-info
[2.497s] running install_scripts
[2.520s] writing list of installed files to '/home/raivo/Hermes/hermes_ws/build/multi_package_launcher/install.log'
[2.610s] Invoked command in '/home/raivo/Hermes/hermes_ws/src/multi_package_launcher' returned '0': PYTHONPATH=/home/raivo/Hermes/hermes_ws/build/multi_package_launcher/prefix_override:/home/raivo/Hermes/hermes_ws/install/multi_package_launcher/lib/python3.10/site-packages:${PYTHONPATH} /usr/bin/python3 -W ignore:setup.py install is deprecated setup.py egg_info --egg-base ../../build/multi_package_launcher build --build-base /home/raivo/Hermes/hermes_ws/build/multi_package_launcher/build install --record /home/raivo/Hermes/hermes_ws/build/multi_package_launcher/install.log --single-version-externally-managed install_data
