[4.711s] Invoking command in '/home/hermes/Hermes/hermes_ws/src/cmd_vel': PYTHONPATH=/home/hermes/Hermes/hermes_ws/build/cmd_vel/prefix_override:/home/hermes/Hermes/hermes_ws/install/cmd_vel/lib/python3.10/site-packages:${PYTHONPATH} /usr/bin/python3 -W ignore:setup.py install is deprecated setup.py egg_info --egg-base ../../build/cmd_vel build --build-base /home/hermes/Hermes/hermes_ws/build/cmd_vel/build install --record /home/hermes/Hermes/hermes_ws/build/cmd_vel/install.log --single-version-externally-managed install_data
[5.337s] running egg_info
[5.339s] writing ../../build/cmd_vel/cmd_vel.egg-info/PKG-INFO
[5.339s] writing dependency_links to ../../build/cmd_vel/cmd_vel.egg-info/dependency_links.txt
[5.340s] writing entry points to ../../build/cmd_vel/cmd_vel.egg-info/entry_points.txt
[5.340s] writing requirements to ../../build/cmd_vel/cmd_vel.egg-info/requires.txt
[5.340s] writing top-level names to ../../build/cmd_vel/cmd_vel.egg-info/top_level.txt
[5.345s] reading manifest file '../../build/cmd_vel/cmd_vel.egg-info/SOURCES.txt'
[5.347s] writing manifest file '../../build/cmd_vel/cmd_vel.egg-info/SOURCES.txt'
[5.347s] running build
[5.347s] running build_py
[5.347s] running install
[5.348s] running install_lib
[5.351s] running install_data
[5.352s] running install_egg_info
[5.362s] removing '/home/hermes/Hermes/hermes_ws/install/cmd_vel/lib/python3.10/site-packages/cmd_vel-0.0.0-py3.10.egg-info' (and everything under it)
[5.363s] Copying ../../build/cmd_vel/cmd_vel.egg-info to /home/hermes/Hermes/hermes_ws/install/cmd_vel/lib/python3.10/site-packages/cmd_vel-0.0.0-py3.10.egg-info
[5.365s] running install_scripts
[5.429s] Installing cmd_vel_controll script to /home/hermes/Hermes/hermes_ws/install/cmd_vel/lib/cmd_vel
[5.430s] writing list of installed files to '/home/hermes/Hermes/hermes_ws/build/cmd_vel/install.log'
[6.179s] Invoked command in '/home/hermes/Hermes/hermes_ws/src/cmd_vel' returned '0': PYTHONPATH=/home/hermes/Hermes/hermes_ws/build/cmd_vel/prefix_override:/home/hermes/Hermes/hermes_ws/install/cmd_vel/lib/python3.10/site-packages:${PYTHONPATH} /usr/bin/python3 -W ignore:setup.py install is deprecated setup.py egg_info --egg-base ../../build/cmd_vel build --build-base /home/hermes/Hermes/hermes_ws/build/cmd_vel/build install --record /home/hermes/Hermes/hermes_ws/build/cmd_vel/install.log --single-version-externally-managed install_data
