[0.086s] Invoking command in '/home/hermes/Hermes/hermes_ws/build/ldlidar_component': CMAKE_PREFIX_PATH=${CMAKE_PREFIX_PATH}:/home/hermes/Hermes/hermes_ws/install/tof_publisher:/home/hermes/Hermes/hermes_ws/install/teleop_control:/home/hermes/Hermes/hermes_ws/install/robot_model:/home/hermes/Hermes/hermes_ws/install/odometry:/home/hermes/Hermes/hermes_ws/install/my_robot_description:/home/hermes/Hermes/hermes_ws/install/lidar_publisher:/home/hermes/Hermes/hermes_ws/install/launch_files:/home/hermes/Hermes/hermes_ws/install/imu_publisher:/home/hermes/Hermes/hermes_ws/install/gps_publisher:/home/hermes/Hermes/hermes_ws/install/cmd_vel:/home/hermes/Hermes/hermes_ws/install/cameras:/home/hermes/Downloads/hermes/ros2_ws/src/install/ros2_video_stream_pkg:/opt/ros/humble /usr/bin/cmake --build /home/hermes/Hermes/hermes_ws/build/ldlidar_component -- -j6 -l6
[1.896s] [ 70%] Built target ldlidar
[1.897s] [100%] Built target ldlidar_component
[2.526s] Invoked command in '/home/hermes/Hermes/hermes_ws/build/ldlidar_component' returned '0': CMAKE_PREFIX_PATH=${CMAKE_PREFIX_PATH}:/home/hermes/Hermes/hermes_ws/install/tof_publisher:/home/hermes/Hermes/hermes_ws/install/teleop_control:/home/hermes/Hermes/hermes_ws/install/robot_model:/home/hermes/Hermes/hermes_ws/install/odometry:/home/hermes/Hermes/hermes_ws/install/my_robot_description:/home/hermes/Hermes/hermes_ws/install/lidar_publisher:/home/hermes/Hermes/hermes_ws/install/launch_files:/home/hermes/Hermes/hermes_ws/install/imu_publisher:/home/hermes/Hermes/hermes_ws/install/gps_publisher:/home/hermes/Hermes/hermes_ws/install/cmd_vel:/home/hermes/Hermes/hermes_ws/install/cameras:/home/hermes/Downloads/hermes/ros2_ws/src/install/ros2_video_stream_pkg:/opt/ros/humble /usr/bin/cmake --build /home/hermes/Hermes/hermes_ws/build/ldlidar_component -- -j6 -l6
[2.623s] Invoking command in '/home/hermes/Hermes/hermes_ws/build/ldlidar_component': CMAKE_PREFIX_PATH=${CMAKE_PREFIX_PATH}:/home/hermes/Hermes/hermes_ws/install/tof_publisher:/home/hermes/Hermes/hermes_ws/install/teleop_control:/home/hermes/Hermes/hermes_ws/install/robot_model:/home/hermes/Hermes/hermes_ws/install/odometry:/home/hermes/Hermes/hermes_ws/install/my_robot_description:/home/hermes/Hermes/hermes_ws/install/lidar_publisher:/home/hermes/Hermes/hermes_ws/install/launch_files:/home/hermes/Hermes/hermes_ws/install/imu_publisher:/home/hermes/Hermes/hermes_ws/install/gps_publisher:/home/hermes/Hermes/hermes_ws/install/cmd_vel:/home/hermes/Hermes/hermes_ws/install/cameras:/home/hermes/Downloads/hermes/ros2_ws/src/install/ros2_video_stream_pkg:/opt/ros/humble /usr/bin/cmake --install /home/hermes/Hermes/hermes_ws/build/ldlidar_component
[2.642s] -- Install configuration: "Release"
[2.644s] -- Execute custom install script
[2.646s] -- Up-to-date symlink: /home/hermes/Hermes/hermes_ws/install/ldlidar_component/lib/libldlidar_component.so
[2.647s] -- Up-to-date symlink: /home/hermes/Hermes/hermes_ws/install/ldlidar_component/include/ldlidar_component//defines.hpp
[2.648s] -- Up-to-date symlink: /home/hermes/Hermes/hermes_ws/install/ldlidar_component/include/ldlidar_component//ldlidar_component.hpp
[2.649s] -- Up-to-date symlink: /home/hermes/Hermes/hermes_ws/install/ldlidar_component/include/ldlidar_component//ldlidar_tools.hpp
[2.650s] -- Up-to-date symlink: /home/hermes/Hermes/hermes_ws/install/ldlidar_component/include/ldlidar_component//visibility_control.hpp
[2.651s] -- Up-to-date symlink: /home/hermes/Hermes/hermes_ws/install/ldlidar_component/include/ldlidar_component//ldlidar_datatype.h
[2.651s] -- Up-to-date symlink: /home/hermes/Hermes/hermes_ws/install/ldlidar_component/include/ldlidar_component//ldlidar_driver.h
[2.652s] -- Up-to-date symlink: /home/hermes/Hermes/hermes_ws/install/ldlidar_component/include/ldlidar_component//lipkg.h
[2.653s] -- Up-to-date symlink: /home/hermes/Hermes/hermes_ws/install/ldlidar_component/include/ldlidar_component//tofbf.h
[2.654s] -- Up-to-date symlink: /home/hermes/Hermes/hermes_ws/install/ldlidar_component/include/ldlidar_component//log_module.h
[2.655s] -- Up-to-date symlink: /home/hermes/Hermes/hermes_ws/install/ldlidar_component/include/ldlidar_component//network_socket_interface_linux.h
[2.656s] -- Up-to-date symlink: /home/hermes/Hermes/hermes_ws/install/ldlidar_component/include/ldlidar_component//serial_interface_linux.h
[2.657s] -- Up-to-date symlink: /home/hermes/Hermes/hermes_ws/install/ldlidar_component/share/ldlidar_component/environment/library_path.sh
[2.658s] -- Up-to-date symlink: /home/hermes/Hermes/hermes_ws/install/ldlidar_component/share/ldlidar_component/environment/library_path.dsv
[2.659s] -- Up-to-date symlink: /home/hermes/Hermes/hermes_ws/install/ldlidar_component/share/ament_index/resource_index/package_run_dependencies/ldlidar_component
[2.660s] -- Up-to-date symlink: /home/hermes/Hermes/hermes_ws/install/ldlidar_component/share/ament_index/resource_index/parent_prefix_path/ldlidar_component
[2.661s] -- Up-to-date symlink: /home/hermes/Hermes/hermes_ws/install/ldlidar_component/share/ldlidar_component/environment/ament_prefix_path.sh
[2.661s] -- Up-to-date symlink: /home/hermes/Hermes/hermes_ws/install/ldlidar_component/share/ldlidar_component/environment/ament_prefix_path.dsv
[2.662s] -- Up-to-date symlink: /home/hermes/Hermes/hermes_ws/install/ldlidar_component/share/ldlidar_component/environment/path.sh
[2.663s] -- Up-to-date symlink: /home/hermes/Hermes/hermes_ws/install/ldlidar_component/share/ldlidar_component/environment/path.dsv
[2.664s] -- Up-to-date symlink: /home/hermes/Hermes/hermes_ws/install/ldlidar_component/share/ldlidar_component/local_setup.bash
[2.664s] -- Up-to-date symlink: /home/hermes/Hermes/hermes_ws/install/ldlidar_component/share/ldlidar_component/local_setup.sh
[2.665s] -- Up-to-date symlink: /home/hermes/Hermes/hermes_ws/install/ldlidar_component/share/ldlidar_component/local_setup.zsh
[2.666s] -- Up-to-date symlink: /home/hermes/Hermes/hermes_ws/install/ldlidar_component/share/ldlidar_component/local_setup.dsv
[2.667s] -- Symlinking: /home/hermes/Hermes/hermes_ws/install/ldlidar_component/share/ldlidar_component/package.dsv
[2.688s] -- Up-to-date symlink: /home/hermes/Hermes/hermes_ws/install/ldlidar_component/share/ament_index/resource_index/packages/ldlidar_component
[2.688s] -- Up-to-date symlink: /home/hermes/Hermes/hermes_ws/install/ldlidar_component/share/ament_index/resource_index/rclcpp_components/ldlidar_component
[2.688s] -- Up-to-date symlink: /home/hermes/Hermes/hermes_ws/install/ldlidar_component/share/ldlidar_component/cmake/ament_cmake_export_include_directories-extras.cmake
[2.689s] -- Up-to-date symlink: /home/hermes/Hermes/hermes_ws/install/ldlidar_component/share/ldlidar_component/cmake/ament_cmake_export_libraries-extras.cmake
[2.689s] -- Up-to-date symlink: /home/hermes/Hermes/hermes_ws/install/ldlidar_component/share/ldlidar_component/cmake/ament_cmake_export_dependencies-extras.cmake
[2.689s] -- Up-to-date symlink: /home/hermes/Hermes/hermes_ws/install/ldlidar_component/share/ldlidar_component/cmake/ldlidar_componentConfig.cmake
[2.690s] -- Up-to-date symlink: /home/hermes/Hermes/hermes_ws/install/ldlidar_component/share/ldlidar_component/cmake/ldlidar_componentConfig-version.cmake
[2.690s] -- Up-to-date symlink: /home/hermes/Hermes/hermes_ws/install/ldlidar_component/share/ldlidar_component/package.xml
[2.705s] Invoked command in '/home/hermes/Hermes/hermes_ws/build/ldlidar_component' returned '0': CMAKE_PREFIX_PATH=${CMAKE_PREFIX_PATH}:/home/hermes/Hermes/hermes_ws/install/tof_publisher:/home/hermes/Hermes/hermes_ws/install/teleop_control:/home/hermes/Hermes/hermes_ws/install/robot_model:/home/hermes/Hermes/hermes_ws/install/odometry:/home/hermes/Hermes/hermes_ws/install/my_robot_description:/home/hermes/Hermes/hermes_ws/install/lidar_publisher:/home/hermes/Hermes/hermes_ws/install/launch_files:/home/hermes/Hermes/hermes_ws/install/imu_publisher:/home/hermes/Hermes/hermes_ws/install/gps_publisher:/home/hermes/Hermes/hermes_ws/install/cmd_vel:/home/hermes/Hermes/hermes_ws/install/cameras:/home/hermes/Downloads/hermes/ros2_ws/src/install/ros2_video_stream_pkg:/opt/ros/humble /usr/bin/cmake --install /home/hermes/Hermes/hermes_ws/build/ldlidar_component
