[2.505s] Invoking command in '/home/hermes/Hermes/hermes_ws/src/odometry': PYTHONPATH=/home/hermes/Hermes/hermes_ws/build/odometry/prefix_override:/home/hermes/Hermes/hermes_ws/install/odometry/lib/python3.10/site-packages:${PYTHONPATH} /usr/bin/python3 -W ignore:setup.py install is deprecated setup.py egg_info --egg-base ../../build/odometry build --build-base /home/hermes/Hermes/hermes_ws/build/odometry/build install --record /home/hermes/Hermes/hermes_ws/build/odometry/install.log --single-version-externally-managed install_data
[3.053s] running egg_info
[3.054s] writing ../../build/odometry/odometry.egg-info/PKG-INFO
[3.055s] writing dependency_links to ../../build/odometry/odometry.egg-info/dependency_links.txt
[3.055s] writing entry points to ../../build/odometry/odometry.egg-info/entry_points.txt
[3.055s] writing requirements to ../../build/odometry/odometry.egg-info/requires.txt
[3.056s] writing top-level names to ../../build/odometry/odometry.egg-info/top_level.txt
[3.059s] reading manifest file '../../build/odometry/odometry.egg-info/SOURCES.txt'
[3.060s] adding license file 'LICENSE'
[3.061s] writing manifest file '../../build/odometry/odometry.egg-info/SOURCES.txt'
[3.062s] running build
[3.062s] running build_py
[3.062s] running install
[3.063s] running install_lib
[3.066s] running install_data
[3.066s] running install_egg_info
[3.070s] removing '/home/hermes/Hermes/hermes_ws/install/odometry/lib/python3.10/site-packages/odometry-0.0.0-py3.10.egg-info' (and everything under it)
[3.070s] Copying ../../build/odometry/odometry.egg-info to /home/hermes/Hermes/hermes_ws/install/odometry/lib/python3.10/site-packages/odometry-0.0.0-py3.10.egg-info
[3.073s] running install_scripts
[3.120s] Installing odometry_node script to /home/hermes/Hermes/hermes_ws/install/odometry/lib/odometry
[3.121s] writing list of installed files to '/home/hermes/Hermes/hermes_ws/build/odometry/install.log'
[3.205s] Invoked command in '/home/hermes/Hermes/hermes_ws/src/odometry' returned '0': PYTHONPATH=/home/hermes/Hermes/hermes_ws/build/odometry/prefix_override:/home/hermes/Hermes/hermes_ws/install/odometry/lib/python3.10/site-packages:${PYTHONPATH} /usr/bin/python3 -W ignore:setup.py install is deprecated setup.py egg_info --egg-base ../../build/odometry build --build-base /home/hermes/Hermes/hermes_ws/build/odometry/build install --record /home/hermes/Hermes/hermes_ws/build/odometry/install.log --single-version-externally-managed install_data
