[0.100s] Invoking command in '/home/hermes/Hermes/hermes_ws/build/ldlidar_node': CMAKE_PREFIX_PATH=/home/hermes/Hermes/hermes_ws/install/ldlidar_component:/home/hermes/Hermes/hermes_ws/install/imu_tools:/home/hermes/Hermes/hermes_ws/install/rviz_imu_plugin:/home/hermes/Hermes/hermes_ws/install/ldlidar:/home/hermes/Hermes/hermes_ws/install/ldlidar_node:/home/hermes/Hermes/hermes_ws/install/imu_filter_madgwick:/home/hermes/Hermes/hermes_ws/install/imu_complementary_filter:/home/hermes/Hermes/hermes_ws/install/hermes_urdf:/home/hermes/Hermes/hermes_ws/install/hermes_interfaces:/home/hermes/Hermes/hermes_ws/install/tof_publisher:/home/hermes/Hermes/hermes_ws/install/teleop_control:/home/hermes/Hermes/hermes_ws/install/robot_localization_pkg:/home/hermes/Hermes/hermes_ws/install/path_creator:/home/hermes/Hermes/hermes_ws/install/odometry_publisher:/home/hermes/Hermes/hermes_ws/install/my_tf2_broadcaster:/home/hermes/Hermes/hermes_ws/install/multi_package_launcher:/home/hermes/Hermes/hermes_ws/install/icm20948_publisher:/home/hermes/Hermes/hermes_ws/install/hermes_nav:/home/hermes/Hermes/hermes_ws/install/gps_publisher:/home/hermes/Hermes/hermes_ws/install/cmd_vel:/home/hermes/Hermes/hermes_ws/install/cameras:/opt/ros/humble LD_LIBRARY_PATH=/home/hermes/Hermes/hermes_ws/install/ldlidar_component/lib:/home/hermes/Hermes/hermes_ws/install/rviz_imu_plugin/lib:/home/hermes/Hermes/hermes_ws/install/imu_filter_madgwick/lib:/home/hermes/Hermes/hermes_ws/install/imu_complementary_filter/lib:/home/hermes/Hermes/hermes_ws/install/hermes_interfaces/lib:/opt/ros/humble/opt/rviz_ogre_vendor/lib:/opt/ros/humble/lib/aarch64-linux-gnu:/opt/ros/humble/lib:/usr/local/cuda-12.2/lib64 /usr/bin/cmake /home/hermes/Hermes/hermes_ws/src/lidar_publisher/ldlidar_node -DAMENT_CMAKE_SYMLINK_INSTALL=1 -DCMAKE_INSTALL_PREFIX=/home/hermes/Hermes/hermes_ws/install/ldlidar_node
[0.151s] --  * Release Mode
[0.151s] -- * Found ROS2 humble
[0.151s] -- * ROS2 humble is officially supported by this package.
[0.151s] -- Found ament_cmake: 1.3.10 (/opt/ros/humble/share/ament_cmake/cmake)
[0.564s] -- Override CMake install command with custom implementation using symlinks instead of copying resources
[0.593s] -- Found rclcpp: 16.0.10 (/opt/ros/humble/share/rclcpp/cmake)
[0.683s] -- Found rosidl_generator_c: 3.1.5 (/opt/ros/humble/share/rosidl_generator_c/cmake)
[0.692s] -- Found rosidl_adapter: 3.1.5 (/opt/ros/humble/share/rosidl_adapter/cmake)
[0.711s] -- Found rosidl_generator_cpp: 3.1.5 (/opt/ros/humble/share/rosidl_generator_cpp/cmake)
[0.737s] -- Using all available rosidl_typesupport_c: rosidl_typesupport_fastrtps_c;rosidl_typesupport_introspection_c
[0.779s] -- Using all available rosidl_typesupport_cpp: rosidl_typesupport_fastrtps_cpp;rosidl_typesupport_introspection_cpp
[0.871s] -- Found rmw_implementation_cmake: 6.1.2 (/opt/ros/humble/share/rmw_implementation_cmake/cmake)
[0.875s] -- Found rmw_fastrtps_cpp: 6.2.7 (/opt/ros/humble/share/rmw_fastrtps_cpp/cmake)
[1.192s] -- Using RMW implementation 'rmw_fastrtps_cpp' as default
[1.312s] -- Found rclcpp_components: 16.0.10 (/opt/ros/humble/share/rclcpp_components/cmake)
[1.351s] -- Found rclcpp_lifecycle: 16.0.10 (/opt/ros/humble/share/rclcpp_lifecycle/cmake)
[1.390s] -- Found ldlidar_component: 0.2.0 (/home/hermes/Hermes/hermes_ws/install/ldlidar_component/share/ldlidar_component/cmake)
[1.807s] -- Found eigen3_cmake_module: 0.1.1 (/opt/ros/humble/share/eigen3_cmake_module/cmake)
[1.811s] -- Ensuring Eigen3 include directory is part of orocos-kdl CMake target
[1.944s] -- Found ament_lint_auto: 0.12.11 (/opt/ros/humble/share/ament_lint_auto/cmake)
[2.333s] -- Found python_cmake_module: 0.10.0 (/opt/ros/humble/share/python_cmake_module/cmake)
[2.401s] -- Using PYTHON_EXECUTABLE: /usr/bin/python3
[2.402s] -- Using PYTHON_INCLUDE_DIRS: /usr/include/python3.10
[2.402s] -- Using PYTHON_LIBRARIES: /usr/lib/aarch64-linux-gnu/libpython3.10.so
[2.412s] -- Added test 'copyright' to check source files copyright and LICENSE
[2.415s] -- Added test 'cppcheck' to perform static code analysis on C / C++ code
[2.416s] -- Configured cppcheck include dirs: 
[2.416s] -- Configured cppcheck exclude dirs and/or files: 
[2.419s] -- Added test 'cpplint' to check C / C++ code against the Google style
[2.420s] -- Configured cpplint exclude dirs and/or files: 
[2.420s] -- Added test 'flake8' to check Python code syntax and style conventions
[2.422s] -- Added test 'lint_cmake' to check CMake code style
[2.423s] -- Added test 'pep257' to check Python code against some of the docstring style conventions in PEP 257
[2.425s] -- Added test 'uncrustify' to check C / C++ code style
[2.425s] -- Configured uncrustify additional arguments: 
[2.426s] -- Added test 'xmllint' to check XML markup files
[2.429s] -- Configuring done
[2.511s] -- Generating done
[2.519s] -- Build files have been written to: /home/hermes/Hermes/hermes_ws/build/ldlidar_node
[2.564s] Invoked command in '/home/hermes/Hermes/hermes_ws/build/ldlidar_node' returned '0': CMAKE_PREFIX_PATH=/home/hermes/Hermes/hermes_ws/install/ldlidar_component:/home/hermes/Hermes/hermes_ws/install/imu_tools:/home/hermes/Hermes/hermes_ws/install/rviz_imu_plugin:/home/hermes/Hermes/hermes_ws/install/ldlidar:/home/hermes/Hermes/hermes_ws/install/ldlidar_node:/home/hermes/Hermes/hermes_ws/install/imu_filter_madgwick:/home/hermes/Hermes/hermes_ws/install/imu_complementary_filter:/home/hermes/Hermes/hermes_ws/install/hermes_urdf:/home/hermes/Hermes/hermes_ws/install/hermes_interfaces:/home/hermes/Hermes/hermes_ws/install/tof_publisher:/home/hermes/Hermes/hermes_ws/install/teleop_control:/home/hermes/Hermes/hermes_ws/install/robot_localization_pkg:/home/hermes/Hermes/hermes_ws/install/path_creator:/home/hermes/Hermes/hermes_ws/install/odometry_publisher:/home/hermes/Hermes/hermes_ws/install/my_tf2_broadcaster:/home/hermes/Hermes/hermes_ws/install/multi_package_launcher:/home/hermes/Hermes/hermes_ws/install/icm20948_publisher:/home/hermes/Hermes/hermes_ws/install/hermes_nav:/home/hermes/Hermes/hermes_ws/install/gps_publisher:/home/hermes/Hermes/hermes_ws/install/cmd_vel:/home/hermes/Hermes/hermes_ws/install/cameras:/opt/ros/humble LD_LIBRARY_PATH=/home/hermes/Hermes/hermes_ws/install/ldlidar_component/lib:/home/hermes/Hermes/hermes_ws/install/rviz_imu_plugin/lib:/home/hermes/Hermes/hermes_ws/install/imu_filter_madgwick/lib:/home/hermes/Hermes/hermes_ws/install/imu_complementary_filter/lib:/home/hermes/Hermes/hermes_ws/install/hermes_interfaces/lib:/opt/ros/humble/opt/rviz_ogre_vendor/lib:/opt/ros/humble/lib/aarch64-linux-gnu:/opt/ros/humble/lib:/usr/local/cuda-12.2/lib64 /usr/bin/cmake /home/hermes/Hermes/hermes_ws/src/lidar_publisher/ldlidar_node -DAMENT_CMAKE_SYMLINK_INSTALL=1 -DCMAKE_INSTALL_PREFIX=/home/hermes/Hermes/hermes_ws/install/ldlidar_node
[2.565s] Invoking command in '/home/hermes/Hermes/hermes_ws/build/ldlidar_node': CMAKE_PREFIX_PATH=/home/hermes/Hermes/hermes_ws/install/ldlidar_component:/home/hermes/Hermes/hermes_ws/install/imu_tools:/home/hermes/Hermes/hermes_ws/install/rviz_imu_plugin:/home/hermes/Hermes/hermes_ws/install/ldlidar:/home/hermes/Hermes/hermes_ws/install/ldlidar_node:/home/hermes/Hermes/hermes_ws/install/imu_filter_madgwick:/home/hermes/Hermes/hermes_ws/install/imu_complementary_filter:/home/hermes/Hermes/hermes_ws/install/hermes_urdf:/home/hermes/Hermes/hermes_ws/install/hermes_interfaces:/home/hermes/Hermes/hermes_ws/install/tof_publisher:/home/hermes/Hermes/hermes_ws/install/teleop_control:/home/hermes/Hermes/hermes_ws/install/robot_localization_pkg:/home/hermes/Hermes/hermes_ws/install/path_creator:/home/hermes/Hermes/hermes_ws/install/odometry_publisher:/home/hermes/Hermes/hermes_ws/install/my_tf2_broadcaster:/home/hermes/Hermes/hermes_ws/install/multi_package_launcher:/home/hermes/Hermes/hermes_ws/install/icm20948_publisher:/home/hermes/Hermes/hermes_ws/install/hermes_nav:/home/hermes/Hermes/hermes_ws/install/gps_publisher:/home/hermes/Hermes/hermes_ws/install/cmd_vel:/home/hermes/Hermes/hermes_ws/install/cameras:/opt/ros/humble LD_LIBRARY_PATH=/home/hermes/Hermes/hermes_ws/install/ldlidar_component/lib:/home/hermes/Hermes/hermes_ws/install/rviz_imu_plugin/lib:/home/hermes/Hermes/hermes_ws/install/imu_filter_madgwick/lib:/home/hermes/Hermes/hermes_ws/install/imu_complementary_filter/lib:/home/hermes/Hermes/hermes_ws/install/hermes_interfaces/lib:/opt/ros/humble/opt/rviz_ogre_vendor/lib:/opt/ros/humble/lib/aarch64-linux-gnu:/opt/ros/humble/lib:/usr/local/cuda-12.2/lib64 /usr/bin/cmake --build /home/hermes/Hermes/hermes_ws/build/ldlidar_node -- -j6 -l6
[2.678s] [35m[1mConsolidate compiler generated dependencies of target ldlidar_node[0m
[2.759s] [100%] Built target ldlidar_node
[2.810s] Invoked command in '/home/hermes/Hermes/hermes_ws/build/ldlidar_node' returned '0': CMAKE_PREFIX_PATH=/home/hermes/Hermes/hermes_ws/install/ldlidar_component:/home/hermes/Hermes/hermes_ws/install/imu_tools:/home/hermes/Hermes/hermes_ws/install/rviz_imu_plugin:/home/hermes/Hermes/hermes_ws/install/ldlidar:/home/hermes/Hermes/hermes_ws/install/ldlidar_node:/home/hermes/Hermes/hermes_ws/install/imu_filter_madgwick:/home/hermes/Hermes/hermes_ws/install/imu_complementary_filter:/home/hermes/Hermes/hermes_ws/install/hermes_urdf:/home/hermes/Hermes/hermes_ws/install/hermes_interfaces:/home/hermes/Hermes/hermes_ws/install/tof_publisher:/home/hermes/Hermes/hermes_ws/install/teleop_control:/home/hermes/Hermes/hermes_ws/install/robot_localization_pkg:/home/hermes/Hermes/hermes_ws/install/path_creator:/home/hermes/Hermes/hermes_ws/install/odometry_publisher:/home/hermes/Hermes/hermes_ws/install/my_tf2_broadcaster:/home/hermes/Hermes/hermes_ws/install/multi_package_launcher:/home/hermes/Hermes/hermes_ws/install/icm20948_publisher:/home/hermes/Hermes/hermes_ws/install/hermes_nav:/home/hermes/Hermes/hermes_ws/install/gps_publisher:/home/hermes/Hermes/hermes_ws/install/cmd_vel:/home/hermes/Hermes/hermes_ws/install/cameras:/opt/ros/humble LD_LIBRARY_PATH=/home/hermes/Hermes/hermes_ws/install/ldlidar_component/lib:/home/hermes/Hermes/hermes_ws/install/rviz_imu_plugin/lib:/home/hermes/Hermes/hermes_ws/install/imu_filter_madgwick/lib:/home/hermes/Hermes/hermes_ws/install/imu_complementary_filter/lib:/home/hermes/Hermes/hermes_ws/install/hermes_interfaces/lib:/opt/ros/humble/opt/rviz_ogre_vendor/lib:/opt/ros/humble/lib/aarch64-linux-gnu:/opt/ros/humble/lib:/usr/local/cuda-12.2/lib64 /usr/bin/cmake --build /home/hermes/Hermes/hermes_ws/build/ldlidar_node -- -j6 -l6
[2.923s] Invoking command in '/home/hermes/Hermes/hermes_ws/build/ldlidar_node': CMAKE_PREFIX_PATH=/home/hermes/Hermes/hermes_ws/install/ldlidar_component:/home/hermes/Hermes/hermes_ws/install/imu_tools:/home/hermes/Hermes/hermes_ws/install/rviz_imu_plugin:/home/hermes/Hermes/hermes_ws/install/ldlidar:/home/hermes/Hermes/hermes_ws/install/ldlidar_node:/home/hermes/Hermes/hermes_ws/install/imu_filter_madgwick:/home/hermes/Hermes/hermes_ws/install/imu_complementary_filter:/home/hermes/Hermes/hermes_ws/install/hermes_urdf:/home/hermes/Hermes/hermes_ws/install/hermes_interfaces:/home/hermes/Hermes/hermes_ws/install/tof_publisher:/home/hermes/Hermes/hermes_ws/install/teleop_control:/home/hermes/Hermes/hermes_ws/install/robot_localization_pkg:/home/hermes/Hermes/hermes_ws/install/path_creator:/home/hermes/Hermes/hermes_ws/install/odometry_publisher:/home/hermes/Hermes/hermes_ws/install/my_tf2_broadcaster:/home/hermes/Hermes/hermes_ws/install/multi_package_launcher:/home/hermes/Hermes/hermes_ws/install/icm20948_publisher:/home/hermes/Hermes/hermes_ws/install/hermes_nav:/home/hermes/Hermes/hermes_ws/install/gps_publisher:/home/hermes/Hermes/hermes_ws/install/cmd_vel:/home/hermes/Hermes/hermes_ws/install/cameras:/opt/ros/humble LD_LIBRARY_PATH=/home/hermes/Hermes/hermes_ws/install/ldlidar_component/lib:/home/hermes/Hermes/hermes_ws/install/rviz_imu_plugin/lib:/home/hermes/Hermes/hermes_ws/install/imu_filter_madgwick/lib:/home/hermes/Hermes/hermes_ws/install/imu_complementary_filter/lib:/home/hermes/Hermes/hermes_ws/install/hermes_interfaces/lib:/opt/ros/humble/opt/rviz_ogre_vendor/lib:/opt/ros/humble/lib/aarch64-linux-gnu:/opt/ros/humble/lib:/usr/local/cuda-12.2/lib64 /usr/bin/cmake --install /home/hermes/Hermes/hermes_ws/build/ldlidar_node
[2.943s] -- Install configuration: "Release"
[2.944s] -- Execute custom install script
[2.945s] -- Symlinking: /home/hermes/Hermes/hermes_ws/install/ldlidar_node/lib/ldlidar_node/ldlidar_node
[2.971s] -- Symlinking: /home/hermes/Hermes/hermes_ws/install/ldlidar_node/share/ldlidar_node/params/ldlidar.yaml
[2.994s] -- Symlinking: /home/hermes/Hermes/hermes_ws/install/ldlidar_node/share/ldlidar_node/params/lifecycle_mgr.yaml
[3.014s] -- Symlinking: /home/hermes/Hermes/hermes_ws/install/ldlidar_node/share/ldlidar_node/params/lifecycle_mgr_slam.yaml
[3.045s] -- Symlinking: /home/hermes/Hermes/hermes_ws/install/ldlidar_node/share/ldlidar_node/params/slam_toolbox.yaml
[3.066s] -- Symlinking: /home/hermes/Hermes/hermes_ws/install/ldlidar_node/share/ldlidar_node/config/ldlidar.rviz
[3.088s] -- Symlinking: /home/hermes/Hermes/hermes_ws/install/ldlidar_node/share/ldlidar_node/config/ldlidar_slam.rviz
[3.119s] -- Symlinking: /home/hermes/Hermes/hermes_ws/install/ldlidar_node/share/ldlidar_node/urdf/ldlidar_descr.urdf.xml
[3.139s] -- Symlinking: /home/hermes/Hermes/hermes_ws/install/ldlidar_node/share/ldlidar_node/urdf/model/LD19.stl
[3.159s] -- Symlinking: /home/hermes/Hermes/hermes_ws/install/ldlidar_node/share/ldlidar_node/launch/ldlidar.launch.py
[3.179s] -- Symlinking: /home/hermes/Hermes/hermes_ws/install/ldlidar_node/share/ldlidar_node/launch/ldlidar_rviz2.launch.py
[3.198s] -- Symlinking: /home/hermes/Hermes/hermes_ws/install/ldlidar_node/share/ldlidar_node/launch/ldlidar_slam.launch.py
[3.218s] -- Symlinking: /home/hermes/Hermes/hermes_ws/install/ldlidar_node/share/ldlidar_node/launch/ldlidar_with_mgr.launch.py
[3.238s] -- Symlinking: /home/hermes/Hermes/hermes_ws/install/ldlidar_node/share/ament_index/resource_index/package_run_dependencies/ldlidar_node
[3.258s] -- Symlinking: /home/hermes/Hermes/hermes_ws/install/ldlidar_node/share/ament_index/resource_index/parent_prefix_path/ldlidar_node
[3.279s] -- Symlinking: /home/hermes/Hermes/hermes_ws/install/ldlidar_node/share/ldlidar_node/environment/ament_prefix_path.sh
[3.301s] -- Symlinking: /home/hermes/Hermes/hermes_ws/install/ldlidar_node/share/ldlidar_node/environment/ament_prefix_path.dsv
[3.320s] -- Symlinking: /home/hermes/Hermes/hermes_ws/install/ldlidar_node/share/ldlidar_node/environment/path.sh
[3.339s] -- Symlinking: /home/hermes/Hermes/hermes_ws/install/ldlidar_node/share/ldlidar_node/environment/path.dsv
[3.356s] -- Symlinking: /home/hermes/Hermes/hermes_ws/install/ldlidar_node/share/ldlidar_node/local_setup.bash
[3.374s] -- Symlinking: /home/hermes/Hermes/hermes_ws/install/ldlidar_node/share/ldlidar_node/local_setup.sh
[3.393s] -- Symlinking: /home/hermes/Hermes/hermes_ws/install/ldlidar_node/share/ldlidar_node/local_setup.zsh
[3.412s] -- Symlinking: /home/hermes/Hermes/hermes_ws/install/ldlidar_node/share/ldlidar_node/local_setup.dsv
[3.430s] -- Symlinking: /home/hermes/Hermes/hermes_ws/install/ldlidar_node/share/ldlidar_node/package.dsv
[3.449s] -- Symlinking: /home/hermes/Hermes/hermes_ws/install/ldlidar_node/share/ament_index/resource_index/packages/ldlidar_node
[3.468s] -- Symlinking: /home/hermes/Hermes/hermes_ws/install/ldlidar_node/share/ldlidar_node/cmake/ldlidar_nodeConfig.cmake
[3.491s] -- Symlinking: /home/hermes/Hermes/hermes_ws/install/ldlidar_node/share/ldlidar_node/cmake/ldlidar_nodeConfig-version.cmake
[3.515s] -- Symlinking: /home/hermes/Hermes/hermes_ws/install/ldlidar_node/share/ldlidar_node/package.xml
