[0.082s] Invoking command in '/home/hermes/Hermes/hermes_ws/build/hermes_urdf': CMAKE_PREFIX_PATH=${CMAKE_PREFIX_PATH}:/home/hermes/Hermes/hermes_ws/src/install/tof_publisher:/home/hermes/Hermes/hermes_ws/src/install/teleop_control:/home/hermes/Hermes/hermes_ws/src/install/robot_localization_pkg:/home/hermes/Hermes/hermes_ws/src/install/path_creator:/home/hermes/Hermes/hermes_ws/src/install/my_tf2_broadcaster:/home/hermes/Hermes/hermes_ws/src/install/multi_package_launcher:/home/hermes/Hermes/hermes_ws/src/install/icm20948_publisher:/home/hermes/Hermes/hermes_ws/src/install/hermes_nav:/home/hermes/Hermes/hermes_ws/src/install/gps_publisher:/home/hermes/Hermes/hermes_ws/src/install/cmd_vel:/home/hermes/Hermes/hermes_ws/src/install/cameras:/home/hermes/Hermes/hermes_ws/install/multi_package_launcher:/home/hermes/Hermes/hermes_ws/install/tof_publisher:/home/hermes/Hermes/hermes_ws/install/teleop_control:/home/hermes/Hermes/hermes_ws/install/robot_localization_pkg:/home/hermes/Hermes/hermes_ws/install/path_creator:/home/hermes/Hermes/hermes_ws/install/my_tf2_broadcaster:/home/hermes/Hermes/hermes_ws/install/icm20948_publisher:/home/hermes/Hermes/hermes_ws/install/hermes_nav:/home/hermes/Hermes/hermes_ws/install/gps_publisher:/home/hermes/Hermes/hermes_ws/install/cmd_vel:/home/hermes/Hermes/hermes_ws/install/cameras:/opt/ros/humble /usr/bin/cmake /home/hermes/Hermes/hermes_ws/src/hermes_urdf -DCMAKE_INSTALL_PREFIX=/home/hermes/Hermes/hermes_ws/install/hermes_urdf
[12.902s] -- The C compiler identification is GNU 11.4.0
[12.902s] -- The CXX compiler identification is GNU 11.4.0
[12.903s] -- Detecting C compiler ABI info
[12.903s] -- Detecting C compiler ABI info - done
[12.903s] -- Check for working C compiler: /usr/bin/cc - skipped
[12.903s] -- Detecting C compile features
[12.903s] -- Detecting C compile features - done
[12.903s] -- Detecting CXX compiler ABI info
[12.903s] -- Detecting CXX compiler ABI info - done
[12.903s] -- Check for working CXX compiler: /usr/bin/c++ - skipped
[12.904s] -- Detecting CXX compile features
[12.904s] -- Detecting CXX compile features - done
[12.904s] -- Found ament_cmake: 1.3.9 (/opt/ros/humble/share/ament_cmake/cmake)
[12.904s] -- Found Python3: /usr/bin/python3 (found version "3.10.12") found components: Interpreter 
[12.904s] -- Found ament_lint_auto: 0.12.11 (/opt/ros/humble/share/ament_lint_auto/cmake)
[12.904s] -- Added test 'flake8' to check Python code syntax and style conventions
[12.904s] -- Added test 'lint_cmake' to check CMake code style
[12.905s] -- Added test 'pep257' to check Python code against some of the docstring style conventions in PEP 257
[12.906s] -- Added test 'xmllint' to check XML markup files
[12.907s] -- Configuring done
[12.915s] -- Generating done
[12.915s] -- Build files have been written to: /home/hermes/Hermes/hermes_ws/build/hermes_urdf
[12.934s] Invoked command in '/home/hermes/Hermes/hermes_ws/build/hermes_urdf' returned '0': CMAKE_PREFIX_PATH=${CMAKE_PREFIX_PATH}:/home/hermes/Hermes/hermes_ws/src/install/tof_publisher:/home/hermes/Hermes/hermes_ws/src/install/teleop_control:/home/hermes/Hermes/hermes_ws/src/install/robot_localization_pkg:/home/hermes/Hermes/hermes_ws/src/install/path_creator:/home/hermes/Hermes/hermes_ws/src/install/my_tf2_broadcaster:/home/hermes/Hermes/hermes_ws/src/install/multi_package_launcher:/home/hermes/Hermes/hermes_ws/src/install/icm20948_publisher:/home/hermes/Hermes/hermes_ws/src/install/hermes_nav:/home/hermes/Hermes/hermes_ws/src/install/gps_publisher:/home/hermes/Hermes/hermes_ws/src/install/cmd_vel:/home/hermes/Hermes/hermes_ws/src/install/cameras:/home/hermes/Hermes/hermes_ws/install/multi_package_launcher:/home/hermes/Hermes/hermes_ws/install/tof_publisher:/home/hermes/Hermes/hermes_ws/install/teleop_control:/home/hermes/Hermes/hermes_ws/install/robot_localization_pkg:/home/hermes/Hermes/hermes_ws/install/path_creator:/home/hermes/Hermes/hermes_ws/install/my_tf2_broadcaster:/home/hermes/Hermes/hermes_ws/install/icm20948_publisher:/home/hermes/Hermes/hermes_ws/install/hermes_nav:/home/hermes/Hermes/hermes_ws/install/gps_publisher:/home/hermes/Hermes/hermes_ws/install/cmd_vel:/home/hermes/Hermes/hermes_ws/install/cameras:/opt/ros/humble /usr/bin/cmake /home/hermes/Hermes/hermes_ws/src/hermes_urdf -DCMAKE_INSTALL_PREFIX=/home/hermes/Hermes/hermes_ws/install/hermes_urdf
[12.948s] Invoking command in '/home/hermes/Hermes/hermes_ws/build/hermes_urdf': CMAKE_PREFIX_PATH=${CMAKE_PREFIX_PATH}:/home/hermes/Hermes/hermes_ws/src/install/tof_publisher:/home/hermes/Hermes/hermes_ws/src/install/teleop_control:/home/hermes/Hermes/hermes_ws/src/install/robot_localization_pkg:/home/hermes/Hermes/hermes_ws/src/install/path_creator:/home/hermes/Hermes/hermes_ws/src/install/my_tf2_broadcaster:/home/hermes/Hermes/hermes_ws/src/install/multi_package_launcher:/home/hermes/Hermes/hermes_ws/src/install/icm20948_publisher:/home/hermes/Hermes/hermes_ws/src/install/hermes_nav:/home/hermes/Hermes/hermes_ws/src/install/gps_publisher:/home/hermes/Hermes/hermes_ws/src/install/cmd_vel:/home/hermes/Hermes/hermes_ws/src/install/cameras:/home/hermes/Hermes/hermes_ws/install/multi_package_launcher:/home/hermes/Hermes/hermes_ws/install/tof_publisher:/home/hermes/Hermes/hermes_ws/install/teleop_control:/home/hermes/Hermes/hermes_ws/install/robot_localization_pkg:/home/hermes/Hermes/hermes_ws/install/path_creator:/home/hermes/Hermes/hermes_ws/install/my_tf2_broadcaster:/home/hermes/Hermes/hermes_ws/install/icm20948_publisher:/home/hermes/Hermes/hermes_ws/install/hermes_nav:/home/hermes/Hermes/hermes_ws/install/gps_publisher:/home/hermes/Hermes/hermes_ws/install/cmd_vel:/home/hermes/Hermes/hermes_ws/install/cameras:/opt/ros/humble /usr/bin/cmake --build /home/hermes/Hermes/hermes_ws/build/hermes_urdf -- -j6 -l6
[13.162s] Invoked command in '/home/hermes/Hermes/hermes_ws/build/hermes_urdf' returned '0': CMAKE_PREFIX_PATH=${CMAKE_PREFIX_PATH}:/home/hermes/Hermes/hermes_ws/src/install/tof_publisher:/home/hermes/Hermes/hermes_ws/src/install/teleop_control:/home/hermes/Hermes/hermes_ws/src/install/robot_localization_pkg:/home/hermes/Hermes/hermes_ws/src/install/path_creator:/home/hermes/Hermes/hermes_ws/src/install/my_tf2_broadcaster:/home/hermes/Hermes/hermes_ws/src/install/multi_package_launcher:/home/hermes/Hermes/hermes_ws/src/install/icm20948_publisher:/home/hermes/Hermes/hermes_ws/src/install/hermes_nav:/home/hermes/Hermes/hermes_ws/src/install/gps_publisher:/home/hermes/Hermes/hermes_ws/src/install/cmd_vel:/home/hermes/Hermes/hermes_ws/src/install/cameras:/home/hermes/Hermes/hermes_ws/install/multi_package_launcher:/home/hermes/Hermes/hermes_ws/install/tof_publisher:/home/hermes/Hermes/hermes_ws/install/teleop_control:/home/hermes/Hermes/hermes_ws/install/robot_localization_pkg:/home/hermes/Hermes/hermes_ws/install/path_creator:/home/hermes/Hermes/hermes_ws/install/my_tf2_broadcaster:/home/hermes/Hermes/hermes_ws/install/icm20948_publisher:/home/hermes/Hermes/hermes_ws/install/hermes_nav:/home/hermes/Hermes/hermes_ws/install/gps_publisher:/home/hermes/Hermes/hermes_ws/install/cmd_vel:/home/hermes/Hermes/hermes_ws/install/cameras:/opt/ros/humble /usr/bin/cmake --build /home/hermes/Hermes/hermes_ws/build/hermes_urdf -- -j6 -l6
[13.496s] Invoking command in '/home/hermes/Hermes/hermes_ws/build/hermes_urdf': CMAKE_PREFIX_PATH=${CMAKE_PREFIX_PATH}:/home/hermes/Hermes/hermes_ws/src/install/tof_publisher:/home/hermes/Hermes/hermes_ws/src/install/teleop_control:/home/hermes/Hermes/hermes_ws/src/install/robot_localization_pkg:/home/hermes/Hermes/hermes_ws/src/install/path_creator:/home/hermes/Hermes/hermes_ws/src/install/my_tf2_broadcaster:/home/hermes/Hermes/hermes_ws/src/install/multi_package_launcher:/home/hermes/Hermes/hermes_ws/src/install/icm20948_publisher:/home/hermes/Hermes/hermes_ws/src/install/hermes_nav:/home/hermes/Hermes/hermes_ws/src/install/gps_publisher:/home/hermes/Hermes/hermes_ws/src/install/cmd_vel:/home/hermes/Hermes/hermes_ws/src/install/cameras:/home/hermes/Hermes/hermes_ws/install/multi_package_launcher:/home/hermes/Hermes/hermes_ws/install/tof_publisher:/home/hermes/Hermes/hermes_ws/install/teleop_control:/home/hermes/Hermes/hermes_ws/install/robot_localization_pkg:/home/hermes/Hermes/hermes_ws/install/path_creator:/home/hermes/Hermes/hermes_ws/install/my_tf2_broadcaster:/home/hermes/Hermes/hermes_ws/install/icm20948_publisher:/home/hermes/Hermes/hermes_ws/install/hermes_nav:/home/hermes/Hermes/hermes_ws/install/gps_publisher:/home/hermes/Hermes/hermes_ws/install/cmd_vel:/home/hermes/Hermes/hermes_ws/install/cameras:/opt/ros/humble /usr/bin/cmake --install /home/hermes/Hermes/hermes_ws/build/hermes_urdf
[13.538s] -- Install configuration: ""
[13.539s] -- Installing: /home/hermes/Hermes/hermes_ws/install/hermes_urdf/share/hermes_urdf/launch
[13.539s] -- Installing: /home/hermes/Hermes/hermes_ws/install/hermes_urdf/share/hermes_urdf/launch/interactive_waypoint_follower.py
[13.546s] -- Installing: /home/hermes/Hermes/hermes_ws/install/hermes_urdf/share/hermes_urdf/launch/launch_sim.launch.py
[13.547s] -- Installing: /home/hermes/Hermes/hermes_ws/install/hermes_urdf/share/hermes_urdf/launch/dual_ekf_navsat.launch.py
[13.547s] -- Installing: /home/hermes/Hermes/hermes_ws/install/hermes_urdf/share/hermes_urdf/launch/gps_waypoint_follower.launch.py
[13.547s] -- Installing: /home/hermes/Hermes/hermes_ws/install/hermes_urdf/share/hermes_urdf/launch/mapviz.launch.py
[13.548s] -- Installing: /home/hermes/Hermes/hermes_ws/install/hermes_urdf/share/hermes_urdf/launch/logged_waypoint_follower.py
[13.548s] -- Installing: /home/hermes/Hermes/hermes_ws/install/hermes_urdf/share/hermes_urdf/launch/gazebo_gps_world_hermes.launch.py
[13.548s] -- Installing: /home/hermes/Hermes/hermes_ws/install/hermes_urdf/share/hermes_urdf/launch/rsp.launch.py
[13.549s] -- Installing: /home/hermes/Hermes/hermes_ws/install/hermes_urdf/share/hermes_urdf/launch/gps_waypoint_logger.py
[13.549s] -- Installing: /home/hermes/Hermes/hermes_ws/install/hermes_urdf/share/hermes_urdf/urdf
[13.549s] -- Installing: /home/hermes/Hermes/hermes_ws/install/hermes_urdf/share/hermes_urdf/urdf/kere.stl
[13.550s] -- Installing: /home/hermes/Hermes/hermes_ws/install/hermes_urdf/share/hermes_urdf/urdf/hermes.urdf
[13.551s] -- Installing: /home/hermes/Hermes/hermes_ws/install/hermes_urdf/share/hermes_urdf/urdf/ld19.stl
[13.557s] -- Installing: /home/hermes/Hermes/hermes_ws/install/hermes_urdf/share/hermes_urdf/urdf/rehv.part
[13.569s] -- Installing: /home/hermes/Hermes/hermes_ws/install/hermes_urdf/share/hermes_urdf/urdf/ld19.part
[13.570s] -- Installing: /home/hermes/Hermes/hermes_ws/install/hermes_urdf/share/hermes_urdf/urdf/config.rviz
[13.570s] -- Installing: /home/hermes/Hermes/hermes_ws/install/hermes_urdf/share/hermes_urdf/urdf/hermes_model.sdf
[13.570s] -- Installing: /home/hermes/Hermes/hermes_ws/install/hermes_urdf/share/hermes_urdf/urdf/.robot.urdf.swp
[13.571s] -- Installing: /home/hermes/Hermes/hermes_ws/install/hermes_urdf/share/hermes_urdf/urdf/kere.part
[13.571s] -- Installing: /home/hermes/Hermes/hermes_ws/install/hermes_urdf/share/hermes_urdf/urdf/liigend.stl
[13.572s] -- Installing: /home/hermes/Hermes/hermes_ws/install/hermes_urdf/share/hermes_urdf/urdf/rehv.stl
[13.573s] -- Installing: /home/hermes/Hermes/hermes_ws/install/hermes_urdf/share/hermes_urdf/urdf/config.json
[13.573s] -- Installing: /home/hermes/Hermes/hermes_ws/install/hermes_urdf/share/hermes_urdf/urdf/__init__.py
[13.573s] -- Installing: /home/hermes/Hermes/hermes_ws/install/hermes_urdf/share/hermes_urdf/urdf/gazebo.material
[13.574s] -- Installing: /home/hermes/Hermes/hermes_ws/install/hermes_urdf/share/hermes_urdf/urdf/my_world.sdf
[13.574s] -- Installing: /home/hermes/Hermes/hermes_ws/install/hermes_urdf/share/hermes_urdf/urdf/robot.urdf
[13.575s] -- Installing: /home/hermes/Hermes/hermes_ws/install/hermes_urdf/share/hermes_urdf/urdf/liigend.part
[13.575s] -- Installing: /home/hermes/Hermes/hermes_ws/install/hermes_urdf/share/hermes_urdf/urdf/hermes_model.urdf
[13.575s] -- Installing: /home/hermes/Hermes/hermes_ws/install/hermes_urdf/share/hermes_urdf/params
[13.576s] -- Installing: /home/hermes/Hermes/hermes_ws/install/hermes_urdf/share/hermes_urdf/params/dual_ekf_navsat_params.yaml
[13.576s] -- Installing: /home/hermes/Hermes/hermes_ws/install/hermes_urdf/share/hermes_urdf/params/demo_waypoints.yaml
[13.576s] -- Installing: /home/hermes/Hermes/hermes_ws/install/hermes_urdf/share/hermes_urdf/params/test.mvc
[13.577s] -- Installing: /home/hermes/Hermes/hermes_ws/install/hermes_urdf/share/hermes_urdf/params/gps_wpf_demo.mvc
[13.577s] -- Installing: /home/hermes/Hermes/hermes_ws/install/hermes_urdf/share/hermes_urdf/params/nav2_no_map_params.yaml
[13.577s] -- Installing: /home/hermes/Hermes/hermes_ws/install/hermes_urdf/share/hermes_urdf/custom_ground_plane
[13.578s] -- Installing: /home/hermes/Hermes/hermes_ws/install/hermes_urdf/share/hermes_urdf/custom_ground_plane/image_png.config
[13.578s] -- Installing: /home/hermes/Hermes/hermes_ws/install/hermes_urdf/share/hermes_urdf/custom_ground_plane/materials
[13.578s] -- Installing: /home/hermes/Hermes/hermes_ws/install/hermes_urdf/share/hermes_urdf/custom_ground_plane/materials/scripts
[13.578s] -- Installing: /home/hermes/Hermes/hermes_ws/install/hermes_urdf/share/hermes_urdf/custom_ground_plane/materials/scripts/ground.material
[13.579s] -- Installing: /home/hermes/Hermes/hermes_ws/install/hermes_urdf/share/hermes_urdf/custom_ground_plane/materials/textures
[13.579s] -- Installing: /home/hermes/Hermes/hermes_ws/install/hermes_urdf/share/hermes_urdf/custom_ground_plane/materials/textures/image.png
[13.585s] -- Installing: /home/hermes/Hermes/hermes_ws/install/hermes_urdf/share/hermes_urdf/custom_ground_plane/my_world.config
[13.585s] -- Installing: /home/hermes/Hermes/hermes_ws/install/hermes_urdf/share/hermes_urdf/custom_ground_plane/image_png.sdf
[13.597s] -- Installing: /home/hermes/Hermes/hermes_ws/install/hermes_urdf/share/hermes_urdf/custom_ground_plane/my_world.sdf
[13.598s] -- Installing: /home/hermes/Hermes/hermes_ws/install/hermes_urdf/share/hermes_urdf/historical_launch_files
[13.598s] -- Installing: /home/hermes/Hermes/hermes_ws/install/hermes_urdf/share/hermes_urdf/historical_launch_files/gazebo_world.launch.py
[13.598s] -- Installing: /home/hermes/Hermes/hermes_ws/install/hermes_urdf/share/hermes_urdf/historical_launch_files/hermes_launch.py
[13.599s] -- Installing: /home/hermes/Hermes/hermes_ws/install/hermes_urdf/share/hermes_urdf/historical_launch_files/gazebo_model.launch.py
[13.599s] -- Installing: /home/hermes/Hermes/hermes_ws/install/hermes_urdf/share/ament_index/resource_index/package_run_dependencies/hermes_urdf
[13.599s] -- Installing: /home/hermes/Hermes/hermes_ws/install/hermes_urdf/share/ament_index/resource_index/parent_prefix_path/hermes_urdf
[13.600s] -- Installing: /home/hermes/Hermes/hermes_ws/install/hermes_urdf/share/hermes_urdf/environment/ament_prefix_path.sh
[13.600s] -- Installing: /home/hermes/Hermes/hermes_ws/install/hermes_urdf/share/hermes_urdf/environment/ament_prefix_path.dsv
[13.600s] -- Installing: /home/hermes/Hermes/hermes_ws/install/hermes_urdf/share/hermes_urdf/environment/path.sh
[13.601s] -- Installing: /home/hermes/Hermes/hermes_ws/install/hermes_urdf/share/hermes_urdf/environment/path.dsv
[13.601s] -- Installing: /home/hermes/Hermes/hermes_ws/install/hermes_urdf/share/hermes_urdf/local_setup.bash
[13.601s] -- Installing: /home/hermes/Hermes/hermes_ws/install/hermes_urdf/share/hermes_urdf/local_setup.sh
[13.601s] -- Installing: /home/hermes/Hermes/hermes_ws/install/hermes_urdf/share/hermes_urdf/local_setup.zsh
[13.602s] -- Installing: /home/hermes/Hermes/hermes_ws/install/hermes_urdf/share/hermes_urdf/local_setup.dsv
[13.602s] -- Installing: /home/hermes/Hermes/hermes_ws/install/hermes_urdf/share/hermes_urdf/package.dsv
[13.602s] -- Installing: /home/hermes/Hermes/hermes_ws/install/hermes_urdf/share/ament_index/resource_index/packages/hermes_urdf
[13.603s] -- Installing: /home/hermes/Hermes/hermes_ws/install/hermes_urdf/share/hermes_urdf/cmake/hermes_urdfConfig.cmake
[13.603s] -- Installing: /home/hermes/Hermes/hermes_ws/install/hermes_urdf/share/hermes_urdf/cmake/hermes_urdfConfig-version.cmake
[13.603s] -- Installing: /home/hermes/Hermes/hermes_ws/install/hermes_urdf/share/hermes_urdf/package.xml
[13.614s] Invoked command in '/home/hermes/Hermes/hermes_ws/build/hermes_urdf' returned '0': CMAKE_PREFIX_PATH=${CMAKE_PREFIX_PATH}:/home/hermes/Hermes/hermes_ws/src/install/tof_publisher:/home/hermes/Hermes/hermes_ws/src/install/teleop_control:/home/hermes/Hermes/hermes_ws/src/install/robot_localization_pkg:/home/hermes/Hermes/hermes_ws/src/install/path_creator:/home/hermes/Hermes/hermes_ws/src/install/my_tf2_broadcaster:/home/hermes/Hermes/hermes_ws/src/install/multi_package_launcher:/home/hermes/Hermes/hermes_ws/src/install/icm20948_publisher:/home/hermes/Hermes/hermes_ws/src/install/hermes_nav:/home/hermes/Hermes/hermes_ws/src/install/gps_publisher:/home/hermes/Hermes/hermes_ws/src/install/cmd_vel:/home/hermes/Hermes/hermes_ws/src/install/cameras:/home/hermes/Hermes/hermes_ws/install/multi_package_launcher:/home/hermes/Hermes/hermes_ws/install/tof_publisher:/home/hermes/Hermes/hermes_ws/install/teleop_control:/home/hermes/Hermes/hermes_ws/install/robot_localization_pkg:/home/hermes/Hermes/hermes_ws/install/path_creator:/home/hermes/Hermes/hermes_ws/install/my_tf2_broadcaster:/home/hermes/Hermes/hermes_ws/install/icm20948_publisher:/home/hermes/Hermes/hermes_ws/install/hermes_nav:/home/hermes/Hermes/hermes_ws/install/gps_publisher:/home/hermes/Hermes/hermes_ws/install/cmd_vel:/home/hermes/Hermes/hermes_ws/install/cameras:/opt/ros/humble /usr/bin/cmake --install /home/hermes/Hermes/hermes_ws/build/hermes_urdf
