[0.000000] (-) TimerEvent: {}
[0.000589] (cameras) JobQueued: {'identifier': 'cameras', 'dependencies': OrderedDict()}
[0.001378] (cmd_vel) JobQueued: {'identifier': 'cmd_vel', 'dependencies': OrderedDict()}
[0.001655] (gps_publisher) JobQueued: {'identifier': 'gps_publisher', 'dependencies': OrderedDict()}
[0.001933] (hermes_interfaces) JobQueued: {'identifier': 'hermes_interfaces', 'dependencies': OrderedDict()}
[0.002027] (hermes_nav) JobQueued: {'identifier': 'hermes_nav', 'dependencies': OrderedDict()}
[0.002103] (hermes_urdf) JobQueued: {'identifier': 'hermes_urdf', 'dependencies': OrderedDict()}
[0.002170] (icm20948_publisher) JobQueued: {'identifier': 'icm20948_publisher', 'dependencies': OrderedDict()}
[0.002258] (ldlidar_component) JobQueued: {'identifier': 'ldlidar_component', 'dependencies': OrderedDict()}
[0.002325] (multi_package_launcher) JobQueued: {'identifier': 'multi_package_launcher', 'dependencies': OrderedDict()}
[0.002392] (my_tf2_broadcaster) JobQueued: {'identifier': 'my_tf2_broadcaster', 'dependencies': OrderedDict()}
[0.002456] (odometry_publisher) JobQueued: {'identifier': 'odometry_publisher', 'dependencies': OrderedDict()}
[0.002521] (path_creator) JobQueued: {'identifier': 'path_creator', 'dependencies': OrderedDict()}
[0.002585] (robot_localization_pkg) JobQueued: {'identifier': 'robot_localization_pkg', 'dependencies': OrderedDict()}
[0.002650] (teleop_control) JobQueued: {'identifier': 'teleop_control', 'dependencies': OrderedDict()}
[0.002717] (tof_publisher) JobQueued: {'identifier': 'tof_publisher', 'dependencies': OrderedDict()}
[0.002783] (ldlidar_node) JobQueued: {'identifier': 'ldlidar_node', 'dependencies': OrderedDict([('ldlidar_component', '/home/hermes/Hermes/hermes_ws/install/ldlidar_component')])}
[0.002854] (ldlidar) JobQueued: {'identifier': 'ldlidar', 'dependencies': OrderedDict([('ldlidar_component', '/home/hermes/Hermes/hermes_ws/install/ldlidar_component'), ('ldlidar_node', '/home/hermes/Hermes/hermes_ws/install/ldlidar_node')])}
[0.002938] (ldlidar_component) JobStarted: {'identifier': 'ldlidar_component'}
[0.017647] (ldlidar_component) JobEnded: {'identifier': 'ldlidar_component', 'rc': 0}
[0.019423] (cameras) JobStarted: {'identifier': 'cameras'}
[0.031987] (cmd_vel) JobStarted: {'identifier': 'cmd_vel'}
[0.043959] (gps_publisher) JobStarted: {'identifier': 'gps_publisher'}
[0.056174] (hermes_interfaces) JobStarted: {'identifier': 'hermes_interfaces'}
[0.065453] (hermes_nav) JobStarted: {'identifier': 'hermes_nav'}
[0.078421] (cameras) JobEnded: {'identifier': 'cameras', 'rc': 'SIGINT'}
[0.079966] (cmd_vel) JobEnded: {'identifier': 'cmd_vel', 'rc': 'SIGINT'}
[0.081234] (gps_publisher) JobEnded: {'identifier': 'gps_publisher', 'rc': 'SIGINT'}
[0.081749] (hermes_interfaces) JobEnded: {'identifier': 'hermes_interfaces', 'rc': 'SIGINT'}
[0.082327] (hermes_nav) JobEnded: {'identifier': 'hermes_nav', 'rc': 'SIGINT'}
[0.091654] (hermes_urdf) JobSkipped: {'identifier': 'hermes_urdf'}
[0.091762] (icm20948_publisher) JobSkipped: {'identifier': 'icm20948_publisher'}
[0.091813] (multi_package_launcher) JobSkipped: {'identifier': 'multi_package_launcher'}
[0.091856] (my_tf2_broadcaster) JobSkipped: {'identifier': 'my_tf2_broadcaster'}
[0.091894] (odometry_publisher) JobSkipped: {'identifier': 'odometry_publisher'}
[0.091929] (path_creator) JobSkipped: {'identifier': 'path_creator'}
[0.091964] (robot_localization_pkg) JobSkipped: {'identifier': 'robot_localization_pkg'}
[0.091999] (teleop_control) JobSkipped: {'identifier': 'teleop_control'}
[0.092033] (tof_publisher) JobSkipped: {'identifier': 'tof_publisher'}
[0.092066] (ldlidar_node) JobSkipped: {'identifier': 'ldlidar_node'}
[0.092099] (ldlidar) JobSkipped: {'identifier': 'ldlidar'}
[0.092136] (-) EventReactorShutdown: {}
