[2.097s] Invoking command in '/home/aleksmalm/Hermes/hermes_ws/src/odometry_publisher': PYTHONPATH=/home/aleksmalm/Hermes/hermes_ws/build/odometry_publisher/prefix_override:/home/aleksmalm/Hermes/hermes_ws/install/odometry_publisher/lib/python3.10/site-packages:${PYTHONPATH} /usr/bin/python3 -W ignore:setup.py install is deprecated setup.py egg_info --egg-base ../../build/odometry_publisher build --build-base /home/aleksmalm/Hermes/hermes_ws/build/odometry_publisher/build install --record /home/aleksmalm/Hermes/hermes_ws/build/odometry_publisher/install.log --single-version-externally-managed install_data
[2.551s] running egg_info
[2.554s] writing ../../build/odometry_publisher/odometry_publisher.egg-info/PKG-INFO
[2.554s] writing dependency_links to ../../build/odometry_publisher/odometry_publisher.egg-info/dependency_links.txt
[2.554s] writing entry points to ../../build/odometry_publisher/odometry_publisher.egg-info/entry_points.txt
[2.555s] writing requirements to ../../build/odometry_publisher/odometry_publisher.egg-info/requires.txt
[2.555s] writing top-level names to ../../build/odometry_publisher/odometry_publisher.egg-info/top_level.txt
[2.558s] reading manifest file '../../build/odometry_publisher/odometry_publisher.egg-info/SOURCES.txt'
[2.559s] writing manifest file '../../build/odometry_publisher/odometry_publisher.egg-info/SOURCES.txt'
[2.559s] running build
[2.559s] running build_py
[2.560s] running install
[2.560s] running install_lib
[2.562s] running install_data
[2.562s] running install_egg_info
[2.565s] removing '/home/aleksmalm/Hermes/hermes_ws/install/odometry_publisher/lib/python3.10/site-packages/odometry_publisher-0.0.0-py3.10.egg-info' (and everything under it)
[2.565s] Copying ../../build/odometry_publisher/odometry_publisher.egg-info to /home/aleksmalm/Hermes/hermes_ws/install/odometry_publisher/lib/python3.10/site-packages/odometry_publisher-0.0.0-py3.10.egg-info
[2.566s] running install_scripts
[2.592s] Installing odometry_publisher script to /home/aleksmalm/Hermes/hermes_ws/install/odometry_publisher/lib/odometry_publisher
[2.593s] writing list of installed files to '/home/aleksmalm/Hermes/hermes_ws/build/odometry_publisher/install.log'
[2.779s] Invoked command in '/home/aleksmalm/Hermes/hermes_ws/src/odometry_publisher' returned '0': PYTHONPATH=/home/aleksmalm/Hermes/hermes_ws/build/odometry_publisher/prefix_override:/home/aleksmalm/Hermes/hermes_ws/install/odometry_publisher/lib/python3.10/site-packages:${PYTHONPATH} /usr/bin/python3 -W ignore:setup.py install is deprecated setup.py egg_info --egg-base ../../build/odometry_publisher build --build-base /home/aleksmalm/Hermes/hermes_ws/build/odometry_publisher/build install --record /home/aleksmalm/Hermes/hermes_ws/build/odometry_publisher/install.log --single-version-externally-managed install_data
