[4.491s] Invoking command in '/home/hermes/Hermes/hermes_ws/src/cameras': PYTHONPATH=/home/hermes/Hermes/hermes_ws/build/cameras/prefix_override:/home/hermes/Hermes/hermes_ws/install/cameras/lib/python3.10/site-packages:${PYTHONPATH} /usr/bin/python3 -W ignore:setup.py install is deprecated setup.py egg_info --egg-base ../../build/cameras build --build-base /home/hermes/Hermes/hermes_ws/build/cameras/build install --record /home/hermes/Hermes/hermes_ws/build/cameras/install.log --single-version-externally-managed install_data
[5.092s] running egg_info
[5.094s] writing ../../build/cameras/cameras.egg-info/PKG-INFO
[5.096s] writing dependency_links to ../../build/cameras/cameras.egg-info/dependency_links.txt
[5.096s] writing entry points to ../../build/cameras/cameras.egg-info/entry_points.txt
[5.097s] writing requirements to ../../build/cameras/cameras.egg-info/requires.txt
[5.098s] writing top-level names to ../../build/cameras/cameras.egg-info/top_level.txt
[5.103s] reading manifest file '../../build/cameras/cameras.egg-info/SOURCES.txt'
[5.104s] adding license file 'LICENSE'
[5.106s] writing manifest file '../../build/cameras/cameras.egg-info/SOURCES.txt'
[5.107s] running build
[5.107s] running build_py
[5.108s] running install
[5.110s] running install_lib
[5.114s] running install_data
[5.115s] running install_egg_info
[5.121s] removing '/home/hermes/Hermes/hermes_ws/install/cameras/lib/python3.10/site-packages/cameras-0.0.0-py3.10.egg-info' (and everything under it)
[5.122s] Copying ../../build/cameras/cameras.egg-info to /home/hermes/Hermes/hermes_ws/install/cameras/lib/python3.10/site-packages/cameras-0.0.0-py3.10.egg-info
[5.128s] running install_scripts
[5.193s] Installing cameras_node script to /home/hermes/Hermes/hermes_ws/install/cameras/lib/cameras
[5.193s] writing list of installed files to '/home/hermes/Hermes/hermes_ws/build/cameras/install.log'
[5.870s] Invoked command in '/home/hermes/Hermes/hermes_ws/src/cameras' returned '0': PYTHONPATH=/home/hermes/Hermes/hermes_ws/build/cameras/prefix_override:/home/hermes/Hermes/hermes_ws/install/cameras/lib/python3.10/site-packages:${PYTHONPATH} /usr/bin/python3 -W ignore:setup.py install is deprecated setup.py egg_info --egg-base ../../build/cameras build --build-base /home/hermes/Hermes/hermes_ws/build/cameras/build install --record /home/hermes/Hermes/hermes_ws/build/cameras/install.log --single-version-externally-managed install_data
