[35m[1mConsolidate compiler generated dependencies of target cv_bridge[0m
[ 18%] Built target cv_bridge
[ 31%] Built target gtest_main
[ 43%] Built target gtest
[ 43%] Built target ament_cmake_python_symlink_cv_bridge
[ 50%] [32mBuilding CXX object src/CMakeFiles/cv_bridge_boost.dir/module_opencv3.cpp.o[0m
[ 56%] [32mBuilding CXX object test/CMakeFiles/cv_bridge-utest.dir/test_endian.cpp.o[0m
[ 62%] [32mBuilding CXX object src/CMakeFiles/cv_bridge_boost.dir/module.cpp.o[0m
[ 68%] [32mBuilding CXX object test/CMakeFiles/cv_bridge-utest.dir/utest.cpp.o[0m
[ 75%] [32mBuilding CXX object test/CMakeFiles/cv_bridge-utest.dir/test_compression.cpp.o[0m
running egg_info
writing cv_bridge.egg-info/PKG-INFO
writing dependency_links to cv_bridge.egg-info/dependency_links.txt
writing top-level names to cv_bridge.egg-info/top_level.txt
reading manifest file 'cv_bridge.egg-info/SOURCES.txt'
writing manifest file 'cv_bridge.egg-info/SOURCES.txt'
[ 75%] Built target ament_cmake_python_build_cv_bridge_egg
[ 81%] [32mBuilding CXX object test/CMakeFiles/cv_bridge-utest.dir/utest2.cpp.o[0m
[ 87%] [32mBuilding CXX object test/CMakeFiles/cv_bridge-utest.dir/test_rgb_colors.cpp.o[0m
[ 93%] [32m[1mLinking CXX shared module boost/cv_bridge_boost.so[0m
[ 93%] Built target cv_bridge_boost
[100%] [32m[1mLinking CXX executable cv_bridge-utest[0m
[100%] Built target cv_bridge-utest
-- Install configuration: ""
-- Execute custom install script
-- Symlinking: /home/hermes/Hermes/hermes_ws/install/cv_bridge/share/cv_bridge/environment/pythonpath.sh
-- Symlinking: /home/hermes/Hermes/hermes_ws/install/cv_bridge/share/cv_bridge/environment/pythonpath.dsv
-- Symlinking: /home/hermes/Hermes/hermes_ws/install/cv_bridge/local/lib/python3.10/dist-packages/cv_bridge-3.2.1-py3.10.egg-info/PKG-INFO
-- Symlinking: /home/hermes/Hermes/hermes_ws/install/cv_bridge/local/lib/python3.10/dist-packages/cv_bridge-3.2.1-py3.10.egg-info/SOURCES.txt
-- Symlinking: /home/hermes/Hermes/hermes_ws/install/cv_bridge/local/lib/python3.10/dist-packages/cv_bridge-3.2.1-py3.10.egg-info/dependency_links.txt
-- Symlinking: /home/hermes/Hermes/hermes_ws/install/cv_bridge/local/lib/python3.10/dist-packages/cv_bridge-3.2.1-py3.10.egg-info/top_level.txt
-- Symlinking: /home/hermes/Hermes/hermes_ws/install/cv_bridge/local/lib/python3.10/dist-packages/cv_bridge/__init__.py
-- Symlinking: /home/hermes/Hermes/hermes_ws/install/cv_bridge/local/lib/python3.10/dist-packages/cv_bridge/core.py
-- Symlinking: /home/hermes/Hermes/hermes_ws/install/cv_bridge/include/cv_bridge/cv_bridge/cv_bridge_export.h
-- Symlinking: /home/hermes/Hermes/hermes_ws/install/cv_bridge/local/lib/python3.10/dist-packages/cv_bridge/boost//cv_bridge_boost.so
-- Symlinking: /home/hermes/Hermes/hermes_ws/install/cv_bridge/include/cv_bridge/cv_bridge/cv_bridge.h
-- Symlinking: /home/hermes/Hermes/hermes_ws/install/cv_bridge/include/cv_bridge/cv_bridge/rgb_colors.h
-- Symlinking: /home/hermes/Hermes/hermes_ws/install/cv_bridge/lib/libcv_bridge.so
-- Symlinking: /home/hermes/Hermes/hermes_ws/install/cv_bridge/share/ament_index/resource_index/package_run_dependencies/cv_bridge
-- Symlinking: /home/hermes/Hermes/hermes_ws/install/cv_bridge/share/ament_index/resource_index/parent_prefix_path/cv_bridge
-- Symlinking: /home/hermes/Hermes/hermes_ws/install/cv_bridge/share/cv_bridge/environment/ament_prefix_path.sh
-- Symlinking: /home/hermes/Hermes/hermes_ws/install/cv_bridge/share/cv_bridge/environment/ament_prefix_path.dsv
-- Symlinking: /home/hermes/Hermes/hermes_ws/install/cv_bridge/share/cv_bridge/environment/path.sh
-- Symlinking: /home/hermes/Hermes/hermes_ws/install/cv_bridge/share/cv_bridge/environment/path.dsv
-- Symlinking: /home/hermes/Hermes/hermes_ws/install/cv_bridge/share/cv_bridge/local_setup.bash
-- Symlinking: /home/hermes/Hermes/hermes_ws/install/cv_bridge/share/cv_bridge/local_setup.sh
-- Symlinking: /home/hermes/Hermes/hermes_ws/install/cv_bridge/share/cv_bridge/local_setup.zsh
-- Symlinking: /home/hermes/Hermes/hermes_ws/install/cv_bridge/share/cv_bridge/local_setup.dsv
-- Symlinking: /home/hermes/Hermes/hermes_ws/install/cv_bridge/share/cv_bridge/package.dsv
-- Symlinking: /home/hermes/Hermes/hermes_ws/install/cv_bridge/share/ament_index/resource_index/packages/cv_bridge
-- Symlinking: /home/hermes/Hermes/hermes_ws/install/cv_bridge/share/cv_bridge/cmake/cv_bridge-extras.cmake
-- Symlinking: /home/hermes/Hermes/hermes_ws/install/cv_bridge/share/cv_bridge/cmake/ament_cmake_export_dependencies-extras.cmake
-- Symlinking: /home/hermes/Hermes/hermes_ws/install/cv_bridge/share/cv_bridge/cmake/ament_cmake_export_targets-extras.cmake
-- Symlinking: /home/hermes/Hermes/hermes_ws/install/cv_bridge/share/cv_bridge/cmake/cv_bridgeConfig.cmake
-- Symlinking: /home/hermes/Hermes/hermes_ws/install/cv_bridge/share/cv_bridge/cmake/cv_bridgeConfig-version.cmake
-- Symlinking: /home/hermes/Hermes/hermes_ws/install/cv_bridge/share/cv_bridge/package.xml
Listing '/home/hermes/Hermes/hermes_ws/install/cv_bridge/local/lib/python3.10/dist-packages/cv_bridge'...
Compiling '/home/hermes/Hermes/hermes_ws/install/cv_bridge/local/lib/python3.10/dist-packages/cv_bridge/__init__.py'...
Listing '/home/hermes/Hermes/hermes_ws/install/cv_bridge/local/lib/python3.10/dist-packages/cv_bridge/boost'...
Compiling '/home/hermes/Hermes/hermes_ws/install/cv_bridge/local/lib/python3.10/dist-packages/cv_bridge/core.py'...
-- Installing: /home/hermes/Hermes/hermes_ws/install/cv_bridge/share/cv_bridge/cmake/export_cv_bridgeExport.cmake
-- Installing: /home/hermes/Hermes/hermes_ws/install/cv_bridge/share/cv_bridge/cmake/export_cv_bridgeExport-noconfig.cmake
