[2.105s] Invoking command in '/home/raivo/Hermes/hermes_ws/src/gps_publisher': PYTHONPATH=/home/raivo/Hermes/hermes_ws/build/gps_publisher/prefix_override:/home/raivo/Hermes/hermes_ws/install/gps_publisher/lib/python3.10/site-packages:${PYTHONPATH} /usr/bin/python3 -W ignore:setup.py install is deprecated setup.py egg_info --egg-base ../../build/gps_publisher build --build-base /home/raivo/Hermes/hermes_ws/build/gps_publisher/build install --record /home/raivo/Hermes/hermes_ws/build/gps_publisher/install.log --single-version-externally-managed install_data
[2.435s] running egg_info
[2.435s] writing ../../build/gps_publisher/gps_publisher.egg-info/PKG-INFO
[2.435s] writing dependency_links to ../../build/gps_publisher/gps_publisher.egg-info/dependency_links.txt
[2.435s] writing entry points to ../../build/gps_publisher/gps_publisher.egg-info/entry_points.txt
[2.435s] writing requirements to ../../build/gps_publisher/gps_publisher.egg-info/requires.txt
[2.436s] writing top-level names to ../../build/gps_publisher/gps_publisher.egg-info/top_level.txt
[2.436s] reading manifest file '../../build/gps_publisher/gps_publisher.egg-info/SOURCES.txt'
[2.440s] writing manifest file '../../build/gps_publisher/gps_publisher.egg-info/SOURCES.txt'
[2.440s] running build
[2.441s] running build_py
[2.441s] running install
[2.441s] running install_lib
[2.441s] running install_data
[2.441s] running install_egg_info
[2.442s] removing '/home/raivo/Hermes/hermes_ws/install/gps_publisher/lib/python3.10/site-packages/gps_publisher-0.0.0-py3.10.egg-info' (and everything under it)
[2.443s] Copying ../../build/gps_publisher/gps_publisher.egg-info to /home/raivo/Hermes/hermes_ws/install/gps_publisher/lib/python3.10/site-packages/gps_publisher-0.0.0-py3.10.egg-info
[2.444s] running install_scripts
[2.466s] Installing gps_publisher_node script to /home/raivo/Hermes/hermes_ws/install/gps_publisher/lib/gps_publisher
[2.467s] writing list of installed files to '/home/raivo/Hermes/hermes_ws/build/gps_publisher/install.log'
[2.574s] Invoked command in '/home/raivo/Hermes/hermes_ws/src/gps_publisher' returned '0': PYTHONPATH=/home/raivo/Hermes/hermes_ws/build/gps_publisher/prefix_override:/home/raivo/Hermes/hermes_ws/install/gps_publisher/lib/python3.10/site-packages:${PYTHONPATH} /usr/bin/python3 -W ignore:setup.py install is deprecated setup.py egg_info --egg-base ../../build/gps_publisher build --build-base /home/raivo/Hermes/hermes_ws/build/gps_publisher/build install --record /home/raivo/Hermes/hermes_ws/build/gps_publisher/install.log --single-version-externally-managed install_data
