[0.028s] Invoking command in '/home/hermes/Hermes/hermes_ws/build/ldlidar_node': AMENT_PREFIX_PATH=/home/hermes/Hermes/hermes_ws/install/ldlidar_component:${AMENT_PREFIX_PATH} CMAKE_PREFIX_PATH=/home/hermes/Hermes/hermes_ws/install/ldlidar_component:/home/hermes/Hermes/hermes_ws/install/ldlidar:/home/hermes/Hermes/hermes_ws/install/ldlidar_node:/home/hermes/Hermes/hermes_ws/install/imu_filter_madgwick:/home/hermes/Hermes/hermes_ws/install/hermes_urdf:/home/hermes/Hermes/hermes_ws/install/tof_publisher:/home/hermes/Hermes/hermes_ws/install/teleop_control:/home/hermes/Hermes/hermes_ws/install/robot_localization_pkg:/home/hermes/Hermes/hermes_ws/install/path_creator:/home/hermes/Hermes/hermes_ws/install/odometry_publisher:/home/hermes/Hermes/hermes_ws/install/object_detection:/home/hermes/Hermes/hermes_ws/install/my_tf2_broadcaster:/home/hermes/Hermes/hermes_ws/install/multi_package_launcher:/home/hermes/Hermes/hermes_ws/install/icm20948_publisher:/home/hermes/Hermes/hermes_ws/install/hermes_nav:/home/hermes/Hermes/hermes_ws/install/gps_publisher:/home/hermes/Hermes/hermes_ws/install/cmd_vel:/home/hermes/Hermes/hermes_ws/install/cameras:/opt/ros/humble LD_LIBRARY_PATH=/home/hermes/Hermes/hermes_ws/install/ldlidar_component/lib:/home/hermes/Hermes/hermes_ws/install/imu_filter_madgwick/lib:/opt/ros/humble/opt/rviz_ogre_vendor/lib:/opt/ros/humble/lib/aarch64-linux-gnu:/opt/ros/humble/lib:/usr/local/cuda-12.4/lib64 /usr/bin/cmake /home/hermes/Hermes/hermes_ws/src/lidar_publisher/ldlidar_node -DCMAKE_INSTALL_PREFIX=/home/hermes/Hermes/hermes_ws/install/ldlidar_node
[0.187s] -- The C compiler identification is GNU 11.4.0
[0.319s] -- The CXX compiler identification is GNU 11.4.0
[0.343s] -- Detecting C compiler ABI info
[0.503s] -- Detecting C compiler ABI info - done
[0.520s] -- Check for working C compiler: /usr/bin/cc - skipped
[0.521s] -- Detecting C compile features
[0.523s] -- Detecting C compile features - done
[0.533s] -- Detecting CXX compiler ABI info
[0.698s] -- Detecting CXX compiler ABI info - done
[0.719s] -- Check for working CXX compiler: /usr/bin/c++ - skipped
[0.720s] -- Detecting CXX compile features
[0.722s] -- Detecting CXX compile features - done
[0.724s] --  * Release Mode
[0.724s] -- * Found ROS2 humble
[0.725s] -- * ROS2 humble is officially supported by this package.
[0.741s] -- Found ament_cmake: 1.3.10 (/opt/ros/humble/share/ament_cmake/cmake)
[1.158s] -- Found Python3: /usr/bin/python3 (found version "3.10.12") found components: Interpreter 
[1.458s] -- Found rclcpp: 16.0.10 (/opt/ros/humble/share/rclcpp/cmake)
[1.589s] -- Found rosidl_generator_c: 3.1.5 (/opt/ros/humble/share/rosidl_generator_c/cmake)
[1.605s] -- Found rosidl_adapter: 3.1.5 (/opt/ros/humble/share/rosidl_adapter/cmake)
[1.630s] -- Found rosidl_generator_cpp: 3.1.5 (/opt/ros/humble/share/rosidl_generator_cpp/cmake)
[1.667s] -- Using all available rosidl_typesupport_c: rosidl_typesupport_fastrtps_c;rosidl_typesupport_introspection_c
[1.712s] -- Using all available rosidl_typesupport_cpp: rosidl_typesupport_fastrtps_cpp;rosidl_typesupport_introspection_cpp
[1.836s] -- Found rmw_implementation_cmake: 6.1.2 (/opt/ros/humble/share/rmw_implementation_cmake/cmake)
[1.845s] -- Found rmw_fastrtps_cpp: 6.2.7 (/opt/ros/humble/share/rmw_fastrtps_cpp/cmake)
[2.056s] -- Found OpenSSL: /usr/lib/aarch64-linux-gnu/libcrypto.so (found version "3.0.2")  
[2.128s] -- Found FastRTPS: /opt/ros/humble/include  
[2.221s] -- Using RMW implementation 'rmw_fastrtps_cpp' as default
[2.249s] -- Looking for pthread.h
[2.405s] -- Looking for pthread.h - found
[2.406s] -- Performing Test CMAKE_HAVE_LIBC_PTHREAD
[2.563s] -- Performing Test CMAKE_HAVE_LIBC_PTHREAD - Success
[2.567s] -- Found Threads: TRUE  
[2.719s] -- Found rclcpp_components: 16.0.10 (/opt/ros/humble/share/rclcpp_components/cmake)
[2.792s] -- Found rclcpp_lifecycle: 16.0.10 (/opt/ros/humble/share/rclcpp_lifecycle/cmake)
[2.840s] -- Found ldlidar_component: 0.2.0 (/home/hermes/Hermes/hermes_ws/install/ldlidar_component/share/ldlidar_component/cmake)
[3.301s] -- Found eigen3_cmake_module: 0.1.1 (/opt/ros/humble/share/eigen3_cmake_module/cmake)
[3.304s] -- Found Eigen3: TRUE (found version "3.4.0") 
[3.304s] -- Ensuring Eigen3 include directory is part of orocos-kdl CMake target
[3.428s] -- Found ament_lint_auto: 0.12.11 (/opt/ros/humble/share/ament_lint_auto/cmake)
[3.751s] -- Found python_cmake_module: 0.10.0 (/opt/ros/humble/share/python_cmake_module/cmake)
[3.808s] -- Found PythonInterp: /usr/bin/python3 (found suitable version "3.10.12", minimum required is "3.6") 
[3.825s] -- Found PythonLibs: /usr/lib/aarch64-linux-gnu/libpython3.10.so (found suitable version "3.10.12", minimum required is "3.5") 
[3.825s] -- Using PYTHON_EXECUTABLE: /usr/bin/python3
[3.825s] -- Using PYTHON_INCLUDE_DIRS: /usr/include/python3.10
[3.825s] -- Using PYTHON_LIBRARIES: /usr/lib/aarch64-linux-gnu/libpython3.10.so
[3.880s] -- Found PythonExtra: .so  
[3.894s] -- Added test 'copyright' to check source files copyright and LICENSE
[3.900s] -- Added test 'cppcheck' to perform static code analysis on C / C++ code
[3.900s] -- Configured cppcheck include dirs: 
[3.900s] -- Configured cppcheck exclude dirs and/or files: 
[3.906s] -- Added test 'cpplint' to check C / C++ code against the Google style
[3.906s] -- Configured cpplint exclude dirs and/or files: 
[3.909s] -- Added test 'flake8' to check Python code syntax and style conventions
[3.912s] -- Added test 'lint_cmake' to check CMake code style
[3.915s] -- Added test 'pep257' to check Python code against some of the docstring style conventions in PEP 257
[3.919s] -- Added test 'uncrustify' to check C / C++ code style
[3.919s] -- Configured uncrustify additional arguments: 
[3.921s] -- Added test 'xmllint' to check XML markup files
[3.928s] -- Configuring done
[4.002s] -- Generating done
[4.006s] -- Build files have been written to: /home/hermes/Hermes/hermes_ws/build/ldlidar_node
[4.040s] Invoked command in '/home/hermes/Hermes/hermes_ws/build/ldlidar_node' returned '0': AMENT_PREFIX_PATH=/home/hermes/Hermes/hermes_ws/install/ldlidar_component:${AMENT_PREFIX_PATH} CMAKE_PREFIX_PATH=/home/hermes/Hermes/hermes_ws/install/ldlidar_component:/home/hermes/Hermes/hermes_ws/install/ldlidar:/home/hermes/Hermes/hermes_ws/install/ldlidar_node:/home/hermes/Hermes/hermes_ws/install/imu_filter_madgwick:/home/hermes/Hermes/hermes_ws/install/hermes_urdf:/home/hermes/Hermes/hermes_ws/install/tof_publisher:/home/hermes/Hermes/hermes_ws/install/teleop_control:/home/hermes/Hermes/hermes_ws/install/robot_localization_pkg:/home/hermes/Hermes/hermes_ws/install/path_creator:/home/hermes/Hermes/hermes_ws/install/odometry_publisher:/home/hermes/Hermes/hermes_ws/install/object_detection:/home/hermes/Hermes/hermes_ws/install/my_tf2_broadcaster:/home/hermes/Hermes/hermes_ws/install/multi_package_launcher:/home/hermes/Hermes/hermes_ws/install/icm20948_publisher:/home/hermes/Hermes/hermes_ws/install/hermes_nav:/home/hermes/Hermes/hermes_ws/install/gps_publisher:/home/hermes/Hermes/hermes_ws/install/cmd_vel:/home/hermes/Hermes/hermes_ws/install/cameras:/opt/ros/humble LD_LIBRARY_PATH=/home/hermes/Hermes/hermes_ws/install/ldlidar_component/lib:/home/hermes/Hermes/hermes_ws/install/imu_filter_madgwick/lib:/opt/ros/humble/opt/rviz_ogre_vendor/lib:/opt/ros/humble/lib/aarch64-linux-gnu:/opt/ros/humble/lib:/usr/local/cuda-12.4/lib64 /usr/bin/cmake /home/hermes/Hermes/hermes_ws/src/lidar_publisher/ldlidar_node -DCMAKE_INSTALL_PREFIX=/home/hermes/Hermes/hermes_ws/install/ldlidar_node
[4.044s] Invoking command in '/home/hermes/Hermes/hermes_ws/build/ldlidar_node': AMENT_PREFIX_PATH=/home/hermes/Hermes/hermes_ws/install/ldlidar_component:${AMENT_PREFIX_PATH} CMAKE_PREFIX_PATH=/home/hermes/Hermes/hermes_ws/install/ldlidar_component:/home/hermes/Hermes/hermes_ws/install/ldlidar:/home/hermes/Hermes/hermes_ws/install/ldlidar_node:/home/hermes/Hermes/hermes_ws/install/imu_filter_madgwick:/home/hermes/Hermes/hermes_ws/install/hermes_urdf:/home/hermes/Hermes/hermes_ws/install/tof_publisher:/home/hermes/Hermes/hermes_ws/install/teleop_control:/home/hermes/Hermes/hermes_ws/install/robot_localization_pkg:/home/hermes/Hermes/hermes_ws/install/path_creator:/home/hermes/Hermes/hermes_ws/install/odometry_publisher:/home/hermes/Hermes/hermes_ws/install/object_detection:/home/hermes/Hermes/hermes_ws/install/my_tf2_broadcaster:/home/hermes/Hermes/hermes_ws/install/multi_package_launcher:/home/hermes/Hermes/hermes_ws/install/icm20948_publisher:/home/hermes/Hermes/hermes_ws/install/hermes_nav:/home/hermes/Hermes/hermes_ws/install/gps_publisher:/home/hermes/Hermes/hermes_ws/install/cmd_vel:/home/hermes/Hermes/hermes_ws/install/cameras:/opt/ros/humble LD_LIBRARY_PATH=/home/hermes/Hermes/hermes_ws/install/ldlidar_component/lib:/home/hermes/Hermes/hermes_ws/install/imu_filter_madgwick/lib:/opt/ros/humble/opt/rviz_ogre_vendor/lib:/opt/ros/humble/lib/aarch64-linux-gnu:/opt/ros/humble/lib:/usr/local/cuda-12.4/lib64 /usr/bin/cmake --build /home/hermes/Hermes/hermes_ws/build/ldlidar_node -- -j6 -l6
[4.160s] [ 50%] [32mBuilding CXX object CMakeFiles/ldlidar_node.dir/src/ldlidar_container_node.cpp.o[0m
[13.168s] [100%] [32m[1mLinking CXX executable ldlidar_node[0m
[13.599s] [100%] Built target ldlidar_node
[13.625s] Invoked command in '/home/hermes/Hermes/hermes_ws/build/ldlidar_node' returned '0': AMENT_PREFIX_PATH=/home/hermes/Hermes/hermes_ws/install/ldlidar_component:${AMENT_PREFIX_PATH} CMAKE_PREFIX_PATH=/home/hermes/Hermes/hermes_ws/install/ldlidar_component:/home/hermes/Hermes/hermes_ws/install/ldlidar:/home/hermes/Hermes/hermes_ws/install/ldlidar_node:/home/hermes/Hermes/hermes_ws/install/imu_filter_madgwick:/home/hermes/Hermes/hermes_ws/install/hermes_urdf:/home/hermes/Hermes/hermes_ws/install/tof_publisher:/home/hermes/Hermes/hermes_ws/install/teleop_control:/home/hermes/Hermes/hermes_ws/install/robot_localization_pkg:/home/hermes/Hermes/hermes_ws/install/path_creator:/home/hermes/Hermes/hermes_ws/install/odometry_publisher:/home/hermes/Hermes/hermes_ws/install/object_detection:/home/hermes/Hermes/hermes_ws/install/my_tf2_broadcaster:/home/hermes/Hermes/hermes_ws/install/multi_package_launcher:/home/hermes/Hermes/hermes_ws/install/icm20948_publisher:/home/hermes/Hermes/hermes_ws/install/hermes_nav:/home/hermes/Hermes/hermes_ws/install/gps_publisher:/home/hermes/Hermes/hermes_ws/install/cmd_vel:/home/hermes/Hermes/hermes_ws/install/cameras:/opt/ros/humble LD_LIBRARY_PATH=/home/hermes/Hermes/hermes_ws/install/ldlidar_component/lib:/home/hermes/Hermes/hermes_ws/install/imu_filter_madgwick/lib:/opt/ros/humble/opt/rviz_ogre_vendor/lib:/opt/ros/humble/lib/aarch64-linux-gnu:/opt/ros/humble/lib:/usr/local/cuda-12.4/lib64 /usr/bin/cmake --build /home/hermes/Hermes/hermes_ws/build/ldlidar_node -- -j6 -l6
[13.679s] Invoking command in '/home/hermes/Hermes/hermes_ws/build/ldlidar_node': AMENT_PREFIX_PATH=/home/hermes/Hermes/hermes_ws/install/ldlidar_component:${AMENT_PREFIX_PATH} CMAKE_PREFIX_PATH=/home/hermes/Hermes/hermes_ws/install/ldlidar_component:/home/hermes/Hermes/hermes_ws/install/ldlidar:/home/hermes/Hermes/hermes_ws/install/ldlidar_node:/home/hermes/Hermes/hermes_ws/install/imu_filter_madgwick:/home/hermes/Hermes/hermes_ws/install/hermes_urdf:/home/hermes/Hermes/hermes_ws/install/tof_publisher:/home/hermes/Hermes/hermes_ws/install/teleop_control:/home/hermes/Hermes/hermes_ws/install/robot_localization_pkg:/home/hermes/Hermes/hermes_ws/install/path_creator:/home/hermes/Hermes/hermes_ws/install/odometry_publisher:/home/hermes/Hermes/hermes_ws/install/object_detection:/home/hermes/Hermes/hermes_ws/install/my_tf2_broadcaster:/home/hermes/Hermes/hermes_ws/install/multi_package_launcher:/home/hermes/Hermes/hermes_ws/install/icm20948_publisher:/home/hermes/Hermes/hermes_ws/install/hermes_nav:/home/hermes/Hermes/hermes_ws/install/gps_publisher:/home/hermes/Hermes/hermes_ws/install/cmd_vel:/home/hermes/Hermes/hermes_ws/install/cameras:/opt/ros/humble LD_LIBRARY_PATH=/home/hermes/Hermes/hermes_ws/install/ldlidar_component/lib:/home/hermes/Hermes/hermes_ws/install/imu_filter_madgwick/lib:/opt/ros/humble/opt/rviz_ogre_vendor/lib:/opt/ros/humble/lib/aarch64-linux-gnu:/opt/ros/humble/lib:/usr/local/cuda-12.4/lib64 /usr/bin/cmake --install /home/hermes/Hermes/hermes_ws/build/ldlidar_node
[13.697s] -- Install configuration: "Release"
[13.698s] -- Installing: /home/hermes/Hermes/hermes_ws/install/ldlidar_node/lib/ldlidar_node/ldlidar_node
[13.699s] -- Set runtime path of "/home/hermes/Hermes/hermes_ws/install/ldlidar_node/lib/ldlidar_node/ldlidar_node" to ""
[13.699s] -- Up-to-date: /home/hermes/Hermes/hermes_ws/install/ldlidar_node/share/ldlidar_node/params
[13.700s] -- Up-to-date: /home/hermes/Hermes/hermes_ws/install/ldlidar_node/share/ldlidar_node/params/slam_toolbox.yaml
[13.700s] -- Up-to-date: /home/hermes/Hermes/hermes_ws/install/ldlidar_node/share/ldlidar_node/params/ldlidar.yaml
[13.701s] -- Up-to-date: /home/hermes/Hermes/hermes_ws/install/ldlidar_node/share/ldlidar_node/params/lifecycle_mgr.yaml
[13.701s] -- Up-to-date: /home/hermes/Hermes/hermes_ws/install/ldlidar_node/share/ldlidar_node/params/lifecycle_mgr_slam.yaml
[13.701s] -- Up-to-date: /home/hermes/Hermes/hermes_ws/install/ldlidar_node/share/ldlidar_node/config
[13.701s] -- Up-to-date: /home/hermes/Hermes/hermes_ws/install/ldlidar_node/share/ldlidar_node/config/ldlidar_slam.rviz
[13.701s] -- Up-to-date: /home/hermes/Hermes/hermes_ws/install/ldlidar_node/share/ldlidar_node/config/ldlidar.rviz
[13.701s] -- Up-to-date: /home/hermes/Hermes/hermes_ws/install/ldlidar_node/share/ldlidar_node/urdf
[13.702s] -- Up-to-date: /home/hermes/Hermes/hermes_ws/install/ldlidar_node/share/ldlidar_node/urdf/model
[13.702s] -- Up-to-date: /home/hermes/Hermes/hermes_ws/install/ldlidar_node/share/ldlidar_node/urdf/model/LD19.stl
[13.702s] -- Up-to-date: /home/hermes/Hermes/hermes_ws/install/ldlidar_node/share/ldlidar_node/urdf/ldlidar_descr.urdf.xml
[13.702s] -- Up-to-date: /home/hermes/Hermes/hermes_ws/install/ldlidar_node/share/ldlidar_node/launch
[13.702s] -- Up-to-date: /home/hermes/Hermes/hermes_ws/install/ldlidar_node/share/ldlidar_node/launch/ldlidar_slam.launch.py
[13.702s] -- Up-to-date: /home/hermes/Hermes/hermes_ws/install/ldlidar_node/share/ldlidar_node/launch/ldlidar_rviz2.launch.py
[13.703s] -- Up-to-date: /home/hermes/Hermes/hermes_ws/install/ldlidar_node/share/ldlidar_node/launch/ldlidar.launch.py
[13.703s] -- Up-to-date: /home/hermes/Hermes/hermes_ws/install/ldlidar_node/share/ldlidar_node/launch/ldlidar_with_mgr.launch.py
[13.703s] -- Installing: /home/hermes/Hermes/hermes_ws/install/ldlidar_node/share/ament_index/resource_index/package_run_dependencies/ldlidar_node
[13.703s] -- Installing: /home/hermes/Hermes/hermes_ws/install/ldlidar_node/share/ament_index/resource_index/parent_prefix_path/ldlidar_node
[13.703s] -- Installing: /home/hermes/Hermes/hermes_ws/install/ldlidar_node/share/ldlidar_node/environment/ament_prefix_path.sh
[13.703s] -- Installing: /home/hermes/Hermes/hermes_ws/install/ldlidar_node/share/ldlidar_node/environment/ament_prefix_path.dsv
[13.704s] -- Installing: /home/hermes/Hermes/hermes_ws/install/ldlidar_node/share/ldlidar_node/environment/path.sh
[13.704s] -- Installing: /home/hermes/Hermes/hermes_ws/install/ldlidar_node/share/ldlidar_node/environment/path.dsv
[13.704s] -- Installing: /home/hermes/Hermes/hermes_ws/install/ldlidar_node/share/ldlidar_node/local_setup.bash
[13.704s] -- Installing: /home/hermes/Hermes/hermes_ws/install/ldlidar_node/share/ldlidar_node/local_setup.sh
[13.705s] -- Installing: /home/hermes/Hermes/hermes_ws/install/ldlidar_node/share/ldlidar_node/local_setup.zsh
[13.705s] -- Installing: /home/hermes/Hermes/hermes_ws/install/ldlidar_node/share/ldlidar_node/local_setup.dsv
[13.706s] -- Installing: /home/hermes/Hermes/hermes_ws/install/ldlidar_node/share/ldlidar_node/package.dsv
[13.706s] -- Installing: /home/hermes/Hermes/hermes_ws/install/ldlidar_node/share/ament_index/resource_index/packages/ldlidar_node
[13.707s] -- Installing: /home/hermes/Hermes/hermes_ws/install/ldlidar_node/share/ldlidar_node/cmake/ldlidar_nodeConfig.cmake
[13.707s] -- Installing: /home/hermes/Hermes/hermes_ws/install/ldlidar_node/share/ldlidar_node/cmake/ldlidar_nodeConfig-version.cmake
[13.707s] -- Up-to-date: /home/hermes/Hermes/hermes_ws/install/ldlidar_node/share/ldlidar_node/package.xml
[13.714s] Invoked command in '/home/hermes/Hermes/hermes_ws/build/ldlidar_node' returned '0': AMENT_PREFIX_PATH=/home/hermes/Hermes/hermes_ws/install/ldlidar_component:${AMENT_PREFIX_PATH} CMAKE_PREFIX_PATH=/home/hermes/Hermes/hermes_ws/install/ldlidar_component:/home/hermes/Hermes/hermes_ws/install/ldlidar:/home/hermes/Hermes/hermes_ws/install/ldlidar_node:/home/hermes/Hermes/hermes_ws/install/imu_filter_madgwick:/home/hermes/Hermes/hermes_ws/install/hermes_urdf:/home/hermes/Hermes/hermes_ws/install/tof_publisher:/home/hermes/Hermes/hermes_ws/install/teleop_control:/home/hermes/Hermes/hermes_ws/install/robot_localization_pkg:/home/hermes/Hermes/hermes_ws/install/path_creator:/home/hermes/Hermes/hermes_ws/install/odometry_publisher:/home/hermes/Hermes/hermes_ws/install/object_detection:/home/hermes/Hermes/hermes_ws/install/my_tf2_broadcaster:/home/hermes/Hermes/hermes_ws/install/multi_package_launcher:/home/hermes/Hermes/hermes_ws/install/icm20948_publisher:/home/hermes/Hermes/hermes_ws/install/hermes_nav:/home/hermes/Hermes/hermes_ws/install/gps_publisher:/home/hermes/Hermes/hermes_ws/install/cmd_vel:/home/hermes/Hermes/hermes_ws/install/cameras:/opt/ros/humble LD_LIBRARY_PATH=/home/hermes/Hermes/hermes_ws/install/ldlidar_component/lib:/home/hermes/Hermes/hermes_ws/install/imu_filter_madgwick/lib:/opt/ros/humble/opt/rviz_ogre_vendor/lib:/opt/ros/humble/lib/aarch64-linux-gnu:/opt/ros/humble/lib:/usr/local/cuda-12.4/lib64 /usr/bin/cmake --install /home/hermes/Hermes/hermes_ws/build/ldlidar_node
