[2.062s] Invoking command in '/home/aleksmalm/Hermes/hermes_ws/src/gps_publisher': PYTHONPATH=/home/aleksmalm/Hermes/hermes_ws/build/gps_publisher/prefix_override:/home/aleksmalm/Hermes/hermes_ws/install/gps_publisher/lib/python3.10/site-packages:${PYTHONPATH} /usr/bin/python3 -W ignore:setup.py install is deprecated setup.py egg_info --egg-base ../../build/gps_publisher build --build-base /home/aleksmalm/Hermes/hermes_ws/build/gps_publisher/build install --record /home/aleksmalm/Hermes/hermes_ws/build/gps_publisher/install.log --single-version-externally-managed install_data
[2.330s] running egg_info
[2.331s] writing ../../build/gps_publisher/gps_publisher.egg-info/PKG-INFO
[2.331s] writing dependency_links to ../../build/gps_publisher/gps_publisher.egg-info/dependency_links.txt
[2.331s] writing entry points to ../../build/gps_publisher/gps_publisher.egg-info/entry_points.txt
[2.331s] writing requirements to ../../build/gps_publisher/gps_publisher.egg-info/requires.txt
[2.331s] writing top-level names to ../../build/gps_publisher/gps_publisher.egg-info/top_level.txt
[2.332s] reading manifest file '../../build/gps_publisher/gps_publisher.egg-info/SOURCES.txt'
[2.333s] writing manifest file '../../build/gps_publisher/gps_publisher.egg-info/SOURCES.txt'
[2.333s] running build
[2.333s] running build_py
[2.333s] running install
[2.333s] running install_lib
[2.334s] running install_data
[2.334s] running install_egg_info
[2.335s] removing '/home/aleksmalm/Hermes/hermes_ws/install/gps_publisher/lib/python3.10/site-packages/gps_publisher-0.0.0-py3.10.egg-info' (and everything under it)
[2.336s] Copying ../../build/gps_publisher/gps_publisher.egg-info to /home/aleksmalm/Hermes/hermes_ws/install/gps_publisher/lib/python3.10/site-packages/gps_publisher-0.0.0-py3.10.egg-info
[2.336s] running install_scripts
[2.351s] Installing gps_publisher_node script to /home/aleksmalm/Hermes/hermes_ws/install/gps_publisher/lib/gps_publisher
[2.351s] writing list of installed files to '/home/aleksmalm/Hermes/hermes_ws/build/gps_publisher/install.log'
[2.424s] Invoked command in '/home/aleksmalm/Hermes/hermes_ws/src/gps_publisher' returned '0': PYTHONPATH=/home/aleksmalm/Hermes/hermes_ws/build/gps_publisher/prefix_override:/home/aleksmalm/Hermes/hermes_ws/install/gps_publisher/lib/python3.10/site-packages:${PYTHONPATH} /usr/bin/python3 -W ignore:setup.py install is deprecated setup.py egg_info --egg-base ../../build/gps_publisher build --build-base /home/aleksmalm/Hermes/hermes_ws/build/gps_publisher/build install --record /home/aleksmalm/Hermes/hermes_ws/build/gps_publisher/install.log --single-version-externally-managed install_data
