[0.055s] Invoking command in '/home/aleksmalm/Hermes/hermes_ws/build/rlnav2': CMAKE_PREFIX_PATH=${CMAKE_PREFIX_PATH}:/home/aleksmalm/Hermes/hermes_ws/install/tof_publisher:/home/aleksmalm/Hermes/hermes_ws/install/teleop_control:/home/aleksmalm/Hermes/hermes_ws/install/odometry:/home/aleksmalm/Hermes/hermes_ws/install/nav2_gps_waypoint_follower_demo:/home/aleksmalm/Hermes/hermes_ws/install/imu_publisher:/home/aleksmalm/Hermes/hermes_ws/install/cmd_vel:/home/aleksmalm/Hermes/hermes_ws/install/cameras:/opt/ros/humble /usr/bin/cmake /home/aleksmalm/Hermes/hermes_ws/src/loc_diff/rlnav2 -DCMAKE_INSTALL_PREFIX=/home/aleksmalm/Hermes/hermes_ws/install/rlnav2
[0.320s] -- Found ament_cmake: 1.3.9 (/opt/ros/humble/share/ament_cmake/cmake)
[0.320s] -- Found navigation2: 1.1.15 (/opt/ros/humble/share/navigation2/cmake)
[0.320s] -- Found robot_localization: 3.5.3 (/opt/ros/humble/share/robot_localization/cmake)
[0.320s] -- Found rosidl_generator_c: 3.1.5 (/opt/ros/humble/share/rosidl_generator_c/cmake)
[0.320s] -- Found rosidl_adapter: 3.1.5 (/opt/ros/humble/share/rosidl_adapter/cmake)
[0.320s] -- Found rosidl_generator_cpp: 3.1.5 (/opt/ros/humble/share/rosidl_generator_cpp/cmake)
[0.320s] -- Using all available rosidl_typesupport_c: rosidl_typesupport_fastrtps_c;rosidl_typesupport_introspection_c
[0.320s] -- Using all available rosidl_typesupport_cpp: rosidl_typesupport_fastrtps_cpp;rosidl_typesupport_introspection_cpp
[0.642s] -- Found ament_lint_auto: 0.12.11 (/opt/ros/humble/share/ament_lint_auto/cmake)
[0.732s] -- Added test 'flake8' to check Python code syntax and style conventions
[0.733s] -- Added test 'lint_cmake' to check CMake code style
[0.734s] -- Added test 'pep257' to check Python code against some of the docstring style conventions in PEP 257
[0.735s] -- Added test 'xmllint' to check XML markup files
[0.736s] -- Configuring done
[0.740s] -- Generating done
[0.741s] -- Build files have been written to: /home/aleksmalm/Hermes/hermes_ws/build/rlnav2
[0.746s] Invoked command in '/home/aleksmalm/Hermes/hermes_ws/build/rlnav2' returned '0': CMAKE_PREFIX_PATH=${CMAKE_PREFIX_PATH}:/home/aleksmalm/Hermes/hermes_ws/install/tof_publisher:/home/aleksmalm/Hermes/hermes_ws/install/teleop_control:/home/aleksmalm/Hermes/hermes_ws/install/odometry:/home/aleksmalm/Hermes/hermes_ws/install/nav2_gps_waypoint_follower_demo:/home/aleksmalm/Hermes/hermes_ws/install/imu_publisher:/home/aleksmalm/Hermes/hermes_ws/install/cmd_vel:/home/aleksmalm/Hermes/hermes_ws/install/cameras:/opt/ros/humble /usr/bin/cmake /home/aleksmalm/Hermes/hermes_ws/src/loc_diff/rlnav2 -DCMAKE_INSTALL_PREFIX=/home/aleksmalm/Hermes/hermes_ws/install/rlnav2
[0.748s] Invoking command in '/home/aleksmalm/Hermes/hermes_ws/build/rlnav2': CMAKE_PREFIX_PATH=${CMAKE_PREFIX_PATH}:/home/aleksmalm/Hermes/hermes_ws/install/tof_publisher:/home/aleksmalm/Hermes/hermes_ws/install/teleop_control:/home/aleksmalm/Hermes/hermes_ws/install/odometry:/home/aleksmalm/Hermes/hermes_ws/install/nav2_gps_waypoint_follower_demo:/home/aleksmalm/Hermes/hermes_ws/install/imu_publisher:/home/aleksmalm/Hermes/hermes_ws/install/cmd_vel:/home/aleksmalm/Hermes/hermes_ws/install/cameras:/opt/ros/humble /usr/bin/cmake --build /home/aleksmalm/Hermes/hermes_ws/build/rlnav2 -- -j12 -l12
[0.784s] Invoked command in '/home/aleksmalm/Hermes/hermes_ws/build/rlnav2' returned '0': CMAKE_PREFIX_PATH=${CMAKE_PREFIX_PATH}:/home/aleksmalm/Hermes/hermes_ws/install/tof_publisher:/home/aleksmalm/Hermes/hermes_ws/install/teleop_control:/home/aleksmalm/Hermes/hermes_ws/install/odometry:/home/aleksmalm/Hermes/hermes_ws/install/nav2_gps_waypoint_follower_demo:/home/aleksmalm/Hermes/hermes_ws/install/imu_publisher:/home/aleksmalm/Hermes/hermes_ws/install/cmd_vel:/home/aleksmalm/Hermes/hermes_ws/install/cameras:/opt/ros/humble /usr/bin/cmake --build /home/aleksmalm/Hermes/hermes_ws/build/rlnav2 -- -j12 -l12
[0.805s] Invoking command in '/home/aleksmalm/Hermes/hermes_ws/build/rlnav2': CMAKE_PREFIX_PATH=${CMAKE_PREFIX_PATH}:/home/aleksmalm/Hermes/hermes_ws/install/tof_publisher:/home/aleksmalm/Hermes/hermes_ws/install/teleop_control:/home/aleksmalm/Hermes/hermes_ws/install/odometry:/home/aleksmalm/Hermes/hermes_ws/install/nav2_gps_waypoint_follower_demo:/home/aleksmalm/Hermes/hermes_ws/install/imu_publisher:/home/aleksmalm/Hermes/hermes_ws/install/cmd_vel:/home/aleksmalm/Hermes/hermes_ws/install/cameras:/opt/ros/humble /usr/bin/cmake --install /home/aleksmalm/Hermes/hermes_ws/build/rlnav2
[0.812s] -- Install configuration: ""
[0.812s] -- Installing: /home/aleksmalm/Hermes/hermes_ws/install/rlnav2/share/rlnav2//config
[0.812s] -- Installing: /home/aleksmalm/Hermes/hermes_ws/install/rlnav2/share/rlnav2//config/demo_waypoints.yaml
[0.812s] -- Installing: /home/aleksmalm/Hermes/hermes_ws/install/rlnav2/share/rlnav2//config/gps_wpf_demo.mvc
[0.813s] -- Installing: /home/aleksmalm/Hermes/hermes_ws/install/rlnav2/share/rlnav2//config/dual_ekf_navsat_params.yaml
[0.813s] -- Installing: /home/aleksmalm/Hermes/hermes_ws/install/rlnav2/share/rlnav2//config/test.yaml
[0.813s] -- Installing: /home/aleksmalm/Hermes/hermes_ws/install/rlnav2/share/rlnav2//config/nav2_no_map_params.yaml
[0.813s] -- Installing: /home/aleksmalm/Hermes/hermes_ws/install/rlnav2/share/rlnav2//launch
[0.813s] -- Installing: /home/aleksmalm/Hermes/hermes_ws/install/rlnav2/share/rlnav2//launch/gazebo_gps_world.launch.py
[0.813s] -- Installing: /home/aleksmalm/Hermes/hermes_ws/install/rlnav2/share/rlnav2//launch/rlbd_navigation_launch.py
[0.814s] -- Installing: /home/aleksmalm/Hermes/hermes_ws/install/rlnav2/share/rlnav2//launch/mapviz.launch.py
[0.814s] -- Installing: /home/aleksmalm/Hermes/hermes_ws/install/rlnav2/share/rlnav2//launch/dual_ekf_navsat.launch.py
[0.814s] -- Installing: /home/aleksmalm/Hermes/hermes_ws/install/rlnav2/share/rlnav2//launch/gps_waypoint_follower.launch.py
[0.814s] -- Installing: /home/aleksmalm/Hermes/hermes_ws/install/rlnav2/share/ament_index/resource_index/package_run_dependencies/rlnav2
[0.814s] -- Installing: /home/aleksmalm/Hermes/hermes_ws/install/rlnav2/share/ament_index/resource_index/parent_prefix_path/rlnav2
[0.814s] -- Installing: /home/aleksmalm/Hermes/hermes_ws/install/rlnav2/share/rlnav2/environment/ament_prefix_path.sh
[0.814s] -- Installing: /home/aleksmalm/Hermes/hermes_ws/install/rlnav2/share/rlnav2/environment/ament_prefix_path.dsv
[0.815s] -- Installing: /home/aleksmalm/Hermes/hermes_ws/install/rlnav2/share/rlnav2/environment/path.sh
[0.815s] -- Installing: /home/aleksmalm/Hermes/hermes_ws/install/rlnav2/share/rlnav2/environment/path.dsv
[0.815s] -- Installing: /home/aleksmalm/Hermes/hermes_ws/install/rlnav2/share/rlnav2/local_setup.bash
[0.815s] -- Installing: /home/aleksmalm/Hermes/hermes_ws/install/rlnav2/share/rlnav2/local_setup.sh
[0.815s] -- Installing: /home/aleksmalm/Hermes/hermes_ws/install/rlnav2/share/rlnav2/local_setup.zsh
[0.815s] -- Installing: /home/aleksmalm/Hermes/hermes_ws/install/rlnav2/share/rlnav2/local_setup.dsv
[0.815s] -- Installing: /home/aleksmalm/Hermes/hermes_ws/install/rlnav2/share/rlnav2/package.dsv
[0.815s] -- Installing: /home/aleksmalm/Hermes/hermes_ws/install/rlnav2/share/ament_index/resource_index/packages/rlnav2
[0.816s] -- Installing: /home/aleksmalm/Hermes/hermes_ws/install/rlnav2/share/rlnav2/cmake/rlnav2Config.cmake
[0.816s] -- Installing: /home/aleksmalm/Hermes/hermes_ws/install/rlnav2/share/rlnav2/cmake/rlnav2Config-version.cmake
[0.816s] -- Installing: /home/aleksmalm/Hermes/hermes_ws/install/rlnav2/share/rlnav2/package.xml
[0.818s] Invoked command in '/home/aleksmalm/Hermes/hermes_ws/build/rlnav2' returned '0': CMAKE_PREFIX_PATH=${CMAKE_PREFIX_PATH}:/home/aleksmalm/Hermes/hermes_ws/install/tof_publisher:/home/aleksmalm/Hermes/hermes_ws/install/teleop_control:/home/aleksmalm/Hermes/hermes_ws/install/odometry:/home/aleksmalm/Hermes/hermes_ws/install/nav2_gps_waypoint_follower_demo:/home/aleksmalm/Hermes/hermes_ws/install/imu_publisher:/home/aleksmalm/Hermes/hermes_ws/install/cmd_vel:/home/aleksmalm/Hermes/hermes_ws/install/cameras:/opt/ros/humble /usr/bin/cmake --install /home/aleksmalm/Hermes/hermes_ws/build/rlnav2
