[7.788s] Invoking command in '/home/hermes/Hermes/hermes_ws/src/teleop_control': PYTHONPATH=/home/hermes/Hermes/hermes_ws/build/teleop_control/prefix_override:/home/hermes/Hermes/hermes_ws/install/teleop_control/lib/python3.8/site-packages:${PYTHONPATH} /usr/bin/python3 setup.py egg_info --egg-base ../../build/teleop_control build --build-base /home/hermes/Hermes/hermes_ws/build/teleop_control/build install --record /home/hermes/Hermes/hermes_ws/build/teleop_control/install.log --single-version-externally-managed
[9.058s] running egg_info
[9.060s] creating ../../build/teleop_control/teleop_control.egg-info
[9.061s] writing ../../build/teleop_control/teleop_control.egg-info/PKG-INFO
[9.065s] writing dependency_links to ../../build/teleop_control/teleop_control.egg-info/dependency_links.txt
[9.065s] writing entry points to ../../build/teleop_control/teleop_control.egg-info/entry_points.txt
[9.066s] writing requirements to ../../build/teleop_control/teleop_control.egg-info/requires.txt
[9.066s] writing top-level names to ../../build/teleop_control/teleop_control.egg-info/top_level.txt
[9.073s] writing manifest file '../../build/teleop_control/teleop_control.egg-info/SOURCES.txt'
[9.223s] reading manifest file '../../build/teleop_control/teleop_control.egg-info/SOURCES.txt'
[9.235s] writing manifest file '../../build/teleop_control/teleop_control.egg-info/SOURCES.txt'
[9.236s] running build
[9.236s] running build_py
[9.236s] creating /home/hermes/Hermes/hermes_ws/build/teleop_control/build
[9.236s] creating /home/hermes/Hermes/hermes_ws/build/teleop_control/build/lib
[9.236s] creating /home/hermes/Hermes/hermes_ws/build/teleop_control/build/lib/teleop_control
[9.236s] copying teleop_control/__init__.py -> /home/hermes/Hermes/hermes_ws/build/teleop_control/build/lib/teleop_control
[9.237s] copying teleop_control/keyboard_teleop.py -> /home/hermes/Hermes/hermes_ws/build/teleop_control/build/lib/teleop_control
[9.237s] copying teleop_control/teleop_control_node.py -> /home/hermes/Hermes/hermes_ws/build/teleop_control/build/lib/teleop_control
[9.237s] copying teleop_control/joytorec.py -> /home/hermes/Hermes/hermes_ws/build/teleop_control/build/lib/teleop_control
[9.237s] copying teleop_control/joytopub.py -> /home/hermes/Hermes/hermes_ws/build/teleop_control/build/lib/teleop_control
[9.237s] running install
[9.240s] running install_lib
[9.251s] creating /home/hermes/Hermes/hermes_ws/install/teleop_control/lib/python3.8/site-packages/teleop_control
[9.252s] copying /home/hermes/Hermes/hermes_ws/build/teleop_control/build/lib/teleop_control/__init__.py -> /home/hermes/Hermes/hermes_ws/install/teleop_control/lib/python3.8/site-packages/teleop_control
[9.252s] copying /home/hermes/Hermes/hermes_ws/build/teleop_control/build/lib/teleop_control/keyboard_teleop.py -> /home/hermes/Hermes/hermes_ws/install/teleop_control/lib/python3.8/site-packages/teleop_control
[9.252s] copying /home/hermes/Hermes/hermes_ws/build/teleop_control/build/lib/teleop_control/teleop_control_node.py -> /home/hermes/Hermes/hermes_ws/install/teleop_control/lib/python3.8/site-packages/teleop_control
[9.252s] copying /home/hermes/Hermes/hermes_ws/build/teleop_control/build/lib/teleop_control/joytorec.py -> /home/hermes/Hermes/hermes_ws/install/teleop_control/lib/python3.8/site-packages/teleop_control
[9.253s] copying /home/hermes/Hermes/hermes_ws/build/teleop_control/build/lib/teleop_control/joytopub.py -> /home/hermes/Hermes/hermes_ws/install/teleop_control/lib/python3.8/site-packages/teleop_control
[9.253s] byte-compiling /home/hermes/Hermes/hermes_ws/install/teleop_control/lib/python3.8/site-packages/teleop_control/__init__.py to __init__.cpython-38.pyc
[9.263s] byte-compiling /home/hermes/Hermes/hermes_ws/install/teleop_control/lib/python3.8/site-packages/teleop_control/keyboard_teleop.py to keyboard_teleop.cpython-38.pyc
[9.263s] byte-compiling /home/hermes/Hermes/hermes_ws/install/teleop_control/lib/python3.8/site-packages/teleop_control/teleop_control_node.py to teleop_control_node.cpython-38.pyc
[9.264s] byte-compiling /home/hermes/Hermes/hermes_ws/install/teleop_control/lib/python3.8/site-packages/teleop_control/joytorec.py to joytorec.cpython-38.pyc
[9.264s] byte-compiling /home/hermes/Hermes/hermes_ws/install/teleop_control/lib/python3.8/site-packages/teleop_control/joytopub.py to joytopub.cpython-38.pyc
[9.266s] running install_data
[9.268s] creating /home/hermes/Hermes/hermes_ws/install/teleop_control/share/ament_index
[9.269s] creating /home/hermes/Hermes/hermes_ws/install/teleop_control/share/ament_index/resource_index
[9.269s] creating /home/hermes/Hermes/hermes_ws/install/teleop_control/share/ament_index/resource_index/packages
[9.269s] copying resource/teleop_control -> /home/hermes/Hermes/hermes_ws/install/teleop_control/share/ament_index/resource_index/packages
[9.269s] copying package.xml -> /home/hermes/Hermes/hermes_ws/install/teleop_control/share/teleop_control
[9.269s] running install_egg_info
[9.302s] Copying ../../build/teleop_control/teleop_control.egg-info to /home/hermes/Hermes/hermes_ws/install/teleop_control/lib/python3.8/site-packages/teleop_control-0.0.0-py3.8.egg-info
[9.305s] running install_scripts
[9.394s] Installing teleop_control_node script to /home/hermes/Hermes/hermes_ws/install/teleop_control/lib/teleop_control
[9.395s] writing list of installed files to '/home/hermes/Hermes/hermes_ws/build/teleop_control/install.log'
[10.179s] Invoked command in '/home/hermes/Hermes/hermes_ws/src/teleop_control' returned '0': PYTHONPATH=/home/hermes/Hermes/hermes_ws/build/teleop_control/prefix_override:/home/hermes/Hermes/hermes_ws/install/teleop_control/lib/python3.8/site-packages:${PYTHONPATH} /usr/bin/python3 setup.py egg_info --egg-base ../../build/teleop_control build --build-base /home/hermes/Hermes/hermes_ws/build/teleop_control/build install --record /home/hermes/Hermes/hermes_ws/build/teleop_control/install.log --single-version-externally-managed
