[11.517s] Invoking command in '/home/hermes/Hermes/hermes_ws/src/cameras': PYTHONPATH=/home/hermes/Hermes/hermes_ws/build/cameras/prefix_override:/home/hermes/Hermes/hermes_ws/install/cameras/lib/python3.8/site-packages:${PYTHONPATH} /usr/bin/python3 setup.py egg_info --egg-base ../../build/cameras build --build-base /home/hermes/Hermes/hermes_ws/build/cameras/build install --record /home/hermes/Hermes/hermes_ws/build/cameras/install.log --single-version-externally-managed
[12.707s] running egg_info
[12.710s] creating ../../build/cameras/cameras.egg-info
[12.711s] writing ../../build/cameras/cameras.egg-info/PKG-INFO
[12.715s] writing dependency_links to ../../build/cameras/cameras.egg-info/dependency_links.txt
[12.716s] writing entry points to ../../build/cameras/cameras.egg-info/entry_points.txt
[12.720s] writing requirements to ../../build/cameras/cameras.egg-info/requires.txt
[12.721s] writing top-level names to ../../build/cameras/cameras.egg-info/top_level.txt
[12.728s] writing manifest file '../../build/cameras/cameras.egg-info/SOURCES.txt'
[12.934s] reading manifest file '../../build/cameras/cameras.egg-info/SOURCES.txt'
[12.934s] writing manifest file '../../build/cameras/cameras.egg-info/SOURCES.txt'
[12.934s] running build
[12.934s] running build_py
[12.934s] creating /home/hermes/Hermes/hermes_ws/build/cameras/build
[12.935s] creating /home/hermes/Hermes/hermes_ws/build/cameras/build/lib
[12.935s] creating /home/hermes/Hermes/hermes_ws/build/cameras/build/lib/cameras
[12.935s] copying cameras/__init__.py -> /home/hermes/Hermes/hermes_ws/build/cameras/build/lib/cameras
[12.935s] copying cameras/cameras_node.py -> /home/hermes/Hermes/hermes_ws/build/cameras/build/lib/cameras
[12.935s] copying cameras/cam2.py -> /home/hermes/Hermes/hermes_ws/build/cameras/build/lib/cameras
[12.935s] copying cameras/realsense.py -> /home/hermes/Hermes/hermes_ws/build/cameras/build/lib/cameras
[12.935s] running install
[12.936s] running install_lib
[12.936s] creating /home/hermes/Hermes/hermes_ws/install/cameras/lib/python3.8/site-packages/cameras
[12.936s] copying /home/hermes/Hermes/hermes_ws/build/cameras/build/lib/cameras/__init__.py -> /home/hermes/Hermes/hermes_ws/install/cameras/lib/python3.8/site-packages/cameras
[12.937s] copying /home/hermes/Hermes/hermes_ws/build/cameras/build/lib/cameras/cameras_node.py -> /home/hermes/Hermes/hermes_ws/install/cameras/lib/python3.8/site-packages/cameras
[12.937s] copying /home/hermes/Hermes/hermes_ws/build/cameras/build/lib/cameras/cam2.py -> /home/hermes/Hermes/hermes_ws/install/cameras/lib/python3.8/site-packages/cameras
[12.937s] copying /home/hermes/Hermes/hermes_ws/build/cameras/build/lib/cameras/realsense.py -> /home/hermes/Hermes/hermes_ws/install/cameras/lib/python3.8/site-packages/cameras
[12.937s] byte-compiling /home/hermes/Hermes/hermes_ws/install/cameras/lib/python3.8/site-packages/cameras/__init__.py to __init__.cpython-38.pyc
[12.937s] byte-compiling /home/hermes/Hermes/hermes_ws/install/cameras/lib/python3.8/site-packages/cameras/cameras_node.py to cameras_node.cpython-38.pyc
[12.937s] byte-compiling /home/hermes/Hermes/hermes_ws/install/cameras/lib/python3.8/site-packages/cameras/cam2.py to cam2.cpython-38.pyc
[12.938s] byte-compiling /home/hermes/Hermes/hermes_ws/install/cameras/lib/python3.8/site-packages/cameras/realsense.py to realsense.cpython-38.pyc
[12.938s] running install_data
[12.938s] creating /home/hermes/Hermes/hermes_ws/install/cameras/share/ament_index
[12.938s] creating /home/hermes/Hermes/hermes_ws/install/cameras/share/ament_index/resource_index
[12.938s] creating /home/hermes/Hermes/hermes_ws/install/cameras/share/ament_index/resource_index/packages
[12.938s] copying resource/cameras -> /home/hermes/Hermes/hermes_ws/install/cameras/share/ament_index/resource_index/packages
[12.938s] copying package.xml -> /home/hermes/Hermes/hermes_ws/install/cameras/share/cameras
[12.939s] running install_egg_info
[12.939s] Copying ../../build/cameras/cameras.egg-info to /home/hermes/Hermes/hermes_ws/install/cameras/lib/python3.8/site-packages/cameras-0.0.0-py3.8.egg-info
[12.939s] running install_scripts
[12.992s] Installing cameras_node script to /home/hermes/Hermes/hermes_ws/install/cameras/lib/cameras
[12.993s] writing list of installed files to '/home/hermes/Hermes/hermes_ws/build/cameras/install.log'
[14.236s] Invoked command in '/home/hermes/Hermes/hermes_ws/src/cameras' returned '0': PYTHONPATH=/home/hermes/Hermes/hermes_ws/build/cameras/prefix_override:/home/hermes/Hermes/hermes_ws/install/cameras/lib/python3.8/site-packages:${PYTHONPATH} /usr/bin/python3 setup.py egg_info --egg-base ../../build/cameras build --build-base /home/hermes/Hermes/hermes_ws/build/cameras/build install --record /home/hermes/Hermes/hermes_ws/build/cameras/install.log --single-version-externally-managed
