[7.074s] Invoking command in '/home/hermes/Hermes/hermes_ws/src/cmd_vel': PYTHONPATH=/home/hermes/Hermes/hermes_ws/build/cmd_vel/prefix_override:/home/hermes/Hermes/hermes_ws/install/cmd_vel/lib/python3.10/site-packages:${PYTHONPATH} /usr/bin/python3 -W ignore:setup.py install is deprecated setup.py egg_info --egg-base ../../build/cmd_vel build --build-base /home/hermes/Hermes/hermes_ws/build/cmd_vel/build install --record /home/hermes/Hermes/hermes_ws/build/cmd_vel/install.log --single-version-externally-managed install_data
[8.800s] running egg_info
[8.801s] writing ../../build/cmd_vel/cmd_vel.egg-info/PKG-INFO
[8.802s] writing dependency_links to ../../build/cmd_vel/cmd_vel.egg-info/dependency_links.txt
[8.802s] writing entry points to ../../build/cmd_vel/cmd_vel.egg-info/entry_points.txt
[8.803s] writing requirements to ../../build/cmd_vel/cmd_vel.egg-info/requires.txt
[8.803s] writing top-level names to ../../build/cmd_vel/cmd_vel.egg-info/top_level.txt
[8.808s] reading manifest file '../../build/cmd_vel/cmd_vel.egg-info/SOURCES.txt'
[8.810s] writing manifest file '../../build/cmd_vel/cmd_vel.egg-info/SOURCES.txt'
[8.811s] running build
[8.811s] running build_py
[8.812s] running install
[8.812s] running install_lib
[8.816s] running install_data
[8.818s] running install_egg_info
[8.827s] removing '/home/hermes/Hermes/hermes_ws/install/cmd_vel/lib/python3.10/site-packages/cmd_vel-0.0.0-py3.10.egg-info' (and everything under it)
[8.827s] Copying ../../build/cmd_vel/cmd_vel.egg-info to /home/hermes/Hermes/hermes_ws/install/cmd_vel/lib/python3.10/site-packages/cmd_vel-0.0.0-py3.10.egg-info
[8.827s] running install_scripts
[8.917s] Installing cmd_vel_controll script to /home/hermes/Hermes/hermes_ws/install/cmd_vel/lib/cmd_vel
[8.925s] writing list of installed files to '/home/hermes/Hermes/hermes_ws/build/cmd_vel/install.log'
[9.603s] Invoked command in '/home/hermes/Hermes/hermes_ws/src/cmd_vel' returned '0': PYTHONPATH=/home/hermes/Hermes/hermes_ws/build/cmd_vel/prefix_override:/home/hermes/Hermes/hermes_ws/install/cmd_vel/lib/python3.10/site-packages:${PYTHONPATH} /usr/bin/python3 -W ignore:setup.py install is deprecated setup.py egg_info --egg-base ../../build/cmd_vel build --build-base /home/hermes/Hermes/hermes_ws/build/cmd_vel/build install --record /home/hermes/Hermes/hermes_ws/build/cmd_vel/install.log --single-version-externally-managed install_data
