[  3%] [34m[1mGenerating C code for ROS interfaces[0m
[  6%] [34m[1mGenerating C++ code for ROS interfaces[0m
[  6%] Built target ament_cmake_python_copy_hermes_interfaces
[  6%] Built target hermes_interfaces__cpp
[ 16%] [34m[1mGenerating C++ type support for eProsima Fast-RTPS[0m
[ 16%] [34m[1mGenerating C++ introspection for ROS interfaces[0m
[ 16%] [34m[1mGenerating C++ type support dispatch for ROS interfaces[0m
running egg_info
creating hermes_interfaces.egg-info
writing hermes_interfaces.egg-info/PKG-INFO
writing dependency_links to hermes_interfaces.egg-info/dependency_links.txt
writing top-level names to hermes_interfaces.egg-info/top_level.txt
writing manifest file 'hermes_interfaces.egg-info/SOURCES.txt'
reading manifest file 'hermes_interfaces.egg-info/SOURCES.txt'
writing manifest file 'hermes_interfaces.egg-info/SOURCES.txt'
[ 16%] Built target ament_cmake_python_build_hermes_interfaces_egg
[ 19%] [32mBuilding C object CMakeFiles/hermes_interfaces__rosidl_generator_c.dir/rosidl_generator_c/hermes_interfaces/msg/detail/gps_fixed__functions.c.o[0m
[ 22%] [32m[1mLinking C shared library libhermes_interfaces__rosidl_generator_c.so[0m
[ 22%] Built target hermes_interfaces__rosidl_generator_c
[ 32%] [34m[1mGenerating C type support for eProsima Fast-RTPS[0m
[ 32%] [34m[1mGenerating C introspection for ROS interfaces[0m
[ 32%] [34m[1mGenerating C type support dispatch for ROS interfaces[0m
[ 35%] [32mBuilding CXX object CMakeFiles/hermes_interfaces__rosidl_typesupport_fastrtps_cpp.dir/rosidl_typesupport_fastrtps_cpp/hermes_interfaces/msg/detail/dds_fastrtps/gps_fixed__type_support.cpp.o[0m
[ 38%] [32mBuilding CXX object CMakeFiles/hermes_interfaces__rosidl_typesupport_cpp.dir/rosidl_typesupport_cpp/hermes_interfaces/msg/gps_fixed__type_support.cpp.o[0m
[ 41%] [32mBuilding CXX object CMakeFiles/hermes_interfaces__rosidl_typesupport_introspection_cpp.dir/rosidl_typesupport_introspection_cpp/hermes_interfaces/msg/detail/gps_fixed__type_support.cpp.o[0m
[ 45%] [32mBuilding CXX object CMakeFiles/hermes_interfaces__rosidl_typesupport_c.dir/rosidl_typesupport_c/hermes_interfaces/msg/gps_fixed__type_support.cpp.o[0m
[ 48%] [32m[1mLinking CXX shared library libhermes_interfaces__rosidl_typesupport_c.so[0m
[ 48%] Built target hermes_interfaces__rosidl_typesupport_c
[ 51%] [32mBuilding C object CMakeFiles/hermes_interfaces__rosidl_typesupport_introspection_c.dir/rosidl_typesupport_introspection_c/hermes_interfaces/msg/detail/gps_fixed__type_support.c.o[0m
[ 54%] [32mBuilding CXX object CMakeFiles/hermes_interfaces__rosidl_typesupport_fastrtps_c.dir/rosidl_typesupport_fastrtps_c/hermes_interfaces/msg/detail/gps_fixed__type_support_c.cpp.o[0m
[ 58%] [32m[1mLinking C shared library libhermes_interfaces__rosidl_typesupport_introspection_c.so[0m
[ 58%] Built target hermes_interfaces__rosidl_typesupport_introspection_c
[ 61%] [32m[1mLinking CXX shared library libhermes_interfaces__rosidl_typesupport_cpp.so[0m
[ 61%] Built target hermes_interfaces__rosidl_typesupport_cpp
[ 64%] [32m[1mLinking CXX shared library libhermes_interfaces__rosidl_typesupport_introspection_cpp.so[0m
[ 67%] [32m[1mLinking CXX shared library libhermes_interfaces__rosidl_typesupport_fastrtps_cpp.so[0m
[ 67%] Built target hermes_interfaces__rosidl_typesupport_introspection_cpp
[ 67%] Built target hermes_interfaces__rosidl_typesupport_fastrtps_cpp
[ 70%] [32m[1mLinking CXX shared library libhermes_interfaces__rosidl_typesupport_fastrtps_c.so[0m
[ 70%] Built target hermes_interfaces__rosidl_typesupport_fastrtps_c
[ 70%] Built target hermes_interfaces
[ 74%] [34m[1mGenerating Python code for ROS interfaces[0m
[ 74%] Built target hermes_interfaces__py
[ 77%] [32mBuilding C object CMakeFiles/hermes_interfaces__rosidl_generator_py.dir/rosidl_generator_py/hermes_interfaces/msg/_gps_fixed_s.c.o[0m
[ 80%] [32m[1mLinking C shared library rosidl_generator_py/hermes_interfaces/libhermes_interfaces__rosidl_generator_py.so[0m
[ 80%] Built target hermes_interfaces__rosidl_generator_py
[ 83%] [32mBuilding C object CMakeFiles/hermes_interfaces__rosidl_typesupport_fastrtps_c__pyext.dir/rosidl_generator_py/hermes_interfaces/_hermes_interfaces_s.ep.rosidl_typesupport_fastrtps_c.c.o[0m
[ 87%] [32mBuilding C object CMakeFiles/hermes_interfaces__rosidl_typesupport_introspection_c__pyext.dir/rosidl_generator_py/hermes_interfaces/_hermes_interfaces_s.ep.rosidl_typesupport_introspection_c.c.o[0m
[ 90%] [32mBuilding C object CMakeFiles/hermes_interfaces__rosidl_typesupport_c__pyext.dir/rosidl_generator_py/hermes_interfaces/_hermes_interfaces_s.ep.rosidl_typesupport_c.c.o[0m
[ 93%] [32m[1mLinking C shared library rosidl_generator_py/hermes_interfaces/hermes_interfaces_s__rosidl_typesupport_fastrtps_c.cpython-310-x86_64-linux-gnu.so[0m
[ 93%] Built target hermes_interfaces__rosidl_typesupport_fastrtps_c__pyext
[ 96%] [32m[1mLinking C shared library rosidl_generator_py/hermes_interfaces/hermes_interfaces_s__rosidl_typesupport_introspection_c.cpython-310-x86_64-linux-gnu.so[0m
[100%] [32m[1mLinking C shared library rosidl_generator_py/hermes_interfaces/hermes_interfaces_s__rosidl_typesupport_c.cpython-310-x86_64-linux-gnu.so[0m
[100%] Built target hermes_interfaces__rosidl_typesupport_introspection_c__pyext
[100%] Built target hermes_interfaces__rosidl_typesupport_c__pyext
