running egg_info
writing ../../build/robot_model/robot_model.egg-info/PKG-INFO
writing dependency_links to ../../build/robot_model/robot_model.egg-info/dependency_links.txt
writing entry points to ../../build/robot_model/robot_model.egg-info/entry_points.txt
writing requirements to ../../build/robot_model/robot_model.egg-info/requires.txt
writing top-level names to ../../build/robot_model/robot_model.egg-info/top_level.txt
reading manifest file '../../build/robot_model/robot_model.egg-info/SOURCES.txt'
writing manifest file '../../build/robot_model/robot_model.egg-info/SOURCES.txt'
running build
running build_py
creating /home/hermes/Hermes/hermes_ws/build/robot_model/build/lib/urdf
copying urdf/__init__.py -> /home/hermes/Hermes/hermes_ws/build/robot_model/build/lib/urdf
running install
running install_lib
creating /home/hermes/Hermes/hermes_ws/install/robot_model/lib/python3.10/site-packages/urdf
copying /home/hermes/Hermes/hermes_ws/build/robot_model/build/lib/urdf/__init__.py -> /home/hermes/Hermes/hermes_ws/install/robot_model/lib/python3.10/site-packages/urdf
byte-compiling /home/hermes/Hermes/hermes_ws/install/robot_model/lib/python3.10/site-packages/urdf/__init__.py to __init__.cpython-310.pyc
running install_data
copying package.xml -> /home/hermes/Hermes/hermes_ws/install/robot_model/share/robot_model
running install_egg_info
removing '/home/hermes/Hermes/hermes_ws/install/robot_model/lib/python3.10/site-packages/robot_model-0.0.0-py3.10.egg-info' (and everything under it)
Copying ../../build/robot_model/robot_model.egg-info to /home/hermes/Hermes/hermes_ws/install/robot_model/lib/python3.10/site-packages/robot_model-0.0.0-py3.10.egg-info
running install_scripts
writing list of installed files to '/home/hermes/Hermes/hermes_ws/build/robot_model/install.log'
