[1.445s] Invoking command in '/home/hermes/Hermes/hermes_ws/src/tof_publisher': PYTHONPATH=/home/hermes/Hermes/hermes_ws/build/tof_publisher/prefix_override:/home/hermes/Hermes/hermes_ws/install/tof_publisher/lib/python3.10/site-packages:${PYTHONPATH} /usr/bin/python3 -W ignore:setup.py install is deprecated setup.py egg_info --egg-base ../../build/tof_publisher build --build-base /home/hermes/Hermes/hermes_ws/build/tof_publisher/build install --record /home/hermes/Hermes/hermes_ws/build/tof_publisher/install.log --install-scripts $base/lib/tof_publisher --single-version-externally-managed install_data
[1.963s] /usr/lib/python3/dist-packages/setuptools/dist.py:723: UserWarning: Usage of dash-separated 'script-dir' will not be supported in future versions. Please use the underscore name 'script_dir' instead
[1.963s]   warnings.warn(
[1.981s] running egg_info
[1.982s] writing ../../build/tof_publisher/tof_publisher.egg-info/PKG-INFO
[1.983s] writing dependency_links to ../../build/tof_publisher/tof_publisher.egg-info/dependency_links.txt
[1.984s] writing entry points to ../../build/tof_publisher/tof_publisher.egg-info/entry_points.txt
[1.984s] writing requirements to ../../build/tof_publisher/tof_publisher.egg-info/requires.txt
[1.984s] writing top-level names to ../../build/tof_publisher/tof_publisher.egg-info/top_level.txt
[1.988s] reading manifest file '../../build/tof_publisher/tof_publisher.egg-info/SOURCES.txt'
[1.989s] writing manifest file '../../build/tof_publisher/tof_publisher.egg-info/SOURCES.txt'
[1.990s] running build
[1.990s] running build_py
[1.990s] running install
[1.991s] running install_lib
[1.994s] running install_data
[1.994s] running install_egg_info
[1.997s] removing '/home/hermes/Hermes/hermes_ws/install/tof_publisher/lib/python3.10/site-packages/tof_publisher-0.0.0-py3.10.egg-info' (and everything under it)
[1.998s] Copying ../../build/tof_publisher/tof_publisher.egg-info to /home/hermes/Hermes/hermes_ws/install/tof_publisher/lib/python3.10/site-packages/tof_publisher-0.0.0-py3.10.egg-info
[2.000s] running install_scripts
[2.045s] Installing tof_data script to /home/hermes/Hermes/hermes_ws/install/tof_publisher/lib/tof_publisher
[2.046s] writing list of installed files to '/home/hermes/Hermes/hermes_ws/build/tof_publisher/install.log'
[2.112s] Invoked command in '/home/hermes/Hermes/hermes_ws/src/tof_publisher' returned '0': PYTHONPATH=/home/hermes/Hermes/hermes_ws/build/tof_publisher/prefix_override:/home/hermes/Hermes/hermes_ws/install/tof_publisher/lib/python3.10/site-packages:${PYTHONPATH} /usr/bin/python3 -W ignore:setup.py install is deprecated setup.py egg_info --egg-base ../../build/tof_publisher build --build-base /home/hermes/Hermes/hermes_ws/build/tof_publisher/build install --record /home/hermes/Hermes/hermes_ws/build/tof_publisher/install.log --install-scripts $base/lib/tof_publisher --single-version-externally-managed install_data
