running develop
Removing /home/hermes/Hermes/hermes_ws/install/hermes_nav/lib/python3.10/site-packages/hermes-nav.egg-link (link to .)
running egg_info
writing ../../build/hermes_nav/hermes_nav.egg-info/PKG-INFO
writing dependency_links to ../../build/hermes_nav/hermes_nav.egg-info/dependency_links.txt
writing entry points to ../../build/hermes_nav/hermes_nav.egg-info/entry_points.txt
writing requirements to ../../build/hermes_nav/hermes_nav.egg-info/requires.txt
writing top-level names to ../../build/hermes_nav/hermes_nav.egg-info/top_level.txt
reading manifest file '../../build/hermes_nav/hermes_nav.egg-info/SOURCES.txt'
writing manifest file '../../build/hermes_nav/hermes_nav.egg-info/SOURCES.txt'
running build
running build_py
copying hermes_nav/interactive_waypoint_follower.py -> /home/hermes/Hermes/hermes_ws/build/hermes_nav/build/lib/hermes_nav
copying hermes_nav/gps_converter_node.py -> /home/hermes/Hermes/hermes_ws/build/hermes_nav/build/lib/hermes_nav
copying hermes_nav/__init__.py -> /home/hermes/Hermes/hermes_ws/build/hermes_nav/build/lib/hermes_nav
copying hermes_nav/logged_waypoint_follower.py -> /home/hermes/Hermes/hermes_ws/build/hermes_nav/build/lib/hermes_nav
copying hermes_nav/gps_waypoint_logger.py -> /home/hermes/Hermes/hermes_ws/build/hermes_nav/build/lib/hermes_nav
running install
running install_lib
creating /home/hermes/Hermes/hermes_ws/install/hermes_nav/lib/python3.10/site-packages/hermes_nav
copying /home/hermes/Hermes/hermes_ws/build/hermes_nav/build/lib/hermes_nav/interactive_waypoint_follower.py -> /home/hermes/Hermes/hermes_ws/install/hermes_nav/lib/python3.10/site-packages/hermes_nav
copying /home/hermes/Hermes/hermes_ws/build/hermes_nav/build/lib/hermes_nav/gps_converter_node.py -> /home/hermes/Hermes/hermes_ws/install/hermes_nav/lib/python3.10/site-packages/hermes_nav
copying /home/hermes/Hermes/hermes_ws/build/hermes_nav/build/lib/hermes_nav/__init__.py -> /home/hermes/Hermes/hermes_ws/install/hermes_nav/lib/python3.10/site-packages/hermes_nav
copying /home/hermes/Hermes/hermes_ws/build/hermes_nav/build/lib/hermes_nav/logged_waypoint_follower.py -> /home/hermes/Hermes/hermes_ws/install/hermes_nav/lib/python3.10/site-packages/hermes_nav
copying /home/hermes/Hermes/hermes_ws/build/hermes_nav/build/lib/hermes_nav/gps_waypoint_logger.py -> /home/hermes/Hermes/hermes_ws/install/hermes_nav/lib/python3.10/site-packages/hermes_nav
byte-compiling /home/hermes/Hermes/hermes_ws/install/hermes_nav/lib/python3.10/site-packages/hermes_nav/interactive_waypoint_follower.py to interactive_waypoint_follower.cpython-310.pyc
byte-compiling /home/hermes/Hermes/hermes_ws/install/hermes_nav/lib/python3.10/site-packages/hermes_nav/gps_converter_node.py to gps_converter_node.cpython-310.pyc
byte-compiling /home/hermes/Hermes/hermes_ws/install/hermes_nav/lib/python3.10/site-packages/hermes_nav/__init__.py to __init__.cpython-310.pyc
byte-compiling /home/hermes/Hermes/hermes_ws/install/hermes_nav/lib/python3.10/site-packages/hermes_nav/logged_waypoint_follower.py to logged_waypoint_follower.cpython-310.pyc
byte-compiling /home/hermes/Hermes/hermes_ws/install/hermes_nav/lib/python3.10/site-packages/hermes_nav/gps_waypoint_logger.py to gps_waypoint_logger.cpython-310.pyc
running install_data
copying resource/hermes_nav -> /home/hermes/Hermes/hermes_ws/install/hermes_nav/share/ament_index/resource_index/packages
copying package.xml -> /home/hermes/Hermes/hermes_ws/install/hermes_nav/share/hermes_nav
copying launch/launch_sim.launch.py -> /home/hermes/Hermes/hermes_ws/install/hermes_nav/share/hermes_nav/launch
copying launch/dual_ekf_navsat.launch.py -> /home/hermes/Hermes/hermes_ws/install/hermes_nav/share/hermes_nav/launch
copying launch/gps_waypoint_follower.launch.py -> /home/hermes/Hermes/hermes_ws/install/hermes_nav/share/hermes_nav/launch
copying launch/mapviz.launch.py -> /home/hermes/Hermes/hermes_ws/install/hermes_nav/share/hermes_nav/launch
copying launch/gazebo_gps_world_hermes.launch.py -> /home/hermes/Hermes/hermes_ws/install/hermes_nav/share/hermes_nav/launch
copying launch/rsp.launch.py -> /home/hermes/Hermes/hermes_ws/install/hermes_nav/share/hermes_nav/launch
running install_egg_info
Copying ../../build/hermes_nav/hermes_nav.egg-info to /home/hermes/Hermes/hermes_ws/install/hermes_nav/lib/python3.10/site-packages/hermes_nav-0.0.0-py3.10.egg-info
running install_scripts
Installing gps_converter_node script to /home/hermes/Hermes/hermes_ws/install/hermes_nav/lib/hermes_nav
Installing gps_waypoint_logger script to /home/hermes/Hermes/hermes_ws/install/hermes_nav/lib/hermes_nav
Installing interactive_waypoint_follower script to /home/hermes/Hermes/hermes_ws/install/hermes_nav/lib/hermes_nav
Installing logged_waypoint_follower script to /home/hermes/Hermes/hermes_ws/install/hermes_nav/lib/hermes_nav
writing list of installed files to '/home/hermes/Hermes/hermes_ws/build/hermes_nav/install.log'
