running egg_info
creating ../../build/odometry/odometry.egg-info
writing ../../build/odometry/odometry.egg-info/PKG-INFO
writing dependency_links to ../../build/odometry/odometry.egg-info/dependency_links.txt
writing entry points to ../../build/odometry/odometry.egg-info/entry_points.txt
writing requirements to ../../build/odometry/odometry.egg-info/requires.txt
writing top-level names to ../../build/odometry/odometry.egg-info/top_level.txt
writing manifest file '../../build/odometry/odometry.egg-info/SOURCES.txt'
reading manifest file '../../build/odometry/odometry.egg-info/SOURCES.txt'
adding license file 'LICENSE'
writing manifest file '../../build/odometry/odometry.egg-info/SOURCES.txt'
running build
running build_py
creating /home/aleksmalm/Hermes/hermes_ws/build/odometry/build
creating /home/aleksmalm/Hermes/hermes_ws/build/odometry/build/lib
creating /home/aleksmalm/Hermes/hermes_ws/build/odometry/build/lib/odometry
copying odometry/odometry_node.py -> /home/aleksmalm/Hermes/hermes_ws/build/odometry/build/lib/odometry
copying odometry/__init__.py -> /home/aleksmalm/Hermes/hermes_ws/build/odometry/build/lib/odometry
running install
running install_lib
creating /home/aleksmalm/Hermes/hermes_ws/install/odometry/lib/python3.10/site-packages/odometry
copying /home/aleksmalm/Hermes/hermes_ws/build/odometry/build/lib/odometry/odometry_node.py -> /home/aleksmalm/Hermes/hermes_ws/install/odometry/lib/python3.10/site-packages/odometry
copying /home/aleksmalm/Hermes/hermes_ws/build/odometry/build/lib/odometry/__init__.py -> /home/aleksmalm/Hermes/hermes_ws/install/odometry/lib/python3.10/site-packages/odometry
byte-compiling /home/aleksmalm/Hermes/hermes_ws/install/odometry/lib/python3.10/site-packages/odometry/odometry_node.py to odometry_node.cpython-310.pyc
byte-compiling /home/aleksmalm/Hermes/hermes_ws/install/odometry/lib/python3.10/site-packages/odometry/__init__.py to __init__.cpython-310.pyc
running install_data
creating /home/aleksmalm/Hermes/hermes_ws/install/odometry/share/ament_index
creating /home/aleksmalm/Hermes/hermes_ws/install/odometry/share/ament_index/resource_index
creating /home/aleksmalm/Hermes/hermes_ws/install/odometry/share/ament_index/resource_index/packages
copying resource/odometry -> /home/aleksmalm/Hermes/hermes_ws/install/odometry/share/ament_index/resource_index/packages
copying package.xml -> /home/aleksmalm/Hermes/hermes_ws/install/odometry/share/odometry
running install_egg_info
Copying ../../build/odometry/odometry.egg-info to /home/aleksmalm/Hermes/hermes_ws/install/odometry/lib/python3.10/site-packages/odometry-0.0.0-py3.10.egg-info
running install_scripts
Installing odometry_node script to /home/aleksmalm/Hermes/hermes_ws/install/odometry/lib/odometry
writing list of installed files to '/home/aleksmalm/Hermes/hermes_ws/build/odometry/install.log'
