[8.194s] Invoking command in '/home/raivo/Hermes/hermes_ws/src/imu_publisher': PYTHONPATH=/home/raivo/Hermes/hermes_ws/build/imu_publisher/prefix_override:/home/raivo/Hermes/hermes_ws/install/imu_publisher/lib/python3.8/site-packages:${PYTHONPATH} /usr/bin/python3 setup.py egg_info --egg-base ../../build/imu_publisher build --build-base /home/raivo/Hermes/hermes_ws/build/imu_publisher/build install --record /home/raivo/Hermes/hermes_ws/build/imu_publisher/install.log --single-version-externally-managed
[9.259s] running egg_info
[9.259s] writing ../../build/imu_publisher/imu_publisher.egg-info/PKG-INFO
[9.259s] writing dependency_links to ../../build/imu_publisher/imu_publisher.egg-info/dependency_links.txt
[9.259s] writing entry points to ../../build/imu_publisher/imu_publisher.egg-info/entry_points.txt
[9.259s] writing requirements to ../../build/imu_publisher/imu_publisher.egg-info/requires.txt
[9.259s] writing top-level names to ../../build/imu_publisher/imu_publisher.egg-info/top_level.txt
[9.259s] reading manifest file '../../build/imu_publisher/imu_publisher.egg-info/SOURCES.txt'
[9.259s] writing manifest file '../../build/imu_publisher/imu_publisher.egg-info/SOURCES.txt'
[9.259s] running build
[9.259s] running build_py
[9.260s] running install
[9.260s] running install_lib
[9.260s] running install_data
[9.260s] running install_egg_info
[9.260s] removing '/home/raivo/Hermes/hermes_ws/install/imu_publisher/lib/python3.8/site-packages/imu_publisher-0.0.0-py3.8.egg-info' (and everything under it)
[9.260s] Copying ../../build/imu_publisher/imu_publisher.egg-info to /home/raivo/Hermes/hermes_ws/install/imu_publisher/lib/python3.8/site-packages/imu_publisher-0.0.0-py3.8.egg-info
[9.260s] running install_scripts
[9.264s] Installing imu_publisher_node script to /home/raivo/Hermes/hermes_ws/install/imu_publisher/lib/imu_publisher
[9.264s] writing list of installed files to '/home/raivo/Hermes/hermes_ws/build/imu_publisher/install.log'
[10.284s] Invoked command in '/home/raivo/Hermes/hermes_ws/src/imu_publisher' returned '0': PYTHONPATH=/home/raivo/Hermes/hermes_ws/build/imu_publisher/prefix_override:/home/raivo/Hermes/hermes_ws/install/imu_publisher/lib/python3.8/site-packages:${PYTHONPATH} /usr/bin/python3 setup.py egg_info --egg-base ../../build/imu_publisher build --build-base /home/raivo/Hermes/hermes_ws/build/imu_publisher/build install --record /home/raivo/Hermes/hermes_ws/build/imu_publisher/install.log --single-version-externally-managed
