[3.442s] Invoking command in '/home/hermes/Hermes/hermes_ws/src/cameras': PYTHONPATH=/home/hermes/Hermes/hermes_ws/build/cameras/prefix_override:/home/hermes/Hermes/hermes_ws/install/cameras/lib/python3.10/site-packages:${PYTHONPATH} /usr/bin/python3 -W ignore:setup.py install is deprecated setup.py egg_info --egg-base ../../build/cameras build --build-base /home/hermes/Hermes/hermes_ws/build/cameras/build install --record /home/hermes/Hermes/hermes_ws/build/cameras/install.log --single-version-externally-managed install_data
[4.043s] running egg_info
[4.045s] writing ../../build/cameras/cameras.egg-info/PKG-INFO
[4.045s] writing dependency_links to ../../build/cameras/cameras.egg-info/dependency_links.txt
[4.046s] writing entry points to ../../build/cameras/cameras.egg-info/entry_points.txt
[4.046s] writing requirements to ../../build/cameras/cameras.egg-info/requires.txt
[4.046s] writing top-level names to ../../build/cameras/cameras.egg-info/top_level.txt
[4.051s] reading manifest file '../../build/cameras/cameras.egg-info/SOURCES.txt'
[4.052s] adding license file 'LICENSE'
[4.053s] writing manifest file '../../build/cameras/cameras.egg-info/SOURCES.txt'
[4.054s] running build
[4.054s] running build_py
[4.055s] running install
[4.056s] running install_lib
[4.060s] running install_data
[4.060s] running install_egg_info
[4.064s] removing '/home/hermes/Hermes/hermes_ws/install/cameras/lib/python3.10/site-packages/cameras-0.0.0-py3.10.egg-info' (and everything under it)
[4.065s] Copying ../../build/cameras/cameras.egg-info to /home/hermes/Hermes/hermes_ws/install/cameras/lib/python3.10/site-packages/cameras-0.0.0-py3.10.egg-info
[4.067s] running install_scripts
[4.125s] Installing cameras_node script to /home/hermes/Hermes/hermes_ws/install/cameras/lib/cameras
[4.127s] writing list of installed files to '/home/hermes/Hermes/hermes_ws/build/cameras/install.log'
[4.571s] Invoked command in '/home/hermes/Hermes/hermes_ws/src/cameras' returned '0': PYTHONPATH=/home/hermes/Hermes/hermes_ws/build/cameras/prefix_override:/home/hermes/Hermes/hermes_ws/install/cameras/lib/python3.10/site-packages:${PYTHONPATH} /usr/bin/python3 -W ignore:setup.py install is deprecated setup.py egg_info --egg-base ../../build/cameras build --build-base /home/hermes/Hermes/hermes_ws/build/cameras/build install --record /home/hermes/Hermes/hermes_ws/build/cameras/install.log --single-version-externally-managed install_data
