[0.042s] Invoking command in '/home/aleksmalm/Hermes/hermes_ws/build/rlnav2': CMAKE_PREFIX_PATH=${CMAKE_PREFIX_PATH}:/home/aleksmalm/Hermes/hermes_ws/install/tof_publisher:/home/aleksmalm/Hermes/hermes_ws/install/teleop_control:/home/aleksmalm/Hermes/hermes_ws/install/odometry:/home/aleksmalm/Hermes/hermes_ws/install/nav2_gps_waypoint_follower_demo:/home/aleksmalm/Hermes/hermes_ws/install/imu_publisher:/home/aleksmalm/Hermes/hermes_ws/install/cmd_vel:/home/aleksmalm/Hermes/hermes_ws/install/cameras:/opt/ros/humble /usr/bin/cmake --build /home/aleksmalm/Hermes/hermes_ws/build/rlnav2 -- -j12 -l12
[0.418s] Invoked command in '/home/aleksmalm/Hermes/hermes_ws/build/rlnav2' returned '0': CMAKE_PREFIX_PATH=${CMAKE_PREFIX_PATH}:/home/aleksmalm/Hermes/hermes_ws/install/tof_publisher:/home/aleksmalm/Hermes/hermes_ws/install/teleop_control:/home/aleksmalm/Hermes/hermes_ws/install/odometry:/home/aleksmalm/Hermes/hermes_ws/install/nav2_gps_waypoint_follower_demo:/home/aleksmalm/Hermes/hermes_ws/install/imu_publisher:/home/aleksmalm/Hermes/hermes_ws/install/cmd_vel:/home/aleksmalm/Hermes/hermes_ws/install/cameras:/opt/ros/humble /usr/bin/cmake --build /home/aleksmalm/Hermes/hermes_ws/build/rlnav2 -- -j12 -l12
[0.444s] Invoking command in '/home/aleksmalm/Hermes/hermes_ws/build/rlnav2': CMAKE_PREFIX_PATH=${CMAKE_PREFIX_PATH}:/home/aleksmalm/Hermes/hermes_ws/install/tof_publisher:/home/aleksmalm/Hermes/hermes_ws/install/teleop_control:/home/aleksmalm/Hermes/hermes_ws/install/odometry:/home/aleksmalm/Hermes/hermes_ws/install/nav2_gps_waypoint_follower_demo:/home/aleksmalm/Hermes/hermes_ws/install/imu_publisher:/home/aleksmalm/Hermes/hermes_ws/install/cmd_vel:/home/aleksmalm/Hermes/hermes_ws/install/cameras:/opt/ros/humble /usr/bin/cmake --install /home/aleksmalm/Hermes/hermes_ws/build/rlnav2
[0.450s] -- Install configuration: ""
[0.451s] -- Up-to-date: /home/aleksmalm/Hermes/hermes_ws/install/rlnav2/share/rlnav2//config
[0.451s] -- Up-to-date: /home/aleksmalm/Hermes/hermes_ws/install/rlnav2/share/rlnav2//config/demo_waypoints.yaml
[0.451s] -- Up-to-date: /home/aleksmalm/Hermes/hermes_ws/install/rlnav2/share/rlnav2//config/gps_wpf_demo.mvc
[0.452s] -- Up-to-date: /home/aleksmalm/Hermes/hermes_ws/install/rlnav2/share/rlnav2//config/dual_ekf_navsat_params.yaml
[0.452s] -- Up-to-date: /home/aleksmalm/Hermes/hermes_ws/install/rlnav2/share/rlnav2//config/test.yaml
[0.452s] -- Up-to-date: /home/aleksmalm/Hermes/hermes_ws/install/rlnav2/share/rlnav2//config/nav2_no_map_params.yaml
[0.452s] -- Up-to-date: /home/aleksmalm/Hermes/hermes_ws/install/rlnav2/share/rlnav2//launch
[0.452s] -- Up-to-date: /home/aleksmalm/Hermes/hermes_ws/install/rlnav2/share/rlnav2//launch/gazebo_gps_world.launch.py
[0.452s] -- Up-to-date: /home/aleksmalm/Hermes/hermes_ws/install/rlnav2/share/rlnav2//launch/rlbd_navigation_launch.py
[0.452s] -- Up-to-date: /home/aleksmalm/Hermes/hermes_ws/install/rlnav2/share/rlnav2//launch/mapviz.launch.py
[0.452s] -- Up-to-date: /home/aleksmalm/Hermes/hermes_ws/install/rlnav2/share/rlnav2//launch/dual_ekf_navsat.launch.py
[0.452s] -- Up-to-date: /home/aleksmalm/Hermes/hermes_ws/install/rlnav2/share/rlnav2//launch/gps_waypoint_follower.launch.py
[0.452s] -- Up-to-date: /home/aleksmalm/Hermes/hermes_ws/install/rlnav2/share/ament_index/resource_index/package_run_dependencies/rlnav2
[0.452s] -- Up-to-date: /home/aleksmalm/Hermes/hermes_ws/install/rlnav2/share/ament_index/resource_index/parent_prefix_path/rlnav2
[0.452s] -- Up-to-date: /home/aleksmalm/Hermes/hermes_ws/install/rlnav2/share/rlnav2/environment/ament_prefix_path.sh
[0.452s] -- Up-to-date: /home/aleksmalm/Hermes/hermes_ws/install/rlnav2/share/rlnav2/environment/ament_prefix_path.dsv
[0.452s] -- Up-to-date: /home/aleksmalm/Hermes/hermes_ws/install/rlnav2/share/rlnav2/environment/path.sh
[0.453s] -- Up-to-date: /home/aleksmalm/Hermes/hermes_ws/install/rlnav2/share/rlnav2/environment/path.dsv
[0.453s] -- Up-to-date: /home/aleksmalm/Hermes/hermes_ws/install/rlnav2/share/rlnav2/local_setup.bash
[0.453s] -- Up-to-date: /home/aleksmalm/Hermes/hermes_ws/install/rlnav2/share/rlnav2/local_setup.sh
[0.453s] -- Up-to-date: /home/aleksmalm/Hermes/hermes_ws/install/rlnav2/share/rlnav2/local_setup.zsh
[0.454s] -- Up-to-date: /home/aleksmalm/Hermes/hermes_ws/install/rlnav2/share/rlnav2/local_setup.dsv
[0.454s] -- Installing: /home/aleksmalm/Hermes/hermes_ws/install/rlnav2/share/rlnav2/package.dsv
[0.454s] -- Up-to-date: /home/aleksmalm/Hermes/hermes_ws/install/rlnav2/share/ament_index/resource_index/packages/rlnav2
[0.454s] -- Up-to-date: /home/aleksmalm/Hermes/hermes_ws/install/rlnav2/share/rlnav2/cmake/rlnav2Config.cmake
[0.454s] -- Up-to-date: /home/aleksmalm/Hermes/hermes_ws/install/rlnav2/share/rlnav2/cmake/rlnav2Config-version.cmake
[0.454s] -- Up-to-date: /home/aleksmalm/Hermes/hermes_ws/install/rlnav2/share/rlnav2/package.xml
[0.457s] Invoked command in '/home/aleksmalm/Hermes/hermes_ws/build/rlnav2' returned '0': CMAKE_PREFIX_PATH=${CMAKE_PREFIX_PATH}:/home/aleksmalm/Hermes/hermes_ws/install/tof_publisher:/home/aleksmalm/Hermes/hermes_ws/install/teleop_control:/home/aleksmalm/Hermes/hermes_ws/install/odometry:/home/aleksmalm/Hermes/hermes_ws/install/nav2_gps_waypoint_follower_demo:/home/aleksmalm/Hermes/hermes_ws/install/imu_publisher:/home/aleksmalm/Hermes/hermes_ws/install/cmd_vel:/home/aleksmalm/Hermes/hermes_ws/install/cameras:/opt/ros/humble /usr/bin/cmake --install /home/aleksmalm/Hermes/hermes_ws/build/rlnav2
