[2.377s] Invoking command in '/home/hermes/Hermes/hermes_ws/src/my_tf2_broadcaster': PYTHONPATH=/home/hermes/Hermes/hermes_ws/build/my_tf2_broadcaster/prefix_override:/home/hermes/Hermes/hermes_ws/install/my_tf2_broadcaster/lib/python3.10/site-packages:${PYTHONPATH} /usr/bin/python3 -W ignore:setup.py install is deprecated setup.py egg_info --egg-base ../../build/my_tf2_broadcaster build --build-base /home/hermes/Hermes/hermes_ws/build/my_tf2_broadcaster/build install --record /home/hermes/Hermes/hermes_ws/build/my_tf2_broadcaster/install.log --single-version-externally-managed install_data
[3.065s] running egg_info
[3.067s] writing ../../build/my_tf2_broadcaster/my_tf2_broadcaster.egg-info/PKG-INFO
[3.068s] writing dependency_links to ../../build/my_tf2_broadcaster/my_tf2_broadcaster.egg-info/dependency_links.txt
[3.069s] writing entry points to ../../build/my_tf2_broadcaster/my_tf2_broadcaster.egg-info/entry_points.txt
[3.069s] writing requirements to ../../build/my_tf2_broadcaster/my_tf2_broadcaster.egg-info/requires.txt
[3.069s] writing top-level names to ../../build/my_tf2_broadcaster/my_tf2_broadcaster.egg-info/top_level.txt
[3.075s] reading manifest file '../../build/my_tf2_broadcaster/my_tf2_broadcaster.egg-info/SOURCES.txt'
[3.077s] writing manifest file '../../build/my_tf2_broadcaster/my_tf2_broadcaster.egg-info/SOURCES.txt'
[3.078s] running build
[3.078s] running build_py
[3.078s] running install
[3.079s] running install_lib
[3.085s] running install_data
[3.085s] running install_egg_info
[3.093s] removing '/home/hermes/Hermes/hermes_ws/install/my_tf2_broadcaster/lib/python3.10/site-packages/my_tf2_broadcaster-0.0.0-py3.10.egg-info' (and everything under it)
[3.093s] Copying ../../build/my_tf2_broadcaster/my_tf2_broadcaster.egg-info to /home/hermes/Hermes/hermes_ws/install/my_tf2_broadcaster/lib/python3.10/site-packages/my_tf2_broadcaster-0.0.0-py3.10.egg-info
[3.095s] running install_scripts
[3.151s] Installing static_tf_broadcaster script to /home/hermes/Hermes/hermes_ws/install/my_tf2_broadcaster/lib/my_tf2_broadcaster
[3.154s] writing list of installed files to '/home/hermes/Hermes/hermes_ws/build/my_tf2_broadcaster/install.log'
[3.869s] Invoked command in '/home/hermes/Hermes/hermes_ws/src/my_tf2_broadcaster' returned '0': PYTHONPATH=/home/hermes/Hermes/hermes_ws/build/my_tf2_broadcaster/prefix_override:/home/hermes/Hermes/hermes_ws/install/my_tf2_broadcaster/lib/python3.10/site-packages:${PYTHONPATH} /usr/bin/python3 -W ignore:setup.py install is deprecated setup.py egg_info --egg-base ../../build/my_tf2_broadcaster build --build-base /home/hermes/Hermes/hermes_ws/build/my_tf2_broadcaster/build install --record /home/hermes/Hermes/hermes_ws/build/my_tf2_broadcaster/install.log --single-version-externally-managed install_data
