[7.306s] Invoking command in '/home/hermes/Hermes/hermes_ws/src/teleop_control': PYTHONPATH=/home/hermes/Hermes/hermes_ws/build/teleop_control/prefix_override:/home/hermes/Hermes/hermes_ws/install/teleop_control/lib/python3.10/site-packages:${PYTHONPATH} /usr/bin/python3 -W ignore:setup.py install is deprecated setup.py egg_info --egg-base ../../build/teleop_control build --build-base /home/hermes/Hermes/hermes_ws/build/teleop_control/build install --record /home/hermes/Hermes/hermes_ws/build/teleop_control/install.log --single-version-externally-managed install_data
[8.852s] running egg_info
[8.859s] creating ../../build/teleop_control/teleop_control.egg-info
[8.863s] writing ../../build/teleop_control/teleop_control.egg-info/PKG-INFO
[8.888s] writing dependency_links to ../../build/teleop_control/teleop_control.egg-info/dependency_links.txt
[8.889s] writing entry points to ../../build/teleop_control/teleop_control.egg-info/entry_points.txt
[8.889s] writing requirements to ../../build/teleop_control/teleop_control.egg-info/requires.txt
[8.889s] writing top-level names to ../../build/teleop_control/teleop_control.egg-info/top_level.txt
[8.889s] writing manifest file '../../build/teleop_control/teleop_control.egg-info/SOURCES.txt'
[8.899s] reading manifest file '../../build/teleop_control/teleop_control.egg-info/SOURCES.txt'
[8.900s] adding license file 'LICENSE'
[8.907s] writing manifest file '../../build/teleop_control/teleop_control.egg-info/SOURCES.txt'
[8.909s] running build
[8.909s] running build_py
[8.912s] creating /home/hermes/Hermes/hermes_ws/build/teleop_control/build
[8.913s] creating /home/hermes/Hermes/hermes_ws/build/teleop_control/build/lib
[8.913s] creating /home/hermes/Hermes/hermes_ws/build/teleop_control/build/lib/teleop_control
[8.913s] copying teleop_control/keyboard_teleop.py -> /home/hermes/Hermes/hermes_ws/build/teleop_control/build/lib/teleop_control
[8.916s] copying teleop_control/__init__.py -> /home/hermes/Hermes/hermes_ws/build/teleop_control/build/lib/teleop_control
[8.916s] copying teleop_control/teleop_control_node.py -> /home/hermes/Hermes/hermes_ws/build/teleop_control/build/lib/teleop_control
[8.920s] copying teleop_control/joytorec.py -> /home/hermes/Hermes/hermes_ws/build/teleop_control/build/lib/teleop_control
[8.922s] copying teleop_control/joytopub.py -> /home/hermes/Hermes/hermes_ws/build/teleop_control/build/lib/teleop_control
[8.927s] running install
[8.930s] running install_lib
[8.941s] creating /home/hermes/Hermes/hermes_ws/install/teleop_control/lib/python3.10/site-packages/teleop_control
[8.941s] copying /home/hermes/Hermes/hermes_ws/build/teleop_control/build/lib/teleop_control/keyboard_teleop.py -> /home/hermes/Hermes/hermes_ws/install/teleop_control/lib/python3.10/site-packages/teleop_control
[8.944s] copying /home/hermes/Hermes/hermes_ws/build/teleop_control/build/lib/teleop_control/__init__.py -> /home/hermes/Hermes/hermes_ws/install/teleop_control/lib/python3.10/site-packages/teleop_control
[8.944s] copying /home/hermes/Hermes/hermes_ws/build/teleop_control/build/lib/teleop_control/teleop_control_node.py -> /home/hermes/Hermes/hermes_ws/install/teleop_control/lib/python3.10/site-packages/teleop_control
[8.944s] copying /home/hermes/Hermes/hermes_ws/build/teleop_control/build/lib/teleop_control/joytorec.py -> /home/hermes/Hermes/hermes_ws/install/teleop_control/lib/python3.10/site-packages/teleop_control
[8.948s] copying /home/hermes/Hermes/hermes_ws/build/teleop_control/build/lib/teleop_control/joytopub.py -> /home/hermes/Hermes/hermes_ws/install/teleop_control/lib/python3.10/site-packages/teleop_control
[8.955s] byte-compiling /home/hermes/Hermes/hermes_ws/install/teleop_control/lib/python3.10/site-packages/teleop_control/keyboard_teleop.py to keyboard_teleop.cpython-310.pyc
[8.964s] byte-compiling /home/hermes/Hermes/hermes_ws/install/teleop_control/lib/python3.10/site-packages/teleop_control/__init__.py to __init__.cpython-310.pyc
[8.969s] byte-compiling /home/hermes/Hermes/hermes_ws/install/teleop_control/lib/python3.10/site-packages/teleop_control/teleop_control_node.py to teleop_control_node.cpython-310.pyc
[8.970s] byte-compiling /home/hermes/Hermes/hermes_ws/install/teleop_control/lib/python3.10/site-packages/teleop_control/joytorec.py to joytorec.cpython-310.pyc
[8.976s] byte-compiling /home/hermes/Hermes/hermes_ws/install/teleop_control/lib/python3.10/site-packages/teleop_control/joytopub.py to joytopub.cpython-310.pyc
[8.979s] running install_data
[8.980s] creating /home/hermes/Hermes/hermes_ws/install/teleop_control/share/ament_index
[8.981s] creating /home/hermes/Hermes/hermes_ws/install/teleop_control/share/ament_index/resource_index
[8.981s] creating /home/hermes/Hermes/hermes_ws/install/teleop_control/share/ament_index/resource_index/packages
[8.981s] copying resource/teleop_control -> /home/hermes/Hermes/hermes_ws/install/teleop_control/share/ament_index/resource_index/packages
[8.988s] copying package.xml -> /home/hermes/Hermes/hermes_ws/install/teleop_control/share/teleop_control
[8.989s] running install_egg_info
[9.038s] Copying ../../build/teleop_control/teleop_control.egg-info to /home/hermes/Hermes/hermes_ws/install/teleop_control/lib/python3.10/site-packages/teleop_control-0.0.0-py3.10.egg-info
[9.059s] running install_scripts
[9.307s] Installing teleop_control_node script to /home/hermes/Hermes/hermes_ws/install/teleop_control/lib/teleop_control
[9.311s] writing list of installed files to '/home/hermes/Hermes/hermes_ws/build/teleop_control/install.log'
[9.667s] Invoked command in '/home/hermes/Hermes/hermes_ws/src/teleop_control' returned '0': PYTHONPATH=/home/hermes/Hermes/hermes_ws/build/teleop_control/prefix_override:/home/hermes/Hermes/hermes_ws/install/teleop_control/lib/python3.10/site-packages:${PYTHONPATH} /usr/bin/python3 -W ignore:setup.py install is deprecated setup.py egg_info --egg-base ../../build/teleop_control build --build-base /home/hermes/Hermes/hermes_ws/build/teleop_control/build install --record /home/hermes/Hermes/hermes_ws/build/teleop_control/install.log --single-version-externally-managed install_data
