[0.043s] Invoking command in '/home/aleksmalm/Hermes/hermes_ws/build/ldlidar_component': CMAKE_PREFIX_PATH=${CMAKE_PREFIX_PATH}:/home/aleksmalm/Hermes/hermes_ws/install/tof_publisher:/home/aleksmalm/Hermes/hermes_ws/install/teleop_control:/home/aleksmalm/Hermes/hermes_ws/install/odometry:/home/aleksmalm/Hermes/hermes_ws/install/nav2_gps_waypoint_follower_demo:/home/aleksmalm/Hermes/hermes_ws/install/imu_publisher:/home/aleksmalm/Hermes/hermes_ws/install/cmd_vel:/home/aleksmalm/Hermes/hermes_ws/install/cameras:/opt/ros/humble /usr/bin/cmake --build /home/aleksmalm/Hermes/hermes_ws/build/ldlidar_component -- -j12 -l12
[0.955s] [ 70%] Built target ldlidar
[0.956s] [100%] Built target ldlidar_component
[0.958s] Invoked command in '/home/aleksmalm/Hermes/hermes_ws/build/ldlidar_component' returned '0': CMAKE_PREFIX_PATH=${CMAKE_PREFIX_PATH}:/home/aleksmalm/Hermes/hermes_ws/install/tof_publisher:/home/aleksmalm/Hermes/hermes_ws/install/teleop_control:/home/aleksmalm/Hermes/hermes_ws/install/odometry:/home/aleksmalm/Hermes/hermes_ws/install/nav2_gps_waypoint_follower_demo:/home/aleksmalm/Hermes/hermes_ws/install/imu_publisher:/home/aleksmalm/Hermes/hermes_ws/install/cmd_vel:/home/aleksmalm/Hermes/hermes_ws/install/cameras:/opt/ros/humble /usr/bin/cmake --build /home/aleksmalm/Hermes/hermes_ws/build/ldlidar_component -- -j12 -l12
[0.989s] Invoking command in '/home/aleksmalm/Hermes/hermes_ws/build/ldlidar_component': CMAKE_PREFIX_PATH=${CMAKE_PREFIX_PATH}:/home/aleksmalm/Hermes/hermes_ws/install/tof_publisher:/home/aleksmalm/Hermes/hermes_ws/install/teleop_control:/home/aleksmalm/Hermes/hermes_ws/install/odometry:/home/aleksmalm/Hermes/hermes_ws/install/nav2_gps_waypoint_follower_demo:/home/aleksmalm/Hermes/hermes_ws/install/imu_publisher:/home/aleksmalm/Hermes/hermes_ws/install/cmd_vel:/home/aleksmalm/Hermes/hermes_ws/install/cameras:/opt/ros/humble /usr/bin/cmake --install /home/aleksmalm/Hermes/hermes_ws/build/ldlidar_component
[1.001s] -- Install configuration: "Release"
[1.002s] -- Up-to-date: /home/aleksmalm/Hermes/hermes_ws/install/ldlidar_component/lib/libldlidar_component.so
[1.004s] -- Up-to-date: /home/aleksmalm/Hermes/hermes_ws/install/ldlidar_component/include/ldlidar_component/
[1.004s] -- Up-to-date: /home/aleksmalm/Hermes/hermes_ws/install/ldlidar_component/include/ldlidar_component//ldlidar_component.hpp
[1.004s] -- Up-to-date: /home/aleksmalm/Hermes/hermes_ws/install/ldlidar_component/include/ldlidar_component//defines.hpp
[1.005s] -- Up-to-date: /home/aleksmalm/Hermes/hermes_ws/install/ldlidar_component/include/ldlidar_component/
[1.005s] -- Up-to-date: /home/aleksmalm/Hermes/hermes_ws/install/ldlidar_component/include/ldlidar_component//ldlidar_tools.hpp
[1.005s] -- Up-to-date: /home/aleksmalm/Hermes/hermes_ws/install/ldlidar_component/include/ldlidar_component/
[1.005s] -- Up-to-date: /home/aleksmalm/Hermes/hermes_ws/install/ldlidar_component/include/ldlidar_component//visibility_control.hpp
[1.005s] -- Up-to-date: /home/aleksmalm/Hermes/hermes_ws/install/ldlidar_component/include/ldlidar_component/
[1.005s] -- Up-to-date: /home/aleksmalm/Hermes/hermes_ws/install/ldlidar_component/include/ldlidar_component//ldlidar_datatype.h
[1.006s] -- Up-to-date: /home/aleksmalm/Hermes/hermes_ws/install/ldlidar_component/include/ldlidar_component//ldlidar_driver.h
[1.007s] -- Up-to-date: /home/aleksmalm/Hermes/hermes_ws/install/ldlidar_component/include/ldlidar_component/
[1.007s] -- Up-to-date: /home/aleksmalm/Hermes/hermes_ws/install/ldlidar_component/include/ldlidar_component//lipkg.h
[1.007s] -- Up-to-date: /home/aleksmalm/Hermes/hermes_ws/install/ldlidar_component/include/ldlidar_component/
[1.007s] -- Up-to-date: /home/aleksmalm/Hermes/hermes_ws/install/ldlidar_component/include/ldlidar_component//tofbf.h
[1.007s] -- Up-to-date: /home/aleksmalm/Hermes/hermes_ws/install/ldlidar_component/include/ldlidar_component/
[1.007s] -- Up-to-date: /home/aleksmalm/Hermes/hermes_ws/install/ldlidar_component/include/ldlidar_component//log_module.h
[1.007s] -- Up-to-date: /home/aleksmalm/Hermes/hermes_ws/install/ldlidar_component/include/ldlidar_component/
[1.007s] -- Up-to-date: /home/aleksmalm/Hermes/hermes_ws/install/ldlidar_component/include/ldlidar_component//network_socket_interface_linux.h
[1.007s] -- Up-to-date: /home/aleksmalm/Hermes/hermes_ws/install/ldlidar_component/include/ldlidar_component/
[1.007s] -- Up-to-date: /home/aleksmalm/Hermes/hermes_ws/install/ldlidar_component/include/ldlidar_component//serial_interface_linux.h
[1.007s] -- Up-to-date: /home/aleksmalm/Hermes/hermes_ws/install/ldlidar_component/share/ldlidar_component/environment/library_path.sh
[1.007s] -- Up-to-date: /home/aleksmalm/Hermes/hermes_ws/install/ldlidar_component/share/ldlidar_component/environment/library_path.dsv
[1.007s] -- Up-to-date: /home/aleksmalm/Hermes/hermes_ws/install/ldlidar_component/share/ament_index/resource_index/package_run_dependencies/ldlidar_component
[1.008s] -- Up-to-date: /home/aleksmalm/Hermes/hermes_ws/install/ldlidar_component/share/ament_index/resource_index/parent_prefix_path/ldlidar_component
[1.008s] -- Up-to-date: /home/aleksmalm/Hermes/hermes_ws/install/ldlidar_component/share/ldlidar_component/environment/ament_prefix_path.sh
[1.008s] -- Up-to-date: /home/aleksmalm/Hermes/hermes_ws/install/ldlidar_component/share/ldlidar_component/environment/ament_prefix_path.dsv
[1.008s] -- Up-to-date: /home/aleksmalm/Hermes/hermes_ws/install/ldlidar_component/share/ldlidar_component/environment/path.sh
[1.008s] -- Up-to-date: /home/aleksmalm/Hermes/hermes_ws/install/ldlidar_component/share/ldlidar_component/environment/path.dsv
[1.008s] -- Up-to-date: /home/aleksmalm/Hermes/hermes_ws/install/ldlidar_component/share/ldlidar_component/local_setup.bash
[1.008s] -- Up-to-date: /home/aleksmalm/Hermes/hermes_ws/install/ldlidar_component/share/ldlidar_component/local_setup.sh
[1.008s] -- Up-to-date: /home/aleksmalm/Hermes/hermes_ws/install/ldlidar_component/share/ldlidar_component/local_setup.zsh
[1.008s] -- Up-to-date: /home/aleksmalm/Hermes/hermes_ws/install/ldlidar_component/share/ldlidar_component/local_setup.dsv
[1.009s] -- Installing: /home/aleksmalm/Hermes/hermes_ws/install/ldlidar_component/share/ldlidar_component/package.dsv
[1.009s] -- Up-to-date: /home/aleksmalm/Hermes/hermes_ws/install/ldlidar_component/share/ament_index/resource_index/packages/ldlidar_component
[1.010s] -- Up-to-date: /home/aleksmalm/Hermes/hermes_ws/install/ldlidar_component/share/ament_index/resource_index/rclcpp_components/ldlidar_component
[1.010s] -- Up-to-date: /home/aleksmalm/Hermes/hermes_ws/install/ldlidar_component/share/ldlidar_component/cmake/ament_cmake_export_include_directories-extras.cmake
[1.010s] -- Up-to-date: /home/aleksmalm/Hermes/hermes_ws/install/ldlidar_component/share/ldlidar_component/cmake/ament_cmake_export_libraries-extras.cmake
[1.010s] -- Up-to-date: /home/aleksmalm/Hermes/hermes_ws/install/ldlidar_component/share/ldlidar_component/cmake/ament_cmake_export_dependencies-extras.cmake
[1.010s] -- Up-to-date: /home/aleksmalm/Hermes/hermes_ws/install/ldlidar_component/share/ldlidar_component/cmake/ldlidar_componentConfig.cmake
[1.010s] -- Up-to-date: /home/aleksmalm/Hermes/hermes_ws/install/ldlidar_component/share/ldlidar_component/cmake/ldlidar_componentConfig-version.cmake
[1.010s] -- Up-to-date: /home/aleksmalm/Hermes/hermes_ws/install/ldlidar_component/share/ldlidar_component/package.xml
[1.036s] Invoked command in '/home/aleksmalm/Hermes/hermes_ws/build/ldlidar_component' returned '0': CMAKE_PREFIX_PATH=${CMAKE_PREFIX_PATH}:/home/aleksmalm/Hermes/hermes_ws/install/tof_publisher:/home/aleksmalm/Hermes/hermes_ws/install/teleop_control:/home/aleksmalm/Hermes/hermes_ws/install/odometry:/home/aleksmalm/Hermes/hermes_ws/install/nav2_gps_waypoint_follower_demo:/home/aleksmalm/Hermes/hermes_ws/install/imu_publisher:/home/aleksmalm/Hermes/hermes_ws/install/cmd_vel:/home/aleksmalm/Hermes/hermes_ws/install/cameras:/opt/ros/humble /usr/bin/cmake --install /home/aleksmalm/Hermes/hermes_ws/build/ldlidar_component
