running egg_info
creating ../../build/tof_publisher/tof_publisher.egg-info
writing ../../build/tof_publisher/tof_publisher.egg-info/PKG-INFO
writing dependency_links to ../../build/tof_publisher/tof_publisher.egg-info/dependency_links.txt
writing entry points to ../../build/tof_publisher/tof_publisher.egg-info/entry_points.txt
writing requirements to ../../build/tof_publisher/tof_publisher.egg-info/requires.txt
writing top-level names to ../../build/tof_publisher/tof_publisher.egg-info/top_level.txt
writing manifest file '../../build/tof_publisher/tof_publisher.egg-info/SOURCES.txt'
reading manifest file '../../build/tof_publisher/tof_publisher.egg-info/SOURCES.txt'
writing manifest file '../../build/tof_publisher/tof_publisher.egg-info/SOURCES.txt'
running build
running build_py
creating /home/aleksmalm/Hermes/hermes_ws/build/tof_publisher/build
creating /home/aleksmalm/Hermes/hermes_ws/build/tof_publisher/build/lib
creating /home/aleksmalm/Hermes/hermes_ws/build/tof_publisher/build/lib/tof_publisher
copying tof_publisher/__init__.py -> /home/aleksmalm/Hermes/hermes_ws/build/tof_publisher/build/lib/tof_publisher
copying tof_publisher/tof_data.py -> /home/aleksmalm/Hermes/hermes_ws/build/tof_publisher/build/lib/tof_publisher
running install
running install_lib
creating /home/aleksmalm/Hermes/hermes_ws/install/tof_publisher/lib/python3.10/site-packages/tof_publisher
copying /home/aleksmalm/Hermes/hermes_ws/build/tof_publisher/build/lib/tof_publisher/__init__.py -> /home/aleksmalm/Hermes/hermes_ws/install/tof_publisher/lib/python3.10/site-packages/tof_publisher
copying /home/aleksmalm/Hermes/hermes_ws/build/tof_publisher/build/lib/tof_publisher/tof_data.py -> /home/aleksmalm/Hermes/hermes_ws/install/tof_publisher/lib/python3.10/site-packages/tof_publisher
byte-compiling /home/aleksmalm/Hermes/hermes_ws/install/tof_publisher/lib/python3.10/site-packages/tof_publisher/__init__.py to __init__.cpython-310.pyc
byte-compiling /home/aleksmalm/Hermes/hermes_ws/install/tof_publisher/lib/python3.10/site-packages/tof_publisher/tof_data.py to tof_data.cpython-310.pyc
running install_data
creating /home/aleksmalm/Hermes/hermes_ws/install/tof_publisher/share/ament_index
creating /home/aleksmalm/Hermes/hermes_ws/install/tof_publisher/share/ament_index/resource_index
creating /home/aleksmalm/Hermes/hermes_ws/install/tof_publisher/share/ament_index/resource_index/packages
copying resource/tof_publisher -> /home/aleksmalm/Hermes/hermes_ws/install/tof_publisher/share/ament_index/resource_index/packages
copying package.xml -> /home/aleksmalm/Hermes/hermes_ws/install/tof_publisher/share/tof_publisher
running install_egg_info
Copying ../../build/tof_publisher/tof_publisher.egg-info to /home/aleksmalm/Hermes/hermes_ws/install/tof_publisher/lib/python3.10/site-packages/tof_publisher-0.0.0-py3.10.egg-info
running install_scripts
Installing tof_data = tof_publisher.tof_data:maininteractive_waypoint_follower script to /home/aleksmalm/Hermes/hermes_ws/install/tof_publisher/lib/tof_publisher
writing list of installed files to '/home/aleksmalm/Hermes/hermes_ws/build/tof_publisher/install.log'
