[0.090s] Invoking command in '/home/hermes/Hermes/hermes_ws/build/ldlidar_component': CMAKE_PREFIX_PATH=${CMAKE_PREFIX_PATH}:/home/hermes/Hermes/hermes_ws/src/install/tof_publisher:/home/hermes/Hermes/hermes_ws/src/install/teleop_control:/home/hermes/Hermes/hermes_ws/src/install/robot_localization_pkg:/home/hermes/Hermes/hermes_ws/src/install/path_creator:/home/hermes/Hermes/hermes_ws/src/install/my_tf2_broadcaster:/home/hermes/Hermes/hermes_ws/src/install/multi_package_launcher:/home/hermes/Hermes/hermes_ws/src/install/icm20948_publisher:/home/hermes/Hermes/hermes_ws/src/install/hermes_nav:/home/hermes/Hermes/hermes_ws/src/install/gps_publisher:/home/hermes/Hermes/hermes_ws/src/install/cmd_vel:/home/hermes/Hermes/hermes_ws/src/install/cameras:/home/hermes/Hermes/hermes_ws/install/multi_package_launcher:/home/hermes/Hermes/hermes_ws/install/tof_publisher:/home/hermes/Hermes/hermes_ws/install/teleop_control:/home/hermes/Hermes/hermes_ws/install/robot_localization_pkg:/home/hermes/Hermes/hermes_ws/install/path_creator:/home/hermes/Hermes/hermes_ws/install/my_tf2_broadcaster:/home/hermes/Hermes/hermes_ws/install/icm20948_publisher:/home/hermes/Hermes/hermes_ws/install/hermes_nav:/home/hermes/Hermes/hermes_ws/install/gps_publisher:/home/hermes/Hermes/hermes_ws/install/cmd_vel:/home/hermes/Hermes/hermes_ws/install/cameras:/opt/ros/humble /usr/bin/cmake --build /home/hermes/Hermes/hermes_ws/build/ldlidar_component -- -j6 -l6
[0.821s] [35m[1mConsolidate compiler generated dependencies of target ldlidar[0m
[0.823s] [ 70%] Built target ldlidar
[0.824s] [35m[1mConsolidate compiler generated dependencies of target ldlidar_component[0m
[0.824s] [100%] Built target ldlidar_component
[1.490s] Invoked command in '/home/hermes/Hermes/hermes_ws/build/ldlidar_component' returned '0': CMAKE_PREFIX_PATH=${CMAKE_PREFIX_PATH}:/home/hermes/Hermes/hermes_ws/src/install/tof_publisher:/home/hermes/Hermes/hermes_ws/src/install/teleop_control:/home/hermes/Hermes/hermes_ws/src/install/robot_localization_pkg:/home/hermes/Hermes/hermes_ws/src/install/path_creator:/home/hermes/Hermes/hermes_ws/src/install/my_tf2_broadcaster:/home/hermes/Hermes/hermes_ws/src/install/multi_package_launcher:/home/hermes/Hermes/hermes_ws/src/install/icm20948_publisher:/home/hermes/Hermes/hermes_ws/src/install/hermes_nav:/home/hermes/Hermes/hermes_ws/src/install/gps_publisher:/home/hermes/Hermes/hermes_ws/src/install/cmd_vel:/home/hermes/Hermes/hermes_ws/src/install/cameras:/home/hermes/Hermes/hermes_ws/install/multi_package_launcher:/home/hermes/Hermes/hermes_ws/install/tof_publisher:/home/hermes/Hermes/hermes_ws/install/teleop_control:/home/hermes/Hermes/hermes_ws/install/robot_localization_pkg:/home/hermes/Hermes/hermes_ws/install/path_creator:/home/hermes/Hermes/hermes_ws/install/my_tf2_broadcaster:/home/hermes/Hermes/hermes_ws/install/icm20948_publisher:/home/hermes/Hermes/hermes_ws/install/hermes_nav:/home/hermes/Hermes/hermes_ws/install/gps_publisher:/home/hermes/Hermes/hermes_ws/install/cmd_vel:/home/hermes/Hermes/hermes_ws/install/cameras:/opt/ros/humble /usr/bin/cmake --build /home/hermes/Hermes/hermes_ws/build/ldlidar_component -- -j6 -l6
[1.595s] Invoking command in '/home/hermes/Hermes/hermes_ws/build/ldlidar_component': CMAKE_PREFIX_PATH=${CMAKE_PREFIX_PATH}:/home/hermes/Hermes/hermes_ws/src/install/tof_publisher:/home/hermes/Hermes/hermes_ws/src/install/teleop_control:/home/hermes/Hermes/hermes_ws/src/install/robot_localization_pkg:/home/hermes/Hermes/hermes_ws/src/install/path_creator:/home/hermes/Hermes/hermes_ws/src/install/my_tf2_broadcaster:/home/hermes/Hermes/hermes_ws/src/install/multi_package_launcher:/home/hermes/Hermes/hermes_ws/src/install/icm20948_publisher:/home/hermes/Hermes/hermes_ws/src/install/hermes_nav:/home/hermes/Hermes/hermes_ws/src/install/gps_publisher:/home/hermes/Hermes/hermes_ws/src/install/cmd_vel:/home/hermes/Hermes/hermes_ws/src/install/cameras:/home/hermes/Hermes/hermes_ws/install/multi_package_launcher:/home/hermes/Hermes/hermes_ws/install/tof_publisher:/home/hermes/Hermes/hermes_ws/install/teleop_control:/home/hermes/Hermes/hermes_ws/install/robot_localization_pkg:/home/hermes/Hermes/hermes_ws/install/path_creator:/home/hermes/Hermes/hermes_ws/install/my_tf2_broadcaster:/home/hermes/Hermes/hermes_ws/install/icm20948_publisher:/home/hermes/Hermes/hermes_ws/install/hermes_nav:/home/hermes/Hermes/hermes_ws/install/gps_publisher:/home/hermes/Hermes/hermes_ws/install/cmd_vel:/home/hermes/Hermes/hermes_ws/install/cameras:/opt/ros/humble /usr/bin/cmake --install /home/hermes/Hermes/hermes_ws/build/ldlidar_component
[1.612s] -- Install configuration: "Release"
[1.613s] -- Installing: /home/hermes/Hermes/hermes_ws/install/ldlidar_component/lib/libldlidar_component.so
[1.615s] -- Set runtime path of "/home/hermes/Hermes/hermes_ws/install/ldlidar_component/lib/libldlidar_component.so" to ""
[1.615s] -- Installing: /home/hermes/Hermes/hermes_ws/install/ldlidar_component/include/ldlidar_component/
[1.615s] -- Installing: /home/hermes/Hermes/hermes_ws/install/ldlidar_component/include/ldlidar_component//defines.hpp
[1.616s] -- Installing: /home/hermes/Hermes/hermes_ws/install/ldlidar_component/include/ldlidar_component//ldlidar_component.hpp
[1.616s] -- Up-to-date: /home/hermes/Hermes/hermes_ws/install/ldlidar_component/include/ldlidar_component/
[1.616s] -- Installing: /home/hermes/Hermes/hermes_ws/install/ldlidar_component/include/ldlidar_component//ldlidar_tools.hpp
[1.616s] -- Up-to-date: /home/hermes/Hermes/hermes_ws/install/ldlidar_component/include/ldlidar_component/
[1.617s] -- Installing: /home/hermes/Hermes/hermes_ws/install/ldlidar_component/include/ldlidar_component//visibility_control.hpp
[1.617s] -- Up-to-date: /home/hermes/Hermes/hermes_ws/install/ldlidar_component/include/ldlidar_component/
[1.617s] -- Installing: /home/hermes/Hermes/hermes_ws/install/ldlidar_component/include/ldlidar_component//ldlidar_driver.h
[1.617s] -- Installing: /home/hermes/Hermes/hermes_ws/install/ldlidar_component/include/ldlidar_component//ldlidar_datatype.h
[1.617s] -- Up-to-date: /home/hermes/Hermes/hermes_ws/install/ldlidar_component/include/ldlidar_component/
[1.618s] -- Installing: /home/hermes/Hermes/hermes_ws/install/ldlidar_component/include/ldlidar_component//lipkg.h
[1.618s] -- Up-to-date: /home/hermes/Hermes/hermes_ws/install/ldlidar_component/include/ldlidar_component/
[1.618s] -- Installing: /home/hermes/Hermes/hermes_ws/install/ldlidar_component/include/ldlidar_component//tofbf.h
[1.618s] -- Up-to-date: /home/hermes/Hermes/hermes_ws/install/ldlidar_component/include/ldlidar_component/
[1.618s] -- Installing: /home/hermes/Hermes/hermes_ws/install/ldlidar_component/include/ldlidar_component//log_module.h
[1.619s] -- Up-to-date: /home/hermes/Hermes/hermes_ws/install/ldlidar_component/include/ldlidar_component/
[1.619s] -- Installing: /home/hermes/Hermes/hermes_ws/install/ldlidar_component/include/ldlidar_component//network_socket_interface_linux.h
[1.619s] -- Up-to-date: /home/hermes/Hermes/hermes_ws/install/ldlidar_component/include/ldlidar_component/
[1.619s] -- Installing: /home/hermes/Hermes/hermes_ws/install/ldlidar_component/include/ldlidar_component//serial_interface_linux.h
[1.620s] -- Installing: /home/hermes/Hermes/hermes_ws/install/ldlidar_component/share/ldlidar_component/environment/library_path.sh
[1.620s] -- Installing: /home/hermes/Hermes/hermes_ws/install/ldlidar_component/share/ldlidar_component/environment/library_path.dsv
[1.621s] -- Installing: /home/hermes/Hermes/hermes_ws/install/ldlidar_component/share/ament_index/resource_index/package_run_dependencies/ldlidar_component
[1.621s] -- Installing: /home/hermes/Hermes/hermes_ws/install/ldlidar_component/share/ament_index/resource_index/parent_prefix_path/ldlidar_component
[1.622s] -- Installing: /home/hermes/Hermes/hermes_ws/install/ldlidar_component/share/ldlidar_component/environment/ament_prefix_path.sh
[1.622s] -- Installing: /home/hermes/Hermes/hermes_ws/install/ldlidar_component/share/ldlidar_component/environment/ament_prefix_path.dsv
[1.622s] -- Installing: /home/hermes/Hermes/hermes_ws/install/ldlidar_component/share/ldlidar_component/environment/path.sh
[1.623s] -- Installing: /home/hermes/Hermes/hermes_ws/install/ldlidar_component/share/ldlidar_component/environment/path.dsv
[1.623s] -- Installing: /home/hermes/Hermes/hermes_ws/install/ldlidar_component/share/ldlidar_component/local_setup.bash
[1.624s] -- Installing: /home/hermes/Hermes/hermes_ws/install/ldlidar_component/share/ldlidar_component/local_setup.sh
[1.624s] -- Installing: /home/hermes/Hermes/hermes_ws/install/ldlidar_component/share/ldlidar_component/local_setup.zsh
[1.624s] -- Installing: /home/hermes/Hermes/hermes_ws/install/ldlidar_component/share/ldlidar_component/local_setup.dsv
[1.625s] -- Installing: /home/hermes/Hermes/hermes_ws/install/ldlidar_component/share/ldlidar_component/package.dsv
[1.625s] -- Installing: /home/hermes/Hermes/hermes_ws/install/ldlidar_component/share/ament_index/resource_index/packages/ldlidar_component
[1.626s] -- Installing: /home/hermes/Hermes/hermes_ws/install/ldlidar_component/share/ament_index/resource_index/rclcpp_components/ldlidar_component
[1.626s] -- Installing: /home/hermes/Hermes/hermes_ws/install/ldlidar_component/share/ldlidar_component/cmake/ament_cmake_export_include_directories-extras.cmake
[1.626s] -- Installing: /home/hermes/Hermes/hermes_ws/install/ldlidar_component/share/ldlidar_component/cmake/ament_cmake_export_libraries-extras.cmake
[1.627s] -- Installing: /home/hermes/Hermes/hermes_ws/install/ldlidar_component/share/ldlidar_component/cmake/ament_cmake_export_dependencies-extras.cmake
[1.628s] -- Installing: /home/hermes/Hermes/hermes_ws/install/ldlidar_component/share/ldlidar_component/cmake/ldlidar_componentConfig.cmake
[1.628s] -- Installing: /home/hermes/Hermes/hermes_ws/install/ldlidar_component/share/ldlidar_component/cmake/ldlidar_componentConfig-version.cmake
[1.630s] -- Installing: /home/hermes/Hermes/hermes_ws/install/ldlidar_component/share/ldlidar_component/package.xml
[1.649s] Invoked command in '/home/hermes/Hermes/hermes_ws/build/ldlidar_component' returned '0': CMAKE_PREFIX_PATH=${CMAKE_PREFIX_PATH}:/home/hermes/Hermes/hermes_ws/src/install/tof_publisher:/home/hermes/Hermes/hermes_ws/src/install/teleop_control:/home/hermes/Hermes/hermes_ws/src/install/robot_localization_pkg:/home/hermes/Hermes/hermes_ws/src/install/path_creator:/home/hermes/Hermes/hermes_ws/src/install/my_tf2_broadcaster:/home/hermes/Hermes/hermes_ws/src/install/multi_package_launcher:/home/hermes/Hermes/hermes_ws/src/install/icm20948_publisher:/home/hermes/Hermes/hermes_ws/src/install/hermes_nav:/home/hermes/Hermes/hermes_ws/src/install/gps_publisher:/home/hermes/Hermes/hermes_ws/src/install/cmd_vel:/home/hermes/Hermes/hermes_ws/src/install/cameras:/home/hermes/Hermes/hermes_ws/install/multi_package_launcher:/home/hermes/Hermes/hermes_ws/install/tof_publisher:/home/hermes/Hermes/hermes_ws/install/teleop_control:/home/hermes/Hermes/hermes_ws/install/robot_localization_pkg:/home/hermes/Hermes/hermes_ws/install/path_creator:/home/hermes/Hermes/hermes_ws/install/my_tf2_broadcaster:/home/hermes/Hermes/hermes_ws/install/icm20948_publisher:/home/hermes/Hermes/hermes_ws/install/hermes_nav:/home/hermes/Hermes/hermes_ws/install/gps_publisher:/home/hermes/Hermes/hermes_ws/install/cmd_vel:/home/hermes/Hermes/hermes_ws/install/cameras:/opt/ros/humble /usr/bin/cmake --install /home/hermes/Hermes/hermes_ws/build/ldlidar_component
