-- The C compiler identification is GNU 11.4.0
-- The CXX compiler identification is GNU 11.4.0
-- Detecting C compiler ABI info
-- Detecting C compiler ABI info - done
-- Check for working C compiler: /usr/bin/cc - skipped
-- Detecting C compile features
-- Detecting C compile features - done
-- Detecting CXX compiler ABI info
-- Detecting CXX compiler ABI info - done
-- Check for working CXX compiler: /usr/bin/c++ - skipped
-- Detecting CXX compile features
-- Detecting CXX compile features - done
--  * Release Mode
-- * Found ROS2 humble
-- * ROS2 humble is officially supported by this package.
-- Found ament_cmake: 1.3.8 (/opt/ros/humble/share/ament_cmake/cmake)
-- Found Python3: /usr/bin/python3 (found version "3.10.12") found components: Interpreter 
-- Override CMake install command with custom implementation using symlinks instead of copying resources
-- Found rclcpp: 16.0.8 (/opt/ros/humble/share/rclcpp/cmake)
-- Found rosidl_generator_c: 3.1.5 (/opt/ros/humble/share/rosidl_generator_c/cmake)
-- Found rosidl_adapter: 3.1.5 (/opt/ros/humble/share/rosidl_adapter/cmake)
-- Found rosidl_generator_cpp: 3.1.5 (/opt/ros/humble/share/rosidl_generator_cpp/cmake)
-- Using all available rosidl_typesupport_c: rosidl_typesupport_fastrtps_c;rosidl_typesupport_introspection_c
-- Using all available rosidl_typesupport_cpp: rosidl_typesupport_fastrtps_cpp;rosidl_typesupport_introspection_cpp
-- Found rmw_implementation_cmake: 6.1.1 (/opt/ros/humble/share/rmw_implementation_cmake/cmake)
-- Found rmw_fastrtps_cpp: 6.2.6 (/opt/ros/humble/share/rmw_fastrtps_cpp/cmake)
-- Found OpenSSL: /usr/lib/aarch64-linux-gnu/libcrypto.so (found version "3.0.2")  
-- Found FastRTPS: /opt/ros/humble/include  
-- Using RMW implementation 'rmw_fastrtps_cpp' as default
-- Looking for pthread.h
-- Looking for pthread.h - found
-- Performing Test CMAKE_HAVE_LIBC_PTHREAD
-- Performing Test CMAKE_HAVE_LIBC_PTHREAD - Success
-- Found Threads: TRUE  
-- Found rclcpp_components: 16.0.8 (/opt/ros/humble/share/rclcpp_components/cmake)
-- Found rclcpp_lifecycle: 16.0.8 (/opt/ros/humble/share/rclcpp_lifecycle/cmake)
-- Found ldlidar_component: 0.2.0 (/home/hermes/Hermes/hermes_ws/install/ldlidar_component/share/ldlidar_component/cmake)
-- Found eigen3_cmake_module: 0.1.1 (/opt/ros/humble/share/eigen3_cmake_module/cmake)
-- Found Eigen3: TRUE (found version "3.4.0") 
-- Ensuring Eigen3 include directory is part of orocos-kdl CMake target
-- Found ament_lint_auto: 0.12.10 (/opt/ros/humble/share/ament_lint_auto/cmake)
-- Found python_cmake_module: 0.10.0 (/opt/ros/humble/share/python_cmake_module/cmake)
-- Found PythonInterp: /usr/bin/python3 (found suitable version "3.10.12", minimum required is "3.6") 
-- Found PythonLibs: /usr/lib/aarch64-linux-gnu/libpython3.10.so (found suitable version "3.10.12", minimum required is "3.5") 
-- Using PYTHON_EXECUTABLE: /usr/bin/python3
-- Using PYTHON_INCLUDE_DIRS: /usr/include/python3.10
-- Using PYTHON_LIBRARIES: /usr/lib/aarch64-linux-gnu/libpython3.10.so
-- Found PythonExtra: .so  
-- Added test 'copyright' to check source files copyright and LICENSE
-- Added test 'cppcheck' to perform static code analysis on C / C++ code
-- Configured cppcheck include dirs: 
-- Configured cppcheck exclude dirs and/or files: 
-- Added test 'cpplint' to check C / C++ code against the Google style
-- Configured cpplint exclude dirs and/or files: 
-- Added test 'flake8' to check Python code syntax and style conventions
-- Added test 'lint_cmake' to check CMake code style
-- Added test 'pep257' to check Python code against some of the docstring style conventions in PEP 257
-- Added test 'uncrustify' to check C / C++ code style
-- Configured uncrustify additional arguments: 
-- Added test 'xmllint' to check XML markup files
-- Configuring done
-- Generating done
-- Build files have been written to: /home/hermes/Hermes/hermes_ws/build/ldlidar_node
[ 50%] [32mBuilding CXX object CMakeFiles/ldlidar_node.dir/src/ldlidar_container_node.cpp.o[0m
[100%] [32m[1mLinking CXX executable ldlidar_node[0m
[100%] Built target ldlidar_node
-- Install configuration: "Release"
-- Execute custom install script
-- Symlinking: /home/hermes/Hermes/hermes_ws/install/ldlidar_node/lib/ldlidar_node/ldlidar_node
-- Symlinking: /home/hermes/Hermes/hermes_ws/install/ldlidar_node/share/ldlidar_node/params/ldlidar.yaml
-- Symlinking: /home/hermes/Hermes/hermes_ws/install/ldlidar_node/share/ldlidar_node/params/lifecycle_mgr.yaml
-- Symlinking: /home/hermes/Hermes/hermes_ws/install/ldlidar_node/share/ldlidar_node/params/lifecycle_mgr_slam.yaml
-- Symlinking: /home/hermes/Hermes/hermes_ws/install/ldlidar_node/share/ldlidar_node/params/slam_toolbox.yaml
-- Symlinking: /home/hermes/Hermes/hermes_ws/install/ldlidar_node/share/ldlidar_node/config/ldlidar.rviz
-- Symlinking: /home/hermes/Hermes/hermes_ws/install/ldlidar_node/share/ldlidar_node/config/ldlidar_slam.rviz
-- Symlinking: /home/hermes/Hermes/hermes_ws/install/ldlidar_node/share/ldlidar_node/urdf/ldlidar_descr.urdf.xml
-- Symlinking: /home/hermes/Hermes/hermes_ws/install/ldlidar_node/share/ldlidar_node/urdf/model/LD19.stl
-- Symlinking: /home/hermes/Hermes/hermes_ws/install/ldlidar_node/share/ldlidar_node/launch/ldlidar.launch.py
-- Symlinking: /home/hermes/Hermes/hermes_ws/install/ldlidar_node/share/ldlidar_node/launch/ldlidar_rviz2.launch.py
-- Symlinking: /home/hermes/Hermes/hermes_ws/install/ldlidar_node/share/ldlidar_node/launch/ldlidar_slam.launch.py
-- Symlinking: /home/hermes/Hermes/hermes_ws/install/ldlidar_node/share/ldlidar_node/launch/ldlidar_with_mgr.launch.py
-- Symlinking: /home/hermes/Hermes/hermes_ws/install/ldlidar_node/share/ament_index/resource_index/package_run_dependencies/ldlidar_node
-- Symlinking: /home/hermes/Hermes/hermes_ws/install/ldlidar_node/share/ament_index/resource_index/parent_prefix_path/ldlidar_node
-- Symlinking: /home/hermes/Hermes/hermes_ws/install/ldlidar_node/share/ldlidar_node/environment/ament_prefix_path.sh
-- Symlinking: /home/hermes/Hermes/hermes_ws/install/ldlidar_node/share/ldlidar_node/environment/ament_prefix_path.dsv
-- Symlinking: /home/hermes/Hermes/hermes_ws/install/ldlidar_node/share/ldlidar_node/environment/path.sh
-- Symlinking: /home/hermes/Hermes/hermes_ws/install/ldlidar_node/share/ldlidar_node/environment/path.dsv
-- Symlinking: /home/hermes/Hermes/hermes_ws/install/ldlidar_node/share/ldlidar_node/local_setup.bash
-- Symlinking: /home/hermes/Hermes/hermes_ws/install/ldlidar_node/share/ldlidar_node/local_setup.sh
-- Symlinking: /home/hermes/Hermes/hermes_ws/install/ldlidar_node/share/ldlidar_node/local_setup.zsh
-- Symlinking: /home/hermes/Hermes/hermes_ws/install/ldlidar_node/share/ldlidar_node/local_setup.dsv
-- Symlinking: /home/hermes/Hermes/hermes_ws/install/ldlidar_node/share/ldlidar_node/package.dsv
-- Symlinking: /home/hermes/Hermes/hermes_ws/install/ldlidar_node/share/ament_index/resource_index/packages/ldlidar_node
-- Symlinking: /home/hermes/Hermes/hermes_ws/install/ldlidar_node/share/ldlidar_node/cmake/ldlidar_nodeConfig.cmake
-- Symlinking: /home/hermes/Hermes/hermes_ws/install/ldlidar_node/share/ldlidar_node/cmake/ldlidar_nodeConfig-version.cmake
-- Symlinking: /home/hermes/Hermes/hermes_ws/install/ldlidar_node/share/ldlidar_node/package.xml
