[3.803s] Invoking command in '/home/hermes/Hermes/hermes_ws/src/path_creator': PYTHONPATH=/home/hermes/Hermes/hermes_ws/build/path_creator/prefix_override:/home/hermes/Hermes/hermes_ws/install/path_creator/lib/python3.10/site-packages:${PYTHONPATH} /usr/bin/python3 -W ignore:setup.py install is deprecated setup.py egg_info --egg-base ../../build/path_creator build --build-base /home/hermes/Hermes/hermes_ws/build/path_creator/build install --record /home/hermes/Hermes/hermes_ws/build/path_creator/install.log --single-version-externally-managed install_data
[4.499s] running egg_info
[4.501s] writing ../../build/path_creator/path_creator.egg-info/PKG-INFO
[4.501s] writing dependency_links to ../../build/path_creator/path_creator.egg-info/dependency_links.txt
[4.502s] writing entry points to ../../build/path_creator/path_creator.egg-info/entry_points.txt
[4.502s] writing requirements to ../../build/path_creator/path_creator.egg-info/requires.txt
[4.502s] writing top-level names to ../../build/path_creator/path_creator.egg-info/top_level.txt
[4.507s] reading manifest file '../../build/path_creator/path_creator.egg-info/SOURCES.txt'
[4.509s] writing manifest file '../../build/path_creator/path_creator.egg-info/SOURCES.txt'
[4.509s] running build
[4.509s] running build_py
[4.510s] running install
[4.511s] running install_lib
[4.514s] running install_data
[4.514s] running install_egg_info
[4.521s] removing '/home/hermes/Hermes/hermes_ws/install/path_creator/lib/python3.10/site-packages/path_creator-0.0.0-py3.10.egg-info' (and everything under it)
[4.523s] Copying ../../build/path_creator/path_creator.egg-info to /home/hermes/Hermes/hermes_ws/install/path_creator/lib/python3.10/site-packages/path_creator-0.0.0-py3.10.egg-info
[4.524s] running install_scripts
[4.578s] Installing path_creator_node script to /home/hermes/Hermes/hermes_ws/install/path_creator/lib/path_creator
[4.579s] writing list of installed files to '/home/hermes/Hermes/hermes_ws/build/path_creator/install.log'
[4.664s] Invoked command in '/home/hermes/Hermes/hermes_ws/src/path_creator' returned '0': PYTHONPATH=/home/hermes/Hermes/hermes_ws/build/path_creator/prefix_override:/home/hermes/Hermes/hermes_ws/install/path_creator/lib/python3.10/site-packages:${PYTHONPATH} /usr/bin/python3 -W ignore:setup.py install is deprecated setup.py egg_info --egg-base ../../build/path_creator build --build-base /home/hermes/Hermes/hermes_ws/build/path_creator/build install --record /home/hermes/Hermes/hermes_ws/build/path_creator/install.log --single-version-externally-managed install_data
