[2.132s] Invoking command in '/home/raivo/Hermes/hermes_ws/src/cmd_vel': PYTHONPATH=/home/raivo/Hermes/hermes_ws/build/cmd_vel/prefix_override:/home/raivo/Hermes/hermes_ws/install/cmd_vel/lib/python3.10/site-packages:${PYTHONPATH} /usr/bin/python3 -W ignore:setup.py install is deprecated setup.py egg_info --egg-base ../../build/cmd_vel build --build-base /home/raivo/Hermes/hermes_ws/build/cmd_vel/build install --record /home/raivo/Hermes/hermes_ws/build/cmd_vel/install.log --single-version-externally-managed install_data
[2.439s] running egg_info
[2.440s] writing ../../build/cmd_vel/cmd_vel.egg-info/PKG-INFO
[2.440s] writing dependency_links to ../../build/cmd_vel/cmd_vel.egg-info/dependency_links.txt
[2.440s] writing entry points to ../../build/cmd_vel/cmd_vel.egg-info/entry_points.txt
[2.440s] writing requirements to ../../build/cmd_vel/cmd_vel.egg-info/requires.txt
[2.440s] writing top-level names to ../../build/cmd_vel/cmd_vel.egg-info/top_level.txt
[2.442s] reading manifest file '../../build/cmd_vel/cmd_vel.egg-info/SOURCES.txt'
[2.443s] writing manifest file '../../build/cmd_vel/cmd_vel.egg-info/SOURCES.txt'
[2.443s] running build
[2.443s] running build_py
[2.444s] running install
[2.444s] running install_lib
[2.445s] running install_data
[2.445s] running install_egg_info
[2.447s] removing '/home/raivo/Hermes/hermes_ws/install/cmd_vel/lib/python3.10/site-packages/cmd_vel-0.0.0-py3.10.egg-info' (and everything under it)
[2.448s] Copying ../../build/cmd_vel/cmd_vel.egg-info to /home/raivo/Hermes/hermes_ws/install/cmd_vel/lib/python3.10/site-packages/cmd_vel-0.0.0-py3.10.egg-info
[2.449s] running install_scripts
[2.464s] Installing cmd_vel_controll script to /home/raivo/Hermes/hermes_ws/install/cmd_vel/lib/cmd_vel
[2.464s] writing list of installed files to '/home/raivo/Hermes/hermes_ws/build/cmd_vel/install.log'
[2.523s] Invoked command in '/home/raivo/Hermes/hermes_ws/src/cmd_vel' returned '0': PYTHONPATH=/home/raivo/Hermes/hermes_ws/build/cmd_vel/prefix_override:/home/raivo/Hermes/hermes_ws/install/cmd_vel/lib/python3.10/site-packages:${PYTHONPATH} /usr/bin/python3 -W ignore:setup.py install is deprecated setup.py egg_info --egg-base ../../build/cmd_vel build --build-base /home/raivo/Hermes/hermes_ws/build/cmd_vel/build install --record /home/raivo/Hermes/hermes_ws/build/cmd_vel/install.log --single-version-externally-managed install_data
