/home/hermes/.local/lib/python3.10/site-packages/setuptools/_distutils/dist.py:261: UserWarning: Unknown distribution option: 'tests_require'
  warnings.warn(msg)
running develop
/home/hermes/.local/lib/python3.10/site-packages/setuptools/command/develop.py:41: EasyInstallDeprecationWarning: easy_install command is deprecated.
!!

        ********************************************************************************
        Please avoid running ``setup.py`` and ``easy_install``.
        Instead, use pypa/build, pypa/installer or other
        standards-based tools.

        See https://github.com/pypa/setuptools/issues/917 for details.
        ********************************************************************************

!!
  easy_install.initialize_options(self)
running egg_info
writing cmd_vel.egg-info/PKG-INFO
writing dependency_links to cmd_vel.egg-info/dependency_links.txt
writing entry points to cmd_vel.egg-info/entry_points.txt
writing requirements to cmd_vel.egg-info/requires.txt
writing top-level names to cmd_vel.egg-info/top_level.txt
reading manifest file 'cmd_vel.egg-info/SOURCES.txt'
writing manifest file 'cmd_vel.egg-info/SOURCES.txt'
running build_ext
Creating /home/hermes/Hermes/hermes_ws/install/cmd_vel/lib/python3.10/site-packages/cmd-vel.egg-link (link to .)
Installing cmd_vel_controll script to /home/hermes/Hermes/hermes_ws/install/cmd_vel/lib/cmd_vel

Installed /home/hermes/Hermes/hermes_ws/build/cmd_vel
running symlink_data
