[3.635s] Invoking command in '/home/hermes/Hermes/hermes_ws/build/cmd_vel': PYTHONPATH=/home/hermes/Hermes/hermes_ws/build/cmd_vel/prefix_override:/usr/lib/python3/dist-packages/colcon_core/task/python/colcon_distutils_commands:/home/hermes/Hermes/hermes_ws/install/cmd_vel/lib/python3.10/site-packages:${PYTHONPATH} /usr/bin/python3 -W ignore:setup.py install is deprecated setup.py develop --editable --build-directory /home/hermes/Hermes/hermes_ws/build/cmd_vel/build --no-deps symlink_data
[4.041s] /home/hermes/.local/lib/python3.10/site-packages/setuptools/_distutils/dist.py:261: UserWarning: Unknown distribution option: 'tests_require'
[4.042s]   warnings.warn(msg)
[4.489s] running develop
[4.490s] /home/hermes/.local/lib/python3.10/site-packages/setuptools/command/develop.py:41: EasyInstallDeprecationWarning: easy_install command is deprecated.
[4.490s] !!
[4.490s] 
[4.490s]         ********************************************************************************
[4.490s]         Please avoid running ``setup.py`` and ``easy_install``.
[4.490s]         Instead, use pypa/build, pypa/installer or other
[4.491s]         standards-based tools.
[4.491s] 
[4.491s]         See https://github.com/pypa/setuptools/issues/917 for details.
[4.491s]         ********************************************************************************
[4.491s] 
[4.491s] !!
[4.491s]   easy_install.initialize_options(self)
[5.211s] running egg_info
[5.264s] writing cmd_vel.egg-info/PKG-INFO
[5.267s] writing dependency_links to cmd_vel.egg-info/dependency_links.txt
[5.267s] writing entry points to cmd_vel.egg-info/entry_points.txt
[5.268s] writing requirements to cmd_vel.egg-info/requires.txt
[5.269s] writing top-level names to cmd_vel.egg-info/top_level.txt
[5.453s] reading manifest file 'cmd_vel.egg-info/SOURCES.txt'
[5.456s] writing manifest file 'cmd_vel.egg-info/SOURCES.txt'
[5.546s] running build_ext
[5.547s] Creating /home/hermes/Hermes/hermes_ws/install/cmd_vel/lib/python3.10/site-packages/cmd-vel.egg-link (link to .)
[5.549s] Installing cmd_vel_controll script to /home/hermes/Hermes/hermes_ws/install/cmd_vel/lib/cmd_vel
[5.549s] 
[5.550s] Installed /home/hermes/Hermes/hermes_ws/build/cmd_vel
[5.550s] running symlink_data
[5.749s] Invoked command in '/home/hermes/Hermes/hermes_ws/build/cmd_vel' returned '0': PYTHONPATH=/home/hermes/Hermes/hermes_ws/build/cmd_vel/prefix_override:/usr/lib/python3/dist-packages/colcon_core/task/python/colcon_distutils_commands:/home/hermes/Hermes/hermes_ws/install/cmd_vel/lib/python3.10/site-packages:${PYTHONPATH} /usr/bin/python3 -W ignore:setup.py install is deprecated setup.py develop --editable --build-directory /home/hermes/Hermes/hermes_ws/build/cmd_vel/build --no-deps symlink_data
