[2.365s] Invoking command in '/home/aleksmalm/Hermes/hermes_ws/src/icm20948_publisher': PYTHONPATH=/home/aleksmalm/Hermes/hermes_ws/build/icm20948_publisher/prefix_override:/home/aleksmalm/Hermes/hermes_ws/install/icm20948_publisher/lib/python3.10/site-packages:${PYTHONPATH} /usr/bin/python3 -W ignore:setup.py install is deprecated setup.py egg_info --egg-base ../../build/icm20948_publisher build --build-base /home/aleksmalm/Hermes/hermes_ws/build/icm20948_publisher/build install --record /home/aleksmalm/Hermes/hermes_ws/build/icm20948_publisher/install.log --single-version-externally-managed install_data
[2.549s] running egg_info
[2.550s] writing ../../build/icm20948_publisher/icm20948_publisher.egg-info/PKG-INFO
[2.550s] writing dependency_links to ../../build/icm20948_publisher/icm20948_publisher.egg-info/dependency_links.txt
[2.550s] writing entry points to ../../build/icm20948_publisher/icm20948_publisher.egg-info/entry_points.txt
[2.550s] writing requirements to ../../build/icm20948_publisher/icm20948_publisher.egg-info/requires.txt
[2.550s] writing top-level names to ../../build/icm20948_publisher/icm20948_publisher.egg-info/top_level.txt
[2.551s] reading manifest file '../../build/icm20948_publisher/icm20948_publisher.egg-info/SOURCES.txt'
[2.552s] writing manifest file '../../build/icm20948_publisher/icm20948_publisher.egg-info/SOURCES.txt'
[2.552s] running build
[2.552s] running build_py
[2.552s] running install
[2.552s] running install_lib
[2.553s] running install_data
[2.553s] running install_egg_info
[2.555s] removing '/home/aleksmalm/Hermes/hermes_ws/install/icm20948_publisher/lib/python3.10/site-packages/icm20948_publisher-0.0.0-py3.10.egg-info' (and everything under it)
[2.555s] Copying ../../build/icm20948_publisher/icm20948_publisher.egg-info to /home/aleksmalm/Hermes/hermes_ws/install/icm20948_publisher/lib/python3.10/site-packages/icm20948_publisher-0.0.0-py3.10.egg-info
[2.555s] running install_scripts
[2.569s] Installing icm_imu script to /home/aleksmalm/Hermes/hermes_ws/install/icm20948_publisher/lib/icm20948_publisher
[2.569s] writing list of installed files to '/home/aleksmalm/Hermes/hermes_ws/build/icm20948_publisher/install.log'
[2.586s] Invoked command in '/home/aleksmalm/Hermes/hermes_ws/src/icm20948_publisher' returned '0': PYTHONPATH=/home/aleksmalm/Hermes/hermes_ws/build/icm20948_publisher/prefix_override:/home/aleksmalm/Hermes/hermes_ws/install/icm20948_publisher/lib/python3.10/site-packages:${PYTHONPATH} /usr/bin/python3 -W ignore:setup.py install is deprecated setup.py egg_info --egg-base ../../build/icm20948_publisher build --build-base /home/aleksmalm/Hermes/hermes_ws/build/icm20948_publisher/build install --record /home/aleksmalm/Hermes/hermes_ws/build/icm20948_publisher/install.log --single-version-externally-managed install_data
