[2.405s] Invoking command in '/home/hermes/Hermes/hermes_ws/src/teleop_control': PYTHONPATH=/home/hermes/Hermes/hermes_ws/build/teleop_control/prefix_override:/home/hermes/Hermes/hermes_ws/install/teleop_control/lib/python3.10/site-packages:${PYTHONPATH} /usr/bin/python3 -W ignore:setup.py install is deprecated setup.py egg_info --egg-base ../../build/teleop_control build --build-base /home/hermes/Hermes/hermes_ws/build/teleop_control/build install --record /home/hermes/Hermes/hermes_ws/build/teleop_control/install.log --single-version-externally-managed install_data
[3.092s] running egg_info
[3.094s] writing ../../build/teleop_control/teleop_control.egg-info/PKG-INFO
[3.095s] writing dependency_links to ../../build/teleop_control/teleop_control.egg-info/dependency_links.txt
[3.095s] writing entry points to ../../build/teleop_control/teleop_control.egg-info/entry_points.txt
[3.096s] writing requirements to ../../build/teleop_control/teleop_control.egg-info/requires.txt
[3.096s] writing top-level names to ../../build/teleop_control/teleop_control.egg-info/top_level.txt
[3.101s] reading manifest file '../../build/teleop_control/teleop_control.egg-info/SOURCES.txt'
[3.101s] adding license file 'LICENSE'
[3.103s] writing manifest file '../../build/teleop_control/teleop_control.egg-info/SOURCES.txt'
[3.103s] running build
[3.103s] running build_py
[3.105s] running install
[3.108s] running install_lib
[3.113s] running install_data
[3.113s] running install_egg_info
[3.119s] removing '/home/hermes/Hermes/hermes_ws/install/teleop_control/lib/python3.10/site-packages/teleop_control-0.0.0-py3.10.egg-info' (and everything under it)
[3.121s] Copying ../../build/teleop_control/teleop_control.egg-info to /home/hermes/Hermes/hermes_ws/install/teleop_control/lib/python3.10/site-packages/teleop_control-0.0.0-py3.10.egg-info
[3.122s] running install_scripts
[3.173s] Installing teleop_control_node script to /home/hermes/Hermes/hermes_ws/install/teleop_control/lib/teleop_control
[3.174s] writing list of installed files to '/home/hermes/Hermes/hermes_ws/build/teleop_control/install.log'
[3.258s] Invoked command in '/home/hermes/Hermes/hermes_ws/src/teleop_control' returned '0': PYTHONPATH=/home/hermes/Hermes/hermes_ws/build/teleop_control/prefix_override:/home/hermes/Hermes/hermes_ws/install/teleop_control/lib/python3.10/site-packages:${PYTHONPATH} /usr/bin/python3 -W ignore:setup.py install is deprecated setup.py egg_info --egg-base ../../build/teleop_control build --build-base /home/hermes/Hermes/hermes_ws/build/teleop_control/build install --record /home/hermes/Hermes/hermes_ws/build/teleop_control/install.log --single-version-externally-managed install_data
