running egg_info
creating ../build/lidar_publisher/lidar_publisher.egg-info
writing ../build/lidar_publisher/lidar_publisher.egg-info/PKG-INFO
writing dependency_links to ../build/lidar_publisher/lidar_publisher.egg-info/dependency_links.txt
writing entry points to ../build/lidar_publisher/lidar_publisher.egg-info/entry_points.txt
writing requirements to ../build/lidar_publisher/lidar_publisher.egg-info/requires.txt
writing top-level names to ../build/lidar_publisher/lidar_publisher.egg-info/top_level.txt
writing manifest file '../build/lidar_publisher/lidar_publisher.egg-info/SOURCES.txt'
reading manifest file '../build/lidar_publisher/lidar_publisher.egg-info/SOURCES.txt'
writing manifest file '../build/lidar_publisher/lidar_publisher.egg-info/SOURCES.txt'
running build
running build_py
creating /home/raivo/Hermes/hermes_ws/src/build/lidar_publisher/build
creating /home/raivo/Hermes/hermes_ws/src/build/lidar_publisher/build/lib
creating /home/raivo/Hermes/hermes_ws/src/build/lidar_publisher/build/lib/lidar_publisher
copying lidar_publisher/__init__.py -> /home/raivo/Hermes/hermes_ws/src/build/lidar_publisher/build/lib/lidar_publisher
copying lidar_publisher/lidar_publisher_node.py -> /home/raivo/Hermes/hermes_ws/src/build/lidar_publisher/build/lib/lidar_publisher
running install
running install_lib
creating /home/raivo/Hermes/hermes_ws/src/install/lidar_publisher/lib/python3.8/site-packages/lidar_publisher
copying /home/raivo/Hermes/hermes_ws/src/build/lidar_publisher/build/lib/lidar_publisher/__init__.py -> /home/raivo/Hermes/hermes_ws/src/install/lidar_publisher/lib/python3.8/site-packages/lidar_publisher
copying /home/raivo/Hermes/hermes_ws/src/build/lidar_publisher/build/lib/lidar_publisher/lidar_publisher_node.py -> /home/raivo/Hermes/hermes_ws/src/install/lidar_publisher/lib/python3.8/site-packages/lidar_publisher
byte-compiling /home/raivo/Hermes/hermes_ws/src/install/lidar_publisher/lib/python3.8/site-packages/lidar_publisher/__init__.py to __init__.cpython-38.pyc
byte-compiling /home/raivo/Hermes/hermes_ws/src/install/lidar_publisher/lib/python3.8/site-packages/lidar_publisher/lidar_publisher_node.py to lidar_publisher_node.cpython-38.pyc
running install_data
creating /home/raivo/Hermes/hermes_ws/src/install/lidar_publisher/share/ament_index
creating /home/raivo/Hermes/hermes_ws/src/install/lidar_publisher/share/ament_index/resource_index
creating /home/raivo/Hermes/hermes_ws/src/install/lidar_publisher/share/ament_index/resource_index/packages
copying resource/lidar_publisher -> /home/raivo/Hermes/hermes_ws/src/install/lidar_publisher/share/ament_index/resource_index/packages
copying package.xml -> /home/raivo/Hermes/hermes_ws/src/install/lidar_publisher/share/lidar_publisher
running install_egg_info
Copying ../build/lidar_publisher/lidar_publisher.egg-info to /home/raivo/Hermes/hermes_ws/src/install/lidar_publisher/lib/python3.8/site-packages/lidar_publisher-0.0.0-py3.8.egg-info
running install_scripts
Installing lidar_publisher_node script to /home/raivo/Hermes/hermes_ws/src/install/lidar_publisher/lib/lidar_publisher
writing list of installed files to '/home/raivo/Hermes/hermes_ws/src/build/lidar_publisher/install.log'
