[2.572s] Invoking command in '/home/hermes/Hermes/hermes_ws/src/gps_publisher': PYTHONPATH=/home/hermes/Hermes/hermes_ws/build/gps_publisher/prefix_override:/home/hermes/Hermes/hermes_ws/install/gps_publisher/lib/python3.10/site-packages:${PYTHONPATH} /usr/bin/python3 -W ignore:setup.py install is deprecated setup.py egg_info --egg-base ../../build/gps_publisher build --build-base /home/hermes/Hermes/hermes_ws/build/gps_publisher/build install --record /home/hermes/Hermes/hermes_ws/build/gps_publisher/install.log --single-version-externally-managed install_data
[3.232s] running egg_info
[3.235s] writing ../../build/gps_publisher/gps_publisher.egg-info/PKG-INFO
[3.237s] writing dependency_links to ../../build/gps_publisher/gps_publisher.egg-info/dependency_links.txt
[3.237s] writing entry points to ../../build/gps_publisher/gps_publisher.egg-info/entry_points.txt
[3.238s] writing requirements to ../../build/gps_publisher/gps_publisher.egg-info/requires.txt
[3.238s] writing top-level names to ../../build/gps_publisher/gps_publisher.egg-info/top_level.txt
[3.242s] reading manifest file '../../build/gps_publisher/gps_publisher.egg-info/SOURCES.txt'
[3.244s] writing manifest file '../../build/gps_publisher/gps_publisher.egg-info/SOURCES.txt'
[3.244s] running build
[3.244s] running build_py
[3.245s] running install
[3.246s] running install_lib
[3.250s] running install_data
[3.250s] running install_egg_info
[3.259s] removing '/home/hermes/Hermes/hermes_ws/install/gps_publisher/lib/python3.10/site-packages/gps_publisher-0.0.0-py3.10.egg-info' (and everything under it)
[3.262s] Copying ../../build/gps_publisher/gps_publisher.egg-info to /home/hermes/Hermes/hermes_ws/install/gps_publisher/lib/python3.10/site-packages/gps_publisher-0.0.0-py3.10.egg-info
[3.264s] running install_scripts
[3.315s] Installing gps_publisher_node script to /home/hermes/Hermes/hermes_ws/install/gps_publisher/lib/gps_publisher
[3.317s] writing list of installed files to '/home/hermes/Hermes/hermes_ws/build/gps_publisher/install.log'
[3.525s] Invoked command in '/home/hermes/Hermes/hermes_ws/src/gps_publisher' returned '0': PYTHONPATH=/home/hermes/Hermes/hermes_ws/build/gps_publisher/prefix_override:/home/hermes/Hermes/hermes_ws/install/gps_publisher/lib/python3.10/site-packages:${PYTHONPATH} /usr/bin/python3 -W ignore:setup.py install is deprecated setup.py egg_info --egg-base ../../build/gps_publisher build --build-base /home/hermes/Hermes/hermes_ws/build/gps_publisher/build install --record /home/hermes/Hermes/hermes_ws/build/gps_publisher/install.log --single-version-externally-managed install_data
