[0.028s] Invoking command in '/home/hermes/Hermes/hermes_ws/build/gps_publisher': CMAKE_PREFIX_PATH=${CMAKE_PREFIX_PATH}:/home/hermes/Hermes/hermes_ws/install/tof_publisher:/home/hermes/Hermes/hermes_ws/install/teleop_control:/home/hermes/Hermes/hermes_ws/install/robot_model:/home/hermes/Hermes/hermes_ws/install/odometry:/home/hermes/Hermes/hermes_ws/install/my_robot_description:/home/hermes/Hermes/hermes_ws/install/lidar_publisher:/home/hermes/Hermes/hermes_ws/install/launch_files:/home/hermes/Hermes/hermes_ws/install/imu_publisher:/home/hermes/Hermes/hermes_ws/install/cmd_vel:/home/hermes/Hermes/hermes_ws/install/cameras:/home/hermes/Downloads/hermes/ros2_ws/src/install/ros2_video_stream_pkg:/opt/ros/humble /usr/bin/cmake --build /home/hermes/Hermes/hermes_ws/build/gps_publisher -- -j6 -l6
[0.152s] Invoked command in '/home/hermes/Hermes/hermes_ws/build/gps_publisher' returned '0': CMAKE_PREFIX_PATH=${CMAKE_PREFIX_PATH}:/home/hermes/Hermes/hermes_ws/install/tof_publisher:/home/hermes/Hermes/hermes_ws/install/teleop_control:/home/hermes/Hermes/hermes_ws/install/robot_model:/home/hermes/Hermes/hermes_ws/install/odometry:/home/hermes/Hermes/hermes_ws/install/my_robot_description:/home/hermes/Hermes/hermes_ws/install/lidar_publisher:/home/hermes/Hermes/hermes_ws/install/launch_files:/home/hermes/Hermes/hermes_ws/install/imu_publisher:/home/hermes/Hermes/hermes_ws/install/cmd_vel:/home/hermes/Hermes/hermes_ws/install/cameras:/home/hermes/Downloads/hermes/ros2_ws/src/install/ros2_video_stream_pkg:/opt/ros/humble /usr/bin/cmake --build /home/hermes/Hermes/hermes_ws/build/gps_publisher -- -j6 -l6
[0.216s] Invoking command in '/home/hermes/Hermes/hermes_ws/build/gps_publisher': CMAKE_PREFIX_PATH=${CMAKE_PREFIX_PATH}:/home/hermes/Hermes/hermes_ws/install/tof_publisher:/home/hermes/Hermes/hermes_ws/install/teleop_control:/home/hermes/Hermes/hermes_ws/install/robot_model:/home/hermes/Hermes/hermes_ws/install/odometry:/home/hermes/Hermes/hermes_ws/install/my_robot_description:/home/hermes/Hermes/hermes_ws/install/lidar_publisher:/home/hermes/Hermes/hermes_ws/install/launch_files:/home/hermes/Hermes/hermes_ws/install/imu_publisher:/home/hermes/Hermes/hermes_ws/install/cmd_vel:/home/hermes/Hermes/hermes_ws/install/cameras:/home/hermes/Downloads/hermes/ros2_ws/src/install/ros2_video_stream_pkg:/opt/ros/humble /usr/bin/cmake --install /home/hermes/Hermes/hermes_ws/build/gps_publisher
[0.235s] -- Install configuration: ""
[0.237s] -- Up-to-date: /home/hermes/Hermes/hermes_ws/install/gps_publisher/share/ament_index/resource_index/package_run_dependencies/gps_publisher
[0.237s] -- Up-to-date: /home/hermes/Hermes/hermes_ws/install/gps_publisher/share/ament_index/resource_index/parent_prefix_path/gps_publisher
[0.237s] -- Up-to-date: /home/hermes/Hermes/hermes_ws/install/gps_publisher/share/gps_publisher/environment/ament_prefix_path.sh
[0.237s] -- Up-to-date: /home/hermes/Hermes/hermes_ws/install/gps_publisher/share/gps_publisher/environment/ament_prefix_path.dsv
[0.238s] -- Up-to-date: /home/hermes/Hermes/hermes_ws/install/gps_publisher/share/gps_publisher/environment/path.sh
[0.239s] -- Up-to-date: /home/hermes/Hermes/hermes_ws/install/gps_publisher/share/gps_publisher/environment/path.dsv
[0.239s] -- Up-to-date: /home/hermes/Hermes/hermes_ws/install/gps_publisher/share/gps_publisher/local_setup.bash
[0.239s] -- Up-to-date: /home/hermes/Hermes/hermes_ws/install/gps_publisher/share/gps_publisher/local_setup.sh
[0.239s] -- Up-to-date: /home/hermes/Hermes/hermes_ws/install/gps_publisher/share/gps_publisher/local_setup.zsh
[0.240s] -- Up-to-date: /home/hermes/Hermes/hermes_ws/install/gps_publisher/share/gps_publisher/local_setup.dsv
[0.240s] -- Installing: /home/hermes/Hermes/hermes_ws/install/gps_publisher/share/gps_publisher/package.dsv
[0.240s] -- Up-to-date: /home/hermes/Hermes/hermes_ws/install/gps_publisher/share/ament_index/resource_index/packages/gps_publisher
[0.240s] -- Up-to-date: /home/hermes/Hermes/hermes_ws/install/gps_publisher/share/gps_publisher/cmake/gps_publisherConfig.cmake
[0.241s] -- Up-to-date: /home/hermes/Hermes/hermes_ws/install/gps_publisher/share/gps_publisher/cmake/gps_publisherConfig-version.cmake
[0.241s] -- Up-to-date: /home/hermes/Hermes/hermes_ws/install/gps_publisher/share/gps_publisher/package.xml
[0.246s] Invoked command in '/home/hermes/Hermes/hermes_ws/build/gps_publisher' returned '0': CMAKE_PREFIX_PATH=${CMAKE_PREFIX_PATH}:/home/hermes/Hermes/hermes_ws/install/tof_publisher:/home/hermes/Hermes/hermes_ws/install/teleop_control:/home/hermes/Hermes/hermes_ws/install/robot_model:/home/hermes/Hermes/hermes_ws/install/odometry:/home/hermes/Hermes/hermes_ws/install/my_robot_description:/home/hermes/Hermes/hermes_ws/install/lidar_publisher:/home/hermes/Hermes/hermes_ws/install/launch_files:/home/hermes/Hermes/hermes_ws/install/imu_publisher:/home/hermes/Hermes/hermes_ws/install/cmd_vel:/home/hermes/Hermes/hermes_ws/install/cameras:/home/hermes/Downloads/hermes/ros2_ws/src/install/ros2_video_stream_pkg:/opt/ros/humble /usr/bin/cmake --install /home/hermes/Hermes/hermes_ws/build/gps_publisher
