-- The C compiler identification is GNU 9.4.0
-- The CXX compiler identification is GNU 9.4.0
-- Check for working C compiler: /usr/bin/cc
-- Check for working C compiler: /usr/bin/cc -- works
-- Detecting C compiler ABI info
-- Detecting C compiler ABI info - done
-- Detecting C compile features
-- Detecting C compile features - done
-- Check for working CXX compiler: /usr/bin/c++
-- Check for working CXX compiler: /usr/bin/c++ -- works
-- Detecting CXX compiler ABI info
-- Detecting CXX compiler ABI info - done
-- Detecting CXX compile features
-- Detecting CXX compile features - done
-- Found ament_cmake: 1.3.5 (/home/raivo/ros2_humble/install/ament_cmake/share/ament_cmake/cmake)
-- Found Python3: /usr/bin/python3.8 (found version "3.8.10") found components: Interpreter 
-- Found rclcpp: 16.0.6 (/home/raivo/ros2_humble/install/rclcpp/share/rclcpp/cmake)
-- Found rosidl_generator_c: 3.1.5 (/home/raivo/ros2_humble/install/rosidl_generator_c/share/rosidl_generator_c/cmake)
-- Found rosidl_adapter: 3.1.5 (/home/raivo/ros2_humble/install/rosidl_adapter/share/rosidl_adapter/cmake)
-- Found rosidl_generator_cpp: 3.1.5 (/home/raivo/ros2_humble/install/rosidl_generator_cpp/share/rosidl_generator_cpp/cmake)
-- Using all available rosidl_typesupport_c: rosidl_typesupport_introspection_c;rosidl_typesupport_fastrtps_c
-- Using all available rosidl_typesupport_cpp: rosidl_typesupport_introspection_cpp;rosidl_typesupport_fastrtps_cpp
-- Found rmw_implementation_cmake: 6.1.1 (/home/raivo/ros2_humble/install/rmw_implementation_cmake/share/rmw_implementation_cmake/cmake)
-- Found rmw_fastrtps_cpp: 6.2.4 (/home/raivo/ros2_humble/install/rmw_fastrtps_cpp/share/rmw_fastrtps_cpp/cmake)
-- Found OpenSSL: /usr/lib/x86_64-linux-gnu/libcrypto.so (found version "1.1.1f")  
-- Found FastRTPS: /home/raivo/ros2_humble/install/fastrtps/include  
-- Using RMW implementation 'rmw_fastrtps_cpp' as default
-- Looking for pthread.h
-- Looking for pthread.h - found
-- Performing Test CMAKE_HAVE_LIBC_PTHREAD
-- Performing Test CMAKE_HAVE_LIBC_PTHREAD - Failed
-- Looking for pthread_create in pthreads
-- Looking for pthread_create in pthreads - not found
-- Looking for pthread_create in pthread
-- Looking for pthread_create in pthread - found
-- Found Threads: TRUE  
-- Found rclcpp_components: 16.0.6 (/home/raivo/ros2_humble/install/rclcpp_components/share/rclcpp_components/cmake)
-- Found rtcm_msgs: 1.1.6 (/home/raivo/Hermes/hermes_ws/install/rtcm_msgs/share/rtcm_msgs/cmake)
-- Found libcurl_vendor: 3.1.1 (/home/raivo/ros2_humble/install/libcurl_vendor/share/libcurl_vendor/cmake)
-- library: /usr/lib/x86_64-linux-gnu/libcurl.so
-- Found ament_lint_auto: 0.12.8 (/home/raivo/ros2_humble/install/ament_lint_auto/share/ament_lint_auto/cmake)
-- Added test 'cppcheck' to perform static code analysis on C / C++ code
-- Configured cppcheck include dirs: /home/raivo/Hermes/hermes_ws/src/gps_publisher/ntrip_client_node/include
-- Configured cppcheck exclude dirs and/or files: 
-- Added test 'lint_cmake' to check CMake code style
-- Added test 'uncrustify' to check C / C++ code style
-- Configured uncrustify additional arguments: 
-- Added test 'xmllint' to check XML markup files
-- Added test 'copyright' to check source files copyright and LICENSE
-- Configuring done
-- Generating done
-- Build files have been written to: /home/raivo/Hermes/hermes_ws/build/ntrip_client_node
[35m[1mScanning dependencies of target ntrip_client_components[0m
[35m[1mScanning dependencies of target ntrip_client_node[0m
[ 50%] [32mBuilding CXX object CMakeFiles/ntrip_client_components.dir/src/ntrip_client_node.cpp.o[0m
[ 50%] [32mBuilding CXX object CMakeFiles/ntrip_client_node.dir/rclcpp_components/node_main_ntrip_client_node.cpp.o[0m
[ 75%] [32m[1mLinking CXX executable ntrip_client_node[0m
[ 75%] Built target ntrip_client_node
[100%] [32m[1mLinking CXX shared library libntrip_client_components.so[0m
[100%] Built target ntrip_client_components
-- Install configuration: ""
-- Installing: /home/raivo/Hermes/hermes_ws/install/ntrip_client_node/lib/ntrip_client_node/ntrip_client_node
-- Set runtime path of "/home/raivo/Hermes/hermes_ws/install/ntrip_client_node/lib/ntrip_client_node/ntrip_client_node" to ""
-- Installing: /home/raivo/Hermes/hermes_ws/install/ntrip_client_node/lib/libntrip_client_components.so
-- Set runtime path of "/home/raivo/Hermes/hermes_ws/install/ntrip_client_node/lib/libntrip_client_components.so" to ""
-- Installing: /home/raivo/Hermes/hermes_ws/install/ntrip_client_node/share/ament_index/resource_index/package_run_dependencies/ntrip_client_node
-- Installing: /home/raivo/Hermes/hermes_ws/install/ntrip_client_node/share/ament_index/resource_index/parent_prefix_path/ntrip_client_node
-- Installing: /home/raivo/Hermes/hermes_ws/install/ntrip_client_node/share/ntrip_client_node/environment/ament_prefix_path.sh
-- Installing: /home/raivo/Hermes/hermes_ws/install/ntrip_client_node/share/ntrip_client_node/environment/ament_prefix_path.dsv
-- Installing: /home/raivo/Hermes/hermes_ws/install/ntrip_client_node/share/ntrip_client_node/environment/path.sh
-- Installing: /home/raivo/Hermes/hermes_ws/install/ntrip_client_node/share/ntrip_client_node/environment/path.dsv
-- Installing: /home/raivo/Hermes/hermes_ws/install/ntrip_client_node/share/ntrip_client_node/local_setup.bash
-- Installing: /home/raivo/Hermes/hermes_ws/install/ntrip_client_node/share/ntrip_client_node/local_setup.sh
-- Installing: /home/raivo/Hermes/hermes_ws/install/ntrip_client_node/share/ntrip_client_node/local_setup.zsh
-- Installing: /home/raivo/Hermes/hermes_ws/install/ntrip_client_node/share/ntrip_client_node/local_setup.dsv
-- Installing: /home/raivo/Hermes/hermes_ws/install/ntrip_client_node/share/ntrip_client_node/package.dsv
-- Installing: /home/raivo/Hermes/hermes_ws/install/ntrip_client_node/share/ament_index/resource_index/packages/ntrip_client_node
-- Installing: /home/raivo/Hermes/hermes_ws/install/ntrip_client_node/share/ament_index/resource_index/rclcpp_components/ntrip_client_node
-- Installing: /home/raivo/Hermes/hermes_ws/install/ntrip_client_node/share/ntrip_client_node/cmake/ntrip_client_nodeConfig.cmake
-- Installing: /home/raivo/Hermes/hermes_ws/install/ntrip_client_node/share/ntrip_client_node/cmake/ntrip_client_nodeConfig-version.cmake
-- Installing: /home/raivo/Hermes/hermes_ws/install/ntrip_client_node/share/ntrip_client_node/package.xml
