[1.711s] Invoking command in '/home/aleksmalm/Hermes/hermes_ws/src/hermes_nav': PYTHONPATH=/home/aleksmalm/Hermes/hermes_ws/build/hermes_nav/prefix_override:/home/aleksmalm/Hermes/hermes_ws/install/hermes_nav/lib/python3.10/site-packages:${PYTHONPATH} /usr/bin/python3 -W ignore:setup.py install is deprecated setup.py egg_info --egg-base ../../build/hermes_nav build --build-base /home/aleksmalm/Hermes/hermes_ws/build/hermes_nav/build install --record /home/aleksmalm/Hermes/hermes_ws/build/hermes_nav/install.log --single-version-externally-managed install_data
[1.974s] running egg_info
[1.974s] writing ../../build/hermes_nav/hermes_nav.egg-info/PKG-INFO
[1.974s] writing dependency_links to ../../build/hermes_nav/hermes_nav.egg-info/dependency_links.txt
[1.974s] writing entry points to ../../build/hermes_nav/hermes_nav.egg-info/entry_points.txt
[1.974s] writing requirements to ../../build/hermes_nav/hermes_nav.egg-info/requires.txt
[1.974s] writing top-level names to ../../build/hermes_nav/hermes_nav.egg-info/top_level.txt
[1.976s] reading manifest file '../../build/hermes_nav/hermes_nav.egg-info/SOURCES.txt'
[1.976s] writing manifest file '../../build/hermes_nav/hermes_nav.egg-info/SOURCES.txt'
[1.976s] running build
[1.976s] running build_py
[1.977s] running install
[1.977s] running install_lib
[1.978s] running install_data
[1.978s] running install_egg_info
[1.980s] removing '/home/aleksmalm/Hermes/hermes_ws/install/hermes_nav/lib/python3.10/site-packages/hermes_nav-0.0.0-py3.10.egg-info' (and everything under it)
[1.981s] Copying ../../build/hermes_nav/hermes_nav.egg-info to /home/aleksmalm/Hermes/hermes_ws/install/hermes_nav/lib/python3.10/site-packages/hermes_nav-0.0.0-py3.10.egg-info
[1.981s] running install_scripts
[1.998s] Installing gps_waypoint_logger script to /home/aleksmalm/Hermes/hermes_ws/install/hermes_nav/lib/hermes_nav
[1.998s] Installing interactive_waypoint_follower script to /home/aleksmalm/Hermes/hermes_ws/install/hermes_nav/lib/hermes_nav
[1.998s] Installing logged_waypoint_follower script to /home/aleksmalm/Hermes/hermes_ws/install/hermes_nav/lib/hermes_nav
[1.999s] writing list of installed files to '/home/aleksmalm/Hermes/hermes_ws/build/hermes_nav/install.log'
[2.026s] Invoked command in '/home/aleksmalm/Hermes/hermes_ws/src/hermes_nav' returned '0': PYTHONPATH=/home/aleksmalm/Hermes/hermes_ws/build/hermes_nav/prefix_override:/home/aleksmalm/Hermes/hermes_ws/install/hermes_nav/lib/python3.10/site-packages:${PYTHONPATH} /usr/bin/python3 -W ignore:setup.py install is deprecated setup.py egg_info --egg-base ../../build/hermes_nav build --build-base /home/aleksmalm/Hermes/hermes_ws/build/hermes_nav/build install --record /home/aleksmalm/Hermes/hermes_ws/build/hermes_nav/install.log --single-version-externally-managed install_data
