running egg_info
creating ../../build/odometry_publisher/odometry_publisher.egg-info
writing ../../build/odometry_publisher/odometry_publisher.egg-info/PKG-INFO
writing dependency_links to ../../build/odometry_publisher/odometry_publisher.egg-info/dependency_links.txt
writing entry points to ../../build/odometry_publisher/odometry_publisher.egg-info/entry_points.txt
writing requirements to ../../build/odometry_publisher/odometry_publisher.egg-info/requires.txt
writing top-level names to ../../build/odometry_publisher/odometry_publisher.egg-info/top_level.txt
writing manifest file '../../build/odometry_publisher/odometry_publisher.egg-info/SOURCES.txt'
reading manifest file '../../build/odometry_publisher/odometry_publisher.egg-info/SOURCES.txt'
writing manifest file '../../build/odometry_publisher/odometry_publisher.egg-info/SOURCES.txt'
running build
running build_py
creating /home/hermes/Hermes/hermes_ws/build/odometry_publisher/build
creating /home/hermes/Hermes/hermes_ws/build/odometry_publisher/build/lib
creating /home/hermes/Hermes/hermes_ws/build/odometry_publisher/build/lib/odometry_publisher
copying odometry_publisher/odometry_publisher_node.py -> /home/hermes/Hermes/hermes_ws/build/odometry_publisher/build/lib/odometry_publisher
copying odometry_publisher/__init__.py -> /home/hermes/Hermes/hermes_ws/build/odometry_publisher/build/lib/odometry_publisher
running install
running install_lib
creating /home/hermes/Hermes/hermes_ws/install/odometry_publisher/lib/python3.10/site-packages/odometry_publisher
copying /home/hermes/Hermes/hermes_ws/build/odometry_publisher/build/lib/odometry_publisher/odometry_publisher_node.py -> /home/hermes/Hermes/hermes_ws/install/odometry_publisher/lib/python3.10/site-packages/odometry_publisher
copying /home/hermes/Hermes/hermes_ws/build/odometry_publisher/build/lib/odometry_publisher/__init__.py -> /home/hermes/Hermes/hermes_ws/install/odometry_publisher/lib/python3.10/site-packages/odometry_publisher
byte-compiling /home/hermes/Hermes/hermes_ws/install/odometry_publisher/lib/python3.10/site-packages/odometry_publisher/odometry_publisher_node.py to odometry_publisher_node.cpython-310.pyc
byte-compiling /home/hermes/Hermes/hermes_ws/install/odometry_publisher/lib/python3.10/site-packages/odometry_publisher/__init__.py to __init__.cpython-310.pyc
running install_data
creating /home/hermes/Hermes/hermes_ws/install/odometry_publisher/share
creating /home/hermes/Hermes/hermes_ws/install/odometry_publisher/share/ament_index
creating /home/hermes/Hermes/hermes_ws/install/odometry_publisher/share/ament_index/resource_index
creating /home/hermes/Hermes/hermes_ws/install/odometry_publisher/share/ament_index/resource_index/packages
copying resource/odometry_publisher -> /home/hermes/Hermes/hermes_ws/install/odometry_publisher/share/ament_index/resource_index/packages
creating /home/hermes/Hermes/hermes_ws/install/odometry_publisher/share/odometry_publisher
copying package.xml -> /home/hermes/Hermes/hermes_ws/install/odometry_publisher/share/odometry_publisher
creating /home/hermes/Hermes/hermes_ws/install/odometry_publisher/share/odometry_publisher/launch
error: can't copy 'launch/odometry_publisher_launch.py': doesn't exist or not a regular file
