[1.484s] Invoking command in '/home/hermes/Hermes/hermes_ws/src/odometry_publisher': PYTHONPATH=/home/hermes/Hermes/hermes_ws/build/odometry_publisher/prefix_override:/home/hermes/Hermes/hermes_ws/install/odometry_publisher/lib/python3.10/site-packages:${PYTHONPATH} /usr/bin/python3 -W ignore:setup.py install is deprecated setup.py egg_info --egg-base ../../build/odometry_publisher build --build-base /home/hermes/Hermes/hermes_ws/build/odometry_publisher/build install --record /home/hermes/Hermes/hermes_ws/build/odometry_publisher/install.log --single-version-externally-managed install_data
[2.092s] running egg_info
[2.093s] creating ../../build/odometry_publisher/odometry_publisher.egg-info
[2.093s] writing ../../build/odometry_publisher/odometry_publisher.egg-info/PKG-INFO
[2.094s] writing dependency_links to ../../build/odometry_publisher/odometry_publisher.egg-info/dependency_links.txt
[2.094s] writing entry points to ../../build/odometry_publisher/odometry_publisher.egg-info/entry_points.txt
[2.094s] writing requirements to ../../build/odometry_publisher/odometry_publisher.egg-info/requires.txt
[2.094s] writing top-level names to ../../build/odometry_publisher/odometry_publisher.egg-info/top_level.txt
[2.095s] writing manifest file '../../build/odometry_publisher/odometry_publisher.egg-info/SOURCES.txt'
[2.098s] reading manifest file '../../build/odometry_publisher/odometry_publisher.egg-info/SOURCES.txt'
[2.100s] writing manifest file '../../build/odometry_publisher/odometry_publisher.egg-info/SOURCES.txt'
[2.100s] running build
[2.100s] running build_py
[2.100s] creating /home/hermes/Hermes/hermes_ws/build/odometry_publisher/build
[2.100s] creating /home/hermes/Hermes/hermes_ws/build/odometry_publisher/build/lib
[2.101s] creating /home/hermes/Hermes/hermes_ws/build/odometry_publisher/build/lib/odometry_publisher
[2.101s] copying odometry_publisher/odometry_publisher_node.py -> /home/hermes/Hermes/hermes_ws/build/odometry_publisher/build/lib/odometry_publisher
[2.101s] copying odometry_publisher/__init__.py -> /home/hermes/Hermes/hermes_ws/build/odometry_publisher/build/lib/odometry_publisher
[2.101s] running install
[2.102s] running install_lib
[2.103s] creating /home/hermes/Hermes/hermes_ws/install/odometry_publisher/lib/python3.10/site-packages/odometry_publisher
[2.103s] copying /home/hermes/Hermes/hermes_ws/build/odometry_publisher/build/lib/odometry_publisher/odometry_publisher_node.py -> /home/hermes/Hermes/hermes_ws/install/odometry_publisher/lib/python3.10/site-packages/odometry_publisher
[2.104s] copying /home/hermes/Hermes/hermes_ws/build/odometry_publisher/build/lib/odometry_publisher/__init__.py -> /home/hermes/Hermes/hermes_ws/install/odometry_publisher/lib/python3.10/site-packages/odometry_publisher
[2.105s] byte-compiling /home/hermes/Hermes/hermes_ws/install/odometry_publisher/lib/python3.10/site-packages/odometry_publisher/odometry_publisher_node.py to odometry_publisher_node.cpython-310.pyc
[2.107s] byte-compiling /home/hermes/Hermes/hermes_ws/install/odometry_publisher/lib/python3.10/site-packages/odometry_publisher/__init__.py to __init__.cpython-310.pyc
[2.107s] running install_data
[2.107s] creating /home/hermes/Hermes/hermes_ws/install/odometry_publisher/share
[2.108s] creating /home/hermes/Hermes/hermes_ws/install/odometry_publisher/share/ament_index
[2.108s] creating /home/hermes/Hermes/hermes_ws/install/odometry_publisher/share/ament_index/resource_index
[2.108s] creating /home/hermes/Hermes/hermes_ws/install/odometry_publisher/share/ament_index/resource_index/packages
[2.108s] copying resource/odometry_publisher -> /home/hermes/Hermes/hermes_ws/install/odometry_publisher/share/ament_index/resource_index/packages
[2.108s] creating /home/hermes/Hermes/hermes_ws/install/odometry_publisher/share/odometry_publisher
[2.108s] copying package.xml -> /home/hermes/Hermes/hermes_ws/install/odometry_publisher/share/odometry_publisher
[2.109s] creating /home/hermes/Hermes/hermes_ws/install/odometry_publisher/share/odometry_publisher/launch
[2.109s] error: can't copy 'launch/odometry_publisher_launch.py': doesn't exist or not a regular file
[2.163s] Invoked command in '/home/hermes/Hermes/hermes_ws/src/odometry_publisher' returned '1': PYTHONPATH=/home/hermes/Hermes/hermes_ws/build/odometry_publisher/prefix_override:/home/hermes/Hermes/hermes_ws/install/odometry_publisher/lib/python3.10/site-packages:${PYTHONPATH} /usr/bin/python3 -W ignore:setup.py install is deprecated setup.py egg_info --egg-base ../../build/odometry_publisher build --build-base /home/hermes/Hermes/hermes_ws/build/odometry_publisher/build install --record /home/hermes/Hermes/hermes_ws/build/odometry_publisher/install.log --single-version-externally-managed install_data
