[1.747s] Invoking command in '/home/raivo/Hermes/hermes_ws/src/hermes_nav': PYTHONPATH=/home/raivo/Hermes/hermes_ws/build/hermes_nav/prefix_override:/home/raivo/Hermes/hermes_ws/install/hermes_nav/lib/python3.10/site-packages:${PYTHONPATH} /usr/bin/python3 -W ignore:setup.py install is deprecated setup.py egg_info --egg-base ../../build/hermes_nav build --build-base /home/raivo/Hermes/hermes_ws/build/hermes_nav/build install --record /home/raivo/Hermes/hermes_ws/build/hermes_nav/install.log --single-version-externally-managed install_data
[2.059s] running egg_info
[2.059s] writing ../../build/hermes_nav/hermes_nav.egg-info/PKG-INFO
[2.059s] writing dependency_links to ../../build/hermes_nav/hermes_nav.egg-info/dependency_links.txt
[2.059s] writing entry points to ../../build/hermes_nav/hermes_nav.egg-info/entry_points.txt
[2.059s] writing requirements to ../../build/hermes_nav/hermes_nav.egg-info/requires.txt
[2.059s] writing top-level names to ../../build/hermes_nav/hermes_nav.egg-info/top_level.txt
[2.059s] reading manifest file '../../build/hermes_nav/hermes_nav.egg-info/SOURCES.txt'
[2.059s] writing manifest file '../../build/hermes_nav/hermes_nav.egg-info/SOURCES.txt'
[2.059s] running build
[2.059s] running build_py
[2.059s] running install
[2.059s] running install_lib
[2.059s] running install_data
[2.059s] running install_egg_info
[2.059s] removing '/home/raivo/Hermes/hermes_ws/install/hermes_nav/lib/python3.10/site-packages/hermes_nav-0.0.0-py3.10.egg-info' (and everything under it)
[2.059s] Copying ../../build/hermes_nav/hermes_nav.egg-info to /home/raivo/Hermes/hermes_ws/install/hermes_nav/lib/python3.10/site-packages/hermes_nav-0.0.0-py3.10.egg-info
[2.059s] running install_scripts
[2.068s] Installing display script to /home/raivo/Hermes/hermes_ws/install/hermes_nav/lib/hermes_nav
[2.068s] Installing gps_converter_node script to /home/raivo/Hermes/hermes_ws/install/hermes_nav/lib/hermes_nav
[2.068s] Installing gps_waypoint_follower script to /home/raivo/Hermes/hermes_ws/install/hermes_nav/lib/hermes_nav
[2.068s] Installing gps_waypoint_logger script to /home/raivo/Hermes/hermes_ws/install/hermes_nav/lib/hermes_nav
[2.068s] Installing interactive_waypoint_follower script to /home/raivo/Hermes/hermes_ws/install/hermes_nav/lib/hermes_nav
[2.068s] Installing logged_waypoint_follower script to /home/raivo/Hermes/hermes_ws/install/hermes_nav/lib/hermes_nav
[2.068s] writing list of installed files to '/home/raivo/Hermes/hermes_ws/build/hermes_nav/install.log'
[2.269s] Invoked command in '/home/raivo/Hermes/hermes_ws/src/hermes_nav' returned '0': PYTHONPATH=/home/raivo/Hermes/hermes_ws/build/hermes_nav/prefix_override:/home/raivo/Hermes/hermes_ws/install/hermes_nav/lib/python3.10/site-packages:${PYTHONPATH} /usr/bin/python3 -W ignore:setup.py install is deprecated setup.py egg_info --egg-base ../../build/hermes_nav build --build-base /home/raivo/Hermes/hermes_ws/build/hermes_nav/build install --record /home/raivo/Hermes/hermes_ws/build/hermes_nav/install.log --single-version-externally-managed install_data
