[1.786s] Invoking command in '/home/hermes/Hermes/hermes_ws/src/cameras': PYTHONPATH=/home/hermes/Hermes/hermes_ws/build/cameras/prefix_override:/home/hermes/Hermes/hermes_ws/install/cameras/lib/python3.10/site-packages:${PYTHONPATH} /usr/bin/python3 -W ignore:setup.py install is deprecated setup.py egg_info --egg-base ../../build/cameras build --build-base /home/hermes/Hermes/hermes_ws/build/cameras/build install --record /home/hermes/Hermes/hermes_ws/build/cameras/install.log --single-version-externally-managed install_data
[2.417s] running egg_info
[2.420s] writing ../../build/cameras/cameras.egg-info/PKG-INFO
[2.420s] writing dependency_links to ../../build/cameras/cameras.egg-info/dependency_links.txt
[2.420s] writing entry points to ../../build/cameras/cameras.egg-info/entry_points.txt
[2.420s] writing requirements to ../../build/cameras/cameras.egg-info/requires.txt
[2.420s] writing top-level names to ../../build/cameras/cameras.egg-info/top_level.txt
[2.424s] reading manifest file '../../build/cameras/cameras.egg-info/SOURCES.txt'
[2.426s] adding license file 'LICENSE'
[2.426s] writing manifest file '../../build/cameras/cameras.egg-info/SOURCES.txt'
[2.426s] running build
[2.426s] running build_py
[2.427s] running install
[2.428s] running install_lib
[2.434s] running install_data
[2.435s] running install_egg_info
[2.439s] removing '/home/hermes/Hermes/hermes_ws/install/cameras/lib/python3.10/site-packages/cameras-0.0.0-py3.10.egg-info' (and everything under it)
[2.440s] Copying ../../build/cameras/cameras.egg-info to /home/hermes/Hermes/hermes_ws/install/cameras/lib/python3.10/site-packages/cameras-0.0.0-py3.10.egg-info
[2.442s] running install_scripts
[2.492s] Installing cameras_node script to /home/hermes/Hermes/hermes_ws/install/cameras/lib/cameras
[2.493s] writing list of installed files to '/home/hermes/Hermes/hermes_ws/build/cameras/install.log'
